[2024-07-19T00:38:11.295+0000] {processor.py:161} INFO - Started process (PID=6059) to work on /home/airflow/.local/lib/python3.12/site-packages/airflow/example_dags/example_short_circuit_operator.py
[2024-07-19T00:38:11.331+0000] {processor.py:830} INFO - Processing file /home/airflow/.local/lib/python3.12/site-packages/airflow/example_dags/example_short_circuit_operator.py for tasks to queue
[2024-07-19T00:38:11.333+0000] {logging_mixin.py:188} INFO - [2024-07-19T00:38:11.333+0000] {dagbag.py:545} INFO - Filling up the DagBag from /home/airflow/.local/lib/python3.12/site-packages/airflow/example_dags/example_short_circuit_operator.py
[2024-07-19T00:38:11.353+0000] {processor.py:840} INFO - DAG(s) 'example_short_circuit_operator' retrieved from /home/airflow/.local/lib/python3.12/site-packages/airflow/example_dags/example_short_circuit_operator.py
[2024-07-19T00:38:11.413+0000] {logging_mixin.py:188} INFO - [2024-07-19T00:38:11.413+0000] {dag.py:3089} INFO - Sync 1 DAGs
[2024-07-19T00:38:11.441+0000] {logging_mixin.py:188} INFO - [2024-07-19T00:38:11.440+0000] {dag.py:3947} INFO - Setting next_dagrun for example_short_circuit_operator to 2024-07-18 00:00:00+00:00, run_after=2024-07-19 00:00:00+00:00
[2024-07-19T00:38:11.472+0000] {processor.py:183} INFO - Processing /home/airflow/.local/lib/python3.12/site-packages/airflow/example_dags/example_short_circuit_operator.py took 0.186 seconds
[2024-07-19T02:38:43.903+0000] {processor.py:161} INFO - Started process (PID=6128) to work on /home/airflow/.local/lib/python3.12/site-packages/airflow/example_dags/example_short_circuit_operator.py
[2024-07-19T02:38:43.905+0000] {processor.py:830} INFO - Processing file /home/airflow/.local/lib/python3.12/site-packages/airflow/example_dags/example_short_circuit_operator.py for tasks to queue
[2024-07-19T02:38:43.908+0000] {logging_mixin.py:188} INFO - [2024-07-19T02:38:43.907+0000] {dagbag.py:545} INFO - Filling up the DagBag from /home/airflow/.local/lib/python3.12/site-packages/airflow/example_dags/example_short_circuit_operator.py
[2024-07-19T02:38:43.924+0000] {processor.py:840} INFO - DAG(s) 'example_short_circuit_operator' retrieved from /home/airflow/.local/lib/python3.12/site-packages/airflow/example_dags/example_short_circuit_operator.py
[2024-07-19T02:38:43.999+0000] {logging_mixin.py:188} INFO - [2024-07-19T02:38:43.998+0000] {dag.py:3089} INFO - Sync 1 DAGs
[2024-07-19T02:38:44.044+0000] {logging_mixin.py:188} INFO - [2024-07-19T02:38:44.043+0000] {dag.py:3947} INFO - Setting next_dagrun for example_short_circuit_operator to 2024-07-18 00:00:00+00:00, run_after=2024-07-19 00:00:00+00:00
[2024-07-19T02:38:44.077+0000] {processor.py:183} INFO - Processing /home/airflow/.local/lib/python3.12/site-packages/airflow/example_dags/example_short_circuit_operator.py took 0.184 seconds
[2024-07-19T05:26:55.660+0000] {processor.py:161} INFO - Started process (PID=6188) to work on /home/airflow/.local/lib/python3.12/site-packages/airflow/example_dags/example_short_circuit_operator.py
[2024-07-19T05:26:55.662+0000] {processor.py:830} INFO - Processing file /home/airflow/.local/lib/python3.12/site-packages/airflow/example_dags/example_short_circuit_operator.py for tasks to queue
[2024-07-19T05:26:55.663+0000] {logging_mixin.py:188} INFO - [2024-07-19T05:26:55.663+0000] {dagbag.py:545} INFO - Filling up the DagBag from /home/airflow/.local/lib/python3.12/site-packages/airflow/example_dags/example_short_circuit_operator.py
[2024-07-19T05:26:55.671+0000] {processor.py:840} INFO - DAG(s) 'example_short_circuit_operator' retrieved from /home/airflow/.local/lib/python3.12/site-packages/airflow/example_dags/example_short_circuit_operator.py
[2024-07-19T05:26:55.702+0000] {logging_mixin.py:188} INFO - [2024-07-19T05:26:55.701+0000] {dag.py:3089} INFO - Sync 1 DAGs
[2024-07-19T05:26:55.726+0000] {logging_mixin.py:188} INFO - [2024-07-19T05:26:55.726+0000] {dag.py:3947} INFO - Setting next_dagrun for example_short_circuit_operator to 2024-07-18 00:00:00+00:00, run_after=2024-07-19 00:00:00+00:00
[2024-07-19T05:26:55.750+0000] {processor.py:183} INFO - Processing /home/airflow/.local/lib/python3.12/site-packages/airflow/example_dags/example_short_circuit_operator.py took 0.097 seconds
[2024-07-19T06:12:00.120+0000] {processor.py:161} INFO - Started process (PID=6242) to work on /home/airflow/.local/lib/python3.12/site-packages/airflow/example_dags/example_short_circuit_operator.py
[2024-07-19T06:12:00.122+0000] {processor.py:830} INFO - Processing file /home/airflow/.local/lib/python3.12/site-packages/airflow/example_dags/example_short_circuit_operator.py for tasks to queue
[2024-07-19T06:12:00.123+0000] {logging_mixin.py:188} INFO - [2024-07-19T06:12:00.123+0000] {dagbag.py:545} INFO - Filling up the DagBag from /home/airflow/.local/lib/python3.12/site-packages/airflow/example_dags/example_short_circuit_operator.py
[2024-07-19T06:12:00.136+0000] {processor.py:840} INFO - DAG(s) 'example_short_circuit_operator' retrieved from /home/airflow/.local/lib/python3.12/site-packages/airflow/example_dags/example_short_circuit_operator.py
[2024-07-19T06:12:00.171+0000] {logging_mixin.py:188} INFO - [2024-07-19T06:12:00.171+0000] {dag.py:3089} INFO - Sync 1 DAGs
[2024-07-19T06:12:00.230+0000] {logging_mixin.py:188} INFO - [2024-07-19T06:12:00.229+0000] {dag.py:3947} INFO - Setting next_dagrun for example_short_circuit_operator to 2024-07-18 00:00:00+00:00, run_after=2024-07-19 00:00:00+00:00
[2024-07-19T06:12:00.248+0000] {processor.py:183} INFO - Processing /home/airflow/.local/lib/python3.12/site-packages/airflow/example_dags/example_short_circuit_operator.py took 0.142 seconds
[2024-07-19T06:12:31.353+0000] {processor.py:161} INFO - Started process (PID=6302) to work on /home/airflow/.local/lib/python3.12/site-packages/airflow/example_dags/example_short_circuit_operator.py
[2024-07-19T06:12:31.355+0000] {processor.py:830} INFO - Processing file /home/airflow/.local/lib/python3.12/site-packages/airflow/example_dags/example_short_circuit_operator.py for tasks to queue
[2024-07-19T06:12:31.357+0000] {logging_mixin.py:188} INFO - [2024-07-19T06:12:31.356+0000] {dagbag.py:545} INFO - Filling up the DagBag from /home/airflow/.local/lib/python3.12/site-packages/airflow/example_dags/example_short_circuit_operator.py
[2024-07-19T06:12:31.365+0000] {processor.py:840} INFO - DAG(s) 'example_short_circuit_operator' retrieved from /home/airflow/.local/lib/python3.12/site-packages/airflow/example_dags/example_short_circuit_operator.py
[2024-07-19T06:12:31.398+0000] {logging_mixin.py:188} INFO - [2024-07-19T06:12:31.397+0000] {dag.py:3089} INFO - Sync 1 DAGs
[2024-07-19T06:12:31.424+0000] {logging_mixin.py:188} INFO - [2024-07-19T06:12:31.424+0000] {dag.py:3947} INFO - Setting next_dagrun for example_short_circuit_operator to 2024-07-18 00:00:00+00:00, run_after=2024-07-19 00:00:00+00:00
[2024-07-19T06:12:31.447+0000] {processor.py:183} INFO - Processing /home/airflow/.local/lib/python3.12/site-packages/airflow/example_dags/example_short_circuit_operator.py took 0.102 seconds
[2024-07-19T06:13:02.344+0000] {processor.py:161} INFO - Started process (PID=6362) to work on /home/airflow/.local/lib/python3.12/site-packages/airflow/example_dags/example_short_circuit_operator.py
[2024-07-19T06:13:02.346+0000] {processor.py:830} INFO - Processing file /home/airflow/.local/lib/python3.12/site-packages/airflow/example_dags/example_short_circuit_operator.py for tasks to queue
[2024-07-19T06:13:02.347+0000] {logging_mixin.py:188} INFO - [2024-07-19T06:13:02.347+0000] {dagbag.py:545} INFO - Filling up the DagBag from /home/airflow/.local/lib/python3.12/site-packages/airflow/example_dags/example_short_circuit_operator.py
[2024-07-19T06:13:02.355+0000] {processor.py:840} INFO - DAG(s) 'example_short_circuit_operator' retrieved from /home/airflow/.local/lib/python3.12/site-packages/airflow/example_dags/example_short_circuit_operator.py
[2024-07-19T06:13:02.386+0000] {logging_mixin.py:188} INFO - [2024-07-19T06:13:02.386+0000] {dag.py:3089} INFO - Sync 1 DAGs
[2024-07-19T06:13:02.413+0000] {logging_mixin.py:188} INFO - [2024-07-19T06:13:02.413+0000] {dag.py:3947} INFO - Setting next_dagrun for example_short_circuit_operator to 2024-07-18 00:00:00+00:00, run_after=2024-07-19 00:00:00+00:00
[2024-07-19T06:13:02.443+0000] {processor.py:183} INFO - Processing /home/airflow/.local/lib/python3.12/site-packages/airflow/example_dags/example_short_circuit_operator.py took 0.107 seconds
[2024-07-19T06:13:32.663+0000] {processor.py:161} INFO - Started process (PID=6422) to work on /home/airflow/.local/lib/python3.12/site-packages/airflow/example_dags/example_short_circuit_operator.py
[2024-07-19T06:13:32.664+0000] {processor.py:830} INFO - Processing file /home/airflow/.local/lib/python3.12/site-packages/airflow/example_dags/example_short_circuit_operator.py for tasks to queue
[2024-07-19T06:13:32.666+0000] {logging_mixin.py:188} INFO - [2024-07-19T06:13:32.665+0000] {dagbag.py:545} INFO - Filling up the DagBag from /home/airflow/.local/lib/python3.12/site-packages/airflow/example_dags/example_short_circuit_operator.py
[2024-07-19T06:13:32.674+0000] {processor.py:840} INFO - DAG(s) 'example_short_circuit_operator' retrieved from /home/airflow/.local/lib/python3.12/site-packages/airflow/example_dags/example_short_circuit_operator.py
[2024-07-19T06:13:32.707+0000] {logging_mixin.py:188} INFO - [2024-07-19T06:13:32.706+0000] {dag.py:3089} INFO - Sync 1 DAGs
[2024-07-19T06:13:32.732+0000] {logging_mixin.py:188} INFO - [2024-07-19T06:13:32.731+0000] {dag.py:3947} INFO - Setting next_dagrun for example_short_circuit_operator to 2024-07-18 00:00:00+00:00, run_after=2024-07-19 00:00:00+00:00
[2024-07-19T06:13:32.756+0000] {processor.py:183} INFO - Processing /home/airflow/.local/lib/python3.12/site-packages/airflow/example_dags/example_short_circuit_operator.py took 0.100 seconds
[2024-07-19T06:14:03.264+0000] {processor.py:161} INFO - Started process (PID=6482) to work on /home/airflow/.local/lib/python3.12/site-packages/airflow/example_dags/example_short_circuit_operator.py
[2024-07-19T06:14:03.265+0000] {processor.py:830} INFO - Processing file /home/airflow/.local/lib/python3.12/site-packages/airflow/example_dags/example_short_circuit_operator.py for tasks to queue
[2024-07-19T06:14:03.267+0000] {logging_mixin.py:188} INFO - [2024-07-19T06:14:03.266+0000] {dagbag.py:545} INFO - Filling up the DagBag from /home/airflow/.local/lib/python3.12/site-packages/airflow/example_dags/example_short_circuit_operator.py
[2024-07-19T06:14:03.275+0000] {processor.py:840} INFO - DAG(s) 'example_short_circuit_operator' retrieved from /home/airflow/.local/lib/python3.12/site-packages/airflow/example_dags/example_short_circuit_operator.py
[2024-07-19T06:14:03.312+0000] {logging_mixin.py:188} INFO - [2024-07-19T06:14:03.311+0000] {dag.py:3089} INFO - Sync 1 DAGs
[2024-07-19T06:14:03.339+0000] {logging_mixin.py:188} INFO - [2024-07-19T06:14:03.339+0000] {dag.py:3947} INFO - Setting next_dagrun for example_short_circuit_operator to 2024-07-18 00:00:00+00:00, run_after=2024-07-19 00:00:00+00:00
[2024-07-19T06:14:03.369+0000] {processor.py:183} INFO - Processing /home/airflow/.local/lib/python3.12/site-packages/airflow/example_dags/example_short_circuit_operator.py took 0.113 seconds
[2024-07-19T06:14:34.285+0000] {processor.py:161} INFO - Started process (PID=6548) to work on /home/airflow/.local/lib/python3.12/site-packages/airflow/example_dags/example_short_circuit_operator.py
[2024-07-19T06:14:34.287+0000] {processor.py:830} INFO - Processing file /home/airflow/.local/lib/python3.12/site-packages/airflow/example_dags/example_short_circuit_operator.py for tasks to queue
[2024-07-19T06:14:34.289+0000] {logging_mixin.py:188} INFO - [2024-07-19T06:14:34.289+0000] {dagbag.py:545} INFO - Filling up the DagBag from /home/airflow/.local/lib/python3.12/site-packages/airflow/example_dags/example_short_circuit_operator.py
[2024-07-19T06:14:34.298+0000] {processor.py:840} INFO - DAG(s) 'example_short_circuit_operator' retrieved from /home/airflow/.local/lib/python3.12/site-packages/airflow/example_dags/example_short_circuit_operator.py
[2024-07-19T06:14:34.329+0000] {logging_mixin.py:188} INFO - [2024-07-19T06:14:34.329+0000] {dag.py:3089} INFO - Sync 1 DAGs
[2024-07-19T06:14:34.354+0000] {logging_mixin.py:188} INFO - [2024-07-19T06:14:34.354+0000] {dag.py:3947} INFO - Setting next_dagrun for example_short_circuit_operator to 2024-07-18 00:00:00+00:00, run_after=2024-07-19 00:00:00+00:00
[2024-07-19T06:14:34.377+0000] {processor.py:183} INFO - Processing /home/airflow/.local/lib/python3.12/site-packages/airflow/example_dags/example_short_circuit_operator.py took 0.102 seconds
[2024-07-19T06:15:05.019+0000] {processor.py:161} INFO - Started process (PID=6608) to work on /home/airflow/.local/lib/python3.12/site-packages/airflow/example_dags/example_short_circuit_operator.py
[2024-07-19T06:15:05.021+0000] {processor.py:830} INFO - Processing file /home/airflow/.local/lib/python3.12/site-packages/airflow/example_dags/example_short_circuit_operator.py for tasks to queue
[2024-07-19T06:15:05.024+0000] {logging_mixin.py:188} INFO - [2024-07-19T06:15:05.023+0000] {dagbag.py:545} INFO - Filling up the DagBag from /home/airflow/.local/lib/python3.12/site-packages/airflow/example_dags/example_short_circuit_operator.py
[2024-07-19T06:15:05.038+0000] {processor.py:840} INFO - DAG(s) 'example_short_circuit_operator' retrieved from /home/airflow/.local/lib/python3.12/site-packages/airflow/example_dags/example_short_circuit_operator.py
[2024-07-19T06:15:05.097+0000] {logging_mixin.py:188} INFO - [2024-07-19T06:15:05.097+0000] {dag.py:3089} INFO - Sync 1 DAGs
[2024-07-19T06:15:05.138+0000] {logging_mixin.py:188} INFO - [2024-07-19T06:15:05.138+0000] {dag.py:3947} INFO - Setting next_dagrun for example_short_circuit_operator to 2024-07-18 00:00:00+00:00, run_after=2024-07-19 00:00:00+00:00
[2024-07-19T06:15:05.166+0000] {processor.py:183} INFO - Processing /home/airflow/.local/lib/python3.12/site-packages/airflow/example_dags/example_short_circuit_operator.py took 0.157 seconds
[2024-07-19T06:15:35.650+0000] {processor.py:161} INFO - Started process (PID=6668) to work on /home/airflow/.local/lib/python3.12/site-packages/airflow/example_dags/example_short_circuit_operator.py
[2024-07-19T06:15:35.651+0000] {processor.py:830} INFO - Processing file /home/airflow/.local/lib/python3.12/site-packages/airflow/example_dags/example_short_circuit_operator.py for tasks to queue
[2024-07-19T06:15:35.653+0000] {logging_mixin.py:188} INFO - [2024-07-19T06:15:35.652+0000] {dagbag.py:545} INFO - Filling up the DagBag from /home/airflow/.local/lib/python3.12/site-packages/airflow/example_dags/example_short_circuit_operator.py
[2024-07-19T06:15:35.663+0000] {processor.py:840} INFO - DAG(s) 'example_short_circuit_operator' retrieved from /home/airflow/.local/lib/python3.12/site-packages/airflow/example_dags/example_short_circuit_operator.py
[2024-07-19T06:15:35.699+0000] {logging_mixin.py:188} INFO - [2024-07-19T06:15:35.698+0000] {dag.py:3089} INFO - Sync 1 DAGs
[2024-07-19T06:15:35.727+0000] {logging_mixin.py:188} INFO - [2024-07-19T06:15:35.727+0000] {dag.py:3947} INFO - Setting next_dagrun for example_short_circuit_operator to 2024-07-18 00:00:00+00:00, run_after=2024-07-19 00:00:00+00:00
[2024-07-19T06:15:35.883+0000] {processor.py:183} INFO - Processing /home/airflow/.local/lib/python3.12/site-packages/airflow/example_dags/example_short_circuit_operator.py took 0.242 seconds
[2024-07-19T06:16:06.280+0000] {processor.py:161} INFO - Started process (PID=6728) to work on /home/airflow/.local/lib/python3.12/site-packages/airflow/example_dags/example_short_circuit_operator.py
[2024-07-19T06:16:06.370+0000] {processor.py:830} INFO - Processing file /home/airflow/.local/lib/python3.12/site-packages/airflow/example_dags/example_short_circuit_operator.py for tasks to queue
[2024-07-19T06:16:06.376+0000] {logging_mixin.py:188} INFO - [2024-07-19T06:16:06.374+0000] {dagbag.py:545} INFO - Filling up the DagBag from /home/airflow/.local/lib/python3.12/site-packages/airflow/example_dags/example_short_circuit_operator.py
[2024-07-19T06:16:06.394+0000] {processor.py:840} INFO - DAG(s) 'example_short_circuit_operator' retrieved from /home/airflow/.local/lib/python3.12/site-packages/airflow/example_dags/example_short_circuit_operator.py
[2024-07-19T06:16:06.474+0000] {logging_mixin.py:188} INFO - [2024-07-19T06:16:06.473+0000] {dag.py:3089} INFO - Sync 1 DAGs
[2024-07-19T06:16:06.616+0000] {logging_mixin.py:188} INFO - [2024-07-19T06:16:06.615+0000] {dag.py:3947} INFO - Setting next_dagrun for example_short_circuit_operator to 2024-07-18 00:00:00+00:00, run_after=2024-07-19 00:00:00+00:00
[2024-07-19T06:16:06.697+0000] {processor.py:183} INFO - Processing /home/airflow/.local/lib/python3.12/site-packages/airflow/example_dags/example_short_circuit_operator.py took 0.434 seconds
[2024-07-19T06:16:37.318+0000] {processor.py:161} INFO - Started process (PID=6788) to work on /home/airflow/.local/lib/python3.12/site-packages/airflow/example_dags/example_short_circuit_operator.py
[2024-07-19T06:16:37.319+0000] {processor.py:830} INFO - Processing file /home/airflow/.local/lib/python3.12/site-packages/airflow/example_dags/example_short_circuit_operator.py for tasks to queue
[2024-07-19T06:16:37.321+0000] {logging_mixin.py:188} INFO - [2024-07-19T06:16:37.320+0000] {dagbag.py:545} INFO - Filling up the DagBag from /home/airflow/.local/lib/python3.12/site-packages/airflow/example_dags/example_short_circuit_operator.py
[2024-07-19T06:16:37.330+0000] {processor.py:840} INFO - DAG(s) 'example_short_circuit_operator' retrieved from /home/airflow/.local/lib/python3.12/site-packages/airflow/example_dags/example_short_circuit_operator.py
[2024-07-19T06:16:37.363+0000] {logging_mixin.py:188} INFO - [2024-07-19T06:16:37.363+0000] {dag.py:3089} INFO - Sync 1 DAGs
[2024-07-19T06:16:37.389+0000] {logging_mixin.py:188} INFO - [2024-07-19T06:16:37.389+0000] {dag.py:3947} INFO - Setting next_dagrun for example_short_circuit_operator to 2024-07-18 00:00:00+00:00, run_after=2024-07-19 00:00:00+00:00
[2024-07-19T06:16:37.414+0000] {processor.py:183} INFO - Processing /home/airflow/.local/lib/python3.12/site-packages/airflow/example_dags/example_short_circuit_operator.py took 0.104 seconds
[2024-07-19T06:17:07.748+0000] {processor.py:161} INFO - Started process (PID=6848) to work on /home/airflow/.local/lib/python3.12/site-packages/airflow/example_dags/example_short_circuit_operator.py
[2024-07-19T06:17:07.750+0000] {processor.py:830} INFO - Processing file /home/airflow/.local/lib/python3.12/site-packages/airflow/example_dags/example_short_circuit_operator.py for tasks to queue
[2024-07-19T06:17:07.751+0000] {logging_mixin.py:188} INFO - [2024-07-19T06:17:07.751+0000] {dagbag.py:545} INFO - Filling up the DagBag from /home/airflow/.local/lib/python3.12/site-packages/airflow/example_dags/example_short_circuit_operator.py
[2024-07-19T06:17:07.759+0000] {processor.py:840} INFO - DAG(s) 'example_short_circuit_operator' retrieved from /home/airflow/.local/lib/python3.12/site-packages/airflow/example_dags/example_short_circuit_operator.py
[2024-07-19T06:17:07.789+0000] {logging_mixin.py:188} INFO - [2024-07-19T06:17:07.789+0000] {dag.py:3089} INFO - Sync 1 DAGs
[2024-07-19T06:17:07.814+0000] {logging_mixin.py:188} INFO - [2024-07-19T06:17:07.813+0000] {dag.py:3947} INFO - Setting next_dagrun for example_short_circuit_operator to 2024-07-18 00:00:00+00:00, run_after=2024-07-19 00:00:00+00:00
[2024-07-19T06:17:07.835+0000] {processor.py:183} INFO - Processing /home/airflow/.local/lib/python3.12/site-packages/airflow/example_dags/example_short_circuit_operator.py took 0.094 seconds
[2024-07-19T06:17:38.076+0000] {processor.py:161} INFO - Started process (PID=6908) to work on /home/airflow/.local/lib/python3.12/site-packages/airflow/example_dags/example_short_circuit_operator.py
[2024-07-19T06:17:38.078+0000] {processor.py:830} INFO - Processing file /home/airflow/.local/lib/python3.12/site-packages/airflow/example_dags/example_short_circuit_operator.py for tasks to queue
[2024-07-19T06:17:38.080+0000] {logging_mixin.py:188} INFO - [2024-07-19T06:17:38.079+0000] {dagbag.py:545} INFO - Filling up the DagBag from /home/airflow/.local/lib/python3.12/site-packages/airflow/example_dags/example_short_circuit_operator.py
[2024-07-19T06:17:38.089+0000] {processor.py:840} INFO - DAG(s) 'example_short_circuit_operator' retrieved from /home/airflow/.local/lib/python3.12/site-packages/airflow/example_dags/example_short_circuit_operator.py
[2024-07-19T06:17:38.125+0000] {logging_mixin.py:188} INFO - [2024-07-19T06:17:38.124+0000] {dag.py:3089} INFO - Sync 1 DAGs
[2024-07-19T06:17:38.151+0000] {logging_mixin.py:188} INFO - [2024-07-19T06:17:38.151+0000] {dag.py:3947} INFO - Setting next_dagrun for example_short_circuit_operator to 2024-07-18 00:00:00+00:00, run_after=2024-07-19 00:00:00+00:00
[2024-07-19T06:17:38.174+0000] {processor.py:183} INFO - Processing /home/airflow/.local/lib/python3.12/site-packages/airflow/example_dags/example_short_circuit_operator.py took 0.107 seconds
[2024-07-19T06:18:09.164+0000] {processor.py:161} INFO - Started process (PID=6968) to work on /home/airflow/.local/lib/python3.12/site-packages/airflow/example_dags/example_short_circuit_operator.py
[2024-07-19T06:18:09.166+0000] {processor.py:830} INFO - Processing file /home/airflow/.local/lib/python3.12/site-packages/airflow/example_dags/example_short_circuit_operator.py for tasks to queue
[2024-07-19T06:18:09.167+0000] {logging_mixin.py:188} INFO - [2024-07-19T06:18:09.167+0000] {dagbag.py:545} INFO - Filling up the DagBag from /home/airflow/.local/lib/python3.12/site-packages/airflow/example_dags/example_short_circuit_operator.py
[2024-07-19T06:18:09.176+0000] {processor.py:840} INFO - DAG(s) 'example_short_circuit_operator' retrieved from /home/airflow/.local/lib/python3.12/site-packages/airflow/example_dags/example_short_circuit_operator.py
[2024-07-19T06:18:09.215+0000] {logging_mixin.py:188} INFO - [2024-07-19T06:18:09.215+0000] {dag.py:3089} INFO - Sync 1 DAGs
[2024-07-19T06:18:09.296+0000] {logging_mixin.py:188} INFO - [2024-07-19T06:18:09.296+0000] {dag.py:3947} INFO - Setting next_dagrun for example_short_circuit_operator to 2024-07-18 00:00:00+00:00, run_after=2024-07-19 00:00:00+00:00
[2024-07-19T06:18:09.317+0000] {processor.py:183} INFO - Processing /home/airflow/.local/lib/python3.12/site-packages/airflow/example_dags/example_short_circuit_operator.py took 0.161 seconds
[2024-07-19T06:18:39.800+0000] {processor.py:161} INFO - Started process (PID=7028) to work on /home/airflow/.local/lib/python3.12/site-packages/airflow/example_dags/example_short_circuit_operator.py
[2024-07-19T06:18:39.801+0000] {processor.py:830} INFO - Processing file /home/airflow/.local/lib/python3.12/site-packages/airflow/example_dags/example_short_circuit_operator.py for tasks to queue
[2024-07-19T06:18:39.802+0000] {logging_mixin.py:188} INFO - [2024-07-19T06:18:39.802+0000] {dagbag.py:545} INFO - Filling up the DagBag from /home/airflow/.local/lib/python3.12/site-packages/airflow/example_dags/example_short_circuit_operator.py
[2024-07-19T06:18:39.811+0000] {processor.py:840} INFO - DAG(s) 'example_short_circuit_operator' retrieved from /home/airflow/.local/lib/python3.12/site-packages/airflow/example_dags/example_short_circuit_operator.py
[2024-07-19T06:18:39.842+0000] {logging_mixin.py:188} INFO - [2024-07-19T06:18:39.841+0000] {dag.py:3089} INFO - Sync 1 DAGs
[2024-07-19T06:18:39.865+0000] {logging_mixin.py:188} INFO - [2024-07-19T06:18:39.864+0000] {dag.py:3947} INFO - Setting next_dagrun for example_short_circuit_operator to 2024-07-18 00:00:00+00:00, run_after=2024-07-19 00:00:00+00:00
[2024-07-19T06:18:39.885+0000] {processor.py:183} INFO - Processing /home/airflow/.local/lib/python3.12/site-packages/airflow/example_dags/example_short_circuit_operator.py took 0.094 seconds
[2024-07-19T06:19:09.935+0000] {processor.py:161} INFO - Started process (PID=7086) to work on /home/airflow/.local/lib/python3.12/site-packages/airflow/example_dags/example_short_circuit_operator.py
[2024-07-19T06:19:09.937+0000] {processor.py:830} INFO - Processing file /home/airflow/.local/lib/python3.12/site-packages/airflow/example_dags/example_short_circuit_operator.py for tasks to queue
[2024-07-19T06:19:09.938+0000] {logging_mixin.py:188} INFO - [2024-07-19T06:19:09.938+0000] {dagbag.py:545} INFO - Filling up the DagBag from /home/airflow/.local/lib/python3.12/site-packages/airflow/example_dags/example_short_circuit_operator.py
[2024-07-19T06:19:09.947+0000] {processor.py:840} INFO - DAG(s) 'example_short_circuit_operator' retrieved from /home/airflow/.local/lib/python3.12/site-packages/airflow/example_dags/example_short_circuit_operator.py
[2024-07-19T06:19:09.978+0000] {logging_mixin.py:188} INFO - [2024-07-19T06:19:09.977+0000] {dag.py:3089} INFO - Sync 1 DAGs
[2024-07-19T06:19:10.004+0000] {logging_mixin.py:188} INFO - [2024-07-19T06:19:10.004+0000] {dag.py:3947} INFO - Setting next_dagrun for example_short_circuit_operator to 2024-07-18 00:00:00+00:00, run_after=2024-07-19 00:00:00+00:00
[2024-07-19T06:19:10.030+0000] {processor.py:183} INFO - Processing /home/airflow/.local/lib/python3.12/site-packages/airflow/example_dags/example_short_circuit_operator.py took 0.103 seconds
[2024-07-19T06:19:40.252+0000] {processor.py:161} INFO - Started process (PID=7146) to work on /home/airflow/.local/lib/python3.12/site-packages/airflow/example_dags/example_short_circuit_operator.py
[2024-07-19T06:19:40.253+0000] {processor.py:830} INFO - Processing file /home/airflow/.local/lib/python3.12/site-packages/airflow/example_dags/example_short_circuit_operator.py for tasks to queue
[2024-07-19T06:19:40.254+0000] {logging_mixin.py:188} INFO - [2024-07-19T06:19:40.254+0000] {dagbag.py:545} INFO - Filling up the DagBag from /home/airflow/.local/lib/python3.12/site-packages/airflow/example_dags/example_short_circuit_operator.py
[2024-07-19T06:19:40.263+0000] {processor.py:840} INFO - DAG(s) 'example_short_circuit_operator' retrieved from /home/airflow/.local/lib/python3.12/site-packages/airflow/example_dags/example_short_circuit_operator.py
[2024-07-19T06:19:40.302+0000] {logging_mixin.py:188} INFO - [2024-07-19T06:19:40.302+0000] {dag.py:3089} INFO - Sync 1 DAGs
[2024-07-19T06:19:40.331+0000] {logging_mixin.py:188} INFO - [2024-07-19T06:19:40.330+0000] {dag.py:3947} INFO - Setting next_dagrun for example_short_circuit_operator to 2024-07-18 00:00:00+00:00, run_after=2024-07-19 00:00:00+00:00
[2024-07-19T06:19:40.356+0000] {processor.py:183} INFO - Processing /home/airflow/.local/lib/python3.12/site-packages/airflow/example_dags/example_short_circuit_operator.py took 0.112 seconds
[2024-07-19T06:20:10.841+0000] {processor.py:161} INFO - Started process (PID=7206) to work on /home/airflow/.local/lib/python3.12/site-packages/airflow/example_dags/example_short_circuit_operator.py
[2024-07-19T06:20:10.842+0000] {processor.py:830} INFO - Processing file /home/airflow/.local/lib/python3.12/site-packages/airflow/example_dags/example_short_circuit_operator.py for tasks to queue
[2024-07-19T06:20:10.844+0000] {logging_mixin.py:188} INFO - [2024-07-19T06:20:10.843+0000] {dagbag.py:545} INFO - Filling up the DagBag from /home/airflow/.local/lib/python3.12/site-packages/airflow/example_dags/example_short_circuit_operator.py
[2024-07-19T06:20:10.855+0000] {processor.py:840} INFO - DAG(s) 'example_short_circuit_operator' retrieved from /home/airflow/.local/lib/python3.12/site-packages/airflow/example_dags/example_short_circuit_operator.py
[2024-07-19T06:20:10.930+0000] {logging_mixin.py:188} INFO - [2024-07-19T06:20:10.929+0000] {dag.py:3089} INFO - Sync 1 DAGs
[2024-07-19T06:20:10.957+0000] {logging_mixin.py:188} INFO - [2024-07-19T06:20:10.956+0000] {dag.py:3947} INFO - Setting next_dagrun for example_short_circuit_operator to 2024-07-18 00:00:00+00:00, run_after=2024-07-19 00:00:00+00:00
[2024-07-19T06:20:10.981+0000] {processor.py:183} INFO - Processing /home/airflow/.local/lib/python3.12/site-packages/airflow/example_dags/example_short_circuit_operator.py took 0.149 seconds
[2024-07-19T06:20:41.320+0000] {processor.py:161} INFO - Started process (PID=7266) to work on /home/airflow/.local/lib/python3.12/site-packages/airflow/example_dags/example_short_circuit_operator.py
[2024-07-19T06:20:41.322+0000] {processor.py:830} INFO - Processing file /home/airflow/.local/lib/python3.12/site-packages/airflow/example_dags/example_short_circuit_operator.py for tasks to queue
[2024-07-19T06:20:41.323+0000] {logging_mixin.py:188} INFO - [2024-07-19T06:20:41.323+0000] {dagbag.py:545} INFO - Filling up the DagBag from /home/airflow/.local/lib/python3.12/site-packages/airflow/example_dags/example_short_circuit_operator.py
[2024-07-19T06:20:41.333+0000] {processor.py:840} INFO - DAG(s) 'example_short_circuit_operator' retrieved from /home/airflow/.local/lib/python3.12/site-packages/airflow/example_dags/example_short_circuit_operator.py
[2024-07-19T06:20:41.366+0000] {logging_mixin.py:188} INFO - [2024-07-19T06:20:41.365+0000] {dag.py:3089} INFO - Sync 1 DAGs
[2024-07-19T06:20:41.396+0000] {logging_mixin.py:188} INFO - [2024-07-19T06:20:41.396+0000] {dag.py:3947} INFO - Setting next_dagrun for example_short_circuit_operator to 2024-07-18 00:00:00+00:00, run_after=2024-07-19 00:00:00+00:00
[2024-07-19T06:20:41.421+0000] {processor.py:183} INFO - Processing /home/airflow/.local/lib/python3.12/site-packages/airflow/example_dags/example_short_circuit_operator.py took 0.108 seconds
[2024-07-19T06:21:11.532+0000] {processor.py:161} INFO - Started process (PID=7326) to work on /home/airflow/.local/lib/python3.12/site-packages/airflow/example_dags/example_short_circuit_operator.py
[2024-07-19T06:21:11.534+0000] {processor.py:830} INFO - Processing file /home/airflow/.local/lib/python3.12/site-packages/airflow/example_dags/example_short_circuit_operator.py for tasks to queue
[2024-07-19T06:21:11.535+0000] {logging_mixin.py:188} INFO - [2024-07-19T06:21:11.535+0000] {dagbag.py:545} INFO - Filling up the DagBag from /home/airflow/.local/lib/python3.12/site-packages/airflow/example_dags/example_short_circuit_operator.py
[2024-07-19T06:21:11.543+0000] {processor.py:840} INFO - DAG(s) 'example_short_circuit_operator' retrieved from /home/airflow/.local/lib/python3.12/site-packages/airflow/example_dags/example_short_circuit_operator.py
[2024-07-19T06:21:11.576+0000] {logging_mixin.py:188} INFO - [2024-07-19T06:21:11.576+0000] {dag.py:3089} INFO - Sync 1 DAGs
[2024-07-19T06:21:11.602+0000] {logging_mixin.py:188} INFO - [2024-07-19T06:21:11.601+0000] {dag.py:3947} INFO - Setting next_dagrun for example_short_circuit_operator to 2024-07-18 00:00:00+00:00, run_after=2024-07-19 00:00:00+00:00
[2024-07-19T06:21:11.625+0000] {processor.py:183} INFO - Processing /home/airflow/.local/lib/python3.12/site-packages/airflow/example_dags/example_short_circuit_operator.py took 0.101 seconds
[2024-07-19T06:21:41.889+0000] {processor.py:161} INFO - Started process (PID=7386) to work on /home/airflow/.local/lib/python3.12/site-packages/airflow/example_dags/example_short_circuit_operator.py
[2024-07-19T06:21:41.890+0000] {processor.py:830} INFO - Processing file /home/airflow/.local/lib/python3.12/site-packages/airflow/example_dags/example_short_circuit_operator.py for tasks to queue
[2024-07-19T06:21:41.892+0000] {logging_mixin.py:188} INFO - [2024-07-19T06:21:41.891+0000] {dagbag.py:545} INFO - Filling up the DagBag from /home/airflow/.local/lib/python3.12/site-packages/airflow/example_dags/example_short_circuit_operator.py
[2024-07-19T06:21:41.901+0000] {processor.py:840} INFO - DAG(s) 'example_short_circuit_operator' retrieved from /home/airflow/.local/lib/python3.12/site-packages/airflow/example_dags/example_short_circuit_operator.py
[2024-07-19T06:21:41.938+0000] {logging_mixin.py:188} INFO - [2024-07-19T06:21:41.937+0000] {dag.py:3089} INFO - Sync 1 DAGs
[2024-07-19T06:21:41.965+0000] {logging_mixin.py:188} INFO - [2024-07-19T06:21:41.965+0000] {dag.py:3947} INFO - Setting next_dagrun for example_short_circuit_operator to 2024-07-18 00:00:00+00:00, run_after=2024-07-19 00:00:00+00:00
[2024-07-19T06:21:41.990+0000] {processor.py:183} INFO - Processing /home/airflow/.local/lib/python3.12/site-packages/airflow/example_dags/example_short_circuit_operator.py took 0.110 seconds
[2024-07-19T06:22:12.327+0000] {processor.py:161} INFO - Started process (PID=7446) to work on /home/airflow/.local/lib/python3.12/site-packages/airflow/example_dags/example_short_circuit_operator.py
[2024-07-19T06:22:12.329+0000] {processor.py:830} INFO - Processing file /home/airflow/.local/lib/python3.12/site-packages/airflow/example_dags/example_short_circuit_operator.py for tasks to queue
[2024-07-19T06:22:12.331+0000] {logging_mixin.py:188} INFO - [2024-07-19T06:22:12.330+0000] {dagbag.py:545} INFO - Filling up the DagBag from /home/airflow/.local/lib/python3.12/site-packages/airflow/example_dags/example_short_circuit_operator.py
[2024-07-19T06:22:12.343+0000] {processor.py:840} INFO - DAG(s) 'example_short_circuit_operator' retrieved from /home/airflow/.local/lib/python3.12/site-packages/airflow/example_dags/example_short_circuit_operator.py
[2024-07-19T06:22:12.383+0000] {logging_mixin.py:188} INFO - [2024-07-19T06:22:12.383+0000] {dag.py:3089} INFO - Sync 1 DAGs
[2024-07-19T06:22:12.411+0000] {logging_mixin.py:188} INFO - [2024-07-19T06:22:12.410+0000] {dag.py:3947} INFO - Setting next_dagrun for example_short_circuit_operator to 2024-07-18 00:00:00+00:00, run_after=2024-07-19 00:00:00+00:00
[2024-07-19T06:22:12.438+0000] {processor.py:183} INFO - Processing /home/airflow/.local/lib/python3.12/site-packages/airflow/example_dags/example_short_circuit_operator.py took 0.120 seconds
[2024-07-19T06:22:42.908+0000] {processor.py:161} INFO - Started process (PID=7507) to work on /home/airflow/.local/lib/python3.12/site-packages/airflow/example_dags/example_short_circuit_operator.py
[2024-07-19T06:22:42.909+0000] {processor.py:830} INFO - Processing file /home/airflow/.local/lib/python3.12/site-packages/airflow/example_dags/example_short_circuit_operator.py for tasks to queue
[2024-07-19T06:22:42.911+0000] {logging_mixin.py:188} INFO - [2024-07-19T06:22:42.910+0000] {dagbag.py:545} INFO - Filling up the DagBag from /home/airflow/.local/lib/python3.12/site-packages/airflow/example_dags/example_short_circuit_operator.py
[2024-07-19T06:22:42.918+0000] {processor.py:840} INFO - DAG(s) 'example_short_circuit_operator' retrieved from /home/airflow/.local/lib/python3.12/site-packages/airflow/example_dags/example_short_circuit_operator.py
[2024-07-19T06:22:42.952+0000] {logging_mixin.py:188} INFO - [2024-07-19T06:22:42.951+0000] {dag.py:3089} INFO - Sync 1 DAGs
[2024-07-19T06:22:42.979+0000] {logging_mixin.py:188} INFO - [2024-07-19T06:22:42.978+0000] {dag.py:3947} INFO - Setting next_dagrun for example_short_circuit_operator to 2024-07-18 00:00:00+00:00, run_after=2024-07-19 00:00:00+00:00
[2024-07-19T06:22:43.001+0000] {processor.py:183} INFO - Processing /home/airflow/.local/lib/python3.12/site-packages/airflow/example_dags/example_short_circuit_operator.py took 0.101 seconds
[2024-07-19T06:23:13.521+0000] {processor.py:161} INFO - Started process (PID=7567) to work on /home/airflow/.local/lib/python3.12/site-packages/airflow/example_dags/example_short_circuit_operator.py
[2024-07-19T06:23:13.522+0000] {processor.py:830} INFO - Processing file /home/airflow/.local/lib/python3.12/site-packages/airflow/example_dags/example_short_circuit_operator.py for tasks to queue
[2024-07-19T06:23:13.524+0000] {logging_mixin.py:188} INFO - [2024-07-19T06:23:13.523+0000] {dagbag.py:545} INFO - Filling up the DagBag from /home/airflow/.local/lib/python3.12/site-packages/airflow/example_dags/example_short_circuit_operator.py
[2024-07-19T06:23:13.533+0000] {processor.py:840} INFO - DAG(s) 'example_short_circuit_operator' retrieved from /home/airflow/.local/lib/python3.12/site-packages/airflow/example_dags/example_short_circuit_operator.py
[2024-07-19T06:23:13.578+0000] {logging_mixin.py:188} INFO - [2024-07-19T06:23:13.577+0000] {dag.py:3089} INFO - Sync 1 DAGs
[2024-07-19T06:23:13.618+0000] {logging_mixin.py:188} INFO - [2024-07-19T06:23:13.618+0000] {dag.py:3947} INFO - Setting next_dagrun for example_short_circuit_operator to 2024-07-18 00:00:00+00:00, run_after=2024-07-19 00:00:00+00:00
[2024-07-19T06:23:13.664+0000] {processor.py:183} INFO - Processing /home/airflow/.local/lib/python3.12/site-packages/airflow/example_dags/example_short_circuit_operator.py took 0.152 seconds
[2024-07-19T06:23:44.507+0000] {processor.py:161} INFO - Started process (PID=7626) to work on /home/airflow/.local/lib/python3.12/site-packages/airflow/example_dags/example_short_circuit_operator.py
[2024-07-19T06:23:44.509+0000] {processor.py:830} INFO - Processing file /home/airflow/.local/lib/python3.12/site-packages/airflow/example_dags/example_short_circuit_operator.py for tasks to queue
[2024-07-19T06:23:44.511+0000] {logging_mixin.py:188} INFO - [2024-07-19T06:23:44.511+0000] {dagbag.py:545} INFO - Filling up the DagBag from /home/airflow/.local/lib/python3.12/site-packages/airflow/example_dags/example_short_circuit_operator.py
[2024-07-19T06:23:44.519+0000] {processor.py:840} INFO - DAG(s) 'example_short_circuit_operator' retrieved from /home/airflow/.local/lib/python3.12/site-packages/airflow/example_dags/example_short_circuit_operator.py
[2024-07-19T06:23:44.551+0000] {logging_mixin.py:188} INFO - [2024-07-19T06:23:44.551+0000] {dag.py:3089} INFO - Sync 1 DAGs
[2024-07-19T06:23:44.574+0000] {logging_mixin.py:188} INFO - [2024-07-19T06:23:44.574+0000] {dag.py:3947} INFO - Setting next_dagrun for example_short_circuit_operator to 2024-07-18 00:00:00+00:00, run_after=2024-07-19 00:00:00+00:00
[2024-07-19T06:23:44.596+0000] {processor.py:183} INFO - Processing /home/airflow/.local/lib/python3.12/site-packages/airflow/example_dags/example_short_circuit_operator.py took 0.098 seconds
[2024-07-19T06:24:14.787+0000] {processor.py:161} INFO - Started process (PID=7687) to work on /home/airflow/.local/lib/python3.12/site-packages/airflow/example_dags/example_short_circuit_operator.py
[2024-07-19T06:24:14.788+0000] {processor.py:830} INFO - Processing file /home/airflow/.local/lib/python3.12/site-packages/airflow/example_dags/example_short_circuit_operator.py for tasks to queue
[2024-07-19T06:24:14.789+0000] {logging_mixin.py:188} INFO - [2024-07-19T06:24:14.789+0000] {dagbag.py:545} INFO - Filling up the DagBag from /home/airflow/.local/lib/python3.12/site-packages/airflow/example_dags/example_short_circuit_operator.py
[2024-07-19T06:24:14.797+0000] {processor.py:840} INFO - DAG(s) 'example_short_circuit_operator' retrieved from /home/airflow/.local/lib/python3.12/site-packages/airflow/example_dags/example_short_circuit_operator.py
[2024-07-19T06:24:14.826+0000] {logging_mixin.py:188} INFO - [2024-07-19T06:24:14.825+0000] {dag.py:3089} INFO - Sync 1 DAGs
[2024-07-19T06:24:14.846+0000] {logging_mixin.py:188} INFO - [2024-07-19T06:24:14.846+0000] {dag.py:3947} INFO - Setting next_dagrun for example_short_circuit_operator to 2024-07-18 00:00:00+00:00, run_after=2024-07-19 00:00:00+00:00
[2024-07-19T06:24:14.863+0000] {processor.py:183} INFO - Processing /home/airflow/.local/lib/python3.12/site-packages/airflow/example_dags/example_short_circuit_operator.py took 0.084 seconds
[2024-07-19T06:24:45.351+0000] {processor.py:161} INFO - Started process (PID=7747) to work on /home/airflow/.local/lib/python3.12/site-packages/airflow/example_dags/example_short_circuit_operator.py
[2024-07-19T06:24:45.352+0000] {processor.py:830} INFO - Processing file /home/airflow/.local/lib/python3.12/site-packages/airflow/example_dags/example_short_circuit_operator.py for tasks to queue
[2024-07-19T06:24:45.354+0000] {logging_mixin.py:188} INFO - [2024-07-19T06:24:45.353+0000] {dagbag.py:545} INFO - Filling up the DagBag from /home/airflow/.local/lib/python3.12/site-packages/airflow/example_dags/example_short_circuit_operator.py
[2024-07-19T06:24:45.366+0000] {processor.py:840} INFO - DAG(s) 'example_short_circuit_operator' retrieved from /home/airflow/.local/lib/python3.12/site-packages/airflow/example_dags/example_short_circuit_operator.py
[2024-07-19T06:24:45.422+0000] {logging_mixin.py:188} INFO - [2024-07-19T06:24:45.421+0000] {dag.py:3089} INFO - Sync 1 DAGs
[2024-07-19T06:24:45.456+0000] {logging_mixin.py:188} INFO - [2024-07-19T06:24:45.456+0000] {dag.py:3947} INFO - Setting next_dagrun for example_short_circuit_operator to 2024-07-18 00:00:00+00:00, run_after=2024-07-19 00:00:00+00:00
[2024-07-19T06:24:45.482+0000] {processor.py:183} INFO - Processing /home/airflow/.local/lib/python3.12/site-packages/airflow/example_dags/example_short_circuit_operator.py took 0.138 seconds
[2024-07-19T06:25:16.281+0000] {processor.py:161} INFO - Started process (PID=7807) to work on /home/airflow/.local/lib/python3.12/site-packages/airflow/example_dags/example_short_circuit_operator.py
[2024-07-19T06:25:16.283+0000] {processor.py:830} INFO - Processing file /home/airflow/.local/lib/python3.12/site-packages/airflow/example_dags/example_short_circuit_operator.py for tasks to queue
[2024-07-19T06:25:16.284+0000] {logging_mixin.py:188} INFO - [2024-07-19T06:25:16.284+0000] {dagbag.py:545} INFO - Filling up the DagBag from /home/airflow/.local/lib/python3.12/site-packages/airflow/example_dags/example_short_circuit_operator.py
[2024-07-19T06:25:16.293+0000] {processor.py:840} INFO - DAG(s) 'example_short_circuit_operator' retrieved from /home/airflow/.local/lib/python3.12/site-packages/airflow/example_dags/example_short_circuit_operator.py
[2024-07-19T06:25:16.329+0000] {logging_mixin.py:188} INFO - [2024-07-19T06:25:16.328+0000] {dag.py:3089} INFO - Sync 1 DAGs
[2024-07-19T06:25:16.358+0000] {logging_mixin.py:188} INFO - [2024-07-19T06:25:16.357+0000] {dag.py:3947} INFO - Setting next_dagrun for example_short_circuit_operator to 2024-07-18 00:00:00+00:00, run_after=2024-07-19 00:00:00+00:00
[2024-07-19T06:25:16.385+0000] {processor.py:183} INFO - Processing /home/airflow/.local/lib/python3.12/site-packages/airflow/example_dags/example_short_circuit_operator.py took 0.113 seconds
[2024-07-19T06:25:46.695+0000] {processor.py:161} INFO - Started process (PID=7867) to work on /home/airflow/.local/lib/python3.12/site-packages/airflow/example_dags/example_short_circuit_operator.py
[2024-07-19T06:25:46.697+0000] {processor.py:830} INFO - Processing file /home/airflow/.local/lib/python3.12/site-packages/airflow/example_dags/example_short_circuit_operator.py for tasks to queue
[2024-07-19T06:25:46.698+0000] {logging_mixin.py:188} INFO - [2024-07-19T06:25:46.698+0000] {dagbag.py:545} INFO - Filling up the DagBag from /home/airflow/.local/lib/python3.12/site-packages/airflow/example_dags/example_short_circuit_operator.py
[2024-07-19T06:25:46.707+0000] {processor.py:840} INFO - DAG(s) 'example_short_circuit_operator' retrieved from /home/airflow/.local/lib/python3.12/site-packages/airflow/example_dags/example_short_circuit_operator.py
[2024-07-19T06:25:46.739+0000] {logging_mixin.py:188} INFO - [2024-07-19T06:25:46.738+0000] {dag.py:3089} INFO - Sync 1 DAGs
[2024-07-19T06:25:46.763+0000] {logging_mixin.py:188} INFO - [2024-07-19T06:25:46.763+0000] {dag.py:3947} INFO - Setting next_dagrun for example_short_circuit_operator to 2024-07-18 00:00:00+00:00, run_after=2024-07-19 00:00:00+00:00
[2024-07-19T06:25:46.784+0000] {processor.py:183} INFO - Processing /home/airflow/.local/lib/python3.12/site-packages/airflow/example_dags/example_short_circuit_operator.py took 0.097 seconds
[2024-07-19T06:26:17.162+0000] {processor.py:161} INFO - Started process (PID=7927) to work on /home/airflow/.local/lib/python3.12/site-packages/airflow/example_dags/example_short_circuit_operator.py
[2024-07-19T06:26:17.163+0000] {processor.py:830} INFO - Processing file /home/airflow/.local/lib/python3.12/site-packages/airflow/example_dags/example_short_circuit_operator.py for tasks to queue
[2024-07-19T06:26:17.165+0000] {logging_mixin.py:188} INFO - [2024-07-19T06:26:17.164+0000] {dagbag.py:545} INFO - Filling up the DagBag from /home/airflow/.local/lib/python3.12/site-packages/airflow/example_dags/example_short_circuit_operator.py
[2024-07-19T06:26:17.174+0000] {processor.py:840} INFO - DAG(s) 'example_short_circuit_operator' retrieved from /home/airflow/.local/lib/python3.12/site-packages/airflow/example_dags/example_short_circuit_operator.py
[2024-07-19T06:26:17.209+0000] {logging_mixin.py:188} INFO - [2024-07-19T06:26:17.208+0000] {dag.py:3089} INFO - Sync 1 DAGs
[2024-07-19T06:26:17.240+0000] {logging_mixin.py:188} INFO - [2024-07-19T06:26:17.240+0000] {dag.py:3947} INFO - Setting next_dagrun for example_short_circuit_operator to 2024-07-18 00:00:00+00:00, run_after=2024-07-19 00:00:00+00:00
[2024-07-19T06:26:17.266+0000] {processor.py:183} INFO - Processing /home/airflow/.local/lib/python3.12/site-packages/airflow/example_dags/example_short_circuit_operator.py took 0.113 seconds
[2024-07-19T06:26:47.465+0000] {processor.py:161} INFO - Started process (PID=7987) to work on /home/airflow/.local/lib/python3.12/site-packages/airflow/example_dags/example_short_circuit_operator.py
[2024-07-19T06:26:47.467+0000] {processor.py:830} INFO - Processing file /home/airflow/.local/lib/python3.12/site-packages/airflow/example_dags/example_short_circuit_operator.py for tasks to queue
[2024-07-19T06:26:47.468+0000] {logging_mixin.py:188} INFO - [2024-07-19T06:26:47.467+0000] {dagbag.py:545} INFO - Filling up the DagBag from /home/airflow/.local/lib/python3.12/site-packages/airflow/example_dags/example_short_circuit_operator.py
[2024-07-19T06:26:47.476+0000] {processor.py:840} INFO - DAG(s) 'example_short_circuit_operator' retrieved from /home/airflow/.local/lib/python3.12/site-packages/airflow/example_dags/example_short_circuit_operator.py
[2024-07-19T06:26:47.505+0000] {logging_mixin.py:188} INFO - [2024-07-19T06:26:47.505+0000] {dag.py:3089} INFO - Sync 1 DAGs
[2024-07-19T06:26:47.527+0000] {logging_mixin.py:188} INFO - [2024-07-19T06:26:47.526+0000] {dag.py:3947} INFO - Setting next_dagrun for example_short_circuit_operator to 2024-07-18 00:00:00+00:00, run_after=2024-07-19 00:00:00+00:00
[2024-07-19T06:26:47.547+0000] {processor.py:183} INFO - Processing /home/airflow/.local/lib/python3.12/site-packages/airflow/example_dags/example_short_circuit_operator.py took 0.089 seconds
[2024-07-19T06:27:18.487+0000] {processor.py:161} INFO - Started process (PID=8047) to work on /home/airflow/.local/lib/python3.12/site-packages/airflow/example_dags/example_short_circuit_operator.py
[2024-07-19T06:27:18.489+0000] {processor.py:830} INFO - Processing file /home/airflow/.local/lib/python3.12/site-packages/airflow/example_dags/example_short_circuit_operator.py for tasks to queue
[2024-07-19T06:27:18.490+0000] {logging_mixin.py:188} INFO - [2024-07-19T06:27:18.490+0000] {dagbag.py:545} INFO - Filling up the DagBag from /home/airflow/.local/lib/python3.12/site-packages/airflow/example_dags/example_short_circuit_operator.py
[2024-07-19T06:27:18.498+0000] {processor.py:840} INFO - DAG(s) 'example_short_circuit_operator' retrieved from /home/airflow/.local/lib/python3.12/site-packages/airflow/example_dags/example_short_circuit_operator.py
[2024-07-19T06:27:18.527+0000] {logging_mixin.py:188} INFO - [2024-07-19T06:27:18.527+0000] {dag.py:3089} INFO - Sync 1 DAGs
[2024-07-19T06:27:18.550+0000] {logging_mixin.py:188} INFO - [2024-07-19T06:27:18.550+0000] {dag.py:3947} INFO - Setting next_dagrun for example_short_circuit_operator to 2024-07-18 00:00:00+00:00, run_after=2024-07-19 00:00:00+00:00
[2024-07-19T06:27:18.571+0000] {processor.py:183} INFO - Processing /home/airflow/.local/lib/python3.12/site-packages/airflow/example_dags/example_short_circuit_operator.py took 0.091 seconds
[2024-07-19T06:27:48.645+0000] {processor.py:161} INFO - Started process (PID=8107) to work on /home/airflow/.local/lib/python3.12/site-packages/airflow/example_dags/example_short_circuit_operator.py
[2024-07-19T06:27:48.647+0000] {processor.py:830} INFO - Processing file /home/airflow/.local/lib/python3.12/site-packages/airflow/example_dags/example_short_circuit_operator.py for tasks to queue
[2024-07-19T06:27:48.648+0000] {logging_mixin.py:188} INFO - [2024-07-19T06:27:48.648+0000] {dagbag.py:545} INFO - Filling up the DagBag from /home/airflow/.local/lib/python3.12/site-packages/airflow/example_dags/example_short_circuit_operator.py
[2024-07-19T06:27:48.658+0000] {processor.py:840} INFO - DAG(s) 'example_short_circuit_operator' retrieved from /home/airflow/.local/lib/python3.12/site-packages/airflow/example_dags/example_short_circuit_operator.py
[2024-07-19T06:27:48.694+0000] {logging_mixin.py:188} INFO - [2024-07-19T06:27:48.694+0000] {dag.py:3089} INFO - Sync 1 DAGs
[2024-07-19T06:27:48.720+0000] {logging_mixin.py:188} INFO - [2024-07-19T06:27:48.720+0000] {dag.py:3947} INFO - Setting next_dagrun for example_short_circuit_operator to 2024-07-18 00:00:00+00:00, run_after=2024-07-19 00:00:00+00:00
[2024-07-19T06:27:48.743+0000] {processor.py:183} INFO - Processing /home/airflow/.local/lib/python3.12/site-packages/airflow/example_dags/example_short_circuit_operator.py took 0.107 seconds
[2024-07-19T06:28:19.264+0000] {processor.py:161} INFO - Started process (PID=8167) to work on /home/airflow/.local/lib/python3.12/site-packages/airflow/example_dags/example_short_circuit_operator.py
[2024-07-19T06:28:19.265+0000] {processor.py:830} INFO - Processing file /home/airflow/.local/lib/python3.12/site-packages/airflow/example_dags/example_short_circuit_operator.py for tasks to queue
[2024-07-19T06:28:19.267+0000] {logging_mixin.py:188} INFO - [2024-07-19T06:28:19.267+0000] {dagbag.py:545} INFO - Filling up the DagBag from /home/airflow/.local/lib/python3.12/site-packages/airflow/example_dags/example_short_circuit_operator.py
[2024-07-19T06:28:19.277+0000] {processor.py:840} INFO - DAG(s) 'example_short_circuit_operator' retrieved from /home/airflow/.local/lib/python3.12/site-packages/airflow/example_dags/example_short_circuit_operator.py
[2024-07-19T06:28:19.316+0000] {logging_mixin.py:188} INFO - [2024-07-19T06:28:19.316+0000] {dag.py:3089} INFO - Sync 1 DAGs
[2024-07-19T06:28:19.424+0000] {logging_mixin.py:188} INFO - [2024-07-19T06:28:19.424+0000] {dag.py:3947} INFO - Setting next_dagrun for example_short_circuit_operator to 2024-07-18 00:00:00+00:00, run_after=2024-07-19 00:00:00+00:00
[2024-07-19T06:28:19.447+0000] {processor.py:183} INFO - Processing /home/airflow/.local/lib/python3.12/site-packages/airflow/example_dags/example_short_circuit_operator.py took 0.191 seconds
[2024-07-19T06:28:49.721+0000] {processor.py:161} INFO - Started process (PID=8227) to work on /home/airflow/.local/lib/python3.12/site-packages/airflow/example_dags/example_short_circuit_operator.py
[2024-07-19T06:28:49.723+0000] {processor.py:830} INFO - Processing file /home/airflow/.local/lib/python3.12/site-packages/airflow/example_dags/example_short_circuit_operator.py for tasks to queue
[2024-07-19T06:28:49.725+0000] {logging_mixin.py:188} INFO - [2024-07-19T06:28:49.724+0000] {dagbag.py:545} INFO - Filling up the DagBag from /home/airflow/.local/lib/python3.12/site-packages/airflow/example_dags/example_short_circuit_operator.py
[2024-07-19T06:28:49.734+0000] {processor.py:840} INFO - DAG(s) 'example_short_circuit_operator' retrieved from /home/airflow/.local/lib/python3.12/site-packages/airflow/example_dags/example_short_circuit_operator.py
[2024-07-19T06:28:49.768+0000] {logging_mixin.py:188} INFO - [2024-07-19T06:28:49.768+0000] {dag.py:3089} INFO - Sync 1 DAGs
[2024-07-19T06:28:49.796+0000] {logging_mixin.py:188} INFO - [2024-07-19T06:28:49.795+0000] {dag.py:3947} INFO - Setting next_dagrun for example_short_circuit_operator to 2024-07-18 00:00:00+00:00, run_after=2024-07-19 00:00:00+00:00
[2024-07-19T06:28:49.818+0000] {processor.py:183} INFO - Processing /home/airflow/.local/lib/python3.12/site-packages/airflow/example_dags/example_short_circuit_operator.py took 0.107 seconds
[2024-07-19T06:29:20.280+0000] {processor.py:161} INFO - Started process (PID=8287) to work on /home/airflow/.local/lib/python3.12/site-packages/airflow/example_dags/example_short_circuit_operator.py
[2024-07-19T06:29:20.282+0000] {processor.py:830} INFO - Processing file /home/airflow/.local/lib/python3.12/site-packages/airflow/example_dags/example_short_circuit_operator.py for tasks to queue
[2024-07-19T06:29:20.284+0000] {logging_mixin.py:188} INFO - [2024-07-19T06:29:20.283+0000] {dagbag.py:545} INFO - Filling up the DagBag from /home/airflow/.local/lib/python3.12/site-packages/airflow/example_dags/example_short_circuit_operator.py
[2024-07-19T06:29:20.292+0000] {processor.py:840} INFO - DAG(s) 'example_short_circuit_operator' retrieved from /home/airflow/.local/lib/python3.12/site-packages/airflow/example_dags/example_short_circuit_operator.py
[2024-07-19T06:29:20.326+0000] {logging_mixin.py:188} INFO - [2024-07-19T06:29:20.326+0000] {dag.py:3089} INFO - Sync 1 DAGs
[2024-07-19T06:29:20.354+0000] {logging_mixin.py:188} INFO - [2024-07-19T06:29:20.354+0000] {dag.py:3947} INFO - Setting next_dagrun for example_short_circuit_operator to 2024-07-18 00:00:00+00:00, run_after=2024-07-19 00:00:00+00:00
[2024-07-19T06:29:20.378+0000] {processor.py:183} INFO - Processing /home/airflow/.local/lib/python3.12/site-packages/airflow/example_dags/example_short_circuit_operator.py took 0.106 seconds
[2024-07-19T06:29:51.178+0000] {processor.py:161} INFO - Started process (PID=8347) to work on /home/airflow/.local/lib/python3.12/site-packages/airflow/example_dags/example_short_circuit_operator.py
[2024-07-19T06:29:51.289+0000] {processor.py:830} INFO - Processing file /home/airflow/.local/lib/python3.12/site-packages/airflow/example_dags/example_short_circuit_operator.py for tasks to queue
[2024-07-19T06:29:51.291+0000] {logging_mixin.py:188} INFO - [2024-07-19T06:29:51.290+0000] {dagbag.py:545} INFO - Filling up the DagBag from /home/airflow/.local/lib/python3.12/site-packages/airflow/example_dags/example_short_circuit_operator.py
[2024-07-19T06:29:51.299+0000] {processor.py:840} INFO - DAG(s) 'example_short_circuit_operator' retrieved from /home/airflow/.local/lib/python3.12/site-packages/airflow/example_dags/example_short_circuit_operator.py
[2024-07-19T06:29:51.333+0000] {logging_mixin.py:188} INFO - [2024-07-19T06:29:51.332+0000] {dag.py:3089} INFO - Sync 1 DAGs
[2024-07-19T06:29:51.357+0000] {logging_mixin.py:188} INFO - [2024-07-19T06:29:51.357+0000] {dag.py:3947} INFO - Setting next_dagrun for example_short_circuit_operator to 2024-07-18 00:00:00+00:00, run_after=2024-07-19 00:00:00+00:00
[2024-07-19T06:29:51.378+0000] {processor.py:183} INFO - Processing /home/airflow/.local/lib/python3.12/site-packages/airflow/example_dags/example_short_circuit_operator.py took 0.208 seconds
[2024-07-19T06:30:21.535+0000] {processor.py:161} INFO - Started process (PID=8407) to work on /home/airflow/.local/lib/python3.12/site-packages/airflow/example_dags/example_short_circuit_operator.py
[2024-07-19T06:30:21.536+0000] {processor.py:830} INFO - Processing file /home/airflow/.local/lib/python3.12/site-packages/airflow/example_dags/example_short_circuit_operator.py for tasks to queue
[2024-07-19T06:30:21.538+0000] {logging_mixin.py:188} INFO - [2024-07-19T06:30:21.537+0000] {dagbag.py:545} INFO - Filling up the DagBag from /home/airflow/.local/lib/python3.12/site-packages/airflow/example_dags/example_short_circuit_operator.py
[2024-07-19T06:30:21.547+0000] {processor.py:840} INFO - DAG(s) 'example_short_circuit_operator' retrieved from /home/airflow/.local/lib/python3.12/site-packages/airflow/example_dags/example_short_circuit_operator.py
[2024-07-19T06:30:21.581+0000] {logging_mixin.py:188} INFO - [2024-07-19T06:30:21.580+0000] {dag.py:3089} INFO - Sync 1 DAGs
[2024-07-19T06:30:21.647+0000] {logging_mixin.py:188} INFO - [2024-07-19T06:30:21.647+0000] {dag.py:3947} INFO - Setting next_dagrun for example_short_circuit_operator to 2024-07-18 00:00:00+00:00, run_after=2024-07-19 00:00:00+00:00
[2024-07-19T06:30:21.670+0000] {processor.py:183} INFO - Processing /home/airflow/.local/lib/python3.12/site-packages/airflow/example_dags/example_short_circuit_operator.py took 0.144 seconds
[2024-07-19T06:30:52.703+0000] {processor.py:161} INFO - Started process (PID=8467) to work on /home/airflow/.local/lib/python3.12/site-packages/airflow/example_dags/example_short_circuit_operator.py
[2024-07-19T06:30:52.704+0000] {processor.py:830} INFO - Processing file /home/airflow/.local/lib/python3.12/site-packages/airflow/example_dags/example_short_circuit_operator.py for tasks to queue
[2024-07-19T06:30:52.706+0000] {logging_mixin.py:188} INFO - [2024-07-19T06:30:52.705+0000] {dagbag.py:545} INFO - Filling up the DagBag from /home/airflow/.local/lib/python3.12/site-packages/airflow/example_dags/example_short_circuit_operator.py
[2024-07-19T06:30:52.714+0000] {processor.py:840} INFO - DAG(s) 'example_short_circuit_operator' retrieved from /home/airflow/.local/lib/python3.12/site-packages/airflow/example_dags/example_short_circuit_operator.py
[2024-07-19T06:30:52.752+0000] {logging_mixin.py:188} INFO - [2024-07-19T06:30:52.752+0000] {dag.py:3089} INFO - Sync 1 DAGs
[2024-07-19T06:30:52.779+0000] {logging_mixin.py:188} INFO - [2024-07-19T06:30:52.779+0000] {dag.py:3947} INFO - Setting next_dagrun for example_short_circuit_operator to 2024-07-18 00:00:00+00:00, run_after=2024-07-19 00:00:00+00:00
[2024-07-19T06:30:52.801+0000] {processor.py:183} INFO - Processing /home/airflow/.local/lib/python3.12/site-packages/airflow/example_dags/example_short_circuit_operator.py took 0.105 seconds
[2024-07-19T06:31:22.953+0000] {processor.py:161} INFO - Started process (PID=8526) to work on /home/airflow/.local/lib/python3.12/site-packages/airflow/example_dags/example_short_circuit_operator.py
[2024-07-19T06:31:22.955+0000] {processor.py:830} INFO - Processing file /home/airflow/.local/lib/python3.12/site-packages/airflow/example_dags/example_short_circuit_operator.py for tasks to queue
[2024-07-19T06:31:22.956+0000] {logging_mixin.py:188} INFO - [2024-07-19T06:31:22.956+0000] {dagbag.py:545} INFO - Filling up the DagBag from /home/airflow/.local/lib/python3.12/site-packages/airflow/example_dags/example_short_circuit_operator.py
[2024-07-19T06:31:22.965+0000] {processor.py:840} INFO - DAG(s) 'example_short_circuit_operator' retrieved from /home/airflow/.local/lib/python3.12/site-packages/airflow/example_dags/example_short_circuit_operator.py
[2024-07-19T06:31:22.996+0000] {logging_mixin.py:188} INFO - [2024-07-19T06:31:22.995+0000] {dag.py:3089} INFO - Sync 1 DAGs
[2024-07-19T06:31:23.019+0000] {logging_mixin.py:188} INFO - [2024-07-19T06:31:23.018+0000] {dag.py:3947} INFO - Setting next_dagrun for example_short_circuit_operator to 2024-07-18 00:00:00+00:00, run_after=2024-07-19 00:00:00+00:00
[2024-07-19T06:31:23.041+0000] {processor.py:183} INFO - Processing /home/airflow/.local/lib/python3.12/site-packages/airflow/example_dags/example_short_circuit_operator.py took 0.095 seconds
[2024-07-19T06:31:53.118+0000] {processor.py:161} INFO - Started process (PID=8587) to work on /home/airflow/.local/lib/python3.12/site-packages/airflow/example_dags/example_short_circuit_operator.py
[2024-07-19T06:31:53.120+0000] {processor.py:830} INFO - Processing file /home/airflow/.local/lib/python3.12/site-packages/airflow/example_dags/example_short_circuit_operator.py for tasks to queue
[2024-07-19T06:31:53.122+0000] {logging_mixin.py:188} INFO - [2024-07-19T06:31:53.122+0000] {dagbag.py:545} INFO - Filling up the DagBag from /home/airflow/.local/lib/python3.12/site-packages/airflow/example_dags/example_short_circuit_operator.py
[2024-07-19T06:31:53.133+0000] {processor.py:840} INFO - DAG(s) 'example_short_circuit_operator' retrieved from /home/airflow/.local/lib/python3.12/site-packages/airflow/example_dags/example_short_circuit_operator.py
[2024-07-19T06:31:53.176+0000] {logging_mixin.py:188} INFO - [2024-07-19T06:31:53.175+0000] {dag.py:3089} INFO - Sync 1 DAGs
[2024-07-19T06:31:53.207+0000] {logging_mixin.py:188} INFO - [2024-07-19T06:31:53.206+0000] {dag.py:3947} INFO - Setting next_dagrun for example_short_circuit_operator to 2024-07-18 00:00:00+00:00, run_after=2024-07-19 00:00:00+00:00
[2024-07-19T06:31:53.232+0000] {processor.py:183} INFO - Processing /home/airflow/.local/lib/python3.12/site-packages/airflow/example_dags/example_short_circuit_operator.py took 0.125 seconds
[2024-07-19T06:32:24.021+0000] {processor.py:161} INFO - Started process (PID=8646) to work on /home/airflow/.local/lib/python3.12/site-packages/airflow/example_dags/example_short_circuit_operator.py
[2024-07-19T06:32:24.022+0000] {processor.py:830} INFO - Processing file /home/airflow/.local/lib/python3.12/site-packages/airflow/example_dags/example_short_circuit_operator.py for tasks to queue
[2024-07-19T06:32:24.023+0000] {logging_mixin.py:188} INFO - [2024-07-19T06:32:24.023+0000] {dagbag.py:545} INFO - Filling up the DagBag from /home/airflow/.local/lib/python3.12/site-packages/airflow/example_dags/example_short_circuit_operator.py
[2024-07-19T06:32:24.031+0000] {processor.py:840} INFO - DAG(s) 'example_short_circuit_operator' retrieved from /home/airflow/.local/lib/python3.12/site-packages/airflow/example_dags/example_short_circuit_operator.py
[2024-07-19T06:32:24.065+0000] {logging_mixin.py:188} INFO - [2024-07-19T06:32:24.064+0000] {dag.py:3089} INFO - Sync 1 DAGs
[2024-07-19T06:32:24.095+0000] {logging_mixin.py:188} INFO - [2024-07-19T06:32:24.095+0000] {dag.py:3947} INFO - Setting next_dagrun for example_short_circuit_operator to 2024-07-18 00:00:00+00:00, run_after=2024-07-19 00:00:00+00:00
[2024-07-19T06:32:24.125+0000] {processor.py:183} INFO - Processing /home/airflow/.local/lib/python3.12/site-packages/airflow/example_dags/example_short_circuit_operator.py took 0.113 seconds
[2024-07-19T06:32:54.988+0000] {processor.py:161} INFO - Started process (PID=8706) to work on /home/airflow/.local/lib/python3.12/site-packages/airflow/example_dags/example_short_circuit_operator.py
[2024-07-19T06:32:54.990+0000] {processor.py:830} INFO - Processing file /home/airflow/.local/lib/python3.12/site-packages/airflow/example_dags/example_short_circuit_operator.py for tasks to queue
[2024-07-19T06:32:54.992+0000] {logging_mixin.py:188} INFO - [2024-07-19T06:32:54.991+0000] {dagbag.py:545} INFO - Filling up the DagBag from /home/airflow/.local/lib/python3.12/site-packages/airflow/example_dags/example_short_circuit_operator.py
[2024-07-19T06:32:55.000+0000] {processor.py:840} INFO - DAG(s) 'example_short_circuit_operator' retrieved from /home/airflow/.local/lib/python3.12/site-packages/airflow/example_dags/example_short_circuit_operator.py
[2024-07-19T06:32:55.035+0000] {logging_mixin.py:188} INFO - [2024-07-19T06:32:55.034+0000] {dag.py:3089} INFO - Sync 1 DAGs
[2024-07-19T06:32:55.068+0000] {logging_mixin.py:188} INFO - [2024-07-19T06:32:55.068+0000] {dag.py:3947} INFO - Setting next_dagrun for example_short_circuit_operator to 2024-07-18 00:00:00+00:00, run_after=2024-07-19 00:00:00+00:00
[2024-07-19T06:32:55.092+0000] {processor.py:183} INFO - Processing /home/airflow/.local/lib/python3.12/site-packages/airflow/example_dags/example_short_circuit_operator.py took 0.112 seconds
[2024-07-19T06:33:25.250+0000] {processor.py:161} INFO - Started process (PID=8766) to work on /home/airflow/.local/lib/python3.12/site-packages/airflow/example_dags/example_short_circuit_operator.py
[2024-07-19T06:33:25.251+0000] {processor.py:830} INFO - Processing file /home/airflow/.local/lib/python3.12/site-packages/airflow/example_dags/example_short_circuit_operator.py for tasks to queue
[2024-07-19T06:33:25.253+0000] {logging_mixin.py:188} INFO - [2024-07-19T06:33:25.252+0000] {dagbag.py:545} INFO - Filling up the DagBag from /home/airflow/.local/lib/python3.12/site-packages/airflow/example_dags/example_short_circuit_operator.py
[2024-07-19T06:33:25.260+0000] {processor.py:840} INFO - DAG(s) 'example_short_circuit_operator' retrieved from /home/airflow/.local/lib/python3.12/site-packages/airflow/example_dags/example_short_circuit_operator.py
[2024-07-19T06:33:25.292+0000] {logging_mixin.py:188} INFO - [2024-07-19T06:33:25.292+0000] {dag.py:3089} INFO - Sync 1 DAGs
[2024-07-19T06:33:25.318+0000] {logging_mixin.py:188} INFO - [2024-07-19T06:33:25.317+0000] {dag.py:3947} INFO - Setting next_dagrun for example_short_circuit_operator to 2024-07-18 00:00:00+00:00, run_after=2024-07-19 00:00:00+00:00
[2024-07-19T06:33:25.347+0000] {processor.py:183} INFO - Processing /home/airflow/.local/lib/python3.12/site-packages/airflow/example_dags/example_short_circuit_operator.py took 0.105 seconds
[2024-07-19T06:33:55.860+0000] {processor.py:161} INFO - Started process (PID=8826) to work on /home/airflow/.local/lib/python3.12/site-packages/airflow/example_dags/example_short_circuit_operator.py
[2024-07-19T06:33:55.862+0000] {processor.py:830} INFO - Processing file /home/airflow/.local/lib/python3.12/site-packages/airflow/example_dags/example_short_circuit_operator.py for tasks to queue
[2024-07-19T06:33:55.864+0000] {logging_mixin.py:188} INFO - [2024-07-19T06:33:55.863+0000] {dagbag.py:545} INFO - Filling up the DagBag from /home/airflow/.local/lib/python3.12/site-packages/airflow/example_dags/example_short_circuit_operator.py
[2024-07-19T06:33:55.873+0000] {processor.py:840} INFO - DAG(s) 'example_short_circuit_operator' retrieved from /home/airflow/.local/lib/python3.12/site-packages/airflow/example_dags/example_short_circuit_operator.py
[2024-07-19T06:33:55.908+0000] {logging_mixin.py:188} INFO - [2024-07-19T06:33:55.908+0000] {dag.py:3089} INFO - Sync 1 DAGs
[2024-07-19T06:33:55.937+0000] {logging_mixin.py:188} INFO - [2024-07-19T06:33:55.937+0000] {dag.py:3947} INFO - Setting next_dagrun for example_short_circuit_operator to 2024-07-18 00:00:00+00:00, run_after=2024-07-19 00:00:00+00:00
[2024-07-19T06:33:55.977+0000] {processor.py:183} INFO - Processing /home/airflow/.local/lib/python3.12/site-packages/airflow/example_dags/example_short_circuit_operator.py took 0.124 seconds
[2024-07-19T06:34:26.093+0000] {processor.py:161} INFO - Started process (PID=8886) to work on /home/airflow/.local/lib/python3.12/site-packages/airflow/example_dags/example_short_circuit_operator.py
[2024-07-19T06:34:26.096+0000] {processor.py:830} INFO - Processing file /home/airflow/.local/lib/python3.12/site-packages/airflow/example_dags/example_short_circuit_operator.py for tasks to queue
[2024-07-19T06:34:26.100+0000] {logging_mixin.py:188} INFO - [2024-07-19T06:34:26.098+0000] {dagbag.py:545} INFO - Filling up the DagBag from /home/airflow/.local/lib/python3.12/site-packages/airflow/example_dags/example_short_circuit_operator.py
[2024-07-19T06:34:26.111+0000] {processor.py:840} INFO - DAG(s) 'example_short_circuit_operator' retrieved from /home/airflow/.local/lib/python3.12/site-packages/airflow/example_dags/example_short_circuit_operator.py
[2024-07-19T06:34:26.152+0000] {logging_mixin.py:188} INFO - [2024-07-19T06:34:26.151+0000] {dag.py:3089} INFO - Sync 1 DAGs
[2024-07-19T06:34:26.179+0000] {logging_mixin.py:188} INFO - [2024-07-19T06:34:26.179+0000] {dag.py:3947} INFO - Setting next_dagrun for example_short_circuit_operator to 2024-07-18 00:00:00+00:00, run_after=2024-07-19 00:00:00+00:00
[2024-07-19T06:34:26.230+0000] {processor.py:183} INFO - Processing /home/airflow/.local/lib/python3.12/site-packages/airflow/example_dags/example_short_circuit_operator.py took 0.147 seconds
[2024-07-19T06:34:56.335+0000] {processor.py:161} INFO - Started process (PID=8945) to work on /home/airflow/.local/lib/python3.12/site-packages/airflow/example_dags/example_short_circuit_operator.py
[2024-07-19T06:34:56.337+0000] {processor.py:830} INFO - Processing file /home/airflow/.local/lib/python3.12/site-packages/airflow/example_dags/example_short_circuit_operator.py for tasks to queue
[2024-07-19T06:34:56.339+0000] {logging_mixin.py:188} INFO - [2024-07-19T06:34:56.338+0000] {dagbag.py:545} INFO - Filling up the DagBag from /home/airflow/.local/lib/python3.12/site-packages/airflow/example_dags/example_short_circuit_operator.py
[2024-07-19T06:34:56.347+0000] {processor.py:840} INFO - DAG(s) 'example_short_circuit_operator' retrieved from /home/airflow/.local/lib/python3.12/site-packages/airflow/example_dags/example_short_circuit_operator.py
[2024-07-19T06:34:56.384+0000] {logging_mixin.py:188} INFO - [2024-07-19T06:34:56.383+0000] {dag.py:3089} INFO - Sync 1 DAGs
[2024-07-19T06:34:56.418+0000] {logging_mixin.py:188} INFO - [2024-07-19T06:34:56.418+0000] {dag.py:3947} INFO - Setting next_dagrun for example_short_circuit_operator to 2024-07-18 00:00:00+00:00, run_after=2024-07-19 00:00:00+00:00
[2024-07-19T06:34:56.445+0000] {processor.py:183} INFO - Processing /home/airflow/.local/lib/python3.12/site-packages/airflow/example_dags/example_short_circuit_operator.py took 0.118 seconds
[2024-07-19T06:35:26.988+0000] {processor.py:161} INFO - Started process (PID=9005) to work on /home/airflow/.local/lib/python3.12/site-packages/airflow/example_dags/example_short_circuit_operator.py
[2024-07-19T06:35:26.989+0000] {processor.py:830} INFO - Processing file /home/airflow/.local/lib/python3.12/site-packages/airflow/example_dags/example_short_circuit_operator.py for tasks to queue
[2024-07-19T06:35:26.992+0000] {logging_mixin.py:188} INFO - [2024-07-19T06:35:26.991+0000] {dagbag.py:545} INFO - Filling up the DagBag from /home/airflow/.local/lib/python3.12/site-packages/airflow/example_dags/example_short_circuit_operator.py
[2024-07-19T06:35:27.003+0000] {processor.py:840} INFO - DAG(s) 'example_short_circuit_operator' retrieved from /home/airflow/.local/lib/python3.12/site-packages/airflow/example_dags/example_short_circuit_operator.py
[2024-07-19T06:35:27.081+0000] {logging_mixin.py:188} INFO - [2024-07-19T06:35:27.081+0000] {dag.py:3089} INFO - Sync 1 DAGs
[2024-07-19T06:35:27.115+0000] {logging_mixin.py:188} INFO - [2024-07-19T06:35:27.114+0000] {dag.py:3947} INFO - Setting next_dagrun for example_short_circuit_operator to 2024-07-18 00:00:00+00:00, run_after=2024-07-19 00:00:00+00:00
[2024-07-19T06:35:27.142+0000] {processor.py:183} INFO - Processing /home/airflow/.local/lib/python3.12/site-packages/airflow/example_dags/example_short_circuit_operator.py took 0.164 seconds
[2024-07-19T06:35:58.114+0000] {processor.py:161} INFO - Started process (PID=9065) to work on /home/airflow/.local/lib/python3.12/site-packages/airflow/example_dags/example_short_circuit_operator.py
[2024-07-19T06:35:58.116+0000] {processor.py:830} INFO - Processing file /home/airflow/.local/lib/python3.12/site-packages/airflow/example_dags/example_short_circuit_operator.py for tasks to queue
[2024-07-19T06:35:58.120+0000] {logging_mixin.py:188} INFO - [2024-07-19T06:35:58.119+0000] {dagbag.py:545} INFO - Filling up the DagBag from /home/airflow/.local/lib/python3.12/site-packages/airflow/example_dags/example_short_circuit_operator.py
[2024-07-19T06:35:58.150+0000] {processor.py:840} INFO - DAG(s) 'example_short_circuit_operator' retrieved from /home/airflow/.local/lib/python3.12/site-packages/airflow/example_dags/example_short_circuit_operator.py
[2024-07-19T06:35:58.202+0000] {logging_mixin.py:188} INFO - [2024-07-19T06:35:58.201+0000] {dag.py:3089} INFO - Sync 1 DAGs
[2024-07-19T06:35:58.262+0000] {logging_mixin.py:188} INFO - [2024-07-19T06:35:58.261+0000] {dag.py:3947} INFO - Setting next_dagrun for example_short_circuit_operator to 2024-07-18 00:00:00+00:00, run_after=2024-07-19 00:00:00+00:00
[2024-07-19T06:35:58.300+0000] {processor.py:183} INFO - Processing /home/airflow/.local/lib/python3.12/site-packages/airflow/example_dags/example_short_circuit_operator.py took 0.196 seconds
[2024-07-19T06:36:28.450+0000] {processor.py:161} INFO - Started process (PID=9125) to work on /home/airflow/.local/lib/python3.12/site-packages/airflow/example_dags/example_short_circuit_operator.py
[2024-07-19T06:36:28.452+0000] {processor.py:830} INFO - Processing file /home/airflow/.local/lib/python3.12/site-packages/airflow/example_dags/example_short_circuit_operator.py for tasks to queue
[2024-07-19T06:36:28.453+0000] {logging_mixin.py:188} INFO - [2024-07-19T06:36:28.453+0000] {dagbag.py:545} INFO - Filling up the DagBag from /home/airflow/.local/lib/python3.12/site-packages/airflow/example_dags/example_short_circuit_operator.py
[2024-07-19T06:36:28.462+0000] {processor.py:840} INFO - DAG(s) 'example_short_circuit_operator' retrieved from /home/airflow/.local/lib/python3.12/site-packages/airflow/example_dags/example_short_circuit_operator.py
[2024-07-19T06:36:28.502+0000] {logging_mixin.py:188} INFO - [2024-07-19T06:36:28.502+0000] {dag.py:3089} INFO - Sync 1 DAGs
[2024-07-19T06:36:28.531+0000] {logging_mixin.py:188} INFO - [2024-07-19T06:36:28.531+0000] {dag.py:3947} INFO - Setting next_dagrun for example_short_circuit_operator to 2024-07-18 00:00:00+00:00, run_after=2024-07-19 00:00:00+00:00
[2024-07-19T06:36:28.559+0000] {processor.py:183} INFO - Processing /home/airflow/.local/lib/python3.12/site-packages/airflow/example_dags/example_short_circuit_operator.py took 0.117 seconds
[2024-07-19T06:36:59.000+0000] {processor.py:161} INFO - Started process (PID=9185) to work on /home/airflow/.local/lib/python3.12/site-packages/airflow/example_dags/example_short_circuit_operator.py
[2024-07-19T06:36:59.002+0000] {processor.py:830} INFO - Processing file /home/airflow/.local/lib/python3.12/site-packages/airflow/example_dags/example_short_circuit_operator.py for tasks to queue
[2024-07-19T06:36:59.003+0000] {logging_mixin.py:188} INFO - [2024-07-19T06:36:59.003+0000] {dagbag.py:545} INFO - Filling up the DagBag from /home/airflow/.local/lib/python3.12/site-packages/airflow/example_dags/example_short_circuit_operator.py
[2024-07-19T06:36:59.011+0000] {processor.py:840} INFO - DAG(s) 'example_short_circuit_operator' retrieved from /home/airflow/.local/lib/python3.12/site-packages/airflow/example_dags/example_short_circuit_operator.py
[2024-07-19T06:36:59.048+0000] {logging_mixin.py:188} INFO - [2024-07-19T06:36:59.047+0000] {dag.py:3089} INFO - Sync 1 DAGs
[2024-07-19T06:36:59.076+0000] {logging_mixin.py:188} INFO - [2024-07-19T06:36:59.075+0000] {dag.py:3947} INFO - Setting next_dagrun for example_short_circuit_operator to 2024-07-18 00:00:00+00:00, run_after=2024-07-19 00:00:00+00:00
[2024-07-19T06:36:59.100+0000] {processor.py:183} INFO - Processing /home/airflow/.local/lib/python3.12/site-packages/airflow/example_dags/example_short_circuit_operator.py took 0.108 seconds
[2024-07-19T06:37:29.609+0000] {processor.py:161} INFO - Started process (PID=9245) to work on /home/airflow/.local/lib/python3.12/site-packages/airflow/example_dags/example_short_circuit_operator.py
[2024-07-19T06:37:29.612+0000] {processor.py:830} INFO - Processing file /home/airflow/.local/lib/python3.12/site-packages/airflow/example_dags/example_short_circuit_operator.py for tasks to queue
[2024-07-19T06:37:29.615+0000] {logging_mixin.py:188} INFO - [2024-07-19T06:37:29.614+0000] {dagbag.py:545} INFO - Filling up the DagBag from /home/airflow/.local/lib/python3.12/site-packages/airflow/example_dags/example_short_circuit_operator.py
[2024-07-19T06:37:29.625+0000] {processor.py:840} INFO - DAG(s) 'example_short_circuit_operator' retrieved from /home/airflow/.local/lib/python3.12/site-packages/airflow/example_dags/example_short_circuit_operator.py
[2024-07-19T06:37:29.670+0000] {logging_mixin.py:188} INFO - [2024-07-19T06:37:29.669+0000] {dag.py:3089} INFO - Sync 1 DAGs
[2024-07-19T06:37:29.702+0000] {logging_mixin.py:188} INFO - [2024-07-19T06:37:29.702+0000] {dag.py:3947} INFO - Setting next_dagrun for example_short_circuit_operator to 2024-07-18 00:00:00+00:00, run_after=2024-07-19 00:00:00+00:00
[2024-07-19T06:37:29.730+0000] {processor.py:183} INFO - Processing /home/airflow/.local/lib/python3.12/site-packages/airflow/example_dags/example_short_circuit_operator.py took 0.133 seconds
[2024-07-19T06:38:01.154+0000] {processor.py:161} INFO - Started process (PID=9305) to work on /home/airflow/.local/lib/python3.12/site-packages/airflow/example_dags/example_short_circuit_operator.py
[2024-07-19T06:38:01.156+0000] {processor.py:830} INFO - Processing file /home/airflow/.local/lib/python3.12/site-packages/airflow/example_dags/example_short_circuit_operator.py for tasks to queue
[2024-07-19T06:38:01.157+0000] {logging_mixin.py:188} INFO - [2024-07-19T06:38:01.157+0000] {dagbag.py:545} INFO - Filling up the DagBag from /home/airflow/.local/lib/python3.12/site-packages/airflow/example_dags/example_short_circuit_operator.py
[2024-07-19T06:38:01.167+0000] {processor.py:840} INFO - DAG(s) 'example_short_circuit_operator' retrieved from /home/airflow/.local/lib/python3.12/site-packages/airflow/example_dags/example_short_circuit_operator.py
[2024-07-19T06:38:01.225+0000] {logging_mixin.py:188} INFO - [2024-07-19T06:38:01.225+0000] {dag.py:3089} INFO - Sync 1 DAGs
[2024-07-19T06:38:01.581+0000] {logging_mixin.py:188} INFO - [2024-07-19T06:38:01.580+0000] {dag.py:3947} INFO - Setting next_dagrun for example_short_circuit_operator to 2024-07-18 00:00:00+00:00, run_after=2024-07-19 00:00:00+00:00
[2024-07-19T06:38:01.680+0000] {processor.py:183} INFO - Processing /home/airflow/.local/lib/python3.12/site-packages/airflow/example_dags/example_short_circuit_operator.py took 0.536 seconds
[2024-07-19T06:38:31.940+0000] {processor.py:161} INFO - Started process (PID=9365) to work on /home/airflow/.local/lib/python3.12/site-packages/airflow/example_dags/example_short_circuit_operator.py
[2024-07-19T06:38:31.942+0000] {processor.py:830} INFO - Processing file /home/airflow/.local/lib/python3.12/site-packages/airflow/example_dags/example_short_circuit_operator.py for tasks to queue
[2024-07-19T06:38:31.943+0000] {logging_mixin.py:188} INFO - [2024-07-19T06:38:31.943+0000] {dagbag.py:545} INFO - Filling up the DagBag from /home/airflow/.local/lib/python3.12/site-packages/airflow/example_dags/example_short_circuit_operator.py
[2024-07-19T06:38:31.954+0000] {processor.py:840} INFO - DAG(s) 'example_short_circuit_operator' retrieved from /home/airflow/.local/lib/python3.12/site-packages/airflow/example_dags/example_short_circuit_operator.py
[2024-07-19T06:38:31.990+0000] {logging_mixin.py:188} INFO - [2024-07-19T06:38:31.989+0000] {dag.py:3089} INFO - Sync 1 DAGs
[2024-07-19T06:38:32.016+0000] {logging_mixin.py:188} INFO - [2024-07-19T06:38:32.016+0000] {dag.py:3947} INFO - Setting next_dagrun for example_short_circuit_operator to 2024-07-18 00:00:00+00:00, run_after=2024-07-19 00:00:00+00:00
[2024-07-19T06:38:32.039+0000] {processor.py:183} INFO - Processing /home/airflow/.local/lib/python3.12/site-packages/airflow/example_dags/example_short_circuit_operator.py took 0.108 seconds
[2024-07-19T06:39:02.554+0000] {processor.py:161} INFO - Started process (PID=9425) to work on /home/airflow/.local/lib/python3.12/site-packages/airflow/example_dags/example_short_circuit_operator.py
[2024-07-19T06:39:02.555+0000] {processor.py:830} INFO - Processing file /home/airflow/.local/lib/python3.12/site-packages/airflow/example_dags/example_short_circuit_operator.py for tasks to queue
[2024-07-19T06:39:02.557+0000] {logging_mixin.py:188} INFO - [2024-07-19T06:39:02.556+0000] {dagbag.py:545} INFO - Filling up the DagBag from /home/airflow/.local/lib/python3.12/site-packages/airflow/example_dags/example_short_circuit_operator.py
[2024-07-19T06:39:02.564+0000] {processor.py:840} INFO - DAG(s) 'example_short_circuit_operator' retrieved from /home/airflow/.local/lib/python3.12/site-packages/airflow/example_dags/example_short_circuit_operator.py
[2024-07-19T06:39:02.595+0000] {logging_mixin.py:188} INFO - [2024-07-19T06:39:02.595+0000] {dag.py:3089} INFO - Sync 1 DAGs
[2024-07-19T06:39:02.619+0000] {logging_mixin.py:188} INFO - [2024-07-19T06:39:02.619+0000] {dag.py:3947} INFO - Setting next_dagrun for example_short_circuit_operator to 2024-07-18 00:00:00+00:00, run_after=2024-07-19 00:00:00+00:00
[2024-07-19T06:39:02.641+0000] {processor.py:183} INFO - Processing /home/airflow/.local/lib/python3.12/site-packages/airflow/example_dags/example_short_circuit_operator.py took 0.094 seconds
