[2024-07-19T00:38:12.938+0000] {processor.py:161} INFO - Started process (PID=6073) to work on /home/airflow/.local/lib/python3.12/site-packages/airflow/example_dags/example_python_operator.py
[2024-07-19T00:38:12.940+0000] {processor.py:830} INFO - Processing file /home/airflow/.local/lib/python3.12/site-packages/airflow/example_dags/example_python_operator.py for tasks to queue
[2024-07-19T00:38:12.941+0000] {logging_mixin.py:188} INFO - [2024-07-19T00:38:12.941+0000] {dagbag.py:545} INFO - Filling up the DagBag from /home/airflow/.local/lib/python3.12/site-packages/airflow/example_dags/example_python_operator.py
[2024-07-19T00:38:12.957+0000] {processor.py:840} INFO - DAG(s) 'example_python_operator' retrieved from /home/airflow/.local/lib/python3.12/site-packages/airflow/example_dags/example_python_operator.py
[2024-07-19T00:38:13.006+0000] {logging_mixin.py:188} INFO - [2024-07-19T00:38:13.006+0000] {dag.py:3089} INFO - Sync 1 DAGs
[2024-07-19T00:38:13.020+0000] {logging_mixin.py:188} INFO - [2024-07-19T00:38:13.020+0000] {dag.py:3947} INFO - Setting next_dagrun for example_python_operator to None, run_after=None
[2024-07-19T00:38:13.040+0000] {processor.py:183} INFO - Processing /home/airflow/.local/lib/python3.12/site-packages/airflow/example_dags/example_python_operator.py took 0.110 seconds
[2024-07-19T02:38:44.412+0000] {processor.py:161} INFO - Started process (PID=6133) to work on /home/airflow/.local/lib/python3.12/site-packages/airflow/example_dags/example_python_operator.py
[2024-07-19T02:38:44.415+0000] {processor.py:830} INFO - Processing file /home/airflow/.local/lib/python3.12/site-packages/airflow/example_dags/example_python_operator.py for tasks to queue
[2024-07-19T02:38:44.417+0000] {logging_mixin.py:188} INFO - [2024-07-19T02:38:44.416+0000] {dagbag.py:545} INFO - Filling up the DagBag from /home/airflow/.local/lib/python3.12/site-packages/airflow/example_dags/example_python_operator.py
[2024-07-19T02:38:44.440+0000] {processor.py:840} INFO - DAG(s) 'example_python_operator' retrieved from /home/airflow/.local/lib/python3.12/site-packages/airflow/example_dags/example_python_operator.py
[2024-07-19T02:38:44.481+0000] {logging_mixin.py:188} INFO - [2024-07-19T02:38:44.481+0000] {dag.py:3089} INFO - Sync 1 DAGs
[2024-07-19T02:38:44.500+0000] {logging_mixin.py:188} INFO - [2024-07-19T02:38:44.500+0000] {dag.py:3947} INFO - Setting next_dagrun for example_python_operator to None, run_after=None
[2024-07-19T02:38:44.526+0000] {processor.py:183} INFO - Processing /home/airflow/.local/lib/python3.12/site-packages/airflow/example_dags/example_python_operator.py took 0.133 seconds
[2024-07-19T05:26:55.982+0000] {processor.py:161} INFO - Started process (PID=6193) to work on /home/airflow/.local/lib/python3.12/site-packages/airflow/example_dags/example_python_operator.py
[2024-07-19T05:26:55.984+0000] {processor.py:830} INFO - Processing file /home/airflow/.local/lib/python3.12/site-packages/airflow/example_dags/example_python_operator.py for tasks to queue
[2024-07-19T05:26:55.986+0000] {logging_mixin.py:188} INFO - [2024-07-19T05:26:55.985+0000] {dagbag.py:545} INFO - Filling up the DagBag from /home/airflow/.local/lib/python3.12/site-packages/airflow/example_dags/example_python_operator.py
[2024-07-19T05:26:56.000+0000] {processor.py:840} INFO - DAG(s) 'example_python_operator' retrieved from /home/airflow/.local/lib/python3.12/site-packages/airflow/example_dags/example_python_operator.py
[2024-07-19T05:26:56.028+0000] {logging_mixin.py:188} INFO - [2024-07-19T05:26:56.028+0000] {dag.py:3089} INFO - Sync 1 DAGs
[2024-07-19T05:26:56.043+0000] {logging_mixin.py:188} INFO - [2024-07-19T05:26:56.043+0000] {dag.py:3947} INFO - Setting next_dagrun for example_python_operator to None, run_after=None
[2024-07-19T05:26:56.067+0000] {processor.py:183} INFO - Processing /home/airflow/.local/lib/python3.12/site-packages/airflow/example_dags/example_python_operator.py took 0.093 seconds
[2024-07-19T06:12:00.507+0000] {processor.py:161} INFO - Started process (PID=6247) to work on /home/airflow/.local/lib/python3.12/site-packages/airflow/example_dags/example_python_operator.py
[2024-07-19T06:12:00.508+0000] {processor.py:830} INFO - Processing file /home/airflow/.local/lib/python3.12/site-packages/airflow/example_dags/example_python_operator.py for tasks to queue
[2024-07-19T06:12:00.509+0000] {logging_mixin.py:188} INFO - [2024-07-19T06:12:00.509+0000] {dagbag.py:545} INFO - Filling up the DagBag from /home/airflow/.local/lib/python3.12/site-packages/airflow/example_dags/example_python_operator.py
[2024-07-19T06:12:00.522+0000] {processor.py:840} INFO - DAG(s) 'example_python_operator' retrieved from /home/airflow/.local/lib/python3.12/site-packages/airflow/example_dags/example_python_operator.py
[2024-07-19T06:12:00.549+0000] {logging_mixin.py:188} INFO - [2024-07-19T06:12:00.548+0000] {dag.py:3089} INFO - Sync 1 DAGs
[2024-07-19T06:12:00.563+0000] {logging_mixin.py:188} INFO - [2024-07-19T06:12:00.563+0000] {dag.py:3947} INFO - Setting next_dagrun for example_python_operator to None, run_after=None
[2024-07-19T06:12:00.587+0000] {processor.py:183} INFO - Processing /home/airflow/.local/lib/python3.12/site-packages/airflow/example_dags/example_python_operator.py took 0.087 seconds
[2024-07-19T06:12:31.649+0000] {processor.py:161} INFO - Started process (PID=6307) to work on /home/airflow/.local/lib/python3.12/site-packages/airflow/example_dags/example_python_operator.py
[2024-07-19T06:12:31.651+0000] {processor.py:830} INFO - Processing file /home/airflow/.local/lib/python3.12/site-packages/airflow/example_dags/example_python_operator.py for tasks to queue
[2024-07-19T06:12:31.652+0000] {logging_mixin.py:188} INFO - [2024-07-19T06:12:31.652+0000] {dagbag.py:545} INFO - Filling up the DagBag from /home/airflow/.local/lib/python3.12/site-packages/airflow/example_dags/example_python_operator.py
[2024-07-19T06:12:31.668+0000] {processor.py:840} INFO - DAG(s) 'example_python_operator' retrieved from /home/airflow/.local/lib/python3.12/site-packages/airflow/example_dags/example_python_operator.py
[2024-07-19T06:12:31.699+0000] {logging_mixin.py:188} INFO - [2024-07-19T06:12:31.699+0000] {dag.py:3089} INFO - Sync 1 DAGs
[2024-07-19T06:12:31.716+0000] {logging_mixin.py:188} INFO - [2024-07-19T06:12:31.716+0000] {dag.py:3947} INFO - Setting next_dagrun for example_python_operator to None, run_after=None
[2024-07-19T06:12:31.741+0000] {processor.py:183} INFO - Processing /home/airflow/.local/lib/python3.12/site-packages/airflow/example_dags/example_python_operator.py took 0.100 seconds
[2024-07-19T06:13:02.789+0000] {processor.py:161} INFO - Started process (PID=6367) to work on /home/airflow/.local/lib/python3.12/site-packages/airflow/example_dags/example_python_operator.py
[2024-07-19T06:13:02.829+0000] {processor.py:830} INFO - Processing file /home/airflow/.local/lib/python3.12/site-packages/airflow/example_dags/example_python_operator.py for tasks to queue
[2024-07-19T06:13:02.832+0000] {logging_mixin.py:188} INFO - [2024-07-19T06:13:02.831+0000] {dagbag.py:545} INFO - Filling up the DagBag from /home/airflow/.local/lib/python3.12/site-packages/airflow/example_dags/example_python_operator.py
[2024-07-19T06:13:02.849+0000] {processor.py:840} INFO - DAG(s) 'example_python_operator' retrieved from /home/airflow/.local/lib/python3.12/site-packages/airflow/example_dags/example_python_operator.py
[2024-07-19T06:13:02.888+0000] {logging_mixin.py:188} INFO - [2024-07-19T06:13:02.887+0000] {dag.py:3089} INFO - Sync 1 DAGs
[2024-07-19T06:13:02.906+0000] {logging_mixin.py:188} INFO - [2024-07-19T06:13:02.906+0000] {dag.py:3947} INFO - Setting next_dagrun for example_python_operator to None, run_after=None
[2024-07-19T06:13:02.933+0000] {processor.py:183} INFO - Processing /home/airflow/.local/lib/python3.12/site-packages/airflow/example_dags/example_python_operator.py took 0.154 seconds
[2024-07-19T06:13:33.067+0000] {processor.py:161} INFO - Started process (PID=6427) to work on /home/airflow/.local/lib/python3.12/site-packages/airflow/example_dags/example_python_operator.py
[2024-07-19T06:13:33.124+0000] {processor.py:830} INFO - Processing file /home/airflow/.local/lib/python3.12/site-packages/airflow/example_dags/example_python_operator.py for tasks to queue
[2024-07-19T06:13:33.126+0000] {logging_mixin.py:188} INFO - [2024-07-19T06:13:33.125+0000] {dagbag.py:545} INFO - Filling up the DagBag from /home/airflow/.local/lib/python3.12/site-packages/airflow/example_dags/example_python_operator.py
[2024-07-19T06:13:33.141+0000] {processor.py:840} INFO - DAG(s) 'example_python_operator' retrieved from /home/airflow/.local/lib/python3.12/site-packages/airflow/example_dags/example_python_operator.py
[2024-07-19T06:13:33.175+0000] {logging_mixin.py:188} INFO - [2024-07-19T06:13:33.175+0000] {dag.py:3089} INFO - Sync 1 DAGs
[2024-07-19T06:13:33.191+0000] {logging_mixin.py:188} INFO - [2024-07-19T06:13:33.191+0000] {dag.py:3947} INFO - Setting next_dagrun for example_python_operator to None, run_after=None
[2024-07-19T06:13:33.213+0000] {processor.py:183} INFO - Processing /home/airflow/.local/lib/python3.12/site-packages/airflow/example_dags/example_python_operator.py took 0.154 seconds
[2024-07-19T06:14:03.606+0000] {processor.py:161} INFO - Started process (PID=6487) to work on /home/airflow/.local/lib/python3.12/site-packages/airflow/example_dags/example_python_operator.py
[2024-07-19T06:14:03.607+0000] {processor.py:830} INFO - Processing file /home/airflow/.local/lib/python3.12/site-packages/airflow/example_dags/example_python_operator.py for tasks to queue
[2024-07-19T06:14:03.609+0000] {logging_mixin.py:188} INFO - [2024-07-19T06:14:03.609+0000] {dagbag.py:545} INFO - Filling up the DagBag from /home/airflow/.local/lib/python3.12/site-packages/airflow/example_dags/example_python_operator.py
[2024-07-19T06:14:03.636+0000] {processor.py:840} INFO - DAG(s) 'example_python_operator' retrieved from /home/airflow/.local/lib/python3.12/site-packages/airflow/example_dags/example_python_operator.py
[2024-07-19T06:14:03.693+0000] {logging_mixin.py:188} INFO - [2024-07-19T06:14:03.692+0000] {dag.py:3089} INFO - Sync 1 DAGs
[2024-07-19T06:14:03.725+0000] {logging_mixin.py:188} INFO - [2024-07-19T06:14:03.724+0000] {dag.py:3947} INFO - Setting next_dagrun for example_python_operator to None, run_after=None
[2024-07-19T06:14:03.759+0000] {processor.py:183} INFO - Processing /home/airflow/.local/lib/python3.12/site-packages/airflow/example_dags/example_python_operator.py took 0.164 seconds
[2024-07-19T06:14:34.669+0000] {processor.py:161} INFO - Started process (PID=6553) to work on /home/airflow/.local/lib/python3.12/site-packages/airflow/example_dags/example_python_operator.py
[2024-07-19T06:14:34.670+0000] {processor.py:830} INFO - Processing file /home/airflow/.local/lib/python3.12/site-packages/airflow/example_dags/example_python_operator.py for tasks to queue
[2024-07-19T06:14:34.672+0000] {logging_mixin.py:188} INFO - [2024-07-19T06:14:34.671+0000] {dagbag.py:545} INFO - Filling up the DagBag from /home/airflow/.local/lib/python3.12/site-packages/airflow/example_dags/example_python_operator.py
[2024-07-19T06:14:34.688+0000] {processor.py:840} INFO - DAG(s) 'example_python_operator' retrieved from /home/airflow/.local/lib/python3.12/site-packages/airflow/example_dags/example_python_operator.py
[2024-07-19T06:14:34.723+0000] {logging_mixin.py:188} INFO - [2024-07-19T06:14:34.722+0000] {dag.py:3089} INFO - Sync 1 DAGs
[2024-07-19T06:14:34.766+0000] {logging_mixin.py:188} INFO - [2024-07-19T06:14:34.765+0000] {dag.py:3947} INFO - Setting next_dagrun for example_python_operator to None, run_after=None
[2024-07-19T06:14:34.796+0000] {processor.py:183} INFO - Processing /home/airflow/.local/lib/python3.12/site-packages/airflow/example_dags/example_python_operator.py took 0.136 seconds
[2024-07-19T06:15:05.554+0000] {processor.py:161} INFO - Started process (PID=6613) to work on /home/airflow/.local/lib/python3.12/site-packages/airflow/example_dags/example_python_operator.py
[2024-07-19T06:15:05.598+0000] {processor.py:830} INFO - Processing file /home/airflow/.local/lib/python3.12/site-packages/airflow/example_dags/example_python_operator.py for tasks to queue
[2024-07-19T06:15:05.602+0000] {logging_mixin.py:188} INFO - [2024-07-19T06:15:05.601+0000] {dagbag.py:545} INFO - Filling up the DagBag from /home/airflow/.local/lib/python3.12/site-packages/airflow/example_dags/example_python_operator.py
[2024-07-19T06:15:05.622+0000] {processor.py:840} INFO - DAG(s) 'example_python_operator' retrieved from /home/airflow/.local/lib/python3.12/site-packages/airflow/example_dags/example_python_operator.py
[2024-07-19T06:15:05.665+0000] {logging_mixin.py:188} INFO - [2024-07-19T06:15:05.665+0000] {dag.py:3089} INFO - Sync 1 DAGs
[2024-07-19T06:15:05.685+0000] {logging_mixin.py:188} INFO - [2024-07-19T06:15:05.684+0000] {dag.py:3947} INFO - Setting next_dagrun for example_python_operator to None, run_after=None
[2024-07-19T06:15:05.710+0000] {processor.py:183} INFO - Processing /home/airflow/.local/lib/python3.12/site-packages/airflow/example_dags/example_python_operator.py took 0.169 seconds
[2024-07-19T06:15:36.254+0000] {processor.py:161} INFO - Started process (PID=6673) to work on /home/airflow/.local/lib/python3.12/site-packages/airflow/example_dags/example_python_operator.py
[2024-07-19T06:15:36.293+0000] {processor.py:830} INFO - Processing file /home/airflow/.local/lib/python3.12/site-packages/airflow/example_dags/example_python_operator.py for tasks to queue
[2024-07-19T06:15:36.295+0000] {logging_mixin.py:188} INFO - [2024-07-19T06:15:36.294+0000] {dagbag.py:545} INFO - Filling up the DagBag from /home/airflow/.local/lib/python3.12/site-packages/airflow/example_dags/example_python_operator.py
[2024-07-19T06:15:36.312+0000] {processor.py:840} INFO - DAG(s) 'example_python_operator' retrieved from /home/airflow/.local/lib/python3.12/site-packages/airflow/example_dags/example_python_operator.py
[2024-07-19T06:15:36.348+0000] {logging_mixin.py:188} INFO - [2024-07-19T06:15:36.348+0000] {dag.py:3089} INFO - Sync 1 DAGs
[2024-07-19T06:15:36.366+0000] {logging_mixin.py:188} INFO - [2024-07-19T06:15:36.365+0000] {dag.py:3947} INFO - Setting next_dagrun for example_python_operator to None, run_after=None
[2024-07-19T06:15:36.394+0000] {processor.py:183} INFO - Processing /home/airflow/.local/lib/python3.12/site-packages/airflow/example_dags/example_python_operator.py took 0.151 seconds
[2024-07-19T06:16:07.270+0000] {processor.py:161} INFO - Started process (PID=6733) to work on /home/airflow/.local/lib/python3.12/site-packages/airflow/example_dags/example_python_operator.py
[2024-07-19T06:16:07.274+0000] {processor.py:830} INFO - Processing file /home/airflow/.local/lib/python3.12/site-packages/airflow/example_dags/example_python_operator.py for tasks to queue
[2024-07-19T06:16:07.277+0000] {logging_mixin.py:188} INFO - [2024-07-19T06:16:07.276+0000] {dagbag.py:545} INFO - Filling up the DagBag from /home/airflow/.local/lib/python3.12/site-packages/airflow/example_dags/example_python_operator.py
[2024-07-19T06:16:07.298+0000] {processor.py:840} INFO - DAG(s) 'example_python_operator' retrieved from /home/airflow/.local/lib/python3.12/site-packages/airflow/example_dags/example_python_operator.py
[2024-07-19T06:16:07.348+0000] {logging_mixin.py:188} INFO - [2024-07-19T06:16:07.347+0000] {dag.py:3089} INFO - Sync 1 DAGs
[2024-07-19T06:16:07.371+0000] {logging_mixin.py:188} INFO - [2024-07-19T06:16:07.370+0000] {dag.py:3947} INFO - Setting next_dagrun for example_python_operator to None, run_after=None
[2024-07-19T06:16:07.435+0000] {processor.py:183} INFO - Processing /home/airflow/.local/lib/python3.12/site-packages/airflow/example_dags/example_python_operator.py took 0.181 seconds
[2024-07-19T06:16:37.754+0000] {processor.py:161} INFO - Started process (PID=6793) to work on /home/airflow/.local/lib/python3.12/site-packages/airflow/example_dags/example_python_operator.py
[2024-07-19T06:16:37.755+0000] {processor.py:830} INFO - Processing file /home/airflow/.local/lib/python3.12/site-packages/airflow/example_dags/example_python_operator.py for tasks to queue
[2024-07-19T06:16:37.756+0000] {logging_mixin.py:188} INFO - [2024-07-19T06:16:37.756+0000] {dagbag.py:545} INFO - Filling up the DagBag from /home/airflow/.local/lib/python3.12/site-packages/airflow/example_dags/example_python_operator.py
[2024-07-19T06:16:37.771+0000] {processor.py:840} INFO - DAG(s) 'example_python_operator' retrieved from /home/airflow/.local/lib/python3.12/site-packages/airflow/example_dags/example_python_operator.py
[2024-07-19T06:16:37.806+0000] {logging_mixin.py:188} INFO - [2024-07-19T06:16:37.805+0000] {dag.py:3089} INFO - Sync 1 DAGs
[2024-07-19T06:16:37.823+0000] {logging_mixin.py:188} INFO - [2024-07-19T06:16:37.823+0000] {dag.py:3947} INFO - Setting next_dagrun for example_python_operator to None, run_after=None
[2024-07-19T06:16:37.853+0000] {processor.py:183} INFO - Processing /home/airflow/.local/lib/python3.12/site-packages/airflow/example_dags/example_python_operator.py took 0.109 seconds
[2024-07-19T06:17:08.130+0000] {processor.py:161} INFO - Started process (PID=6853) to work on /home/airflow/.local/lib/python3.12/site-packages/airflow/example_dags/example_python_operator.py
[2024-07-19T06:17:08.132+0000] {processor.py:830} INFO - Processing file /home/airflow/.local/lib/python3.12/site-packages/airflow/example_dags/example_python_operator.py for tasks to queue
[2024-07-19T06:17:08.133+0000] {logging_mixin.py:188} INFO - [2024-07-19T06:17:08.133+0000] {dagbag.py:545} INFO - Filling up the DagBag from /home/airflow/.local/lib/python3.12/site-packages/airflow/example_dags/example_python_operator.py
[2024-07-19T06:17:08.148+0000] {processor.py:840} INFO - DAG(s) 'example_python_operator' retrieved from /home/airflow/.local/lib/python3.12/site-packages/airflow/example_dags/example_python_operator.py
[2024-07-19T06:17:08.182+0000] {logging_mixin.py:188} INFO - [2024-07-19T06:17:08.182+0000] {dag.py:3089} INFO - Sync 1 DAGs
[2024-07-19T06:17:08.199+0000] {logging_mixin.py:188} INFO - [2024-07-19T06:17:08.198+0000] {dag.py:3947} INFO - Setting next_dagrun for example_python_operator to None, run_after=None
[2024-07-19T06:17:08.226+0000] {processor.py:183} INFO - Processing /home/airflow/.local/lib/python3.12/site-packages/airflow/example_dags/example_python_operator.py took 0.105 seconds
[2024-07-19T06:17:38.431+0000] {processor.py:161} INFO - Started process (PID=6913) to work on /home/airflow/.local/lib/python3.12/site-packages/airflow/example_dags/example_python_operator.py
[2024-07-19T06:17:38.432+0000] {processor.py:830} INFO - Processing file /home/airflow/.local/lib/python3.12/site-packages/airflow/example_dags/example_python_operator.py for tasks to queue
[2024-07-19T06:17:38.434+0000] {logging_mixin.py:188} INFO - [2024-07-19T06:17:38.433+0000] {dagbag.py:545} INFO - Filling up the DagBag from /home/airflow/.local/lib/python3.12/site-packages/airflow/example_dags/example_python_operator.py
[2024-07-19T06:17:38.448+0000] {processor.py:840} INFO - DAG(s) 'example_python_operator' retrieved from /home/airflow/.local/lib/python3.12/site-packages/airflow/example_dags/example_python_operator.py
[2024-07-19T06:17:38.479+0000] {logging_mixin.py:188} INFO - [2024-07-19T06:17:38.479+0000] {dag.py:3089} INFO - Sync 1 DAGs
[2024-07-19T06:17:38.496+0000] {logging_mixin.py:188} INFO - [2024-07-19T06:17:38.496+0000] {dag.py:3947} INFO - Setting next_dagrun for example_python_operator to None, run_after=None
[2024-07-19T06:17:38.518+0000] {processor.py:183} INFO - Processing /home/airflow/.local/lib/python3.12/site-packages/airflow/example_dags/example_python_operator.py took 0.096 seconds
[2024-07-19T06:18:09.596+0000] {processor.py:161} INFO - Started process (PID=6973) to work on /home/airflow/.local/lib/python3.12/site-packages/airflow/example_dags/example_python_operator.py
[2024-07-19T06:18:09.597+0000] {processor.py:830} INFO - Processing file /home/airflow/.local/lib/python3.12/site-packages/airflow/example_dags/example_python_operator.py for tasks to queue
[2024-07-19T06:18:09.598+0000] {logging_mixin.py:188} INFO - [2024-07-19T06:18:09.598+0000] {dagbag.py:545} INFO - Filling up the DagBag from /home/airflow/.local/lib/python3.12/site-packages/airflow/example_dags/example_python_operator.py
[2024-07-19T06:18:09.612+0000] {processor.py:840} INFO - DAG(s) 'example_python_operator' retrieved from /home/airflow/.local/lib/python3.12/site-packages/airflow/example_dags/example_python_operator.py
[2024-07-19T06:18:09.643+0000] {logging_mixin.py:188} INFO - [2024-07-19T06:18:09.643+0000] {dag.py:3089} INFO - Sync 1 DAGs
[2024-07-19T06:18:09.658+0000] {logging_mixin.py:188} INFO - [2024-07-19T06:18:09.658+0000] {dag.py:3947} INFO - Setting next_dagrun for example_python_operator to None, run_after=None
[2024-07-19T06:18:09.685+0000] {processor.py:183} INFO - Processing /home/airflow/.local/lib/python3.12/site-packages/airflow/example_dags/example_python_operator.py took 0.098 seconds
[2024-07-19T06:18:40.173+0000] {processor.py:161} INFO - Started process (PID=7033) to work on /home/airflow/.local/lib/python3.12/site-packages/airflow/example_dags/example_python_operator.py
[2024-07-19T06:18:40.175+0000] {processor.py:830} INFO - Processing file /home/airflow/.local/lib/python3.12/site-packages/airflow/example_dags/example_python_operator.py for tasks to queue
[2024-07-19T06:18:40.177+0000] {logging_mixin.py:188} INFO - [2024-07-19T06:18:40.176+0000] {dagbag.py:545} INFO - Filling up the DagBag from /home/airflow/.local/lib/python3.12/site-packages/airflow/example_dags/example_python_operator.py
[2024-07-19T06:18:40.193+0000] {processor.py:840} INFO - DAG(s) 'example_python_operator' retrieved from /home/airflow/.local/lib/python3.12/site-packages/airflow/example_dags/example_python_operator.py
[2024-07-19T06:18:40.224+0000] {logging_mixin.py:188} INFO - [2024-07-19T06:18:40.224+0000] {dag.py:3089} INFO - Sync 1 DAGs
[2024-07-19T06:18:40.240+0000] {logging_mixin.py:188} INFO - [2024-07-19T06:18:40.240+0000] {dag.py:3947} INFO - Setting next_dagrun for example_python_operator to None, run_after=None
[2024-07-19T06:18:40.262+0000] {processor.py:183} INFO - Processing /home/airflow/.local/lib/python3.12/site-packages/airflow/example_dags/example_python_operator.py took 0.099 seconds
[2024-07-19T06:19:10.645+0000] {processor.py:161} INFO - Started process (PID=7093) to work on /home/airflow/.local/lib/python3.12/site-packages/airflow/example_dags/example_python_operator.py
[2024-07-19T06:19:10.647+0000] {processor.py:830} INFO - Processing file /home/airflow/.local/lib/python3.12/site-packages/airflow/example_dags/example_python_operator.py for tasks to queue
[2024-07-19T06:19:10.648+0000] {logging_mixin.py:188} INFO - [2024-07-19T06:19:10.648+0000] {dagbag.py:545} INFO - Filling up the DagBag from /home/airflow/.local/lib/python3.12/site-packages/airflow/example_dags/example_python_operator.py
[2024-07-19T06:19:10.661+0000] {processor.py:840} INFO - DAG(s) 'example_python_operator' retrieved from /home/airflow/.local/lib/python3.12/site-packages/airflow/example_dags/example_python_operator.py
[2024-07-19T06:19:10.690+0000] {logging_mixin.py:188} INFO - [2024-07-19T06:19:10.689+0000] {dag.py:3089} INFO - Sync 1 DAGs
[2024-07-19T06:19:10.704+0000] {logging_mixin.py:188} INFO - [2024-07-19T06:19:10.703+0000] {dag.py:3947} INFO - Setting next_dagrun for example_python_operator to None, run_after=None
[2024-07-19T06:19:10.724+0000] {processor.py:183} INFO - Processing /home/airflow/.local/lib/python3.12/site-packages/airflow/example_dags/example_python_operator.py took 0.087 seconds
[2024-07-19T06:19:40.828+0000] {processor.py:161} INFO - Started process (PID=7151) to work on /home/airflow/.local/lib/python3.12/site-packages/airflow/example_dags/example_python_operator.py
[2024-07-19T06:19:40.829+0000] {processor.py:830} INFO - Processing file /home/airflow/.local/lib/python3.12/site-packages/airflow/example_dags/example_python_operator.py for tasks to queue
[2024-07-19T06:19:40.831+0000] {logging_mixin.py:188} INFO - [2024-07-19T06:19:40.830+0000] {dagbag.py:545} INFO - Filling up the DagBag from /home/airflow/.local/lib/python3.12/site-packages/airflow/example_dags/example_python_operator.py
[2024-07-19T06:19:40.846+0000] {processor.py:840} INFO - DAG(s) 'example_python_operator' retrieved from /home/airflow/.local/lib/python3.12/site-packages/airflow/example_dags/example_python_operator.py
[2024-07-19T06:19:40.880+0000] {logging_mixin.py:188} INFO - [2024-07-19T06:19:40.880+0000] {dag.py:3089} INFO - Sync 1 DAGs
[2024-07-19T06:19:40.897+0000] {logging_mixin.py:188} INFO - [2024-07-19T06:19:40.896+0000] {dag.py:3947} INFO - Setting next_dagrun for example_python_operator to None, run_after=None
[2024-07-19T06:19:40.919+0000] {processor.py:183} INFO - Processing /home/airflow/.local/lib/python3.12/site-packages/airflow/example_dags/example_python_operator.py took 0.100 seconds
[2024-07-19T06:20:11.232+0000] {processor.py:161} INFO - Started process (PID=7211) to work on /home/airflow/.local/lib/python3.12/site-packages/airflow/example_dags/example_python_operator.py
[2024-07-19T06:20:11.233+0000] {processor.py:830} INFO - Processing file /home/airflow/.local/lib/python3.12/site-packages/airflow/example_dags/example_python_operator.py for tasks to queue
[2024-07-19T06:20:11.235+0000] {logging_mixin.py:188} INFO - [2024-07-19T06:20:11.234+0000] {dagbag.py:545} INFO - Filling up the DagBag from /home/airflow/.local/lib/python3.12/site-packages/airflow/example_dags/example_python_operator.py
[2024-07-19T06:20:11.249+0000] {processor.py:840} INFO - DAG(s) 'example_python_operator' retrieved from /home/airflow/.local/lib/python3.12/site-packages/airflow/example_dags/example_python_operator.py
[2024-07-19T06:20:11.281+0000] {logging_mixin.py:188} INFO - [2024-07-19T06:20:11.280+0000] {dag.py:3089} INFO - Sync 1 DAGs
[2024-07-19T06:20:11.302+0000] {logging_mixin.py:188} INFO - [2024-07-19T06:20:11.302+0000] {dag.py:3947} INFO - Setting next_dagrun for example_python_operator to None, run_after=None
[2024-07-19T06:20:11.330+0000] {processor.py:183} INFO - Processing /home/airflow/.local/lib/python3.12/site-packages/airflow/example_dags/example_python_operator.py took 0.106 seconds
[2024-07-19T06:20:41.674+0000] {processor.py:161} INFO - Started process (PID=7271) to work on /home/airflow/.local/lib/python3.12/site-packages/airflow/example_dags/example_python_operator.py
[2024-07-19T06:20:41.675+0000] {processor.py:830} INFO - Processing file /home/airflow/.local/lib/python3.12/site-packages/airflow/example_dags/example_python_operator.py for tasks to queue
[2024-07-19T06:20:41.677+0000] {logging_mixin.py:188} INFO - [2024-07-19T06:20:41.676+0000] {dagbag.py:545} INFO - Filling up the DagBag from /home/airflow/.local/lib/python3.12/site-packages/airflow/example_dags/example_python_operator.py
[2024-07-19T06:20:41.691+0000] {processor.py:840} INFO - DAG(s) 'example_python_operator' retrieved from /home/airflow/.local/lib/python3.12/site-packages/airflow/example_dags/example_python_operator.py
[2024-07-19T06:20:41.725+0000] {logging_mixin.py:188} INFO - [2024-07-19T06:20:41.725+0000] {dag.py:3089} INFO - Sync 1 DAGs
[2024-07-19T06:20:41.743+0000] {logging_mixin.py:188} INFO - [2024-07-19T06:20:41.743+0000] {dag.py:3947} INFO - Setting next_dagrun for example_python_operator to None, run_after=None
[2024-07-19T06:20:41.770+0000] {processor.py:183} INFO - Processing /home/airflow/.local/lib/python3.12/site-packages/airflow/example_dags/example_python_operator.py took 0.105 seconds
[2024-07-19T06:21:12.000+0000] {processor.py:161} INFO - Started process (PID=7331) to work on /home/airflow/.local/lib/python3.12/site-packages/airflow/example_dags/example_python_operator.py
[2024-07-19T06:21:12.002+0000] {processor.py:830} INFO - Processing file /home/airflow/.local/lib/python3.12/site-packages/airflow/example_dags/example_python_operator.py for tasks to queue
[2024-07-19T06:21:12.003+0000] {logging_mixin.py:188} INFO - [2024-07-19T06:21:12.003+0000] {dagbag.py:545} INFO - Filling up the DagBag from /home/airflow/.local/lib/python3.12/site-packages/airflow/example_dags/example_python_operator.py
[2024-07-19T06:21:12.018+0000] {processor.py:840} INFO - DAG(s) 'example_python_operator' retrieved from /home/airflow/.local/lib/python3.12/site-packages/airflow/example_dags/example_python_operator.py
[2024-07-19T06:21:12.050+0000] {logging_mixin.py:188} INFO - [2024-07-19T06:21:12.049+0000] {dag.py:3089} INFO - Sync 1 DAGs
[2024-07-19T06:21:12.067+0000] {logging_mixin.py:188} INFO - [2024-07-19T06:21:12.066+0000] {dag.py:3947} INFO - Setting next_dagrun for example_python_operator to None, run_after=None
[2024-07-19T06:21:12.100+0000] {processor.py:183} INFO - Processing /home/airflow/.local/lib/python3.12/site-packages/airflow/example_dags/example_python_operator.py took 0.107 seconds
[2024-07-19T06:21:42.320+0000] {processor.py:161} INFO - Started process (PID=7391) to work on /home/airflow/.local/lib/python3.12/site-packages/airflow/example_dags/example_python_operator.py
[2024-07-19T06:21:42.321+0000] {processor.py:830} INFO - Processing file /home/airflow/.local/lib/python3.12/site-packages/airflow/example_dags/example_python_operator.py for tasks to queue
[2024-07-19T06:21:42.323+0000] {logging_mixin.py:188} INFO - [2024-07-19T06:21:42.322+0000] {dagbag.py:545} INFO - Filling up the DagBag from /home/airflow/.local/lib/python3.12/site-packages/airflow/example_dags/example_python_operator.py
[2024-07-19T06:21:42.338+0000] {processor.py:840} INFO - DAG(s) 'example_python_operator' retrieved from /home/airflow/.local/lib/python3.12/site-packages/airflow/example_dags/example_python_operator.py
[2024-07-19T06:21:42.368+0000] {logging_mixin.py:188} INFO - [2024-07-19T06:21:42.368+0000] {dag.py:3089} INFO - Sync 1 DAGs
[2024-07-19T06:21:42.386+0000] {logging_mixin.py:188} INFO - [2024-07-19T06:21:42.385+0000] {dag.py:3947} INFO - Setting next_dagrun for example_python_operator to None, run_after=None
[2024-07-19T06:21:42.414+0000] {processor.py:183} INFO - Processing /home/airflow/.local/lib/python3.12/site-packages/airflow/example_dags/example_python_operator.py took 0.103 seconds
[2024-07-19T06:22:12.765+0000] {processor.py:161} INFO - Started process (PID=7451) to work on /home/airflow/.local/lib/python3.12/site-packages/airflow/example_dags/example_python_operator.py
[2024-07-19T06:22:12.767+0000] {processor.py:830} INFO - Processing file /home/airflow/.local/lib/python3.12/site-packages/airflow/example_dags/example_python_operator.py for tasks to queue
[2024-07-19T06:22:12.769+0000] {logging_mixin.py:188} INFO - [2024-07-19T06:22:12.768+0000] {dagbag.py:545} INFO - Filling up the DagBag from /home/airflow/.local/lib/python3.12/site-packages/airflow/example_dags/example_python_operator.py
[2024-07-19T06:22:12.789+0000] {processor.py:840} INFO - DAG(s) 'example_python_operator' retrieved from /home/airflow/.local/lib/python3.12/site-packages/airflow/example_dags/example_python_operator.py
[2024-07-19T06:22:12.829+0000] {logging_mixin.py:188} INFO - [2024-07-19T06:22:12.829+0000] {dag.py:3089} INFO - Sync 1 DAGs
[2024-07-19T06:22:12.851+0000] {logging_mixin.py:188} INFO - [2024-07-19T06:22:12.851+0000] {dag.py:3947} INFO - Setting next_dagrun for example_python_operator to None, run_after=None
[2024-07-19T06:22:12.885+0000] {processor.py:183} INFO - Processing /home/airflow/.local/lib/python3.12/site-packages/airflow/example_dags/example_python_operator.py took 0.129 seconds
[2024-07-19T06:22:43.286+0000] {processor.py:161} INFO - Started process (PID=7512) to work on /home/airflow/.local/lib/python3.12/site-packages/airflow/example_dags/example_python_operator.py
[2024-07-19T06:22:43.323+0000] {processor.py:830} INFO - Processing file /home/airflow/.local/lib/python3.12/site-packages/airflow/example_dags/example_python_operator.py for tasks to queue
[2024-07-19T06:22:43.324+0000] {logging_mixin.py:188} INFO - [2024-07-19T06:22:43.324+0000] {dagbag.py:545} INFO - Filling up the DagBag from /home/airflow/.local/lib/python3.12/site-packages/airflow/example_dags/example_python_operator.py
[2024-07-19T06:22:43.340+0000] {processor.py:840} INFO - DAG(s) 'example_python_operator' retrieved from /home/airflow/.local/lib/python3.12/site-packages/airflow/example_dags/example_python_operator.py
[2024-07-19T06:22:43.372+0000] {logging_mixin.py:188} INFO - [2024-07-19T06:22:43.372+0000] {dag.py:3089} INFO - Sync 1 DAGs
[2024-07-19T06:22:43.390+0000] {logging_mixin.py:188} INFO - [2024-07-19T06:22:43.389+0000] {dag.py:3947} INFO - Setting next_dagrun for example_python_operator to None, run_after=None
[2024-07-19T06:22:43.413+0000] {processor.py:183} INFO - Processing /home/airflow/.local/lib/python3.12/site-packages/airflow/example_dags/example_python_operator.py took 0.136 seconds
[2024-07-19T06:23:13.993+0000] {processor.py:161} INFO - Started process (PID=7572) to work on /home/airflow/.local/lib/python3.12/site-packages/airflow/example_dags/example_python_operator.py
[2024-07-19T06:23:13.995+0000] {processor.py:830} INFO - Processing file /home/airflow/.local/lib/python3.12/site-packages/airflow/example_dags/example_python_operator.py for tasks to queue
[2024-07-19T06:23:13.996+0000] {logging_mixin.py:188} INFO - [2024-07-19T06:23:13.996+0000] {dagbag.py:545} INFO - Filling up the DagBag from /home/airflow/.local/lib/python3.12/site-packages/airflow/example_dags/example_python_operator.py
[2024-07-19T06:23:14.012+0000] {processor.py:840} INFO - DAG(s) 'example_python_operator' retrieved from /home/airflow/.local/lib/python3.12/site-packages/airflow/example_dags/example_python_operator.py
[2024-07-19T06:23:14.044+0000] {logging_mixin.py:188} INFO - [2024-07-19T06:23:14.043+0000] {dag.py:3089} INFO - Sync 1 DAGs
[2024-07-19T06:23:14.060+0000] {logging_mixin.py:188} INFO - [2024-07-19T06:23:14.060+0000] {dag.py:3947} INFO - Setting next_dagrun for example_python_operator to None, run_after=None
[2024-07-19T06:23:14.084+0000] {processor.py:183} INFO - Processing /home/airflow/.local/lib/python3.12/site-packages/airflow/example_dags/example_python_operator.py took 0.100 seconds
[2024-07-19T06:23:44.865+0000] {processor.py:161} INFO - Started process (PID=7631) to work on /home/airflow/.local/lib/python3.12/site-packages/airflow/example_dags/example_python_operator.py
[2024-07-19T06:23:44.867+0000] {processor.py:830} INFO - Processing file /home/airflow/.local/lib/python3.12/site-packages/airflow/example_dags/example_python_operator.py for tasks to queue
[2024-07-19T06:23:44.868+0000] {logging_mixin.py:188} INFO - [2024-07-19T06:23:44.868+0000] {dagbag.py:545} INFO - Filling up the DagBag from /home/airflow/.local/lib/python3.12/site-packages/airflow/example_dags/example_python_operator.py
[2024-07-19T06:23:44.884+0000] {processor.py:840} INFO - DAG(s) 'example_python_operator' retrieved from /home/airflow/.local/lib/python3.12/site-packages/airflow/example_dags/example_python_operator.py
[2024-07-19T06:23:44.916+0000] {logging_mixin.py:188} INFO - [2024-07-19T06:23:44.916+0000] {dag.py:3089} INFO - Sync 1 DAGs
[2024-07-19T06:23:44.956+0000] {logging_mixin.py:188} INFO - [2024-07-19T06:23:44.956+0000] {dag.py:3947} INFO - Setting next_dagrun for example_python_operator to None, run_after=None
[2024-07-19T06:23:44.979+0000] {processor.py:183} INFO - Processing /home/airflow/.local/lib/python3.12/site-packages/airflow/example_dags/example_python_operator.py took 0.121 seconds
[2024-07-19T06:24:15.156+0000] {processor.py:161} INFO - Started process (PID=7692) to work on /home/airflow/.local/lib/python3.12/site-packages/airflow/example_dags/example_python_operator.py
[2024-07-19T06:24:15.158+0000] {processor.py:830} INFO - Processing file /home/airflow/.local/lib/python3.12/site-packages/airflow/example_dags/example_python_operator.py for tasks to queue
[2024-07-19T06:24:15.159+0000] {logging_mixin.py:188} INFO - [2024-07-19T06:24:15.159+0000] {dagbag.py:545} INFO - Filling up the DagBag from /home/airflow/.local/lib/python3.12/site-packages/airflow/example_dags/example_python_operator.py
[2024-07-19T06:24:15.175+0000] {processor.py:840} INFO - DAG(s) 'example_python_operator' retrieved from /home/airflow/.local/lib/python3.12/site-packages/airflow/example_dags/example_python_operator.py
[2024-07-19T06:24:15.206+0000] {logging_mixin.py:188} INFO - [2024-07-19T06:24:15.206+0000] {dag.py:3089} INFO - Sync 1 DAGs
[2024-07-19T06:24:15.224+0000] {logging_mixin.py:188} INFO - [2024-07-19T06:24:15.223+0000] {dag.py:3947} INFO - Setting next_dagrun for example_python_operator to None, run_after=None
[2024-07-19T06:24:15.254+0000] {processor.py:183} INFO - Processing /home/airflow/.local/lib/python3.12/site-packages/airflow/example_dags/example_python_operator.py took 0.106 seconds
[2024-07-19T06:24:45.793+0000] {processor.py:161} INFO - Started process (PID=7752) to work on /home/airflow/.local/lib/python3.12/site-packages/airflow/example_dags/example_python_operator.py
[2024-07-19T06:24:45.795+0000] {processor.py:830} INFO - Processing file /home/airflow/.local/lib/python3.12/site-packages/airflow/example_dags/example_python_operator.py for tasks to queue
[2024-07-19T06:24:45.796+0000] {logging_mixin.py:188} INFO - [2024-07-19T06:24:45.796+0000] {dagbag.py:545} INFO - Filling up the DagBag from /home/airflow/.local/lib/python3.12/site-packages/airflow/example_dags/example_python_operator.py
[2024-07-19T06:24:45.811+0000] {processor.py:840} INFO - DAG(s) 'example_python_operator' retrieved from /home/airflow/.local/lib/python3.12/site-packages/airflow/example_dags/example_python_operator.py
[2024-07-19T06:24:45.840+0000] {logging_mixin.py:188} INFO - [2024-07-19T06:24:45.840+0000] {dag.py:3089} INFO - Sync 1 DAGs
[2024-07-19T06:24:45.855+0000] {logging_mixin.py:188} INFO - [2024-07-19T06:24:45.855+0000] {dag.py:3947} INFO - Setting next_dagrun for example_python_operator to None, run_after=None
[2024-07-19T06:24:45.877+0000] {processor.py:183} INFO - Processing /home/airflow/.local/lib/python3.12/site-packages/airflow/example_dags/example_python_operator.py took 0.091 seconds
[2024-07-19T06:25:16.726+0000] {processor.py:161} INFO - Started process (PID=7812) to work on /home/airflow/.local/lib/python3.12/site-packages/airflow/example_dags/example_python_operator.py
[2024-07-19T06:25:16.727+0000] {processor.py:830} INFO - Processing file /home/airflow/.local/lib/python3.12/site-packages/airflow/example_dags/example_python_operator.py for tasks to queue
[2024-07-19T06:25:16.728+0000] {logging_mixin.py:188} INFO - [2024-07-19T06:25:16.728+0000] {dagbag.py:545} INFO - Filling up the DagBag from /home/airflow/.local/lib/python3.12/site-packages/airflow/example_dags/example_python_operator.py
[2024-07-19T06:25:16.742+0000] {processor.py:840} INFO - DAG(s) 'example_python_operator' retrieved from /home/airflow/.local/lib/python3.12/site-packages/airflow/example_dags/example_python_operator.py
[2024-07-19T06:25:16.771+0000] {logging_mixin.py:188} INFO - [2024-07-19T06:25:16.771+0000] {dag.py:3089} INFO - Sync 1 DAGs
[2024-07-19T06:25:16.787+0000] {logging_mixin.py:188} INFO - [2024-07-19T06:25:16.786+0000] {dag.py:3947} INFO - Setting next_dagrun for example_python_operator to None, run_after=None
[2024-07-19T06:25:16.813+0000] {processor.py:183} INFO - Processing /home/airflow/.local/lib/python3.12/site-packages/airflow/example_dags/example_python_operator.py took 0.096 seconds
[2024-07-19T06:25:46.973+0000] {processor.py:161} INFO - Started process (PID=7872) to work on /home/airflow/.local/lib/python3.12/site-packages/airflow/example_dags/example_python_operator.py
[2024-07-19T06:25:46.975+0000] {processor.py:830} INFO - Processing file /home/airflow/.local/lib/python3.12/site-packages/airflow/example_dags/example_python_operator.py for tasks to queue
[2024-07-19T06:25:46.976+0000] {logging_mixin.py:188} INFO - [2024-07-19T06:25:46.976+0000] {dagbag.py:545} INFO - Filling up the DagBag from /home/airflow/.local/lib/python3.12/site-packages/airflow/example_dags/example_python_operator.py
[2024-07-19T06:25:46.990+0000] {processor.py:840} INFO - DAG(s) 'example_python_operator' retrieved from /home/airflow/.local/lib/python3.12/site-packages/airflow/example_dags/example_python_operator.py
[2024-07-19T06:25:47.020+0000] {logging_mixin.py:188} INFO - [2024-07-19T06:25:47.019+0000] {dag.py:3089} INFO - Sync 1 DAGs
[2024-07-19T06:25:47.036+0000] {logging_mixin.py:188} INFO - [2024-07-19T06:25:47.035+0000] {dag.py:3947} INFO - Setting next_dagrun for example_python_operator to None, run_after=None
[2024-07-19T06:25:47.060+0000] {processor.py:183} INFO - Processing /home/airflow/.local/lib/python3.12/site-packages/airflow/example_dags/example_python_operator.py took 0.096 seconds
[2024-07-19T06:26:17.609+0000] {processor.py:161} INFO - Started process (PID=7932) to work on /home/airflow/.local/lib/python3.12/site-packages/airflow/example_dags/example_python_operator.py
[2024-07-19T06:26:17.611+0000] {processor.py:830} INFO - Processing file /home/airflow/.local/lib/python3.12/site-packages/airflow/example_dags/example_python_operator.py for tasks to queue
[2024-07-19T06:26:17.612+0000] {logging_mixin.py:188} INFO - [2024-07-19T06:26:17.612+0000] {dagbag.py:545} INFO - Filling up the DagBag from /home/airflow/.local/lib/python3.12/site-packages/airflow/example_dags/example_python_operator.py
[2024-07-19T06:26:17.629+0000] {processor.py:840} INFO - DAG(s) 'example_python_operator' retrieved from /home/airflow/.local/lib/python3.12/site-packages/airflow/example_dags/example_python_operator.py
[2024-07-19T06:26:17.668+0000] {logging_mixin.py:188} INFO - [2024-07-19T06:26:17.667+0000] {dag.py:3089} INFO - Sync 1 DAGs
[2024-07-19T06:26:17.710+0000] {logging_mixin.py:188} INFO - [2024-07-19T06:26:17.709+0000] {dag.py:3947} INFO - Setting next_dagrun for example_python_operator to None, run_after=None
[2024-07-19T06:26:17.740+0000] {processor.py:183} INFO - Processing /home/airflow/.local/lib/python3.12/site-packages/airflow/example_dags/example_python_operator.py took 0.140 seconds
[2024-07-19T06:26:47.795+0000] {processor.py:161} INFO - Started process (PID=7992) to work on /home/airflow/.local/lib/python3.12/site-packages/airflow/example_dags/example_python_operator.py
[2024-07-19T06:26:47.797+0000] {processor.py:830} INFO - Processing file /home/airflow/.local/lib/python3.12/site-packages/airflow/example_dags/example_python_operator.py for tasks to queue
[2024-07-19T06:26:47.798+0000] {logging_mixin.py:188} INFO - [2024-07-19T06:26:47.798+0000] {dagbag.py:545} INFO - Filling up the DagBag from /home/airflow/.local/lib/python3.12/site-packages/airflow/example_dags/example_python_operator.py
[2024-07-19T06:26:47.812+0000] {processor.py:840} INFO - DAG(s) 'example_python_operator' retrieved from /home/airflow/.local/lib/python3.12/site-packages/airflow/example_dags/example_python_operator.py
[2024-07-19T06:26:47.839+0000] {logging_mixin.py:188} INFO - [2024-07-19T06:26:47.839+0000] {dag.py:3089} INFO - Sync 1 DAGs
[2024-07-19T06:26:47.854+0000] {logging_mixin.py:188} INFO - [2024-07-19T06:26:47.853+0000] {dag.py:3947} INFO - Setting next_dagrun for example_python_operator to None, run_after=None
[2024-07-19T06:26:47.875+0000] {processor.py:183} INFO - Processing /home/airflow/.local/lib/python3.12/site-packages/airflow/example_dags/example_python_operator.py took 0.088 seconds
[2024-07-19T06:27:18.735+0000] {processor.py:161} INFO - Started process (PID=8052) to work on /home/airflow/.local/lib/python3.12/site-packages/airflow/example_dags/example_python_operator.py
[2024-07-19T06:27:18.736+0000] {processor.py:830} INFO - Processing file /home/airflow/.local/lib/python3.12/site-packages/airflow/example_dags/example_python_operator.py for tasks to queue
[2024-07-19T06:27:18.738+0000] {logging_mixin.py:188} INFO - [2024-07-19T06:27:18.737+0000] {dagbag.py:545} INFO - Filling up the DagBag from /home/airflow/.local/lib/python3.12/site-packages/airflow/example_dags/example_python_operator.py
[2024-07-19T06:27:18.752+0000] {processor.py:840} INFO - DAG(s) 'example_python_operator' retrieved from /home/airflow/.local/lib/python3.12/site-packages/airflow/example_dags/example_python_operator.py
[2024-07-19T06:27:18.779+0000] {logging_mixin.py:188} INFO - [2024-07-19T06:27:18.779+0000] {dag.py:3089} INFO - Sync 1 DAGs
[2024-07-19T06:27:18.794+0000] {logging_mixin.py:188} INFO - [2024-07-19T06:27:18.793+0000] {dag.py:3947} INFO - Setting next_dagrun for example_python_operator to None, run_after=None
[2024-07-19T06:27:18.815+0000] {processor.py:183} INFO - Processing /home/airflow/.local/lib/python3.12/site-packages/airflow/example_dags/example_python_operator.py took 0.089 seconds
[2024-07-19T06:27:48.975+0000] {processor.py:161} INFO - Started process (PID=8112) to work on /home/airflow/.local/lib/python3.12/site-packages/airflow/example_dags/example_python_operator.py
[2024-07-19T06:27:48.976+0000] {processor.py:830} INFO - Processing file /home/airflow/.local/lib/python3.12/site-packages/airflow/example_dags/example_python_operator.py for tasks to queue
[2024-07-19T06:27:48.978+0000] {logging_mixin.py:188} INFO - [2024-07-19T06:27:48.977+0000] {dagbag.py:545} INFO - Filling up the DagBag from /home/airflow/.local/lib/python3.12/site-packages/airflow/example_dags/example_python_operator.py
[2024-07-19T06:27:48.992+0000] {processor.py:840} INFO - DAG(s) 'example_python_operator' retrieved from /home/airflow/.local/lib/python3.12/site-packages/airflow/example_dags/example_python_operator.py
[2024-07-19T06:27:49.022+0000] {logging_mixin.py:188} INFO - [2024-07-19T06:27:49.021+0000] {dag.py:3089} INFO - Sync 1 DAGs
[2024-07-19T06:27:49.038+0000] {logging_mixin.py:188} INFO - [2024-07-19T06:27:49.038+0000] {dag.py:3947} INFO - Setting next_dagrun for example_python_operator to None, run_after=None
[2024-07-19T06:27:49.059+0000] {processor.py:183} INFO - Processing /home/airflow/.local/lib/python3.12/site-packages/airflow/example_dags/example_python_operator.py took 0.093 seconds
[2024-07-19T06:28:19.693+0000] {processor.py:161} INFO - Started process (PID=8172) to work on /home/airflow/.local/lib/python3.12/site-packages/airflow/example_dags/example_python_operator.py
[2024-07-19T06:28:19.694+0000] {processor.py:830} INFO - Processing file /home/airflow/.local/lib/python3.12/site-packages/airflow/example_dags/example_python_operator.py for tasks to queue
[2024-07-19T06:28:19.695+0000] {logging_mixin.py:188} INFO - [2024-07-19T06:28:19.695+0000] {dagbag.py:545} INFO - Filling up the DagBag from /home/airflow/.local/lib/python3.12/site-packages/airflow/example_dags/example_python_operator.py
[2024-07-19T06:28:19.710+0000] {processor.py:840} INFO - DAG(s) 'example_python_operator' retrieved from /home/airflow/.local/lib/python3.12/site-packages/airflow/example_dags/example_python_operator.py
[2024-07-19T06:28:19.741+0000] {logging_mixin.py:188} INFO - [2024-07-19T06:28:19.741+0000] {dag.py:3089} INFO - Sync 1 DAGs
[2024-07-19T06:28:19.759+0000] {logging_mixin.py:188} INFO - [2024-07-19T06:28:19.758+0000] {dag.py:3947} INFO - Setting next_dagrun for example_python_operator to None, run_after=None
[2024-07-19T06:28:19.786+0000] {processor.py:183} INFO - Processing /home/airflow/.local/lib/python3.12/site-packages/airflow/example_dags/example_python_operator.py took 0.102 seconds
[2024-07-19T06:28:50.064+0000] {processor.py:161} INFO - Started process (PID=8232) to work on /home/airflow/.local/lib/python3.12/site-packages/airflow/example_dags/example_python_operator.py
[2024-07-19T06:28:50.066+0000] {processor.py:830} INFO - Processing file /home/airflow/.local/lib/python3.12/site-packages/airflow/example_dags/example_python_operator.py for tasks to queue
[2024-07-19T06:28:50.067+0000] {logging_mixin.py:188} INFO - [2024-07-19T06:28:50.067+0000] {dagbag.py:545} INFO - Filling up the DagBag from /home/airflow/.local/lib/python3.12/site-packages/airflow/example_dags/example_python_operator.py
[2024-07-19T06:28:50.082+0000] {processor.py:840} INFO - DAG(s) 'example_python_operator' retrieved from /home/airflow/.local/lib/python3.12/site-packages/airflow/example_dags/example_python_operator.py
[2024-07-19T06:28:50.114+0000] {logging_mixin.py:188} INFO - [2024-07-19T06:28:50.113+0000] {dag.py:3089} INFO - Sync 1 DAGs
[2024-07-19T06:28:50.132+0000] {logging_mixin.py:188} INFO - [2024-07-19T06:28:50.131+0000] {dag.py:3947} INFO - Setting next_dagrun for example_python_operator to None, run_after=None
[2024-07-19T06:28:50.156+0000] {processor.py:183} INFO - Processing /home/airflow/.local/lib/python3.12/site-packages/airflow/example_dags/example_python_operator.py took 0.100 seconds
[2024-07-19T06:29:20.614+0000] {processor.py:161} INFO - Started process (PID=8292) to work on /home/airflow/.local/lib/python3.12/site-packages/airflow/example_dags/example_python_operator.py
[2024-07-19T06:29:20.615+0000] {processor.py:830} INFO - Processing file /home/airflow/.local/lib/python3.12/site-packages/airflow/example_dags/example_python_operator.py for tasks to queue
[2024-07-19T06:29:20.617+0000] {logging_mixin.py:188} INFO - [2024-07-19T06:29:20.616+0000] {dagbag.py:545} INFO - Filling up the DagBag from /home/airflow/.local/lib/python3.12/site-packages/airflow/example_dags/example_python_operator.py
[2024-07-19T06:29:20.631+0000] {processor.py:840} INFO - DAG(s) 'example_python_operator' retrieved from /home/airflow/.local/lib/python3.12/site-packages/airflow/example_dags/example_python_operator.py
[2024-07-19T06:29:20.660+0000] {logging_mixin.py:188} INFO - [2024-07-19T06:29:20.659+0000] {dag.py:3089} INFO - Sync 1 DAGs
[2024-07-19T06:29:20.675+0000] {logging_mixin.py:188} INFO - [2024-07-19T06:29:20.675+0000] {dag.py:3947} INFO - Setting next_dagrun for example_python_operator to None, run_after=None
[2024-07-19T06:29:20.700+0000] {processor.py:183} INFO - Processing /home/airflow/.local/lib/python3.12/site-packages/airflow/example_dags/example_python_operator.py took 0.095 seconds
[2024-07-19T06:29:51.590+0000] {processor.py:161} INFO - Started process (PID=8352) to work on /home/airflow/.local/lib/python3.12/site-packages/airflow/example_dags/example_python_operator.py
[2024-07-19T06:29:51.591+0000] {processor.py:830} INFO - Processing file /home/airflow/.local/lib/python3.12/site-packages/airflow/example_dags/example_python_operator.py for tasks to queue
[2024-07-19T06:29:51.593+0000] {logging_mixin.py:188} INFO - [2024-07-19T06:29:51.593+0000] {dagbag.py:545} INFO - Filling up the DagBag from /home/airflow/.local/lib/python3.12/site-packages/airflow/example_dags/example_python_operator.py
[2024-07-19T06:29:51.607+0000] {processor.py:840} INFO - DAG(s) 'example_python_operator' retrieved from /home/airflow/.local/lib/python3.12/site-packages/airflow/example_dags/example_python_operator.py
[2024-07-19T06:29:51.636+0000] {logging_mixin.py:188} INFO - [2024-07-19T06:29:51.636+0000] {dag.py:3089} INFO - Sync 1 DAGs
[2024-07-19T06:29:51.652+0000] {logging_mixin.py:188} INFO - [2024-07-19T06:29:51.651+0000] {dag.py:3947} INFO - Setting next_dagrun for example_python_operator to None, run_after=None
[2024-07-19T06:29:51.675+0000] {processor.py:183} INFO - Processing /home/airflow/.local/lib/python3.12/site-packages/airflow/example_dags/example_python_operator.py took 0.094 seconds
[2024-07-19T06:30:21.916+0000] {processor.py:161} INFO - Started process (PID=8412) to work on /home/airflow/.local/lib/python3.12/site-packages/airflow/example_dags/example_python_operator.py
[2024-07-19T06:30:21.917+0000] {processor.py:830} INFO - Processing file /home/airflow/.local/lib/python3.12/site-packages/airflow/example_dags/example_python_operator.py for tasks to queue
[2024-07-19T06:30:21.919+0000] {logging_mixin.py:188} INFO - [2024-07-19T06:30:21.918+0000] {dagbag.py:545} INFO - Filling up the DagBag from /home/airflow/.local/lib/python3.12/site-packages/airflow/example_dags/example_python_operator.py
[2024-07-19T06:30:21.933+0000] {processor.py:840} INFO - DAG(s) 'example_python_operator' retrieved from /home/airflow/.local/lib/python3.12/site-packages/airflow/example_dags/example_python_operator.py
[2024-07-19T06:30:21.965+0000] {logging_mixin.py:188} INFO - [2024-07-19T06:30:21.964+0000] {dag.py:3089} INFO - Sync 1 DAGs
[2024-07-19T06:30:21.982+0000] {logging_mixin.py:188} INFO - [2024-07-19T06:30:21.981+0000] {dag.py:3947} INFO - Setting next_dagrun for example_python_operator to None, run_after=None
[2024-07-19T06:30:22.004+0000] {processor.py:183} INFO - Processing /home/airflow/.local/lib/python3.12/site-packages/airflow/example_dags/example_python_operator.py took 0.097 seconds
[2024-07-19T06:30:53.262+0000] {processor.py:161} INFO - Started process (PID=8472) to work on /home/airflow/.local/lib/python3.12/site-packages/airflow/example_dags/example_python_operator.py
[2024-07-19T06:30:53.263+0000] {processor.py:830} INFO - Processing file /home/airflow/.local/lib/python3.12/site-packages/airflow/example_dags/example_python_operator.py for tasks to queue
[2024-07-19T06:30:53.265+0000] {logging_mixin.py:188} INFO - [2024-07-19T06:30:53.264+0000] {dagbag.py:545} INFO - Filling up the DagBag from /home/airflow/.local/lib/python3.12/site-packages/airflow/example_dags/example_python_operator.py
[2024-07-19T06:30:53.280+0000] {processor.py:840} INFO - DAG(s) 'example_python_operator' retrieved from /home/airflow/.local/lib/python3.12/site-packages/airflow/example_dags/example_python_operator.py
[2024-07-19T06:30:53.310+0000] {logging_mixin.py:188} INFO - [2024-07-19T06:30:53.310+0000] {dag.py:3089} INFO - Sync 1 DAGs
[2024-07-19T06:30:53.326+0000] {logging_mixin.py:188} INFO - [2024-07-19T06:30:53.326+0000] {dag.py:3947} INFO - Setting next_dagrun for example_python_operator to None, run_after=None
[2024-07-19T06:30:53.350+0000] {processor.py:183} INFO - Processing /home/airflow/.local/lib/python3.12/site-packages/airflow/example_dags/example_python_operator.py took 0.097 seconds
[2024-07-19T06:31:24.536+0000] {processor.py:161} INFO - Started process (PID=8532) to work on /home/airflow/.local/lib/python3.12/site-packages/airflow/example_dags/example_python_operator.py
[2024-07-19T06:31:24.538+0000] {processor.py:830} INFO - Processing file /home/airflow/.local/lib/python3.12/site-packages/airflow/example_dags/example_python_operator.py for tasks to queue
[2024-07-19T06:31:24.539+0000] {logging_mixin.py:188} INFO - [2024-07-19T06:31:24.539+0000] {dagbag.py:545} INFO - Filling up the DagBag from /home/airflow/.local/lib/python3.12/site-packages/airflow/example_dags/example_python_operator.py
[2024-07-19T06:31:24.554+0000] {processor.py:840} INFO - DAG(s) 'example_python_operator' retrieved from /home/airflow/.local/lib/python3.12/site-packages/airflow/example_dags/example_python_operator.py
[2024-07-19T06:31:24.587+0000] {logging_mixin.py:188} INFO - [2024-07-19T06:31:24.586+0000] {dag.py:3089} INFO - Sync 1 DAGs
[2024-07-19T06:31:24.607+0000] {logging_mixin.py:188} INFO - [2024-07-19T06:31:24.607+0000] {dag.py:3947} INFO - Setting next_dagrun for example_python_operator to None, run_after=None
[2024-07-19T06:31:24.632+0000] {processor.py:183} INFO - Processing /home/airflow/.local/lib/python3.12/site-packages/airflow/example_dags/example_python_operator.py took 0.104 seconds
[2024-07-19T06:31:55.586+0000] {processor.py:161} INFO - Started process (PID=8592) to work on /home/airflow/.local/lib/python3.12/site-packages/airflow/example_dags/example_python_operator.py
[2024-07-19T06:31:55.588+0000] {processor.py:830} INFO - Processing file /home/airflow/.local/lib/python3.12/site-packages/airflow/example_dags/example_python_operator.py for tasks to queue
[2024-07-19T06:31:55.589+0000] {logging_mixin.py:188} INFO - [2024-07-19T06:31:55.589+0000] {dagbag.py:545} INFO - Filling up the DagBag from /home/airflow/.local/lib/python3.12/site-packages/airflow/example_dags/example_python_operator.py
[2024-07-19T06:31:55.605+0000] {processor.py:840} INFO - DAG(s) 'example_python_operator' retrieved from /home/airflow/.local/lib/python3.12/site-packages/airflow/example_dags/example_python_operator.py
[2024-07-19T06:31:55.637+0000] {logging_mixin.py:188} INFO - [2024-07-19T06:31:55.637+0000] {dag.py:3089} INFO - Sync 1 DAGs
[2024-07-19T06:31:55.654+0000] {logging_mixin.py:188} INFO - [2024-07-19T06:31:55.653+0000] {dag.py:3947} INFO - Setting next_dagrun for example_python_operator to None, run_after=None
[2024-07-19T06:31:55.675+0000] {processor.py:183} INFO - Processing /home/airflow/.local/lib/python3.12/site-packages/airflow/example_dags/example_python_operator.py took 0.098 seconds
[2024-07-19T06:32:26.339+0000] {processor.py:161} INFO - Started process (PID=8652) to work on /home/airflow/.local/lib/python3.12/site-packages/airflow/example_dags/example_python_operator.py
[2024-07-19T06:32:26.340+0000] {processor.py:830} INFO - Processing file /home/airflow/.local/lib/python3.12/site-packages/airflow/example_dags/example_python_operator.py for tasks to queue
[2024-07-19T06:32:26.342+0000] {logging_mixin.py:188} INFO - [2024-07-19T06:32:26.341+0000] {dagbag.py:545} INFO - Filling up the DagBag from /home/airflow/.local/lib/python3.12/site-packages/airflow/example_dags/example_python_operator.py
[2024-07-19T06:32:26.359+0000] {processor.py:840} INFO - DAG(s) 'example_python_operator' retrieved from /home/airflow/.local/lib/python3.12/site-packages/airflow/example_dags/example_python_operator.py
[2024-07-19T06:32:26.396+0000] {logging_mixin.py:188} INFO - [2024-07-19T06:32:26.395+0000] {dag.py:3089} INFO - Sync 1 DAGs
[2024-07-19T06:32:26.413+0000] {logging_mixin.py:188} INFO - [2024-07-19T06:32:26.413+0000] {dag.py:3947} INFO - Setting next_dagrun for example_python_operator to None, run_after=None
[2024-07-19T06:32:26.437+0000] {processor.py:183} INFO - Processing /home/airflow/.local/lib/python3.12/site-packages/airflow/example_dags/example_python_operator.py took 0.106 seconds
[2024-07-19T06:32:57.313+0000] {processor.py:161} INFO - Started process (PID=8712) to work on /home/airflow/.local/lib/python3.12/site-packages/airflow/example_dags/example_python_operator.py
[2024-07-19T06:32:57.314+0000] {processor.py:830} INFO - Processing file /home/airflow/.local/lib/python3.12/site-packages/airflow/example_dags/example_python_operator.py for tasks to queue
[2024-07-19T06:32:57.316+0000] {logging_mixin.py:188} INFO - [2024-07-19T06:32:57.315+0000] {dagbag.py:545} INFO - Filling up the DagBag from /home/airflow/.local/lib/python3.12/site-packages/airflow/example_dags/example_python_operator.py
[2024-07-19T06:32:57.329+0000] {processor.py:840} INFO - DAG(s) 'example_python_operator' retrieved from /home/airflow/.local/lib/python3.12/site-packages/airflow/example_dags/example_python_operator.py
[2024-07-19T06:32:57.357+0000] {logging_mixin.py:188} INFO - [2024-07-19T06:32:57.357+0000] {dag.py:3089} INFO - Sync 1 DAGs
[2024-07-19T06:32:57.371+0000] {logging_mixin.py:188} INFO - [2024-07-19T06:32:57.371+0000] {dag.py:3947} INFO - Setting next_dagrun for example_python_operator to None, run_after=None
[2024-07-19T06:32:57.393+0000] {processor.py:183} INFO - Processing /home/airflow/.local/lib/python3.12/site-packages/airflow/example_dags/example_python_operator.py took 0.087 seconds
[2024-07-19T06:33:27.527+0000] {processor.py:161} INFO - Started process (PID=8771) to work on /home/airflow/.local/lib/python3.12/site-packages/airflow/example_dags/example_python_operator.py
[2024-07-19T06:33:27.528+0000] {processor.py:830} INFO - Processing file /home/airflow/.local/lib/python3.12/site-packages/airflow/example_dags/example_python_operator.py for tasks to queue
[2024-07-19T06:33:27.529+0000] {logging_mixin.py:188} INFO - [2024-07-19T06:33:27.529+0000] {dagbag.py:545} INFO - Filling up the DagBag from /home/airflow/.local/lib/python3.12/site-packages/airflow/example_dags/example_python_operator.py
[2024-07-19T06:33:27.543+0000] {processor.py:840} INFO - DAG(s) 'example_python_operator' retrieved from /home/airflow/.local/lib/python3.12/site-packages/airflow/example_dags/example_python_operator.py
[2024-07-19T06:33:27.571+0000] {logging_mixin.py:188} INFO - [2024-07-19T06:33:27.570+0000] {dag.py:3089} INFO - Sync 1 DAGs
[2024-07-19T06:33:27.586+0000] {logging_mixin.py:188} INFO - [2024-07-19T06:33:27.585+0000] {dag.py:3947} INFO - Setting next_dagrun for example_python_operator to None, run_after=None
[2024-07-19T06:33:27.607+0000] {processor.py:183} INFO - Processing /home/airflow/.local/lib/python3.12/site-packages/airflow/example_dags/example_python_operator.py took 0.088 seconds
[2024-07-19T06:33:58.172+0000] {processor.py:161} INFO - Started process (PID=8831) to work on /home/airflow/.local/lib/python3.12/site-packages/airflow/example_dags/example_python_operator.py
[2024-07-19T06:33:58.225+0000] {processor.py:830} INFO - Processing file /home/airflow/.local/lib/python3.12/site-packages/airflow/example_dags/example_python_operator.py for tasks to queue
[2024-07-19T06:33:58.227+0000] {logging_mixin.py:188} INFO - [2024-07-19T06:33:58.226+0000] {dagbag.py:545} INFO - Filling up the DagBag from /home/airflow/.local/lib/python3.12/site-packages/airflow/example_dags/example_python_operator.py
[2024-07-19T06:33:58.252+0000] {processor.py:840} INFO - DAG(s) 'example_python_operator' retrieved from /home/airflow/.local/lib/python3.12/site-packages/airflow/example_dags/example_python_operator.py
[2024-07-19T06:33:58.321+0000] {logging_mixin.py:188} INFO - [2024-07-19T06:33:58.320+0000] {dag.py:3089} INFO - Sync 1 DAGs
[2024-07-19T06:33:58.466+0000] {logging_mixin.py:188} INFO - [2024-07-19T06:33:58.464+0000] {dag.py:3947} INFO - Setting next_dagrun for example_python_operator to None, run_after=None
[2024-07-19T06:33:58.505+0000] {processor.py:183} INFO - Processing /home/airflow/.local/lib/python3.12/site-packages/airflow/example_dags/example_python_operator.py took 0.344 seconds
[2024-07-19T06:34:29.333+0000] {processor.py:161} INFO - Started process (PID=8891) to work on /home/airflow/.local/lib/python3.12/site-packages/airflow/example_dags/example_python_operator.py
[2024-07-19T06:34:29.369+0000] {processor.py:830} INFO - Processing file /home/airflow/.local/lib/python3.12/site-packages/airflow/example_dags/example_python_operator.py for tasks to queue
[2024-07-19T06:34:29.371+0000] {logging_mixin.py:188} INFO - [2024-07-19T06:34:29.370+0000] {dagbag.py:545} INFO - Filling up the DagBag from /home/airflow/.local/lib/python3.12/site-packages/airflow/example_dags/example_python_operator.py
[2024-07-19T06:34:29.385+0000] {processor.py:840} INFO - DAG(s) 'example_python_operator' retrieved from /home/airflow/.local/lib/python3.12/site-packages/airflow/example_dags/example_python_operator.py
[2024-07-19T06:34:29.414+0000] {logging_mixin.py:188} INFO - [2024-07-19T06:34:29.414+0000] {dag.py:3089} INFO - Sync 1 DAGs
[2024-07-19T06:34:29.430+0000] {logging_mixin.py:188} INFO - [2024-07-19T06:34:29.430+0000] {dag.py:3947} INFO - Setting next_dagrun for example_python_operator to None, run_after=None
[2024-07-19T06:34:29.451+0000] {processor.py:183} INFO - Processing /home/airflow/.local/lib/python3.12/site-packages/airflow/example_dags/example_python_operator.py took 0.127 seconds
[2024-07-19T06:34:59.631+0000] {processor.py:161} INFO - Started process (PID=8950) to work on /home/airflow/.local/lib/python3.12/site-packages/airflow/example_dags/example_python_operator.py
[2024-07-19T06:34:59.664+0000] {processor.py:830} INFO - Processing file /home/airflow/.local/lib/python3.12/site-packages/airflow/example_dags/example_python_operator.py for tasks to queue
[2024-07-19T06:34:59.666+0000] {logging_mixin.py:188} INFO - [2024-07-19T06:34:59.665+0000] {dagbag.py:545} INFO - Filling up the DagBag from /home/airflow/.local/lib/python3.12/site-packages/airflow/example_dags/example_python_operator.py
[2024-07-19T06:34:59.678+0000] {processor.py:840} INFO - DAG(s) 'example_python_operator' retrieved from /home/airflow/.local/lib/python3.12/site-packages/airflow/example_dags/example_python_operator.py
[2024-07-19T06:34:59.705+0000] {logging_mixin.py:188} INFO - [2024-07-19T06:34:59.704+0000] {dag.py:3089} INFO - Sync 1 DAGs
[2024-07-19T06:34:59.720+0000] {logging_mixin.py:188} INFO - [2024-07-19T06:34:59.720+0000] {dag.py:3947} INFO - Setting next_dagrun for example_python_operator to None, run_after=None
[2024-07-19T06:34:59.741+0000] {processor.py:183} INFO - Processing /home/airflow/.local/lib/python3.12/site-packages/airflow/example_dags/example_python_operator.py took 0.118 seconds
[2024-07-19T06:35:30.345+0000] {processor.py:161} INFO - Started process (PID=9010) to work on /home/airflow/.local/lib/python3.12/site-packages/airflow/example_dags/example_python_operator.py
[2024-07-19T06:35:30.383+0000] {processor.py:830} INFO - Processing file /home/airflow/.local/lib/python3.12/site-packages/airflow/example_dags/example_python_operator.py for tasks to queue
[2024-07-19T06:35:30.384+0000] {logging_mixin.py:188} INFO - [2024-07-19T06:35:30.384+0000] {dagbag.py:545} INFO - Filling up the DagBag from /home/airflow/.local/lib/python3.12/site-packages/airflow/example_dags/example_python_operator.py
[2024-07-19T06:35:30.399+0000] {processor.py:840} INFO - DAG(s) 'example_python_operator' retrieved from /home/airflow/.local/lib/python3.12/site-packages/airflow/example_dags/example_python_operator.py
[2024-07-19T06:35:30.432+0000] {logging_mixin.py:188} INFO - [2024-07-19T06:35:30.432+0000] {dag.py:3089} INFO - Sync 1 DAGs
[2024-07-19T06:35:30.449+0000] {logging_mixin.py:188} INFO - [2024-07-19T06:35:30.449+0000] {dag.py:3947} INFO - Setting next_dagrun for example_python_operator to None, run_after=None
[2024-07-19T06:35:30.482+0000] {processor.py:183} INFO - Processing /home/airflow/.local/lib/python3.12/site-packages/airflow/example_dags/example_python_operator.py took 0.145 seconds
[2024-07-19T06:36:00.640+0000] {processor.py:161} INFO - Started process (PID=9070) to work on /home/airflow/.local/lib/python3.12/site-packages/airflow/example_dags/example_python_operator.py
[2024-07-19T06:36:00.642+0000] {processor.py:830} INFO - Processing file /home/airflow/.local/lib/python3.12/site-packages/airflow/example_dags/example_python_operator.py for tasks to queue
[2024-07-19T06:36:00.645+0000] {logging_mixin.py:188} INFO - [2024-07-19T06:36:00.644+0000] {dagbag.py:545} INFO - Filling up the DagBag from /home/airflow/.local/lib/python3.12/site-packages/airflow/example_dags/example_python_operator.py
[2024-07-19T06:36:00.668+0000] {processor.py:840} INFO - DAG(s) 'example_python_operator' retrieved from /home/airflow/.local/lib/python3.12/site-packages/airflow/example_dags/example_python_operator.py
[2024-07-19T06:36:00.723+0000] {logging_mixin.py:188} INFO - [2024-07-19T06:36:00.723+0000] {dag.py:3089} INFO - Sync 1 DAGs
[2024-07-19T06:36:00.742+0000] {logging_mixin.py:188} INFO - [2024-07-19T06:36:00.742+0000] {dag.py:3947} INFO - Setting next_dagrun for example_python_operator to None, run_after=None
[2024-07-19T06:36:00.784+0000] {processor.py:183} INFO - Processing /home/airflow/.local/lib/python3.12/site-packages/airflow/example_dags/example_python_operator.py took 0.158 seconds
[2024-07-19T06:36:30.909+0000] {processor.py:161} INFO - Started process (PID=9130) to work on /home/airflow/.local/lib/python3.12/site-packages/airflow/example_dags/example_python_operator.py
[2024-07-19T06:36:30.911+0000] {processor.py:830} INFO - Processing file /home/airflow/.local/lib/python3.12/site-packages/airflow/example_dags/example_python_operator.py for tasks to queue
[2024-07-19T06:36:30.913+0000] {logging_mixin.py:188} INFO - [2024-07-19T06:36:30.912+0000] {dagbag.py:545} INFO - Filling up the DagBag from /home/airflow/.local/lib/python3.12/site-packages/airflow/example_dags/example_python_operator.py
[2024-07-19T06:36:30.931+0000] {processor.py:840} INFO - DAG(s) 'example_python_operator' retrieved from /home/airflow/.local/lib/python3.12/site-packages/airflow/example_dags/example_python_operator.py
[2024-07-19T06:36:30.967+0000] {logging_mixin.py:188} INFO - [2024-07-19T06:36:30.967+0000] {dag.py:3089} INFO - Sync 1 DAGs
[2024-07-19T06:36:30.985+0000] {logging_mixin.py:188} INFO - [2024-07-19T06:36:30.984+0000] {dag.py:3947} INFO - Setting next_dagrun for example_python_operator to None, run_after=None
[2024-07-19T06:36:31.020+0000] {processor.py:183} INFO - Processing /home/airflow/.local/lib/python3.12/site-packages/airflow/example_dags/example_python_operator.py took 0.122 seconds
[2024-07-19T06:37:01.291+0000] {processor.py:161} INFO - Started process (PID=9190) to work on /home/airflow/.local/lib/python3.12/site-packages/airflow/example_dags/example_python_operator.py
[2024-07-19T06:37:01.327+0000] {processor.py:830} INFO - Processing file /home/airflow/.local/lib/python3.12/site-packages/airflow/example_dags/example_python_operator.py for tasks to queue
[2024-07-19T06:37:01.328+0000] {logging_mixin.py:188} INFO - [2024-07-19T06:37:01.328+0000] {dagbag.py:545} INFO - Filling up the DagBag from /home/airflow/.local/lib/python3.12/site-packages/airflow/example_dags/example_python_operator.py
[2024-07-19T06:37:01.342+0000] {processor.py:840} INFO - DAG(s) 'example_python_operator' retrieved from /home/airflow/.local/lib/python3.12/site-packages/airflow/example_dags/example_python_operator.py
[2024-07-19T06:37:01.371+0000] {logging_mixin.py:188} INFO - [2024-07-19T06:37:01.370+0000] {dag.py:3089} INFO - Sync 1 DAGs
[2024-07-19T06:37:01.386+0000] {logging_mixin.py:188} INFO - [2024-07-19T06:37:01.386+0000] {dag.py:3947} INFO - Setting next_dagrun for example_python_operator to None, run_after=None
[2024-07-19T06:37:01.412+0000] {processor.py:183} INFO - Processing /home/airflow/.local/lib/python3.12/site-packages/airflow/example_dags/example_python_operator.py took 0.129 seconds
[2024-07-19T06:37:31.953+0000] {processor.py:161} INFO - Started process (PID=9250) to work on /home/airflow/.local/lib/python3.12/site-packages/airflow/example_dags/example_python_operator.py
[2024-07-19T06:37:31.989+0000] {processor.py:830} INFO - Processing file /home/airflow/.local/lib/python3.12/site-packages/airflow/example_dags/example_python_operator.py for tasks to queue
[2024-07-19T06:37:31.991+0000] {logging_mixin.py:188} INFO - [2024-07-19T06:37:31.990+0000] {dagbag.py:545} INFO - Filling up the DagBag from /home/airflow/.local/lib/python3.12/site-packages/airflow/example_dags/example_python_operator.py
[2024-07-19T06:37:32.005+0000] {processor.py:840} INFO - DAG(s) 'example_python_operator' retrieved from /home/airflow/.local/lib/python3.12/site-packages/airflow/example_dags/example_python_operator.py
[2024-07-19T06:37:32.040+0000] {logging_mixin.py:188} INFO - [2024-07-19T06:37:32.039+0000] {dag.py:3089} INFO - Sync 1 DAGs
[2024-07-19T06:37:32.058+0000] {logging_mixin.py:188} INFO - [2024-07-19T06:37:32.058+0000] {dag.py:3947} INFO - Setting next_dagrun for example_python_operator to None, run_after=None
[2024-07-19T06:37:32.087+0000] {processor.py:183} INFO - Processing /home/airflow/.local/lib/python3.12/site-packages/airflow/example_dags/example_python_operator.py took 0.144 seconds
[2024-07-19T06:38:02.778+0000] {processor.py:161} INFO - Started process (PID=9310) to work on /home/airflow/.local/lib/python3.12/site-packages/airflow/example_dags/example_python_operator.py
[2024-07-19T06:38:02.782+0000] {processor.py:830} INFO - Processing file /home/airflow/.local/lib/python3.12/site-packages/airflow/example_dags/example_python_operator.py for tasks to queue
[2024-07-19T06:38:02.786+0000] {logging_mixin.py:188} INFO - [2024-07-19T06:38:02.784+0000] {dagbag.py:545} INFO - Filling up the DagBag from /home/airflow/.local/lib/python3.12/site-packages/airflow/example_dags/example_python_operator.py
[2024-07-19T06:38:02.823+0000] {processor.py:840} INFO - DAG(s) 'example_python_operator' retrieved from /home/airflow/.local/lib/python3.12/site-packages/airflow/example_dags/example_python_operator.py
[2024-07-19T06:38:03.151+0000] {logging_mixin.py:188} INFO - [2024-07-19T06:38:03.151+0000] {dag.py:3089} INFO - Sync 1 DAGs
[2024-07-19T06:38:03.167+0000] {logging_mixin.py:188} INFO - [2024-07-19T06:38:03.166+0000] {dag.py:3947} INFO - Setting next_dagrun for example_python_operator to None, run_after=None
[2024-07-19T06:38:03.196+0000] {processor.py:183} INFO - Processing /home/airflow/.local/lib/python3.12/site-packages/airflow/example_dags/example_python_operator.py took 0.430 seconds
[2024-07-19T06:38:33.305+0000] {processor.py:161} INFO - Started process (PID=9370) to work on /home/airflow/.local/lib/python3.12/site-packages/airflow/example_dags/example_python_operator.py
[2024-07-19T06:38:33.306+0000] {processor.py:830} INFO - Processing file /home/airflow/.local/lib/python3.12/site-packages/airflow/example_dags/example_python_operator.py for tasks to queue
[2024-07-19T06:38:33.307+0000] {logging_mixin.py:188} INFO - [2024-07-19T06:38:33.307+0000] {dagbag.py:545} INFO - Filling up the DagBag from /home/airflow/.local/lib/python3.12/site-packages/airflow/example_dags/example_python_operator.py
[2024-07-19T06:38:33.320+0000] {processor.py:840} INFO - DAG(s) 'example_python_operator' retrieved from /home/airflow/.local/lib/python3.12/site-packages/airflow/example_dags/example_python_operator.py
[2024-07-19T06:38:33.349+0000] {logging_mixin.py:188} INFO - [2024-07-19T06:38:33.349+0000] {dag.py:3089} INFO - Sync 1 DAGs
[2024-07-19T06:38:33.364+0000] {logging_mixin.py:188} INFO - [2024-07-19T06:38:33.364+0000] {dag.py:3947} INFO - Setting next_dagrun for example_python_operator to None, run_after=None
[2024-07-19T06:38:33.384+0000] {processor.py:183} INFO - Processing /home/airflow/.local/lib/python3.12/site-packages/airflow/example_dags/example_python_operator.py took 0.087 seconds
[2024-07-19T06:39:03.834+0000] {processor.py:161} INFO - Started process (PID=9430) to work on /home/airflow/.local/lib/python3.12/site-packages/airflow/example_dags/example_python_operator.py
[2024-07-19T06:39:03.835+0000] {processor.py:830} INFO - Processing file /home/airflow/.local/lib/python3.12/site-packages/airflow/example_dags/example_python_operator.py for tasks to queue
[2024-07-19T06:39:03.837+0000] {logging_mixin.py:188} INFO - [2024-07-19T06:39:03.836+0000] {dagbag.py:545} INFO - Filling up the DagBag from /home/airflow/.local/lib/python3.12/site-packages/airflow/example_dags/example_python_operator.py
[2024-07-19T06:39:03.851+0000] {processor.py:840} INFO - DAG(s) 'example_python_operator' retrieved from /home/airflow/.local/lib/python3.12/site-packages/airflow/example_dags/example_python_operator.py
[2024-07-19T06:39:03.878+0000] {logging_mixin.py:188} INFO - [2024-07-19T06:39:03.877+0000] {dag.py:3089} INFO - Sync 1 DAGs
[2024-07-19T06:39:03.893+0000] {logging_mixin.py:188} INFO - [2024-07-19T06:39:03.893+0000] {dag.py:3947} INFO - Setting next_dagrun for example_python_operator to None, run_after=None
[2024-07-19T06:39:03.916+0000] {processor.py:183} INFO - Processing /home/airflow/.local/lib/python3.12/site-packages/airflow/example_dags/example_python_operator.py took 0.091 seconds
