[2024-07-19T00:38:10.528+0000] {processor.py:161} INFO - Started process (PID=6053) to work on /home/airflow/.local/lib/python3.12/site-packages/airflow/example_dags/example_display_name.py
[2024-07-19T00:38:10.530+0000] {processor.py:830} INFO - Processing file /home/airflow/.local/lib/python3.12/site-packages/airflow/example_dags/example_display_name.py for tasks to queue
[2024-07-19T00:38:10.531+0000] {logging_mixin.py:188} INFO - [2024-07-19T00:38:10.531+0000] {dagbag.py:545} INFO - Filling up the DagBag from /home/airflow/.local/lib/python3.12/site-packages/airflow/example_dags/example_display_name.py
[2024-07-19T00:38:10.544+0000] {processor.py:840} INFO - DAG(s) 'example_display_name' retrieved from /home/airflow/.local/lib/python3.12/site-packages/airflow/example_dags/example_display_name.py
[2024-07-19T00:38:10.696+0000] {logging_mixin.py:188} INFO - [2024-07-19T00:38:10.695+0000] {dag.py:3089} INFO - Sync 1 DAGs
[2024-07-19T00:38:10.775+0000] {logging_mixin.py:188} INFO - [2024-07-19T00:38:10.775+0000] {dag.py:3947} INFO - Setting next_dagrun for example_display_name to None, run_after=None
[2024-07-19T00:38:10.809+0000] {processor.py:183} INFO - Processing /home/airflow/.local/lib/python3.12/site-packages/airflow/example_dags/example_display_name.py took 0.291 seconds
[2024-07-19T02:38:37.957+0000] {processor.py:161} INFO - Started process (PID=6122) to work on /home/airflow/.local/lib/python3.12/site-packages/airflow/example_dags/example_display_name.py
[2024-07-19T02:38:37.959+0000] {processor.py:830} INFO - Processing file /home/airflow/.local/lib/python3.12/site-packages/airflow/example_dags/example_display_name.py for tasks to queue
[2024-07-19T02:38:37.961+0000] {logging_mixin.py:188} INFO - [2024-07-19T02:38:37.960+0000] {dagbag.py:545} INFO - Filling up the DagBag from /home/airflow/.local/lib/python3.12/site-packages/airflow/example_dags/example_display_name.py
[2024-07-19T02:38:37.969+0000] {processor.py:840} INFO - DAG(s) 'example_display_name' retrieved from /home/airflow/.local/lib/python3.12/site-packages/airflow/example_dags/example_display_name.py
[2024-07-19T02:38:38.001+0000] {logging_mixin.py:188} INFO - [2024-07-19T02:38:38.001+0000] {dag.py:3089} INFO - Sync 1 DAGs
[2024-07-19T02:38:38.056+0000] {logging_mixin.py:188} INFO - [2024-07-19T02:38:38.056+0000] {dag.py:3947} INFO - Setting next_dagrun for example_display_name to None, run_after=None
[2024-07-19T02:38:38.080+0000] {processor.py:183} INFO - Processing /home/airflow/.local/lib/python3.12/site-packages/airflow/example_dags/example_display_name.py took 0.131 seconds
[2024-07-19T05:26:55.127+0000] {processor.py:161} INFO - Started process (PID=6182) to work on /home/airflow/.local/lib/python3.12/site-packages/airflow/example_dags/example_display_name.py
[2024-07-19T05:26:55.129+0000] {processor.py:830} INFO - Processing file /home/airflow/.local/lib/python3.12/site-packages/airflow/example_dags/example_display_name.py for tasks to queue
[2024-07-19T05:26:55.130+0000] {logging_mixin.py:188} INFO - [2024-07-19T05:26:55.130+0000] {dagbag.py:545} INFO - Filling up the DagBag from /home/airflow/.local/lib/python3.12/site-packages/airflow/example_dags/example_display_name.py
[2024-07-19T05:26:55.137+0000] {processor.py:840} INFO - DAG(s) 'example_display_name' retrieved from /home/airflow/.local/lib/python3.12/site-packages/airflow/example_dags/example_display_name.py
[2024-07-19T05:26:55.159+0000] {logging_mixin.py:188} INFO - [2024-07-19T05:26:55.159+0000] {dag.py:3089} INFO - Sync 1 DAGs
[2024-07-19T05:26:55.208+0000] {logging_mixin.py:188} INFO - [2024-07-19T05:26:55.208+0000] {dag.py:3947} INFO - Setting next_dagrun for example_display_name to None, run_after=None
[2024-07-19T05:26:55.228+0000] {processor.py:183} INFO - Processing /home/airflow/.local/lib/python3.12/site-packages/airflow/example_dags/example_display_name.py took 0.108 seconds
[2024-07-19T06:11:59.670+0000] {processor.py:161} INFO - Started process (PID=6236) to work on /home/airflow/.local/lib/python3.12/site-packages/airflow/example_dags/example_display_name.py
[2024-07-19T06:11:59.672+0000] {processor.py:830} INFO - Processing file /home/airflow/.local/lib/python3.12/site-packages/airflow/example_dags/example_display_name.py for tasks to queue
[2024-07-19T06:11:59.673+0000] {logging_mixin.py:188} INFO - [2024-07-19T06:11:59.673+0000] {dagbag.py:545} INFO - Filling up the DagBag from /home/airflow/.local/lib/python3.12/site-packages/airflow/example_dags/example_display_name.py
[2024-07-19T06:11:59.678+0000] {processor.py:840} INFO - DAG(s) 'example_display_name' retrieved from /home/airflow/.local/lib/python3.12/site-packages/airflow/example_dags/example_display_name.py
[2024-07-19T06:11:59.702+0000] {logging_mixin.py:188} INFO - [2024-07-19T06:11:59.702+0000] {dag.py:3089} INFO - Sync 1 DAGs
[2024-07-19T06:11:59.721+0000] {logging_mixin.py:188} INFO - [2024-07-19T06:11:59.721+0000] {dag.py:3947} INFO - Setting next_dagrun for example_display_name to None, run_after=None
[2024-07-19T06:11:59.768+0000] {processor.py:183} INFO - Processing /home/airflow/.local/lib/python3.12/site-packages/airflow/example_dags/example_display_name.py took 0.104 seconds
[2024-07-19T06:12:30.776+0000] {processor.py:161} INFO - Started process (PID=6296) to work on /home/airflow/.local/lib/python3.12/site-packages/airflow/example_dags/example_display_name.py
[2024-07-19T06:12:30.778+0000] {processor.py:830} INFO - Processing file /home/airflow/.local/lib/python3.12/site-packages/airflow/example_dags/example_display_name.py for tasks to queue
[2024-07-19T06:12:30.780+0000] {logging_mixin.py:188} INFO - [2024-07-19T06:12:30.779+0000] {dagbag.py:545} INFO - Filling up the DagBag from /home/airflow/.local/lib/python3.12/site-packages/airflow/example_dags/example_display_name.py
[2024-07-19T06:12:30.788+0000] {processor.py:840} INFO - DAG(s) 'example_display_name' retrieved from /home/airflow/.local/lib/python3.12/site-packages/airflow/example_dags/example_display_name.py
[2024-07-19T06:12:30.826+0000] {logging_mixin.py:188} INFO - [2024-07-19T06:12:30.826+0000] {dag.py:3089} INFO - Sync 1 DAGs
[2024-07-19T06:12:30.852+0000] {logging_mixin.py:188} INFO - [2024-07-19T06:12:30.852+0000] {dag.py:3947} INFO - Setting next_dagrun for example_display_name to None, run_after=None
[2024-07-19T06:12:30.944+0000] {processor.py:183} INFO - Processing /home/airflow/.local/lib/python3.12/site-packages/airflow/example_dags/example_display_name.py took 0.179 seconds
[2024-07-19T06:13:01.642+0000] {processor.py:161} INFO - Started process (PID=6356) to work on /home/airflow/.local/lib/python3.12/site-packages/airflow/example_dags/example_display_name.py
[2024-07-19T06:13:01.644+0000] {processor.py:830} INFO - Processing file /home/airflow/.local/lib/python3.12/site-packages/airflow/example_dags/example_display_name.py for tasks to queue
[2024-07-19T06:13:01.646+0000] {logging_mixin.py:188} INFO - [2024-07-19T06:13:01.646+0000] {dagbag.py:545} INFO - Filling up the DagBag from /home/airflow/.local/lib/python3.12/site-packages/airflow/example_dags/example_display_name.py
[2024-07-19T06:13:01.655+0000] {processor.py:840} INFO - DAG(s) 'example_display_name' retrieved from /home/airflow/.local/lib/python3.12/site-packages/airflow/example_dags/example_display_name.py
[2024-07-19T06:13:01.686+0000] {logging_mixin.py:188} INFO - [2024-07-19T06:13:01.686+0000] {dag.py:3089} INFO - Sync 1 DAGs
[2024-07-19T06:13:01.703+0000] {logging_mixin.py:188} INFO - [2024-07-19T06:13:01.703+0000] {dag.py:3947} INFO - Setting next_dagrun for example_display_name to None, run_after=None
[2024-07-19T06:13:01.725+0000] {processor.py:183} INFO - Processing /home/airflow/.local/lib/python3.12/site-packages/airflow/example_dags/example_display_name.py took 0.095 seconds
[2024-07-19T06:13:32.103+0000] {processor.py:161} INFO - Started process (PID=6416) to work on /home/airflow/.local/lib/python3.12/site-packages/airflow/example_dags/example_display_name.py
[2024-07-19T06:13:32.104+0000] {processor.py:830} INFO - Processing file /home/airflow/.local/lib/python3.12/site-packages/airflow/example_dags/example_display_name.py for tasks to queue
[2024-07-19T06:13:32.106+0000] {logging_mixin.py:188} INFO - [2024-07-19T06:13:32.105+0000] {dagbag.py:545} INFO - Filling up the DagBag from /home/airflow/.local/lib/python3.12/site-packages/airflow/example_dags/example_display_name.py
[2024-07-19T06:13:32.113+0000] {processor.py:840} INFO - DAG(s) 'example_display_name' retrieved from /home/airflow/.local/lib/python3.12/site-packages/airflow/example_dags/example_display_name.py
[2024-07-19T06:13:32.141+0000] {logging_mixin.py:188} INFO - [2024-07-19T06:13:32.140+0000] {dag.py:3089} INFO - Sync 1 DAGs
[2024-07-19T06:13:32.159+0000] {logging_mixin.py:188} INFO - [2024-07-19T06:13:32.159+0000] {dag.py:3947} INFO - Setting next_dagrun for example_display_name to None, run_after=None
[2024-07-19T06:13:32.185+0000] {processor.py:183} INFO - Processing /home/airflow/.local/lib/python3.12/site-packages/airflow/example_dags/example_display_name.py took 0.091 seconds
[2024-07-19T06:14:02.769+0000] {processor.py:161} INFO - Started process (PID=6476) to work on /home/airflow/.local/lib/python3.12/site-packages/airflow/example_dags/example_display_name.py
[2024-07-19T06:14:02.771+0000] {processor.py:830} INFO - Processing file /home/airflow/.local/lib/python3.12/site-packages/airflow/example_dags/example_display_name.py for tasks to queue
[2024-07-19T06:14:02.773+0000] {logging_mixin.py:188} INFO - [2024-07-19T06:14:02.772+0000] {dagbag.py:545} INFO - Filling up the DagBag from /home/airflow/.local/lib/python3.12/site-packages/airflow/example_dags/example_display_name.py
[2024-07-19T06:14:02.781+0000] {processor.py:840} INFO - DAG(s) 'example_display_name' retrieved from /home/airflow/.local/lib/python3.12/site-packages/airflow/example_dags/example_display_name.py
[2024-07-19T06:14:02.813+0000] {logging_mixin.py:188} INFO - [2024-07-19T06:14:02.812+0000] {dag.py:3089} INFO - Sync 1 DAGs
[2024-07-19T06:14:02.882+0000] {logging_mixin.py:188} INFO - [2024-07-19T06:14:02.881+0000] {dag.py:3947} INFO - Setting next_dagrun for example_display_name to None, run_after=None
[2024-07-19T06:14:02.912+0000] {processor.py:183} INFO - Processing /home/airflow/.local/lib/python3.12/site-packages/airflow/example_dags/example_display_name.py took 0.151 seconds
[2024-07-19T06:14:33.778+0000] {processor.py:161} INFO - Started process (PID=6542) to work on /home/airflow/.local/lib/python3.12/site-packages/airflow/example_dags/example_display_name.py
[2024-07-19T06:14:33.780+0000] {processor.py:830} INFO - Processing file /home/airflow/.local/lib/python3.12/site-packages/airflow/example_dags/example_display_name.py for tasks to queue
[2024-07-19T06:14:33.781+0000] {logging_mixin.py:188} INFO - [2024-07-19T06:14:33.781+0000] {dagbag.py:545} INFO - Filling up the DagBag from /home/airflow/.local/lib/python3.12/site-packages/airflow/example_dags/example_display_name.py
[2024-07-19T06:14:33.790+0000] {processor.py:840} INFO - DAG(s) 'example_display_name' retrieved from /home/airflow/.local/lib/python3.12/site-packages/airflow/example_dags/example_display_name.py
[2024-07-19T06:14:33.815+0000] {logging_mixin.py:188} INFO - [2024-07-19T06:14:33.815+0000] {dag.py:3089} INFO - Sync 1 DAGs
[2024-07-19T06:14:33.831+0000] {logging_mixin.py:188} INFO - [2024-07-19T06:14:33.830+0000] {dag.py:3947} INFO - Setting next_dagrun for example_display_name to None, run_after=None
[2024-07-19T06:14:33.852+0000] {processor.py:183} INFO - Processing /home/airflow/.local/lib/python3.12/site-packages/airflow/example_dags/example_display_name.py took 0.086 seconds
[2024-07-19T06:15:04.413+0000] {processor.py:161} INFO - Started process (PID=6602) to work on /home/airflow/.local/lib/python3.12/site-packages/airflow/example_dags/example_display_name.py
[2024-07-19T06:15:04.416+0000] {processor.py:830} INFO - Processing file /home/airflow/.local/lib/python3.12/site-packages/airflow/example_dags/example_display_name.py for tasks to queue
[2024-07-19T06:15:04.419+0000] {logging_mixin.py:188} INFO - [2024-07-19T06:15:04.417+0000] {dagbag.py:545} INFO - Filling up the DagBag from /home/airflow/.local/lib/python3.12/site-packages/airflow/example_dags/example_display_name.py
[2024-07-19T06:15:04.431+0000] {processor.py:840} INFO - DAG(s) 'example_display_name' retrieved from /home/airflow/.local/lib/python3.12/site-packages/airflow/example_dags/example_display_name.py
[2024-07-19T06:15:04.468+0000] {logging_mixin.py:188} INFO - [2024-07-19T06:15:04.468+0000] {dag.py:3089} INFO - Sync 1 DAGs
[2024-07-19T06:15:04.486+0000] {logging_mixin.py:188} INFO - [2024-07-19T06:15:04.486+0000] {dag.py:3947} INFO - Setting next_dagrun for example_display_name to None, run_after=None
[2024-07-19T06:15:04.516+0000] {processor.py:183} INFO - Processing /home/airflow/.local/lib/python3.12/site-packages/airflow/example_dags/example_display_name.py took 0.112 seconds
[2024-07-19T06:15:34.871+0000] {processor.py:161} INFO - Started process (PID=6662) to work on /home/airflow/.local/lib/python3.12/site-packages/airflow/example_dags/example_display_name.py
[2024-07-19T06:15:34.873+0000] {processor.py:830} INFO - Processing file /home/airflow/.local/lib/python3.12/site-packages/airflow/example_dags/example_display_name.py for tasks to queue
[2024-07-19T06:15:34.874+0000] {logging_mixin.py:188} INFO - [2024-07-19T06:15:34.874+0000] {dagbag.py:545} INFO - Filling up the DagBag from /home/airflow/.local/lib/python3.12/site-packages/airflow/example_dags/example_display_name.py
[2024-07-19T06:15:34.881+0000] {processor.py:840} INFO - DAG(s) 'example_display_name' retrieved from /home/airflow/.local/lib/python3.12/site-packages/airflow/example_dags/example_display_name.py
[2024-07-19T06:15:34.906+0000] {logging_mixin.py:188} INFO - [2024-07-19T06:15:34.906+0000] {dag.py:3089} INFO - Sync 1 DAGs
[2024-07-19T06:15:34.922+0000] {logging_mixin.py:188} INFO - [2024-07-19T06:15:34.922+0000] {dag.py:3947} INFO - Setting next_dagrun for example_display_name to None, run_after=None
[2024-07-19T06:15:34.947+0000] {processor.py:183} INFO - Processing /home/airflow/.local/lib/python3.12/site-packages/airflow/example_dags/example_display_name.py took 0.084 seconds
[2024-07-19T06:16:05.660+0000] {processor.py:161} INFO - Started process (PID=6722) to work on /home/airflow/.local/lib/python3.12/site-packages/airflow/example_dags/example_display_name.py
[2024-07-19T06:16:05.661+0000] {processor.py:830} INFO - Processing file /home/airflow/.local/lib/python3.12/site-packages/airflow/example_dags/example_display_name.py for tasks to queue
[2024-07-19T06:16:05.663+0000] {logging_mixin.py:188} INFO - [2024-07-19T06:16:05.663+0000] {dagbag.py:545} INFO - Filling up the DagBag from /home/airflow/.local/lib/python3.12/site-packages/airflow/example_dags/example_display_name.py
[2024-07-19T06:16:05.670+0000] {processor.py:840} INFO - DAG(s) 'example_display_name' retrieved from /home/airflow/.local/lib/python3.12/site-packages/airflow/example_dags/example_display_name.py
[2024-07-19T06:16:05.699+0000] {logging_mixin.py:188} INFO - [2024-07-19T06:16:05.699+0000] {dag.py:3089} INFO - Sync 1 DAGs
[2024-07-19T06:16:05.716+0000] {logging_mixin.py:188} INFO - [2024-07-19T06:16:05.716+0000] {dag.py:3947} INFO - Setting next_dagrun for example_display_name to None, run_after=None
[2024-07-19T06:16:05.743+0000] {processor.py:183} INFO - Processing /home/airflow/.local/lib/python3.12/site-packages/airflow/example_dags/example_display_name.py took 0.092 seconds
[2024-07-19T06:16:35.804+0000] {processor.py:161} INFO - Started process (PID=6781) to work on /home/airflow/.local/lib/python3.12/site-packages/airflow/example_dags/example_display_name.py
[2024-07-19T06:16:35.805+0000] {processor.py:830} INFO - Processing file /home/airflow/.local/lib/python3.12/site-packages/airflow/example_dags/example_display_name.py for tasks to queue
[2024-07-19T06:16:35.807+0000] {logging_mixin.py:188} INFO - [2024-07-19T06:16:35.806+0000] {dagbag.py:545} INFO - Filling up the DagBag from /home/airflow/.local/lib/python3.12/site-packages/airflow/example_dags/example_display_name.py
[2024-07-19T06:16:35.814+0000] {processor.py:840} INFO - DAG(s) 'example_display_name' retrieved from /home/airflow/.local/lib/python3.12/site-packages/airflow/example_dags/example_display_name.py
[2024-07-19T06:16:35.845+0000] {logging_mixin.py:188} INFO - [2024-07-19T06:16:35.845+0000] {dag.py:3089} INFO - Sync 1 DAGs
[2024-07-19T06:16:35.863+0000] {logging_mixin.py:188} INFO - [2024-07-19T06:16:35.863+0000] {dag.py:3947} INFO - Setting next_dagrun for example_display_name to None, run_after=None
[2024-07-19T06:16:35.886+0000] {processor.py:183} INFO - Processing /home/airflow/.local/lib/python3.12/site-packages/airflow/example_dags/example_display_name.py took 0.091 seconds
[2024-07-19T06:17:06.234+0000] {processor.py:161} INFO - Started process (PID=6841) to work on /home/airflow/.local/lib/python3.12/site-packages/airflow/example_dags/example_display_name.py
[2024-07-19T06:17:06.236+0000] {processor.py:830} INFO - Processing file /home/airflow/.local/lib/python3.12/site-packages/airflow/example_dags/example_display_name.py for tasks to queue
[2024-07-19T06:17:06.238+0000] {logging_mixin.py:188} INFO - [2024-07-19T06:17:06.237+0000] {dagbag.py:545} INFO - Filling up the DagBag from /home/airflow/.local/lib/python3.12/site-packages/airflow/example_dags/example_display_name.py
[2024-07-19T06:17:06.245+0000] {processor.py:840} INFO - DAG(s) 'example_display_name' retrieved from /home/airflow/.local/lib/python3.12/site-packages/airflow/example_dags/example_display_name.py
[2024-07-19T06:17:06.270+0000] {logging_mixin.py:188} INFO - [2024-07-19T06:17:06.270+0000] {dag.py:3089} INFO - Sync 1 DAGs
[2024-07-19T06:17:06.288+0000] {logging_mixin.py:188} INFO - [2024-07-19T06:17:06.287+0000] {dag.py:3947} INFO - Setting next_dagrun for example_display_name to None, run_after=None
[2024-07-19T06:17:06.309+0000] {processor.py:183} INFO - Processing /home/airflow/.local/lib/python3.12/site-packages/airflow/example_dags/example_display_name.py took 0.084 seconds
[2024-07-19T06:17:37.551+0000] {processor.py:161} INFO - Started process (PID=6902) to work on /home/airflow/.local/lib/python3.12/site-packages/airflow/example_dags/example_display_name.py
[2024-07-19T06:17:37.553+0000] {processor.py:830} INFO - Processing file /home/airflow/.local/lib/python3.12/site-packages/airflow/example_dags/example_display_name.py for tasks to queue
[2024-07-19T06:17:37.554+0000] {logging_mixin.py:188} INFO - [2024-07-19T06:17:37.554+0000] {dagbag.py:545} INFO - Filling up the DagBag from /home/airflow/.local/lib/python3.12/site-packages/airflow/example_dags/example_display_name.py
[2024-07-19T06:17:37.562+0000] {processor.py:840} INFO - DAG(s) 'example_display_name' retrieved from /home/airflow/.local/lib/python3.12/site-packages/airflow/example_dags/example_display_name.py
[2024-07-19T06:17:37.598+0000] {logging_mixin.py:188} INFO - [2024-07-19T06:17:37.597+0000] {dag.py:3089} INFO - Sync 1 DAGs
[2024-07-19T06:17:37.617+0000] {logging_mixin.py:188} INFO - [2024-07-19T06:17:37.616+0000] {dag.py:3947} INFO - Setting next_dagrun for example_display_name to None, run_after=None
[2024-07-19T06:17:37.647+0000] {processor.py:183} INFO - Processing /home/airflow/.local/lib/python3.12/site-packages/airflow/example_dags/example_display_name.py took 0.104 seconds
[2024-07-19T06:18:08.611+0000] {processor.py:161} INFO - Started process (PID=6961) to work on /home/airflow/.local/lib/python3.12/site-packages/airflow/example_dags/example_display_name.py
[2024-07-19T06:18:08.612+0000] {processor.py:830} INFO - Processing file /home/airflow/.local/lib/python3.12/site-packages/airflow/example_dags/example_display_name.py for tasks to queue
[2024-07-19T06:18:08.613+0000] {logging_mixin.py:188} INFO - [2024-07-19T06:18:08.613+0000] {dagbag.py:545} INFO - Filling up the DagBag from /home/airflow/.local/lib/python3.12/site-packages/airflow/example_dags/example_display_name.py
[2024-07-19T06:18:08.620+0000] {processor.py:840} INFO - DAG(s) 'example_display_name' retrieved from /home/airflow/.local/lib/python3.12/site-packages/airflow/example_dags/example_display_name.py
[2024-07-19T06:18:08.646+0000] {logging_mixin.py:188} INFO - [2024-07-19T06:18:08.645+0000] {dag.py:3089} INFO - Sync 1 DAGs
[2024-07-19T06:18:08.663+0000] {logging_mixin.py:188} INFO - [2024-07-19T06:18:08.663+0000] {dag.py:3947} INFO - Setting next_dagrun for example_display_name to None, run_after=None
[2024-07-19T06:18:08.690+0000] {processor.py:183} INFO - Processing /home/airflow/.local/lib/python3.12/site-packages/airflow/example_dags/example_display_name.py took 0.087 seconds
[2024-07-19T06:18:39.073+0000] {processor.py:161} INFO - Started process (PID=7020) to work on /home/airflow/.local/lib/python3.12/site-packages/airflow/example_dags/example_display_name.py
[2024-07-19T06:18:39.108+0000] {processor.py:830} INFO - Processing file /home/airflow/.local/lib/python3.12/site-packages/airflow/example_dags/example_display_name.py for tasks to queue
[2024-07-19T06:18:39.110+0000] {logging_mixin.py:188} INFO - [2024-07-19T06:18:39.109+0000] {dagbag.py:545} INFO - Filling up the DagBag from /home/airflow/.local/lib/python3.12/site-packages/airflow/example_dags/example_display_name.py
[2024-07-19T06:18:39.116+0000] {processor.py:840} INFO - DAG(s) 'example_display_name' retrieved from /home/airflow/.local/lib/python3.12/site-packages/airflow/example_dags/example_display_name.py
[2024-07-19T06:18:39.142+0000] {logging_mixin.py:188} INFO - [2024-07-19T06:18:39.142+0000] {dag.py:3089} INFO - Sync 1 DAGs
[2024-07-19T06:18:39.162+0000] {logging_mixin.py:188} INFO - [2024-07-19T06:18:39.162+0000] {dag.py:3947} INFO - Setting next_dagrun for example_display_name to None, run_after=None
[2024-07-19T06:18:39.188+0000] {processor.py:183} INFO - Processing /home/airflow/.local/lib/python3.12/site-packages/airflow/example_dags/example_display_name.py took 0.123 seconds
[2024-07-19T06:19:09.453+0000] {processor.py:161} INFO - Started process (PID=7080) to work on /home/airflow/.local/lib/python3.12/site-packages/airflow/example_dags/example_display_name.py
[2024-07-19T06:19:09.492+0000] {processor.py:830} INFO - Processing file /home/airflow/.local/lib/python3.12/site-packages/airflow/example_dags/example_display_name.py for tasks to queue
[2024-07-19T06:19:09.493+0000] {logging_mixin.py:188} INFO - [2024-07-19T06:19:09.493+0000] {dagbag.py:545} INFO - Filling up the DagBag from /home/airflow/.local/lib/python3.12/site-packages/airflow/example_dags/example_display_name.py
[2024-07-19T06:19:09.501+0000] {processor.py:840} INFO - DAG(s) 'example_display_name' retrieved from /home/airflow/.local/lib/python3.12/site-packages/airflow/example_dags/example_display_name.py
[2024-07-19T06:19:09.531+0000] {logging_mixin.py:188} INFO - [2024-07-19T06:19:09.531+0000] {dag.py:3089} INFO - Sync 1 DAGs
[2024-07-19T06:19:09.548+0000] {logging_mixin.py:188} INFO - [2024-07-19T06:19:09.547+0000] {dag.py:3947} INFO - Setting next_dagrun for example_display_name to None, run_after=None
[2024-07-19T06:19:09.570+0000] {processor.py:183} INFO - Processing /home/airflow/.local/lib/python3.12/site-packages/airflow/example_dags/example_display_name.py took 0.125 seconds
[2024-07-19T06:19:39.873+0000] {processor.py:161} INFO - Started process (PID=7140) to work on /home/airflow/.local/lib/python3.12/site-packages/airflow/example_dags/example_display_name.py
[2024-07-19T06:19:39.908+0000] {processor.py:830} INFO - Processing file /home/airflow/.local/lib/python3.12/site-packages/airflow/example_dags/example_display_name.py for tasks to queue
[2024-07-19T06:19:39.910+0000] {logging_mixin.py:188} INFO - [2024-07-19T06:19:39.909+0000] {dagbag.py:545} INFO - Filling up the DagBag from /home/airflow/.local/lib/python3.12/site-packages/airflow/example_dags/example_display_name.py
[2024-07-19T06:19:39.917+0000] {processor.py:840} INFO - DAG(s) 'example_display_name' retrieved from /home/airflow/.local/lib/python3.12/site-packages/airflow/example_dags/example_display_name.py
[2024-07-19T06:19:39.943+0000] {logging_mixin.py:188} INFO - [2024-07-19T06:19:39.942+0000] {dag.py:3089} INFO - Sync 1 DAGs
[2024-07-19T06:19:39.959+0000] {logging_mixin.py:188} INFO - [2024-07-19T06:19:39.959+0000] {dag.py:3947} INFO - Setting next_dagrun for example_display_name to None, run_after=None
[2024-07-19T06:19:39.982+0000] {processor.py:183} INFO - Processing /home/airflow/.local/lib/python3.12/site-packages/airflow/example_dags/example_display_name.py took 0.117 seconds
[2024-07-19T06:20:10.402+0000] {processor.py:161} INFO - Started process (PID=7200) to work on /home/airflow/.local/lib/python3.12/site-packages/airflow/example_dags/example_display_name.py
[2024-07-19T06:20:10.434+0000] {processor.py:830} INFO - Processing file /home/airflow/.local/lib/python3.12/site-packages/airflow/example_dags/example_display_name.py for tasks to queue
[2024-07-19T06:20:10.435+0000] {logging_mixin.py:188} INFO - [2024-07-19T06:20:10.435+0000] {dagbag.py:545} INFO - Filling up the DagBag from /home/airflow/.local/lib/python3.12/site-packages/airflow/example_dags/example_display_name.py
[2024-07-19T06:20:10.442+0000] {processor.py:840} INFO - DAG(s) 'example_display_name' retrieved from /home/airflow/.local/lib/python3.12/site-packages/airflow/example_dags/example_display_name.py
[2024-07-19T06:20:10.468+0000] {logging_mixin.py:188} INFO - [2024-07-19T06:20:10.468+0000] {dag.py:3089} INFO - Sync 1 DAGs
[2024-07-19T06:20:10.484+0000] {logging_mixin.py:188} INFO - [2024-07-19T06:20:10.484+0000] {dag.py:3947} INFO - Setting next_dagrun for example_display_name to None, run_after=None
[2024-07-19T06:20:10.509+0000] {processor.py:183} INFO - Processing /home/airflow/.local/lib/python3.12/site-packages/airflow/example_dags/example_display_name.py took 0.115 seconds
[2024-07-19T06:20:40.920+0000] {processor.py:161} INFO - Started process (PID=7260) to work on /home/airflow/.local/lib/python3.12/site-packages/airflow/example_dags/example_display_name.py
[2024-07-19T06:20:40.957+0000] {processor.py:830} INFO - Processing file /home/airflow/.local/lib/python3.12/site-packages/airflow/example_dags/example_display_name.py for tasks to queue
[2024-07-19T06:20:40.959+0000] {logging_mixin.py:188} INFO - [2024-07-19T06:20:40.958+0000] {dagbag.py:545} INFO - Filling up the DagBag from /home/airflow/.local/lib/python3.12/site-packages/airflow/example_dags/example_display_name.py
[2024-07-19T06:20:40.967+0000] {processor.py:840} INFO - DAG(s) 'example_display_name' retrieved from /home/airflow/.local/lib/python3.12/site-packages/airflow/example_dags/example_display_name.py
[2024-07-19T06:20:41.000+0000] {logging_mixin.py:188} INFO - [2024-07-19T06:20:40.999+0000] {dag.py:3089} INFO - Sync 1 DAGs
[2024-07-19T06:20:41.017+0000] {logging_mixin.py:188} INFO - [2024-07-19T06:20:41.016+0000] {dag.py:3947} INFO - Setting next_dagrun for example_display_name to None, run_after=None
[2024-07-19T06:20:41.042+0000] {processor.py:183} INFO - Processing /home/airflow/.local/lib/python3.12/site-packages/airflow/example_dags/example_display_name.py took 0.129 seconds
[2024-07-19T06:21:11.151+0000] {processor.py:161} INFO - Started process (PID=7320) to work on /home/airflow/.local/lib/python3.12/site-packages/airflow/example_dags/example_display_name.py
[2024-07-19T06:21:11.184+0000] {processor.py:830} INFO - Processing file /home/airflow/.local/lib/python3.12/site-packages/airflow/example_dags/example_display_name.py for tasks to queue
[2024-07-19T06:21:11.186+0000] {logging_mixin.py:188} INFO - [2024-07-19T06:21:11.185+0000] {dagbag.py:545} INFO - Filling up the DagBag from /home/airflow/.local/lib/python3.12/site-packages/airflow/example_dags/example_display_name.py
[2024-07-19T06:21:11.192+0000] {processor.py:840} INFO - DAG(s) 'example_display_name' retrieved from /home/airflow/.local/lib/python3.12/site-packages/airflow/example_dags/example_display_name.py
[2024-07-19T06:21:11.219+0000] {logging_mixin.py:188} INFO - [2024-07-19T06:21:11.219+0000] {dag.py:3089} INFO - Sync 1 DAGs
[2024-07-19T06:21:11.235+0000] {logging_mixin.py:188} INFO - [2024-07-19T06:21:11.235+0000] {dag.py:3947} INFO - Setting next_dagrun for example_display_name to None, run_after=None
[2024-07-19T06:21:11.259+0000] {processor.py:183} INFO - Processing /home/airflow/.local/lib/python3.12/site-packages/airflow/example_dags/example_display_name.py took 0.115 seconds
[2024-07-19T06:21:41.379+0000] {processor.py:161} INFO - Started process (PID=7380) to work on /home/airflow/.local/lib/python3.12/site-packages/airflow/example_dags/example_display_name.py
[2024-07-19T06:21:41.417+0000] {processor.py:830} INFO - Processing file /home/airflow/.local/lib/python3.12/site-packages/airflow/example_dags/example_display_name.py for tasks to queue
[2024-07-19T06:21:41.419+0000] {logging_mixin.py:188} INFO - [2024-07-19T06:21:41.418+0000] {dagbag.py:545} INFO - Filling up the DagBag from /home/airflow/.local/lib/python3.12/site-packages/airflow/example_dags/example_display_name.py
[2024-07-19T06:21:41.426+0000] {processor.py:840} INFO - DAG(s) 'example_display_name' retrieved from /home/airflow/.local/lib/python3.12/site-packages/airflow/example_dags/example_display_name.py
[2024-07-19T06:21:41.454+0000] {logging_mixin.py:188} INFO - [2024-07-19T06:21:41.454+0000] {dag.py:3089} INFO - Sync 1 DAGs
[2024-07-19T06:21:41.470+0000] {logging_mixin.py:188} INFO - [2024-07-19T06:21:41.470+0000] {dag.py:3947} INFO - Setting next_dagrun for example_display_name to None, run_after=None
[2024-07-19T06:21:41.492+0000] {processor.py:183} INFO - Processing /home/airflow/.local/lib/python3.12/site-packages/airflow/example_dags/example_display_name.py took 0.122 seconds
[2024-07-19T06:22:11.710+0000] {processor.py:161} INFO - Started process (PID=7440) to work on /home/airflow/.local/lib/python3.12/site-packages/airflow/example_dags/example_display_name.py
[2024-07-19T06:22:11.745+0000] {processor.py:830} INFO - Processing file /home/airflow/.local/lib/python3.12/site-packages/airflow/example_dags/example_display_name.py for tasks to queue
[2024-07-19T06:22:11.746+0000] {logging_mixin.py:188} INFO - [2024-07-19T06:22:11.746+0000] {dagbag.py:545} INFO - Filling up the DagBag from /home/airflow/.local/lib/python3.12/site-packages/airflow/example_dags/example_display_name.py
[2024-07-19T06:22:11.753+0000] {processor.py:840} INFO - DAG(s) 'example_display_name' retrieved from /home/airflow/.local/lib/python3.12/site-packages/airflow/example_dags/example_display_name.py
[2024-07-19T06:22:11.780+0000] {logging_mixin.py:188} INFO - [2024-07-19T06:22:11.779+0000] {dag.py:3089} INFO - Sync 1 DAGs
[2024-07-19T06:22:11.799+0000] {logging_mixin.py:188} INFO - [2024-07-19T06:22:11.798+0000] {dag.py:3947} INFO - Setting next_dagrun for example_display_name to None, run_after=None
[2024-07-19T06:22:11.827+0000] {processor.py:183} INFO - Processing /home/airflow/.local/lib/python3.12/site-packages/airflow/example_dags/example_display_name.py took 0.125 seconds
[2024-07-19T06:22:42.323+0000] {processor.py:161} INFO - Started process (PID=7501) to work on /home/airflow/.local/lib/python3.12/site-packages/airflow/example_dags/example_display_name.py
[2024-07-19T06:22:42.361+0000] {processor.py:830} INFO - Processing file /home/airflow/.local/lib/python3.12/site-packages/airflow/example_dags/example_display_name.py for tasks to queue
[2024-07-19T06:22:42.363+0000] {logging_mixin.py:188} INFO - [2024-07-19T06:22:42.362+0000] {dagbag.py:545} INFO - Filling up the DagBag from /home/airflow/.local/lib/python3.12/site-packages/airflow/example_dags/example_display_name.py
[2024-07-19T06:22:42.370+0000] {processor.py:840} INFO - DAG(s) 'example_display_name' retrieved from /home/airflow/.local/lib/python3.12/site-packages/airflow/example_dags/example_display_name.py
[2024-07-19T06:22:42.398+0000] {logging_mixin.py:188} INFO - [2024-07-19T06:22:42.398+0000] {dag.py:3089} INFO - Sync 1 DAGs
[2024-07-19T06:22:42.415+0000] {logging_mixin.py:188} INFO - [2024-07-19T06:22:42.414+0000] {dag.py:3947} INFO - Setting next_dagrun for example_display_name to None, run_after=None
[2024-07-19T06:22:42.438+0000] {processor.py:183} INFO - Processing /home/airflow/.local/lib/python3.12/site-packages/airflow/example_dags/example_display_name.py took 0.124 seconds
[2024-07-19T06:23:12.682+0000] {processor.py:161} INFO - Started process (PID=7561) to work on /home/airflow/.local/lib/python3.12/site-packages/airflow/example_dags/example_display_name.py
[2024-07-19T06:23:12.740+0000] {processor.py:830} INFO - Processing file /home/airflow/.local/lib/python3.12/site-packages/airflow/example_dags/example_display_name.py for tasks to queue
[2024-07-19T06:23:12.742+0000] {logging_mixin.py:188} INFO - [2024-07-19T06:23:12.741+0000] {dagbag.py:545} INFO - Filling up the DagBag from /home/airflow/.local/lib/python3.12/site-packages/airflow/example_dags/example_display_name.py
[2024-07-19T06:23:12.757+0000] {processor.py:840} INFO - DAG(s) 'example_display_name' retrieved from /home/airflow/.local/lib/python3.12/site-packages/airflow/example_dags/example_display_name.py
[2024-07-19T06:23:12.817+0000] {logging_mixin.py:188} INFO - [2024-07-19T06:23:12.817+0000] {dag.py:3089} INFO - Sync 1 DAGs
[2024-07-19T06:23:12.857+0000] {logging_mixin.py:188} INFO - [2024-07-19T06:23:12.856+0000] {dag.py:3947} INFO - Setting next_dagrun for example_display_name to None, run_after=None
[2024-07-19T06:23:12.919+0000] {processor.py:183} INFO - Processing /home/airflow/.local/lib/python3.12/site-packages/airflow/example_dags/example_display_name.py took 0.256 seconds
[2024-07-19T06:23:43.072+0000] {processor.py:161} INFO - Started process (PID=7620) to work on /home/airflow/.local/lib/python3.12/site-packages/airflow/example_dags/example_display_name.py
[2024-07-19T06:23:43.103+0000] {processor.py:830} INFO - Processing file /home/airflow/.local/lib/python3.12/site-packages/airflow/example_dags/example_display_name.py for tasks to queue
[2024-07-19T06:23:43.105+0000] {logging_mixin.py:188} INFO - [2024-07-19T06:23:43.105+0000] {dagbag.py:545} INFO - Filling up the DagBag from /home/airflow/.local/lib/python3.12/site-packages/airflow/example_dags/example_display_name.py
[2024-07-19T06:23:43.111+0000] {processor.py:840} INFO - DAG(s) 'example_display_name' retrieved from /home/airflow/.local/lib/python3.12/site-packages/airflow/example_dags/example_display_name.py
[2024-07-19T06:23:43.136+0000] {logging_mixin.py:188} INFO - [2024-07-19T06:23:43.135+0000] {dag.py:3089} INFO - Sync 1 DAGs
[2024-07-19T06:23:43.155+0000] {logging_mixin.py:188} INFO - [2024-07-19T06:23:43.155+0000] {dag.py:3947} INFO - Setting next_dagrun for example_display_name to None, run_after=None
[2024-07-19T06:23:43.190+0000] {processor.py:183} INFO - Processing /home/airflow/.local/lib/python3.12/site-packages/airflow/example_dags/example_display_name.py took 0.126 seconds
[2024-07-19T06:24:13.303+0000] {processor.py:161} INFO - Started process (PID=7681) to work on /home/airflow/.local/lib/python3.12/site-packages/airflow/example_dags/example_display_name.py
[2024-07-19T06:24:13.305+0000] {processor.py:830} INFO - Processing file /home/airflow/.local/lib/python3.12/site-packages/airflow/example_dags/example_display_name.py for tasks to queue
[2024-07-19T06:24:13.306+0000] {logging_mixin.py:188} INFO - [2024-07-19T06:24:13.306+0000] {dagbag.py:545} INFO - Filling up the DagBag from /home/airflow/.local/lib/python3.12/site-packages/airflow/example_dags/example_display_name.py
[2024-07-19T06:24:13.312+0000] {processor.py:840} INFO - DAG(s) 'example_display_name' retrieved from /home/airflow/.local/lib/python3.12/site-packages/airflow/example_dags/example_display_name.py
[2024-07-19T06:24:13.338+0000] {logging_mixin.py:188} INFO - [2024-07-19T06:24:13.338+0000] {dag.py:3089} INFO - Sync 1 DAGs
[2024-07-19T06:24:13.353+0000] {logging_mixin.py:188} INFO - [2024-07-19T06:24:13.353+0000] {dag.py:3947} INFO - Setting next_dagrun for example_display_name to None, run_after=None
[2024-07-19T06:24:13.375+0000] {processor.py:183} INFO - Processing /home/airflow/.local/lib/python3.12/site-packages/airflow/example_dags/example_display_name.py took 0.079 seconds
[2024-07-19T06:24:43.795+0000] {processor.py:161} INFO - Started process (PID=7741) to work on /home/airflow/.local/lib/python3.12/site-packages/airflow/example_dags/example_display_name.py
[2024-07-19T06:24:43.798+0000] {processor.py:830} INFO - Processing file /home/airflow/.local/lib/python3.12/site-packages/airflow/example_dags/example_display_name.py for tasks to queue
[2024-07-19T06:24:43.800+0000] {logging_mixin.py:188} INFO - [2024-07-19T06:24:43.799+0000] {dagbag.py:545} INFO - Filling up the DagBag from /home/airflow/.local/lib/python3.12/site-packages/airflow/example_dags/example_display_name.py
[2024-07-19T06:24:43.812+0000] {processor.py:840} INFO - DAG(s) 'example_display_name' retrieved from /home/airflow/.local/lib/python3.12/site-packages/airflow/example_dags/example_display_name.py
[2024-07-19T06:24:43.848+0000] {logging_mixin.py:188} INFO - [2024-07-19T06:24:43.848+0000] {dag.py:3089} INFO - Sync 1 DAGs
[2024-07-19T06:24:43.866+0000] {logging_mixin.py:188} INFO - [2024-07-19T06:24:43.866+0000] {dag.py:3947} INFO - Setting next_dagrun for example_display_name to None, run_after=None
[2024-07-19T06:24:43.892+0000] {processor.py:183} INFO - Processing /home/airflow/.local/lib/python3.12/site-packages/airflow/example_dags/example_display_name.py took 0.109 seconds
[2024-07-19T06:25:14.726+0000] {processor.py:161} INFO - Started process (PID=7801) to work on /home/airflow/.local/lib/python3.12/site-packages/airflow/example_dags/example_display_name.py
[2024-07-19T06:25:14.727+0000] {processor.py:830} INFO - Processing file /home/airflow/.local/lib/python3.12/site-packages/airflow/example_dags/example_display_name.py for tasks to queue
[2024-07-19T06:25:14.728+0000] {logging_mixin.py:188} INFO - [2024-07-19T06:25:14.728+0000] {dagbag.py:545} INFO - Filling up the DagBag from /home/airflow/.local/lib/python3.12/site-packages/airflow/example_dags/example_display_name.py
[2024-07-19T06:25:14.736+0000] {processor.py:840} INFO - DAG(s) 'example_display_name' retrieved from /home/airflow/.local/lib/python3.12/site-packages/airflow/example_dags/example_display_name.py
[2024-07-19T06:25:14.761+0000] {logging_mixin.py:188} INFO - [2024-07-19T06:25:14.761+0000] {dag.py:3089} INFO - Sync 1 DAGs
[2024-07-19T06:25:14.777+0000] {logging_mixin.py:188} INFO - [2024-07-19T06:25:14.776+0000] {dag.py:3947} INFO - Setting next_dagrun for example_display_name to None, run_after=None
[2024-07-19T06:25:14.800+0000] {processor.py:183} INFO - Processing /home/airflow/.local/lib/python3.12/site-packages/airflow/example_dags/example_display_name.py took 0.082 seconds
[2024-07-19T06:25:45.165+0000] {processor.py:161} INFO - Started process (PID=7861) to work on /home/airflow/.local/lib/python3.12/site-packages/airflow/example_dags/example_display_name.py
[2024-07-19T06:25:45.167+0000] {processor.py:830} INFO - Processing file /home/airflow/.local/lib/python3.12/site-packages/airflow/example_dags/example_display_name.py for tasks to queue
[2024-07-19T06:25:45.168+0000] {logging_mixin.py:188} INFO - [2024-07-19T06:25:45.168+0000] {dagbag.py:545} INFO - Filling up the DagBag from /home/airflow/.local/lib/python3.12/site-packages/airflow/example_dags/example_display_name.py
[2024-07-19T06:25:45.176+0000] {processor.py:840} INFO - DAG(s) 'example_display_name' retrieved from /home/airflow/.local/lib/python3.12/site-packages/airflow/example_dags/example_display_name.py
[2024-07-19T06:25:45.205+0000] {logging_mixin.py:188} INFO - [2024-07-19T06:25:45.205+0000] {dag.py:3089} INFO - Sync 1 DAGs
[2024-07-19T06:25:45.224+0000] {logging_mixin.py:188} INFO - [2024-07-19T06:25:45.224+0000] {dag.py:3947} INFO - Setting next_dagrun for example_display_name to None, run_after=None
[2024-07-19T06:25:45.249+0000] {processor.py:183} INFO - Processing /home/airflow/.local/lib/python3.12/site-packages/airflow/example_dags/example_display_name.py took 0.092 seconds
[2024-07-19T06:26:15.605+0000] {processor.py:161} INFO - Started process (PID=7921) to work on /home/airflow/.local/lib/python3.12/site-packages/airflow/example_dags/example_display_name.py
[2024-07-19T06:26:15.606+0000] {processor.py:830} INFO - Processing file /home/airflow/.local/lib/python3.12/site-packages/airflow/example_dags/example_display_name.py for tasks to queue
[2024-07-19T06:26:15.608+0000] {logging_mixin.py:188} INFO - [2024-07-19T06:26:15.607+0000] {dagbag.py:545} INFO - Filling up the DagBag from /home/airflow/.local/lib/python3.12/site-packages/airflow/example_dags/example_display_name.py
[2024-07-19T06:26:15.614+0000] {processor.py:840} INFO - DAG(s) 'example_display_name' retrieved from /home/airflow/.local/lib/python3.12/site-packages/airflow/example_dags/example_display_name.py
[2024-07-19T06:26:15.646+0000] {logging_mixin.py:188} INFO - [2024-07-19T06:26:15.645+0000] {dag.py:3089} INFO - Sync 1 DAGs
[2024-07-19T06:26:15.666+0000] {logging_mixin.py:188} INFO - [2024-07-19T06:26:15.665+0000] {dag.py:3947} INFO - Setting next_dagrun for example_display_name to None, run_after=None
[2024-07-19T06:26:15.693+0000] {processor.py:183} INFO - Processing /home/airflow/.local/lib/python3.12/site-packages/airflow/example_dags/example_display_name.py took 0.097 seconds
[2024-07-19T06:26:45.972+0000] {processor.py:161} INFO - Started process (PID=7980) to work on /home/airflow/.local/lib/python3.12/site-packages/airflow/example_dags/example_display_name.py
[2024-07-19T06:26:46.006+0000] {processor.py:830} INFO - Processing file /home/airflow/.local/lib/python3.12/site-packages/airflow/example_dags/example_display_name.py for tasks to queue
[2024-07-19T06:26:46.008+0000] {logging_mixin.py:188} INFO - [2024-07-19T06:26:46.007+0000] {dagbag.py:545} INFO - Filling up the DagBag from /home/airflow/.local/lib/python3.12/site-packages/airflow/example_dags/example_display_name.py
[2024-07-19T06:26:46.014+0000] {processor.py:840} INFO - DAG(s) 'example_display_name' retrieved from /home/airflow/.local/lib/python3.12/site-packages/airflow/example_dags/example_display_name.py
[2024-07-19T06:26:46.038+0000] {logging_mixin.py:188} INFO - [2024-07-19T06:26:46.038+0000] {dag.py:3089} INFO - Sync 1 DAGs
[2024-07-19T06:26:46.053+0000] {logging_mixin.py:188} INFO - [2024-07-19T06:26:46.052+0000] {dag.py:3947} INFO - Setting next_dagrun for example_display_name to None, run_after=None
[2024-07-19T06:26:46.072+0000] {processor.py:183} INFO - Processing /home/airflow/.local/lib/python3.12/site-packages/airflow/example_dags/example_display_name.py took 0.107 seconds
[2024-07-19T06:27:17.033+0000] {processor.py:161} INFO - Started process (PID=8041) to work on /home/airflow/.local/lib/python3.12/site-packages/airflow/example_dags/example_display_name.py
[2024-07-19T06:27:17.034+0000] {processor.py:830} INFO - Processing file /home/airflow/.local/lib/python3.12/site-packages/airflow/example_dags/example_display_name.py for tasks to queue
[2024-07-19T06:27:17.035+0000] {logging_mixin.py:188} INFO - [2024-07-19T06:27:17.035+0000] {dagbag.py:545} INFO - Filling up the DagBag from /home/airflow/.local/lib/python3.12/site-packages/airflow/example_dags/example_display_name.py
[2024-07-19T06:27:17.042+0000] {processor.py:840} INFO - DAG(s) 'example_display_name' retrieved from /home/airflow/.local/lib/python3.12/site-packages/airflow/example_dags/example_display_name.py
[2024-07-19T06:27:17.066+0000] {logging_mixin.py:188} INFO - [2024-07-19T06:27:17.066+0000] {dag.py:3089} INFO - Sync 1 DAGs
[2024-07-19T06:27:17.081+0000] {logging_mixin.py:188} INFO - [2024-07-19T06:27:17.080+0000] {dag.py:3947} INFO - Setting next_dagrun for example_display_name to None, run_after=None
[2024-07-19T06:27:17.100+0000] {processor.py:183} INFO - Processing /home/airflow/.local/lib/python3.12/site-packages/airflow/example_dags/example_display_name.py took 0.074 seconds
[2024-07-19T06:27:48.146+0000] {processor.py:161} INFO - Started process (PID=8101) to work on /home/airflow/.local/lib/python3.12/site-packages/airflow/example_dags/example_display_name.py
[2024-07-19T06:27:48.148+0000] {processor.py:830} INFO - Processing file /home/airflow/.local/lib/python3.12/site-packages/airflow/example_dags/example_display_name.py for tasks to queue
[2024-07-19T06:27:48.152+0000] {logging_mixin.py:188} INFO - [2024-07-19T06:27:48.152+0000] {dagbag.py:545} INFO - Filling up the DagBag from /home/airflow/.local/lib/python3.12/site-packages/airflow/example_dags/example_display_name.py
[2024-07-19T06:27:48.160+0000] {processor.py:840} INFO - DAG(s) 'example_display_name' retrieved from /home/airflow/.local/lib/python3.12/site-packages/airflow/example_dags/example_display_name.py
[2024-07-19T06:27:48.195+0000] {logging_mixin.py:188} INFO - [2024-07-19T06:27:48.194+0000] {dag.py:3089} INFO - Sync 1 DAGs
[2024-07-19T06:27:48.211+0000] {logging_mixin.py:188} INFO - [2024-07-19T06:27:48.211+0000] {dag.py:3947} INFO - Setting next_dagrun for example_display_name to None, run_after=None
[2024-07-19T06:27:48.234+0000] {processor.py:183} INFO - Processing /home/airflow/.local/lib/python3.12/site-packages/airflow/example_dags/example_display_name.py took 0.096 seconds
[2024-07-19T06:28:18.759+0000] {processor.py:161} INFO - Started process (PID=8161) to work on /home/airflow/.local/lib/python3.12/site-packages/airflow/example_dags/example_display_name.py
[2024-07-19T06:28:18.760+0000] {processor.py:830} INFO - Processing file /home/airflow/.local/lib/python3.12/site-packages/airflow/example_dags/example_display_name.py for tasks to queue
[2024-07-19T06:28:18.762+0000] {logging_mixin.py:188} INFO - [2024-07-19T06:28:18.762+0000] {dagbag.py:545} INFO - Filling up the DagBag from /home/airflow/.local/lib/python3.12/site-packages/airflow/example_dags/example_display_name.py
[2024-07-19T06:28:18.770+0000] {processor.py:840} INFO - DAG(s) 'example_display_name' retrieved from /home/airflow/.local/lib/python3.12/site-packages/airflow/example_dags/example_display_name.py
[2024-07-19T06:28:18.799+0000] {logging_mixin.py:188} INFO - [2024-07-19T06:28:18.799+0000] {dag.py:3089} INFO - Sync 1 DAGs
[2024-07-19T06:28:18.817+0000] {logging_mixin.py:188} INFO - [2024-07-19T06:28:18.817+0000] {dag.py:3947} INFO - Setting next_dagrun for example_display_name to None, run_after=None
[2024-07-19T06:28:18.839+0000] {processor.py:183} INFO - Processing /home/airflow/.local/lib/python3.12/site-packages/airflow/example_dags/example_display_name.py took 0.088 seconds
[2024-07-19T06:28:49.222+0000] {processor.py:161} INFO - Started process (PID=8221) to work on /home/airflow/.local/lib/python3.12/site-packages/airflow/example_dags/example_display_name.py
[2024-07-19T06:28:49.224+0000] {processor.py:830} INFO - Processing file /home/airflow/.local/lib/python3.12/site-packages/airflow/example_dags/example_display_name.py for tasks to queue
[2024-07-19T06:28:49.225+0000] {logging_mixin.py:188} INFO - [2024-07-19T06:28:49.225+0000] {dagbag.py:545} INFO - Filling up the DagBag from /home/airflow/.local/lib/python3.12/site-packages/airflow/example_dags/example_display_name.py
[2024-07-19T06:28:49.233+0000] {processor.py:840} INFO - DAG(s) 'example_display_name' retrieved from /home/airflow/.local/lib/python3.12/site-packages/airflow/example_dags/example_display_name.py
[2024-07-19T06:28:49.262+0000] {logging_mixin.py:188} INFO - [2024-07-19T06:28:49.262+0000] {dag.py:3089} INFO - Sync 1 DAGs
[2024-07-19T06:28:49.279+0000] {logging_mixin.py:188} INFO - [2024-07-19T06:28:49.278+0000] {dag.py:3947} INFO - Setting next_dagrun for example_display_name to None, run_after=None
[2024-07-19T06:28:49.301+0000] {processor.py:183} INFO - Processing /home/airflow/.local/lib/python3.12/site-packages/airflow/example_dags/example_display_name.py took 0.087 seconds
[2024-07-19T06:29:19.710+0000] {processor.py:161} INFO - Started process (PID=8281) to work on /home/airflow/.local/lib/python3.12/site-packages/airflow/example_dags/example_display_name.py
[2024-07-19T06:29:19.711+0000] {processor.py:830} INFO - Processing file /home/airflow/.local/lib/python3.12/site-packages/airflow/example_dags/example_display_name.py for tasks to queue
[2024-07-19T06:29:19.712+0000] {logging_mixin.py:188} INFO - [2024-07-19T06:29:19.712+0000] {dagbag.py:545} INFO - Filling up the DagBag from /home/airflow/.local/lib/python3.12/site-packages/airflow/example_dags/example_display_name.py
[2024-07-19T06:29:19.718+0000] {processor.py:840} INFO - DAG(s) 'example_display_name' retrieved from /home/airflow/.local/lib/python3.12/site-packages/airflow/example_dags/example_display_name.py
[2024-07-19T06:29:19.747+0000] {logging_mixin.py:188} INFO - [2024-07-19T06:29:19.747+0000] {dag.py:3089} INFO - Sync 1 DAGs
[2024-07-19T06:29:19.766+0000] {logging_mixin.py:188} INFO - [2024-07-19T06:29:19.766+0000] {dag.py:3947} INFO - Setting next_dagrun for example_display_name to None, run_after=None
[2024-07-19T06:29:19.792+0000] {processor.py:183} INFO - Processing /home/airflow/.local/lib/python3.12/site-packages/airflow/example_dags/example_display_name.py took 0.089 seconds
[2024-07-19T06:29:50.612+0000] {processor.py:161} INFO - Started process (PID=8341) to work on /home/airflow/.local/lib/python3.12/site-packages/airflow/example_dags/example_display_name.py
[2024-07-19T06:29:50.613+0000] {processor.py:830} INFO - Processing file /home/airflow/.local/lib/python3.12/site-packages/airflow/example_dags/example_display_name.py for tasks to queue
[2024-07-19T06:29:50.615+0000] {logging_mixin.py:188} INFO - [2024-07-19T06:29:50.614+0000] {dagbag.py:545} INFO - Filling up the DagBag from /home/airflow/.local/lib/python3.12/site-packages/airflow/example_dags/example_display_name.py
[2024-07-19T06:29:50.621+0000] {processor.py:840} INFO - DAG(s) 'example_display_name' retrieved from /home/airflow/.local/lib/python3.12/site-packages/airflow/example_dags/example_display_name.py
[2024-07-19T06:29:50.645+0000] {logging_mixin.py:188} INFO - [2024-07-19T06:29:50.645+0000] {dag.py:3089} INFO - Sync 1 DAGs
[2024-07-19T06:29:50.661+0000] {logging_mixin.py:188} INFO - [2024-07-19T06:29:50.661+0000] {dag.py:3947} INFO - Setting next_dagrun for example_display_name to None, run_after=None
[2024-07-19T06:29:50.682+0000] {processor.py:183} INFO - Processing /home/airflow/.local/lib/python3.12/site-packages/airflow/example_dags/example_display_name.py took 0.076 seconds
[2024-07-19T06:30:20.763+0000] {processor.py:161} INFO - Started process (PID=8400) to work on /home/airflow/.local/lib/python3.12/site-packages/airflow/example_dags/example_display_name.py
[2024-07-19T06:30:20.764+0000] {processor.py:830} INFO - Processing file /home/airflow/.local/lib/python3.12/site-packages/airflow/example_dags/example_display_name.py for tasks to queue
[2024-07-19T06:30:20.766+0000] {logging_mixin.py:188} INFO - [2024-07-19T06:30:20.765+0000] {dagbag.py:545} INFO - Filling up the DagBag from /home/airflow/.local/lib/python3.12/site-packages/airflow/example_dags/example_display_name.py
[2024-07-19T06:30:20.773+0000] {processor.py:840} INFO - DAG(s) 'example_display_name' retrieved from /home/airflow/.local/lib/python3.12/site-packages/airflow/example_dags/example_display_name.py
[2024-07-19T06:30:20.799+0000] {logging_mixin.py:188} INFO - [2024-07-19T06:30:20.799+0000] {dag.py:3089} INFO - Sync 1 DAGs
[2024-07-19T06:30:20.815+0000] {logging_mixin.py:188} INFO - [2024-07-19T06:30:20.815+0000] {dag.py:3947} INFO - Setting next_dagrun for example_display_name to None, run_after=None
[2024-07-19T06:30:20.839+0000] {processor.py:183} INFO - Processing /home/airflow/.local/lib/python3.12/site-packages/airflow/example_dags/example_display_name.py took 0.083 seconds
[2024-07-19T06:30:51.004+0000] {processor.py:161} INFO - Started process (PID=8460) to work on /home/airflow/.local/lib/python3.12/site-packages/airflow/example_dags/example_display_name.py
[2024-07-19T06:30:51.005+0000] {processor.py:830} INFO - Processing file /home/airflow/.local/lib/python3.12/site-packages/airflow/example_dags/example_display_name.py for tasks to queue
[2024-07-19T06:30:51.007+0000] {logging_mixin.py:188} INFO - [2024-07-19T06:30:51.006+0000] {dagbag.py:545} INFO - Filling up the DagBag from /home/airflow/.local/lib/python3.12/site-packages/airflow/example_dags/example_display_name.py
[2024-07-19T06:30:51.014+0000] {processor.py:840} INFO - DAG(s) 'example_display_name' retrieved from /home/airflow/.local/lib/python3.12/site-packages/airflow/example_dags/example_display_name.py
[2024-07-19T06:30:51.040+0000] {logging_mixin.py:188} INFO - [2024-07-19T06:30:51.040+0000] {dag.py:3089} INFO - Sync 1 DAGs
[2024-07-19T06:30:51.057+0000] {logging_mixin.py:188} INFO - [2024-07-19T06:30:51.056+0000] {dag.py:3947} INFO - Setting next_dagrun for example_display_name to None, run_after=None
[2024-07-19T06:30:51.078+0000] {processor.py:183} INFO - Processing /home/airflow/.local/lib/python3.12/site-packages/airflow/example_dags/example_display_name.py took 0.082 seconds
[2024-07-19T06:31:21.498+0000] {processor.py:161} INFO - Started process (PID=8520) to work on /home/airflow/.local/lib/python3.12/site-packages/airflow/example_dags/example_display_name.py
[2024-07-19T06:31:21.532+0000] {processor.py:830} INFO - Processing file /home/airflow/.local/lib/python3.12/site-packages/airflow/example_dags/example_display_name.py for tasks to queue
[2024-07-19T06:31:21.533+0000] {logging_mixin.py:188} INFO - [2024-07-19T06:31:21.533+0000] {dagbag.py:545} INFO - Filling up the DagBag from /home/airflow/.local/lib/python3.12/site-packages/airflow/example_dags/example_display_name.py
[2024-07-19T06:31:21.540+0000] {processor.py:840} INFO - DAG(s) 'example_display_name' retrieved from /home/airflow/.local/lib/python3.12/site-packages/airflow/example_dags/example_display_name.py
[2024-07-19T06:31:21.566+0000] {logging_mixin.py:188} INFO - [2024-07-19T06:31:21.566+0000] {dag.py:3089} INFO - Sync 1 DAGs
[2024-07-19T06:31:21.585+0000] {logging_mixin.py:188} INFO - [2024-07-19T06:31:21.585+0000] {dag.py:3947} INFO - Setting next_dagrun for example_display_name to None, run_after=None
[2024-07-19T06:31:21.614+0000] {processor.py:183} INFO - Processing /home/airflow/.local/lib/python3.12/site-packages/airflow/example_dags/example_display_name.py took 0.124 seconds
[2024-07-19T06:31:51.686+0000] {processor.py:161} INFO - Started process (PID=8580) to work on /home/airflow/.local/lib/python3.12/site-packages/airflow/example_dags/example_display_name.py
[2024-07-19T06:31:51.687+0000] {processor.py:830} INFO - Processing file /home/airflow/.local/lib/python3.12/site-packages/airflow/example_dags/example_display_name.py for tasks to queue
[2024-07-19T06:31:51.689+0000] {logging_mixin.py:188} INFO - [2024-07-19T06:31:51.688+0000] {dagbag.py:545} INFO - Filling up the DagBag from /home/airflow/.local/lib/python3.12/site-packages/airflow/example_dags/example_display_name.py
[2024-07-19T06:31:51.695+0000] {processor.py:840} INFO - DAG(s) 'example_display_name' retrieved from /home/airflow/.local/lib/python3.12/site-packages/airflow/example_dags/example_display_name.py
[2024-07-19T06:31:51.719+0000] {logging_mixin.py:188} INFO - [2024-07-19T06:31:51.719+0000] {dag.py:3089} INFO - Sync 1 DAGs
[2024-07-19T06:31:51.736+0000] {logging_mixin.py:188} INFO - [2024-07-19T06:31:51.735+0000] {dag.py:3947} INFO - Setting next_dagrun for example_display_name to None, run_after=None
[2024-07-19T06:31:51.763+0000] {processor.py:183} INFO - Processing /home/airflow/.local/lib/python3.12/site-packages/airflow/example_dags/example_display_name.py took 0.084 seconds
[2024-07-19T06:32:22.530+0000] {processor.py:161} INFO - Started process (PID=8640) to work on /home/airflow/.local/lib/python3.12/site-packages/airflow/example_dags/example_display_name.py
[2024-07-19T06:32:22.565+0000] {processor.py:830} INFO - Processing file /home/airflow/.local/lib/python3.12/site-packages/airflow/example_dags/example_display_name.py for tasks to queue
[2024-07-19T06:32:22.566+0000] {logging_mixin.py:188} INFO - [2024-07-19T06:32:22.566+0000] {dagbag.py:545} INFO - Filling up the DagBag from /home/airflow/.local/lib/python3.12/site-packages/airflow/example_dags/example_display_name.py
[2024-07-19T06:32:22.572+0000] {processor.py:840} INFO - DAG(s) 'example_display_name' retrieved from /home/airflow/.local/lib/python3.12/site-packages/airflow/example_dags/example_display_name.py
[2024-07-19T06:32:22.601+0000] {logging_mixin.py:188} INFO - [2024-07-19T06:32:22.600+0000] {dag.py:3089} INFO - Sync 1 DAGs
[2024-07-19T06:32:22.619+0000] {logging_mixin.py:188} INFO - [2024-07-19T06:32:22.619+0000] {dag.py:3947} INFO - Setting next_dagrun for example_display_name to None, run_after=None
[2024-07-19T06:32:22.645+0000] {processor.py:183} INFO - Processing /home/airflow/.local/lib/python3.12/site-packages/airflow/example_dags/example_display_name.py took 0.122 seconds
[2024-07-19T06:32:53.609+0000] {processor.py:161} INFO - Started process (PID=8700) to work on /home/airflow/.local/lib/python3.12/site-packages/airflow/example_dags/example_display_name.py
[2024-07-19T06:32:53.644+0000] {processor.py:830} INFO - Processing file /home/airflow/.local/lib/python3.12/site-packages/airflow/example_dags/example_display_name.py for tasks to queue
[2024-07-19T06:32:53.646+0000] {logging_mixin.py:188} INFO - [2024-07-19T06:32:53.645+0000] {dagbag.py:545} INFO - Filling up the DagBag from /home/airflow/.local/lib/python3.12/site-packages/airflow/example_dags/example_display_name.py
[2024-07-19T06:32:53.652+0000] {processor.py:840} INFO - DAG(s) 'example_display_name' retrieved from /home/airflow/.local/lib/python3.12/site-packages/airflow/example_dags/example_display_name.py
[2024-07-19T06:32:53.683+0000] {logging_mixin.py:188} INFO - [2024-07-19T06:32:53.682+0000] {dag.py:3089} INFO - Sync 1 DAGs
[2024-07-19T06:32:53.701+0000] {logging_mixin.py:188} INFO - [2024-07-19T06:32:53.701+0000] {dag.py:3947} INFO - Setting next_dagrun for example_display_name to None, run_after=None
[2024-07-19T06:32:53.725+0000] {processor.py:183} INFO - Processing /home/airflow/.local/lib/python3.12/site-packages/airflow/example_dags/example_display_name.py took 0.124 seconds
[2024-07-19T06:33:23.803+0000] {processor.py:161} INFO - Started process (PID=8760) to work on /home/airflow/.local/lib/python3.12/site-packages/airflow/example_dags/example_display_name.py
[2024-07-19T06:33:23.840+0000] {processor.py:830} INFO - Processing file /home/airflow/.local/lib/python3.12/site-packages/airflow/example_dags/example_display_name.py for tasks to queue
[2024-07-19T06:33:23.842+0000] {logging_mixin.py:188} INFO - [2024-07-19T06:33:23.841+0000] {dagbag.py:545} INFO - Filling up the DagBag from /home/airflow/.local/lib/python3.12/site-packages/airflow/example_dags/example_display_name.py
[2024-07-19T06:33:23.849+0000] {processor.py:840} INFO - DAG(s) 'example_display_name' retrieved from /home/airflow/.local/lib/python3.12/site-packages/airflow/example_dags/example_display_name.py
[2024-07-19T06:33:23.878+0000] {logging_mixin.py:188} INFO - [2024-07-19T06:33:23.878+0000] {dag.py:3089} INFO - Sync 1 DAGs
[2024-07-19T06:33:23.896+0000] {logging_mixin.py:188} INFO - [2024-07-19T06:33:23.896+0000] {dag.py:3947} INFO - Setting next_dagrun for example_display_name to None, run_after=None
[2024-07-19T06:33:23.921+0000] {processor.py:183} INFO - Processing /home/airflow/.local/lib/python3.12/site-packages/airflow/example_dags/example_display_name.py took 0.127 seconds
[2024-07-19T06:33:54.165+0000] {processor.py:161} INFO - Started process (PID=8820) to work on /home/airflow/.local/lib/python3.12/site-packages/airflow/example_dags/example_display_name.py
[2024-07-19T06:33:54.200+0000] {processor.py:830} INFO - Processing file /home/airflow/.local/lib/python3.12/site-packages/airflow/example_dags/example_display_name.py for tasks to queue
[2024-07-19T06:33:54.201+0000] {logging_mixin.py:188} INFO - [2024-07-19T06:33:54.201+0000] {dagbag.py:545} INFO - Filling up the DagBag from /home/airflow/.local/lib/python3.12/site-packages/airflow/example_dags/example_display_name.py
[2024-07-19T06:33:54.208+0000] {processor.py:840} INFO - DAG(s) 'example_display_name' retrieved from /home/airflow/.local/lib/python3.12/site-packages/airflow/example_dags/example_display_name.py
[2024-07-19T06:33:54.239+0000] {logging_mixin.py:188} INFO - [2024-07-19T06:33:54.239+0000] {dag.py:3089} INFO - Sync 1 DAGs
[2024-07-19T06:33:54.255+0000] {logging_mixin.py:188} INFO - [2024-07-19T06:33:54.255+0000] {dag.py:3947} INFO - Setting next_dagrun for example_display_name to None, run_after=None
[2024-07-19T06:33:54.284+0000] {processor.py:183} INFO - Processing /home/airflow/.local/lib/python3.12/site-packages/airflow/example_dags/example_display_name.py took 0.127 seconds
[2024-07-19T06:34:24.520+0000] {processor.py:161} INFO - Started process (PID=8880) to work on /home/airflow/.local/lib/python3.12/site-packages/airflow/example_dags/example_display_name.py
[2024-07-19T06:34:24.560+0000] {processor.py:830} INFO - Processing file /home/airflow/.local/lib/python3.12/site-packages/airflow/example_dags/example_display_name.py for tasks to queue
[2024-07-19T06:34:24.562+0000] {logging_mixin.py:188} INFO - [2024-07-19T06:34:24.562+0000] {dagbag.py:545} INFO - Filling up the DagBag from /home/airflow/.local/lib/python3.12/site-packages/airflow/example_dags/example_display_name.py
[2024-07-19T06:34:24.570+0000] {processor.py:840} INFO - DAG(s) 'example_display_name' retrieved from /home/airflow/.local/lib/python3.12/site-packages/airflow/example_dags/example_display_name.py
[2024-07-19T06:34:24.601+0000] {logging_mixin.py:188} INFO - [2024-07-19T06:34:24.601+0000] {dag.py:3089} INFO - Sync 1 DAGs
[2024-07-19T06:34:24.619+0000] {logging_mixin.py:188} INFO - [2024-07-19T06:34:24.619+0000] {dag.py:3947} INFO - Setting next_dagrun for example_display_name to None, run_after=None
[2024-07-19T06:34:24.650+0000] {processor.py:183} INFO - Processing /home/airflow/.local/lib/python3.12/site-packages/airflow/example_dags/example_display_name.py took 0.138 seconds
[2024-07-19T06:34:54.858+0000] {processor.py:161} INFO - Started process (PID=8939) to work on /home/airflow/.local/lib/python3.12/site-packages/airflow/example_dags/example_display_name.py
[2024-07-19T06:34:54.890+0000] {processor.py:830} INFO - Processing file /home/airflow/.local/lib/python3.12/site-packages/airflow/example_dags/example_display_name.py for tasks to queue
[2024-07-19T06:34:54.891+0000] {logging_mixin.py:188} INFO - [2024-07-19T06:34:54.891+0000] {dagbag.py:545} INFO - Filling up the DagBag from /home/airflow/.local/lib/python3.12/site-packages/airflow/example_dags/example_display_name.py
[2024-07-19T06:34:54.897+0000] {processor.py:840} INFO - DAG(s) 'example_display_name' retrieved from /home/airflow/.local/lib/python3.12/site-packages/airflow/example_dags/example_display_name.py
[2024-07-19T06:34:54.921+0000] {logging_mixin.py:188} INFO - [2024-07-19T06:34:54.921+0000] {dag.py:3089} INFO - Sync 1 DAGs
[2024-07-19T06:34:54.935+0000] {logging_mixin.py:188} INFO - [2024-07-19T06:34:54.935+0000] {dag.py:3947} INFO - Setting next_dagrun for example_display_name to None, run_after=None
[2024-07-19T06:34:54.955+0000] {processor.py:183} INFO - Processing /home/airflow/.local/lib/python3.12/site-packages/airflow/example_dags/example_display_name.py took 0.105 seconds
[2024-07-19T06:35:25.472+0000] {processor.py:161} INFO - Started process (PID=8999) to work on /home/airflow/.local/lib/python3.12/site-packages/airflow/example_dags/example_display_name.py
[2024-07-19T06:35:25.513+0000] {processor.py:830} INFO - Processing file /home/airflow/.local/lib/python3.12/site-packages/airflow/example_dags/example_display_name.py for tasks to queue
[2024-07-19T06:35:25.515+0000] {logging_mixin.py:188} INFO - [2024-07-19T06:35:25.515+0000] {dagbag.py:545} INFO - Filling up the DagBag from /home/airflow/.local/lib/python3.12/site-packages/airflow/example_dags/example_display_name.py
[2024-07-19T06:35:25.522+0000] {processor.py:840} INFO - DAG(s) 'example_display_name' retrieved from /home/airflow/.local/lib/python3.12/site-packages/airflow/example_dags/example_display_name.py
[2024-07-19T06:35:25.553+0000] {logging_mixin.py:188} INFO - [2024-07-19T06:35:25.552+0000] {dag.py:3089} INFO - Sync 1 DAGs
[2024-07-19T06:35:25.572+0000] {logging_mixin.py:188} INFO - [2024-07-19T06:35:25.571+0000] {dag.py:3947} INFO - Setting next_dagrun for example_display_name to None, run_after=None
[2024-07-19T06:35:25.598+0000] {processor.py:183} INFO - Processing /home/airflow/.local/lib/python3.12/site-packages/airflow/example_dags/example_display_name.py took 0.136 seconds
[2024-07-19T06:35:55.726+0000] {processor.py:161} INFO - Started process (PID=9059) to work on /home/airflow/.local/lib/python3.12/site-packages/airflow/example_dags/example_display_name.py
[2024-07-19T06:35:55.759+0000] {processor.py:830} INFO - Processing file /home/airflow/.local/lib/python3.12/site-packages/airflow/example_dags/example_display_name.py for tasks to queue
[2024-07-19T06:35:55.760+0000] {logging_mixin.py:188} INFO - [2024-07-19T06:35:55.760+0000] {dagbag.py:545} INFO - Filling up the DagBag from /home/airflow/.local/lib/python3.12/site-packages/airflow/example_dags/example_display_name.py
[2024-07-19T06:35:55.766+0000] {processor.py:840} INFO - DAG(s) 'example_display_name' retrieved from /home/airflow/.local/lib/python3.12/site-packages/airflow/example_dags/example_display_name.py
[2024-07-19T06:35:55.790+0000] {logging_mixin.py:188} INFO - [2024-07-19T06:35:55.789+0000] {dag.py:3089} INFO - Sync 1 DAGs
[2024-07-19T06:35:55.804+0000] {logging_mixin.py:188} INFO - [2024-07-19T06:35:55.803+0000] {dag.py:3947} INFO - Setting next_dagrun for example_display_name to None, run_after=None
[2024-07-19T06:35:55.824+0000] {processor.py:183} INFO - Processing /home/airflow/.local/lib/python3.12/site-packages/airflow/example_dags/example_display_name.py took 0.106 seconds
[2024-07-19T06:36:26.062+0000] {processor.py:161} INFO - Started process (PID=9119) to work on /home/airflow/.local/lib/python3.12/site-packages/airflow/example_dags/example_display_name.py
[2024-07-19T06:36:26.100+0000] {processor.py:830} INFO - Processing file /home/airflow/.local/lib/python3.12/site-packages/airflow/example_dags/example_display_name.py for tasks to queue
[2024-07-19T06:36:26.102+0000] {logging_mixin.py:188} INFO - [2024-07-19T06:36:26.101+0000] {dagbag.py:545} INFO - Filling up the DagBag from /home/airflow/.local/lib/python3.12/site-packages/airflow/example_dags/example_display_name.py
[2024-07-19T06:36:26.109+0000] {processor.py:840} INFO - DAG(s) 'example_display_name' retrieved from /home/airflow/.local/lib/python3.12/site-packages/airflow/example_dags/example_display_name.py
[2024-07-19T06:36:26.140+0000] {logging_mixin.py:188} INFO - [2024-07-19T06:36:26.139+0000] {dag.py:3089} INFO - Sync 1 DAGs
[2024-07-19T06:36:26.160+0000] {logging_mixin.py:188} INFO - [2024-07-19T06:36:26.160+0000] {dag.py:3947} INFO - Setting next_dagrun for example_display_name to None, run_after=None
[2024-07-19T06:36:26.188+0000] {processor.py:183} INFO - Processing /home/airflow/.local/lib/python3.12/site-packages/airflow/example_dags/example_display_name.py took 0.137 seconds
[2024-07-19T06:36:56.260+0000] {processor.py:161} INFO - Started process (PID=9179) to work on /home/airflow/.local/lib/python3.12/site-packages/airflow/example_dags/example_display_name.py
[2024-07-19T06:36:56.262+0000] {processor.py:830} INFO - Processing file /home/airflow/.local/lib/python3.12/site-packages/airflow/example_dags/example_display_name.py for tasks to queue
[2024-07-19T06:36:56.264+0000] {logging_mixin.py:188} INFO - [2024-07-19T06:36:56.263+0000] {dagbag.py:545} INFO - Filling up the DagBag from /home/airflow/.local/lib/python3.12/site-packages/airflow/example_dags/example_display_name.py
[2024-07-19T06:36:56.274+0000] {processor.py:840} INFO - DAG(s) 'example_display_name' retrieved from /home/airflow/.local/lib/python3.12/site-packages/airflow/example_dags/example_display_name.py
[2024-07-19T06:36:56.309+0000] {logging_mixin.py:188} INFO - [2024-07-19T06:36:56.309+0000] {dag.py:3089} INFO - Sync 1 DAGs
[2024-07-19T06:36:56.331+0000] {logging_mixin.py:188} INFO - [2024-07-19T06:36:56.330+0000] {dag.py:3947} INFO - Setting next_dagrun for example_display_name to None, run_after=None
[2024-07-19T06:36:56.361+0000] {processor.py:183} INFO - Processing /home/airflow/.local/lib/python3.12/site-packages/airflow/example_dags/example_display_name.py took 0.112 seconds
[2024-07-19T06:37:27.171+0000] {processor.py:161} INFO - Started process (PID=9239) to work on /home/airflow/.local/lib/python3.12/site-packages/airflow/example_dags/example_display_name.py
[2024-07-19T06:37:27.172+0000] {processor.py:830} INFO - Processing file /home/airflow/.local/lib/python3.12/site-packages/airflow/example_dags/example_display_name.py for tasks to queue
[2024-07-19T06:37:27.174+0000] {logging_mixin.py:188} INFO - [2024-07-19T06:37:27.173+0000] {dagbag.py:545} INFO - Filling up the DagBag from /home/airflow/.local/lib/python3.12/site-packages/airflow/example_dags/example_display_name.py
[2024-07-19T06:37:27.182+0000] {processor.py:840} INFO - DAG(s) 'example_display_name' retrieved from /home/airflow/.local/lib/python3.12/site-packages/airflow/example_dags/example_display_name.py
[2024-07-19T06:37:27.363+0000] {logging_mixin.py:188} INFO - [2024-07-19T06:37:27.362+0000] {dag.py:3089} INFO - Sync 1 DAGs
[2024-07-19T06:37:27.382+0000] {logging_mixin.py:188} INFO - [2024-07-19T06:37:27.382+0000] {dag.py:3947} INFO - Setting next_dagrun for example_display_name to None, run_after=None
[2024-07-19T06:37:27.403+0000] {processor.py:183} INFO - Processing /home/airflow/.local/lib/python3.12/site-packages/airflow/example_dags/example_display_name.py took 0.240 seconds
[2024-07-19T06:37:58.744+0000] {processor.py:161} INFO - Started process (PID=9299) to work on /home/airflow/.local/lib/python3.12/site-packages/airflow/example_dags/example_display_name.py
[2024-07-19T06:37:58.748+0000] {processor.py:830} INFO - Processing file /home/airflow/.local/lib/python3.12/site-packages/airflow/example_dags/example_display_name.py for tasks to queue
[2024-07-19T06:37:58.752+0000] {logging_mixin.py:188} INFO - [2024-07-19T06:37:58.751+0000] {dagbag.py:545} INFO - Filling up the DagBag from /home/airflow/.local/lib/python3.12/site-packages/airflow/example_dags/example_display_name.py
[2024-07-19T06:37:58.765+0000] {processor.py:840} INFO - DAG(s) 'example_display_name' retrieved from /home/airflow/.local/lib/python3.12/site-packages/airflow/example_dags/example_display_name.py
[2024-07-19T06:37:58.813+0000] {logging_mixin.py:188} INFO - [2024-07-19T06:37:58.812+0000] {dag.py:3089} INFO - Sync 1 DAGs
[2024-07-19T06:37:59.200+0000] {logging_mixin.py:188} INFO - [2024-07-19T06:37:59.199+0000] {dag.py:3947} INFO - Setting next_dagrun for example_display_name to None, run_after=None
[2024-07-19T06:37:59.238+0000] {processor.py:183} INFO - Processing /home/airflow/.local/lib/python3.12/site-packages/airflow/example_dags/example_display_name.py took 0.513 seconds
[2024-07-19T06:38:29.569+0000] {processor.py:161} INFO - Started process (PID=9359) to work on /home/airflow/.local/lib/python3.12/site-packages/airflow/example_dags/example_display_name.py
[2024-07-19T06:38:29.570+0000] {processor.py:830} INFO - Processing file /home/airflow/.local/lib/python3.12/site-packages/airflow/example_dags/example_display_name.py for tasks to queue
[2024-07-19T06:38:29.572+0000] {logging_mixin.py:188} INFO - [2024-07-19T06:38:29.571+0000] {dagbag.py:545} INFO - Filling up the DagBag from /home/airflow/.local/lib/python3.12/site-packages/airflow/example_dags/example_display_name.py
[2024-07-19T06:38:29.578+0000] {processor.py:840} INFO - DAG(s) 'example_display_name' retrieved from /home/airflow/.local/lib/python3.12/site-packages/airflow/example_dags/example_display_name.py
[2024-07-19T06:38:29.604+0000] {logging_mixin.py:188} INFO - [2024-07-19T06:38:29.604+0000] {dag.py:3089} INFO - Sync 1 DAGs
[2024-07-19T06:38:29.620+0000] {logging_mixin.py:188} INFO - [2024-07-19T06:38:29.620+0000] {dag.py:3947} INFO - Setting next_dagrun for example_display_name to None, run_after=None
[2024-07-19T06:38:29.642+0000] {processor.py:183} INFO - Processing /home/airflow/.local/lib/python3.12/site-packages/airflow/example_dags/example_display_name.py took 0.081 seconds
[2024-07-19T06:39:00.087+0000] {processor.py:161} INFO - Started process (PID=9419) to work on /home/airflow/.local/lib/python3.12/site-packages/airflow/example_dags/example_display_name.py
[2024-07-19T06:39:00.090+0000] {processor.py:830} INFO - Processing file /home/airflow/.local/lib/python3.12/site-packages/airflow/example_dags/example_display_name.py for tasks to queue
[2024-07-19T06:39:00.092+0000] {logging_mixin.py:188} INFO - [2024-07-19T06:39:00.092+0000] {dagbag.py:545} INFO - Filling up the DagBag from /home/airflow/.local/lib/python3.12/site-packages/airflow/example_dags/example_display_name.py
[2024-07-19T06:39:00.101+0000] {processor.py:840} INFO - DAG(s) 'example_display_name' retrieved from /home/airflow/.local/lib/python3.12/site-packages/airflow/example_dags/example_display_name.py
[2024-07-19T06:39:00.135+0000] {logging_mixin.py:188} INFO - [2024-07-19T06:39:00.135+0000] {dag.py:3089} INFO - Sync 1 DAGs
[2024-07-19T06:39:00.153+0000] {logging_mixin.py:188} INFO - [2024-07-19T06:39:00.153+0000] {dag.py:3947} INFO - Setting next_dagrun for example_display_name to None, run_after=None
[2024-07-19T06:39:00.179+0000] {processor.py:183} INFO - Processing /home/airflow/.local/lib/python3.12/site-packages/airflow/example_dags/example_display_name.py took 0.103 seconds
