[2024-07-19T00:38:13.279+0000] {processor.py:161} INFO - Started process (PID=6077) to work on /home/airflow/.local/lib/python3.12/site-packages/airflow/example_dags/example_python_decorator.py
[2024-07-19T00:38:13.280+0000] {processor.py:830} INFO - Processing file /home/airflow/.local/lib/python3.12/site-packages/airflow/example_dags/example_python_decorator.py for tasks to queue
[2024-07-19T00:38:13.282+0000] {logging_mixin.py:188} INFO - [2024-07-19T00:38:13.281+0000] {dagbag.py:545} INFO - Filling up the DagBag from /home/airflow/.local/lib/python3.12/site-packages/airflow/example_dags/example_python_decorator.py
[2024-07-19T00:38:13.297+0000] {processor.py:840} INFO - DAG(s) 'example_python_decorator' retrieved from /home/airflow/.local/lib/python3.12/site-packages/airflow/example_dags/example_python_decorator.py
[2024-07-19T00:38:13.325+0000] {logging_mixin.py:188} INFO - [2024-07-19T00:38:13.324+0000] {dag.py:3089} INFO - Sync 1 DAGs
[2024-07-19T00:38:13.339+0000] {logging_mixin.py:188} INFO - [2024-07-19T00:38:13.339+0000] {dag.py:3947} INFO - Setting next_dagrun for example_python_decorator to None, run_after=None
[2024-07-19T00:38:13.392+0000] {processor.py:183} INFO - Processing /home/airflow/.local/lib/python3.12/site-packages/airflow/example_dags/example_python_decorator.py took 0.122 seconds
[2024-07-19T02:38:44.954+0000] {processor.py:161} INFO - Started process (PID=6137) to work on /home/airflow/.local/lib/python3.12/site-packages/airflow/example_dags/example_python_decorator.py
[2024-07-19T02:38:44.956+0000] {processor.py:830} INFO - Processing file /home/airflow/.local/lib/python3.12/site-packages/airflow/example_dags/example_python_decorator.py for tasks to queue
[2024-07-19T02:38:44.957+0000] {logging_mixin.py:188} INFO - [2024-07-19T02:38:44.957+0000] {dagbag.py:545} INFO - Filling up the DagBag from /home/airflow/.local/lib/python3.12/site-packages/airflow/example_dags/example_python_decorator.py
[2024-07-19T02:38:44.977+0000] {processor.py:840} INFO - DAG(s) 'example_python_decorator' retrieved from /home/airflow/.local/lib/python3.12/site-packages/airflow/example_dags/example_python_decorator.py
[2024-07-19T02:38:45.026+0000] {logging_mixin.py:188} INFO - [2024-07-19T02:38:45.026+0000] {dag.py:3089} INFO - Sync 1 DAGs
[2024-07-19T02:38:45.041+0000] {logging_mixin.py:188} INFO - [2024-07-19T02:38:45.040+0000] {dag.py:3947} INFO - Setting next_dagrun for example_python_decorator to None, run_after=None
[2024-07-19T02:38:45.063+0000] {processor.py:183} INFO - Processing /home/airflow/.local/lib/python3.12/site-packages/airflow/example_dags/example_python_decorator.py took 0.117 seconds
[2024-07-19T05:26:56.285+0000] {processor.py:161} INFO - Started process (PID=6197) to work on /home/airflow/.local/lib/python3.12/site-packages/airflow/example_dags/example_python_decorator.py
[2024-07-19T05:26:56.286+0000] {processor.py:830} INFO - Processing file /home/airflow/.local/lib/python3.12/site-packages/airflow/example_dags/example_python_decorator.py for tasks to queue
[2024-07-19T05:26:56.288+0000] {logging_mixin.py:188} INFO - [2024-07-19T05:26:56.287+0000] {dagbag.py:545} INFO - Filling up the DagBag from /home/airflow/.local/lib/python3.12/site-packages/airflow/example_dags/example_python_decorator.py
[2024-07-19T05:26:56.305+0000] {processor.py:840} INFO - DAG(s) 'example_python_decorator' retrieved from /home/airflow/.local/lib/python3.12/site-packages/airflow/example_dags/example_python_decorator.py
[2024-07-19T05:26:56.373+0000] {logging_mixin.py:188} INFO - [2024-07-19T05:26:56.373+0000] {dag.py:3089} INFO - Sync 1 DAGs
[2024-07-19T05:26:56.388+0000] {logging_mixin.py:188} INFO - [2024-07-19T05:26:56.388+0000] {dag.py:3947} INFO - Setting next_dagrun for example_python_decorator to None, run_after=None
[2024-07-19T05:26:56.412+0000] {processor.py:183} INFO - Processing /home/airflow/.local/lib/python3.12/site-packages/airflow/example_dags/example_python_decorator.py took 0.135 seconds
[2024-07-19T06:12:00.862+0000] {processor.py:161} INFO - Started process (PID=6251) to work on /home/airflow/.local/lib/python3.12/site-packages/airflow/example_dags/example_python_decorator.py
[2024-07-19T06:12:00.863+0000] {processor.py:830} INFO - Processing file /home/airflow/.local/lib/python3.12/site-packages/airflow/example_dags/example_python_decorator.py for tasks to queue
[2024-07-19T06:12:00.864+0000] {logging_mixin.py:188} INFO - [2024-07-19T06:12:00.864+0000] {dagbag.py:545} INFO - Filling up the DagBag from /home/airflow/.local/lib/python3.12/site-packages/airflow/example_dags/example_python_decorator.py
[2024-07-19T06:12:00.881+0000] {processor.py:840} INFO - DAG(s) 'example_python_decorator' retrieved from /home/airflow/.local/lib/python3.12/site-packages/airflow/example_dags/example_python_decorator.py
[2024-07-19T06:12:00.911+0000] {logging_mixin.py:188} INFO - [2024-07-19T06:12:00.910+0000] {dag.py:3089} INFO - Sync 1 DAGs
[2024-07-19T06:12:00.941+0000] {logging_mixin.py:188} INFO - [2024-07-19T06:12:00.941+0000] {dag.py:3947} INFO - Setting next_dagrun for example_python_decorator to None, run_after=None
[2024-07-19T06:12:00.963+0000] {processor.py:183} INFO - Processing /home/airflow/.local/lib/python3.12/site-packages/airflow/example_dags/example_python_decorator.py took 0.109 seconds
[2024-07-19T06:12:31.947+0000] {processor.py:161} INFO - Started process (PID=6311) to work on /home/airflow/.local/lib/python3.12/site-packages/airflow/example_dags/example_python_decorator.py
[2024-07-19T06:12:32.082+0000] {processor.py:830} INFO - Processing file /home/airflow/.local/lib/python3.12/site-packages/airflow/example_dags/example_python_decorator.py for tasks to queue
[2024-07-19T06:12:32.083+0000] {logging_mixin.py:188} INFO - [2024-07-19T06:12:32.083+0000] {dagbag.py:545} INFO - Filling up the DagBag from /home/airflow/.local/lib/python3.12/site-packages/airflow/example_dags/example_python_decorator.py
[2024-07-19T06:12:32.100+0000] {processor.py:840} INFO - DAG(s) 'example_python_decorator' retrieved from /home/airflow/.local/lib/python3.12/site-packages/airflow/example_dags/example_python_decorator.py
[2024-07-19T06:12:32.129+0000] {logging_mixin.py:188} INFO - [2024-07-19T06:12:32.129+0000] {dag.py:3089} INFO - Sync 1 DAGs
[2024-07-19T06:12:32.144+0000] {logging_mixin.py:188} INFO - [2024-07-19T06:12:32.144+0000] {dag.py:3947} INFO - Setting next_dagrun for example_python_decorator to None, run_after=None
[2024-07-19T06:12:32.166+0000] {processor.py:183} INFO - Processing /home/airflow/.local/lib/python3.12/site-packages/airflow/example_dags/example_python_decorator.py took 0.231 seconds
[2024-07-19T06:13:03.152+0000] {processor.py:161} INFO - Started process (PID=6371) to work on /home/airflow/.local/lib/python3.12/site-packages/airflow/example_dags/example_python_decorator.py
[2024-07-19T06:13:03.154+0000] {processor.py:830} INFO - Processing file /home/airflow/.local/lib/python3.12/site-packages/airflow/example_dags/example_python_decorator.py for tasks to queue
[2024-07-19T06:13:03.155+0000] {logging_mixin.py:188} INFO - [2024-07-19T06:13:03.155+0000] {dagbag.py:545} INFO - Filling up the DagBag from /home/airflow/.local/lib/python3.12/site-packages/airflow/example_dags/example_python_decorator.py
[2024-07-19T06:13:03.173+0000] {processor.py:840} INFO - DAG(s) 'example_python_decorator' retrieved from /home/airflow/.local/lib/python3.12/site-packages/airflow/example_dags/example_python_decorator.py
[2024-07-19T06:13:03.204+0000] {logging_mixin.py:188} INFO - [2024-07-19T06:13:03.204+0000] {dag.py:3089} INFO - Sync 1 DAGs
[2024-07-19T06:13:03.228+0000] {logging_mixin.py:188} INFO - [2024-07-19T06:13:03.228+0000] {dag.py:3947} INFO - Setting next_dagrun for example_python_decorator to None, run_after=None
[2024-07-19T06:13:03.342+0000] {processor.py:183} INFO - Processing /home/airflow/.local/lib/python3.12/site-packages/airflow/example_dags/example_python_decorator.py took 0.198 seconds
[2024-07-19T06:13:33.417+0000] {processor.py:161} INFO - Started process (PID=6431) to work on /home/airflow/.local/lib/python3.12/site-packages/airflow/example_dags/example_python_decorator.py
[2024-07-19T06:13:33.419+0000] {processor.py:830} INFO - Processing file /home/airflow/.local/lib/python3.12/site-packages/airflow/example_dags/example_python_decorator.py for tasks to queue
[2024-07-19T06:13:33.421+0000] {logging_mixin.py:188} INFO - [2024-07-19T06:13:33.420+0000] {dagbag.py:545} INFO - Filling up the DagBag from /home/airflow/.local/lib/python3.12/site-packages/airflow/example_dags/example_python_decorator.py
[2024-07-19T06:13:33.439+0000] {processor.py:840} INFO - DAG(s) 'example_python_decorator' retrieved from /home/airflow/.local/lib/python3.12/site-packages/airflow/example_dags/example_python_decorator.py
[2024-07-19T06:13:33.506+0000] {logging_mixin.py:188} INFO - [2024-07-19T06:13:33.505+0000] {dag.py:3089} INFO - Sync 1 DAGs
[2024-07-19T06:13:33.521+0000] {logging_mixin.py:188} INFO - [2024-07-19T06:13:33.521+0000] {dag.py:3947} INFO - Setting next_dagrun for example_python_decorator to None, run_after=None
[2024-07-19T06:13:33.543+0000] {processor.py:183} INFO - Processing /home/airflow/.local/lib/python3.12/site-packages/airflow/example_dags/example_python_decorator.py took 0.134 seconds
[2024-07-19T06:14:04.206+0000] {processor.py:161} INFO - Started process (PID=6497) to work on /home/airflow/.local/lib/python3.12/site-packages/airflow/example_dags/example_python_decorator.py
[2024-07-19T06:14:04.208+0000] {processor.py:830} INFO - Processing file /home/airflow/.local/lib/python3.12/site-packages/airflow/example_dags/example_python_decorator.py for tasks to queue
[2024-07-19T06:14:04.209+0000] {logging_mixin.py:188} INFO - [2024-07-19T06:14:04.209+0000] {dagbag.py:545} INFO - Filling up the DagBag from /home/airflow/.local/lib/python3.12/site-packages/airflow/example_dags/example_python_decorator.py
[2024-07-19T06:14:04.238+0000] {processor.py:840} INFO - DAG(s) 'example_python_decorator' retrieved from /home/airflow/.local/lib/python3.12/site-packages/airflow/example_dags/example_python_decorator.py
[2024-07-19T06:14:04.274+0000] {logging_mixin.py:188} INFO - [2024-07-19T06:14:04.274+0000] {dag.py:3089} INFO - Sync 1 DAGs
[2024-07-19T06:14:04.297+0000] {logging_mixin.py:188} INFO - [2024-07-19T06:14:04.297+0000] {dag.py:3947} INFO - Setting next_dagrun for example_python_decorator to None, run_after=None
[2024-07-19T06:14:04.331+0000] {processor.py:183} INFO - Processing /home/airflow/.local/lib/python3.12/site-packages/airflow/example_dags/example_python_decorator.py took 0.135 seconds
[2024-07-19T06:14:35.017+0000] {processor.py:161} INFO - Started process (PID=6557) to work on /home/airflow/.local/lib/python3.12/site-packages/airflow/example_dags/example_python_decorator.py
[2024-07-19T06:14:35.019+0000] {processor.py:830} INFO - Processing file /home/airflow/.local/lib/python3.12/site-packages/airflow/example_dags/example_python_decorator.py for tasks to queue
[2024-07-19T06:14:35.020+0000] {logging_mixin.py:188} INFO - [2024-07-19T06:14:35.020+0000] {dagbag.py:545} INFO - Filling up the DagBag from /home/airflow/.local/lib/python3.12/site-packages/airflow/example_dags/example_python_decorator.py
[2024-07-19T06:14:35.038+0000] {processor.py:840} INFO - DAG(s) 'example_python_decorator' retrieved from /home/airflow/.local/lib/python3.12/site-packages/airflow/example_dags/example_python_decorator.py
[2024-07-19T06:14:35.067+0000] {logging_mixin.py:188} INFO - [2024-07-19T06:14:35.067+0000] {dag.py:3089} INFO - Sync 1 DAGs
[2024-07-19T06:14:35.083+0000] {logging_mixin.py:188} INFO - [2024-07-19T06:14:35.083+0000] {dag.py:3947} INFO - Setting next_dagrun for example_python_decorator to None, run_after=None
[2024-07-19T06:14:35.106+0000] {processor.py:183} INFO - Processing /home/airflow/.local/lib/python3.12/site-packages/airflow/example_dags/example_python_decorator.py took 0.098 seconds
[2024-07-19T06:15:05.918+0000] {processor.py:161} INFO - Started process (PID=6617) to work on /home/airflow/.local/lib/python3.12/site-packages/airflow/example_dags/example_python_decorator.py
[2024-07-19T06:15:05.919+0000] {processor.py:830} INFO - Processing file /home/airflow/.local/lib/python3.12/site-packages/airflow/example_dags/example_python_decorator.py for tasks to queue
[2024-07-19T06:15:05.921+0000] {logging_mixin.py:188} INFO - [2024-07-19T06:15:05.920+0000] {dagbag.py:545} INFO - Filling up the DagBag from /home/airflow/.local/lib/python3.12/site-packages/airflow/example_dags/example_python_decorator.py
[2024-07-19T06:15:05.937+0000] {processor.py:840} INFO - DAG(s) 'example_python_decorator' retrieved from /home/airflow/.local/lib/python3.12/site-packages/airflow/example_dags/example_python_decorator.py
[2024-07-19T06:15:05.966+0000] {logging_mixin.py:188} INFO - [2024-07-19T06:15:05.966+0000] {dag.py:3089} INFO - Sync 1 DAGs
[2024-07-19T06:15:05.981+0000] {logging_mixin.py:188} INFO - [2024-07-19T06:15:05.981+0000] {dag.py:3947} INFO - Setting next_dagrun for example_python_decorator to None, run_after=None
[2024-07-19T06:15:06.003+0000] {processor.py:183} INFO - Processing /home/airflow/.local/lib/python3.12/site-packages/airflow/example_dags/example_python_decorator.py took 0.092 seconds
[2024-07-19T06:15:36.700+0000] {processor.py:161} INFO - Started process (PID=6677) to work on /home/airflow/.local/lib/python3.12/site-packages/airflow/example_dags/example_python_decorator.py
[2024-07-19T06:15:36.701+0000] {processor.py:830} INFO - Processing file /home/airflow/.local/lib/python3.12/site-packages/airflow/example_dags/example_python_decorator.py for tasks to queue
[2024-07-19T06:15:36.703+0000] {logging_mixin.py:188} INFO - [2024-07-19T06:15:36.702+0000] {dagbag.py:545} INFO - Filling up the DagBag from /home/airflow/.local/lib/python3.12/site-packages/airflow/example_dags/example_python_decorator.py
[2024-07-19T06:15:36.722+0000] {processor.py:840} INFO - DAG(s) 'example_python_decorator' retrieved from /home/airflow/.local/lib/python3.12/site-packages/airflow/example_dags/example_python_decorator.py
[2024-07-19T06:15:36.767+0000] {logging_mixin.py:188} INFO - [2024-07-19T06:15:36.767+0000] {dag.py:3089} INFO - Sync 1 DAGs
[2024-07-19T06:15:36.792+0000] {logging_mixin.py:188} INFO - [2024-07-19T06:15:36.792+0000] {dag.py:3947} INFO - Setting next_dagrun for example_python_decorator to None, run_after=None
[2024-07-19T06:15:36.825+0000] {processor.py:183} INFO - Processing /home/airflow/.local/lib/python3.12/site-packages/airflow/example_dags/example_python_decorator.py took 0.134 seconds
[2024-07-19T06:16:07.809+0000] {processor.py:161} INFO - Started process (PID=6737) to work on /home/airflow/.local/lib/python3.12/site-packages/airflow/example_dags/example_python_decorator.py
[2024-07-19T06:16:07.812+0000] {processor.py:830} INFO - Processing file /home/airflow/.local/lib/python3.12/site-packages/airflow/example_dags/example_python_decorator.py for tasks to queue
[2024-07-19T06:16:07.815+0000] {logging_mixin.py:188} INFO - [2024-07-19T06:16:07.814+0000] {dagbag.py:545} INFO - Filling up the DagBag from /home/airflow/.local/lib/python3.12/site-packages/airflow/example_dags/example_python_decorator.py
[2024-07-19T06:16:07.846+0000] {processor.py:840} INFO - DAG(s) 'example_python_decorator' retrieved from /home/airflow/.local/lib/python3.12/site-packages/airflow/example_dags/example_python_decorator.py
[2024-07-19T06:16:07.886+0000] {logging_mixin.py:188} INFO - [2024-07-19T06:16:07.886+0000] {dag.py:3089} INFO - Sync 1 DAGs
[2024-07-19T06:16:07.914+0000] {logging_mixin.py:188} INFO - [2024-07-19T06:16:07.913+0000] {dag.py:3947} INFO - Setting next_dagrun for example_python_decorator to None, run_after=None
[2024-07-19T06:16:07.953+0000] {processor.py:183} INFO - Processing /home/airflow/.local/lib/python3.12/site-packages/airflow/example_dags/example_python_decorator.py took 0.158 seconds
[2024-07-19T06:16:38.105+0000] {processor.py:161} INFO - Started process (PID=6797) to work on /home/airflow/.local/lib/python3.12/site-packages/airflow/example_dags/example_python_decorator.py
[2024-07-19T06:16:38.106+0000] {processor.py:830} INFO - Processing file /home/airflow/.local/lib/python3.12/site-packages/airflow/example_dags/example_python_decorator.py for tasks to queue
[2024-07-19T06:16:38.107+0000] {logging_mixin.py:188} INFO - [2024-07-19T06:16:38.107+0000] {dagbag.py:545} INFO - Filling up the DagBag from /home/airflow/.local/lib/python3.12/site-packages/airflow/example_dags/example_python_decorator.py
[2024-07-19T06:16:38.128+0000] {processor.py:840} INFO - DAG(s) 'example_python_decorator' retrieved from /home/airflow/.local/lib/python3.12/site-packages/airflow/example_dags/example_python_decorator.py
[2024-07-19T06:16:38.162+0000] {logging_mixin.py:188} INFO - [2024-07-19T06:16:38.162+0000] {dag.py:3089} INFO - Sync 1 DAGs
[2024-07-19T06:16:38.181+0000] {logging_mixin.py:188} INFO - [2024-07-19T06:16:38.180+0000] {dag.py:3947} INFO - Setting next_dagrun for example_python_decorator to None, run_after=None
[2024-07-19T06:16:38.206+0000] {processor.py:183} INFO - Processing /home/airflow/.local/lib/python3.12/site-packages/airflow/example_dags/example_python_decorator.py took 0.110 seconds
[2024-07-19T06:17:08.532+0000] {processor.py:161} INFO - Started process (PID=6857) to work on /home/airflow/.local/lib/python3.12/site-packages/airflow/example_dags/example_python_decorator.py
[2024-07-19T06:17:08.533+0000] {processor.py:830} INFO - Processing file /home/airflow/.local/lib/python3.12/site-packages/airflow/example_dags/example_python_decorator.py for tasks to queue
[2024-07-19T06:17:08.535+0000] {logging_mixin.py:188} INFO - [2024-07-19T06:17:08.535+0000] {dagbag.py:545} INFO - Filling up the DagBag from /home/airflow/.local/lib/python3.12/site-packages/airflow/example_dags/example_python_decorator.py
[2024-07-19T06:17:08.555+0000] {processor.py:840} INFO - DAG(s) 'example_python_decorator' retrieved from /home/airflow/.local/lib/python3.12/site-packages/airflow/example_dags/example_python_decorator.py
[2024-07-19T06:17:08.589+0000] {logging_mixin.py:188} INFO - [2024-07-19T06:17:08.589+0000] {dag.py:3089} INFO - Sync 1 DAGs
[2024-07-19T06:17:08.610+0000] {logging_mixin.py:188} INFO - [2024-07-19T06:17:08.610+0000] {dag.py:3947} INFO - Setting next_dagrun for example_python_decorator to None, run_after=None
[2024-07-19T06:17:08.636+0000] {processor.py:183} INFO - Processing /home/airflow/.local/lib/python3.12/site-packages/airflow/example_dags/example_python_decorator.py took 0.114 seconds
[2024-07-19T06:17:38.747+0000] {processor.py:161} INFO - Started process (PID=6917) to work on /home/airflow/.local/lib/python3.12/site-packages/airflow/example_dags/example_python_decorator.py
[2024-07-19T06:17:38.749+0000] {processor.py:830} INFO - Processing file /home/airflow/.local/lib/python3.12/site-packages/airflow/example_dags/example_python_decorator.py for tasks to queue
[2024-07-19T06:17:38.750+0000] {logging_mixin.py:188} INFO - [2024-07-19T06:17:38.750+0000] {dagbag.py:545} INFO - Filling up the DagBag from /home/airflow/.local/lib/python3.12/site-packages/airflow/example_dags/example_python_decorator.py
[2024-07-19T06:17:38.768+0000] {processor.py:840} INFO - DAG(s) 'example_python_decorator' retrieved from /home/airflow/.local/lib/python3.12/site-packages/airflow/example_dags/example_python_decorator.py
[2024-07-19T06:17:38.798+0000] {logging_mixin.py:188} INFO - [2024-07-19T06:17:38.798+0000] {dag.py:3089} INFO - Sync 1 DAGs
[2024-07-19T06:17:38.815+0000] {logging_mixin.py:188} INFO - [2024-07-19T06:17:38.815+0000] {dag.py:3947} INFO - Setting next_dagrun for example_python_decorator to None, run_after=None
[2024-07-19T06:17:38.846+0000] {processor.py:183} INFO - Processing /home/airflow/.local/lib/python3.12/site-packages/airflow/example_dags/example_python_decorator.py took 0.107 seconds
[2024-07-19T06:18:09.901+0000] {processor.py:161} INFO - Started process (PID=6977) to work on /home/airflow/.local/lib/python3.12/site-packages/airflow/example_dags/example_python_decorator.py
[2024-07-19T06:18:09.902+0000] {processor.py:830} INFO - Processing file /home/airflow/.local/lib/python3.12/site-packages/airflow/example_dags/example_python_decorator.py for tasks to queue
[2024-07-19T06:18:09.904+0000] {logging_mixin.py:188} INFO - [2024-07-19T06:18:09.903+0000] {dagbag.py:545} INFO - Filling up the DagBag from /home/airflow/.local/lib/python3.12/site-packages/airflow/example_dags/example_python_decorator.py
[2024-07-19T06:18:09.921+0000] {processor.py:840} INFO - DAG(s) 'example_python_decorator' retrieved from /home/airflow/.local/lib/python3.12/site-packages/airflow/example_dags/example_python_decorator.py
[2024-07-19T06:18:09.959+0000] {logging_mixin.py:188} INFO - [2024-07-19T06:18:09.959+0000] {dag.py:3089} INFO - Sync 1 DAGs
[2024-07-19T06:18:09.977+0000] {logging_mixin.py:188} INFO - [2024-07-19T06:18:09.977+0000] {dag.py:3947} INFO - Setting next_dagrun for example_python_decorator to None, run_after=None
[2024-07-19T06:18:10.065+0000] {processor.py:183} INFO - Processing /home/airflow/.local/lib/python3.12/site-packages/airflow/example_dags/example_python_decorator.py took 0.172 seconds
[2024-07-19T06:18:40.606+0000] {processor.py:161} INFO - Started process (PID=7037) to work on /home/airflow/.local/lib/python3.12/site-packages/airflow/example_dags/example_python_decorator.py
[2024-07-19T06:18:40.607+0000] {processor.py:830} INFO - Processing file /home/airflow/.local/lib/python3.12/site-packages/airflow/example_dags/example_python_decorator.py for tasks to queue
[2024-07-19T06:18:40.609+0000] {logging_mixin.py:188} INFO - [2024-07-19T06:18:40.608+0000] {dagbag.py:545} INFO - Filling up the DagBag from /home/airflow/.local/lib/python3.12/site-packages/airflow/example_dags/example_python_decorator.py
[2024-07-19T06:18:40.627+0000] {processor.py:840} INFO - DAG(s) 'example_python_decorator' retrieved from /home/airflow/.local/lib/python3.12/site-packages/airflow/example_dags/example_python_decorator.py
[2024-07-19T06:18:40.741+0000] {logging_mixin.py:188} INFO - [2024-07-19T06:18:40.741+0000] {dag.py:3089} INFO - Sync 1 DAGs
[2024-07-19T06:18:40.756+0000] {logging_mixin.py:188} INFO - [2024-07-19T06:18:40.756+0000] {dag.py:3947} INFO - Setting next_dagrun for example_python_decorator to None, run_after=None
[2024-07-19T06:18:40.779+0000] {processor.py:183} INFO - Processing /home/airflow/.local/lib/python3.12/site-packages/airflow/example_dags/example_python_decorator.py took 0.182 seconds
[2024-07-19T06:19:11.200+0000] {processor.py:161} INFO - Started process (PID=7097) to work on /home/airflow/.local/lib/python3.12/site-packages/airflow/example_dags/example_python_decorator.py
[2024-07-19T06:19:11.201+0000] {processor.py:830} INFO - Processing file /home/airflow/.local/lib/python3.12/site-packages/airflow/example_dags/example_python_decorator.py for tasks to queue
[2024-07-19T06:19:11.202+0000] {logging_mixin.py:188} INFO - [2024-07-19T06:19:11.201+0000] {dagbag.py:545} INFO - Filling up the DagBag from /home/airflow/.local/lib/python3.12/site-packages/airflow/example_dags/example_python_decorator.py
[2024-07-19T06:19:11.215+0000] {processor.py:840} INFO - DAG(s) 'example_python_decorator' retrieved from /home/airflow/.local/lib/python3.12/site-packages/airflow/example_dags/example_python_decorator.py
[2024-07-19T06:19:11.239+0000] {logging_mixin.py:188} INFO - [2024-07-19T06:19:11.238+0000] {dag.py:3089} INFO - Sync 1 DAGs
[2024-07-19T06:19:11.254+0000] {logging_mixin.py:188} INFO - [2024-07-19T06:19:11.253+0000] {dag.py:3947} INFO - Setting next_dagrun for example_python_decorator to None, run_after=None
[2024-07-19T06:19:11.275+0000] {processor.py:183} INFO - Processing /home/airflow/.local/lib/python3.12/site-packages/airflow/example_dags/example_python_decorator.py took 0.081 seconds
[2024-07-19T06:19:41.478+0000] {processor.py:161} INFO - Started process (PID=7155) to work on /home/airflow/.local/lib/python3.12/site-packages/airflow/example_dags/example_python_decorator.py
[2024-07-19T06:19:41.480+0000] {processor.py:830} INFO - Processing file /home/airflow/.local/lib/python3.12/site-packages/airflow/example_dags/example_python_decorator.py for tasks to queue
[2024-07-19T06:19:41.481+0000] {logging_mixin.py:188} INFO - [2024-07-19T06:19:41.481+0000] {dagbag.py:545} INFO - Filling up the DagBag from /home/airflow/.local/lib/python3.12/site-packages/airflow/example_dags/example_python_decorator.py
[2024-07-19T06:19:41.498+0000] {processor.py:840} INFO - DAG(s) 'example_python_decorator' retrieved from /home/airflow/.local/lib/python3.12/site-packages/airflow/example_dags/example_python_decorator.py
[2024-07-19T06:19:41.529+0000] {logging_mixin.py:188} INFO - [2024-07-19T06:19:41.529+0000] {dag.py:3089} INFO - Sync 1 DAGs
[2024-07-19T06:19:41.546+0000] {logging_mixin.py:188} INFO - [2024-07-19T06:19:41.546+0000] {dag.py:3947} INFO - Setting next_dagrun for example_python_decorator to None, run_after=None
[2024-07-19T06:19:41.568+0000] {processor.py:183} INFO - Processing /home/airflow/.local/lib/python3.12/site-packages/airflow/example_dags/example_python_decorator.py took 0.099 seconds
[2024-07-19T06:20:11.675+0000] {processor.py:161} INFO - Started process (PID=7215) to work on /home/airflow/.local/lib/python3.12/site-packages/airflow/example_dags/example_python_decorator.py
[2024-07-19T06:20:11.676+0000] {processor.py:830} INFO - Processing file /home/airflow/.local/lib/python3.12/site-packages/airflow/example_dags/example_python_decorator.py for tasks to queue
[2024-07-19T06:20:11.678+0000] {logging_mixin.py:188} INFO - [2024-07-19T06:20:11.677+0000] {dagbag.py:545} INFO - Filling up the DagBag from /home/airflow/.local/lib/python3.12/site-packages/airflow/example_dags/example_python_decorator.py
[2024-07-19T06:20:11.697+0000] {processor.py:840} INFO - DAG(s) 'example_python_decorator' retrieved from /home/airflow/.local/lib/python3.12/site-packages/airflow/example_dags/example_python_decorator.py
[2024-07-19T06:20:11.727+0000] {logging_mixin.py:188} INFO - [2024-07-19T06:20:11.727+0000] {dag.py:3089} INFO - Sync 1 DAGs
[2024-07-19T06:20:11.744+0000] {logging_mixin.py:188} INFO - [2024-07-19T06:20:11.743+0000] {dag.py:3947} INFO - Setting next_dagrun for example_python_decorator to None, run_after=None
[2024-07-19T06:20:11.767+0000] {processor.py:183} INFO - Processing /home/airflow/.local/lib/python3.12/site-packages/airflow/example_dags/example_python_decorator.py took 0.101 seconds
[2024-07-19T06:20:41.992+0000] {processor.py:161} INFO - Started process (PID=7275) to work on /home/airflow/.local/lib/python3.12/site-packages/airflow/example_dags/example_python_decorator.py
[2024-07-19T06:20:41.994+0000] {processor.py:830} INFO - Processing file /home/airflow/.local/lib/python3.12/site-packages/airflow/example_dags/example_python_decorator.py for tasks to queue
[2024-07-19T06:20:41.996+0000] {logging_mixin.py:188} INFO - [2024-07-19T06:20:41.995+0000] {dagbag.py:545} INFO - Filling up the DagBag from /home/airflow/.local/lib/python3.12/site-packages/airflow/example_dags/example_python_decorator.py
[2024-07-19T06:20:42.015+0000] {processor.py:840} INFO - DAG(s) 'example_python_decorator' retrieved from /home/airflow/.local/lib/python3.12/site-packages/airflow/example_dags/example_python_decorator.py
[2024-07-19T06:20:42.048+0000] {logging_mixin.py:188} INFO - [2024-07-19T06:20:42.047+0000] {dag.py:3089} INFO - Sync 1 DAGs
[2024-07-19T06:20:42.067+0000] {logging_mixin.py:188} INFO - [2024-07-19T06:20:42.067+0000] {dag.py:3947} INFO - Setting next_dagrun for example_python_decorator to None, run_after=None
[2024-07-19T06:20:42.099+0000] {processor.py:183} INFO - Processing /home/airflow/.local/lib/python3.12/site-packages/airflow/example_dags/example_python_decorator.py took 0.115 seconds
[2024-07-19T06:21:12.308+0000] {processor.py:161} INFO - Started process (PID=7335) to work on /home/airflow/.local/lib/python3.12/site-packages/airflow/example_dags/example_python_decorator.py
[2024-07-19T06:21:12.310+0000] {processor.py:830} INFO - Processing file /home/airflow/.local/lib/python3.12/site-packages/airflow/example_dags/example_python_decorator.py for tasks to queue
[2024-07-19T06:21:12.311+0000] {logging_mixin.py:188} INFO - [2024-07-19T06:21:12.311+0000] {dagbag.py:545} INFO - Filling up the DagBag from /home/airflow/.local/lib/python3.12/site-packages/airflow/example_dags/example_python_decorator.py
[2024-07-19T06:21:12.332+0000] {processor.py:840} INFO - DAG(s) 'example_python_decorator' retrieved from /home/airflow/.local/lib/python3.12/site-packages/airflow/example_dags/example_python_decorator.py
[2024-07-19T06:21:12.364+0000] {logging_mixin.py:188} INFO - [2024-07-19T06:21:12.364+0000] {dag.py:3089} INFO - Sync 1 DAGs
[2024-07-19T06:21:12.381+0000] {logging_mixin.py:188} INFO - [2024-07-19T06:21:12.381+0000] {dag.py:3947} INFO - Setting next_dagrun for example_python_decorator to None, run_after=None
[2024-07-19T06:21:12.412+0000] {processor.py:183} INFO - Processing /home/airflow/.local/lib/python3.12/site-packages/airflow/example_dags/example_python_decorator.py took 0.112 seconds
[2024-07-19T06:21:42.812+0000] {processor.py:161} INFO - Started process (PID=7395) to work on /home/airflow/.local/lib/python3.12/site-packages/airflow/example_dags/example_python_decorator.py
[2024-07-19T06:21:42.813+0000] {processor.py:830} INFO - Processing file /home/airflow/.local/lib/python3.12/site-packages/airflow/example_dags/example_python_decorator.py for tasks to queue
[2024-07-19T06:21:42.815+0000] {logging_mixin.py:188} INFO - [2024-07-19T06:21:42.814+0000] {dagbag.py:545} INFO - Filling up the DagBag from /home/airflow/.local/lib/python3.12/site-packages/airflow/example_dags/example_python_decorator.py
[2024-07-19T06:21:42.833+0000] {processor.py:840} INFO - DAG(s) 'example_python_decorator' retrieved from /home/airflow/.local/lib/python3.12/site-packages/airflow/example_dags/example_python_decorator.py
[2024-07-19T06:21:42.862+0000] {logging_mixin.py:188} INFO - [2024-07-19T06:21:42.862+0000] {dag.py:3089} INFO - Sync 1 DAGs
[2024-07-19T06:21:42.876+0000] {logging_mixin.py:188} INFO - [2024-07-19T06:21:42.876+0000] {dag.py:3947} INFO - Setting next_dagrun for example_python_decorator to None, run_after=None
[2024-07-19T06:21:42.900+0000] {processor.py:183} INFO - Processing /home/airflow/.local/lib/python3.12/site-packages/airflow/example_dags/example_python_decorator.py took 0.096 seconds
[2024-07-19T06:22:13.295+0000] {processor.py:161} INFO - Started process (PID=7455) to work on /home/airflow/.local/lib/python3.12/site-packages/airflow/example_dags/example_python_decorator.py
[2024-07-19T06:22:13.297+0000] {processor.py:830} INFO - Processing file /home/airflow/.local/lib/python3.12/site-packages/airflow/example_dags/example_python_decorator.py for tasks to queue
[2024-07-19T06:22:13.298+0000] {logging_mixin.py:188} INFO - [2024-07-19T06:22:13.298+0000] {dagbag.py:545} INFO - Filling up the DagBag from /home/airflow/.local/lib/python3.12/site-packages/airflow/example_dags/example_python_decorator.py
[2024-07-19T06:22:13.318+0000] {processor.py:840} INFO - DAG(s) 'example_python_decorator' retrieved from /home/airflow/.local/lib/python3.12/site-packages/airflow/example_dags/example_python_decorator.py
[2024-07-19T06:22:13.349+0000] {logging_mixin.py:188} INFO - [2024-07-19T06:22:13.349+0000] {dag.py:3089} INFO - Sync 1 DAGs
[2024-07-19T06:22:13.365+0000] {logging_mixin.py:188} INFO - [2024-07-19T06:22:13.365+0000] {dag.py:3947} INFO - Setting next_dagrun for example_python_decorator to None, run_after=None
[2024-07-19T06:22:13.390+0000] {processor.py:183} INFO - Processing /home/airflow/.local/lib/python3.12/site-packages/airflow/example_dags/example_python_decorator.py took 0.106 seconds
[2024-07-19T06:22:43.664+0000] {processor.py:161} INFO - Started process (PID=7516) to work on /home/airflow/.local/lib/python3.12/site-packages/airflow/example_dags/example_python_decorator.py
[2024-07-19T06:22:43.665+0000] {processor.py:830} INFO - Processing file /home/airflow/.local/lib/python3.12/site-packages/airflow/example_dags/example_python_decorator.py for tasks to queue
[2024-07-19T06:22:43.667+0000] {logging_mixin.py:188} INFO - [2024-07-19T06:22:43.666+0000] {dagbag.py:545} INFO - Filling up the DagBag from /home/airflow/.local/lib/python3.12/site-packages/airflow/example_dags/example_python_decorator.py
[2024-07-19T06:22:43.686+0000] {processor.py:840} INFO - DAG(s) 'example_python_decorator' retrieved from /home/airflow/.local/lib/python3.12/site-packages/airflow/example_dags/example_python_decorator.py
[2024-07-19T06:22:43.718+0000] {logging_mixin.py:188} INFO - [2024-07-19T06:22:43.718+0000] {dag.py:3089} INFO - Sync 1 DAGs
[2024-07-19T06:22:43.755+0000] {logging_mixin.py:188} INFO - [2024-07-19T06:22:43.755+0000] {dag.py:3947} INFO - Setting next_dagrun for example_python_decorator to None, run_after=None
[2024-07-19T06:22:43.780+0000] {processor.py:183} INFO - Processing /home/airflow/.local/lib/python3.12/site-packages/airflow/example_dags/example_python_decorator.py took 0.124 seconds
[2024-07-19T06:23:14.293+0000] {processor.py:161} INFO - Started process (PID=7576) to work on /home/airflow/.local/lib/python3.12/site-packages/airflow/example_dags/example_python_decorator.py
[2024-07-19T06:23:14.294+0000] {processor.py:830} INFO - Processing file /home/airflow/.local/lib/python3.12/site-packages/airflow/example_dags/example_python_decorator.py for tasks to queue
[2024-07-19T06:23:14.295+0000] {logging_mixin.py:188} INFO - [2024-07-19T06:23:14.295+0000] {dagbag.py:545} INFO - Filling up the DagBag from /home/airflow/.local/lib/python3.12/site-packages/airflow/example_dags/example_python_decorator.py
[2024-07-19T06:23:14.312+0000] {processor.py:840} INFO - DAG(s) 'example_python_decorator' retrieved from /home/airflow/.local/lib/python3.12/site-packages/airflow/example_dags/example_python_decorator.py
[2024-07-19T06:23:14.342+0000] {logging_mixin.py:188} INFO - [2024-07-19T06:23:14.342+0000] {dag.py:3089} INFO - Sync 1 DAGs
[2024-07-19T06:23:14.359+0000] {logging_mixin.py:188} INFO - [2024-07-19T06:23:14.358+0000] {dag.py:3947} INFO - Setting next_dagrun for example_python_decorator to None, run_after=None
[2024-07-19T06:23:14.382+0000] {processor.py:183} INFO - Processing /home/airflow/.local/lib/python3.12/site-packages/airflow/example_dags/example_python_decorator.py took 0.097 seconds
[2024-07-19T06:23:45.131+0000] {processor.py:161} INFO - Started process (PID=7635) to work on /home/airflow/.local/lib/python3.12/site-packages/airflow/example_dags/example_python_decorator.py
[2024-07-19T06:23:45.132+0000] {processor.py:830} INFO - Processing file /home/airflow/.local/lib/python3.12/site-packages/airflow/example_dags/example_python_decorator.py for tasks to queue
[2024-07-19T06:23:45.133+0000] {logging_mixin.py:188} INFO - [2024-07-19T06:23:45.133+0000] {dagbag.py:545} INFO - Filling up the DagBag from /home/airflow/.local/lib/python3.12/site-packages/airflow/example_dags/example_python_decorator.py
[2024-07-19T06:23:45.152+0000] {processor.py:840} INFO - DAG(s) 'example_python_decorator' retrieved from /home/airflow/.local/lib/python3.12/site-packages/airflow/example_dags/example_python_decorator.py
[2024-07-19T06:23:45.186+0000] {logging_mixin.py:188} INFO - [2024-07-19T06:23:45.186+0000] {dag.py:3089} INFO - Sync 1 DAGs
[2024-07-19T06:23:45.203+0000] {logging_mixin.py:188} INFO - [2024-07-19T06:23:45.203+0000] {dag.py:3947} INFO - Setting next_dagrun for example_python_decorator to None, run_after=None
[2024-07-19T06:23:45.228+0000] {processor.py:183} INFO - Processing /home/airflow/.local/lib/python3.12/site-packages/airflow/example_dags/example_python_decorator.py took 0.106 seconds
[2024-07-19T06:24:15.580+0000] {processor.py:161} INFO - Started process (PID=7696) to work on /home/airflow/.local/lib/python3.12/site-packages/airflow/example_dags/example_python_decorator.py
[2024-07-19T06:24:15.581+0000] {processor.py:830} INFO - Processing file /home/airflow/.local/lib/python3.12/site-packages/airflow/example_dags/example_python_decorator.py for tasks to queue
[2024-07-19T06:24:15.582+0000] {logging_mixin.py:188} INFO - [2024-07-19T06:24:15.582+0000] {dagbag.py:545} INFO - Filling up the DagBag from /home/airflow/.local/lib/python3.12/site-packages/airflow/example_dags/example_python_decorator.py
[2024-07-19T06:24:15.599+0000] {processor.py:840} INFO - DAG(s) 'example_python_decorator' retrieved from /home/airflow/.local/lib/python3.12/site-packages/airflow/example_dags/example_python_decorator.py
[2024-07-19T06:24:15.628+0000] {logging_mixin.py:188} INFO - [2024-07-19T06:24:15.628+0000] {dag.py:3089} INFO - Sync 1 DAGs
[2024-07-19T06:24:15.646+0000] {logging_mixin.py:188} INFO - [2024-07-19T06:24:15.646+0000] {dag.py:3947} INFO - Setting next_dagrun for example_python_decorator to None, run_after=None
[2024-07-19T06:24:15.670+0000] {processor.py:183} INFO - Processing /home/airflow/.local/lib/python3.12/site-packages/airflow/example_dags/example_python_decorator.py took 0.097 seconds
[2024-07-19T06:24:46.099+0000] {processor.py:161} INFO - Started process (PID=7756) to work on /home/airflow/.local/lib/python3.12/site-packages/airflow/example_dags/example_python_decorator.py
[2024-07-19T06:24:46.100+0000] {processor.py:830} INFO - Processing file /home/airflow/.local/lib/python3.12/site-packages/airflow/example_dags/example_python_decorator.py for tasks to queue
[2024-07-19T06:24:46.101+0000] {logging_mixin.py:188} INFO - [2024-07-19T06:24:46.101+0000] {dagbag.py:545} INFO - Filling up the DagBag from /home/airflow/.local/lib/python3.12/site-packages/airflow/example_dags/example_python_decorator.py
[2024-07-19T06:24:46.120+0000] {processor.py:840} INFO - DAG(s) 'example_python_decorator' retrieved from /home/airflow/.local/lib/python3.12/site-packages/airflow/example_dags/example_python_decorator.py
[2024-07-19T06:24:46.152+0000] {logging_mixin.py:188} INFO - [2024-07-19T06:24:46.151+0000] {dag.py:3089} INFO - Sync 1 DAGs
[2024-07-19T06:24:46.168+0000] {logging_mixin.py:188} INFO - [2024-07-19T06:24:46.167+0000] {dag.py:3947} INFO - Setting next_dagrun for example_python_decorator to None, run_after=None
[2024-07-19T06:24:46.191+0000] {processor.py:183} INFO - Processing /home/airflow/.local/lib/python3.12/site-packages/airflow/example_dags/example_python_decorator.py took 0.101 seconds
[2024-07-19T06:25:17.026+0000] {processor.py:161} INFO - Started process (PID=7816) to work on /home/airflow/.local/lib/python3.12/site-packages/airflow/example_dags/example_python_decorator.py
[2024-07-19T06:25:17.028+0000] {processor.py:830} INFO - Processing file /home/airflow/.local/lib/python3.12/site-packages/airflow/example_dags/example_python_decorator.py for tasks to queue
[2024-07-19T06:25:17.029+0000] {logging_mixin.py:188} INFO - [2024-07-19T06:25:17.029+0000] {dagbag.py:545} INFO - Filling up the DagBag from /home/airflow/.local/lib/python3.12/site-packages/airflow/example_dags/example_python_decorator.py
[2024-07-19T06:25:17.048+0000] {processor.py:840} INFO - DAG(s) 'example_python_decorator' retrieved from /home/airflow/.local/lib/python3.12/site-packages/airflow/example_dags/example_python_decorator.py
[2024-07-19T06:25:17.082+0000] {logging_mixin.py:188} INFO - [2024-07-19T06:25:17.081+0000] {dag.py:3089} INFO - Sync 1 DAGs
[2024-07-19T06:25:17.099+0000] {logging_mixin.py:188} INFO - [2024-07-19T06:25:17.099+0000] {dag.py:3947} INFO - Setting next_dagrun for example_python_decorator to None, run_after=None
[2024-07-19T06:25:17.123+0000] {processor.py:183} INFO - Processing /home/airflow/.local/lib/python3.12/site-packages/airflow/example_dags/example_python_decorator.py took 0.105 seconds
[2024-07-19T06:25:47.303+0000] {processor.py:161} INFO - Started process (PID=7876) to work on /home/airflow/.local/lib/python3.12/site-packages/airflow/example_dags/example_python_decorator.py
[2024-07-19T06:25:47.305+0000] {processor.py:830} INFO - Processing file /home/airflow/.local/lib/python3.12/site-packages/airflow/example_dags/example_python_decorator.py for tasks to queue
[2024-07-19T06:25:47.306+0000] {logging_mixin.py:188} INFO - [2024-07-19T06:25:47.306+0000] {dagbag.py:545} INFO - Filling up the DagBag from /home/airflow/.local/lib/python3.12/site-packages/airflow/example_dags/example_python_decorator.py
[2024-07-19T06:25:47.323+0000] {processor.py:840} INFO - DAG(s) 'example_python_decorator' retrieved from /home/airflow/.local/lib/python3.12/site-packages/airflow/example_dags/example_python_decorator.py
[2024-07-19T06:25:47.353+0000] {logging_mixin.py:188} INFO - [2024-07-19T06:25:47.353+0000] {dag.py:3089} INFO - Sync 1 DAGs
[2024-07-19T06:25:47.374+0000] {logging_mixin.py:188} INFO - [2024-07-19T06:25:47.374+0000] {dag.py:3947} INFO - Setting next_dagrun for example_python_decorator to None, run_after=None
[2024-07-19T06:25:47.504+0000] {processor.py:183} INFO - Processing /home/airflow/.local/lib/python3.12/site-packages/airflow/example_dags/example_python_decorator.py took 0.209 seconds
[2024-07-19T06:26:17.906+0000] {processor.py:161} INFO - Started process (PID=7936) to work on /home/airflow/.local/lib/python3.12/site-packages/airflow/example_dags/example_python_decorator.py
[2024-07-19T06:26:17.909+0000] {processor.py:830} INFO - Processing file /home/airflow/.local/lib/python3.12/site-packages/airflow/example_dags/example_python_decorator.py for tasks to queue
[2024-07-19T06:26:17.911+0000] {logging_mixin.py:188} INFO - [2024-07-19T06:26:17.910+0000] {dagbag.py:545} INFO - Filling up the DagBag from /home/airflow/.local/lib/python3.12/site-packages/airflow/example_dags/example_python_decorator.py
[2024-07-19T06:26:17.935+0000] {processor.py:840} INFO - DAG(s) 'example_python_decorator' retrieved from /home/airflow/.local/lib/python3.12/site-packages/airflow/example_dags/example_python_decorator.py
[2024-07-19T06:26:17.973+0000] {logging_mixin.py:188} INFO - [2024-07-19T06:26:17.972+0000] {dag.py:3089} INFO - Sync 1 DAGs
[2024-07-19T06:26:17.991+0000] {logging_mixin.py:188} INFO - [2024-07-19T06:26:17.991+0000] {dag.py:3947} INFO - Setting next_dagrun for example_python_decorator to None, run_after=None
[2024-07-19T06:26:18.019+0000] {processor.py:183} INFO - Processing /home/airflow/.local/lib/python3.12/site-packages/airflow/example_dags/example_python_decorator.py took 0.125 seconds
[2024-07-19T06:26:48.074+0000] {processor.py:161} INFO - Started process (PID=7996) to work on /home/airflow/.local/lib/python3.12/site-packages/airflow/example_dags/example_python_decorator.py
[2024-07-19T06:26:48.077+0000] {processor.py:830} INFO - Processing file /home/airflow/.local/lib/python3.12/site-packages/airflow/example_dags/example_python_decorator.py for tasks to queue
[2024-07-19T06:26:48.079+0000] {logging_mixin.py:188} INFO - [2024-07-19T06:26:48.078+0000] {dagbag.py:545} INFO - Filling up the DagBag from /home/airflow/.local/lib/python3.12/site-packages/airflow/example_dags/example_python_decorator.py
[2024-07-19T06:26:48.095+0000] {processor.py:840} INFO - DAG(s) 'example_python_decorator' retrieved from /home/airflow/.local/lib/python3.12/site-packages/airflow/example_dags/example_python_decorator.py
[2024-07-19T06:26:48.123+0000] {logging_mixin.py:188} INFO - [2024-07-19T06:26:48.122+0000] {dag.py:3089} INFO - Sync 1 DAGs
[2024-07-19T06:26:48.140+0000] {logging_mixin.py:188} INFO - [2024-07-19T06:26:48.140+0000] {dag.py:3947} INFO - Setting next_dagrun for example_python_decorator to None, run_after=None
[2024-07-19T06:26:48.163+0000] {processor.py:183} INFO - Processing /home/airflow/.local/lib/python3.12/site-packages/airflow/example_dags/example_python_decorator.py took 0.096 seconds
[2024-07-19T06:27:18.991+0000] {processor.py:161} INFO - Started process (PID=8056) to work on /home/airflow/.local/lib/python3.12/site-packages/airflow/example_dags/example_python_decorator.py
[2024-07-19T06:27:18.992+0000] {processor.py:830} INFO - Processing file /home/airflow/.local/lib/python3.12/site-packages/airflow/example_dags/example_python_decorator.py for tasks to queue
[2024-07-19T06:27:18.993+0000] {logging_mixin.py:188} INFO - [2024-07-19T06:27:18.993+0000] {dagbag.py:545} INFO - Filling up the DagBag from /home/airflow/.local/lib/python3.12/site-packages/airflow/example_dags/example_python_decorator.py
[2024-07-19T06:27:19.011+0000] {processor.py:840} INFO - DAG(s) 'example_python_decorator' retrieved from /home/airflow/.local/lib/python3.12/site-packages/airflow/example_dags/example_python_decorator.py
[2024-07-19T06:27:19.038+0000] {logging_mixin.py:188} INFO - [2024-07-19T06:27:19.038+0000] {dag.py:3089} INFO - Sync 1 DAGs
[2024-07-19T06:27:19.053+0000] {logging_mixin.py:188} INFO - [2024-07-19T06:27:19.052+0000] {dag.py:3947} INFO - Setting next_dagrun for example_python_decorator to None, run_after=None
[2024-07-19T06:27:19.073+0000] {processor.py:183} INFO - Processing /home/airflow/.local/lib/python3.12/site-packages/airflow/example_dags/example_python_decorator.py took 0.090 seconds
[2024-07-19T06:27:49.283+0000] {processor.py:161} INFO - Started process (PID=8116) to work on /home/airflow/.local/lib/python3.12/site-packages/airflow/example_dags/example_python_decorator.py
[2024-07-19T06:27:49.285+0000] {processor.py:830} INFO - Processing file /home/airflow/.local/lib/python3.12/site-packages/airflow/example_dags/example_python_decorator.py for tasks to queue
[2024-07-19T06:27:49.286+0000] {logging_mixin.py:188} INFO - [2024-07-19T06:27:49.286+0000] {dagbag.py:545} INFO - Filling up the DagBag from /home/airflow/.local/lib/python3.12/site-packages/airflow/example_dags/example_python_decorator.py
[2024-07-19T06:27:49.305+0000] {processor.py:840} INFO - DAG(s) 'example_python_decorator' retrieved from /home/airflow/.local/lib/python3.12/site-packages/airflow/example_dags/example_python_decorator.py
[2024-07-19T06:27:49.333+0000] {logging_mixin.py:188} INFO - [2024-07-19T06:27:49.333+0000] {dag.py:3089} INFO - Sync 1 DAGs
[2024-07-19T06:27:49.348+0000] {logging_mixin.py:188} INFO - [2024-07-19T06:27:49.348+0000] {dag.py:3947} INFO - Setting next_dagrun for example_python_decorator to None, run_after=None
[2024-07-19T06:27:49.370+0000] {processor.py:183} INFO - Processing /home/airflow/.local/lib/python3.12/site-packages/airflow/example_dags/example_python_decorator.py took 0.095 seconds
[2024-07-19T06:28:19.938+0000] {processor.py:161} INFO - Started process (PID=8176) to work on /home/airflow/.local/lib/python3.12/site-packages/airflow/example_dags/example_python_decorator.py
[2024-07-19T06:28:19.939+0000] {processor.py:830} INFO - Processing file /home/airflow/.local/lib/python3.12/site-packages/airflow/example_dags/example_python_decorator.py for tasks to queue
[2024-07-19T06:28:19.940+0000] {logging_mixin.py:188} INFO - [2024-07-19T06:28:19.940+0000] {dagbag.py:545} INFO - Filling up the DagBag from /home/airflow/.local/lib/python3.12/site-packages/airflow/example_dags/example_python_decorator.py
[2024-07-19T06:28:19.959+0000] {processor.py:840} INFO - DAG(s) 'example_python_decorator' retrieved from /home/airflow/.local/lib/python3.12/site-packages/airflow/example_dags/example_python_decorator.py
[2024-07-19T06:28:19.988+0000] {logging_mixin.py:188} INFO - [2024-07-19T06:28:19.988+0000] {dag.py:3089} INFO - Sync 1 DAGs
[2024-07-19T06:28:20.004+0000] {logging_mixin.py:188} INFO - [2024-07-19T06:28:20.004+0000] {dag.py:3947} INFO - Setting next_dagrun for example_python_decorator to None, run_after=None
[2024-07-19T06:28:20.035+0000] {processor.py:183} INFO - Processing /home/airflow/.local/lib/python3.12/site-packages/airflow/example_dags/example_python_decorator.py took 0.105 seconds
[2024-07-19T06:28:50.443+0000] {processor.py:161} INFO - Started process (PID=8236) to work on /home/airflow/.local/lib/python3.12/site-packages/airflow/example_dags/example_python_decorator.py
[2024-07-19T06:28:50.444+0000] {processor.py:830} INFO - Processing file /home/airflow/.local/lib/python3.12/site-packages/airflow/example_dags/example_python_decorator.py for tasks to queue
[2024-07-19T06:28:50.446+0000] {logging_mixin.py:188} INFO - [2024-07-19T06:28:50.445+0000] {dagbag.py:545} INFO - Filling up the DagBag from /home/airflow/.local/lib/python3.12/site-packages/airflow/example_dags/example_python_decorator.py
[2024-07-19T06:28:50.466+0000] {processor.py:840} INFO - DAG(s) 'example_python_decorator' retrieved from /home/airflow/.local/lib/python3.12/site-packages/airflow/example_dags/example_python_decorator.py
[2024-07-19T06:28:50.501+0000] {logging_mixin.py:188} INFO - [2024-07-19T06:28:50.500+0000] {dag.py:3089} INFO - Sync 1 DAGs
[2024-07-19T06:28:50.518+0000] {logging_mixin.py:188} INFO - [2024-07-19T06:28:50.517+0000] {dag.py:3947} INFO - Setting next_dagrun for example_python_decorator to None, run_after=None
[2024-07-19T06:28:50.541+0000] {processor.py:183} INFO - Processing /home/airflow/.local/lib/python3.12/site-packages/airflow/example_dags/example_python_decorator.py took 0.107 seconds
[2024-07-19T06:29:20.970+0000] {processor.py:161} INFO - Started process (PID=8296) to work on /home/airflow/.local/lib/python3.12/site-packages/airflow/example_dags/example_python_decorator.py
[2024-07-19T06:29:20.971+0000] {processor.py:830} INFO - Processing file /home/airflow/.local/lib/python3.12/site-packages/airflow/example_dags/example_python_decorator.py for tasks to queue
[2024-07-19T06:29:20.973+0000] {logging_mixin.py:188} INFO - [2024-07-19T06:29:20.972+0000] {dagbag.py:545} INFO - Filling up the DagBag from /home/airflow/.local/lib/python3.12/site-packages/airflow/example_dags/example_python_decorator.py
[2024-07-19T06:29:20.990+0000] {processor.py:840} INFO - DAG(s) 'example_python_decorator' retrieved from /home/airflow/.local/lib/python3.12/site-packages/airflow/example_dags/example_python_decorator.py
[2024-07-19T06:29:21.020+0000] {logging_mixin.py:188} INFO - [2024-07-19T06:29:21.020+0000] {dag.py:3089} INFO - Sync 1 DAGs
[2024-07-19T06:29:21.039+0000] {logging_mixin.py:188} INFO - [2024-07-19T06:29:21.039+0000] {dag.py:3947} INFO - Setting next_dagrun for example_python_decorator to None, run_after=None
[2024-07-19T06:29:21.135+0000] {processor.py:183} INFO - Processing /home/airflow/.local/lib/python3.12/site-packages/airflow/example_dags/example_python_decorator.py took 0.173 seconds
[2024-07-19T06:29:52.022+0000] {processor.py:161} INFO - Started process (PID=8356) to work on /home/airflow/.local/lib/python3.12/site-packages/airflow/example_dags/example_python_decorator.py
[2024-07-19T06:29:52.023+0000] {processor.py:830} INFO - Processing file /home/airflow/.local/lib/python3.12/site-packages/airflow/example_dags/example_python_decorator.py for tasks to queue
[2024-07-19T06:29:52.025+0000] {logging_mixin.py:188} INFO - [2024-07-19T06:29:52.024+0000] {dagbag.py:545} INFO - Filling up the DagBag from /home/airflow/.local/lib/python3.12/site-packages/airflow/example_dags/example_python_decorator.py
[2024-07-19T06:29:52.046+0000] {processor.py:840} INFO - DAG(s) 'example_python_decorator' retrieved from /home/airflow/.local/lib/python3.12/site-packages/airflow/example_dags/example_python_decorator.py
[2024-07-19T06:29:52.081+0000] {logging_mixin.py:188} INFO - [2024-07-19T06:29:52.081+0000] {dag.py:3089} INFO - Sync 1 DAGs
[2024-07-19T06:29:52.145+0000] {logging_mixin.py:188} INFO - [2024-07-19T06:29:52.145+0000] {dag.py:3947} INFO - Setting next_dagrun for example_python_decorator to None, run_after=None
[2024-07-19T06:29:52.175+0000] {processor.py:183} INFO - Processing /home/airflow/.local/lib/python3.12/site-packages/airflow/example_dags/example_python_decorator.py took 0.163 seconds
[2024-07-19T06:30:22.272+0000] {processor.py:161} INFO - Started process (PID=8416) to work on /home/airflow/.local/lib/python3.12/site-packages/airflow/example_dags/example_python_decorator.py
[2024-07-19T06:30:22.273+0000] {processor.py:830} INFO - Processing file /home/airflow/.local/lib/python3.12/site-packages/airflow/example_dags/example_python_decorator.py for tasks to queue
[2024-07-19T06:30:22.274+0000] {logging_mixin.py:188} INFO - [2024-07-19T06:30:22.274+0000] {dagbag.py:545} INFO - Filling up the DagBag from /home/airflow/.local/lib/python3.12/site-packages/airflow/example_dags/example_python_decorator.py
[2024-07-19T06:30:22.292+0000] {processor.py:840} INFO - DAG(s) 'example_python_decorator' retrieved from /home/airflow/.local/lib/python3.12/site-packages/airflow/example_dags/example_python_decorator.py
[2024-07-19T06:30:22.321+0000] {logging_mixin.py:188} INFO - [2024-07-19T06:30:22.321+0000] {dag.py:3089} INFO - Sync 1 DAGs
[2024-07-19T06:30:22.339+0000] {logging_mixin.py:188} INFO - [2024-07-19T06:30:22.338+0000] {dag.py:3947} INFO - Setting next_dagrun for example_python_decorator to None, run_after=None
[2024-07-19T06:30:22.365+0000] {processor.py:183} INFO - Processing /home/airflow/.local/lib/python3.12/site-packages/airflow/example_dags/example_python_decorator.py took 0.102 seconds
[2024-07-19T06:30:53.598+0000] {processor.py:161} INFO - Started process (PID=8476) to work on /home/airflow/.local/lib/python3.12/site-packages/airflow/example_dags/example_python_decorator.py
[2024-07-19T06:30:53.599+0000] {processor.py:830} INFO - Processing file /home/airflow/.local/lib/python3.12/site-packages/airflow/example_dags/example_python_decorator.py for tasks to queue
[2024-07-19T06:30:53.601+0000] {logging_mixin.py:188} INFO - [2024-07-19T06:30:53.600+0000] {dagbag.py:545} INFO - Filling up the DagBag from /home/airflow/.local/lib/python3.12/site-packages/airflow/example_dags/example_python_decorator.py
[2024-07-19T06:30:53.618+0000] {processor.py:840} INFO - DAG(s) 'example_python_decorator' retrieved from /home/airflow/.local/lib/python3.12/site-packages/airflow/example_dags/example_python_decorator.py
[2024-07-19T06:30:53.646+0000] {logging_mixin.py:188} INFO - [2024-07-19T06:30:53.646+0000] {dag.py:3089} INFO - Sync 1 DAGs
[2024-07-19T06:30:53.662+0000] {logging_mixin.py:188} INFO - [2024-07-19T06:30:53.661+0000] {dag.py:3947} INFO - Setting next_dagrun for example_python_decorator to None, run_after=None
[2024-07-19T06:30:53.685+0000] {processor.py:183} INFO - Processing /home/airflow/.local/lib/python3.12/site-packages/airflow/example_dags/example_python_decorator.py took 0.095 seconds
[2024-07-19T06:31:25.003+0000] {processor.py:161} INFO - Started process (PID=8536) to work on /home/airflow/.local/lib/python3.12/site-packages/airflow/example_dags/example_python_decorator.py
[2024-07-19T06:31:25.004+0000] {processor.py:830} INFO - Processing file /home/airflow/.local/lib/python3.12/site-packages/airflow/example_dags/example_python_decorator.py for tasks to queue
[2024-07-19T06:31:25.006+0000] {logging_mixin.py:188} INFO - [2024-07-19T06:31:25.005+0000] {dagbag.py:545} INFO - Filling up the DagBag from /home/airflow/.local/lib/python3.12/site-packages/airflow/example_dags/example_python_decorator.py
[2024-07-19T06:31:25.022+0000] {processor.py:840} INFO - DAG(s) 'example_python_decorator' retrieved from /home/airflow/.local/lib/python3.12/site-packages/airflow/example_dags/example_python_decorator.py
[2024-07-19T06:31:25.052+0000] {logging_mixin.py:188} INFO - [2024-07-19T06:31:25.052+0000] {dag.py:3089} INFO - Sync 1 DAGs
[2024-07-19T06:31:25.069+0000] {logging_mixin.py:188} INFO - [2024-07-19T06:31:25.069+0000] {dag.py:3947} INFO - Setting next_dagrun for example_python_decorator to None, run_after=None
[2024-07-19T06:31:25.097+0000] {processor.py:183} INFO - Processing /home/airflow/.local/lib/python3.12/site-packages/airflow/example_dags/example_python_decorator.py took 0.102 seconds
[2024-07-19T06:31:56.105+0000] {processor.py:161} INFO - Started process (PID=8596) to work on /home/airflow/.local/lib/python3.12/site-packages/airflow/example_dags/example_python_decorator.py
[2024-07-19T06:31:56.107+0000] {processor.py:830} INFO - Processing file /home/airflow/.local/lib/python3.12/site-packages/airflow/example_dags/example_python_decorator.py for tasks to queue
[2024-07-19T06:31:56.109+0000] {logging_mixin.py:188} INFO - [2024-07-19T06:31:56.108+0000] {dagbag.py:545} INFO - Filling up the DagBag from /home/airflow/.local/lib/python3.12/site-packages/airflow/example_dags/example_python_decorator.py
[2024-07-19T06:31:56.130+0000] {processor.py:840} INFO - DAG(s) 'example_python_decorator' retrieved from /home/airflow/.local/lib/python3.12/site-packages/airflow/example_dags/example_python_decorator.py
[2024-07-19T06:31:56.213+0000] {logging_mixin.py:188} INFO - [2024-07-19T06:31:56.213+0000] {dag.py:3089} INFO - Sync 1 DAGs
[2024-07-19T06:31:56.230+0000] {logging_mixin.py:188} INFO - [2024-07-19T06:31:56.230+0000] {dag.py:3947} INFO - Setting next_dagrun for example_python_decorator to None, run_after=None
[2024-07-19T06:31:56.255+0000] {processor.py:183} INFO - Processing /home/airflow/.local/lib/python3.12/site-packages/airflow/example_dags/example_python_decorator.py took 0.159 seconds
[2024-07-19T06:32:26.941+0000] {processor.py:161} INFO - Started process (PID=8656) to work on /home/airflow/.local/lib/python3.12/site-packages/airflow/example_dags/example_python_decorator.py
[2024-07-19T06:32:26.943+0000] {processor.py:830} INFO - Processing file /home/airflow/.local/lib/python3.12/site-packages/airflow/example_dags/example_python_decorator.py for tasks to queue
[2024-07-19T06:32:26.944+0000] {logging_mixin.py:188} INFO - [2024-07-19T06:32:26.944+0000] {dagbag.py:545} INFO - Filling up the DagBag from /home/airflow/.local/lib/python3.12/site-packages/airflow/example_dags/example_python_decorator.py
[2024-07-19T06:32:26.965+0000] {processor.py:840} INFO - DAG(s) 'example_python_decorator' retrieved from /home/airflow/.local/lib/python3.12/site-packages/airflow/example_dags/example_python_decorator.py
[2024-07-19T06:32:26.997+0000] {logging_mixin.py:188} INFO - [2024-07-19T06:32:26.997+0000] {dag.py:3089} INFO - Sync 1 DAGs
[2024-07-19T06:32:27.015+0000] {logging_mixin.py:188} INFO - [2024-07-19T06:32:27.014+0000] {dag.py:3947} INFO - Setting next_dagrun for example_python_decorator to None, run_after=None
[2024-07-19T06:32:27.040+0000] {processor.py:183} INFO - Processing /home/airflow/.local/lib/python3.12/site-packages/airflow/example_dags/example_python_decorator.py took 0.108 seconds
[2024-07-19T06:32:57.842+0000] {processor.py:161} INFO - Started process (PID=8716) to work on /home/airflow/.local/lib/python3.12/site-packages/airflow/example_dags/example_python_decorator.py
[2024-07-19T06:32:57.844+0000] {processor.py:830} INFO - Processing file /home/airflow/.local/lib/python3.12/site-packages/airflow/example_dags/example_python_decorator.py for tasks to queue
[2024-07-19T06:32:57.846+0000] {logging_mixin.py:188} INFO - [2024-07-19T06:32:57.845+0000] {dagbag.py:545} INFO - Filling up the DagBag from /home/airflow/.local/lib/python3.12/site-packages/airflow/example_dags/example_python_decorator.py
[2024-07-19T06:32:57.864+0000] {processor.py:840} INFO - DAG(s) 'example_python_decorator' retrieved from /home/airflow/.local/lib/python3.12/site-packages/airflow/example_dags/example_python_decorator.py
[2024-07-19T06:32:57.894+0000] {logging_mixin.py:188} INFO - [2024-07-19T06:32:57.894+0000] {dag.py:3089} INFO - Sync 1 DAGs
[2024-07-19T06:32:57.911+0000] {logging_mixin.py:188} INFO - [2024-07-19T06:32:57.911+0000] {dag.py:3947} INFO - Setting next_dagrun for example_python_decorator to None, run_after=None
[2024-07-19T06:32:57.936+0000] {processor.py:183} INFO - Processing /home/airflow/.local/lib/python3.12/site-packages/airflow/example_dags/example_python_decorator.py took 0.103 seconds
[2024-07-19T06:33:28.069+0000] {processor.py:161} INFO - Started process (PID=8776) to work on /home/airflow/.local/lib/python3.12/site-packages/airflow/example_dags/example_python_decorator.py
[2024-07-19T06:33:28.128+0000] {processor.py:830} INFO - Processing file /home/airflow/.local/lib/python3.12/site-packages/airflow/example_dags/example_python_decorator.py for tasks to queue
[2024-07-19T06:33:28.131+0000] {logging_mixin.py:188} INFO - [2024-07-19T06:33:28.130+0000] {dagbag.py:545} INFO - Filling up the DagBag from /home/airflow/.local/lib/python3.12/site-packages/airflow/example_dags/example_python_decorator.py
[2024-07-19T06:33:28.152+0000] {processor.py:840} INFO - DAG(s) 'example_python_decorator' retrieved from /home/airflow/.local/lib/python3.12/site-packages/airflow/example_dags/example_python_decorator.py
[2024-07-19T06:33:28.188+0000] {logging_mixin.py:188} INFO - [2024-07-19T06:33:28.187+0000] {dag.py:3089} INFO - Sync 1 DAGs
[2024-07-19T06:33:28.278+0000] {logging_mixin.py:188} INFO - [2024-07-19T06:33:28.278+0000] {dag.py:3947} INFO - Setting next_dagrun for example_python_decorator to None, run_after=None
[2024-07-19T06:33:28.302+0000] {processor.py:183} INFO - Processing /home/airflow/.local/lib/python3.12/site-packages/airflow/example_dags/example_python_decorator.py took 0.243 seconds
[2024-07-19T06:33:58.982+0000] {processor.py:161} INFO - Started process (PID=8836) to work on /home/airflow/.local/lib/python3.12/site-packages/airflow/example_dags/example_python_decorator.py
[2024-07-19T06:33:58.984+0000] {processor.py:830} INFO - Processing file /home/airflow/.local/lib/python3.12/site-packages/airflow/example_dags/example_python_decorator.py for tasks to queue
[2024-07-19T06:33:58.987+0000] {logging_mixin.py:188} INFO - [2024-07-19T06:33:58.986+0000] {dagbag.py:545} INFO - Filling up the DagBag from /home/airflow/.local/lib/python3.12/site-packages/airflow/example_dags/example_python_decorator.py
[2024-07-19T06:33:59.024+0000] {processor.py:840} INFO - DAG(s) 'example_python_decorator' retrieved from /home/airflow/.local/lib/python3.12/site-packages/airflow/example_dags/example_python_decorator.py
[2024-07-19T06:33:59.135+0000] {logging_mixin.py:188} INFO - [2024-07-19T06:33:59.134+0000] {dag.py:3089} INFO - Sync 1 DAGs
[2024-07-19T06:33:59.303+0000] {logging_mixin.py:188} INFO - [2024-07-19T06:33:59.303+0000] {dag.py:3947} INFO - Setting next_dagrun for example_python_decorator to None, run_after=None
[2024-07-19T06:33:59.359+0000] {processor.py:183} INFO - Processing /home/airflow/.local/lib/python3.12/site-packages/airflow/example_dags/example_python_decorator.py took 0.396 seconds
[2024-07-19T06:34:29.599+0000] {processor.py:161} INFO - Started process (PID=8895) to work on /home/airflow/.local/lib/python3.12/site-packages/airflow/example_dags/example_python_decorator.py
[2024-07-19T06:34:29.601+0000] {processor.py:830} INFO - Processing file /home/airflow/.local/lib/python3.12/site-packages/airflow/example_dags/example_python_decorator.py for tasks to queue
[2024-07-19T06:34:29.602+0000] {logging_mixin.py:188} INFO - [2024-07-19T06:34:29.602+0000] {dagbag.py:545} INFO - Filling up the DagBag from /home/airflow/.local/lib/python3.12/site-packages/airflow/example_dags/example_python_decorator.py
[2024-07-19T06:34:29.620+0000] {processor.py:840} INFO - DAG(s) 'example_python_decorator' retrieved from /home/airflow/.local/lib/python3.12/site-packages/airflow/example_dags/example_python_decorator.py
[2024-07-19T06:34:29.650+0000] {logging_mixin.py:188} INFO - [2024-07-19T06:34:29.650+0000] {dag.py:3089} INFO - Sync 1 DAGs
[2024-07-19T06:34:29.665+0000] {logging_mixin.py:188} INFO - [2024-07-19T06:34:29.665+0000] {dag.py:3947} INFO - Setting next_dagrun for example_python_decorator to None, run_after=None
[2024-07-19T06:34:29.684+0000] {processor.py:183} INFO - Processing /home/airflow/.local/lib/python3.12/site-packages/airflow/example_dags/example_python_decorator.py took 0.093 seconds
[2024-07-19T06:34:59.890+0000] {processor.py:161} INFO - Started process (PID=8954) to work on /home/airflow/.local/lib/python3.12/site-packages/airflow/example_dags/example_python_decorator.py
[2024-07-19T06:34:59.891+0000] {processor.py:830} INFO - Processing file /home/airflow/.local/lib/python3.12/site-packages/airflow/example_dags/example_python_decorator.py for tasks to queue
[2024-07-19T06:34:59.892+0000] {logging_mixin.py:188} INFO - [2024-07-19T06:34:59.892+0000] {dagbag.py:545} INFO - Filling up the DagBag from /home/airflow/.local/lib/python3.12/site-packages/airflow/example_dags/example_python_decorator.py
[2024-07-19T06:34:59.909+0000] {processor.py:840} INFO - DAG(s) 'example_python_decorator' retrieved from /home/airflow/.local/lib/python3.12/site-packages/airflow/example_dags/example_python_decorator.py
[2024-07-19T06:34:59.940+0000] {logging_mixin.py:188} INFO - [2024-07-19T06:34:59.940+0000] {dag.py:3089} INFO - Sync 1 DAGs
[2024-07-19T06:34:59.957+0000] {logging_mixin.py:188} INFO - [2024-07-19T06:34:59.956+0000] {dag.py:3947} INFO - Setting next_dagrun for example_python_decorator to None, run_after=None
[2024-07-19T06:34:59.980+0000] {processor.py:183} INFO - Processing /home/airflow/.local/lib/python3.12/site-packages/airflow/example_dags/example_python_decorator.py took 0.099 seconds
[2024-07-19T06:35:30.732+0000] {processor.py:161} INFO - Started process (PID=9014) to work on /home/airflow/.local/lib/python3.12/site-packages/airflow/example_dags/example_python_decorator.py
[2024-07-19T06:35:30.733+0000] {processor.py:830} INFO - Processing file /home/airflow/.local/lib/python3.12/site-packages/airflow/example_dags/example_python_decorator.py for tasks to queue
[2024-07-19T06:35:30.735+0000] {logging_mixin.py:188} INFO - [2024-07-19T06:35:30.734+0000] {dagbag.py:545} INFO - Filling up the DagBag from /home/airflow/.local/lib/python3.12/site-packages/airflow/example_dags/example_python_decorator.py
[2024-07-19T06:35:30.754+0000] {processor.py:840} INFO - DAG(s) 'example_python_decorator' retrieved from /home/airflow/.local/lib/python3.12/site-packages/airflow/example_dags/example_python_decorator.py
[2024-07-19T06:35:30.788+0000] {logging_mixin.py:188} INFO - [2024-07-19T06:35:30.788+0000] {dag.py:3089} INFO - Sync 1 DAGs
[2024-07-19T06:35:30.806+0000] {logging_mixin.py:188} INFO - [2024-07-19T06:35:30.806+0000] {dag.py:3947} INFO - Setting next_dagrun for example_python_decorator to None, run_after=None
[2024-07-19T06:35:30.832+0000] {processor.py:183} INFO - Processing /home/airflow/.local/lib/python3.12/site-packages/airflow/example_dags/example_python_decorator.py took 0.108 seconds
[2024-07-19T06:36:00.981+0000] {processor.py:161} INFO - Started process (PID=9074) to work on /home/airflow/.local/lib/python3.12/site-packages/airflow/example_dags/example_python_decorator.py
[2024-07-19T06:36:00.982+0000] {processor.py:830} INFO - Processing file /home/airflow/.local/lib/python3.12/site-packages/airflow/example_dags/example_python_decorator.py for tasks to queue
[2024-07-19T06:36:00.984+0000] {logging_mixin.py:188} INFO - [2024-07-19T06:36:00.983+0000] {dagbag.py:545} INFO - Filling up the DagBag from /home/airflow/.local/lib/python3.12/site-packages/airflow/example_dags/example_python_decorator.py
[2024-07-19T06:36:01.001+0000] {processor.py:840} INFO - DAG(s) 'example_python_decorator' retrieved from /home/airflow/.local/lib/python3.12/site-packages/airflow/example_dags/example_python_decorator.py
[2024-07-19T06:36:01.032+0000] {logging_mixin.py:188} INFO - [2024-07-19T06:36:01.031+0000] {dag.py:3089} INFO - Sync 1 DAGs
[2024-07-19T06:36:01.050+0000] {logging_mixin.py:188} INFO - [2024-07-19T06:36:01.049+0000] {dag.py:3947} INFO - Setting next_dagrun for example_python_decorator to None, run_after=None
[2024-07-19T06:36:01.079+0000] {processor.py:183} INFO - Processing /home/airflow/.local/lib/python3.12/site-packages/airflow/example_dags/example_python_decorator.py took 0.106 seconds
[2024-07-19T06:36:31.296+0000] {processor.py:161} INFO - Started process (PID=9134) to work on /home/airflow/.local/lib/python3.12/site-packages/airflow/example_dags/example_python_decorator.py
[2024-07-19T06:36:31.298+0000] {processor.py:830} INFO - Processing file /home/airflow/.local/lib/python3.12/site-packages/airflow/example_dags/example_python_decorator.py for tasks to queue
[2024-07-19T06:36:31.300+0000] {logging_mixin.py:188} INFO - [2024-07-19T06:36:31.299+0000] {dagbag.py:545} INFO - Filling up the DagBag from /home/airflow/.local/lib/python3.12/site-packages/airflow/example_dags/example_python_decorator.py
[2024-07-19T06:36:31.319+0000] {processor.py:840} INFO - DAG(s) 'example_python_decorator' retrieved from /home/airflow/.local/lib/python3.12/site-packages/airflow/example_dags/example_python_decorator.py
[2024-07-19T06:36:31.358+0000] {logging_mixin.py:188} INFO - [2024-07-19T06:36:31.357+0000] {dag.py:3089} INFO - Sync 1 DAGs
[2024-07-19T06:36:31.380+0000] {logging_mixin.py:188} INFO - [2024-07-19T06:36:31.379+0000] {dag.py:3947} INFO - Setting next_dagrun for example_python_decorator to None, run_after=None
[2024-07-19T06:36:31.417+0000] {processor.py:183} INFO - Processing /home/airflow/.local/lib/python3.12/site-packages/airflow/example_dags/example_python_decorator.py took 0.130 seconds
[2024-07-19T06:37:01.595+0000] {processor.py:161} INFO - Started process (PID=9194) to work on /home/airflow/.local/lib/python3.12/site-packages/airflow/example_dags/example_python_decorator.py
[2024-07-19T06:37:01.596+0000] {processor.py:830} INFO - Processing file /home/airflow/.local/lib/python3.12/site-packages/airflow/example_dags/example_python_decorator.py for tasks to queue
[2024-07-19T06:37:01.598+0000] {logging_mixin.py:188} INFO - [2024-07-19T06:37:01.598+0000] {dagbag.py:545} INFO - Filling up the DagBag from /home/airflow/.local/lib/python3.12/site-packages/airflow/example_dags/example_python_decorator.py
[2024-07-19T06:37:01.621+0000] {processor.py:840} INFO - DAG(s) 'example_python_decorator' retrieved from /home/airflow/.local/lib/python3.12/site-packages/airflow/example_dags/example_python_decorator.py
[2024-07-19T06:37:01.680+0000] {logging_mixin.py:188} INFO - [2024-07-19T06:37:01.679+0000] {dag.py:3089} INFO - Sync 1 DAGs
[2024-07-19T06:37:01.712+0000] {logging_mixin.py:188} INFO - [2024-07-19T06:37:01.711+0000] {dag.py:3947} INFO - Setting next_dagrun for example_python_decorator to None, run_after=None
[2024-07-19T06:37:01.744+0000] {processor.py:183} INFO - Processing /home/airflow/.local/lib/python3.12/site-packages/airflow/example_dags/example_python_decorator.py took 0.160 seconds
[2024-07-19T06:37:32.266+0000] {processor.py:161} INFO - Started process (PID=9254) to work on /home/airflow/.local/lib/python3.12/site-packages/airflow/example_dags/example_python_decorator.py
[2024-07-19T06:37:32.268+0000] {processor.py:830} INFO - Processing file /home/airflow/.local/lib/python3.12/site-packages/airflow/example_dags/example_python_decorator.py for tasks to queue
[2024-07-19T06:37:32.270+0000] {logging_mixin.py:188} INFO - [2024-07-19T06:37:32.269+0000] {dagbag.py:545} INFO - Filling up the DagBag from /home/airflow/.local/lib/python3.12/site-packages/airflow/example_dags/example_python_decorator.py
[2024-07-19T06:37:32.290+0000] {processor.py:840} INFO - DAG(s) 'example_python_decorator' retrieved from /home/airflow/.local/lib/python3.12/site-packages/airflow/example_dags/example_python_decorator.py
[2024-07-19T06:37:32.327+0000] {logging_mixin.py:188} INFO - [2024-07-19T06:37:32.327+0000] {dag.py:3089} INFO - Sync 1 DAGs
[2024-07-19T06:37:32.344+0000] {logging_mixin.py:188} INFO - [2024-07-19T06:37:32.344+0000] {dag.py:3947} INFO - Setting next_dagrun for example_python_decorator to None, run_after=None
[2024-07-19T06:37:32.368+0000] {processor.py:183} INFO - Processing /home/airflow/.local/lib/python3.12/site-packages/airflow/example_dags/example_python_decorator.py took 0.110 seconds
[2024-07-19T06:38:03.725+0000] {processor.py:161} INFO - Started process (PID=9314) to work on /home/airflow/.local/lib/python3.12/site-packages/airflow/example_dags/example_python_decorator.py
[2024-07-19T06:38:03.727+0000] {processor.py:830} INFO - Processing file /home/airflow/.local/lib/python3.12/site-packages/airflow/example_dags/example_python_decorator.py for tasks to queue
[2024-07-19T06:38:03.730+0000] {logging_mixin.py:188} INFO - [2024-07-19T06:38:03.729+0000] {dagbag.py:545} INFO - Filling up the DagBag from /home/airflow/.local/lib/python3.12/site-packages/airflow/example_dags/example_python_decorator.py
[2024-07-19T06:38:04.073+0000] {processor.py:840} INFO - DAG(s) 'example_python_decorator' retrieved from /home/airflow/.local/lib/python3.12/site-packages/airflow/example_dags/example_python_decorator.py
[2024-07-19T06:38:04.116+0000] {logging_mixin.py:188} INFO - [2024-07-19T06:38:04.115+0000] {dag.py:3089} INFO - Sync 1 DAGs
[2024-07-19T06:38:04.142+0000] {logging_mixin.py:188} INFO - [2024-07-19T06:38:04.141+0000] {dag.py:3947} INFO - Setting next_dagrun for example_python_decorator to None, run_after=None
[2024-07-19T06:38:04.247+0000] {processor.py:183} INFO - Processing /home/airflow/.local/lib/python3.12/site-packages/airflow/example_dags/example_python_decorator.py took 0.535 seconds
[2024-07-19T06:38:34.610+0000] {processor.py:161} INFO - Started process (PID=9374) to work on /home/airflow/.local/lib/python3.12/site-packages/airflow/example_dags/example_python_decorator.py
[2024-07-19T06:38:34.612+0000] {processor.py:830} INFO - Processing file /home/airflow/.local/lib/python3.12/site-packages/airflow/example_dags/example_python_decorator.py for tasks to queue
[2024-07-19T06:38:34.613+0000] {logging_mixin.py:188} INFO - [2024-07-19T06:38:34.613+0000] {dagbag.py:545} INFO - Filling up the DagBag from /home/airflow/.local/lib/python3.12/site-packages/airflow/example_dags/example_python_decorator.py
[2024-07-19T06:38:34.633+0000] {processor.py:840} INFO - DAG(s) 'example_python_decorator' retrieved from /home/airflow/.local/lib/python3.12/site-packages/airflow/example_dags/example_python_decorator.py
[2024-07-19T06:38:34.667+0000] {logging_mixin.py:188} INFO - [2024-07-19T06:38:34.667+0000] {dag.py:3089} INFO - Sync 1 DAGs
[2024-07-19T06:38:34.688+0000] {logging_mixin.py:188} INFO - [2024-07-19T06:38:34.688+0000] {dag.py:3947} INFO - Setting next_dagrun for example_python_decorator to None, run_after=None
[2024-07-19T06:38:34.716+0000] {processor.py:183} INFO - Processing /home/airflow/.local/lib/python3.12/site-packages/airflow/example_dags/example_python_decorator.py took 0.115 seconds
[2024-07-19T06:39:05.128+0000] {processor.py:161} INFO - Started process (PID=9434) to work on /home/airflow/.local/lib/python3.12/site-packages/airflow/example_dags/example_python_decorator.py
[2024-07-19T06:39:05.129+0000] {processor.py:830} INFO - Processing file /home/airflow/.local/lib/python3.12/site-packages/airflow/example_dags/example_python_decorator.py for tasks to queue
[2024-07-19T06:39:05.130+0000] {logging_mixin.py:188} INFO - [2024-07-19T06:39:05.130+0000] {dagbag.py:545} INFO - Filling up the DagBag from /home/airflow/.local/lib/python3.12/site-packages/airflow/example_dags/example_python_decorator.py
[2024-07-19T06:39:05.147+0000] {processor.py:840} INFO - DAG(s) 'example_python_decorator' retrieved from /home/airflow/.local/lib/python3.12/site-packages/airflow/example_dags/example_python_decorator.py
[2024-07-19T06:39:05.174+0000] {logging_mixin.py:188} INFO - [2024-07-19T06:39:05.173+0000] {dag.py:3089} INFO - Sync 1 DAGs
[2024-07-19T06:39:05.188+0000] {logging_mixin.py:188} INFO - [2024-07-19T06:39:05.187+0000] {dag.py:3947} INFO - Setting next_dagrun for example_python_decorator to None, run_after=None
[2024-07-19T06:39:05.207+0000] {processor.py:183} INFO - Processing /home/airflow/.local/lib/python3.12/site-packages/airflow/example_dags/example_python_decorator.py took 0.087 seconds
