[2024-07-19T00:38:10.889+0000] {processor.py:161} INFO - Started process (PID=6055) to work on /home/airflow/.local/lib/python3.12/site-packages/airflow/example_dags/example_sensors.py
[2024-07-19T00:38:10.928+0000] {processor.py:830} INFO - Processing file /home/airflow/.local/lib/python3.12/site-packages/airflow/example_dags/example_sensors.py for tasks to queue
[2024-07-19T00:38:10.929+0000] {logging_mixin.py:188} INFO - [2024-07-19T00:38:10.929+0000] {dagbag.py:545} INFO - Filling up the DagBag from /home/airflow/.local/lib/python3.12/site-packages/airflow/example_dags/example_sensors.py
[2024-07-19T00:38:10.961+0000] {processor.py:840} INFO - DAG(s) 'example_sensors' retrieved from /home/airflow/.local/lib/python3.12/site-packages/airflow/example_dags/example_sensors.py
[2024-07-19T00:38:11.022+0000] {logging_mixin.py:188} INFO - [2024-07-19T00:38:11.021+0000] {dag.py:3089} INFO - Sync 1 DAGs
[2024-07-19T00:38:11.042+0000] {logging_mixin.py:188} INFO - [2024-07-19T00:38:11.041+0000] {dag.py:3947} INFO - Setting next_dagrun for example_sensors to None, run_after=None
[2024-07-19T00:38:11.069+0000] {processor.py:183} INFO - Processing /home/airflow/.local/lib/python3.12/site-packages/airflow/example_dags/example_sensors.py took 0.190 seconds
[2024-07-19T02:38:38.112+0000] {processor.py:161} INFO - Started process (PID=6124) to work on /home/airflow/.local/lib/python3.12/site-packages/airflow/example_dags/example_sensors.py
[2024-07-19T02:38:38.113+0000] {processor.py:830} INFO - Processing file /home/airflow/.local/lib/python3.12/site-packages/airflow/example_dags/example_sensors.py for tasks to queue
[2024-07-19T02:38:38.115+0000] {logging_mixin.py:188} INFO - [2024-07-19T02:38:38.115+0000] {dagbag.py:545} INFO - Filling up the DagBag from /home/airflow/.local/lib/python3.12/site-packages/airflow/example_dags/example_sensors.py
[2024-07-19T02:38:38.136+0000] {processor.py:840} INFO - DAG(s) 'example_sensors' retrieved from /home/airflow/.local/lib/python3.12/site-packages/airflow/example_dags/example_sensors.py
[2024-07-19T02:38:43.373+0000] {logging_mixin.py:188} INFO - [2024-07-19T02:38:43.366+0000] {dag.py:3089} INFO - Sync 1 DAGs
[2024-07-19T02:38:43.586+0000] {logging_mixin.py:188} INFO - [2024-07-19T02:38:43.585+0000] {dag.py:3947} INFO - Setting next_dagrun for example_sensors to None, run_after=None
[2024-07-19T02:38:43.656+0000] {processor.py:183} INFO - Processing /home/airflow/.local/lib/python3.12/site-packages/airflow/example_dags/example_sensors.py took 5.554 seconds
[2024-07-19T05:26:55.287+0000] {processor.py:161} INFO - Started process (PID=6184) to work on /home/airflow/.local/lib/python3.12/site-packages/airflow/example_dags/example_sensors.py
[2024-07-19T05:26:55.289+0000] {processor.py:830} INFO - Processing file /home/airflow/.local/lib/python3.12/site-packages/airflow/example_dags/example_sensors.py for tasks to queue
[2024-07-19T05:26:55.291+0000] {logging_mixin.py:188} INFO - [2024-07-19T05:26:55.290+0000] {dagbag.py:545} INFO - Filling up the DagBag from /home/airflow/.local/lib/python3.12/site-packages/airflow/example_dags/example_sensors.py
[2024-07-19T05:26:55.305+0000] {processor.py:840} INFO - DAG(s) 'example_sensors' retrieved from /home/airflow/.local/lib/python3.12/site-packages/airflow/example_dags/example_sensors.py
[2024-07-19T05:26:55.384+0000] {logging_mixin.py:188} INFO - [2024-07-19T05:26:55.384+0000] {dag.py:3089} INFO - Sync 1 DAGs
[2024-07-19T05:26:55.402+0000] {logging_mixin.py:188} INFO - [2024-07-19T05:26:55.401+0000] {dag.py:3947} INFO - Setting next_dagrun for example_sensors to None, run_after=None
[2024-07-19T05:26:55.430+0000] {processor.py:183} INFO - Processing /home/airflow/.local/lib/python3.12/site-packages/airflow/example_dags/example_sensors.py took 0.154 seconds
[2024-07-19T06:11:59.793+0000] {processor.py:161} INFO - Started process (PID=6238) to work on /home/airflow/.local/lib/python3.12/site-packages/airflow/example_dags/example_sensors.py
[2024-07-19T06:11:59.794+0000] {processor.py:830} INFO - Processing file /home/airflow/.local/lib/python3.12/site-packages/airflow/example_dags/example_sensors.py for tasks to queue
[2024-07-19T06:11:59.796+0000] {logging_mixin.py:188} INFO - [2024-07-19T06:11:59.796+0000] {dagbag.py:545} INFO - Filling up the DagBag from /home/airflow/.local/lib/python3.12/site-packages/airflow/example_dags/example_sensors.py
[2024-07-19T06:11:59.808+0000] {processor.py:840} INFO - DAG(s) 'example_sensors' retrieved from /home/airflow/.local/lib/python3.12/site-packages/airflow/example_dags/example_sensors.py
[2024-07-19T06:11:59.839+0000] {logging_mixin.py:188} INFO - [2024-07-19T06:11:59.838+0000] {dag.py:3089} INFO - Sync 1 DAGs
[2024-07-19T06:11:59.855+0000] {logging_mixin.py:188} INFO - [2024-07-19T06:11:59.854+0000] {dag.py:3947} INFO - Setting next_dagrun for example_sensors to None, run_after=None
[2024-07-19T06:11:59.873+0000] {processor.py:183} INFO - Processing /home/airflow/.local/lib/python3.12/site-packages/airflow/example_dags/example_sensors.py took 0.087 seconds
[2024-07-19T06:12:30.984+0000] {processor.py:161} INFO - Started process (PID=6298) to work on /home/airflow/.local/lib/python3.12/site-packages/airflow/example_dags/example_sensors.py
[2024-07-19T06:12:30.986+0000] {processor.py:830} INFO - Processing file /home/airflow/.local/lib/python3.12/site-packages/airflow/example_dags/example_sensors.py for tasks to queue
[2024-07-19T06:12:30.988+0000] {logging_mixin.py:188} INFO - [2024-07-19T06:12:30.987+0000] {dagbag.py:545} INFO - Filling up the DagBag from /home/airflow/.local/lib/python3.12/site-packages/airflow/example_dags/example_sensors.py
[2024-07-19T06:12:31.015+0000] {processor.py:840} INFO - DAG(s) 'example_sensors' retrieved from /home/airflow/.local/lib/python3.12/site-packages/airflow/example_dags/example_sensors.py
[2024-07-19T06:12:31.065+0000] {logging_mixin.py:188} INFO - [2024-07-19T06:12:31.064+0000] {dag.py:3089} INFO - Sync 1 DAGs
[2024-07-19T06:12:31.107+0000] {logging_mixin.py:188} INFO - [2024-07-19T06:12:31.107+0000] {dag.py:3947} INFO - Setting next_dagrun for example_sensors to None, run_after=None
[2024-07-19T06:12:31.135+0000] {processor.py:183} INFO - Processing /home/airflow/.local/lib/python3.12/site-packages/airflow/example_dags/example_sensors.py took 0.162 seconds
[2024-07-19T06:13:01.793+0000] {processor.py:161} INFO - Started process (PID=6358) to work on /home/airflow/.local/lib/python3.12/site-packages/airflow/example_dags/example_sensors.py
[2024-07-19T06:13:01.794+0000] {processor.py:830} INFO - Processing file /home/airflow/.local/lib/python3.12/site-packages/airflow/example_dags/example_sensors.py for tasks to queue
[2024-07-19T06:13:01.796+0000] {logging_mixin.py:188} INFO - [2024-07-19T06:13:01.796+0000] {dagbag.py:545} INFO - Filling up the DagBag from /home/airflow/.local/lib/python3.12/site-packages/airflow/example_dags/example_sensors.py
[2024-07-19T06:13:01.810+0000] {processor.py:840} INFO - DAG(s) 'example_sensors' retrieved from /home/airflow/.local/lib/python3.12/site-packages/airflow/example_dags/example_sensors.py
[2024-07-19T06:13:01.844+0000] {logging_mixin.py:188} INFO - [2024-07-19T06:13:01.844+0000] {dag.py:3089} INFO - Sync 1 DAGs
[2024-07-19T06:13:01.862+0000] {logging_mixin.py:188} INFO - [2024-07-19T06:13:01.862+0000] {dag.py:3947} INFO - Setting next_dagrun for example_sensors to None, run_after=None
[2024-07-19T06:13:01.892+0000] {processor.py:183} INFO - Processing /home/airflow/.local/lib/python3.12/site-packages/airflow/example_dags/example_sensors.py took 0.108 seconds
[2024-07-19T06:13:32.297+0000] {processor.py:161} INFO - Started process (PID=6418) to work on /home/airflow/.local/lib/python3.12/site-packages/airflow/example_dags/example_sensors.py
[2024-07-19T06:13:32.298+0000] {processor.py:830} INFO - Processing file /home/airflow/.local/lib/python3.12/site-packages/airflow/example_dags/example_sensors.py for tasks to queue
[2024-07-19T06:13:32.300+0000] {logging_mixin.py:188} INFO - [2024-07-19T06:13:32.299+0000] {dagbag.py:545} INFO - Filling up the DagBag from /home/airflow/.local/lib/python3.12/site-packages/airflow/example_dags/example_sensors.py
[2024-07-19T06:13:32.315+0000] {processor.py:840} INFO - DAG(s) 'example_sensors' retrieved from /home/airflow/.local/lib/python3.12/site-packages/airflow/example_dags/example_sensors.py
[2024-07-19T06:13:32.426+0000] {logging_mixin.py:188} INFO - [2024-07-19T06:13:32.426+0000] {dag.py:3089} INFO - Sync 1 DAGs
[2024-07-19T06:13:32.449+0000] {logging_mixin.py:188} INFO - [2024-07-19T06:13:32.449+0000] {dag.py:3947} INFO - Setting next_dagrun for example_sensors to None, run_after=None
[2024-07-19T06:13:32.480+0000] {processor.py:183} INFO - Processing /home/airflow/.local/lib/python3.12/site-packages/airflow/example_dags/example_sensors.py took 0.192 seconds
[2024-07-19T06:14:02.947+0000] {processor.py:161} INFO - Started process (PID=6478) to work on /home/airflow/.local/lib/python3.12/site-packages/airflow/example_dags/example_sensors.py
[2024-07-19T06:14:02.949+0000] {processor.py:830} INFO - Processing file /home/airflow/.local/lib/python3.12/site-packages/airflow/example_dags/example_sensors.py for tasks to queue
[2024-07-19T06:14:02.951+0000] {logging_mixin.py:188} INFO - [2024-07-19T06:14:02.950+0000] {dagbag.py:545} INFO - Filling up the DagBag from /home/airflow/.local/lib/python3.12/site-packages/airflow/example_dags/example_sensors.py
[2024-07-19T06:14:02.966+0000] {processor.py:840} INFO - DAG(s) 'example_sensors' retrieved from /home/airflow/.local/lib/python3.12/site-packages/airflow/example_dags/example_sensors.py
[2024-07-19T06:14:03.007+0000] {logging_mixin.py:188} INFO - [2024-07-19T06:14:03.006+0000] {dag.py:3089} INFO - Sync 1 DAGs
[2024-07-19T06:14:03.030+0000] {logging_mixin.py:188} INFO - [2024-07-19T06:14:03.030+0000] {dag.py:3947} INFO - Setting next_dagrun for example_sensors to None, run_after=None
[2024-07-19T06:14:03.108+0000] {processor.py:183} INFO - Processing /home/airflow/.local/lib/python3.12/site-packages/airflow/example_dags/example_sensors.py took 0.170 seconds
[2024-07-19T06:14:33.888+0000] {processor.py:161} INFO - Started process (PID=6544) to work on /home/airflow/.local/lib/python3.12/site-packages/airflow/example_dags/example_sensors.py
[2024-07-19T06:14:33.889+0000] {processor.py:830} INFO - Processing file /home/airflow/.local/lib/python3.12/site-packages/airflow/example_dags/example_sensors.py for tasks to queue
[2024-07-19T06:14:33.891+0000] {logging_mixin.py:188} INFO - [2024-07-19T06:14:33.890+0000] {dagbag.py:545} INFO - Filling up the DagBag from /home/airflow/.local/lib/python3.12/site-packages/airflow/example_dags/example_sensors.py
[2024-07-19T06:14:33.904+0000] {processor.py:840} INFO - DAG(s) 'example_sensors' retrieved from /home/airflow/.local/lib/python3.12/site-packages/airflow/example_dags/example_sensors.py
[2024-07-19T06:14:33.938+0000] {logging_mixin.py:188} INFO - [2024-07-19T06:14:33.937+0000] {dag.py:3089} INFO - Sync 1 DAGs
[2024-07-19T06:14:33.956+0000] {logging_mixin.py:188} INFO - [2024-07-19T06:14:33.956+0000] {dag.py:3947} INFO - Setting next_dagrun for example_sensors to None, run_after=None
[2024-07-19T06:14:33.986+0000] {processor.py:183} INFO - Processing /home/airflow/.local/lib/python3.12/site-packages/airflow/example_dags/example_sensors.py took 0.107 seconds
[2024-07-19T06:15:04.552+0000] {processor.py:161} INFO - Started process (PID=6604) to work on /home/airflow/.local/lib/python3.12/site-packages/airflow/example_dags/example_sensors.py
[2024-07-19T06:15:04.554+0000] {processor.py:830} INFO - Processing file /home/airflow/.local/lib/python3.12/site-packages/airflow/example_dags/example_sensors.py for tasks to queue
[2024-07-19T06:15:04.555+0000] {logging_mixin.py:188} INFO - [2024-07-19T06:15:04.555+0000] {dagbag.py:545} INFO - Filling up the DagBag from /home/airflow/.local/lib/python3.12/site-packages/airflow/example_dags/example_sensors.py
[2024-07-19T06:15:04.571+0000] {processor.py:840} INFO - DAG(s) 'example_sensors' retrieved from /home/airflow/.local/lib/python3.12/site-packages/airflow/example_dags/example_sensors.py
[2024-07-19T06:15:04.617+0000] {logging_mixin.py:188} INFO - [2024-07-19T06:15:04.617+0000] {dag.py:3089} INFO - Sync 1 DAGs
[2024-07-19T06:15:04.639+0000] {logging_mixin.py:188} INFO - [2024-07-19T06:15:04.639+0000] {dag.py:3947} INFO - Setting next_dagrun for example_sensors to None, run_after=None
[2024-07-19T06:15:04.743+0000] {processor.py:183} INFO - Processing /home/airflow/.local/lib/python3.12/site-packages/airflow/example_dags/example_sensors.py took 0.199 seconds
[2024-07-19T06:15:35.186+0000] {processor.py:161} INFO - Started process (PID=6664) to work on /home/airflow/.local/lib/python3.12/site-packages/airflow/example_dags/example_sensors.py
[2024-07-19T06:15:35.187+0000] {processor.py:830} INFO - Processing file /home/airflow/.local/lib/python3.12/site-packages/airflow/example_dags/example_sensors.py for tasks to queue
[2024-07-19T06:15:35.189+0000] {logging_mixin.py:188} INFO - [2024-07-19T06:15:35.188+0000] {dagbag.py:545} INFO - Filling up the DagBag from /home/airflow/.local/lib/python3.12/site-packages/airflow/example_dags/example_sensors.py
[2024-07-19T06:15:35.203+0000] {processor.py:840} INFO - DAG(s) 'example_sensors' retrieved from /home/airflow/.local/lib/python3.12/site-packages/airflow/example_dags/example_sensors.py
[2024-07-19T06:15:35.244+0000] {logging_mixin.py:188} INFO - [2024-07-19T06:15:35.244+0000] {dag.py:3089} INFO - Sync 1 DAGs
[2024-07-19T06:15:35.263+0000] {logging_mixin.py:188} INFO - [2024-07-19T06:15:35.263+0000] {dag.py:3947} INFO - Setting next_dagrun for example_sensors to None, run_after=None
[2024-07-19T06:15:35.291+0000] {processor.py:183} INFO - Processing /home/airflow/.local/lib/python3.12/site-packages/airflow/example_dags/example_sensors.py took 0.116 seconds
[2024-07-19T06:16:05.795+0000] {processor.py:161} INFO - Started process (PID=6724) to work on /home/airflow/.local/lib/python3.12/site-packages/airflow/example_dags/example_sensors.py
[2024-07-19T06:16:05.797+0000] {processor.py:830} INFO - Processing file /home/airflow/.local/lib/python3.12/site-packages/airflow/example_dags/example_sensors.py for tasks to queue
[2024-07-19T06:16:05.799+0000] {logging_mixin.py:188} INFO - [2024-07-19T06:16:05.798+0000] {dagbag.py:545} INFO - Filling up the DagBag from /home/airflow/.local/lib/python3.12/site-packages/airflow/example_dags/example_sensors.py
[2024-07-19T06:16:05.814+0000] {processor.py:840} INFO - DAG(s) 'example_sensors' retrieved from /home/airflow/.local/lib/python3.12/site-packages/airflow/example_dags/example_sensors.py
[2024-07-19T06:16:05.856+0000] {logging_mixin.py:188} INFO - [2024-07-19T06:16:05.855+0000] {dag.py:3089} INFO - Sync 1 DAGs
[2024-07-19T06:16:05.877+0000] {logging_mixin.py:188} INFO - [2024-07-19T06:16:05.877+0000] {dag.py:3947} INFO - Setting next_dagrun for example_sensors to None, run_after=None
[2024-07-19T06:16:05.915+0000] {processor.py:183} INFO - Processing /home/airflow/.local/lib/python3.12/site-packages/airflow/example_dags/example_sensors.py took 0.130 seconds
[2024-07-19T06:16:36.133+0000] {processor.py:161} INFO - Started process (PID=6784) to work on /home/airflow/.local/lib/python3.12/site-packages/airflow/example_dags/example_sensors.py
[2024-07-19T06:16:36.135+0000] {processor.py:830} INFO - Processing file /home/airflow/.local/lib/python3.12/site-packages/airflow/example_dags/example_sensors.py for tasks to queue
[2024-07-19T06:16:36.137+0000] {logging_mixin.py:188} INFO - [2024-07-19T06:16:36.136+0000] {dagbag.py:545} INFO - Filling up the DagBag from /home/airflow/.local/lib/python3.12/site-packages/airflow/example_dags/example_sensors.py
[2024-07-19T06:16:36.150+0000] {processor.py:840} INFO - DAG(s) 'example_sensors' retrieved from /home/airflow/.local/lib/python3.12/site-packages/airflow/example_dags/example_sensors.py
[2024-07-19T06:16:36.184+0000] {logging_mixin.py:188} INFO - [2024-07-19T06:16:36.184+0000] {dag.py:3089} INFO - Sync 1 DAGs
[2024-07-19T06:16:36.203+0000] {logging_mixin.py:188} INFO - [2024-07-19T06:16:36.203+0000] {dag.py:3947} INFO - Setting next_dagrun for example_sensors to None, run_after=None
[2024-07-19T06:16:36.229+0000] {processor.py:183} INFO - Processing /home/airflow/.local/lib/python3.12/site-packages/airflow/example_dags/example_sensors.py took 0.104 seconds
[2024-07-19T06:17:06.477+0000] {processor.py:161} INFO - Started process (PID=6844) to work on /home/airflow/.local/lib/python3.12/site-packages/airflow/example_dags/example_sensors.py
[2024-07-19T06:17:06.478+0000] {processor.py:830} INFO - Processing file /home/airflow/.local/lib/python3.12/site-packages/airflow/example_dags/example_sensors.py for tasks to queue
[2024-07-19T06:17:06.480+0000] {logging_mixin.py:188} INFO - [2024-07-19T06:17:06.480+0000] {dagbag.py:545} INFO - Filling up the DagBag from /home/airflow/.local/lib/python3.12/site-packages/airflow/example_dags/example_sensors.py
[2024-07-19T06:17:06.495+0000] {processor.py:840} INFO - DAG(s) 'example_sensors' retrieved from /home/airflow/.local/lib/python3.12/site-packages/airflow/example_dags/example_sensors.py
[2024-07-19T06:17:06.530+0000] {logging_mixin.py:188} INFO - [2024-07-19T06:17:06.530+0000] {dag.py:3089} INFO - Sync 1 DAGs
[2024-07-19T06:17:06.547+0000] {logging_mixin.py:188} INFO - [2024-07-19T06:17:06.546+0000] {dag.py:3947} INFO - Setting next_dagrun for example_sensors to None, run_after=None
[2024-07-19T06:17:06.573+0000] {processor.py:183} INFO - Processing /home/airflow/.local/lib/python3.12/site-packages/airflow/example_dags/example_sensors.py took 0.105 seconds
[2024-07-19T06:17:37.840+0000] {processor.py:161} INFO - Started process (PID=6904) to work on /home/airflow/.local/lib/python3.12/site-packages/airflow/example_dags/example_sensors.py
[2024-07-19T06:17:37.841+0000] {processor.py:830} INFO - Processing file /home/airflow/.local/lib/python3.12/site-packages/airflow/example_dags/example_sensors.py for tasks to queue
[2024-07-19T06:17:37.843+0000] {logging_mixin.py:188} INFO - [2024-07-19T06:17:37.842+0000] {dagbag.py:545} INFO - Filling up the DagBag from /home/airflow/.local/lib/python3.12/site-packages/airflow/example_dags/example_sensors.py
[2024-07-19T06:17:37.857+0000] {processor.py:840} INFO - DAG(s) 'example_sensors' retrieved from /home/airflow/.local/lib/python3.12/site-packages/airflow/example_dags/example_sensors.py
[2024-07-19T06:17:37.892+0000] {logging_mixin.py:188} INFO - [2024-07-19T06:17:37.891+0000] {dag.py:3089} INFO - Sync 1 DAGs
[2024-07-19T06:17:37.909+0000] {logging_mixin.py:188} INFO - [2024-07-19T06:17:37.908+0000] {dag.py:3947} INFO - Setting next_dagrun for example_sensors to None, run_after=None
[2024-07-19T06:17:37.932+0000] {processor.py:183} INFO - Processing /home/airflow/.local/lib/python3.12/site-packages/airflow/example_dags/example_sensors.py took 0.102 seconds
[2024-07-19T06:18:08.821+0000] {processor.py:161} INFO - Started process (PID=6964) to work on /home/airflow/.local/lib/python3.12/site-packages/airflow/example_dags/example_sensors.py
[2024-07-19T06:18:08.823+0000] {processor.py:830} INFO - Processing file /home/airflow/.local/lib/python3.12/site-packages/airflow/example_dags/example_sensors.py for tasks to queue
[2024-07-19T06:18:08.824+0000] {logging_mixin.py:188} INFO - [2024-07-19T06:18:08.824+0000] {dagbag.py:545} INFO - Filling up the DagBag from /home/airflow/.local/lib/python3.12/site-packages/airflow/example_dags/example_sensors.py
[2024-07-19T06:18:08.838+0000] {processor.py:840} INFO - DAG(s) 'example_sensors' retrieved from /home/airflow/.local/lib/python3.12/site-packages/airflow/example_dags/example_sensors.py
[2024-07-19T06:18:08.871+0000] {logging_mixin.py:188} INFO - [2024-07-19T06:18:08.871+0000] {dag.py:3089} INFO - Sync 1 DAGs
[2024-07-19T06:18:08.886+0000] {logging_mixin.py:188} INFO - [2024-07-19T06:18:08.886+0000] {dag.py:3947} INFO - Setting next_dagrun for example_sensors to None, run_after=None
[2024-07-19T06:18:08.909+0000] {processor.py:183} INFO - Processing /home/airflow/.local/lib/python3.12/site-packages/airflow/example_dags/example_sensors.py took 0.096 seconds
[2024-07-19T06:18:39.217+0000] {processor.py:161} INFO - Started process (PID=7022) to work on /home/airflow/.local/lib/python3.12/site-packages/airflow/example_dags/example_sensors.py
[2024-07-19T06:18:39.218+0000] {processor.py:830} INFO - Processing file /home/airflow/.local/lib/python3.12/site-packages/airflow/example_dags/example_sensors.py for tasks to queue
[2024-07-19T06:18:39.220+0000] {logging_mixin.py:188} INFO - [2024-07-19T06:18:39.219+0000] {dagbag.py:545} INFO - Filling up the DagBag from /home/airflow/.local/lib/python3.12/site-packages/airflow/example_dags/example_sensors.py
[2024-07-19T06:18:39.233+0000] {processor.py:840} INFO - DAG(s) 'example_sensors' retrieved from /home/airflow/.local/lib/python3.12/site-packages/airflow/example_dags/example_sensors.py
[2024-07-19T06:18:39.268+0000] {logging_mixin.py:188} INFO - [2024-07-19T06:18:39.268+0000] {dag.py:3089} INFO - Sync 1 DAGs
[2024-07-19T06:18:39.283+0000] {logging_mixin.py:188} INFO - [2024-07-19T06:18:39.283+0000] {dag.py:3947} INFO - Setting next_dagrun for example_sensors to None, run_after=None
[2024-07-19T06:18:39.306+0000] {processor.py:183} INFO - Processing /home/airflow/.local/lib/python3.12/site-packages/airflow/example_dags/example_sensors.py took 0.098 seconds
[2024-07-19T06:19:09.599+0000] {processor.py:161} INFO - Started process (PID=7082) to work on /home/airflow/.local/lib/python3.12/site-packages/airflow/example_dags/example_sensors.py
[2024-07-19T06:19:09.600+0000] {processor.py:830} INFO - Processing file /home/airflow/.local/lib/python3.12/site-packages/airflow/example_dags/example_sensors.py for tasks to queue
[2024-07-19T06:19:09.601+0000] {logging_mixin.py:188} INFO - [2024-07-19T06:19:09.601+0000] {dagbag.py:545} INFO - Filling up the DagBag from /home/airflow/.local/lib/python3.12/site-packages/airflow/example_dags/example_sensors.py
[2024-07-19T06:19:09.615+0000] {processor.py:840} INFO - DAG(s) 'example_sensors' retrieved from /home/airflow/.local/lib/python3.12/site-packages/airflow/example_dags/example_sensors.py
[2024-07-19T06:19:09.648+0000] {logging_mixin.py:188} INFO - [2024-07-19T06:19:09.648+0000] {dag.py:3089} INFO - Sync 1 DAGs
[2024-07-19T06:19:09.663+0000] {logging_mixin.py:188} INFO - [2024-07-19T06:19:09.663+0000] {dag.py:3947} INFO - Setting next_dagrun for example_sensors to None, run_after=None
[2024-07-19T06:19:09.686+0000] {processor.py:183} INFO - Processing /home/airflow/.local/lib/python3.12/site-packages/airflow/example_dags/example_sensors.py took 0.095 seconds
[2024-07-19T06:19:40.009+0000] {processor.py:161} INFO - Started process (PID=7142) to work on /home/airflow/.local/lib/python3.12/site-packages/airflow/example_dags/example_sensors.py
[2024-07-19T06:19:40.011+0000] {processor.py:830} INFO - Processing file /home/airflow/.local/lib/python3.12/site-packages/airflow/example_dags/example_sensors.py for tasks to queue
[2024-07-19T06:19:40.012+0000] {logging_mixin.py:188} INFO - [2024-07-19T06:19:40.012+0000] {dagbag.py:545} INFO - Filling up the DagBag from /home/airflow/.local/lib/python3.12/site-packages/airflow/example_dags/example_sensors.py
[2024-07-19T06:19:40.025+0000] {processor.py:840} INFO - DAG(s) 'example_sensors' retrieved from /home/airflow/.local/lib/python3.12/site-packages/airflow/example_dags/example_sensors.py
[2024-07-19T06:19:40.063+0000] {logging_mixin.py:188} INFO - [2024-07-19T06:19:40.062+0000] {dag.py:3089} INFO - Sync 1 DAGs
[2024-07-19T06:19:40.079+0000] {logging_mixin.py:188} INFO - [2024-07-19T06:19:40.079+0000] {dag.py:3947} INFO - Setting next_dagrun for example_sensors to None, run_after=None
[2024-07-19T06:19:40.104+0000] {processor.py:183} INFO - Processing /home/airflow/.local/lib/python3.12/site-packages/airflow/example_dags/example_sensors.py took 0.103 seconds
[2024-07-19T06:20:10.541+0000] {processor.py:161} INFO - Started process (PID=7202) to work on /home/airflow/.local/lib/python3.12/site-packages/airflow/example_dags/example_sensors.py
[2024-07-19T06:20:10.542+0000] {processor.py:830} INFO - Processing file /home/airflow/.local/lib/python3.12/site-packages/airflow/example_dags/example_sensors.py for tasks to queue
[2024-07-19T06:20:10.544+0000] {logging_mixin.py:188} INFO - [2024-07-19T06:20:10.543+0000] {dagbag.py:545} INFO - Filling up the DagBag from /home/airflow/.local/lib/python3.12/site-packages/airflow/example_dags/example_sensors.py
[2024-07-19T06:20:10.558+0000] {processor.py:840} INFO - DAG(s) 'example_sensors' retrieved from /home/airflow/.local/lib/python3.12/site-packages/airflow/example_dags/example_sensors.py
[2024-07-19T06:20:10.602+0000] {logging_mixin.py:188} INFO - [2024-07-19T06:20:10.602+0000] {dag.py:3089} INFO - Sync 1 DAGs
[2024-07-19T06:20:10.620+0000] {logging_mixin.py:188} INFO - [2024-07-19T06:20:10.619+0000] {dag.py:3947} INFO - Setting next_dagrun for example_sensors to None, run_after=None
[2024-07-19T06:20:10.647+0000] {processor.py:183} INFO - Processing /home/airflow/.local/lib/python3.12/site-packages/airflow/example_dags/example_sensors.py took 0.115 seconds
[2024-07-19T06:20:41.071+0000] {processor.py:161} INFO - Started process (PID=7262) to work on /home/airflow/.local/lib/python3.12/site-packages/airflow/example_dags/example_sensors.py
[2024-07-19T06:20:41.073+0000] {processor.py:830} INFO - Processing file /home/airflow/.local/lib/python3.12/site-packages/airflow/example_dags/example_sensors.py for tasks to queue
[2024-07-19T06:20:41.074+0000] {logging_mixin.py:188} INFO - [2024-07-19T06:20:41.074+0000] {dagbag.py:545} INFO - Filling up the DagBag from /home/airflow/.local/lib/python3.12/site-packages/airflow/example_dags/example_sensors.py
[2024-07-19T06:20:41.087+0000] {processor.py:840} INFO - DAG(s) 'example_sensors' retrieved from /home/airflow/.local/lib/python3.12/site-packages/airflow/example_dags/example_sensors.py
[2024-07-19T06:20:41.124+0000] {logging_mixin.py:188} INFO - [2024-07-19T06:20:41.123+0000] {dag.py:3089} INFO - Sync 1 DAGs
[2024-07-19T06:20:41.143+0000] {logging_mixin.py:188} INFO - [2024-07-19T06:20:41.143+0000] {dag.py:3947} INFO - Setting next_dagrun for example_sensors to None, run_after=None
[2024-07-19T06:20:41.167+0000] {processor.py:183} INFO - Processing /home/airflow/.local/lib/python3.12/site-packages/airflow/example_dags/example_sensors.py took 0.104 seconds
[2024-07-19T06:21:11.289+0000] {processor.py:161} INFO - Started process (PID=7322) to work on /home/airflow/.local/lib/python3.12/site-packages/airflow/example_dags/example_sensors.py
[2024-07-19T06:21:11.290+0000] {processor.py:830} INFO - Processing file /home/airflow/.local/lib/python3.12/site-packages/airflow/example_dags/example_sensors.py for tasks to queue
[2024-07-19T06:21:11.292+0000] {logging_mixin.py:188} INFO - [2024-07-19T06:21:11.292+0000] {dagbag.py:545} INFO - Filling up the DagBag from /home/airflow/.local/lib/python3.12/site-packages/airflow/example_dags/example_sensors.py
[2024-07-19T06:21:11.305+0000] {processor.py:840} INFO - DAG(s) 'example_sensors' retrieved from /home/airflow/.local/lib/python3.12/site-packages/airflow/example_dags/example_sensors.py
[2024-07-19T06:21:11.338+0000] {logging_mixin.py:188} INFO - [2024-07-19T06:21:11.337+0000] {dag.py:3089} INFO - Sync 1 DAGs
[2024-07-19T06:21:11.354+0000] {logging_mixin.py:188} INFO - [2024-07-19T06:21:11.353+0000] {dag.py:3947} INFO - Setting next_dagrun for example_sensors to None, run_after=None
[2024-07-19T06:21:11.377+0000] {processor.py:183} INFO - Processing /home/airflow/.local/lib/python3.12/site-packages/airflow/example_dags/example_sensors.py took 0.096 seconds
[2024-07-19T06:21:41.530+0000] {processor.py:161} INFO - Started process (PID=7382) to work on /home/airflow/.local/lib/python3.12/site-packages/airflow/example_dags/example_sensors.py
[2024-07-19T06:21:41.531+0000] {processor.py:830} INFO - Processing file /home/airflow/.local/lib/python3.12/site-packages/airflow/example_dags/example_sensors.py for tasks to queue
[2024-07-19T06:21:41.533+0000] {logging_mixin.py:188} INFO - [2024-07-19T06:21:41.532+0000] {dagbag.py:545} INFO - Filling up the DagBag from /home/airflow/.local/lib/python3.12/site-packages/airflow/example_dags/example_sensors.py
[2024-07-19T06:21:41.546+0000] {processor.py:840} INFO - DAG(s) 'example_sensors' retrieved from /home/airflow/.local/lib/python3.12/site-packages/airflow/example_dags/example_sensors.py
[2024-07-19T06:21:41.580+0000] {logging_mixin.py:188} INFO - [2024-07-19T06:21:41.579+0000] {dag.py:3089} INFO - Sync 1 DAGs
[2024-07-19T06:21:41.595+0000] {logging_mixin.py:188} INFO - [2024-07-19T06:21:41.595+0000] {dag.py:3947} INFO - Setting next_dagrun for example_sensors to None, run_after=None
[2024-07-19T06:21:41.617+0000] {processor.py:183} INFO - Processing /home/airflow/.local/lib/python3.12/site-packages/airflow/example_dags/example_sensors.py took 0.095 seconds
[2024-07-19T06:22:11.857+0000] {processor.py:161} INFO - Started process (PID=7442) to work on /home/airflow/.local/lib/python3.12/site-packages/airflow/example_dags/example_sensors.py
[2024-07-19T06:22:11.858+0000] {processor.py:830} INFO - Processing file /home/airflow/.local/lib/python3.12/site-packages/airflow/example_dags/example_sensors.py for tasks to queue
[2024-07-19T06:22:11.860+0000] {logging_mixin.py:188} INFO - [2024-07-19T06:22:11.859+0000] {dagbag.py:545} INFO - Filling up the DagBag from /home/airflow/.local/lib/python3.12/site-packages/airflow/example_dags/example_sensors.py
[2024-07-19T06:22:11.873+0000] {processor.py:840} INFO - DAG(s) 'example_sensors' retrieved from /home/airflow/.local/lib/python3.12/site-packages/airflow/example_dags/example_sensors.py
[2024-07-19T06:22:11.907+0000] {logging_mixin.py:188} INFO - [2024-07-19T06:22:11.907+0000] {dag.py:3089} INFO - Sync 1 DAGs
[2024-07-19T06:22:11.923+0000] {logging_mixin.py:188} INFO - [2024-07-19T06:22:11.923+0000] {dag.py:3947} INFO - Setting next_dagrun for example_sensors to None, run_after=None
[2024-07-19T06:22:11.945+0000] {processor.py:183} INFO - Processing /home/airflow/.local/lib/python3.12/site-packages/airflow/example_dags/example_sensors.py took 0.096 seconds
[2024-07-19T06:22:42.467+0000] {processor.py:161} INFO - Started process (PID=7503) to work on /home/airflow/.local/lib/python3.12/site-packages/airflow/example_dags/example_sensors.py
[2024-07-19T06:22:42.469+0000] {processor.py:830} INFO - Processing file /home/airflow/.local/lib/python3.12/site-packages/airflow/example_dags/example_sensors.py for tasks to queue
[2024-07-19T06:22:42.470+0000] {logging_mixin.py:188} INFO - [2024-07-19T06:22:42.470+0000] {dagbag.py:545} INFO - Filling up the DagBag from /home/airflow/.local/lib/python3.12/site-packages/airflow/example_dags/example_sensors.py
[2024-07-19T06:22:42.486+0000] {processor.py:840} INFO - DAG(s) 'example_sensors' retrieved from /home/airflow/.local/lib/python3.12/site-packages/airflow/example_dags/example_sensors.py
[2024-07-19T06:22:42.523+0000] {logging_mixin.py:188} INFO - [2024-07-19T06:22:42.523+0000] {dag.py:3089} INFO - Sync 1 DAGs
[2024-07-19T06:22:42.539+0000] {logging_mixin.py:188} INFO - [2024-07-19T06:22:42.539+0000] {dag.py:3947} INFO - Setting next_dagrun for example_sensors to None, run_after=None
[2024-07-19T06:22:42.563+0000] {processor.py:183} INFO - Processing /home/airflow/.local/lib/python3.12/site-packages/airflow/example_dags/example_sensors.py took 0.103 seconds
[2024-07-19T06:23:12.979+0000] {processor.py:161} INFO - Started process (PID=7563) to work on /home/airflow/.local/lib/python3.12/site-packages/airflow/example_dags/example_sensors.py
[2024-07-19T06:23:12.982+0000] {processor.py:830} INFO - Processing file /home/airflow/.local/lib/python3.12/site-packages/airflow/example_dags/example_sensors.py for tasks to queue
[2024-07-19T06:23:12.985+0000] {logging_mixin.py:188} INFO - [2024-07-19T06:23:12.984+0000] {dagbag.py:545} INFO - Filling up the DagBag from /home/airflow/.local/lib/python3.12/site-packages/airflow/example_dags/example_sensors.py
[2024-07-19T06:23:13.008+0000] {processor.py:840} INFO - DAG(s) 'example_sensors' retrieved from /home/airflow/.local/lib/python3.12/site-packages/airflow/example_dags/example_sensors.py
[2024-07-19T06:23:13.058+0000] {logging_mixin.py:188} INFO - [2024-07-19T06:23:13.057+0000] {dag.py:3089} INFO - Sync 1 DAGs
[2024-07-19T06:23:13.080+0000] {logging_mixin.py:188} INFO - [2024-07-19T06:23:13.080+0000] {dag.py:3947} INFO - Setting next_dagrun for example_sensors to None, run_after=None
[2024-07-19T06:23:13.134+0000] {processor.py:183} INFO - Processing /home/airflow/.local/lib/python3.12/site-packages/airflow/example_dags/example_sensors.py took 0.172 seconds
[2024-07-19T06:23:43.223+0000] {processor.py:161} INFO - Started process (PID=7622) to work on /home/airflow/.local/lib/python3.12/site-packages/airflow/example_dags/example_sensors.py
[2024-07-19T06:23:43.224+0000] {processor.py:830} INFO - Processing file /home/airflow/.local/lib/python3.12/site-packages/airflow/example_dags/example_sensors.py for tasks to queue
[2024-07-19T06:23:43.226+0000] {logging_mixin.py:188} INFO - [2024-07-19T06:23:43.225+0000] {dagbag.py:545} INFO - Filling up the DagBag from /home/airflow/.local/lib/python3.12/site-packages/airflow/example_dags/example_sensors.py
[2024-07-19T06:23:43.240+0000] {processor.py:840} INFO - DAG(s) 'example_sensors' retrieved from /home/airflow/.local/lib/python3.12/site-packages/airflow/example_dags/example_sensors.py
[2024-07-19T06:23:43.275+0000] {logging_mixin.py:188} INFO - [2024-07-19T06:23:43.275+0000] {dag.py:3089} INFO - Sync 1 DAGs
[2024-07-19T06:23:43.291+0000] {logging_mixin.py:188} INFO - [2024-07-19T06:23:43.290+0000] {dag.py:3947} INFO - Setting next_dagrun for example_sensors to None, run_after=None
[2024-07-19T06:23:43.312+0000] {processor.py:183} INFO - Processing /home/airflow/.local/lib/python3.12/site-packages/airflow/example_dags/example_sensors.py took 0.098 seconds
[2024-07-19T06:24:13.511+0000] {processor.py:161} INFO - Started process (PID=7683) to work on /home/airflow/.local/lib/python3.12/site-packages/airflow/example_dags/example_sensors.py
[2024-07-19T06:24:13.513+0000] {processor.py:830} INFO - Processing file /home/airflow/.local/lib/python3.12/site-packages/airflow/example_dags/example_sensors.py for tasks to queue
[2024-07-19T06:24:13.514+0000] {logging_mixin.py:188} INFO - [2024-07-19T06:24:13.514+0000] {dagbag.py:545} INFO - Filling up the DagBag from /home/airflow/.local/lib/python3.12/site-packages/airflow/example_dags/example_sensors.py
[2024-07-19T06:24:13.528+0000] {processor.py:840} INFO - DAG(s) 'example_sensors' retrieved from /home/airflow/.local/lib/python3.12/site-packages/airflow/example_dags/example_sensors.py
[2024-07-19T06:24:13.564+0000] {logging_mixin.py:188} INFO - [2024-07-19T06:24:13.564+0000] {dag.py:3089} INFO - Sync 1 DAGs
[2024-07-19T06:24:13.580+0000] {logging_mixin.py:188} INFO - [2024-07-19T06:24:13.579+0000] {dag.py:3947} INFO - Setting next_dagrun for example_sensors to None, run_after=None
[2024-07-19T06:24:13.603+0000] {processor.py:183} INFO - Processing /home/airflow/.local/lib/python3.12/site-packages/airflow/example_dags/example_sensors.py took 0.101 seconds
[2024-07-19T06:24:44.038+0000] {processor.py:161} INFO - Started process (PID=7743) to work on /home/airflow/.local/lib/python3.12/site-packages/airflow/example_dags/example_sensors.py
[2024-07-19T06:24:44.040+0000] {processor.py:830} INFO - Processing file /home/airflow/.local/lib/python3.12/site-packages/airflow/example_dags/example_sensors.py for tasks to queue
[2024-07-19T06:24:44.042+0000] {logging_mixin.py:188} INFO - [2024-07-19T06:24:44.041+0000] {dagbag.py:545} INFO - Filling up the DagBag from /home/airflow/.local/lib/python3.12/site-packages/airflow/example_dags/example_sensors.py
[2024-07-19T06:24:44.056+0000] {processor.py:840} INFO - DAG(s) 'example_sensors' retrieved from /home/airflow/.local/lib/python3.12/site-packages/airflow/example_dags/example_sensors.py
[2024-07-19T06:24:44.092+0000] {logging_mixin.py:188} INFO - [2024-07-19T06:24:44.092+0000] {dag.py:3089} INFO - Sync 1 DAGs
[2024-07-19T06:24:44.109+0000] {logging_mixin.py:188} INFO - [2024-07-19T06:24:44.109+0000] {dag.py:3947} INFO - Setting next_dagrun for example_sensors to None, run_after=None
[2024-07-19T06:24:44.133+0000] {processor.py:183} INFO - Processing /home/airflow/.local/lib/python3.12/site-packages/airflow/example_dags/example_sensors.py took 0.103 seconds
[2024-07-19T06:25:14.969+0000] {processor.py:161} INFO - Started process (PID=7803) to work on /home/airflow/.local/lib/python3.12/site-packages/airflow/example_dags/example_sensors.py
[2024-07-19T06:25:14.971+0000] {processor.py:830} INFO - Processing file /home/airflow/.local/lib/python3.12/site-packages/airflow/example_dags/example_sensors.py for tasks to queue
[2024-07-19T06:25:14.972+0000] {logging_mixin.py:188} INFO - [2024-07-19T06:25:14.972+0000] {dagbag.py:545} INFO - Filling up the DagBag from /home/airflow/.local/lib/python3.12/site-packages/airflow/example_dags/example_sensors.py
[2024-07-19T06:25:14.985+0000] {processor.py:840} INFO - DAG(s) 'example_sensors' retrieved from /home/airflow/.local/lib/python3.12/site-packages/airflow/example_dags/example_sensors.py
[2024-07-19T06:25:15.057+0000] {logging_mixin.py:188} INFO - [2024-07-19T06:25:15.057+0000] {dag.py:3089} INFO - Sync 1 DAGs
[2024-07-19T06:25:15.076+0000] {logging_mixin.py:188} INFO - [2024-07-19T06:25:15.075+0000] {dag.py:3947} INFO - Setting next_dagrun for example_sensors to None, run_after=None
[2024-07-19T06:25:15.100+0000] {processor.py:183} INFO - Processing /home/airflow/.local/lib/python3.12/site-packages/airflow/example_dags/example_sensors.py took 0.139 seconds
[2024-07-19T06:25:45.401+0000] {processor.py:161} INFO - Started process (PID=7863) to work on /home/airflow/.local/lib/python3.12/site-packages/airflow/example_dags/example_sensors.py
[2024-07-19T06:25:45.405+0000] {processor.py:830} INFO - Processing file /home/airflow/.local/lib/python3.12/site-packages/airflow/example_dags/example_sensors.py for tasks to queue
[2024-07-19T06:25:45.406+0000] {logging_mixin.py:188} INFO - [2024-07-19T06:25:45.406+0000] {dagbag.py:545} INFO - Filling up the DagBag from /home/airflow/.local/lib/python3.12/site-packages/airflow/example_dags/example_sensors.py
[2024-07-19T06:25:45.419+0000] {processor.py:840} INFO - DAG(s) 'example_sensors' retrieved from /home/airflow/.local/lib/python3.12/site-packages/airflow/example_dags/example_sensors.py
[2024-07-19T06:25:45.455+0000] {logging_mixin.py:188} INFO - [2024-07-19T06:25:45.455+0000] {dag.py:3089} INFO - Sync 1 DAGs
[2024-07-19T06:25:45.470+0000] {logging_mixin.py:188} INFO - [2024-07-19T06:25:45.470+0000] {dag.py:3947} INFO - Setting next_dagrun for example_sensors to None, run_after=None
[2024-07-19T06:25:45.490+0000] {processor.py:183} INFO - Processing /home/airflow/.local/lib/python3.12/site-packages/airflow/example_dags/example_sensors.py took 0.101 seconds
[2024-07-19T06:26:15.848+0000] {processor.py:161} INFO - Started process (PID=7923) to work on /home/airflow/.local/lib/python3.12/site-packages/airflow/example_dags/example_sensors.py
[2024-07-19T06:26:15.850+0000] {processor.py:830} INFO - Processing file /home/airflow/.local/lib/python3.12/site-packages/airflow/example_dags/example_sensors.py for tasks to queue
[2024-07-19T06:26:15.852+0000] {logging_mixin.py:188} INFO - [2024-07-19T06:26:15.851+0000] {dagbag.py:545} INFO - Filling up the DagBag from /home/airflow/.local/lib/python3.12/site-packages/airflow/example_dags/example_sensors.py
[2024-07-19T06:26:15.868+0000] {processor.py:840} INFO - DAG(s) 'example_sensors' retrieved from /home/airflow/.local/lib/python3.12/site-packages/airflow/example_dags/example_sensors.py
[2024-07-19T06:26:15.912+0000] {logging_mixin.py:188} INFO - [2024-07-19T06:26:15.912+0000] {dag.py:3089} INFO - Sync 1 DAGs
[2024-07-19T06:26:15.930+0000] {logging_mixin.py:188} INFO - [2024-07-19T06:26:15.930+0000] {dag.py:3947} INFO - Setting next_dagrun for example_sensors to None, run_after=None
[2024-07-19T06:26:15.957+0000] {processor.py:183} INFO - Processing /home/airflow/.local/lib/python3.12/site-packages/airflow/example_dags/example_sensors.py took 0.117 seconds
[2024-07-19T06:26:46.110+0000] {processor.py:161} INFO - Started process (PID=7983) to work on /home/airflow/.local/lib/python3.12/site-packages/airflow/example_dags/example_sensors.py
[2024-07-19T06:26:46.112+0000] {processor.py:830} INFO - Processing file /home/airflow/.local/lib/python3.12/site-packages/airflow/example_dags/example_sensors.py for tasks to queue
[2024-07-19T06:26:46.113+0000] {logging_mixin.py:188} INFO - [2024-07-19T06:26:46.113+0000] {dagbag.py:545} INFO - Filling up the DagBag from /home/airflow/.local/lib/python3.12/site-packages/airflow/example_dags/example_sensors.py
[2024-07-19T06:26:46.124+0000] {processor.py:840} INFO - DAG(s) 'example_sensors' retrieved from /home/airflow/.local/lib/python3.12/site-packages/airflow/example_dags/example_sensors.py
[2024-07-19T06:26:46.154+0000] {logging_mixin.py:188} INFO - [2024-07-19T06:26:46.154+0000] {dag.py:3089} INFO - Sync 1 DAGs
[2024-07-19T06:26:46.166+0000] {logging_mixin.py:188} INFO - [2024-07-19T06:26:46.165+0000] {dag.py:3947} INFO - Setting next_dagrun for example_sensors to None, run_after=None
[2024-07-19T06:26:46.184+0000] {processor.py:183} INFO - Processing /home/airflow/.local/lib/python3.12/site-packages/airflow/example_dags/example_sensors.py took 0.081 seconds
[2024-07-19T06:27:17.219+0000] {processor.py:161} INFO - Started process (PID=8043) to work on /home/airflow/.local/lib/python3.12/site-packages/airflow/example_dags/example_sensors.py
[2024-07-19T06:27:17.221+0000] {processor.py:830} INFO - Processing file /home/airflow/.local/lib/python3.12/site-packages/airflow/example_dags/example_sensors.py for tasks to queue
[2024-07-19T06:27:17.222+0000] {logging_mixin.py:188} INFO - [2024-07-19T06:27:17.222+0000] {dagbag.py:545} INFO - Filling up the DagBag from /home/airflow/.local/lib/python3.12/site-packages/airflow/example_dags/example_sensors.py
[2024-07-19T06:27:17.233+0000] {processor.py:840} INFO - DAG(s) 'example_sensors' retrieved from /home/airflow/.local/lib/python3.12/site-packages/airflow/example_dags/example_sensors.py
[2024-07-19T06:27:17.264+0000] {logging_mixin.py:188} INFO - [2024-07-19T06:27:17.264+0000] {dag.py:3089} INFO - Sync 1 DAGs
[2024-07-19T06:27:17.278+0000] {logging_mixin.py:188} INFO - [2024-07-19T06:27:17.277+0000] {dag.py:3947} INFO - Setting next_dagrun for example_sensors to None, run_after=None
[2024-07-19T06:27:17.297+0000] {processor.py:183} INFO - Processing /home/airflow/.local/lib/python3.12/site-packages/airflow/example_dags/example_sensors.py took 0.085 seconds
[2024-07-19T06:27:48.366+0000] {processor.py:161} INFO - Started process (PID=8103) to work on /home/airflow/.local/lib/python3.12/site-packages/airflow/example_dags/example_sensors.py
[2024-07-19T06:27:48.368+0000] {processor.py:830} INFO - Processing file /home/airflow/.local/lib/python3.12/site-packages/airflow/example_dags/example_sensors.py for tasks to queue
[2024-07-19T06:27:48.369+0000] {logging_mixin.py:188} INFO - [2024-07-19T06:27:48.368+0000] {dagbag.py:545} INFO - Filling up the DagBag from /home/airflow/.local/lib/python3.12/site-packages/airflow/example_dags/example_sensors.py
[2024-07-19T06:27:48.381+0000] {processor.py:840} INFO - DAG(s) 'example_sensors' retrieved from /home/airflow/.local/lib/python3.12/site-packages/airflow/example_dags/example_sensors.py
[2024-07-19T06:27:48.420+0000] {logging_mixin.py:188} INFO - [2024-07-19T06:27:48.420+0000] {dag.py:3089} INFO - Sync 1 DAGs
[2024-07-19T06:27:48.437+0000] {logging_mixin.py:188} INFO - [2024-07-19T06:27:48.437+0000] {dag.py:3947} INFO - Setting next_dagrun for example_sensors to None, run_after=None
[2024-07-19T06:27:48.461+0000] {processor.py:183} INFO - Processing /home/airflow/.local/lib/python3.12/site-packages/airflow/example_dags/example_sensors.py took 0.103 seconds
[2024-07-19T06:28:18.972+0000] {processor.py:161} INFO - Started process (PID=8163) to work on /home/airflow/.local/lib/python3.12/site-packages/airflow/example_dags/example_sensors.py
[2024-07-19T06:28:18.973+0000] {processor.py:830} INFO - Processing file /home/airflow/.local/lib/python3.12/site-packages/airflow/example_dags/example_sensors.py for tasks to queue
[2024-07-19T06:28:18.975+0000] {logging_mixin.py:188} INFO - [2024-07-19T06:28:18.974+0000] {dagbag.py:545} INFO - Filling up the DagBag from /home/airflow/.local/lib/python3.12/site-packages/airflow/example_dags/example_sensors.py
[2024-07-19T06:28:18.987+0000] {processor.py:840} INFO - DAG(s) 'example_sensors' retrieved from /home/airflow/.local/lib/python3.12/site-packages/airflow/example_dags/example_sensors.py
[2024-07-19T06:28:19.025+0000] {logging_mixin.py:188} INFO - [2024-07-19T06:28:19.025+0000] {dag.py:3089} INFO - Sync 1 DAGs
[2024-07-19T06:28:19.044+0000] {logging_mixin.py:188} INFO - [2024-07-19T06:28:19.043+0000] {dag.py:3947} INFO - Setting next_dagrun for example_sensors to None, run_after=None
[2024-07-19T06:28:19.068+0000] {processor.py:183} INFO - Processing /home/airflow/.local/lib/python3.12/site-packages/airflow/example_dags/example_sensors.py took 0.104 seconds
[2024-07-19T06:28:49.488+0000] {processor.py:161} INFO - Started process (PID=8223) to work on /home/airflow/.local/lib/python3.12/site-packages/airflow/example_dags/example_sensors.py
[2024-07-19T06:28:49.489+0000] {processor.py:830} INFO - Processing file /home/airflow/.local/lib/python3.12/site-packages/airflow/example_dags/example_sensors.py for tasks to queue
[2024-07-19T06:28:49.491+0000] {logging_mixin.py:188} INFO - [2024-07-19T06:28:49.491+0000] {dagbag.py:545} INFO - Filling up the DagBag from /home/airflow/.local/lib/python3.12/site-packages/airflow/example_dags/example_sensors.py
[2024-07-19T06:28:49.505+0000] {processor.py:840} INFO - DAG(s) 'example_sensors' retrieved from /home/airflow/.local/lib/python3.12/site-packages/airflow/example_dags/example_sensors.py
[2024-07-19T06:28:49.540+0000] {logging_mixin.py:188} INFO - [2024-07-19T06:28:49.540+0000] {dag.py:3089} INFO - Sync 1 DAGs
[2024-07-19T06:28:49.555+0000] {logging_mixin.py:188} INFO - [2024-07-19T06:28:49.555+0000] {dag.py:3947} INFO - Setting next_dagrun for example_sensors to None, run_after=None
[2024-07-19T06:28:49.579+0000] {processor.py:183} INFO - Processing /home/airflow/.local/lib/python3.12/site-packages/airflow/example_dags/example_sensors.py took 0.100 seconds
[2024-07-19T06:29:19.925+0000] {processor.py:161} INFO - Started process (PID=8283) to work on /home/airflow/.local/lib/python3.12/site-packages/airflow/example_dags/example_sensors.py
[2024-07-19T06:29:19.926+0000] {processor.py:830} INFO - Processing file /home/airflow/.local/lib/python3.12/site-packages/airflow/example_dags/example_sensors.py for tasks to queue
[2024-07-19T06:29:19.928+0000] {logging_mixin.py:188} INFO - [2024-07-19T06:29:19.927+0000] {dagbag.py:545} INFO - Filling up the DagBag from /home/airflow/.local/lib/python3.12/site-packages/airflow/example_dags/example_sensors.py
[2024-07-19T06:29:19.940+0000] {processor.py:840} INFO - DAG(s) 'example_sensors' retrieved from /home/airflow/.local/lib/python3.12/site-packages/airflow/example_dags/example_sensors.py
[2024-07-19T06:29:19.972+0000] {logging_mixin.py:188} INFO - [2024-07-19T06:29:19.972+0000] {dag.py:3089} INFO - Sync 1 DAGs
[2024-07-19T06:29:19.989+0000] {logging_mixin.py:188} INFO - [2024-07-19T06:29:19.988+0000] {dag.py:3947} INFO - Setting next_dagrun for example_sensors to None, run_after=None
[2024-07-19T06:29:20.016+0000] {processor.py:183} INFO - Processing /home/airflow/.local/lib/python3.12/site-packages/airflow/example_dags/example_sensors.py took 0.099 seconds
[2024-07-19T06:29:50.820+0000] {processor.py:161} INFO - Started process (PID=8343) to work on /home/airflow/.local/lib/python3.12/site-packages/airflow/example_dags/example_sensors.py
[2024-07-19T06:29:50.822+0000] {processor.py:830} INFO - Processing file /home/airflow/.local/lib/python3.12/site-packages/airflow/example_dags/example_sensors.py for tasks to queue
[2024-07-19T06:29:50.823+0000] {logging_mixin.py:188} INFO - [2024-07-19T06:29:50.823+0000] {dagbag.py:545} INFO - Filling up the DagBag from /home/airflow/.local/lib/python3.12/site-packages/airflow/example_dags/example_sensors.py
[2024-07-19T06:29:50.837+0000] {processor.py:840} INFO - DAG(s) 'example_sensors' retrieved from /home/airflow/.local/lib/python3.12/site-packages/airflow/example_dags/example_sensors.py
[2024-07-19T06:29:50.874+0000] {logging_mixin.py:188} INFO - [2024-07-19T06:29:50.873+0000] {dag.py:3089} INFO - Sync 1 DAGs
[2024-07-19T06:29:50.892+0000] {logging_mixin.py:188} INFO - [2024-07-19T06:29:50.891+0000] {dag.py:3947} INFO - Setting next_dagrun for example_sensors to None, run_after=None
[2024-07-19T06:29:50.916+0000] {processor.py:183} INFO - Processing /home/airflow/.local/lib/python3.12/site-packages/airflow/example_dags/example_sensors.py took 0.104 seconds
[2024-07-19T06:30:21.012+0000] {processor.py:161} INFO - Started process (PID=8402) to work on /home/airflow/.local/lib/python3.12/site-packages/airflow/example_dags/example_sensors.py
[2024-07-19T06:30:21.013+0000] {processor.py:830} INFO - Processing file /home/airflow/.local/lib/python3.12/site-packages/airflow/example_dags/example_sensors.py for tasks to queue
[2024-07-19T06:30:21.014+0000] {logging_mixin.py:188} INFO - [2024-07-19T06:30:21.014+0000] {dagbag.py:545} INFO - Filling up the DagBag from /home/airflow/.local/lib/python3.12/site-packages/airflow/example_dags/example_sensors.py
[2024-07-19T06:30:21.027+0000] {processor.py:840} INFO - DAG(s) 'example_sensors' retrieved from /home/airflow/.local/lib/python3.12/site-packages/airflow/example_dags/example_sensors.py
[2024-07-19T06:30:21.061+0000] {logging_mixin.py:188} INFO - [2024-07-19T06:30:21.061+0000] {dag.py:3089} INFO - Sync 1 DAGs
[2024-07-19T06:30:21.077+0000] {logging_mixin.py:188} INFO - [2024-07-19T06:30:21.076+0000] {dag.py:3947} INFO - Setting next_dagrun for example_sensors to None, run_after=None
[2024-07-19T06:30:21.104+0000] {processor.py:183} INFO - Processing /home/airflow/.local/lib/python3.12/site-packages/airflow/example_dags/example_sensors.py took 0.101 seconds
[2024-07-19T06:30:51.246+0000] {processor.py:161} INFO - Started process (PID=8462) to work on /home/airflow/.local/lib/python3.12/site-packages/airflow/example_dags/example_sensors.py
[2024-07-19T06:30:51.247+0000] {processor.py:830} INFO - Processing file /home/airflow/.local/lib/python3.12/site-packages/airflow/example_dags/example_sensors.py for tasks to queue
[2024-07-19T06:30:51.249+0000] {logging_mixin.py:188} INFO - [2024-07-19T06:30:51.248+0000] {dagbag.py:545} INFO - Filling up the DagBag from /home/airflow/.local/lib/python3.12/site-packages/airflow/example_dags/example_sensors.py
[2024-07-19T06:30:51.262+0000] {processor.py:840} INFO - DAG(s) 'example_sensors' retrieved from /home/airflow/.local/lib/python3.12/site-packages/airflow/example_dags/example_sensors.py
[2024-07-19T06:30:51.298+0000] {logging_mixin.py:188} INFO - [2024-07-19T06:30:51.298+0000] {dag.py:3089} INFO - Sync 1 DAGs
[2024-07-19T06:30:51.314+0000] {logging_mixin.py:188} INFO - [2024-07-19T06:30:51.314+0000] {dag.py:3947} INFO - Setting next_dagrun for example_sensors to None, run_after=None
[2024-07-19T06:30:51.336+0000] {processor.py:183} INFO - Processing /home/airflow/.local/lib/python3.12/site-packages/airflow/example_dags/example_sensors.py took 0.099 seconds
[2024-07-19T06:31:21.675+0000] {processor.py:161} INFO - Started process (PID=8522) to work on /home/airflow/.local/lib/python3.12/site-packages/airflow/example_dags/example_sensors.py
[2024-07-19T06:31:21.677+0000] {processor.py:830} INFO - Processing file /home/airflow/.local/lib/python3.12/site-packages/airflow/example_dags/example_sensors.py for tasks to queue
[2024-07-19T06:31:21.678+0000] {logging_mixin.py:188} INFO - [2024-07-19T06:31:21.678+0000] {dagbag.py:545} INFO - Filling up the DagBag from /home/airflow/.local/lib/python3.12/site-packages/airflow/example_dags/example_sensors.py
[2024-07-19T06:31:21.692+0000] {processor.py:840} INFO - DAG(s) 'example_sensors' retrieved from /home/airflow/.local/lib/python3.12/site-packages/airflow/example_dags/example_sensors.py
[2024-07-19T06:31:21.727+0000] {logging_mixin.py:188} INFO - [2024-07-19T06:31:21.727+0000] {dag.py:3089} INFO - Sync 1 DAGs
[2024-07-19T06:31:21.742+0000] {logging_mixin.py:188} INFO - [2024-07-19T06:31:21.742+0000] {dag.py:3947} INFO - Setting next_dagrun for example_sensors to None, run_after=None
[2024-07-19T06:31:21.765+0000] {processor.py:183} INFO - Processing /home/airflow/.local/lib/python3.12/site-packages/airflow/example_dags/example_sensors.py took 0.098 seconds
[2024-07-19T06:31:51.820+0000] {processor.py:161} INFO - Started process (PID=8582) to work on /home/airflow/.local/lib/python3.12/site-packages/airflow/example_dags/example_sensors.py
[2024-07-19T06:31:51.822+0000] {processor.py:830} INFO - Processing file /home/airflow/.local/lib/python3.12/site-packages/airflow/example_dags/example_sensors.py for tasks to queue
[2024-07-19T06:31:51.823+0000] {logging_mixin.py:188} INFO - [2024-07-19T06:31:51.823+0000] {dagbag.py:545} INFO - Filling up the DagBag from /home/airflow/.local/lib/python3.12/site-packages/airflow/example_dags/example_sensors.py
[2024-07-19T06:31:51.836+0000] {processor.py:840} INFO - DAG(s) 'example_sensors' retrieved from /home/airflow/.local/lib/python3.12/site-packages/airflow/example_dags/example_sensors.py
[2024-07-19T06:31:51.871+0000] {logging_mixin.py:188} INFO - [2024-07-19T06:31:51.870+0000] {dag.py:3089} INFO - Sync 1 DAGs
[2024-07-19T06:31:51.886+0000] {logging_mixin.py:188} INFO - [2024-07-19T06:31:51.886+0000] {dag.py:3947} INFO - Setting next_dagrun for example_sensors to None, run_after=None
[2024-07-19T06:31:51.907+0000] {processor.py:183} INFO - Processing /home/airflow/.local/lib/python3.12/site-packages/airflow/example_dags/example_sensors.py took 0.095 seconds
[2024-07-19T06:32:22.673+0000] {processor.py:161} INFO - Started process (PID=8642) to work on /home/airflow/.local/lib/python3.12/site-packages/airflow/example_dags/example_sensors.py
[2024-07-19T06:32:22.674+0000] {processor.py:830} INFO - Processing file /home/airflow/.local/lib/python3.12/site-packages/airflow/example_dags/example_sensors.py for tasks to queue
[2024-07-19T06:32:22.676+0000] {logging_mixin.py:188} INFO - [2024-07-19T06:32:22.676+0000] {dagbag.py:545} INFO - Filling up the DagBag from /home/airflow/.local/lib/python3.12/site-packages/airflow/example_dags/example_sensors.py
[2024-07-19T06:32:22.689+0000] {processor.py:840} INFO - DAG(s) 'example_sensors' retrieved from /home/airflow/.local/lib/python3.12/site-packages/airflow/example_dags/example_sensors.py
[2024-07-19T06:32:22.724+0000] {logging_mixin.py:188} INFO - [2024-07-19T06:32:22.724+0000] {dag.py:3089} INFO - Sync 1 DAGs
[2024-07-19T06:32:22.740+0000] {logging_mixin.py:188} INFO - [2024-07-19T06:32:22.739+0000] {dag.py:3947} INFO - Setting next_dagrun for example_sensors to None, run_after=None
[2024-07-19T06:32:22.763+0000] {processor.py:183} INFO - Processing /home/airflow/.local/lib/python3.12/site-packages/airflow/example_dags/example_sensors.py took 0.098 seconds
[2024-07-19T06:32:53.754+0000] {processor.py:161} INFO - Started process (PID=8702) to work on /home/airflow/.local/lib/python3.12/site-packages/airflow/example_dags/example_sensors.py
[2024-07-19T06:32:53.755+0000] {processor.py:830} INFO - Processing file /home/airflow/.local/lib/python3.12/site-packages/airflow/example_dags/example_sensors.py for tasks to queue
[2024-07-19T06:32:53.757+0000] {logging_mixin.py:188} INFO - [2024-07-19T06:32:53.756+0000] {dagbag.py:545} INFO - Filling up the DagBag from /home/airflow/.local/lib/python3.12/site-packages/airflow/example_dags/example_sensors.py
[2024-07-19T06:32:53.768+0000] {processor.py:840} INFO - DAG(s) 'example_sensors' retrieved from /home/airflow/.local/lib/python3.12/site-packages/airflow/example_dags/example_sensors.py
[2024-07-19T06:32:53.801+0000] {logging_mixin.py:188} INFO - [2024-07-19T06:32:53.800+0000] {dag.py:3089} INFO - Sync 1 DAGs
[2024-07-19T06:32:53.815+0000] {logging_mixin.py:188} INFO - [2024-07-19T06:32:53.815+0000] {dag.py:3947} INFO - Setting next_dagrun for example_sensors to None, run_after=None
[2024-07-19T06:32:53.835+0000] {processor.py:183} INFO - Processing /home/airflow/.local/lib/python3.12/site-packages/airflow/example_dags/example_sensors.py took 0.089 seconds
[2024-07-19T06:33:23.951+0000] {processor.py:161} INFO - Started process (PID=8762) to work on /home/airflow/.local/lib/python3.12/site-packages/airflow/example_dags/example_sensors.py
[2024-07-19T06:33:23.952+0000] {processor.py:830} INFO - Processing file /home/airflow/.local/lib/python3.12/site-packages/airflow/example_dags/example_sensors.py for tasks to queue
[2024-07-19T06:33:23.953+0000] {logging_mixin.py:188} INFO - [2024-07-19T06:33:23.953+0000] {dagbag.py:545} INFO - Filling up the DagBag from /home/airflow/.local/lib/python3.12/site-packages/airflow/example_dags/example_sensors.py
[2024-07-19T06:33:23.967+0000] {processor.py:840} INFO - DAG(s) 'example_sensors' retrieved from /home/airflow/.local/lib/python3.12/site-packages/airflow/example_dags/example_sensors.py
[2024-07-19T06:33:24.001+0000] {logging_mixin.py:188} INFO - [2024-07-19T06:33:24.001+0000] {dag.py:3089} INFO - Sync 1 DAGs
[2024-07-19T06:33:24.017+0000] {logging_mixin.py:188} INFO - [2024-07-19T06:33:24.017+0000] {dag.py:3947} INFO - Setting next_dagrun for example_sensors to None, run_after=None
[2024-07-19T06:33:24.043+0000] {processor.py:183} INFO - Processing /home/airflow/.local/lib/python3.12/site-packages/airflow/example_dags/example_sensors.py took 0.101 seconds
[2024-07-19T06:33:54.329+0000] {processor.py:161} INFO - Started process (PID=8822) to work on /home/airflow/.local/lib/python3.12/site-packages/airflow/example_dags/example_sensors.py
[2024-07-19T06:33:54.331+0000] {processor.py:830} INFO - Processing file /home/airflow/.local/lib/python3.12/site-packages/airflow/example_dags/example_sensors.py for tasks to queue
[2024-07-19T06:33:54.334+0000] {logging_mixin.py:188} INFO - [2024-07-19T06:33:54.333+0000] {dagbag.py:545} INFO - Filling up the DagBag from /home/airflow/.local/lib/python3.12/site-packages/airflow/example_dags/example_sensors.py
[2024-07-19T06:33:54.352+0000] {processor.py:840} INFO - DAG(s) 'example_sensors' retrieved from /home/airflow/.local/lib/python3.12/site-packages/airflow/example_dags/example_sensors.py
[2024-07-19T06:33:54.411+0000] {logging_mixin.py:188} INFO - [2024-07-19T06:33:54.410+0000] {dag.py:3089} INFO - Sync 1 DAGs
[2024-07-19T06:33:54.431+0000] {logging_mixin.py:188} INFO - [2024-07-19T06:33:54.430+0000] {dag.py:3947} INFO - Setting next_dagrun for example_sensors to None, run_after=None
[2024-07-19T06:33:54.465+0000] {processor.py:183} INFO - Processing /home/airflow/.local/lib/python3.12/site-packages/airflow/example_dags/example_sensors.py took 0.148 seconds
[2024-07-19T06:34:24.784+0000] {processor.py:161} INFO - Started process (PID=8882) to work on /home/airflow/.local/lib/python3.12/site-packages/airflow/example_dags/example_sensors.py
[2024-07-19T06:34:24.785+0000] {processor.py:830} INFO - Processing file /home/airflow/.local/lib/python3.12/site-packages/airflow/example_dags/example_sensors.py for tasks to queue
[2024-07-19T06:34:24.786+0000] {logging_mixin.py:188} INFO - [2024-07-19T06:34:24.786+0000] {dagbag.py:545} INFO - Filling up the DagBag from /home/airflow/.local/lib/python3.12/site-packages/airflow/example_dags/example_sensors.py
[2024-07-19T06:34:24.800+0000] {processor.py:840} INFO - DAG(s) 'example_sensors' retrieved from /home/airflow/.local/lib/python3.12/site-packages/airflow/example_dags/example_sensors.py
[2024-07-19T06:34:24.837+0000] {logging_mixin.py:188} INFO - [2024-07-19T06:34:24.836+0000] {dag.py:3089} INFO - Sync 1 DAGs
[2024-07-19T06:34:24.854+0000] {logging_mixin.py:188} INFO - [2024-07-19T06:34:24.854+0000] {dag.py:3947} INFO - Setting next_dagrun for example_sensors to None, run_after=None
[2024-07-19T06:34:24.882+0000] {processor.py:183} INFO - Processing /home/airflow/.local/lib/python3.12/site-packages/airflow/example_dags/example_sensors.py took 0.106 seconds
[2024-07-19T06:34:54.980+0000] {processor.py:161} INFO - Started process (PID=8941) to work on /home/airflow/.local/lib/python3.12/site-packages/airflow/example_dags/example_sensors.py
[2024-07-19T06:34:54.981+0000] {processor.py:830} INFO - Processing file /home/airflow/.local/lib/python3.12/site-packages/airflow/example_dags/example_sensors.py for tasks to queue
[2024-07-19T06:34:54.982+0000] {logging_mixin.py:188} INFO - [2024-07-19T06:34:54.982+0000] {dagbag.py:545} INFO - Filling up the DagBag from /home/airflow/.local/lib/python3.12/site-packages/airflow/example_dags/example_sensors.py
[2024-07-19T06:34:54.994+0000] {processor.py:840} INFO - DAG(s) 'example_sensors' retrieved from /home/airflow/.local/lib/python3.12/site-packages/airflow/example_dags/example_sensors.py
[2024-07-19T06:34:55.024+0000] {logging_mixin.py:188} INFO - [2024-07-19T06:34:55.024+0000] {dag.py:3089} INFO - Sync 1 DAGs
[2024-07-19T06:34:55.037+0000] {logging_mixin.py:188} INFO - [2024-07-19T06:34:55.037+0000] {dag.py:3947} INFO - Setting next_dagrun for example_sensors to None, run_after=None
[2024-07-19T06:34:55.057+0000] {processor.py:183} INFO - Processing /home/airflow/.local/lib/python3.12/site-packages/airflow/example_dags/example_sensors.py took 0.084 seconds
[2024-07-19T06:35:25.633+0000] {processor.py:161} INFO - Started process (PID=9001) to work on /home/airflow/.local/lib/python3.12/site-packages/airflow/example_dags/example_sensors.py
[2024-07-19T06:35:25.636+0000] {processor.py:830} INFO - Processing file /home/airflow/.local/lib/python3.12/site-packages/airflow/example_dags/example_sensors.py for tasks to queue
[2024-07-19T06:35:25.637+0000] {logging_mixin.py:188} INFO - [2024-07-19T06:35:25.637+0000] {dagbag.py:545} INFO - Filling up the DagBag from /home/airflow/.local/lib/python3.12/site-packages/airflow/example_dags/example_sensors.py
[2024-07-19T06:35:25.661+0000] {processor.py:840} INFO - DAG(s) 'example_sensors' retrieved from /home/airflow/.local/lib/python3.12/site-packages/airflow/example_dags/example_sensors.py
[2024-07-19T06:35:25.705+0000] {logging_mixin.py:188} INFO - [2024-07-19T06:35:25.705+0000] {dag.py:3089} INFO - Sync 1 DAGs
[2024-07-19T06:35:25.728+0000] {logging_mixin.py:188} INFO - [2024-07-19T06:35:25.727+0000] {dag.py:3947} INFO - Setting next_dagrun for example_sensors to None, run_after=None
[2024-07-19T06:35:25.757+0000] {processor.py:183} INFO - Processing /home/airflow/.local/lib/python3.12/site-packages/airflow/example_dags/example_sensors.py took 0.135 seconds
[2024-07-19T06:35:55.850+0000] {processor.py:161} INFO - Started process (PID=9061) to work on /home/airflow/.local/lib/python3.12/site-packages/airflow/example_dags/example_sensors.py
[2024-07-19T06:35:55.852+0000] {processor.py:830} INFO - Processing file /home/airflow/.local/lib/python3.12/site-packages/airflow/example_dags/example_sensors.py for tasks to queue
[2024-07-19T06:35:55.853+0000] {logging_mixin.py:188} INFO - [2024-07-19T06:35:55.853+0000] {dagbag.py:545} INFO - Filling up the DagBag from /home/airflow/.local/lib/python3.12/site-packages/airflow/example_dags/example_sensors.py
[2024-07-19T06:35:55.865+0000] {processor.py:840} INFO - DAG(s) 'example_sensors' retrieved from /home/airflow/.local/lib/python3.12/site-packages/airflow/example_dags/example_sensors.py
[2024-07-19T06:35:55.896+0000] {logging_mixin.py:188} INFO - [2024-07-19T06:35:55.896+0000] {dag.py:3089} INFO - Sync 1 DAGs
[2024-07-19T06:35:55.910+0000] {logging_mixin.py:188} INFO - [2024-07-19T06:35:55.910+0000] {dag.py:3947} INFO - Setting next_dagrun for example_sensors to None, run_after=None
[2024-07-19T06:35:55.931+0000] {processor.py:183} INFO - Processing /home/airflow/.local/lib/python3.12/site-packages/airflow/example_dags/example_sensors.py took 0.088 seconds
[2024-07-19T06:36:26.229+0000] {processor.py:161} INFO - Started process (PID=9121) to work on /home/airflow/.local/lib/python3.12/site-packages/airflow/example_dags/example_sensors.py
[2024-07-19T06:36:26.230+0000] {processor.py:830} INFO - Processing file /home/airflow/.local/lib/python3.12/site-packages/airflow/example_dags/example_sensors.py for tasks to queue
[2024-07-19T06:36:26.232+0000] {logging_mixin.py:188} INFO - [2024-07-19T06:36:26.231+0000] {dagbag.py:545} INFO - Filling up the DagBag from /home/airflow/.local/lib/python3.12/site-packages/airflow/example_dags/example_sensors.py
[2024-07-19T06:36:26.252+0000] {processor.py:840} INFO - DAG(s) 'example_sensors' retrieved from /home/airflow/.local/lib/python3.12/site-packages/airflow/example_dags/example_sensors.py
[2024-07-19T06:36:26.294+0000] {logging_mixin.py:188} INFO - [2024-07-19T06:36:26.293+0000] {dag.py:3089} INFO - Sync 1 DAGs
[2024-07-19T06:36:26.316+0000] {logging_mixin.py:188} INFO - [2024-07-19T06:36:26.316+0000] {dag.py:3947} INFO - Setting next_dagrun for example_sensors to None, run_after=None
[2024-07-19T06:36:26.351+0000] {processor.py:183} INFO - Processing /home/airflow/.local/lib/python3.12/site-packages/airflow/example_dags/example_sensors.py took 0.133 seconds
[2024-07-19T06:36:56.404+0000] {processor.py:161} INFO - Started process (PID=9181) to work on /home/airflow/.local/lib/python3.12/site-packages/airflow/example_dags/example_sensors.py
[2024-07-19T06:36:56.406+0000] {processor.py:830} INFO - Processing file /home/airflow/.local/lib/python3.12/site-packages/airflow/example_dags/example_sensors.py for tasks to queue
[2024-07-19T06:36:56.408+0000] {logging_mixin.py:188} INFO - [2024-07-19T06:36:56.407+0000] {dagbag.py:545} INFO - Filling up the DagBag from /home/airflow/.local/lib/python3.12/site-packages/airflow/example_dags/example_sensors.py
[2024-07-19T06:36:56.424+0000] {processor.py:840} INFO - DAG(s) 'example_sensors' retrieved from /home/airflow/.local/lib/python3.12/site-packages/airflow/example_dags/example_sensors.py
[2024-07-19T06:36:56.462+0000] {logging_mixin.py:188} INFO - [2024-07-19T06:36:56.462+0000] {dag.py:3089} INFO - Sync 1 DAGs
[2024-07-19T06:36:56.480+0000] {logging_mixin.py:188} INFO - [2024-07-19T06:36:56.480+0000] {dag.py:3947} INFO - Setting next_dagrun for example_sensors to None, run_after=None
[2024-07-19T06:36:56.510+0000] {processor.py:183} INFO - Processing /home/airflow/.local/lib/python3.12/site-packages/airflow/example_dags/example_sensors.py took 0.116 seconds
[2024-07-19T06:37:27.435+0000] {processor.py:161} INFO - Started process (PID=9241) to work on /home/airflow/.local/lib/python3.12/site-packages/airflow/example_dags/example_sensors.py
[2024-07-19T06:37:27.437+0000] {processor.py:830} INFO - Processing file /home/airflow/.local/lib/python3.12/site-packages/airflow/example_dags/example_sensors.py for tasks to queue
[2024-07-19T06:37:27.438+0000] {logging_mixin.py:188} INFO - [2024-07-19T06:37:27.438+0000] {dagbag.py:545} INFO - Filling up the DagBag from /home/airflow/.local/lib/python3.12/site-packages/airflow/example_dags/example_sensors.py
[2024-07-19T06:37:27.451+0000] {processor.py:840} INFO - DAG(s) 'example_sensors' retrieved from /home/airflow/.local/lib/python3.12/site-packages/airflow/example_dags/example_sensors.py
[2024-07-19T06:37:27.483+0000] {logging_mixin.py:188} INFO - [2024-07-19T06:37:27.483+0000] {dag.py:3089} INFO - Sync 1 DAGs
[2024-07-19T06:37:27.500+0000] {logging_mixin.py:188} INFO - [2024-07-19T06:37:27.500+0000] {dag.py:3947} INFO - Setting next_dagrun for example_sensors to None, run_after=None
[2024-07-19T06:37:27.525+0000] {processor.py:183} INFO - Processing /home/airflow/.local/lib/python3.12/site-packages/airflow/example_dags/example_sensors.py took 0.097 seconds
[2024-07-19T06:37:59.741+0000] {processor.py:161} INFO - Started process (PID=9301) to work on /home/airflow/.local/lib/python3.12/site-packages/airflow/example_dags/example_sensors.py
[2024-07-19T06:37:59.742+0000] {processor.py:830} INFO - Processing file /home/airflow/.local/lib/python3.12/site-packages/airflow/example_dags/example_sensors.py for tasks to queue
[2024-07-19T06:37:59.744+0000] {logging_mixin.py:188} INFO - [2024-07-19T06:37:59.743+0000] {dagbag.py:545} INFO - Filling up the DagBag from /home/airflow/.local/lib/python3.12/site-packages/airflow/example_dags/example_sensors.py
[2024-07-19T06:37:59.760+0000] {processor.py:840} INFO - DAG(s) 'example_sensors' retrieved from /home/airflow/.local/lib/python3.12/site-packages/airflow/example_dags/example_sensors.py
[2024-07-19T06:37:59.972+0000] {logging_mixin.py:188} INFO - [2024-07-19T06:37:59.971+0000] {dag.py:3089} INFO - Sync 1 DAGs
[2024-07-19T06:37:59.988+0000] {logging_mixin.py:188} INFO - [2024-07-19T06:37:59.987+0000] {dag.py:3947} INFO - Setting next_dagrun for example_sensors to None, run_after=None
[2024-07-19T06:38:00.074+0000] {processor.py:183} INFO - Processing /home/airflow/.local/lib/python3.12/site-packages/airflow/example_dags/example_sensors.py took 0.342 seconds
[2024-07-19T06:38:30.627+0000] {processor.py:161} INFO - Started process (PID=9361) to work on /home/airflow/.local/lib/python3.12/site-packages/airflow/example_dags/example_sensors.py
[2024-07-19T06:38:30.629+0000] {processor.py:830} INFO - Processing file /home/airflow/.local/lib/python3.12/site-packages/airflow/example_dags/example_sensors.py for tasks to queue
[2024-07-19T06:38:30.630+0000] {logging_mixin.py:188} INFO - [2024-07-19T06:38:30.630+0000] {dagbag.py:545} INFO - Filling up the DagBag from /home/airflow/.local/lib/python3.12/site-packages/airflow/example_dags/example_sensors.py
[2024-07-19T06:38:30.646+0000] {processor.py:840} INFO - DAG(s) 'example_sensors' retrieved from /home/airflow/.local/lib/python3.12/site-packages/airflow/example_dags/example_sensors.py
[2024-07-19T06:38:30.684+0000] {logging_mixin.py:188} INFO - [2024-07-19T06:38:30.683+0000] {dag.py:3089} INFO - Sync 1 DAGs
[2024-07-19T06:38:30.704+0000] {logging_mixin.py:188} INFO - [2024-07-19T06:38:30.704+0000] {dag.py:3947} INFO - Setting next_dagrun for example_sensors to None, run_after=None
[2024-07-19T06:38:30.732+0000] {processor.py:183} INFO - Processing /home/airflow/.local/lib/python3.12/site-packages/airflow/example_dags/example_sensors.py took 0.114 seconds
[2024-07-19T06:39:01.241+0000] {processor.py:161} INFO - Started process (PID=9421) to work on /home/airflow/.local/lib/python3.12/site-packages/airflow/example_dags/example_sensors.py
[2024-07-19T06:39:01.242+0000] {processor.py:830} INFO - Processing file /home/airflow/.local/lib/python3.12/site-packages/airflow/example_dags/example_sensors.py for tasks to queue
[2024-07-19T06:39:01.243+0000] {logging_mixin.py:188} INFO - [2024-07-19T06:39:01.243+0000] {dagbag.py:545} INFO - Filling up the DagBag from /home/airflow/.local/lib/python3.12/site-packages/airflow/example_dags/example_sensors.py
[2024-07-19T06:39:01.257+0000] {processor.py:840} INFO - DAG(s) 'example_sensors' retrieved from /home/airflow/.local/lib/python3.12/site-packages/airflow/example_dags/example_sensors.py
[2024-07-19T06:39:01.295+0000] {logging_mixin.py:188} INFO - [2024-07-19T06:39:01.295+0000] {dag.py:3089} INFO - Sync 1 DAGs
[2024-07-19T06:39:01.315+0000] {logging_mixin.py:188} INFO - [2024-07-19T06:39:01.315+0000] {dag.py:3947} INFO - Setting next_dagrun for example_sensors to None, run_after=None
[2024-07-19T06:39:01.345+0000] {processor.py:183} INFO - Processing /home/airflow/.local/lib/python3.12/site-packages/airflow/example_dags/example_sensors.py took 0.111 seconds
