[2024-07-19T00:38:10.471+0000] {processor.py:161} INFO - Started process (PID=6052) to work on /home/airflow/.local/lib/python3.12/site-packages/airflow/example_dags/example_nested_branch_dag.py
[2024-07-19T00:38:10.473+0000] {processor.py:830} INFO - Processing file /home/airflow/.local/lib/python3.12/site-packages/airflow/example_dags/example_nested_branch_dag.py for tasks to queue
[2024-07-19T00:38:10.475+0000] {logging_mixin.py:188} INFO - [2024-07-19T00:38:10.474+0000] {dagbag.py:545} INFO - Filling up the DagBag from /home/airflow/.local/lib/python3.12/site-packages/airflow/example_dags/example_nested_branch_dag.py
[2024-07-19T00:38:10.498+0000] {processor.py:840} INFO - DAG(s) 'example_nested_branch_dag' retrieved from /home/airflow/.local/lib/python3.12/site-packages/airflow/example_dags/example_nested_branch_dag.py
[2024-07-19T00:38:10.537+0000] {logging_mixin.py:188} INFO - [2024-07-19T00:38:10.537+0000] {dag.py:3089} INFO - Sync 1 DAGs
[2024-07-19T00:38:10.693+0000] {logging_mixin.py:188} INFO - [2024-07-19T00:38:10.692+0000] {dag.py:3947} INFO - Setting next_dagrun for example_nested_branch_dag to 2024-07-18 00:00:00+00:00, run_after=2024-07-19 00:00:00+00:00
[2024-07-19T00:38:10.779+0000] {processor.py:183} INFO - Processing /home/airflow/.local/lib/python3.12/site-packages/airflow/example_dags/example_nested_branch_dag.py took 0.318 seconds
[2024-07-19T02:38:37.852+0000] {processor.py:161} INFO - Started process (PID=6121) to work on /home/airflow/.local/lib/python3.12/site-packages/airflow/example_dags/example_nested_branch_dag.py
[2024-07-19T02:38:37.854+0000] {processor.py:830} INFO - Processing file /home/airflow/.local/lib/python3.12/site-packages/airflow/example_dags/example_nested_branch_dag.py for tasks to queue
[2024-07-19T02:38:37.856+0000] {logging_mixin.py:188} INFO - [2024-07-19T02:38:37.855+0000] {dagbag.py:545} INFO - Filling up the DagBag from /home/airflow/.local/lib/python3.12/site-packages/airflow/example_dags/example_nested_branch_dag.py
[2024-07-19T02:38:37.869+0000] {processor.py:840} INFO - DAG(s) 'example_nested_branch_dag' retrieved from /home/airflow/.local/lib/python3.12/site-packages/airflow/example_dags/example_nested_branch_dag.py
[2024-07-19T02:38:37.914+0000] {logging_mixin.py:188} INFO - [2024-07-19T02:38:37.913+0000] {dag.py:3089} INFO - Sync 1 DAGs
[2024-07-19T02:38:37.948+0000] {logging_mixin.py:188} INFO - [2024-07-19T02:38:37.947+0000] {dag.py:3947} INFO - Setting next_dagrun for example_nested_branch_dag to 2024-07-18 00:00:00+00:00, run_after=2024-07-19 00:00:00+00:00
[2024-07-19T02:38:37.973+0000] {processor.py:183} INFO - Processing /home/airflow/.local/lib/python3.12/site-packages/airflow/example_dags/example_nested_branch_dag.py took 0.129 seconds
[2024-07-19T05:26:55.108+0000] {processor.py:161} INFO - Started process (PID=6181) to work on /home/airflow/.local/lib/python3.12/site-packages/airflow/example_dags/example_nested_branch_dag.py
[2024-07-19T05:26:55.110+0000] {processor.py:830} INFO - Processing file /home/airflow/.local/lib/python3.12/site-packages/airflow/example_dags/example_nested_branch_dag.py for tasks to queue
[2024-07-19T05:26:55.111+0000] {logging_mixin.py:188} INFO - [2024-07-19T05:26:55.111+0000] {dagbag.py:545} INFO - Filling up the DagBag from /home/airflow/.local/lib/python3.12/site-packages/airflow/example_dags/example_nested_branch_dag.py
[2024-07-19T05:26:55.124+0000] {processor.py:840} INFO - DAG(s) 'example_nested_branch_dag' retrieved from /home/airflow/.local/lib/python3.12/site-packages/airflow/example_dags/example_nested_branch_dag.py
[2024-07-19T05:26:55.149+0000] {logging_mixin.py:188} INFO - [2024-07-19T05:26:55.149+0000] {dag.py:3089} INFO - Sync 1 DAGs
[2024-07-19T05:26:55.218+0000] {logging_mixin.py:188} INFO - [2024-07-19T05:26:55.217+0000] {dag.py:3947} INFO - Setting next_dagrun for example_nested_branch_dag to 2024-07-18 00:00:00+00:00, run_after=2024-07-19 00:00:00+00:00
[2024-07-19T05:26:55.242+0000] {processor.py:183} INFO - Processing /home/airflow/.local/lib/python3.12/site-packages/airflow/example_dags/example_nested_branch_dag.py took 0.141 seconds
[2024-07-19T06:11:59.536+0000] {processor.py:161} INFO - Started process (PID=6235) to work on /home/airflow/.local/lib/python3.12/site-packages/airflow/example_dags/example_nested_branch_dag.py
[2024-07-19T06:11:59.538+0000] {processor.py:830} INFO - Processing file /home/airflow/.local/lib/python3.12/site-packages/airflow/example_dags/example_nested_branch_dag.py for tasks to queue
[2024-07-19T06:11:59.539+0000] {logging_mixin.py:188} INFO - [2024-07-19T06:11:59.538+0000] {dagbag.py:545} INFO - Filling up the DagBag from /home/airflow/.local/lib/python3.12/site-packages/airflow/example_dags/example_nested_branch_dag.py
[2024-07-19T06:11:59.549+0000] {processor.py:840} INFO - DAG(s) 'example_nested_branch_dag' retrieved from /home/airflow/.local/lib/python3.12/site-packages/airflow/example_dags/example_nested_branch_dag.py
[2024-07-19T06:11:59.575+0000] {logging_mixin.py:188} INFO - [2024-07-19T06:11:59.574+0000] {dag.py:3089} INFO - Sync 1 DAGs
[2024-07-19T06:11:59.637+0000] {logging_mixin.py:188} INFO - [2024-07-19T06:11:59.637+0000] {dag.py:3947} INFO - Setting next_dagrun for example_nested_branch_dag to 2024-07-18 00:00:00+00:00, run_after=2024-07-19 00:00:00+00:00
[2024-07-19T06:11:59.656+0000] {processor.py:183} INFO - Processing /home/airflow/.local/lib/python3.12/site-packages/airflow/example_dags/example_nested_branch_dag.py took 0.126 seconds
[2024-07-19T06:12:30.624+0000] {processor.py:161} INFO - Started process (PID=6295) to work on /home/airflow/.local/lib/python3.12/site-packages/airflow/example_dags/example_nested_branch_dag.py
[2024-07-19T06:12:30.625+0000] {processor.py:830} INFO - Processing file /home/airflow/.local/lib/python3.12/site-packages/airflow/example_dags/example_nested_branch_dag.py for tasks to queue
[2024-07-19T06:12:30.627+0000] {logging_mixin.py:188} INFO - [2024-07-19T06:12:30.626+0000] {dagbag.py:545} INFO - Filling up the DagBag from /home/airflow/.local/lib/python3.12/site-packages/airflow/example_dags/example_nested_branch_dag.py
[2024-07-19T06:12:30.642+0000] {processor.py:840} INFO - DAG(s) 'example_nested_branch_dag' retrieved from /home/airflow/.local/lib/python3.12/site-packages/airflow/example_dags/example_nested_branch_dag.py
[2024-07-19T06:12:30.675+0000] {logging_mixin.py:188} INFO - [2024-07-19T06:12:30.674+0000] {dag.py:3089} INFO - Sync 1 DAGs
[2024-07-19T06:12:30.711+0000] {logging_mixin.py:188} INFO - [2024-07-19T06:12:30.711+0000] {dag.py:3947} INFO - Setting next_dagrun for example_nested_branch_dag to 2024-07-18 00:00:00+00:00, run_after=2024-07-19 00:00:00+00:00
[2024-07-19T06:12:30.740+0000] {processor.py:183} INFO - Processing /home/airflow/.local/lib/python3.12/site-packages/airflow/example_dags/example_nested_branch_dag.py took 0.126 seconds
[2024-07-19T06:13:01.506+0000] {processor.py:161} INFO - Started process (PID=6355) to work on /home/airflow/.local/lib/python3.12/site-packages/airflow/example_dags/example_nested_branch_dag.py
[2024-07-19T06:13:01.508+0000] {processor.py:830} INFO - Processing file /home/airflow/.local/lib/python3.12/site-packages/airflow/example_dags/example_nested_branch_dag.py for tasks to queue
[2024-07-19T06:13:01.510+0000] {logging_mixin.py:188} INFO - [2024-07-19T06:13:01.510+0000] {dagbag.py:545} INFO - Filling up the DagBag from /home/airflow/.local/lib/python3.12/site-packages/airflow/example_dags/example_nested_branch_dag.py
[2024-07-19T06:13:01.524+0000] {processor.py:840} INFO - DAG(s) 'example_nested_branch_dag' retrieved from /home/airflow/.local/lib/python3.12/site-packages/airflow/example_dags/example_nested_branch_dag.py
[2024-07-19T06:13:01.555+0000] {logging_mixin.py:188} INFO - [2024-07-19T06:13:01.554+0000] {dag.py:3089} INFO - Sync 1 DAGs
[2024-07-19T06:13:01.584+0000] {logging_mixin.py:188} INFO - [2024-07-19T06:13:01.583+0000] {dag.py:3947} INFO - Setting next_dagrun for example_nested_branch_dag to 2024-07-18 00:00:00+00:00, run_after=2024-07-19 00:00:00+00:00
[2024-07-19T06:13:01.606+0000] {processor.py:183} INFO - Processing /home/airflow/.local/lib/python3.12/site-packages/airflow/example_dags/example_nested_branch_dag.py took 0.109 seconds
[2024-07-19T06:13:31.951+0000] {processor.py:161} INFO - Started process (PID=6415) to work on /home/airflow/.local/lib/python3.12/site-packages/airflow/example_dags/example_nested_branch_dag.py
[2024-07-19T06:13:32.004+0000] {processor.py:830} INFO - Processing file /home/airflow/.local/lib/python3.12/site-packages/airflow/example_dags/example_nested_branch_dag.py for tasks to queue
[2024-07-19T06:13:32.006+0000] {logging_mixin.py:188} INFO - [2024-07-19T06:13:32.005+0000] {dagbag.py:545} INFO - Filling up the DagBag from /home/airflow/.local/lib/python3.12/site-packages/airflow/example_dags/example_nested_branch_dag.py
[2024-07-19T06:13:32.033+0000] {processor.py:840} INFO - DAG(s) 'example_nested_branch_dag' retrieved from /home/airflow/.local/lib/python3.12/site-packages/airflow/example_dags/example_nested_branch_dag.py
[2024-07-19T06:13:32.073+0000] {logging_mixin.py:188} INFO - [2024-07-19T06:13:32.073+0000] {dag.py:3089} INFO - Sync 1 DAGs
[2024-07-19T06:13:32.106+0000] {logging_mixin.py:188} INFO - [2024-07-19T06:13:32.105+0000] {dag.py:3947} INFO - Setting next_dagrun for example_nested_branch_dag to 2024-07-18 00:00:00+00:00, run_after=2024-07-19 00:00:00+00:00
[2024-07-19T06:13:32.128+0000] {processor.py:183} INFO - Processing /home/airflow/.local/lib/python3.12/site-packages/airflow/example_dags/example_nested_branch_dag.py took 0.187 seconds
[2024-07-19T06:14:02.593+0000] {processor.py:161} INFO - Started process (PID=6475) to work on /home/airflow/.local/lib/python3.12/site-packages/airflow/example_dags/example_nested_branch_dag.py
[2024-07-19T06:14:02.595+0000] {processor.py:830} INFO - Processing file /home/airflow/.local/lib/python3.12/site-packages/airflow/example_dags/example_nested_branch_dag.py for tasks to queue
[2024-07-19T06:14:02.597+0000] {logging_mixin.py:188} INFO - [2024-07-19T06:14:02.596+0000] {dagbag.py:545} INFO - Filling up the DagBag from /home/airflow/.local/lib/python3.12/site-packages/airflow/example_dags/example_nested_branch_dag.py
[2024-07-19T06:14:02.616+0000] {processor.py:840} INFO - DAG(s) 'example_nested_branch_dag' retrieved from /home/airflow/.local/lib/python3.12/site-packages/airflow/example_dags/example_nested_branch_dag.py
[2024-07-19T06:14:02.723+0000] {logging_mixin.py:188} INFO - [2024-07-19T06:14:02.722+0000] {dag.py:3089} INFO - Sync 1 DAGs
[2024-07-19T06:14:02.754+0000] {logging_mixin.py:188} INFO - [2024-07-19T06:14:02.754+0000] {dag.py:3947} INFO - Setting next_dagrun for example_nested_branch_dag to 2024-07-18 00:00:00+00:00, run_after=2024-07-19 00:00:00+00:00
[2024-07-19T06:14:02.782+0000] {processor.py:183} INFO - Processing /home/airflow/.local/lib/python3.12/site-packages/airflow/example_dags/example_nested_branch_dag.py took 0.198 seconds
[2024-07-19T06:14:33.640+0000] {processor.py:161} INFO - Started process (PID=6535) to work on /home/airflow/.local/lib/python3.12/site-packages/airflow/example_dags/example_nested_branch_dag.py
[2024-07-19T06:14:33.642+0000] {processor.py:830} INFO - Processing file /home/airflow/.local/lib/python3.12/site-packages/airflow/example_dags/example_nested_branch_dag.py for tasks to queue
[2024-07-19T06:14:33.644+0000] {logging_mixin.py:188} INFO - [2024-07-19T06:14:33.643+0000] {dagbag.py:545} INFO - Filling up the DagBag from /home/airflow/.local/lib/python3.12/site-packages/airflow/example_dags/example_nested_branch_dag.py
[2024-07-19T06:14:33.658+0000] {processor.py:840} INFO - DAG(s) 'example_nested_branch_dag' retrieved from /home/airflow/.local/lib/python3.12/site-packages/airflow/example_dags/example_nested_branch_dag.py
[2024-07-19T06:14:33.685+0000] {logging_mixin.py:188} INFO - [2024-07-19T06:14:33.685+0000] {dag.py:3089} INFO - Sync 1 DAGs
[2024-07-19T06:14:33.720+0000] {logging_mixin.py:188} INFO - [2024-07-19T06:14:33.720+0000] {dag.py:3947} INFO - Setting next_dagrun for example_nested_branch_dag to 2024-07-18 00:00:00+00:00, run_after=2024-07-19 00:00:00+00:00
[2024-07-19T06:14:33.745+0000] {processor.py:183} INFO - Processing /home/airflow/.local/lib/python3.12/site-packages/airflow/example_dags/example_nested_branch_dag.py took 0.113 seconds
[2024-07-19T06:15:04.284+0000] {processor.py:161} INFO - Started process (PID=6601) to work on /home/airflow/.local/lib/python3.12/site-packages/airflow/example_dags/example_nested_branch_dag.py
[2024-07-19T06:15:04.287+0000] {processor.py:830} INFO - Processing file /home/airflow/.local/lib/python3.12/site-packages/airflow/example_dags/example_nested_branch_dag.py for tasks to queue
[2024-07-19T06:15:04.290+0000] {logging_mixin.py:188} INFO - [2024-07-19T06:15:04.289+0000] {dagbag.py:545} INFO - Filling up the DagBag from /home/airflow/.local/lib/python3.12/site-packages/airflow/example_dags/example_nested_branch_dag.py
[2024-07-19T06:15:04.315+0000] {processor.py:840} INFO - DAG(s) 'example_nested_branch_dag' retrieved from /home/airflow/.local/lib/python3.12/site-packages/airflow/example_dags/example_nested_branch_dag.py
[2024-07-19T06:15:04.357+0000] {logging_mixin.py:188} INFO - [2024-07-19T06:15:04.356+0000] {dag.py:3089} INFO - Sync 1 DAGs
[2024-07-19T06:15:04.408+0000] {logging_mixin.py:188} INFO - [2024-07-19T06:15:04.407+0000] {dag.py:3947} INFO - Setting next_dagrun for example_nested_branch_dag to 2024-07-18 00:00:00+00:00, run_after=2024-07-19 00:00:00+00:00
[2024-07-19T06:15:04.444+0000] {processor.py:183} INFO - Processing /home/airflow/.local/lib/python3.12/site-packages/airflow/example_dags/example_nested_branch_dag.py took 0.170 seconds
[2024-07-19T06:15:34.745+0000] {processor.py:161} INFO - Started process (PID=6661) to work on /home/airflow/.local/lib/python3.12/site-packages/airflow/example_dags/example_nested_branch_dag.py
[2024-07-19T06:15:34.746+0000] {processor.py:830} INFO - Processing file /home/airflow/.local/lib/python3.12/site-packages/airflow/example_dags/example_nested_branch_dag.py for tasks to queue
[2024-07-19T06:15:34.748+0000] {logging_mixin.py:188} INFO - [2024-07-19T06:15:34.748+0000] {dagbag.py:545} INFO - Filling up the DagBag from /home/airflow/.local/lib/python3.12/site-packages/airflow/example_dags/example_nested_branch_dag.py
[2024-07-19T06:15:34.764+0000] {processor.py:840} INFO - DAG(s) 'example_nested_branch_dag' retrieved from /home/airflow/.local/lib/python3.12/site-packages/airflow/example_dags/example_nested_branch_dag.py
[2024-07-19T06:15:34.795+0000] {logging_mixin.py:188} INFO - [2024-07-19T06:15:34.795+0000] {dag.py:3089} INFO - Sync 1 DAGs
[2024-07-19T06:15:34.822+0000] {logging_mixin.py:188} INFO - [2024-07-19T06:15:34.822+0000] {dag.py:3947} INFO - Setting next_dagrun for example_nested_branch_dag to 2024-07-18 00:00:00+00:00, run_after=2024-07-19 00:00:00+00:00
[2024-07-19T06:15:34.845+0000] {processor.py:183} INFO - Processing /home/airflow/.local/lib/python3.12/site-packages/airflow/example_dags/example_nested_branch_dag.py took 0.109 seconds
[2024-07-19T06:16:05.654+0000] {processor.py:161} INFO - Started process (PID=6721) to work on /home/airflow/.local/lib/python3.12/site-packages/airflow/example_dags/example_nested_branch_dag.py
[2024-07-19T06:16:05.655+0000] {processor.py:830} INFO - Processing file /home/airflow/.local/lib/python3.12/site-packages/airflow/example_dags/example_nested_branch_dag.py for tasks to queue
[2024-07-19T06:16:05.657+0000] {logging_mixin.py:188} INFO - [2024-07-19T06:16:05.656+0000] {dagbag.py:545} INFO - Filling up the DagBag from /home/airflow/.local/lib/python3.12/site-packages/airflow/example_dags/example_nested_branch_dag.py
[2024-07-19T06:16:05.671+0000] {processor.py:840} INFO - DAG(s) 'example_nested_branch_dag' retrieved from /home/airflow/.local/lib/python3.12/site-packages/airflow/example_dags/example_nested_branch_dag.py
[2024-07-19T06:16:05.702+0000] {logging_mixin.py:188} INFO - [2024-07-19T06:16:05.702+0000] {dag.py:3089} INFO - Sync 1 DAGs
[2024-07-19T06:16:05.731+0000] {logging_mixin.py:188} INFO - [2024-07-19T06:16:05.730+0000] {dag.py:3947} INFO - Setting next_dagrun for example_nested_branch_dag to 2024-07-18 00:00:00+00:00, run_after=2024-07-19 00:00:00+00:00
[2024-07-19T06:16:05.757+0000] {processor.py:183} INFO - Processing /home/airflow/.local/lib/python3.12/site-packages/airflow/example_dags/example_nested_branch_dag.py took 0.111 seconds
[2024-07-19T06:16:35.917+0000] {processor.py:161} INFO - Started process (PID=6782) to work on /home/airflow/.local/lib/python3.12/site-packages/airflow/example_dags/example_nested_branch_dag.py
[2024-07-19T06:16:35.919+0000] {processor.py:830} INFO - Processing file /home/airflow/.local/lib/python3.12/site-packages/airflow/example_dags/example_nested_branch_dag.py for tasks to queue
[2024-07-19T06:16:35.921+0000] {logging_mixin.py:188} INFO - [2024-07-19T06:16:35.921+0000] {dagbag.py:545} INFO - Filling up the DagBag from /home/airflow/.local/lib/python3.12/site-packages/airflow/example_dags/example_nested_branch_dag.py
[2024-07-19T06:16:35.937+0000] {processor.py:840} INFO - DAG(s) 'example_nested_branch_dag' retrieved from /home/airflow/.local/lib/python3.12/site-packages/airflow/example_dags/example_nested_branch_dag.py
[2024-07-19T06:16:35.972+0000] {logging_mixin.py:188} INFO - [2024-07-19T06:16:35.971+0000] {dag.py:3089} INFO - Sync 1 DAGs
[2024-07-19T06:16:36.089+0000] {logging_mixin.py:188} INFO - [2024-07-19T06:16:36.088+0000] {dag.py:3947} INFO - Setting next_dagrun for example_nested_branch_dag to 2024-07-18 00:00:00+00:00, run_after=2024-07-19 00:00:00+00:00
[2024-07-19T06:16:36.110+0000] {processor.py:183} INFO - Processing /home/airflow/.local/lib/python3.12/site-packages/airflow/example_dags/example_nested_branch_dag.py took 0.201 seconds
[2024-07-19T06:17:06.340+0000] {processor.py:161} INFO - Started process (PID=6842) to work on /home/airflow/.local/lib/python3.12/site-packages/airflow/example_dags/example_nested_branch_dag.py
[2024-07-19T06:17:06.342+0000] {processor.py:830} INFO - Processing file /home/airflow/.local/lib/python3.12/site-packages/airflow/example_dags/example_nested_branch_dag.py for tasks to queue
[2024-07-19T06:17:06.343+0000] {logging_mixin.py:188} INFO - [2024-07-19T06:17:06.343+0000] {dagbag.py:545} INFO - Filling up the DagBag from /home/airflow/.local/lib/python3.12/site-packages/airflow/example_dags/example_nested_branch_dag.py
[2024-07-19T06:17:06.359+0000] {processor.py:840} INFO - DAG(s) 'example_nested_branch_dag' retrieved from /home/airflow/.local/lib/python3.12/site-packages/airflow/example_dags/example_nested_branch_dag.py
[2024-07-19T06:17:06.391+0000] {logging_mixin.py:188} INFO - [2024-07-19T06:17:06.391+0000] {dag.py:3089} INFO - Sync 1 DAGs
[2024-07-19T06:17:06.419+0000] {logging_mixin.py:188} INFO - [2024-07-19T06:17:06.419+0000] {dag.py:3947} INFO - Setting next_dagrun for example_nested_branch_dag to 2024-07-18 00:00:00+00:00, run_after=2024-07-19 00:00:00+00:00
[2024-07-19T06:17:06.441+0000] {processor.py:183} INFO - Processing /home/airflow/.local/lib/python3.12/site-packages/airflow/example_dags/example_nested_branch_dag.py took 0.109 seconds
[2024-07-19T06:17:37.418+0000] {processor.py:161} INFO - Started process (PID=6901) to work on /home/airflow/.local/lib/python3.12/site-packages/airflow/example_dags/example_nested_branch_dag.py
[2024-07-19T06:17:37.420+0000] {processor.py:830} INFO - Processing file /home/airflow/.local/lib/python3.12/site-packages/airflow/example_dags/example_nested_branch_dag.py for tasks to queue
[2024-07-19T06:17:37.421+0000] {logging_mixin.py:188} INFO - [2024-07-19T06:17:37.421+0000] {dagbag.py:545} INFO - Filling up the DagBag from /home/airflow/.local/lib/python3.12/site-packages/airflow/example_dags/example_nested_branch_dag.py
[2024-07-19T06:17:37.437+0000] {processor.py:840} INFO - DAG(s) 'example_nested_branch_dag' retrieved from /home/airflow/.local/lib/python3.12/site-packages/airflow/example_dags/example_nested_branch_dag.py
[2024-07-19T06:17:37.464+0000] {logging_mixin.py:188} INFO - [2024-07-19T06:17:37.464+0000] {dag.py:3089} INFO - Sync 1 DAGs
[2024-07-19T06:17:37.495+0000] {logging_mixin.py:188} INFO - [2024-07-19T06:17:37.495+0000] {dag.py:3947} INFO - Setting next_dagrun for example_nested_branch_dag to 2024-07-18 00:00:00+00:00, run_after=2024-07-19 00:00:00+00:00
[2024-07-19T06:17:37.518+0000] {processor.py:183} INFO - Processing /home/airflow/.local/lib/python3.12/site-packages/airflow/example_dags/example_nested_branch_dag.py took 0.108 seconds
[2024-07-19T06:18:07.553+0000] {processor.py:161} INFO - Started process (PID=6959) to work on /home/airflow/.local/lib/python3.12/site-packages/airflow/example_dags/example_nested_branch_dag.py
[2024-07-19T06:18:07.555+0000] {processor.py:830} INFO - Processing file /home/airflow/.local/lib/python3.12/site-packages/airflow/example_dags/example_nested_branch_dag.py for tasks to queue
[2024-07-19T06:18:07.556+0000] {logging_mixin.py:188} INFO - [2024-07-19T06:18:07.556+0000] {dagbag.py:545} INFO - Filling up the DagBag from /home/airflow/.local/lib/python3.12/site-packages/airflow/example_dags/example_nested_branch_dag.py
[2024-07-19T06:18:07.569+0000] {processor.py:840} INFO - DAG(s) 'example_nested_branch_dag' retrieved from /home/airflow/.local/lib/python3.12/site-packages/airflow/example_dags/example_nested_branch_dag.py
[2024-07-19T06:18:07.595+0000] {logging_mixin.py:188} INFO - [2024-07-19T06:18:07.595+0000] {dag.py:3089} INFO - Sync 1 DAGs
[2024-07-19T06:18:07.619+0000] {logging_mixin.py:188} INFO - [2024-07-19T06:18:07.619+0000] {dag.py:3947} INFO - Setting next_dagrun for example_nested_branch_dag to 2024-07-18 00:00:00+00:00, run_after=2024-07-19 00:00:00+00:00
[2024-07-19T06:18:07.640+0000] {processor.py:183} INFO - Processing /home/airflow/.local/lib/python3.12/site-packages/airflow/example_dags/example_nested_branch_dag.py took 0.094 seconds
[2024-07-19T06:18:37.950+0000] {processor.py:161} INFO - Started process (PID=7019) to work on /home/airflow/.local/lib/python3.12/site-packages/airflow/example_dags/example_nested_branch_dag.py
[2024-07-19T06:18:37.952+0000] {processor.py:830} INFO - Processing file /home/airflow/.local/lib/python3.12/site-packages/airflow/example_dags/example_nested_branch_dag.py for tasks to queue
[2024-07-19T06:18:37.953+0000] {logging_mixin.py:188} INFO - [2024-07-19T06:18:37.953+0000] {dagbag.py:545} INFO - Filling up the DagBag from /home/airflow/.local/lib/python3.12/site-packages/airflow/example_dags/example_nested_branch_dag.py
[2024-07-19T06:18:37.965+0000] {processor.py:840} INFO - DAG(s) 'example_nested_branch_dag' retrieved from /home/airflow/.local/lib/python3.12/site-packages/airflow/example_dags/example_nested_branch_dag.py
[2024-07-19T06:18:37.993+0000] {logging_mixin.py:188} INFO - [2024-07-19T06:18:37.992+0000] {dag.py:3089} INFO - Sync 1 DAGs
[2024-07-19T06:18:38.017+0000] {logging_mixin.py:188} INFO - [2024-07-19T06:18:38.016+0000] {dag.py:3947} INFO - Setting next_dagrun for example_nested_branch_dag to 2024-07-18 00:00:00+00:00, run_after=2024-07-19 00:00:00+00:00
[2024-07-19T06:18:38.037+0000] {processor.py:183} INFO - Processing /home/airflow/.local/lib/python3.12/site-packages/airflow/example_dags/example_nested_branch_dag.py took 0.094 seconds
[2024-07-19T06:19:08.322+0000] {processor.py:161} INFO - Started process (PID=7079) to work on /home/airflow/.local/lib/python3.12/site-packages/airflow/example_dags/example_nested_branch_dag.py
[2024-07-19T06:19:08.324+0000] {processor.py:830} INFO - Processing file /home/airflow/.local/lib/python3.12/site-packages/airflow/example_dags/example_nested_branch_dag.py for tasks to queue
[2024-07-19T06:19:08.326+0000] {logging_mixin.py:188} INFO - [2024-07-19T06:19:08.325+0000] {dagbag.py:545} INFO - Filling up the DagBag from /home/airflow/.local/lib/python3.12/site-packages/airflow/example_dags/example_nested_branch_dag.py
[2024-07-19T06:19:08.339+0000] {processor.py:840} INFO - DAG(s) 'example_nested_branch_dag' retrieved from /home/airflow/.local/lib/python3.12/site-packages/airflow/example_dags/example_nested_branch_dag.py
[2024-07-19T06:19:08.368+0000] {logging_mixin.py:188} INFO - [2024-07-19T06:19:08.367+0000] {dag.py:3089} INFO - Sync 1 DAGs
[2024-07-19T06:19:08.393+0000] {logging_mixin.py:188} INFO - [2024-07-19T06:19:08.393+0000] {dag.py:3947} INFO - Setting next_dagrun for example_nested_branch_dag to 2024-07-18 00:00:00+00:00, run_after=2024-07-19 00:00:00+00:00
[2024-07-19T06:19:08.416+0000] {processor.py:183} INFO - Processing /home/airflow/.local/lib/python3.12/site-packages/airflow/example_dags/example_nested_branch_dag.py took 0.102 seconds
[2024-07-19T06:19:38.736+0000] {processor.py:161} INFO - Started process (PID=7139) to work on /home/airflow/.local/lib/python3.12/site-packages/airflow/example_dags/example_nested_branch_dag.py
[2024-07-19T06:19:38.738+0000] {processor.py:830} INFO - Processing file /home/airflow/.local/lib/python3.12/site-packages/airflow/example_dags/example_nested_branch_dag.py for tasks to queue
[2024-07-19T06:19:38.739+0000] {logging_mixin.py:188} INFO - [2024-07-19T06:19:38.739+0000] {dagbag.py:545} INFO - Filling up the DagBag from /home/airflow/.local/lib/python3.12/site-packages/airflow/example_dags/example_nested_branch_dag.py
[2024-07-19T06:19:38.753+0000] {processor.py:840} INFO - DAG(s) 'example_nested_branch_dag' retrieved from /home/airflow/.local/lib/python3.12/site-packages/airflow/example_dags/example_nested_branch_dag.py
[2024-07-19T06:19:38.779+0000] {logging_mixin.py:188} INFO - [2024-07-19T06:19:38.779+0000] {dag.py:3089} INFO - Sync 1 DAGs
[2024-07-19T06:19:38.807+0000] {logging_mixin.py:188} INFO - [2024-07-19T06:19:38.807+0000] {dag.py:3947} INFO - Setting next_dagrun for example_nested_branch_dag to 2024-07-18 00:00:00+00:00, run_after=2024-07-19 00:00:00+00:00
[2024-07-19T06:19:38.832+0000] {processor.py:183} INFO - Processing /home/airflow/.local/lib/python3.12/site-packages/airflow/example_dags/example_nested_branch_dag.py took 0.103 seconds
[2024-07-19T06:20:09.219+0000] {processor.py:161} INFO - Started process (PID=7199) to work on /home/airflow/.local/lib/python3.12/site-packages/airflow/example_dags/example_nested_branch_dag.py
[2024-07-19T06:20:09.221+0000] {processor.py:830} INFO - Processing file /home/airflow/.local/lib/python3.12/site-packages/airflow/example_dags/example_nested_branch_dag.py for tasks to queue
[2024-07-19T06:20:09.224+0000] {logging_mixin.py:188} INFO - [2024-07-19T06:20:09.223+0000] {dagbag.py:545} INFO - Filling up the DagBag from /home/airflow/.local/lib/python3.12/site-packages/airflow/example_dags/example_nested_branch_dag.py
[2024-07-19T06:20:09.252+0000] {processor.py:840} INFO - DAG(s) 'example_nested_branch_dag' retrieved from /home/airflow/.local/lib/python3.12/site-packages/airflow/example_dags/example_nested_branch_dag.py
[2024-07-19T06:20:09.294+0000] {logging_mixin.py:188} INFO - [2024-07-19T06:20:09.293+0000] {dag.py:3089} INFO - Sync 1 DAGs
[2024-07-19T06:20:09.333+0000] {logging_mixin.py:188} INFO - [2024-07-19T06:20:09.333+0000] {dag.py:3947} INFO - Setting next_dagrun for example_nested_branch_dag to 2024-07-18 00:00:00+00:00, run_after=2024-07-19 00:00:00+00:00
[2024-07-19T06:20:09.361+0000] {processor.py:183} INFO - Processing /home/airflow/.local/lib/python3.12/site-packages/airflow/example_dags/example_nested_branch_dag.py took 0.154 seconds
[2024-07-19T06:20:39.789+0000] {processor.py:161} INFO - Started process (PID=7259) to work on /home/airflow/.local/lib/python3.12/site-packages/airflow/example_dags/example_nested_branch_dag.py
[2024-07-19T06:20:39.791+0000] {processor.py:830} INFO - Processing file /home/airflow/.local/lib/python3.12/site-packages/airflow/example_dags/example_nested_branch_dag.py for tasks to queue
[2024-07-19T06:20:39.792+0000] {logging_mixin.py:188} INFO - [2024-07-19T06:20:39.792+0000] {dagbag.py:545} INFO - Filling up the DagBag from /home/airflow/.local/lib/python3.12/site-packages/airflow/example_dags/example_nested_branch_dag.py
[2024-07-19T06:20:39.804+0000] {processor.py:840} INFO - DAG(s) 'example_nested_branch_dag' retrieved from /home/airflow/.local/lib/python3.12/site-packages/airflow/example_dags/example_nested_branch_dag.py
[2024-07-19T06:20:39.831+0000] {logging_mixin.py:188} INFO - [2024-07-19T06:20:39.831+0000] {dag.py:3089} INFO - Sync 1 DAGs
[2024-07-19T06:20:39.856+0000] {logging_mixin.py:188} INFO - [2024-07-19T06:20:39.856+0000] {dag.py:3947} INFO - Setting next_dagrun for example_nested_branch_dag to 2024-07-18 00:00:00+00:00, run_after=2024-07-19 00:00:00+00:00
[2024-07-19T06:20:39.886+0000] {processor.py:183} INFO - Processing /home/airflow/.local/lib/python3.12/site-packages/airflow/example_dags/example_nested_branch_dag.py took 0.103 seconds
[2024-07-19T06:21:10.028+0000] {processor.py:161} INFO - Started process (PID=7319) to work on /home/airflow/.local/lib/python3.12/site-packages/airflow/example_dags/example_nested_branch_dag.py
[2024-07-19T06:21:10.029+0000] {processor.py:830} INFO - Processing file /home/airflow/.local/lib/python3.12/site-packages/airflow/example_dags/example_nested_branch_dag.py for tasks to queue
[2024-07-19T06:21:10.030+0000] {logging_mixin.py:188} INFO - [2024-07-19T06:21:10.030+0000] {dagbag.py:545} INFO - Filling up the DagBag from /home/airflow/.local/lib/python3.12/site-packages/airflow/example_dags/example_nested_branch_dag.py
[2024-07-19T06:21:10.043+0000] {processor.py:840} INFO - DAG(s) 'example_nested_branch_dag' retrieved from /home/airflow/.local/lib/python3.12/site-packages/airflow/example_dags/example_nested_branch_dag.py
[2024-07-19T06:21:10.071+0000] {logging_mixin.py:188} INFO - [2024-07-19T06:21:10.071+0000] {dag.py:3089} INFO - Sync 1 DAGs
[2024-07-19T06:21:10.097+0000] {logging_mixin.py:188} INFO - [2024-07-19T06:21:10.096+0000] {dag.py:3947} INFO - Setting next_dagrun for example_nested_branch_dag to 2024-07-18 00:00:00+00:00, run_after=2024-07-19 00:00:00+00:00
[2024-07-19T06:21:10.118+0000] {processor.py:183} INFO - Processing /home/airflow/.local/lib/python3.12/site-packages/airflow/example_dags/example_nested_branch_dag.py took 0.098 seconds
[2024-07-19T06:21:40.201+0000] {processor.py:161} INFO - Started process (PID=7378) to work on /home/airflow/.local/lib/python3.12/site-packages/airflow/example_dags/example_nested_branch_dag.py
[2024-07-19T06:21:40.203+0000] {processor.py:830} INFO - Processing file /home/airflow/.local/lib/python3.12/site-packages/airflow/example_dags/example_nested_branch_dag.py for tasks to queue
[2024-07-19T06:21:40.204+0000] {logging_mixin.py:188} INFO - [2024-07-19T06:21:40.204+0000] {dagbag.py:545} INFO - Filling up the DagBag from /home/airflow/.local/lib/python3.12/site-packages/airflow/example_dags/example_nested_branch_dag.py
[2024-07-19T06:21:40.217+0000] {processor.py:840} INFO - DAG(s) 'example_nested_branch_dag' retrieved from /home/airflow/.local/lib/python3.12/site-packages/airflow/example_dags/example_nested_branch_dag.py
[2024-07-19T06:21:40.246+0000] {logging_mixin.py:188} INFO - [2024-07-19T06:21:40.246+0000] {dag.py:3089} INFO - Sync 1 DAGs
[2024-07-19T06:21:40.273+0000] {logging_mixin.py:188} INFO - [2024-07-19T06:21:40.273+0000] {dag.py:3947} INFO - Setting next_dagrun for example_nested_branch_dag to 2024-07-18 00:00:00+00:00, run_after=2024-07-19 00:00:00+00:00
[2024-07-19T06:21:40.298+0000] {processor.py:183} INFO - Processing /home/airflow/.local/lib/python3.12/site-packages/airflow/example_dags/example_nested_branch_dag.py took 0.104 seconds
[2024-07-19T06:22:10.394+0000] {processor.py:161} INFO - Started process (PID=7438) to work on /home/airflow/.local/lib/python3.12/site-packages/airflow/example_dags/example_nested_branch_dag.py
[2024-07-19T06:22:10.396+0000] {processor.py:830} INFO - Processing file /home/airflow/.local/lib/python3.12/site-packages/airflow/example_dags/example_nested_branch_dag.py for tasks to queue
[2024-07-19T06:22:10.397+0000] {logging_mixin.py:188} INFO - [2024-07-19T06:22:10.397+0000] {dagbag.py:545} INFO - Filling up the DagBag from /home/airflow/.local/lib/python3.12/site-packages/airflow/example_dags/example_nested_branch_dag.py
[2024-07-19T06:22:10.411+0000] {processor.py:840} INFO - DAG(s) 'example_nested_branch_dag' retrieved from /home/airflow/.local/lib/python3.12/site-packages/airflow/example_dags/example_nested_branch_dag.py
[2024-07-19T06:22:10.441+0000] {logging_mixin.py:188} INFO - [2024-07-19T06:22:10.441+0000] {dag.py:3089} INFO - Sync 1 DAGs
[2024-07-19T06:22:10.469+0000] {logging_mixin.py:188} INFO - [2024-07-19T06:22:10.469+0000] {dag.py:3947} INFO - Setting next_dagrun for example_nested_branch_dag to 2024-07-18 00:00:00+00:00, run_after=2024-07-19 00:00:00+00:00
[2024-07-19T06:22:10.495+0000] {processor.py:183} INFO - Processing /home/airflow/.local/lib/python3.12/site-packages/airflow/example_dags/example_nested_branch_dag.py took 0.109 seconds
[2024-07-19T06:22:41.183+0000] {processor.py:161} INFO - Started process (PID=7500) to work on /home/airflow/.local/lib/python3.12/site-packages/airflow/example_dags/example_nested_branch_dag.py
[2024-07-19T06:22:41.184+0000] {processor.py:830} INFO - Processing file /home/airflow/.local/lib/python3.12/site-packages/airflow/example_dags/example_nested_branch_dag.py for tasks to queue
[2024-07-19T06:22:41.186+0000] {logging_mixin.py:188} INFO - [2024-07-19T06:22:41.186+0000] {dagbag.py:545} INFO - Filling up the DagBag from /home/airflow/.local/lib/python3.12/site-packages/airflow/example_dags/example_nested_branch_dag.py
[2024-07-19T06:22:41.200+0000] {processor.py:840} INFO - DAG(s) 'example_nested_branch_dag' retrieved from /home/airflow/.local/lib/python3.12/site-packages/airflow/example_dags/example_nested_branch_dag.py
[2024-07-19T06:22:41.232+0000] {logging_mixin.py:188} INFO - [2024-07-19T06:22:41.232+0000] {dag.py:3089} INFO - Sync 1 DAGs
[2024-07-19T06:22:41.261+0000] {logging_mixin.py:188} INFO - [2024-07-19T06:22:41.260+0000] {dag.py:3947} INFO - Setting next_dagrun for example_nested_branch_dag to 2024-07-18 00:00:00+00:00, run_after=2024-07-19 00:00:00+00:00
[2024-07-19T06:22:41.285+0000] {processor.py:183} INFO - Processing /home/airflow/.local/lib/python3.12/site-packages/airflow/example_dags/example_nested_branch_dag.py took 0.112 seconds
[2024-07-19T06:23:11.431+0000] {processor.py:161} INFO - Started process (PID=7560) to work on /home/airflow/.local/lib/python3.12/site-packages/airflow/example_dags/example_nested_branch_dag.py
[2024-07-19T06:23:11.508+0000] {processor.py:830} INFO - Processing file /home/airflow/.local/lib/python3.12/site-packages/airflow/example_dags/example_nested_branch_dag.py for tasks to queue
[2024-07-19T06:23:11.509+0000] {logging_mixin.py:188} INFO - [2024-07-19T06:23:11.509+0000] {dagbag.py:545} INFO - Filling up the DagBag from /home/airflow/.local/lib/python3.12/site-packages/airflow/example_dags/example_nested_branch_dag.py
[2024-07-19T06:23:11.525+0000] {processor.py:840} INFO - DAG(s) 'example_nested_branch_dag' retrieved from /home/airflow/.local/lib/python3.12/site-packages/airflow/example_dags/example_nested_branch_dag.py
[2024-07-19T06:23:11.555+0000] {logging_mixin.py:188} INFO - [2024-07-19T06:23:11.555+0000] {dag.py:3089} INFO - Sync 1 DAGs
[2024-07-19T06:23:11.584+0000] {logging_mixin.py:188} INFO - [2024-07-19T06:23:11.584+0000] {dag.py:3947} INFO - Setting next_dagrun for example_nested_branch_dag to 2024-07-18 00:00:00+00:00, run_after=2024-07-19 00:00:00+00:00
[2024-07-19T06:23:11.608+0000] {processor.py:183} INFO - Processing /home/airflow/.local/lib/python3.12/site-packages/airflow/example_dags/example_nested_branch_dag.py took 0.186 seconds
[2024-07-19T06:23:41.672+0000] {processor.py:161} INFO - Started process (PID=7618) to work on /home/airflow/.local/lib/python3.12/site-packages/airflow/example_dags/example_nested_branch_dag.py
[2024-07-19T06:23:41.675+0000] {processor.py:830} INFO - Processing file /home/airflow/.local/lib/python3.12/site-packages/airflow/example_dags/example_nested_branch_dag.py for tasks to queue
[2024-07-19T06:23:41.679+0000] {logging_mixin.py:188} INFO - [2024-07-19T06:23:41.678+0000] {dagbag.py:545} INFO - Filling up the DagBag from /home/airflow/.local/lib/python3.12/site-packages/airflow/example_dags/example_nested_branch_dag.py
[2024-07-19T06:23:41.693+0000] {processor.py:840} INFO - DAG(s) 'example_nested_branch_dag' retrieved from /home/airflow/.local/lib/python3.12/site-packages/airflow/example_dags/example_nested_branch_dag.py
[2024-07-19T06:23:41.722+0000] {logging_mixin.py:188} INFO - [2024-07-19T06:23:41.722+0000] {dag.py:3089} INFO - Sync 1 DAGs
[2024-07-19T06:23:41.751+0000] {logging_mixin.py:188} INFO - [2024-07-19T06:23:41.751+0000] {dag.py:3947} INFO - Setting next_dagrun for example_nested_branch_dag to 2024-07-18 00:00:00+00:00, run_after=2024-07-19 00:00:00+00:00
[2024-07-19T06:23:41.774+0000] {processor.py:183} INFO - Processing /home/airflow/.local/lib/python3.12/site-packages/airflow/example_dags/example_nested_branch_dag.py took 0.111 seconds
[2024-07-19T06:24:12.104+0000] {processor.py:161} INFO - Started process (PID=7679) to work on /home/airflow/.local/lib/python3.12/site-packages/airflow/example_dags/example_nested_branch_dag.py
[2024-07-19T06:24:12.105+0000] {processor.py:830} INFO - Processing file /home/airflow/.local/lib/python3.12/site-packages/airflow/example_dags/example_nested_branch_dag.py for tasks to queue
[2024-07-19T06:24:12.106+0000] {logging_mixin.py:188} INFO - [2024-07-19T06:24:12.106+0000] {dagbag.py:545} INFO - Filling up the DagBag from /home/airflow/.local/lib/python3.12/site-packages/airflow/example_dags/example_nested_branch_dag.py
[2024-07-19T06:24:12.121+0000] {processor.py:840} INFO - DAG(s) 'example_nested_branch_dag' retrieved from /home/airflow/.local/lib/python3.12/site-packages/airflow/example_dags/example_nested_branch_dag.py
[2024-07-19T06:24:12.157+0000] {logging_mixin.py:188} INFO - [2024-07-19T06:24:12.156+0000] {dag.py:3089} INFO - Sync 1 DAGs
[2024-07-19T06:24:12.196+0000] {logging_mixin.py:188} INFO - [2024-07-19T06:24:12.196+0000] {dag.py:3947} INFO - Setting next_dagrun for example_nested_branch_dag to 2024-07-18 00:00:00+00:00, run_after=2024-07-19 00:00:00+00:00
[2024-07-19T06:24:12.221+0000] {processor.py:183} INFO - Processing /home/airflow/.local/lib/python3.12/site-packages/airflow/example_dags/example_nested_branch_dag.py took 0.125 seconds
[2024-07-19T06:24:42.599+0000] {processor.py:161} INFO - Started process (PID=7739) to work on /home/airflow/.local/lib/python3.12/site-packages/airflow/example_dags/example_nested_branch_dag.py
[2024-07-19T06:24:42.603+0000] {processor.py:830} INFO - Processing file /home/airflow/.local/lib/python3.12/site-packages/airflow/example_dags/example_nested_branch_dag.py for tasks to queue
[2024-07-19T06:24:42.604+0000] {logging_mixin.py:188} INFO - [2024-07-19T06:24:42.604+0000] {dagbag.py:545} INFO - Filling up the DagBag from /home/airflow/.local/lib/python3.12/site-packages/airflow/example_dags/example_nested_branch_dag.py
[2024-07-19T06:24:42.615+0000] {processor.py:840} INFO - DAG(s) 'example_nested_branch_dag' retrieved from /home/airflow/.local/lib/python3.12/site-packages/airflow/example_dags/example_nested_branch_dag.py
[2024-07-19T06:24:42.646+0000] {logging_mixin.py:188} INFO - [2024-07-19T06:24:42.646+0000] {dag.py:3089} INFO - Sync 1 DAGs
[2024-07-19T06:24:42.676+0000] {logging_mixin.py:188} INFO - [2024-07-19T06:24:42.675+0000] {dag.py:3947} INFO - Setting next_dagrun for example_nested_branch_dag to 2024-07-18 00:00:00+00:00, run_after=2024-07-19 00:00:00+00:00
[2024-07-19T06:24:42.699+0000] {processor.py:183} INFO - Processing /home/airflow/.local/lib/python3.12/site-packages/airflow/example_dags/example_nested_branch_dag.py took 0.107 seconds
[2024-07-19T06:25:13.558+0000] {processor.py:161} INFO - Started process (PID=7799) to work on /home/airflow/.local/lib/python3.12/site-packages/airflow/example_dags/example_nested_branch_dag.py
[2024-07-19T06:25:13.560+0000] {processor.py:830} INFO - Processing file /home/airflow/.local/lib/python3.12/site-packages/airflow/example_dags/example_nested_branch_dag.py for tasks to queue
[2024-07-19T06:25:13.561+0000] {logging_mixin.py:188} INFO - [2024-07-19T06:25:13.561+0000] {dagbag.py:545} INFO - Filling up the DagBag from /home/airflow/.local/lib/python3.12/site-packages/airflow/example_dags/example_nested_branch_dag.py
[2024-07-19T06:25:13.575+0000] {processor.py:840} INFO - DAG(s) 'example_nested_branch_dag' retrieved from /home/airflow/.local/lib/python3.12/site-packages/airflow/example_dags/example_nested_branch_dag.py
[2024-07-19T06:25:13.605+0000] {logging_mixin.py:188} INFO - [2024-07-19T06:25:13.604+0000] {dag.py:3089} INFO - Sync 1 DAGs
[2024-07-19T06:25:13.629+0000] {logging_mixin.py:188} INFO - [2024-07-19T06:25:13.629+0000] {dag.py:3947} INFO - Setting next_dagrun for example_nested_branch_dag to 2024-07-18 00:00:00+00:00, run_after=2024-07-19 00:00:00+00:00
[2024-07-19T06:25:13.650+0000] {processor.py:183} INFO - Processing /home/airflow/.local/lib/python3.12/site-packages/airflow/example_dags/example_nested_branch_dag.py took 0.100 seconds
[2024-07-19T06:25:43.988+0000] {processor.py:161} INFO - Started process (PID=7859) to work on /home/airflow/.local/lib/python3.12/site-packages/airflow/example_dags/example_nested_branch_dag.py
[2024-07-19T06:25:43.990+0000] {processor.py:830} INFO - Processing file /home/airflow/.local/lib/python3.12/site-packages/airflow/example_dags/example_nested_branch_dag.py for tasks to queue
[2024-07-19T06:25:43.991+0000] {logging_mixin.py:188} INFO - [2024-07-19T06:25:43.991+0000] {dagbag.py:545} INFO - Filling up the DagBag from /home/airflow/.local/lib/python3.12/site-packages/airflow/example_dags/example_nested_branch_dag.py
[2024-07-19T06:25:44.005+0000] {processor.py:840} INFO - DAG(s) 'example_nested_branch_dag' retrieved from /home/airflow/.local/lib/python3.12/site-packages/airflow/example_dags/example_nested_branch_dag.py
[2024-07-19T06:25:44.033+0000] {logging_mixin.py:188} INFO - [2024-07-19T06:25:44.032+0000] {dag.py:3089} INFO - Sync 1 DAGs
[2024-07-19T06:25:44.059+0000] {logging_mixin.py:188} INFO - [2024-07-19T06:25:44.058+0000] {dag.py:3947} INFO - Setting next_dagrun for example_nested_branch_dag to 2024-07-18 00:00:00+00:00, run_after=2024-07-19 00:00:00+00:00
[2024-07-19T06:25:44.081+0000] {processor.py:183} INFO - Processing /home/airflow/.local/lib/python3.12/site-packages/airflow/example_dags/example_nested_branch_dag.py took 0.101 seconds
[2024-07-19T06:26:14.636+0000] {processor.py:161} INFO - Started process (PID=7919) to work on /home/airflow/.local/lib/python3.12/site-packages/airflow/example_dags/example_nested_branch_dag.py
[2024-07-19T06:26:14.640+0000] {processor.py:830} INFO - Processing file /home/airflow/.local/lib/python3.12/site-packages/airflow/example_dags/example_nested_branch_dag.py for tasks to queue
[2024-07-19T06:26:14.644+0000] {logging_mixin.py:188} INFO - [2024-07-19T06:26:14.643+0000] {dagbag.py:545} INFO - Filling up the DagBag from /home/airflow/.local/lib/python3.12/site-packages/airflow/example_dags/example_nested_branch_dag.py
[2024-07-19T06:26:14.661+0000] {processor.py:840} INFO - DAG(s) 'example_nested_branch_dag' retrieved from /home/airflow/.local/lib/python3.12/site-packages/airflow/example_dags/example_nested_branch_dag.py
[2024-07-19T06:26:14.729+0000] {logging_mixin.py:188} INFO - [2024-07-19T06:26:14.728+0000] {dag.py:3089} INFO - Sync 1 DAGs
[2024-07-19T06:26:14.791+0000] {logging_mixin.py:188} INFO - [2024-07-19T06:26:14.791+0000] {dag.py:3947} INFO - Setting next_dagrun for example_nested_branch_dag to 2024-07-18 00:00:00+00:00, run_after=2024-07-19 00:00:00+00:00
[2024-07-19T06:26:14.829+0000] {processor.py:183} INFO - Processing /home/airflow/.local/lib/python3.12/site-packages/airflow/example_dags/example_nested_branch_dag.py took 0.211 seconds
[2024-07-19T06:26:44.957+0000] {processor.py:161} INFO - Started process (PID=7979) to work on /home/airflow/.local/lib/python3.12/site-packages/airflow/example_dags/example_nested_branch_dag.py
[2024-07-19T06:26:44.958+0000] {processor.py:830} INFO - Processing file /home/airflow/.local/lib/python3.12/site-packages/airflow/example_dags/example_nested_branch_dag.py for tasks to queue
[2024-07-19T06:26:44.959+0000] {logging_mixin.py:188} INFO - [2024-07-19T06:26:44.959+0000] {dagbag.py:545} INFO - Filling up the DagBag from /home/airflow/.local/lib/python3.12/site-packages/airflow/example_dags/example_nested_branch_dag.py
[2024-07-19T06:26:44.971+0000] {processor.py:840} INFO - DAG(s) 'example_nested_branch_dag' retrieved from /home/airflow/.local/lib/python3.12/site-packages/airflow/example_dags/example_nested_branch_dag.py
[2024-07-19T06:26:44.996+0000] {logging_mixin.py:188} INFO - [2024-07-19T06:26:44.996+0000] {dag.py:3089} INFO - Sync 1 DAGs
[2024-07-19T06:26:45.019+0000] {logging_mixin.py:188} INFO - [2024-07-19T06:26:45.018+0000] {dag.py:3947} INFO - Setting next_dagrun for example_nested_branch_dag to 2024-07-18 00:00:00+00:00, run_after=2024-07-19 00:00:00+00:00
[2024-07-19T06:26:45.035+0000] {processor.py:183} INFO - Processing /home/airflow/.local/lib/python3.12/site-packages/airflow/example_dags/example_nested_branch_dag.py took 0.085 seconds
[2024-07-19T06:27:15.879+0000] {processor.py:161} INFO - Started process (PID=8039) to work on /home/airflow/.local/lib/python3.12/site-packages/airflow/example_dags/example_nested_branch_dag.py
[2024-07-19T06:27:15.880+0000] {processor.py:830} INFO - Processing file /home/airflow/.local/lib/python3.12/site-packages/airflow/example_dags/example_nested_branch_dag.py for tasks to queue
[2024-07-19T06:27:15.882+0000] {logging_mixin.py:188} INFO - [2024-07-19T06:27:15.881+0000] {dagbag.py:545} INFO - Filling up the DagBag from /home/airflow/.local/lib/python3.12/site-packages/airflow/example_dags/example_nested_branch_dag.py
[2024-07-19T06:27:15.894+0000] {processor.py:840} INFO - DAG(s) 'example_nested_branch_dag' retrieved from /home/airflow/.local/lib/python3.12/site-packages/airflow/example_dags/example_nested_branch_dag.py
[2024-07-19T06:27:15.919+0000] {logging_mixin.py:188} INFO - [2024-07-19T06:27:15.919+0000] {dag.py:3089} INFO - Sync 1 DAGs
[2024-07-19T06:27:15.944+0000] {logging_mixin.py:188} INFO - [2024-07-19T06:27:15.943+0000] {dag.py:3947} INFO - Setting next_dagrun for example_nested_branch_dag to 2024-07-18 00:00:00+00:00, run_after=2024-07-19 00:00:00+00:00
[2024-07-19T06:27:15.963+0000] {processor.py:183} INFO - Processing /home/airflow/.local/lib/python3.12/site-packages/airflow/example_dags/example_nested_branch_dag.py took 0.092 seconds
[2024-07-19T06:27:46.962+0000] {processor.py:161} INFO - Started process (PID=8099) to work on /home/airflow/.local/lib/python3.12/site-packages/airflow/example_dags/example_nested_branch_dag.py
[2024-07-19T06:27:46.964+0000] {processor.py:830} INFO - Processing file /home/airflow/.local/lib/python3.12/site-packages/airflow/example_dags/example_nested_branch_dag.py for tasks to queue
[2024-07-19T06:27:46.965+0000] {logging_mixin.py:188} INFO - [2024-07-19T06:27:46.965+0000] {dagbag.py:545} INFO - Filling up the DagBag from /home/airflow/.local/lib/python3.12/site-packages/airflow/example_dags/example_nested_branch_dag.py
[2024-07-19T06:27:46.979+0000] {processor.py:840} INFO - DAG(s) 'example_nested_branch_dag' retrieved from /home/airflow/.local/lib/python3.12/site-packages/airflow/example_dags/example_nested_branch_dag.py
[2024-07-19T06:27:47.008+0000] {logging_mixin.py:188} INFO - [2024-07-19T06:27:47.008+0000] {dag.py:3089} INFO - Sync 1 DAGs
[2024-07-19T06:27:47.034+0000] {logging_mixin.py:188} INFO - [2024-07-19T06:27:47.034+0000] {dag.py:3947} INFO - Setting next_dagrun for example_nested_branch_dag to 2024-07-18 00:00:00+00:00, run_after=2024-07-19 00:00:00+00:00
[2024-07-19T06:27:47.059+0000] {processor.py:183} INFO - Processing /home/airflow/.local/lib/python3.12/site-packages/airflow/example_dags/example_nested_branch_dag.py took 0.106 seconds
[2024-07-19T06:28:17.595+0000] {processor.py:161} INFO - Started process (PID=8159) to work on /home/airflow/.local/lib/python3.12/site-packages/airflow/example_dags/example_nested_branch_dag.py
[2024-07-19T06:28:17.597+0000] {processor.py:830} INFO - Processing file /home/airflow/.local/lib/python3.12/site-packages/airflow/example_dags/example_nested_branch_dag.py for tasks to queue
[2024-07-19T06:28:17.598+0000] {logging_mixin.py:188} INFO - [2024-07-19T06:28:17.598+0000] {dagbag.py:545} INFO - Filling up the DagBag from /home/airflow/.local/lib/python3.12/site-packages/airflow/example_dags/example_nested_branch_dag.py
[2024-07-19T06:28:17.610+0000] {processor.py:840} INFO - DAG(s) 'example_nested_branch_dag' retrieved from /home/airflow/.local/lib/python3.12/site-packages/airflow/example_dags/example_nested_branch_dag.py
[2024-07-19T06:28:17.636+0000] {logging_mixin.py:188} INFO - [2024-07-19T06:28:17.636+0000] {dag.py:3089} INFO - Sync 1 DAGs
[2024-07-19T06:28:17.661+0000] {logging_mixin.py:188} INFO - [2024-07-19T06:28:17.661+0000] {dag.py:3947} INFO - Setting next_dagrun for example_nested_branch_dag to 2024-07-18 00:00:00+00:00, run_after=2024-07-19 00:00:00+00:00
[2024-07-19T06:28:17.682+0000] {processor.py:183} INFO - Processing /home/airflow/.local/lib/python3.12/site-packages/airflow/example_dags/example_nested_branch_dag.py took 0.094 seconds
[2024-07-19T06:28:48.058+0000] {processor.py:161} INFO - Started process (PID=8219) to work on /home/airflow/.local/lib/python3.12/site-packages/airflow/example_dags/example_nested_branch_dag.py
[2024-07-19T06:28:48.059+0000] {processor.py:830} INFO - Processing file /home/airflow/.local/lib/python3.12/site-packages/airflow/example_dags/example_nested_branch_dag.py for tasks to queue
[2024-07-19T06:28:48.061+0000] {logging_mixin.py:188} INFO - [2024-07-19T06:28:48.060+0000] {dagbag.py:545} INFO - Filling up the DagBag from /home/airflow/.local/lib/python3.12/site-packages/airflow/example_dags/example_nested_branch_dag.py
[2024-07-19T06:28:48.075+0000] {processor.py:840} INFO - DAG(s) 'example_nested_branch_dag' retrieved from /home/airflow/.local/lib/python3.12/site-packages/airflow/example_dags/example_nested_branch_dag.py
[2024-07-19T06:28:48.102+0000] {logging_mixin.py:188} INFO - [2024-07-19T06:28:48.102+0000] {dag.py:3089} INFO - Sync 1 DAGs
[2024-07-19T06:28:48.127+0000] {logging_mixin.py:188} INFO - [2024-07-19T06:28:48.127+0000] {dag.py:3947} INFO - Setting next_dagrun for example_nested_branch_dag to 2024-07-18 00:00:00+00:00, run_after=2024-07-19 00:00:00+00:00
[2024-07-19T06:28:48.147+0000] {processor.py:183} INFO - Processing /home/airflow/.local/lib/python3.12/site-packages/airflow/example_dags/example_nested_branch_dag.py took 0.097 seconds
[2024-07-19T06:29:18.533+0000] {processor.py:161} INFO - Started process (PID=8279) to work on /home/airflow/.local/lib/python3.12/site-packages/airflow/example_dags/example_nested_branch_dag.py
[2024-07-19T06:29:18.534+0000] {processor.py:830} INFO - Processing file /home/airflow/.local/lib/python3.12/site-packages/airflow/example_dags/example_nested_branch_dag.py for tasks to queue
[2024-07-19T06:29:18.535+0000] {logging_mixin.py:188} INFO - [2024-07-19T06:29:18.535+0000] {dagbag.py:545} INFO - Filling up the DagBag from /home/airflow/.local/lib/python3.12/site-packages/airflow/example_dags/example_nested_branch_dag.py
[2024-07-19T06:29:18.549+0000] {processor.py:840} INFO - DAG(s) 'example_nested_branch_dag' retrieved from /home/airflow/.local/lib/python3.12/site-packages/airflow/example_dags/example_nested_branch_dag.py
[2024-07-19T06:29:18.578+0000] {logging_mixin.py:188} INFO - [2024-07-19T06:29:18.578+0000] {dag.py:3089} INFO - Sync 1 DAGs
[2024-07-19T06:29:18.609+0000] {logging_mixin.py:188} INFO - [2024-07-19T06:29:18.608+0000] {dag.py:3947} INFO - Setting next_dagrun for example_nested_branch_dag to 2024-07-18 00:00:00+00:00, run_after=2024-07-19 00:00:00+00:00
[2024-07-19T06:29:18.634+0000] {processor.py:183} INFO - Processing /home/airflow/.local/lib/python3.12/site-packages/airflow/example_dags/example_nested_branch_dag.py took 0.109 seconds
[2024-07-19T06:29:49.405+0000] {processor.py:161} INFO - Started process (PID=8339) to work on /home/airflow/.local/lib/python3.12/site-packages/airflow/example_dags/example_nested_branch_dag.py
[2024-07-19T06:29:49.408+0000] {processor.py:830} INFO - Processing file /home/airflow/.local/lib/python3.12/site-packages/airflow/example_dags/example_nested_branch_dag.py for tasks to queue
[2024-07-19T06:29:49.410+0000] {logging_mixin.py:188} INFO - [2024-07-19T06:29:49.409+0000] {dagbag.py:545} INFO - Filling up the DagBag from /home/airflow/.local/lib/python3.12/site-packages/airflow/example_dags/example_nested_branch_dag.py
[2024-07-19T06:29:49.437+0000] {processor.py:840} INFO - DAG(s) 'example_nested_branch_dag' retrieved from /home/airflow/.local/lib/python3.12/site-packages/airflow/example_dags/example_nested_branch_dag.py
[2024-07-19T06:29:49.474+0000] {logging_mixin.py:188} INFO - [2024-07-19T06:29:49.474+0000] {dag.py:3089} INFO - Sync 1 DAGs
[2024-07-19T06:29:49.511+0000] {logging_mixin.py:188} INFO - [2024-07-19T06:29:49.510+0000] {dag.py:3947} INFO - Setting next_dagrun for example_nested_branch_dag to 2024-07-18 00:00:00+00:00, run_after=2024-07-19 00:00:00+00:00
[2024-07-19T06:29:49.539+0000] {processor.py:183} INFO - Processing /home/airflow/.local/lib/python3.12/site-packages/airflow/example_dags/example_nested_branch_dag.py took 0.148 seconds
[2024-07-19T06:30:19.629+0000] {processor.py:161} INFO - Started process (PID=8398) to work on /home/airflow/.local/lib/python3.12/site-packages/airflow/example_dags/example_nested_branch_dag.py
[2024-07-19T06:30:19.630+0000] {processor.py:830} INFO - Processing file /home/airflow/.local/lib/python3.12/site-packages/airflow/example_dags/example_nested_branch_dag.py for tasks to queue
[2024-07-19T06:30:19.631+0000] {logging_mixin.py:188} INFO - [2024-07-19T06:30:19.631+0000] {dagbag.py:545} INFO - Filling up the DagBag from /home/airflow/.local/lib/python3.12/site-packages/airflow/example_dags/example_nested_branch_dag.py
[2024-07-19T06:30:19.645+0000] {processor.py:840} INFO - DAG(s) 'example_nested_branch_dag' retrieved from /home/airflow/.local/lib/python3.12/site-packages/airflow/example_dags/example_nested_branch_dag.py
[2024-07-19T06:30:19.673+0000] {logging_mixin.py:188} INFO - [2024-07-19T06:30:19.672+0000] {dag.py:3089} INFO - Sync 1 DAGs
[2024-07-19T06:30:19.699+0000] {logging_mixin.py:188} INFO - [2024-07-19T06:30:19.698+0000] {dag.py:3947} INFO - Setting next_dagrun for example_nested_branch_dag to 2024-07-18 00:00:00+00:00, run_after=2024-07-19 00:00:00+00:00
[2024-07-19T06:30:19.721+0000] {processor.py:183} INFO - Processing /home/airflow/.local/lib/python3.12/site-packages/airflow/example_dags/example_nested_branch_dag.py took 0.100 seconds
[2024-07-19T06:30:49.867+0000] {processor.py:161} INFO - Started process (PID=8458) to work on /home/airflow/.local/lib/python3.12/site-packages/airflow/example_dags/example_nested_branch_dag.py
[2024-07-19T06:30:49.868+0000] {processor.py:830} INFO - Processing file /home/airflow/.local/lib/python3.12/site-packages/airflow/example_dags/example_nested_branch_dag.py for tasks to queue
[2024-07-19T06:30:49.869+0000] {logging_mixin.py:188} INFO - [2024-07-19T06:30:49.869+0000] {dagbag.py:545} INFO - Filling up the DagBag from /home/airflow/.local/lib/python3.12/site-packages/airflow/example_dags/example_nested_branch_dag.py
[2024-07-19T06:30:49.882+0000] {processor.py:840} INFO - DAG(s) 'example_nested_branch_dag' retrieved from /home/airflow/.local/lib/python3.12/site-packages/airflow/example_dags/example_nested_branch_dag.py
[2024-07-19T06:30:49.909+0000] {logging_mixin.py:188} INFO - [2024-07-19T06:30:49.908+0000] {dag.py:3089} INFO - Sync 1 DAGs
[2024-07-19T06:30:49.934+0000] {logging_mixin.py:188} INFO - [2024-07-19T06:30:49.934+0000] {dag.py:3947} INFO - Setting next_dagrun for example_nested_branch_dag to 2024-07-18 00:00:00+00:00, run_after=2024-07-19 00:00:00+00:00
[2024-07-19T06:30:49.957+0000] {processor.py:183} INFO - Processing /home/airflow/.local/lib/python3.12/site-packages/airflow/example_dags/example_nested_branch_dag.py took 0.097 seconds
[2024-07-19T06:31:20.374+0000] {processor.py:161} INFO - Started process (PID=8519) to work on /home/airflow/.local/lib/python3.12/site-packages/airflow/example_dags/example_nested_branch_dag.py
[2024-07-19T06:31:20.375+0000] {processor.py:830} INFO - Processing file /home/airflow/.local/lib/python3.12/site-packages/airflow/example_dags/example_nested_branch_dag.py for tasks to queue
[2024-07-19T06:31:20.376+0000] {logging_mixin.py:188} INFO - [2024-07-19T06:31:20.376+0000] {dagbag.py:545} INFO - Filling up the DagBag from /home/airflow/.local/lib/python3.12/site-packages/airflow/example_dags/example_nested_branch_dag.py
[2024-07-19T06:31:20.388+0000] {processor.py:840} INFO - DAG(s) 'example_nested_branch_dag' retrieved from /home/airflow/.local/lib/python3.12/site-packages/airflow/example_dags/example_nested_branch_dag.py
[2024-07-19T06:31:20.415+0000] {logging_mixin.py:188} INFO - [2024-07-19T06:31:20.415+0000] {dag.py:3089} INFO - Sync 1 DAGs
[2024-07-19T06:31:20.441+0000] {logging_mixin.py:188} INFO - [2024-07-19T06:31:20.441+0000] {dag.py:3947} INFO - Setting next_dagrun for example_nested_branch_dag to 2024-07-18 00:00:00+00:00, run_after=2024-07-19 00:00:00+00:00
[2024-07-19T06:31:20.463+0000] {processor.py:183} INFO - Processing /home/airflow/.local/lib/python3.12/site-packages/airflow/example_dags/example_nested_branch_dag.py took 0.096 seconds
[2024-07-19T06:31:50.564+0000] {processor.py:161} INFO - Started process (PID=8579) to work on /home/airflow/.local/lib/python3.12/site-packages/airflow/example_dags/example_nested_branch_dag.py
[2024-07-19T06:31:50.565+0000] {processor.py:830} INFO - Processing file /home/airflow/.local/lib/python3.12/site-packages/airflow/example_dags/example_nested_branch_dag.py for tasks to queue
[2024-07-19T06:31:50.567+0000] {logging_mixin.py:188} INFO - [2024-07-19T06:31:50.566+0000] {dagbag.py:545} INFO - Filling up the DagBag from /home/airflow/.local/lib/python3.12/site-packages/airflow/example_dags/example_nested_branch_dag.py
[2024-07-19T06:31:50.579+0000] {processor.py:840} INFO - DAG(s) 'example_nested_branch_dag' retrieved from /home/airflow/.local/lib/python3.12/site-packages/airflow/example_dags/example_nested_branch_dag.py
[2024-07-19T06:31:50.606+0000] {logging_mixin.py:188} INFO - [2024-07-19T06:31:50.606+0000] {dag.py:3089} INFO - Sync 1 DAGs
[2024-07-19T06:31:50.631+0000] {logging_mixin.py:188} INFO - [2024-07-19T06:31:50.631+0000] {dag.py:3947} INFO - Setting next_dagrun for example_nested_branch_dag to 2024-07-18 00:00:00+00:00, run_after=2024-07-19 00:00:00+00:00
[2024-07-19T06:31:50.655+0000] {processor.py:183} INFO - Processing /home/airflow/.local/lib/python3.12/site-packages/airflow/example_dags/example_nested_branch_dag.py took 0.098 seconds
[2024-07-19T06:32:21.387+0000] {processor.py:161} INFO - Started process (PID=8639) to work on /home/airflow/.local/lib/python3.12/site-packages/airflow/example_dags/example_nested_branch_dag.py
[2024-07-19T06:32:21.389+0000] {processor.py:830} INFO - Processing file /home/airflow/.local/lib/python3.12/site-packages/airflow/example_dags/example_nested_branch_dag.py for tasks to queue
[2024-07-19T06:32:21.391+0000] {logging_mixin.py:188} INFO - [2024-07-19T06:32:21.390+0000] {dagbag.py:545} INFO - Filling up the DagBag from /home/airflow/.local/lib/python3.12/site-packages/airflow/example_dags/example_nested_branch_dag.py
[2024-07-19T06:32:21.405+0000] {processor.py:840} INFO - DAG(s) 'example_nested_branch_dag' retrieved from /home/airflow/.local/lib/python3.12/site-packages/airflow/example_dags/example_nested_branch_dag.py
[2024-07-19T06:32:21.436+0000] {logging_mixin.py:188} INFO - [2024-07-19T06:32:21.436+0000] {dag.py:3089} INFO - Sync 1 DAGs
[2024-07-19T06:32:21.471+0000] {logging_mixin.py:188} INFO - [2024-07-19T06:32:21.471+0000] {dag.py:3947} INFO - Setting next_dagrun for example_nested_branch_dag to 2024-07-18 00:00:00+00:00, run_after=2024-07-19 00:00:00+00:00
[2024-07-19T06:32:21.495+0000] {processor.py:183} INFO - Processing /home/airflow/.local/lib/python3.12/site-packages/airflow/example_dags/example_nested_branch_dag.py took 0.118 seconds
[2024-07-19T06:32:52.482+0000] {processor.py:161} INFO - Started process (PID=8699) to work on /home/airflow/.local/lib/python3.12/site-packages/airflow/example_dags/example_nested_branch_dag.py
[2024-07-19T06:32:52.484+0000] {processor.py:830} INFO - Processing file /home/airflow/.local/lib/python3.12/site-packages/airflow/example_dags/example_nested_branch_dag.py for tasks to queue
[2024-07-19T06:32:52.485+0000] {logging_mixin.py:188} INFO - [2024-07-19T06:32:52.485+0000] {dagbag.py:545} INFO - Filling up the DagBag from /home/airflow/.local/lib/python3.12/site-packages/airflow/example_dags/example_nested_branch_dag.py
[2024-07-19T06:32:52.499+0000] {processor.py:840} INFO - DAG(s) 'example_nested_branch_dag' retrieved from /home/airflow/.local/lib/python3.12/site-packages/airflow/example_dags/example_nested_branch_dag.py
[2024-07-19T06:32:52.527+0000] {logging_mixin.py:188} INFO - [2024-07-19T06:32:52.527+0000] {dag.py:3089} INFO - Sync 1 DAGs
[2024-07-19T06:32:52.554+0000] {logging_mixin.py:188} INFO - [2024-07-19T06:32:52.553+0000] {dag.py:3947} INFO - Setting next_dagrun for example_nested_branch_dag to 2024-07-18 00:00:00+00:00, run_after=2024-07-19 00:00:00+00:00
[2024-07-19T06:32:52.576+0000] {processor.py:183} INFO - Processing /home/airflow/.local/lib/python3.12/site-packages/airflow/example_dags/example_nested_branch_dag.py took 0.101 seconds
[2024-07-19T06:33:22.665+0000] {processor.py:161} INFO - Started process (PID=8759) to work on /home/airflow/.local/lib/python3.12/site-packages/airflow/example_dags/example_nested_branch_dag.py
[2024-07-19T06:33:22.666+0000] {processor.py:830} INFO - Processing file /home/airflow/.local/lib/python3.12/site-packages/airflow/example_dags/example_nested_branch_dag.py for tasks to queue
[2024-07-19T06:33:22.668+0000] {logging_mixin.py:188} INFO - [2024-07-19T06:33:22.668+0000] {dagbag.py:545} INFO - Filling up the DagBag from /home/airflow/.local/lib/python3.12/site-packages/airflow/example_dags/example_nested_branch_dag.py
[2024-07-19T06:33:22.681+0000] {processor.py:840} INFO - DAG(s) 'example_nested_branch_dag' retrieved from /home/airflow/.local/lib/python3.12/site-packages/airflow/example_dags/example_nested_branch_dag.py
[2024-07-19T06:33:22.710+0000] {logging_mixin.py:188} INFO - [2024-07-19T06:33:22.710+0000] {dag.py:3089} INFO - Sync 1 DAGs
[2024-07-19T06:33:22.741+0000] {logging_mixin.py:188} INFO - [2024-07-19T06:33:22.740+0000] {dag.py:3947} INFO - Setting next_dagrun for example_nested_branch_dag to 2024-07-18 00:00:00+00:00, run_after=2024-07-19 00:00:00+00:00
[2024-07-19T06:33:22.764+0000] {processor.py:183} INFO - Processing /home/airflow/.local/lib/python3.12/site-packages/airflow/example_dags/example_nested_branch_dag.py took 0.109 seconds
[2024-07-19T06:33:53.102+0000] {processor.py:161} INFO - Started process (PID=8819) to work on /home/airflow/.local/lib/python3.12/site-packages/airflow/example_dags/example_nested_branch_dag.py
[2024-07-19T06:33:53.104+0000] {processor.py:830} INFO - Processing file /home/airflow/.local/lib/python3.12/site-packages/airflow/example_dags/example_nested_branch_dag.py for tasks to queue
[2024-07-19T06:33:53.106+0000] {logging_mixin.py:188} INFO - [2024-07-19T06:33:53.105+0000] {dagbag.py:545} INFO - Filling up the DagBag from /home/airflow/.local/lib/python3.12/site-packages/airflow/example_dags/example_nested_branch_dag.py
[2024-07-19T06:33:53.121+0000] {processor.py:840} INFO - DAG(s) 'example_nested_branch_dag' retrieved from /home/airflow/.local/lib/python3.12/site-packages/airflow/example_dags/example_nested_branch_dag.py
[2024-07-19T06:33:53.151+0000] {logging_mixin.py:188} INFO - [2024-07-19T06:33:53.151+0000] {dag.py:3089} INFO - Sync 1 DAGs
[2024-07-19T06:33:53.177+0000] {logging_mixin.py:188} INFO - [2024-07-19T06:33:53.177+0000] {dag.py:3947} INFO - Setting next_dagrun for example_nested_branch_dag to 2024-07-18 00:00:00+00:00, run_after=2024-07-19 00:00:00+00:00
[2024-07-19T06:33:53.198+0000] {processor.py:183} INFO - Processing /home/airflow/.local/lib/python3.12/site-packages/airflow/example_dags/example_nested_branch_dag.py took 0.104 seconds
[2024-07-19T06:34:23.469+0000] {processor.py:161} INFO - Started process (PID=8879) to work on /home/airflow/.local/lib/python3.12/site-packages/airflow/example_dags/example_nested_branch_dag.py
[2024-07-19T06:34:23.470+0000] {processor.py:830} INFO - Processing file /home/airflow/.local/lib/python3.12/site-packages/airflow/example_dags/example_nested_branch_dag.py for tasks to queue
[2024-07-19T06:34:23.471+0000] {logging_mixin.py:188} INFO - [2024-07-19T06:34:23.471+0000] {dagbag.py:545} INFO - Filling up the DagBag from /home/airflow/.local/lib/python3.12/site-packages/airflow/example_dags/example_nested_branch_dag.py
[2024-07-19T06:34:23.484+0000] {processor.py:840} INFO - DAG(s) 'example_nested_branch_dag' retrieved from /home/airflow/.local/lib/python3.12/site-packages/airflow/example_dags/example_nested_branch_dag.py
[2024-07-19T06:34:23.512+0000] {logging_mixin.py:188} INFO - [2024-07-19T06:34:23.511+0000] {dag.py:3089} INFO - Sync 1 DAGs
[2024-07-19T06:34:23.535+0000] {logging_mixin.py:188} INFO - [2024-07-19T06:34:23.535+0000] {dag.py:3947} INFO - Setting next_dagrun for example_nested_branch_dag to 2024-07-18 00:00:00+00:00, run_after=2024-07-19 00:00:00+00:00
[2024-07-19T06:34:23.556+0000] {processor.py:183} INFO - Processing /home/airflow/.local/lib/python3.12/site-packages/airflow/example_dags/example_nested_branch_dag.py took 0.095 seconds
[2024-07-19T06:34:53.790+0000] {processor.py:161} INFO - Started process (PID=8938) to work on /home/airflow/.local/lib/python3.12/site-packages/airflow/example_dags/example_nested_branch_dag.py
[2024-07-19T06:34:53.791+0000] {processor.py:830} INFO - Processing file /home/airflow/.local/lib/python3.12/site-packages/airflow/example_dags/example_nested_branch_dag.py for tasks to queue
[2024-07-19T06:34:53.792+0000] {logging_mixin.py:188} INFO - [2024-07-19T06:34:53.792+0000] {dagbag.py:545} INFO - Filling up the DagBag from /home/airflow/.local/lib/python3.12/site-packages/airflow/example_dags/example_nested_branch_dag.py
[2024-07-19T06:34:53.808+0000] {processor.py:840} INFO - DAG(s) 'example_nested_branch_dag' retrieved from /home/airflow/.local/lib/python3.12/site-packages/airflow/example_dags/example_nested_branch_dag.py
[2024-07-19T06:34:53.842+0000] {logging_mixin.py:188} INFO - [2024-07-19T06:34:53.841+0000] {dag.py:3089} INFO - Sync 1 DAGs
[2024-07-19T06:34:53.872+0000] {logging_mixin.py:188} INFO - [2024-07-19T06:34:53.872+0000] {dag.py:3947} INFO - Setting next_dagrun for example_nested_branch_dag to 2024-07-18 00:00:00+00:00, run_after=2024-07-19 00:00:00+00:00
[2024-07-19T06:34:53.895+0000] {processor.py:183} INFO - Processing /home/airflow/.local/lib/python3.12/site-packages/airflow/example_dags/example_nested_branch_dag.py took 0.115 seconds
[2024-07-19T06:35:24.396+0000] {processor.py:161} INFO - Started process (PID=8998) to work on /home/airflow/.local/lib/python3.12/site-packages/airflow/example_dags/example_nested_branch_dag.py
[2024-07-19T06:35:24.397+0000] {processor.py:830} INFO - Processing file /home/airflow/.local/lib/python3.12/site-packages/airflow/example_dags/example_nested_branch_dag.py for tasks to queue
[2024-07-19T06:35:24.399+0000] {logging_mixin.py:188} INFO - [2024-07-19T06:35:24.398+0000] {dagbag.py:545} INFO - Filling up the DagBag from /home/airflow/.local/lib/python3.12/site-packages/airflow/example_dags/example_nested_branch_dag.py
[2024-07-19T06:35:24.417+0000] {processor.py:840} INFO - DAG(s) 'example_nested_branch_dag' retrieved from /home/airflow/.local/lib/python3.12/site-packages/airflow/example_dags/example_nested_branch_dag.py
[2024-07-19T06:35:24.455+0000] {logging_mixin.py:188} INFO - [2024-07-19T06:35:24.455+0000] {dag.py:3089} INFO - Sync 1 DAGs
[2024-07-19T06:35:24.492+0000] {logging_mixin.py:188} INFO - [2024-07-19T06:35:24.491+0000] {dag.py:3947} INFO - Setting next_dagrun for example_nested_branch_dag to 2024-07-18 00:00:00+00:00, run_after=2024-07-19 00:00:00+00:00
[2024-07-19T06:35:24.518+0000] {processor.py:183} INFO - Processing /home/airflow/.local/lib/python3.12/site-packages/airflow/example_dags/example_nested_branch_dag.py took 0.135 seconds
[2024-07-19T06:35:54.671+0000] {processor.py:161} INFO - Started process (PID=9058) to work on /home/airflow/.local/lib/python3.12/site-packages/airflow/example_dags/example_nested_branch_dag.py
[2024-07-19T06:35:54.672+0000] {processor.py:830} INFO - Processing file /home/airflow/.local/lib/python3.12/site-packages/airflow/example_dags/example_nested_branch_dag.py for tasks to queue
[2024-07-19T06:35:54.673+0000] {logging_mixin.py:188} INFO - [2024-07-19T06:35:54.673+0000] {dagbag.py:545} INFO - Filling up the DagBag from /home/airflow/.local/lib/python3.12/site-packages/airflow/example_dags/example_nested_branch_dag.py
[2024-07-19T06:35:54.685+0000] {processor.py:840} INFO - DAG(s) 'example_nested_branch_dag' retrieved from /home/airflow/.local/lib/python3.12/site-packages/airflow/example_dags/example_nested_branch_dag.py
[2024-07-19T06:35:54.712+0000] {logging_mixin.py:188} INFO - [2024-07-19T06:35:54.712+0000] {dag.py:3089} INFO - Sync 1 DAGs
[2024-07-19T06:35:54.736+0000] {logging_mixin.py:188} INFO - [2024-07-19T06:35:54.736+0000] {dag.py:3947} INFO - Setting next_dagrun for example_nested_branch_dag to 2024-07-18 00:00:00+00:00, run_after=2024-07-19 00:00:00+00:00
[2024-07-19T06:35:54.758+0000] {processor.py:183} INFO - Processing /home/airflow/.local/lib/python3.12/site-packages/airflow/example_dags/example_nested_branch_dag.py took 0.095 seconds
[2024-07-19T06:36:24.989+0000] {processor.py:161} INFO - Started process (PID=9118) to work on /home/airflow/.local/lib/python3.12/site-packages/airflow/example_dags/example_nested_branch_dag.py
[2024-07-19T06:36:24.991+0000] {processor.py:830} INFO - Processing file /home/airflow/.local/lib/python3.12/site-packages/airflow/example_dags/example_nested_branch_dag.py for tasks to queue
[2024-07-19T06:36:24.993+0000] {logging_mixin.py:188} INFO - [2024-07-19T06:36:24.992+0000] {dagbag.py:545} INFO - Filling up the DagBag from /home/airflow/.local/lib/python3.12/site-packages/airflow/example_dags/example_nested_branch_dag.py
[2024-07-19T06:36:25.008+0000] {processor.py:840} INFO - DAG(s) 'example_nested_branch_dag' retrieved from /home/airflow/.local/lib/python3.12/site-packages/airflow/example_dags/example_nested_branch_dag.py
[2024-07-19T06:36:25.047+0000] {logging_mixin.py:188} INFO - [2024-07-19T06:36:25.046+0000] {dag.py:3089} INFO - Sync 1 DAGs
[2024-07-19T06:36:25.078+0000] {logging_mixin.py:188} INFO - [2024-07-19T06:36:25.078+0000] {dag.py:3947} INFO - Setting next_dagrun for example_nested_branch_dag to 2024-07-18 00:00:00+00:00, run_after=2024-07-19 00:00:00+00:00
[2024-07-19T06:36:25.106+0000] {processor.py:183} INFO - Processing /home/airflow/.local/lib/python3.12/site-packages/airflow/example_dags/example_nested_branch_dag.py took 0.126 seconds
[2024-07-19T06:36:55.969+0000] {processor.py:161} INFO - Started process (PID=9178) to work on /home/airflow/.local/lib/python3.12/site-packages/airflow/example_dags/example_nested_branch_dag.py
[2024-07-19T06:36:55.973+0000] {processor.py:830} INFO - Processing file /home/airflow/.local/lib/python3.12/site-packages/airflow/example_dags/example_nested_branch_dag.py for tasks to queue
[2024-07-19T06:36:55.976+0000] {logging_mixin.py:188} INFO - [2024-07-19T06:36:55.975+0000] {dagbag.py:545} INFO - Filling up the DagBag from /home/airflow/.local/lib/python3.12/site-packages/airflow/example_dags/example_nested_branch_dag.py
[2024-07-19T06:36:55.994+0000] {processor.py:840} INFO - DAG(s) 'example_nested_branch_dag' retrieved from /home/airflow/.local/lib/python3.12/site-packages/airflow/example_dags/example_nested_branch_dag.py
[2024-07-19T06:36:56.097+0000] {logging_mixin.py:188} INFO - [2024-07-19T06:36:56.096+0000] {dag.py:3089} INFO - Sync 1 DAGs
[2024-07-19T06:36:56.196+0000] {logging_mixin.py:188} INFO - [2024-07-19T06:36:56.196+0000] {dag.py:3947} INFO - Setting next_dagrun for example_nested_branch_dag to 2024-07-18 00:00:00+00:00, run_after=2024-07-19 00:00:00+00:00
[2024-07-19T06:36:56.223+0000] {processor.py:183} INFO - Processing /home/airflow/.local/lib/python3.12/site-packages/airflow/example_dags/example_nested_branch_dag.py took 0.267 seconds
[2024-07-19T06:37:27.035+0000] {processor.py:161} INFO - Started process (PID=9238) to work on /home/airflow/.local/lib/python3.12/site-packages/airflow/example_dags/example_nested_branch_dag.py
[2024-07-19T06:37:27.037+0000] {processor.py:830} INFO - Processing file /home/airflow/.local/lib/python3.12/site-packages/airflow/example_dags/example_nested_branch_dag.py for tasks to queue
[2024-07-19T06:37:27.039+0000] {logging_mixin.py:188} INFO - [2024-07-19T06:37:27.039+0000] {dagbag.py:545} INFO - Filling up the DagBag from /home/airflow/.local/lib/python3.12/site-packages/airflow/example_dags/example_nested_branch_dag.py
[2024-07-19T06:37:27.053+0000] {processor.py:840} INFO - DAG(s) 'example_nested_branch_dag' retrieved from /home/airflow/.local/lib/python3.12/site-packages/airflow/example_dags/example_nested_branch_dag.py
[2024-07-19T06:37:27.085+0000] {logging_mixin.py:188} INFO - [2024-07-19T06:37:27.084+0000] {dag.py:3089} INFO - Sync 1 DAGs
[2024-07-19T06:37:27.115+0000] {logging_mixin.py:188} INFO - [2024-07-19T06:37:27.114+0000] {dag.py:3947} INFO - Setting next_dagrun for example_nested_branch_dag to 2024-07-18 00:00:00+00:00, run_after=2024-07-19 00:00:00+00:00
[2024-07-19T06:37:27.142+0000] {processor.py:183} INFO - Processing /home/airflow/.local/lib/python3.12/site-packages/airflow/example_dags/example_nested_branch_dag.py took 0.117 seconds
[2024-07-19T06:37:58.666+0000] {processor.py:161} INFO - Started process (PID=9298) to work on /home/airflow/.local/lib/python3.12/site-packages/airflow/example_dags/example_nested_branch_dag.py
[2024-07-19T06:37:58.668+0000] {processor.py:830} INFO - Processing file /home/airflow/.local/lib/python3.12/site-packages/airflow/example_dags/example_nested_branch_dag.py for tasks to queue
[2024-07-19T06:37:58.672+0000] {logging_mixin.py:188} INFO - [2024-07-19T06:37:58.671+0000] {dagbag.py:545} INFO - Filling up the DagBag from /home/airflow/.local/lib/python3.12/site-packages/airflow/example_dags/example_nested_branch_dag.py
[2024-07-19T06:37:58.713+0000] {processor.py:840} INFO - DAG(s) 'example_nested_branch_dag' retrieved from /home/airflow/.local/lib/python3.12/site-packages/airflow/example_dags/example_nested_branch_dag.py
[2024-07-19T06:37:58.775+0000] {logging_mixin.py:188} INFO - [2024-07-19T06:37:58.774+0000] {dag.py:3089} INFO - Sync 1 DAGs
[2024-07-19T06:37:59.191+0000] {logging_mixin.py:188} INFO - [2024-07-19T06:37:59.190+0000] {dag.py:3947} INFO - Setting next_dagrun for example_nested_branch_dag to 2024-07-18 00:00:00+00:00, run_after=2024-07-19 00:00:00+00:00
[2024-07-19T06:37:59.229+0000] {processor.py:183} INFO - Processing /home/airflow/.local/lib/python3.12/site-packages/airflow/example_dags/example_nested_branch_dag.py took 0.585 seconds
[2024-07-19T06:38:29.542+0000] {processor.py:161} INFO - Started process (PID=9358) to work on /home/airflow/.local/lib/python3.12/site-packages/airflow/example_dags/example_nested_branch_dag.py
[2024-07-19T06:38:29.546+0000] {processor.py:830} INFO - Processing file /home/airflow/.local/lib/python3.12/site-packages/airflow/example_dags/example_nested_branch_dag.py for tasks to queue
[2024-07-19T06:38:29.548+0000] {logging_mixin.py:188} INFO - [2024-07-19T06:38:29.547+0000] {dagbag.py:545} INFO - Filling up the DagBag from /home/airflow/.local/lib/python3.12/site-packages/airflow/example_dags/example_nested_branch_dag.py
[2024-07-19T06:38:29.562+0000] {processor.py:840} INFO - DAG(s) 'example_nested_branch_dag' retrieved from /home/airflow/.local/lib/python3.12/site-packages/airflow/example_dags/example_nested_branch_dag.py
[2024-07-19T06:38:29.589+0000] {logging_mixin.py:188} INFO - [2024-07-19T06:38:29.589+0000] {dag.py:3089} INFO - Sync 1 DAGs
[2024-07-19T06:38:29.616+0000] {logging_mixin.py:188} INFO - [2024-07-19T06:38:29.616+0000] {dag.py:3947} INFO - Setting next_dagrun for example_nested_branch_dag to 2024-07-18 00:00:00+00:00, run_after=2024-07-19 00:00:00+00:00
[2024-07-19T06:38:29.639+0000] {processor.py:183} INFO - Processing /home/airflow/.local/lib/python3.12/site-packages/airflow/example_dags/example_nested_branch_dag.py took 0.104 seconds
[2024-07-19T06:39:00.038+0000] {processor.py:161} INFO - Started process (PID=9418) to work on /home/airflow/.local/lib/python3.12/site-packages/airflow/example_dags/example_nested_branch_dag.py
[2024-07-19T06:39:00.042+0000] {processor.py:830} INFO - Processing file /home/airflow/.local/lib/python3.12/site-packages/airflow/example_dags/example_nested_branch_dag.py for tasks to queue
[2024-07-19T06:39:00.045+0000] {logging_mixin.py:188} INFO - [2024-07-19T06:39:00.045+0000] {dagbag.py:545} INFO - Filling up the DagBag from /home/airflow/.local/lib/python3.12/site-packages/airflow/example_dags/example_nested_branch_dag.py
[2024-07-19T06:39:00.067+0000] {processor.py:840} INFO - DAG(s) 'example_nested_branch_dag' retrieved from /home/airflow/.local/lib/python3.12/site-packages/airflow/example_dags/example_nested_branch_dag.py
[2024-07-19T06:39:00.108+0000] {logging_mixin.py:188} INFO - [2024-07-19T06:39:00.107+0000] {dag.py:3089} INFO - Sync 1 DAGs
[2024-07-19T06:39:00.141+0000] {logging_mixin.py:188} INFO - [2024-07-19T06:39:00.141+0000] {dag.py:3947} INFO - Setting next_dagrun for example_nested_branch_dag to 2024-07-18 00:00:00+00:00, run_after=2024-07-19 00:00:00+00:00
[2024-07-19T06:39:00.166+0000] {processor.py:183} INFO - Processing /home/airflow/.local/lib/python3.12/site-packages/airflow/example_dags/example_nested_branch_dag.py took 0.144 seconds
