[2024-07-19T00:38:12.788+0000] {processor.py:161} INFO - Started process (PID=6070) to work on /home/airflow/.local/lib/python3.12/site-packages/airflow/example_dags/example_branch_operator.py
[2024-07-19T00:38:12.789+0000] {processor.py:830} INFO - Processing file /home/airflow/.local/lib/python3.12/site-packages/airflow/example_dags/example_branch_operator.py for tasks to queue
[2024-07-19T00:38:12.791+0000] {logging_mixin.py:188} INFO - [2024-07-19T00:38:12.790+0000] {dagbag.py:545} INFO - Filling up the DagBag from /home/airflow/.local/lib/python3.12/site-packages/airflow/example_dags/example_branch_operator.py
[2024-07-19T00:38:12.812+0000] {processor.py:840} INFO - DAG(s) 'example_branch_operator' retrieved from /home/airflow/.local/lib/python3.12/site-packages/airflow/example_dags/example_branch_operator.py
[2024-07-19T00:38:12.852+0000] {logging_mixin.py:188} INFO - [2024-07-19T00:38:12.852+0000] {dag.py:3089} INFO - Sync 1 DAGs
[2024-07-19T00:38:12.879+0000] {logging_mixin.py:188} INFO - [2024-07-19T00:38:12.879+0000] {dag.py:3947} INFO - Setting next_dagrun for example_branch_operator to 2024-07-18 00:00:00+00:00, run_after=2024-07-19 00:00:00+00:00
[2024-07-19T00:38:12.902+0000] {processor.py:183} INFO - Processing /home/airflow/.local/lib/python3.12/site-packages/airflow/example_dags/example_branch_operator.py took 0.122 seconds
[2024-07-19T02:38:44.120+0000] {processor.py:161} INFO - Started process (PID=6130) to work on /home/airflow/.local/lib/python3.12/site-packages/airflow/example_dags/example_branch_operator.py
[2024-07-19T02:38:44.122+0000] {processor.py:830} INFO - Processing file /home/airflow/.local/lib/python3.12/site-packages/airflow/example_dags/example_branch_operator.py for tasks to queue
[2024-07-19T02:38:44.124+0000] {logging_mixin.py:188} INFO - [2024-07-19T02:38:44.123+0000] {dagbag.py:545} INFO - Filling up the DagBag from /home/airflow/.local/lib/python3.12/site-packages/airflow/example_dags/example_branch_operator.py
[2024-07-19T02:38:44.162+0000] {processor.py:840} INFO - DAG(s) 'example_branch_operator' retrieved from /home/airflow/.local/lib/python3.12/site-packages/airflow/example_dags/example_branch_operator.py
[2024-07-19T02:38:44.214+0000] {logging_mixin.py:188} INFO - [2024-07-19T02:38:44.214+0000] {dag.py:3089} INFO - Sync 1 DAGs
[2024-07-19T02:38:44.255+0000] {logging_mixin.py:188} INFO - [2024-07-19T02:38:44.254+0000] {dag.py:3947} INFO - Setting next_dagrun for example_branch_operator to 2024-07-18 00:00:00+00:00, run_after=2024-07-19 00:00:00+00:00
[2024-07-19T02:38:44.287+0000] {processor.py:183} INFO - Processing /home/airflow/.local/lib/python3.12/site-packages/airflow/example_dags/example_branch_operator.py took 0.178 seconds
[2024-07-19T05:26:55.816+0000] {processor.py:161} INFO - Started process (PID=6190) to work on /home/airflow/.local/lib/python3.12/site-packages/airflow/example_dags/example_branch_operator.py
[2024-07-19T05:26:55.818+0000] {processor.py:830} INFO - Processing file /home/airflow/.local/lib/python3.12/site-packages/airflow/example_dags/example_branch_operator.py for tasks to queue
[2024-07-19T05:26:55.819+0000] {logging_mixin.py:188} INFO - [2024-07-19T05:26:55.819+0000] {dagbag.py:545} INFO - Filling up the DagBag from /home/airflow/.local/lib/python3.12/site-packages/airflow/example_dags/example_branch_operator.py
[2024-07-19T05:26:55.842+0000] {processor.py:840} INFO - DAG(s) 'example_branch_operator' retrieved from /home/airflow/.local/lib/python3.12/site-packages/airflow/example_dags/example_branch_operator.py
[2024-07-19T05:26:55.883+0000] {logging_mixin.py:188} INFO - [2024-07-19T05:26:55.882+0000] {dag.py:3089} INFO - Sync 1 DAGs
[2024-07-19T05:26:55.911+0000] {logging_mixin.py:188} INFO - [2024-07-19T05:26:55.911+0000] {dag.py:3947} INFO - Setting next_dagrun for example_branch_operator to 2024-07-18 00:00:00+00:00, run_after=2024-07-19 00:00:00+00:00
[2024-07-19T05:26:55.934+0000] {processor.py:183} INFO - Processing /home/airflow/.local/lib/python3.12/site-packages/airflow/example_dags/example_branch_operator.py took 0.125 seconds
[2024-07-19T06:12:00.267+0000] {processor.py:161} INFO - Started process (PID=6244) to work on /home/airflow/.local/lib/python3.12/site-packages/airflow/example_dags/example_branch_operator.py
[2024-07-19T06:12:00.268+0000] {processor.py:830} INFO - Processing file /home/airflow/.local/lib/python3.12/site-packages/airflow/example_dags/example_branch_operator.py for tasks to queue
[2024-07-19T06:12:00.270+0000] {logging_mixin.py:188} INFO - [2024-07-19T06:12:00.269+0000] {dagbag.py:545} INFO - Filling up the DagBag from /home/airflow/.local/lib/python3.12/site-packages/airflow/example_dags/example_branch_operator.py
[2024-07-19T06:12:00.288+0000] {processor.py:840} INFO - DAG(s) 'example_branch_operator' retrieved from /home/airflow/.local/lib/python3.12/site-packages/airflow/example_dags/example_branch_operator.py
[2024-07-19T06:12:00.319+0000] {logging_mixin.py:188} INFO - [2024-07-19T06:12:00.319+0000] {dag.py:3089} INFO - Sync 1 DAGs
[2024-07-19T06:12:00.340+0000] {logging_mixin.py:188} INFO - [2024-07-19T06:12:00.340+0000] {dag.py:3947} INFO - Setting next_dagrun for example_branch_operator to 2024-07-18 00:00:00+00:00, run_after=2024-07-19 00:00:00+00:00
[2024-07-19T06:12:00.359+0000] {processor.py:183} INFO - Processing /home/airflow/.local/lib/python3.12/site-packages/airflow/example_dags/example_branch_operator.py took 0.100 seconds
[2024-07-19T06:12:31.482+0000] {processor.py:161} INFO - Started process (PID=6304) to work on /home/airflow/.local/lib/python3.12/site-packages/airflow/example_dags/example_branch_operator.py
[2024-07-19T06:12:31.483+0000] {processor.py:830} INFO - Processing file /home/airflow/.local/lib/python3.12/site-packages/airflow/example_dags/example_branch_operator.py for tasks to queue
[2024-07-19T06:12:31.485+0000] {logging_mixin.py:188} INFO - [2024-07-19T06:12:31.484+0000] {dagbag.py:545} INFO - Filling up the DagBag from /home/airflow/.local/lib/python3.12/site-packages/airflow/example_dags/example_branch_operator.py
[2024-07-19T06:12:31.510+0000] {processor.py:840} INFO - DAG(s) 'example_branch_operator' retrieved from /home/airflow/.local/lib/python3.12/site-packages/airflow/example_dags/example_branch_operator.py
[2024-07-19T06:12:31.552+0000] {logging_mixin.py:188} INFO - [2024-07-19T06:12:31.552+0000] {dag.py:3089} INFO - Sync 1 DAGs
[2024-07-19T06:12:31.580+0000] {logging_mixin.py:188} INFO - [2024-07-19T06:12:31.580+0000] {dag.py:3947} INFO - Setting next_dagrun for example_branch_operator to 2024-07-18 00:00:00+00:00, run_after=2024-07-19 00:00:00+00:00
[2024-07-19T06:12:31.604+0000] {processor.py:183} INFO - Processing /home/airflow/.local/lib/python3.12/site-packages/airflow/example_dags/example_branch_operator.py took 0.131 seconds
[2024-07-19T06:13:02.468+0000] {processor.py:161} INFO - Started process (PID=6364) to work on /home/airflow/.local/lib/python3.12/site-packages/airflow/example_dags/example_branch_operator.py
[2024-07-19T06:13:02.474+0000] {processor.py:830} INFO - Processing file /home/airflow/.local/lib/python3.12/site-packages/airflow/example_dags/example_branch_operator.py for tasks to queue
[2024-07-19T06:13:02.476+0000] {logging_mixin.py:188} INFO - [2024-07-19T06:13:02.475+0000] {dagbag.py:545} INFO - Filling up the DagBag from /home/airflow/.local/lib/python3.12/site-packages/airflow/example_dags/example_branch_operator.py
[2024-07-19T06:13:02.503+0000] {processor.py:840} INFO - DAG(s) 'example_branch_operator' retrieved from /home/airflow/.local/lib/python3.12/site-packages/airflow/example_dags/example_branch_operator.py
[2024-07-19T06:13:02.551+0000] {logging_mixin.py:188} INFO - [2024-07-19T06:13:02.550+0000] {dag.py:3089} INFO - Sync 1 DAGs
[2024-07-19T06:13:02.591+0000] {logging_mixin.py:188} INFO - [2024-07-19T06:13:02.591+0000] {dag.py:3947} INFO - Setting next_dagrun for example_branch_operator to 2024-07-18 00:00:00+00:00, run_after=2024-07-19 00:00:00+00:00
[2024-07-19T06:13:02.625+0000] {processor.py:183} INFO - Processing /home/airflow/.local/lib/python3.12/site-packages/airflow/example_dags/example_branch_operator.py took 0.167 seconds
[2024-07-19T06:13:32.793+0000] {processor.py:161} INFO - Started process (PID=6424) to work on /home/airflow/.local/lib/python3.12/site-packages/airflow/example_dags/example_branch_operator.py
[2024-07-19T06:13:32.794+0000] {processor.py:830} INFO - Processing file /home/airflow/.local/lib/python3.12/site-packages/airflow/example_dags/example_branch_operator.py for tasks to queue
[2024-07-19T06:13:32.796+0000] {logging_mixin.py:188} INFO - [2024-07-19T06:13:32.795+0000] {dagbag.py:545} INFO - Filling up the DagBag from /home/airflow/.local/lib/python3.12/site-packages/airflow/example_dags/example_branch_operator.py
[2024-07-19T06:13:32.822+0000] {processor.py:840} INFO - DAG(s) 'example_branch_operator' retrieved from /home/airflow/.local/lib/python3.12/site-packages/airflow/example_dags/example_branch_operator.py
[2024-07-19T06:13:32.861+0000] {logging_mixin.py:188} INFO - [2024-07-19T06:13:32.861+0000] {dag.py:3089} INFO - Sync 1 DAGs
[2024-07-19T06:13:32.888+0000] {logging_mixin.py:188} INFO - [2024-07-19T06:13:32.888+0000] {dag.py:3947} INFO - Setting next_dagrun for example_branch_operator to 2024-07-18 00:00:00+00:00, run_after=2024-07-19 00:00:00+00:00
[2024-07-19T06:13:32.909+0000] {processor.py:183} INFO - Processing /home/airflow/.local/lib/python3.12/site-packages/airflow/example_dags/example_branch_operator.py took 0.126 seconds
[2024-07-19T06:14:03.413+0000] {processor.py:161} INFO - Started process (PID=6484) to work on /home/airflow/.local/lib/python3.12/site-packages/airflow/example_dags/example_branch_operator.py
[2024-07-19T06:14:03.415+0000] {processor.py:830} INFO - Processing file /home/airflow/.local/lib/python3.12/site-packages/airflow/example_dags/example_branch_operator.py for tasks to queue
[2024-07-19T06:14:03.417+0000] {logging_mixin.py:188} INFO - [2024-07-19T06:14:03.416+0000] {dagbag.py:545} INFO - Filling up the DagBag from /home/airflow/.local/lib/python3.12/site-packages/airflow/example_dags/example_branch_operator.py
[2024-07-19T06:14:03.444+0000] {processor.py:840} INFO - DAG(s) 'example_branch_operator' retrieved from /home/airflow/.local/lib/python3.12/site-packages/airflow/example_dags/example_branch_operator.py
[2024-07-19T06:14:03.489+0000] {logging_mixin.py:188} INFO - [2024-07-19T06:14:03.488+0000] {dag.py:3089} INFO - Sync 1 DAGs
[2024-07-19T06:14:03.520+0000] {logging_mixin.py:188} INFO - [2024-07-19T06:14:03.519+0000] {dag.py:3947} INFO - Setting next_dagrun for example_branch_operator to 2024-07-18 00:00:00+00:00, run_after=2024-07-19 00:00:00+00:00
[2024-07-19T06:14:03.548+0000] {processor.py:183} INFO - Processing /home/airflow/.local/lib/python3.12/site-packages/airflow/example_dags/example_branch_operator.py took 0.146 seconds
[2024-07-19T06:14:34.412+0000] {processor.py:161} INFO - Started process (PID=6550) to work on /home/airflow/.local/lib/python3.12/site-packages/airflow/example_dags/example_branch_operator.py
[2024-07-19T06:14:34.414+0000] {processor.py:830} INFO - Processing file /home/airflow/.local/lib/python3.12/site-packages/airflow/example_dags/example_branch_operator.py for tasks to queue
[2024-07-19T06:14:34.416+0000] {logging_mixin.py:188} INFO - [2024-07-19T06:14:34.415+0000] {dagbag.py:545} INFO - Filling up the DagBag from /home/airflow/.local/lib/python3.12/site-packages/airflow/example_dags/example_branch_operator.py
[2024-07-19T06:14:34.444+0000] {processor.py:840} INFO - DAG(s) 'example_branch_operator' retrieved from /home/airflow/.local/lib/python3.12/site-packages/airflow/example_dags/example_branch_operator.py
[2024-07-19T06:14:34.514+0000] {logging_mixin.py:188} INFO - [2024-07-19T06:14:34.513+0000] {dag.py:3089} INFO - Sync 1 DAGs
[2024-07-19T06:14:34.542+0000] {logging_mixin.py:188} INFO - [2024-07-19T06:14:34.542+0000] {dag.py:3947} INFO - Setting next_dagrun for example_branch_operator to 2024-07-18 00:00:00+00:00, run_after=2024-07-19 00:00:00+00:00
[2024-07-19T06:14:34.566+0000] {processor.py:183} INFO - Processing /home/airflow/.local/lib/python3.12/site-packages/airflow/example_dags/example_branch_operator.py took 0.162 seconds
[2024-07-19T06:15:05.244+0000] {processor.py:161} INFO - Started process (PID=6610) to work on /home/airflow/.local/lib/python3.12/site-packages/airflow/example_dags/example_branch_operator.py
[2024-07-19T06:15:05.246+0000] {processor.py:830} INFO - Processing file /home/airflow/.local/lib/python3.12/site-packages/airflow/example_dags/example_branch_operator.py for tasks to queue
[2024-07-19T06:15:05.248+0000] {logging_mixin.py:188} INFO - [2024-07-19T06:15:05.248+0000] {dagbag.py:545} INFO - Filling up the DagBag from /home/airflow/.local/lib/python3.12/site-packages/airflow/example_dags/example_branch_operator.py
[2024-07-19T06:15:05.273+0000] {processor.py:840} INFO - DAG(s) 'example_branch_operator' retrieved from /home/airflow/.local/lib/python3.12/site-packages/airflow/example_dags/example_branch_operator.py
[2024-07-19T06:15:05.315+0000] {logging_mixin.py:188} INFO - [2024-07-19T06:15:05.315+0000] {dag.py:3089} INFO - Sync 1 DAGs
[2024-07-19T06:15:05.353+0000] {logging_mixin.py:188} INFO - [2024-07-19T06:15:05.352+0000] {dag.py:3947} INFO - Setting next_dagrun for example_branch_operator to 2024-07-18 00:00:00+00:00, run_after=2024-07-19 00:00:00+00:00
[2024-07-19T06:15:05.379+0000] {processor.py:183} INFO - Processing /home/airflow/.local/lib/python3.12/site-packages/airflow/example_dags/example_branch_operator.py took 0.143 seconds
[2024-07-19T06:15:35.892+0000] {processor.py:161} INFO - Started process (PID=6670) to work on /home/airflow/.local/lib/python3.12/site-packages/airflow/example_dags/example_branch_operator.py
[2024-07-19T06:15:35.894+0000] {processor.py:830} INFO - Processing file /home/airflow/.local/lib/python3.12/site-packages/airflow/example_dags/example_branch_operator.py for tasks to queue
[2024-07-19T06:15:35.896+0000] {logging_mixin.py:188} INFO - [2024-07-19T06:15:35.896+0000] {dagbag.py:545} INFO - Filling up the DagBag from /home/airflow/.local/lib/python3.12/site-packages/airflow/example_dags/example_branch_operator.py
[2024-07-19T06:15:35.930+0000] {processor.py:840} INFO - DAG(s) 'example_branch_operator' retrieved from /home/airflow/.local/lib/python3.12/site-packages/airflow/example_dags/example_branch_operator.py
[2024-07-19T06:15:35.998+0000] {logging_mixin.py:188} INFO - [2024-07-19T06:15:35.998+0000] {dag.py:3089} INFO - Sync 1 DAGs
[2024-07-19T06:15:36.047+0000] {logging_mixin.py:188} INFO - [2024-07-19T06:15:36.046+0000] {dag.py:3947} INFO - Setting next_dagrun for example_branch_operator to 2024-07-18 00:00:00+00:00, run_after=2024-07-19 00:00:00+00:00
[2024-07-19T06:15:36.074+0000] {processor.py:183} INFO - Processing /home/airflow/.local/lib/python3.12/site-packages/airflow/example_dags/example_branch_operator.py took 0.194 seconds
[2024-07-19T06:16:06.882+0000] {processor.py:161} INFO - Started process (PID=6730) to work on /home/airflow/.local/lib/python3.12/site-packages/airflow/example_dags/example_branch_operator.py
[2024-07-19T06:16:06.885+0000] {processor.py:830} INFO - Processing file /home/airflow/.local/lib/python3.12/site-packages/airflow/example_dags/example_branch_operator.py for tasks to queue
[2024-07-19T06:16:06.889+0000] {logging_mixin.py:188} INFO - [2024-07-19T06:16:06.887+0000] {dagbag.py:545} INFO - Filling up the DagBag from /home/airflow/.local/lib/python3.12/site-packages/airflow/example_dags/example_branch_operator.py
[2024-07-19T06:16:06.934+0000] {processor.py:840} INFO - DAG(s) 'example_branch_operator' retrieved from /home/airflow/.local/lib/python3.12/site-packages/airflow/example_dags/example_branch_operator.py
[2024-07-19T06:16:07.016+0000] {logging_mixin.py:188} INFO - [2024-07-19T06:16:07.015+0000] {dag.py:3089} INFO - Sync 1 DAGs
[2024-07-19T06:16:07.071+0000] {logging_mixin.py:188} INFO - [2024-07-19T06:16:07.070+0000] {dag.py:3947} INFO - Setting next_dagrun for example_branch_operator to 2024-07-18 00:00:00+00:00, run_after=2024-07-19 00:00:00+00:00
[2024-07-19T06:16:07.105+0000] {processor.py:183} INFO - Processing /home/airflow/.local/lib/python3.12/site-packages/airflow/example_dags/example_branch_operator.py took 0.238 seconds
[2024-07-19T06:16:37.603+0000] {processor.py:161} INFO - Started process (PID=6790) to work on /home/airflow/.local/lib/python3.12/site-packages/airflow/example_dags/example_branch_operator.py
[2024-07-19T06:16:37.604+0000] {processor.py:830} INFO - Processing file /home/airflow/.local/lib/python3.12/site-packages/airflow/example_dags/example_branch_operator.py for tasks to queue
[2024-07-19T06:16:37.606+0000] {logging_mixin.py:188} INFO - [2024-07-19T06:16:37.605+0000] {dagbag.py:545} INFO - Filling up the DagBag from /home/airflow/.local/lib/python3.12/site-packages/airflow/example_dags/example_branch_operator.py
[2024-07-19T06:16:37.630+0000] {processor.py:840} INFO - DAG(s) 'example_branch_operator' retrieved from /home/airflow/.local/lib/python3.12/site-packages/airflow/example_dags/example_branch_operator.py
[2024-07-19T06:16:37.669+0000] {logging_mixin.py:188} INFO - [2024-07-19T06:16:37.668+0000] {dag.py:3089} INFO - Sync 1 DAGs
[2024-07-19T06:16:37.696+0000] {logging_mixin.py:188} INFO - [2024-07-19T06:16:37.696+0000] {dag.py:3947} INFO - Setting next_dagrun for example_branch_operator to 2024-07-18 00:00:00+00:00, run_after=2024-07-19 00:00:00+00:00
[2024-07-19T06:16:37.719+0000] {processor.py:183} INFO - Processing /home/airflow/.local/lib/python3.12/site-packages/airflow/example_dags/example_branch_operator.py took 0.125 seconds
[2024-07-19T06:17:07.975+0000] {processor.py:161} INFO - Started process (PID=6850) to work on /home/airflow/.local/lib/python3.12/site-packages/airflow/example_dags/example_branch_operator.py
[2024-07-19T06:17:07.977+0000] {processor.py:830} INFO - Processing file /home/airflow/.local/lib/python3.12/site-packages/airflow/example_dags/example_branch_operator.py for tasks to queue
[2024-07-19T06:17:07.978+0000] {logging_mixin.py:188} INFO - [2024-07-19T06:17:07.978+0000] {dagbag.py:545} INFO - Filling up the DagBag from /home/airflow/.local/lib/python3.12/site-packages/airflow/example_dags/example_branch_operator.py
[2024-07-19T06:17:08.001+0000] {processor.py:840} INFO - DAG(s) 'example_branch_operator' retrieved from /home/airflow/.local/lib/python3.12/site-packages/airflow/example_dags/example_branch_operator.py
[2024-07-19T06:17:08.041+0000] {logging_mixin.py:188} INFO - [2024-07-19T06:17:08.041+0000] {dag.py:3089} INFO - Sync 1 DAGs
[2024-07-19T06:17:08.068+0000] {logging_mixin.py:188} INFO - [2024-07-19T06:17:08.068+0000] {dag.py:3947} INFO - Setting next_dagrun for example_branch_operator to 2024-07-18 00:00:00+00:00, run_after=2024-07-19 00:00:00+00:00
[2024-07-19T06:17:08.091+0000] {processor.py:183} INFO - Processing /home/airflow/.local/lib/python3.12/site-packages/airflow/example_dags/example_branch_operator.py took 0.125 seconds
[2024-07-19T06:17:38.209+0000] {processor.py:161} INFO - Started process (PID=6910) to work on /home/airflow/.local/lib/python3.12/site-packages/airflow/example_dags/example_branch_operator.py
[2024-07-19T06:17:38.210+0000] {processor.py:830} INFO - Processing file /home/airflow/.local/lib/python3.12/site-packages/airflow/example_dags/example_branch_operator.py for tasks to queue
[2024-07-19T06:17:38.212+0000] {logging_mixin.py:188} INFO - [2024-07-19T06:17:38.211+0000] {dagbag.py:545} INFO - Filling up the DagBag from /home/airflow/.local/lib/python3.12/site-packages/airflow/example_dags/example_branch_operator.py
[2024-07-19T06:17:38.235+0000] {processor.py:840} INFO - DAG(s) 'example_branch_operator' retrieved from /home/airflow/.local/lib/python3.12/site-packages/airflow/example_dags/example_branch_operator.py
[2024-07-19T06:17:38.276+0000] {logging_mixin.py:188} INFO - [2024-07-19T06:17:38.276+0000] {dag.py:3089} INFO - Sync 1 DAGs
[2024-07-19T06:17:38.305+0000] {logging_mixin.py:188} INFO - [2024-07-19T06:17:38.305+0000] {dag.py:3947} INFO - Setting next_dagrun for example_branch_operator to 2024-07-18 00:00:00+00:00, run_after=2024-07-19 00:00:00+00:00
[2024-07-19T06:17:38.332+0000] {processor.py:183} INFO - Processing /home/airflow/.local/lib/python3.12/site-packages/airflow/example_dags/example_branch_operator.py took 0.131 seconds
[2024-07-19T06:18:09.421+0000] {processor.py:161} INFO - Started process (PID=6970) to work on /home/airflow/.local/lib/python3.12/site-packages/airflow/example_dags/example_branch_operator.py
[2024-07-19T06:18:09.423+0000] {processor.py:830} INFO - Processing file /home/airflow/.local/lib/python3.12/site-packages/airflow/example_dags/example_branch_operator.py for tasks to queue
[2024-07-19T06:18:09.424+0000] {logging_mixin.py:188} INFO - [2024-07-19T06:18:09.424+0000] {dagbag.py:545} INFO - Filling up the DagBag from /home/airflow/.local/lib/python3.12/site-packages/airflow/example_dags/example_branch_operator.py
[2024-07-19T06:18:09.451+0000] {processor.py:840} INFO - DAG(s) 'example_branch_operator' retrieved from /home/airflow/.local/lib/python3.12/site-packages/airflow/example_dags/example_branch_operator.py
[2024-07-19T06:18:09.493+0000] {logging_mixin.py:188} INFO - [2024-07-19T06:18:09.492+0000] {dag.py:3089} INFO - Sync 1 DAGs
[2024-07-19T06:18:09.519+0000] {logging_mixin.py:188} INFO - [2024-07-19T06:18:09.519+0000] {dag.py:3947} INFO - Setting next_dagrun for example_branch_operator to 2024-07-18 00:00:00+00:00, run_after=2024-07-19 00:00:00+00:00
[2024-07-19T06:18:09.543+0000] {processor.py:183} INFO - Processing /home/airflow/.local/lib/python3.12/site-packages/airflow/example_dags/example_branch_operator.py took 0.130 seconds
[2024-07-19T06:18:40.025+0000] {processor.py:161} INFO - Started process (PID=7030) to work on /home/airflow/.local/lib/python3.12/site-packages/airflow/example_dags/example_branch_operator.py
[2024-07-19T06:18:40.026+0000] {processor.py:830} INFO - Processing file /home/airflow/.local/lib/python3.12/site-packages/airflow/example_dags/example_branch_operator.py for tasks to queue
[2024-07-19T06:18:40.028+0000] {logging_mixin.py:188} INFO - [2024-07-19T06:18:40.027+0000] {dagbag.py:545} INFO - Filling up the DagBag from /home/airflow/.local/lib/python3.12/site-packages/airflow/example_dags/example_branch_operator.py
[2024-07-19T06:18:40.051+0000] {processor.py:840} INFO - DAG(s) 'example_branch_operator' retrieved from /home/airflow/.local/lib/python3.12/site-packages/airflow/example_dags/example_branch_operator.py
[2024-07-19T06:18:40.088+0000] {logging_mixin.py:188} INFO - [2024-07-19T06:18:40.088+0000] {dag.py:3089} INFO - Sync 1 DAGs
[2024-07-19T06:18:40.114+0000] {logging_mixin.py:188} INFO - [2024-07-19T06:18:40.113+0000] {dag.py:3947} INFO - Setting next_dagrun for example_branch_operator to 2024-07-18 00:00:00+00:00, run_after=2024-07-19 00:00:00+00:00
[2024-07-19T06:18:40.134+0000] {processor.py:183} INFO - Processing /home/airflow/.local/lib/python3.12/site-packages/airflow/example_dags/example_branch_operator.py took 0.118 seconds
[2024-07-19T06:19:10.225+0000] {processor.py:161} INFO - Started process (PID=7090) to work on /home/airflow/.local/lib/python3.12/site-packages/airflow/example_dags/example_branch_operator.py
[2024-07-19T06:19:10.226+0000] {processor.py:830} INFO - Processing file /home/airflow/.local/lib/python3.12/site-packages/airflow/example_dags/example_branch_operator.py for tasks to queue
[2024-07-19T06:19:10.228+0000] {logging_mixin.py:188} INFO - [2024-07-19T06:19:10.228+0000] {dagbag.py:545} INFO - Filling up the DagBag from /home/airflow/.local/lib/python3.12/site-packages/airflow/example_dags/example_branch_operator.py
[2024-07-19T06:19:10.252+0000] {processor.py:840} INFO - DAG(s) 'example_branch_operator' retrieved from /home/airflow/.local/lib/python3.12/site-packages/airflow/example_dags/example_branch_operator.py
[2024-07-19T06:19:10.295+0000] {logging_mixin.py:188} INFO - [2024-07-19T06:19:10.295+0000] {dag.py:3089} INFO - Sync 1 DAGs
[2024-07-19T06:19:10.325+0000] {logging_mixin.py:188} INFO - [2024-07-19T06:19:10.325+0000] {dag.py:3947} INFO - Setting next_dagrun for example_branch_operator to 2024-07-18 00:00:00+00:00, run_after=2024-07-19 00:00:00+00:00
[2024-07-19T06:19:10.350+0000] {processor.py:183} INFO - Processing /home/airflow/.local/lib/python3.12/site-packages/airflow/example_dags/example_branch_operator.py took 0.133 seconds
[2024-07-19T06:19:40.395+0000] {processor.py:161} INFO - Started process (PID=7148) to work on /home/airflow/.local/lib/python3.12/site-packages/airflow/example_dags/example_branch_operator.py
[2024-07-19T06:19:40.397+0000] {processor.py:830} INFO - Processing file /home/airflow/.local/lib/python3.12/site-packages/airflow/example_dags/example_branch_operator.py for tasks to queue
[2024-07-19T06:19:40.399+0000] {logging_mixin.py:188} INFO - [2024-07-19T06:19:40.398+0000] {dagbag.py:545} INFO - Filling up the DagBag from /home/airflow/.local/lib/python3.12/site-packages/airflow/example_dags/example_branch_operator.py
[2024-07-19T06:19:40.421+0000] {processor.py:840} INFO - DAG(s) 'example_branch_operator' retrieved from /home/airflow/.local/lib/python3.12/site-packages/airflow/example_dags/example_branch_operator.py
[2024-07-19T06:19:40.465+0000] {logging_mixin.py:188} INFO - [2024-07-19T06:19:40.464+0000] {dag.py:3089} INFO - Sync 1 DAGs
[2024-07-19T06:19:40.499+0000] {logging_mixin.py:188} INFO - [2024-07-19T06:19:40.499+0000] {dag.py:3947} INFO - Setting next_dagrun for example_branch_operator to 2024-07-18 00:00:00+00:00, run_after=2024-07-19 00:00:00+00:00
[2024-07-19T06:19:40.528+0000] {processor.py:183} INFO - Processing /home/airflow/.local/lib/python3.12/site-packages/airflow/example_dags/example_branch_operator.py took 0.142 seconds
[2024-07-19T06:20:11.014+0000] {processor.py:161} INFO - Started process (PID=7208) to work on /home/airflow/.local/lib/python3.12/site-packages/airflow/example_dags/example_branch_operator.py
[2024-07-19T06:20:11.016+0000] {processor.py:830} INFO - Processing file /home/airflow/.local/lib/python3.12/site-packages/airflow/example_dags/example_branch_operator.py for tasks to queue
[2024-07-19T06:20:11.018+0000] {logging_mixin.py:188} INFO - [2024-07-19T06:20:11.018+0000] {dagbag.py:545} INFO - Filling up the DagBag from /home/airflow/.local/lib/python3.12/site-packages/airflow/example_dags/example_branch_operator.py
[2024-07-19T06:20:11.042+0000] {processor.py:840} INFO - DAG(s) 'example_branch_operator' retrieved from /home/airflow/.local/lib/python3.12/site-packages/airflow/example_dags/example_branch_operator.py
[2024-07-19T06:20:11.089+0000] {logging_mixin.py:188} INFO - [2024-07-19T06:20:11.089+0000] {dag.py:3089} INFO - Sync 1 DAGs
[2024-07-19T06:20:11.120+0000] {logging_mixin.py:188} INFO - [2024-07-19T06:20:11.119+0000] {dag.py:3947} INFO - Setting next_dagrun for example_branch_operator to 2024-07-18 00:00:00+00:00, run_after=2024-07-19 00:00:00+00:00
[2024-07-19T06:20:11.144+0000] {processor.py:183} INFO - Processing /home/airflow/.local/lib/python3.12/site-packages/airflow/example_dags/example_branch_operator.py took 0.138 seconds
[2024-07-19T06:20:41.456+0000] {processor.py:161} INFO - Started process (PID=7268) to work on /home/airflow/.local/lib/python3.12/site-packages/airflow/example_dags/example_branch_operator.py
[2024-07-19T06:20:41.457+0000] {processor.py:830} INFO - Processing file /home/airflow/.local/lib/python3.12/site-packages/airflow/example_dags/example_branch_operator.py for tasks to queue
[2024-07-19T06:20:41.459+0000] {logging_mixin.py:188} INFO - [2024-07-19T06:20:41.458+0000] {dagbag.py:545} INFO - Filling up the DagBag from /home/airflow/.local/lib/python3.12/site-packages/airflow/example_dags/example_branch_operator.py
[2024-07-19T06:20:41.481+0000] {processor.py:840} INFO - DAG(s) 'example_branch_operator' retrieved from /home/airflow/.local/lib/python3.12/site-packages/airflow/example_dags/example_branch_operator.py
[2024-07-19T06:20:41.519+0000] {logging_mixin.py:188} INFO - [2024-07-19T06:20:41.518+0000] {dag.py:3089} INFO - Sync 1 DAGs
[2024-07-19T06:20:41.548+0000] {logging_mixin.py:188} INFO - [2024-07-19T06:20:41.548+0000] {dag.py:3947} INFO - Setting next_dagrun for example_branch_operator to 2024-07-18 00:00:00+00:00, run_after=2024-07-19 00:00:00+00:00
[2024-07-19T06:20:41.571+0000] {processor.py:183} INFO - Processing /home/airflow/.local/lib/python3.12/site-packages/airflow/example_dags/example_branch_operator.py took 0.123 seconds
[2024-07-19T06:21:11.666+0000] {processor.py:161} INFO - Started process (PID=7328) to work on /home/airflow/.local/lib/python3.12/site-packages/airflow/example_dags/example_branch_operator.py
[2024-07-19T06:21:11.781+0000] {processor.py:830} INFO - Processing file /home/airflow/.local/lib/python3.12/site-packages/airflow/example_dags/example_branch_operator.py for tasks to queue
[2024-07-19T06:21:11.782+0000] {logging_mixin.py:188} INFO - [2024-07-19T06:21:11.782+0000] {dagbag.py:545} INFO - Filling up the DagBag from /home/airflow/.local/lib/python3.12/site-packages/airflow/example_dags/example_branch_operator.py
[2024-07-19T06:21:11.803+0000] {processor.py:840} INFO - DAG(s) 'example_branch_operator' retrieved from /home/airflow/.local/lib/python3.12/site-packages/airflow/example_dags/example_branch_operator.py
[2024-07-19T06:21:11.840+0000] {logging_mixin.py:188} INFO - [2024-07-19T06:21:11.840+0000] {dag.py:3089} INFO - Sync 1 DAGs
[2024-07-19T06:21:11.868+0000] {logging_mixin.py:188} INFO - [2024-07-19T06:21:11.868+0000] {dag.py:3947} INFO - Setting next_dagrun for example_branch_operator to 2024-07-18 00:00:00+00:00, run_after=2024-07-19 00:00:00+00:00
[2024-07-19T06:21:11.891+0000] {processor.py:183} INFO - Processing /home/airflow/.local/lib/python3.12/site-packages/airflow/example_dags/example_branch_operator.py took 0.236 seconds
[2024-07-19T06:21:42.014+0000] {processor.py:161} INFO - Started process (PID=7388) to work on /home/airflow/.local/lib/python3.12/site-packages/airflow/example_dags/example_branch_operator.py
[2024-07-19T06:21:42.015+0000] {processor.py:830} INFO - Processing file /home/airflow/.local/lib/python3.12/site-packages/airflow/example_dags/example_branch_operator.py for tasks to queue
[2024-07-19T06:21:42.017+0000] {logging_mixin.py:188} INFO - [2024-07-19T06:21:42.016+0000] {dagbag.py:545} INFO - Filling up the DagBag from /home/airflow/.local/lib/python3.12/site-packages/airflow/example_dags/example_branch_operator.py
[2024-07-19T06:21:42.039+0000] {processor.py:840} INFO - DAG(s) 'example_branch_operator' retrieved from /home/airflow/.local/lib/python3.12/site-packages/airflow/example_dags/example_branch_operator.py
[2024-07-19T06:21:42.078+0000] {logging_mixin.py:188} INFO - [2024-07-19T06:21:42.078+0000] {dag.py:3089} INFO - Sync 1 DAGs
[2024-07-19T06:21:42.108+0000] {logging_mixin.py:188} INFO - [2024-07-19T06:21:42.108+0000] {dag.py:3947} INFO - Setting next_dagrun for example_branch_operator to 2024-07-18 00:00:00+00:00, run_after=2024-07-19 00:00:00+00:00
[2024-07-19T06:21:42.139+0000] {processor.py:183} INFO - Processing /home/airflow/.local/lib/python3.12/site-packages/airflow/example_dags/example_branch_operator.py took 0.134 seconds
[2024-07-19T06:22:12.467+0000] {processor.py:161} INFO - Started process (PID=7448) to work on /home/airflow/.local/lib/python3.12/site-packages/airflow/example_dags/example_branch_operator.py
[2024-07-19T06:22:12.469+0000] {processor.py:830} INFO - Processing file /home/airflow/.local/lib/python3.12/site-packages/airflow/example_dags/example_branch_operator.py for tasks to queue
[2024-07-19T06:22:12.471+0000] {logging_mixin.py:188} INFO - [2024-07-19T06:22:12.470+0000] {dagbag.py:545} INFO - Filling up the DagBag from /home/airflow/.local/lib/python3.12/site-packages/airflow/example_dags/example_branch_operator.py
[2024-07-19T06:22:12.498+0000] {processor.py:840} INFO - DAG(s) 'example_branch_operator' retrieved from /home/airflow/.local/lib/python3.12/site-packages/airflow/example_dags/example_branch_operator.py
[2024-07-19T06:22:12.543+0000] {logging_mixin.py:188} INFO - [2024-07-19T06:22:12.543+0000] {dag.py:3089} INFO - Sync 1 DAGs
[2024-07-19T06:22:12.572+0000] {logging_mixin.py:188} INFO - [2024-07-19T06:22:12.571+0000] {dag.py:3947} INFO - Setting next_dagrun for example_branch_operator to 2024-07-18 00:00:00+00:00, run_after=2024-07-19 00:00:00+00:00
[2024-07-19T06:22:12.595+0000] {processor.py:183} INFO - Processing /home/airflow/.local/lib/python3.12/site-packages/airflow/example_dags/example_branch_operator.py took 0.138 seconds
[2024-07-19T06:22:43.018+0000] {processor.py:161} INFO - Started process (PID=7509) to work on /home/airflow/.local/lib/python3.12/site-packages/airflow/example_dags/example_branch_operator.py
[2024-07-19T06:22:43.020+0000] {processor.py:830} INFO - Processing file /home/airflow/.local/lib/python3.12/site-packages/airflow/example_dags/example_branch_operator.py for tasks to queue
[2024-07-19T06:22:43.022+0000] {logging_mixin.py:188} INFO - [2024-07-19T06:22:43.021+0000] {dagbag.py:545} INFO - Filling up the DagBag from /home/airflow/.local/lib/python3.12/site-packages/airflow/example_dags/example_branch_operator.py
[2024-07-19T06:22:43.045+0000] {processor.py:840} INFO - DAG(s) 'example_branch_operator' retrieved from /home/airflow/.local/lib/python3.12/site-packages/airflow/example_dags/example_branch_operator.py
[2024-07-19T06:22:43.086+0000] {logging_mixin.py:188} INFO - [2024-07-19T06:22:43.086+0000] {dag.py:3089} INFO - Sync 1 DAGs
[2024-07-19T06:22:43.116+0000] {logging_mixin.py:188} INFO - [2024-07-19T06:22:43.116+0000] {dag.py:3947} INFO - Setting next_dagrun for example_branch_operator to 2024-07-18 00:00:00+00:00, run_after=2024-07-19 00:00:00+00:00
[2024-07-19T06:22:43.143+0000] {processor.py:183} INFO - Processing /home/airflow/.local/lib/python3.12/site-packages/airflow/example_dags/example_branch_operator.py took 0.133 seconds
[2024-07-19T06:23:13.752+0000] {processor.py:161} INFO - Started process (PID=7569) to work on /home/airflow/.local/lib/python3.12/site-packages/airflow/example_dags/example_branch_operator.py
[2024-07-19T06:23:13.753+0000] {processor.py:830} INFO - Processing file /home/airflow/.local/lib/python3.12/site-packages/airflow/example_dags/example_branch_operator.py for tasks to queue
[2024-07-19T06:23:13.754+0000] {logging_mixin.py:188} INFO - [2024-07-19T06:23:13.754+0000] {dagbag.py:545} INFO - Filling up the DagBag from /home/airflow/.local/lib/python3.12/site-packages/airflow/example_dags/example_branch_operator.py
[2024-07-19T06:23:13.787+0000] {processor.py:840} INFO - DAG(s) 'example_branch_operator' retrieved from /home/airflow/.local/lib/python3.12/site-packages/airflow/example_dags/example_branch_operator.py
[2024-07-19T06:23:13.828+0000] {logging_mixin.py:188} INFO - [2024-07-19T06:23:13.827+0000] {dag.py:3089} INFO - Sync 1 DAGs
[2024-07-19T06:23:13.856+0000] {logging_mixin.py:188} INFO - [2024-07-19T06:23:13.856+0000] {dag.py:3947} INFO - Setting next_dagrun for example_branch_operator to 2024-07-18 00:00:00+00:00, run_after=2024-07-19 00:00:00+00:00
[2024-07-19T06:23:13.880+0000] {processor.py:183} INFO - Processing /home/airflow/.local/lib/python3.12/site-packages/airflow/example_dags/example_branch_operator.py took 0.138 seconds
[2024-07-19T06:23:44.633+0000] {processor.py:161} INFO - Started process (PID=7628) to work on /home/airflow/.local/lib/python3.12/site-packages/airflow/example_dags/example_branch_operator.py
[2024-07-19T06:23:44.634+0000] {processor.py:830} INFO - Processing file /home/airflow/.local/lib/python3.12/site-packages/airflow/example_dags/example_branch_operator.py for tasks to queue
[2024-07-19T06:23:44.635+0000] {logging_mixin.py:188} INFO - [2024-07-19T06:23:44.635+0000] {dagbag.py:545} INFO - Filling up the DagBag from /home/airflow/.local/lib/python3.12/site-packages/airflow/example_dags/example_branch_operator.py
[2024-07-19T06:23:44.660+0000] {processor.py:840} INFO - DAG(s) 'example_branch_operator' retrieved from /home/airflow/.local/lib/python3.12/site-packages/airflow/example_dags/example_branch_operator.py
[2024-07-19T06:23:44.704+0000] {logging_mixin.py:188} INFO - [2024-07-19T06:23:44.704+0000] {dag.py:3089} INFO - Sync 1 DAGs
[2024-07-19T06:23:44.735+0000] {logging_mixin.py:188} INFO - [2024-07-19T06:23:44.735+0000] {dag.py:3947} INFO - Setting next_dagrun for example_branch_operator to 2024-07-18 00:00:00+00:00, run_after=2024-07-19 00:00:00+00:00
[2024-07-19T06:23:44.758+0000] {processor.py:183} INFO - Processing /home/airflow/.local/lib/python3.12/site-packages/airflow/example_dags/example_branch_operator.py took 0.133 seconds
[2024-07-19T06:24:14.887+0000] {processor.py:161} INFO - Started process (PID=7689) to work on /home/airflow/.local/lib/python3.12/site-packages/airflow/example_dags/example_branch_operator.py
[2024-07-19T06:24:14.888+0000] {processor.py:830} INFO - Processing file /home/airflow/.local/lib/python3.12/site-packages/airflow/example_dags/example_branch_operator.py for tasks to queue
[2024-07-19T06:24:14.889+0000] {logging_mixin.py:188} INFO - [2024-07-19T06:24:14.889+0000] {dagbag.py:545} INFO - Filling up the DagBag from /home/airflow/.local/lib/python3.12/site-packages/airflow/example_dags/example_branch_operator.py
[2024-07-19T06:24:14.907+0000] {processor.py:840} INFO - DAG(s) 'example_branch_operator' retrieved from /home/airflow/.local/lib/python3.12/site-packages/airflow/example_dags/example_branch_operator.py
[2024-07-19T06:24:14.939+0000] {logging_mixin.py:188} INFO - [2024-07-19T06:24:14.939+0000] {dag.py:3089} INFO - Sync 1 DAGs
[2024-07-19T06:24:14.964+0000] {logging_mixin.py:188} INFO - [2024-07-19T06:24:14.963+0000] {dag.py:3947} INFO - Setting next_dagrun for example_branch_operator to 2024-07-18 00:00:00+00:00, run_after=2024-07-19 00:00:00+00:00
[2024-07-19T06:24:14.988+0000] {processor.py:183} INFO - Processing /home/airflow/.local/lib/python3.12/site-packages/airflow/example_dags/example_branch_operator.py took 0.107 seconds
[2024-07-19T06:24:45.516+0000] {processor.py:161} INFO - Started process (PID=7749) to work on /home/airflow/.local/lib/python3.12/site-packages/airflow/example_dags/example_branch_operator.py
[2024-07-19T06:24:45.518+0000] {processor.py:830} INFO - Processing file /home/airflow/.local/lib/python3.12/site-packages/airflow/example_dags/example_branch_operator.py for tasks to queue
[2024-07-19T06:24:45.519+0000] {logging_mixin.py:188} INFO - [2024-07-19T06:24:45.519+0000] {dagbag.py:545} INFO - Filling up the DagBag from /home/airflow/.local/lib/python3.12/site-packages/airflow/example_dags/example_branch_operator.py
[2024-07-19T06:24:45.543+0000] {processor.py:840} INFO - DAG(s) 'example_branch_operator' retrieved from /home/airflow/.local/lib/python3.12/site-packages/airflow/example_dags/example_branch_operator.py
[2024-07-19T06:24:45.584+0000] {logging_mixin.py:188} INFO - [2024-07-19T06:24:45.584+0000] {dag.py:3089} INFO - Sync 1 DAGs
[2024-07-19T06:24:45.615+0000] {logging_mixin.py:188} INFO - [2024-07-19T06:24:45.615+0000] {dag.py:3947} INFO - Setting next_dagrun for example_branch_operator to 2024-07-18 00:00:00+00:00, run_after=2024-07-19 00:00:00+00:00
[2024-07-19T06:24:45.640+0000] {processor.py:183} INFO - Processing /home/airflow/.local/lib/python3.12/site-packages/airflow/example_dags/example_branch_operator.py took 0.133 seconds
[2024-07-19T06:25:16.421+0000] {processor.py:161} INFO - Started process (PID=7809) to work on /home/airflow/.local/lib/python3.12/site-packages/airflow/example_dags/example_branch_operator.py
[2024-07-19T06:25:16.423+0000] {processor.py:830} INFO - Processing file /home/airflow/.local/lib/python3.12/site-packages/airflow/example_dags/example_branch_operator.py for tasks to queue
[2024-07-19T06:25:16.425+0000] {logging_mixin.py:188} INFO - [2024-07-19T06:25:16.425+0000] {dagbag.py:545} INFO - Filling up the DagBag from /home/airflow/.local/lib/python3.12/site-packages/airflow/example_dags/example_branch_operator.py
[2024-07-19T06:25:16.469+0000] {processor.py:840} INFO - DAG(s) 'example_branch_operator' retrieved from /home/airflow/.local/lib/python3.12/site-packages/airflow/example_dags/example_branch_operator.py
[2024-07-19T06:25:16.509+0000] {logging_mixin.py:188} INFO - [2024-07-19T06:25:16.509+0000] {dag.py:3089} INFO - Sync 1 DAGs
[2024-07-19T06:25:16.535+0000] {logging_mixin.py:188} INFO - [2024-07-19T06:25:16.534+0000] {dag.py:3947} INFO - Setting next_dagrun for example_branch_operator to 2024-07-18 00:00:00+00:00, run_after=2024-07-19 00:00:00+00:00
[2024-07-19T06:25:16.560+0000] {processor.py:183} INFO - Processing /home/airflow/.local/lib/python3.12/site-packages/airflow/example_dags/example_branch_operator.py took 0.150 seconds
[2024-07-19T06:25:46.815+0000] {processor.py:161} INFO - Started process (PID=7869) to work on /home/airflow/.local/lib/python3.12/site-packages/airflow/example_dags/example_branch_operator.py
[2024-07-19T06:25:46.816+0000] {processor.py:830} INFO - Processing file /home/airflow/.local/lib/python3.12/site-packages/airflow/example_dags/example_branch_operator.py for tasks to queue
[2024-07-19T06:25:46.818+0000] {logging_mixin.py:188} INFO - [2024-07-19T06:25:46.817+0000] {dagbag.py:545} INFO - Filling up the DagBag from /home/airflow/.local/lib/python3.12/site-packages/airflow/example_dags/example_branch_operator.py
[2024-07-19T06:25:46.840+0000] {processor.py:840} INFO - DAG(s) 'example_branch_operator' retrieved from /home/airflow/.local/lib/python3.12/site-packages/airflow/example_dags/example_branch_operator.py
[2024-07-19T06:25:46.883+0000] {logging_mixin.py:188} INFO - [2024-07-19T06:25:46.883+0000] {dag.py:3089} INFO - Sync 1 DAGs
[2024-07-19T06:25:46.912+0000] {logging_mixin.py:188} INFO - [2024-07-19T06:25:46.912+0000] {dag.py:3947} INFO - Setting next_dagrun for example_branch_operator to 2024-07-18 00:00:00+00:00, run_after=2024-07-19 00:00:00+00:00
[2024-07-19T06:25:46.936+0000] {processor.py:183} INFO - Processing /home/airflow/.local/lib/python3.12/site-packages/airflow/example_dags/example_branch_operator.py took 0.129 seconds
[2024-07-19T06:26:17.309+0000] {processor.py:161} INFO - Started process (PID=7929) to work on /home/airflow/.local/lib/python3.12/site-packages/airflow/example_dags/example_branch_operator.py
[2024-07-19T06:26:17.311+0000] {processor.py:830} INFO - Processing file /home/airflow/.local/lib/python3.12/site-packages/airflow/example_dags/example_branch_operator.py for tasks to queue
[2024-07-19T06:26:17.313+0000] {logging_mixin.py:188} INFO - [2024-07-19T06:26:17.312+0000] {dagbag.py:545} INFO - Filling up the DagBag from /home/airflow/.local/lib/python3.12/site-packages/airflow/example_dags/example_branch_operator.py
[2024-07-19T06:26:17.345+0000] {processor.py:840} INFO - DAG(s) 'example_branch_operator' retrieved from /home/airflow/.local/lib/python3.12/site-packages/airflow/example_dags/example_branch_operator.py
[2024-07-19T06:26:17.398+0000] {logging_mixin.py:188} INFO - [2024-07-19T06:26:17.398+0000] {dag.py:3089} INFO - Sync 1 DAGs
[2024-07-19T06:26:17.444+0000] {logging_mixin.py:188} INFO - [2024-07-19T06:26:17.443+0000] {dag.py:3947} INFO - Setting next_dagrun for example_branch_operator to 2024-07-18 00:00:00+00:00, run_after=2024-07-19 00:00:00+00:00
[2024-07-19T06:26:17.476+0000] {processor.py:183} INFO - Processing /home/airflow/.local/lib/python3.12/site-packages/airflow/example_dags/example_branch_operator.py took 0.175 seconds
[2024-07-19T06:26:47.584+0000] {processor.py:161} INFO - Started process (PID=7989) to work on /home/airflow/.local/lib/python3.12/site-packages/airflow/example_dags/example_branch_operator.py
[2024-07-19T06:26:47.585+0000] {processor.py:830} INFO - Processing file /home/airflow/.local/lib/python3.12/site-packages/airflow/example_dags/example_branch_operator.py for tasks to queue
[2024-07-19T06:26:47.586+0000] {logging_mixin.py:188} INFO - [2024-07-19T06:26:47.586+0000] {dagbag.py:545} INFO - Filling up the DagBag from /home/airflow/.local/lib/python3.12/site-packages/airflow/example_dags/example_branch_operator.py
[2024-07-19T06:26:47.607+0000] {processor.py:840} INFO - DAG(s) 'example_branch_operator' retrieved from /home/airflow/.local/lib/python3.12/site-packages/airflow/example_dags/example_branch_operator.py
[2024-07-19T06:26:47.645+0000] {logging_mixin.py:188} INFO - [2024-07-19T06:26:47.644+0000] {dag.py:3089} INFO - Sync 1 DAGs
[2024-07-19T06:26:47.670+0000] {logging_mixin.py:188} INFO - [2024-07-19T06:26:47.670+0000] {dag.py:3947} INFO - Setting next_dagrun for example_branch_operator to 2024-07-18 00:00:00+00:00, run_after=2024-07-19 00:00:00+00:00
[2024-07-19T06:26:47.694+0000] {processor.py:183} INFO - Processing /home/airflow/.local/lib/python3.12/site-packages/airflow/example_dags/example_branch_operator.py took 0.118 seconds
[2024-07-19T06:27:18.598+0000] {processor.py:161} INFO - Started process (PID=8049) to work on /home/airflow/.local/lib/python3.12/site-packages/airflow/example_dags/example_branch_operator.py
[2024-07-19T06:27:18.599+0000] {processor.py:830} INFO - Processing file /home/airflow/.local/lib/python3.12/site-packages/airflow/example_dags/example_branch_operator.py for tasks to queue
[2024-07-19T06:27:18.601+0000] {logging_mixin.py:188} INFO - [2024-07-19T06:27:18.600+0000] {dagbag.py:545} INFO - Filling up the DagBag from /home/airflow/.local/lib/python3.12/site-packages/airflow/example_dags/example_branch_operator.py
[2024-07-19T06:27:18.621+0000] {processor.py:840} INFO - DAG(s) 'example_branch_operator' retrieved from /home/airflow/.local/lib/python3.12/site-packages/airflow/example_dags/example_branch_operator.py
[2024-07-19T06:27:18.657+0000] {logging_mixin.py:188} INFO - [2024-07-19T06:27:18.657+0000] {dag.py:3089} INFO - Sync 1 DAGs
[2024-07-19T06:27:18.682+0000] {logging_mixin.py:188} INFO - [2024-07-19T06:27:18.682+0000] {dag.py:3947} INFO - Setting next_dagrun for example_branch_operator to 2024-07-18 00:00:00+00:00, run_after=2024-07-19 00:00:00+00:00
[2024-07-19T06:27:18.703+0000] {processor.py:183} INFO - Processing /home/airflow/.local/lib/python3.12/site-packages/airflow/example_dags/example_branch_operator.py took 0.113 seconds
[2024-07-19T06:27:48.778+0000] {processor.py:161} INFO - Started process (PID=8109) to work on /home/airflow/.local/lib/python3.12/site-packages/airflow/example_dags/example_branch_operator.py
[2024-07-19T06:27:48.780+0000] {processor.py:830} INFO - Processing file /home/airflow/.local/lib/python3.12/site-packages/airflow/example_dags/example_branch_operator.py for tasks to queue
[2024-07-19T06:27:48.781+0000] {logging_mixin.py:188} INFO - [2024-07-19T06:27:48.781+0000] {dagbag.py:545} INFO - Filling up the DagBag from /home/airflow/.local/lib/python3.12/site-packages/airflow/example_dags/example_branch_operator.py
[2024-07-19T06:27:48.806+0000] {processor.py:840} INFO - DAG(s) 'example_branch_operator' retrieved from /home/airflow/.local/lib/python3.12/site-packages/airflow/example_dags/example_branch_operator.py
[2024-07-19T06:27:48.846+0000] {logging_mixin.py:188} INFO - [2024-07-19T06:27:48.846+0000] {dag.py:3089} INFO - Sync 1 DAGs
[2024-07-19T06:27:48.872+0000] {logging_mixin.py:188} INFO - [2024-07-19T06:27:48.872+0000] {dag.py:3947} INFO - Setting next_dagrun for example_branch_operator to 2024-07-18 00:00:00+00:00, run_after=2024-07-19 00:00:00+00:00
[2024-07-19T06:27:48.894+0000] {processor.py:183} INFO - Processing /home/airflow/.local/lib/python3.12/site-packages/airflow/example_dags/example_branch_operator.py took 0.125 seconds
[2024-07-19T06:28:19.479+0000] {processor.py:161} INFO - Started process (PID=8169) to work on /home/airflow/.local/lib/python3.12/site-packages/airflow/example_dags/example_branch_operator.py
[2024-07-19T06:28:19.480+0000] {processor.py:830} INFO - Processing file /home/airflow/.local/lib/python3.12/site-packages/airflow/example_dags/example_branch_operator.py for tasks to queue
[2024-07-19T06:28:19.482+0000] {logging_mixin.py:188} INFO - [2024-07-19T06:28:19.481+0000] {dagbag.py:545} INFO - Filling up the DagBag from /home/airflow/.local/lib/python3.12/site-packages/airflow/example_dags/example_branch_operator.py
[2024-07-19T06:28:19.505+0000] {processor.py:840} INFO - DAG(s) 'example_branch_operator' retrieved from /home/airflow/.local/lib/python3.12/site-packages/airflow/example_dags/example_branch_operator.py
[2024-07-19T06:28:19.551+0000] {logging_mixin.py:188} INFO - [2024-07-19T06:28:19.550+0000] {dag.py:3089} INFO - Sync 1 DAGs
[2024-07-19T06:28:19.580+0000] {logging_mixin.py:188} INFO - [2024-07-19T06:28:19.580+0000] {dag.py:3947} INFO - Setting next_dagrun for example_branch_operator to 2024-07-18 00:00:00+00:00, run_after=2024-07-19 00:00:00+00:00
[2024-07-19T06:28:19.602+0000] {processor.py:183} INFO - Processing /home/airflow/.local/lib/python3.12/site-packages/airflow/example_dags/example_branch_operator.py took 0.132 seconds
[2024-07-19T06:28:49.852+0000] {processor.py:161} INFO - Started process (PID=8229) to work on /home/airflow/.local/lib/python3.12/site-packages/airflow/example_dags/example_branch_operator.py
[2024-07-19T06:28:49.854+0000] {processor.py:830} INFO - Processing file /home/airflow/.local/lib/python3.12/site-packages/airflow/example_dags/example_branch_operator.py for tasks to queue
[2024-07-19T06:28:49.855+0000] {logging_mixin.py:188} INFO - [2024-07-19T06:28:49.855+0000] {dagbag.py:545} INFO - Filling up the DagBag from /home/airflow/.local/lib/python3.12/site-packages/airflow/example_dags/example_branch_operator.py
[2024-07-19T06:28:49.882+0000] {processor.py:840} INFO - DAG(s) 'example_branch_operator' retrieved from /home/airflow/.local/lib/python3.12/site-packages/airflow/example_dags/example_branch_operator.py
[2024-07-19T06:28:49.923+0000] {logging_mixin.py:188} INFO - [2024-07-19T06:28:49.922+0000] {dag.py:3089} INFO - Sync 1 DAGs
[2024-07-19T06:28:49.951+0000] {logging_mixin.py:188} INFO - [2024-07-19T06:28:49.951+0000] {dag.py:3947} INFO - Setting next_dagrun for example_branch_operator to 2024-07-18 00:00:00+00:00, run_after=2024-07-19 00:00:00+00:00
[2024-07-19T06:28:49.978+0000] {processor.py:183} INFO - Processing /home/airflow/.local/lib/python3.12/site-packages/airflow/example_dags/example_branch_operator.py took 0.135 seconds
[2024-07-19T06:29:20.443+0000] {processor.py:161} INFO - Started process (PID=8289) to work on /home/airflow/.local/lib/python3.12/site-packages/airflow/example_dags/example_branch_operator.py
[2024-07-19T06:29:20.445+0000] {processor.py:830} INFO - Processing file /home/airflow/.local/lib/python3.12/site-packages/airflow/example_dags/example_branch_operator.py for tasks to queue
[2024-07-19T06:29:20.446+0000] {logging_mixin.py:188} INFO - [2024-07-19T06:29:20.446+0000] {dagbag.py:545} INFO - Filling up the DagBag from /home/airflow/.local/lib/python3.12/site-packages/airflow/example_dags/example_branch_operator.py
[2024-07-19T06:29:20.469+0000] {processor.py:840} INFO - DAG(s) 'example_branch_operator' retrieved from /home/airflow/.local/lib/python3.12/site-packages/airflow/example_dags/example_branch_operator.py
[2024-07-19T06:29:20.510+0000] {logging_mixin.py:188} INFO - [2024-07-19T06:29:20.510+0000] {dag.py:3089} INFO - Sync 1 DAGs
[2024-07-19T06:29:20.538+0000] {logging_mixin.py:188} INFO - [2024-07-19T06:29:20.538+0000] {dag.py:3947} INFO - Setting next_dagrun for example_branch_operator to 2024-07-18 00:00:00+00:00, run_after=2024-07-19 00:00:00+00:00
[2024-07-19T06:29:20.561+0000] {processor.py:183} INFO - Processing /home/airflow/.local/lib/python3.12/site-packages/airflow/example_dags/example_branch_operator.py took 0.126 seconds
[2024-07-19T06:29:51.409+0000] {processor.py:161} INFO - Started process (PID=8349) to work on /home/airflow/.local/lib/python3.12/site-packages/airflow/example_dags/example_branch_operator.py
[2024-07-19T06:29:51.410+0000] {processor.py:830} INFO - Processing file /home/airflow/.local/lib/python3.12/site-packages/airflow/example_dags/example_branch_operator.py for tasks to queue
[2024-07-19T06:29:51.412+0000] {logging_mixin.py:188} INFO - [2024-07-19T06:29:51.411+0000] {dagbag.py:545} INFO - Filling up the DagBag from /home/airflow/.local/lib/python3.12/site-packages/airflow/example_dags/example_branch_operator.py
[2024-07-19T06:29:51.434+0000] {processor.py:840} INFO - DAG(s) 'example_branch_operator' retrieved from /home/airflow/.local/lib/python3.12/site-packages/airflow/example_dags/example_branch_operator.py
[2024-07-19T06:29:51.472+0000] {logging_mixin.py:188} INFO - [2024-07-19T06:29:51.472+0000] {dag.py:3089} INFO - Sync 1 DAGs
[2024-07-19T06:29:51.499+0000] {logging_mixin.py:188} INFO - [2024-07-19T06:29:51.499+0000] {dag.py:3947} INFO - Setting next_dagrun for example_branch_operator to 2024-07-18 00:00:00+00:00, run_after=2024-07-19 00:00:00+00:00
[2024-07-19T06:29:51.526+0000] {processor.py:183} INFO - Processing /home/airflow/.local/lib/python3.12/site-packages/airflow/example_dags/example_branch_operator.py took 0.125 seconds
[2024-07-19T06:30:21.703+0000] {processor.py:161} INFO - Started process (PID=8409) to work on /home/airflow/.local/lib/python3.12/site-packages/airflow/example_dags/example_branch_operator.py
[2024-07-19T06:30:21.705+0000] {processor.py:830} INFO - Processing file /home/airflow/.local/lib/python3.12/site-packages/airflow/example_dags/example_branch_operator.py for tasks to queue
[2024-07-19T06:30:21.706+0000] {logging_mixin.py:188} INFO - [2024-07-19T06:30:21.706+0000] {dagbag.py:545} INFO - Filling up the DagBag from /home/airflow/.local/lib/python3.12/site-packages/airflow/example_dags/example_branch_operator.py
[2024-07-19T06:30:21.729+0000] {processor.py:840} INFO - DAG(s) 'example_branch_operator' retrieved from /home/airflow/.local/lib/python3.12/site-packages/airflow/example_dags/example_branch_operator.py
[2024-07-19T06:30:21.768+0000] {logging_mixin.py:188} INFO - [2024-07-19T06:30:21.767+0000] {dag.py:3089} INFO - Sync 1 DAGs
[2024-07-19T06:30:21.797+0000] {logging_mixin.py:188} INFO - [2024-07-19T06:30:21.797+0000] {dag.py:3947} INFO - Setting next_dagrun for example_branch_operator to 2024-07-18 00:00:00+00:00, run_after=2024-07-19 00:00:00+00:00
[2024-07-19T06:30:21.820+0000] {processor.py:183} INFO - Processing /home/airflow/.local/lib/python3.12/site-packages/airflow/example_dags/example_branch_operator.py took 0.125 seconds
[2024-07-19T06:30:52.938+0000] {processor.py:161} INFO - Started process (PID=8469) to work on /home/airflow/.local/lib/python3.12/site-packages/airflow/example_dags/example_branch_operator.py
[2024-07-19T06:30:52.939+0000] {processor.py:830} INFO - Processing file /home/airflow/.local/lib/python3.12/site-packages/airflow/example_dags/example_branch_operator.py for tasks to queue
[2024-07-19T06:30:52.941+0000] {logging_mixin.py:188} INFO - [2024-07-19T06:30:52.940+0000] {dagbag.py:545} INFO - Filling up the DagBag from /home/airflow/.local/lib/python3.12/site-packages/airflow/example_dags/example_branch_operator.py
[2024-07-19T06:30:52.965+0000] {processor.py:840} INFO - DAG(s) 'example_branch_operator' retrieved from /home/airflow/.local/lib/python3.12/site-packages/airflow/example_dags/example_branch_operator.py
[2024-07-19T06:30:53.013+0000] {logging_mixin.py:188} INFO - [2024-07-19T06:30:53.013+0000] {dag.py:3089} INFO - Sync 1 DAGs
[2024-07-19T06:30:53.042+0000] {logging_mixin.py:188} INFO - [2024-07-19T06:30:53.041+0000] {dag.py:3947} INFO - Setting next_dagrun for example_branch_operator to 2024-07-18 00:00:00+00:00, run_after=2024-07-19 00:00:00+00:00
[2024-07-19T06:30:53.092+0000] {processor.py:183} INFO - Processing /home/airflow/.local/lib/python3.12/site-packages/airflow/example_dags/example_branch_operator.py took 0.162 seconds
[2024-07-19T06:31:24.109+0000] {processor.py:161} INFO - Started process (PID=8529) to work on /home/airflow/.local/lib/python3.12/site-packages/airflow/example_dags/example_branch_operator.py
[2024-07-19T06:31:24.111+0000] {processor.py:830} INFO - Processing file /home/airflow/.local/lib/python3.12/site-packages/airflow/example_dags/example_branch_operator.py for tasks to queue
[2024-07-19T06:31:24.112+0000] {logging_mixin.py:188} INFO - [2024-07-19T06:31:24.112+0000] {dagbag.py:545} INFO - Filling up the DagBag from /home/airflow/.local/lib/python3.12/site-packages/airflow/example_dags/example_branch_operator.py
[2024-07-19T06:31:24.137+0000] {processor.py:840} INFO - DAG(s) 'example_branch_operator' retrieved from /home/airflow/.local/lib/python3.12/site-packages/airflow/example_dags/example_branch_operator.py
[2024-07-19T06:31:24.182+0000] {logging_mixin.py:188} INFO - [2024-07-19T06:31:24.182+0000] {dag.py:3089} INFO - Sync 1 DAGs
[2024-07-19T06:31:24.208+0000] {logging_mixin.py:188} INFO - [2024-07-19T06:31:24.208+0000] {dag.py:3947} INFO - Setting next_dagrun for example_branch_operator to 2024-07-18 00:00:00+00:00, run_after=2024-07-19 00:00:00+00:00
[2024-07-19T06:31:24.231+0000] {processor.py:183} INFO - Processing /home/airflow/.local/lib/python3.12/site-packages/airflow/example_dags/example_branch_operator.py took 0.130 seconds
[2024-07-19T06:31:54.268+0000] {processor.py:161} INFO - Started process (PID=8588) to work on /home/airflow/.local/lib/python3.12/site-packages/airflow/example_dags/example_branch_operator.py
[2024-07-19T06:31:54.270+0000] {processor.py:830} INFO - Processing file /home/airflow/.local/lib/python3.12/site-packages/airflow/example_dags/example_branch_operator.py for tasks to queue
[2024-07-19T06:31:54.271+0000] {logging_mixin.py:188} INFO - [2024-07-19T06:31:54.271+0000] {dagbag.py:545} INFO - Filling up the DagBag from /home/airflow/.local/lib/python3.12/site-packages/airflow/example_dags/example_branch_operator.py
[2024-07-19T06:31:54.295+0000] {processor.py:840} INFO - DAG(s) 'example_branch_operator' retrieved from /home/airflow/.local/lib/python3.12/site-packages/airflow/example_dags/example_branch_operator.py
[2024-07-19T06:31:54.334+0000] {logging_mixin.py:188} INFO - [2024-07-19T06:31:54.334+0000] {dag.py:3089} INFO - Sync 1 DAGs
[2024-07-19T06:31:54.363+0000] {logging_mixin.py:188} INFO - [2024-07-19T06:31:54.363+0000] {dag.py:3947} INFO - Setting next_dagrun for example_branch_operator to 2024-07-18 00:00:00+00:00, run_after=2024-07-19 00:00:00+00:00
[2024-07-19T06:31:54.389+0000] {processor.py:183} INFO - Processing /home/airflow/.local/lib/python3.12/site-packages/airflow/example_dags/example_branch_operator.py took 0.128 seconds
[2024-07-19T06:32:25.146+0000] {processor.py:161} INFO - Started process (PID=8648) to work on /home/airflow/.local/lib/python3.12/site-packages/airflow/example_dags/example_branch_operator.py
[2024-07-19T06:32:25.148+0000] {processor.py:830} INFO - Processing file /home/airflow/.local/lib/python3.12/site-packages/airflow/example_dags/example_branch_operator.py for tasks to queue
[2024-07-19T06:32:25.149+0000] {logging_mixin.py:188} INFO - [2024-07-19T06:32:25.149+0000] {dagbag.py:545} INFO - Filling up the DagBag from /home/airflow/.local/lib/python3.12/site-packages/airflow/example_dags/example_branch_operator.py
[2024-07-19T06:32:25.173+0000] {processor.py:840} INFO - DAG(s) 'example_branch_operator' retrieved from /home/airflow/.local/lib/python3.12/site-packages/airflow/example_dags/example_branch_operator.py
[2024-07-19T06:32:25.212+0000] {logging_mixin.py:188} INFO - [2024-07-19T06:32:25.212+0000] {dag.py:3089} INFO - Sync 1 DAGs
[2024-07-19T06:32:25.240+0000] {logging_mixin.py:188} INFO - [2024-07-19T06:32:25.240+0000] {dag.py:3947} INFO - Setting next_dagrun for example_branch_operator to 2024-07-18 00:00:00+00:00, run_after=2024-07-19 00:00:00+00:00
[2024-07-19T06:32:25.265+0000] {processor.py:183} INFO - Processing /home/airflow/.local/lib/python3.12/site-packages/airflow/example_dags/example_branch_operator.py took 0.128 seconds
[2024-07-19T06:32:56.121+0000] {processor.py:161} INFO - Started process (PID=8708) to work on /home/airflow/.local/lib/python3.12/site-packages/airflow/example_dags/example_branch_operator.py
[2024-07-19T06:32:56.122+0000] {processor.py:830} INFO - Processing file /home/airflow/.local/lib/python3.12/site-packages/airflow/example_dags/example_branch_operator.py for tasks to queue
[2024-07-19T06:32:56.124+0000] {logging_mixin.py:188} INFO - [2024-07-19T06:32:56.123+0000] {dagbag.py:545} INFO - Filling up the DagBag from /home/airflow/.local/lib/python3.12/site-packages/airflow/example_dags/example_branch_operator.py
[2024-07-19T06:32:56.146+0000] {processor.py:840} INFO - DAG(s) 'example_branch_operator' retrieved from /home/airflow/.local/lib/python3.12/site-packages/airflow/example_dags/example_branch_operator.py
[2024-07-19T06:32:56.188+0000] {logging_mixin.py:188} INFO - [2024-07-19T06:32:56.188+0000] {dag.py:3089} INFO - Sync 1 DAGs
[2024-07-19T06:32:56.217+0000] {logging_mixin.py:188} INFO - [2024-07-19T06:32:56.217+0000] {dag.py:3947} INFO - Setting next_dagrun for example_branch_operator to 2024-07-18 00:00:00+00:00, run_after=2024-07-19 00:00:00+00:00
[2024-07-19T06:32:56.240+0000] {processor.py:183} INFO - Processing /home/airflow/.local/lib/python3.12/site-packages/airflow/example_dags/example_branch_operator.py took 0.127 seconds
[2024-07-19T06:33:26.370+0000] {processor.py:161} INFO - Started process (PID=8768) to work on /home/airflow/.local/lib/python3.12/site-packages/airflow/example_dags/example_branch_operator.py
[2024-07-19T06:33:26.372+0000] {processor.py:830} INFO - Processing file /home/airflow/.local/lib/python3.12/site-packages/airflow/example_dags/example_branch_operator.py for tasks to queue
[2024-07-19T06:33:26.374+0000] {logging_mixin.py:188} INFO - [2024-07-19T06:33:26.373+0000] {dagbag.py:545} INFO - Filling up the DagBag from /home/airflow/.local/lib/python3.12/site-packages/airflow/example_dags/example_branch_operator.py
[2024-07-19T06:33:26.399+0000] {processor.py:840} INFO - DAG(s) 'example_branch_operator' retrieved from /home/airflow/.local/lib/python3.12/site-packages/airflow/example_dags/example_branch_operator.py
[2024-07-19T06:33:26.440+0000] {logging_mixin.py:188} INFO - [2024-07-19T06:33:26.440+0000] {dag.py:3089} INFO - Sync 1 DAGs
[2024-07-19T06:33:26.466+0000] {logging_mixin.py:188} INFO - [2024-07-19T06:33:26.466+0000] {dag.py:3947} INFO - Setting next_dagrun for example_branch_operator to 2024-07-18 00:00:00+00:00, run_after=2024-07-19 00:00:00+00:00
[2024-07-19T06:33:26.490+0000] {processor.py:183} INFO - Processing /home/airflow/.local/lib/python3.12/site-packages/airflow/example_dags/example_branch_operator.py took 0.129 seconds
[2024-07-19T06:33:56.990+0000] {processor.py:161} INFO - Started process (PID=8828) to work on /home/airflow/.local/lib/python3.12/site-packages/airflow/example_dags/example_branch_operator.py
[2024-07-19T06:33:56.991+0000] {processor.py:830} INFO - Processing file /home/airflow/.local/lib/python3.12/site-packages/airflow/example_dags/example_branch_operator.py for tasks to queue
[2024-07-19T06:33:56.993+0000] {logging_mixin.py:188} INFO - [2024-07-19T06:33:56.993+0000] {dagbag.py:545} INFO - Filling up the DagBag from /home/airflow/.local/lib/python3.12/site-packages/airflow/example_dags/example_branch_operator.py
[2024-07-19T06:33:57.019+0000] {processor.py:840} INFO - DAG(s) 'example_branch_operator' retrieved from /home/airflow/.local/lib/python3.12/site-packages/airflow/example_dags/example_branch_operator.py
[2024-07-19T06:33:57.060+0000] {logging_mixin.py:188} INFO - [2024-07-19T06:33:57.060+0000] {dag.py:3089} INFO - Sync 1 DAGs
[2024-07-19T06:33:57.090+0000] {logging_mixin.py:188} INFO - [2024-07-19T06:33:57.089+0000] {dag.py:3947} INFO - Setting next_dagrun for example_branch_operator to 2024-07-18 00:00:00+00:00, run_after=2024-07-19 00:00:00+00:00
[2024-07-19T06:33:57.119+0000] {processor.py:183} INFO - Processing /home/airflow/.local/lib/python3.12/site-packages/airflow/example_dags/example_branch_operator.py took 0.138 seconds
[2024-07-19T06:34:27.160+0000] {processor.py:161} INFO - Started process (PID=8888) to work on /home/airflow/.local/lib/python3.12/site-packages/airflow/example_dags/example_branch_operator.py
[2024-07-19T06:34:27.162+0000] {processor.py:830} INFO - Processing file /home/airflow/.local/lib/python3.12/site-packages/airflow/example_dags/example_branch_operator.py for tasks to queue
[2024-07-19T06:34:27.163+0000] {logging_mixin.py:188} INFO - [2024-07-19T06:34:27.163+0000] {dagbag.py:545} INFO - Filling up the DagBag from /home/airflow/.local/lib/python3.12/site-packages/airflow/example_dags/example_branch_operator.py
[2024-07-19T06:34:27.188+0000] {processor.py:840} INFO - DAG(s) 'example_branch_operator' retrieved from /home/airflow/.local/lib/python3.12/site-packages/airflow/example_dags/example_branch_operator.py
[2024-07-19T06:34:27.230+0000] {logging_mixin.py:188} INFO - [2024-07-19T06:34:27.230+0000] {dag.py:3089} INFO - Sync 1 DAGs
[2024-07-19T06:34:27.259+0000] {logging_mixin.py:188} INFO - [2024-07-19T06:34:27.259+0000] {dag.py:3947} INFO - Setting next_dagrun for example_branch_operator to 2024-07-18 00:00:00+00:00, run_after=2024-07-19 00:00:00+00:00
[2024-07-19T06:34:27.285+0000] {processor.py:183} INFO - Processing /home/airflow/.local/lib/python3.12/site-packages/airflow/example_dags/example_branch_operator.py took 0.134 seconds
[2024-07-19T06:34:57.477+0000] {processor.py:161} INFO - Started process (PID=8947) to work on /home/airflow/.local/lib/python3.12/site-packages/airflow/example_dags/example_branch_operator.py
[2024-07-19T06:34:57.479+0000] {processor.py:830} INFO - Processing file /home/airflow/.local/lib/python3.12/site-packages/airflow/example_dags/example_branch_operator.py for tasks to queue
[2024-07-19T06:34:57.480+0000] {logging_mixin.py:188} INFO - [2024-07-19T06:34:57.480+0000] {dagbag.py:545} INFO - Filling up the DagBag from /home/airflow/.local/lib/python3.12/site-packages/airflow/example_dags/example_branch_operator.py
[2024-07-19T06:34:57.503+0000] {processor.py:840} INFO - DAG(s) 'example_branch_operator' retrieved from /home/airflow/.local/lib/python3.12/site-packages/airflow/example_dags/example_branch_operator.py
[2024-07-19T06:34:57.541+0000] {logging_mixin.py:188} INFO - [2024-07-19T06:34:57.541+0000] {dag.py:3089} INFO - Sync 1 DAGs
[2024-07-19T06:34:57.565+0000] {logging_mixin.py:188} INFO - [2024-07-19T06:34:57.565+0000] {dag.py:3947} INFO - Setting next_dagrun for example_branch_operator to 2024-07-18 00:00:00+00:00, run_after=2024-07-19 00:00:00+00:00
[2024-07-19T06:34:57.586+0000] {processor.py:183} INFO - Processing /home/airflow/.local/lib/python3.12/site-packages/airflow/example_dags/example_branch_operator.py took 0.117 seconds
[2024-07-19T06:35:28.164+0000] {processor.py:161} INFO - Started process (PID=9007) to work on /home/airflow/.local/lib/python3.12/site-packages/airflow/example_dags/example_branch_operator.py
[2024-07-19T06:35:28.165+0000] {processor.py:830} INFO - Processing file /home/airflow/.local/lib/python3.12/site-packages/airflow/example_dags/example_branch_operator.py for tasks to queue
[2024-07-19T06:35:28.166+0000] {logging_mixin.py:188} INFO - [2024-07-19T06:35:28.166+0000] {dagbag.py:545} INFO - Filling up the DagBag from /home/airflow/.local/lib/python3.12/site-packages/airflow/example_dags/example_branch_operator.py
[2024-07-19T06:35:28.191+0000] {processor.py:840} INFO - DAG(s) 'example_branch_operator' retrieved from /home/airflow/.local/lib/python3.12/site-packages/airflow/example_dags/example_branch_operator.py
[2024-07-19T06:35:28.234+0000] {logging_mixin.py:188} INFO - [2024-07-19T06:35:28.234+0000] {dag.py:3089} INFO - Sync 1 DAGs
[2024-07-19T06:35:28.264+0000] {logging_mixin.py:188} INFO - [2024-07-19T06:35:28.263+0000] {dag.py:3947} INFO - Setting next_dagrun for example_branch_operator to 2024-07-18 00:00:00+00:00, run_after=2024-07-19 00:00:00+00:00
[2024-07-19T06:35:28.295+0000] {processor.py:183} INFO - Processing /home/airflow/.local/lib/python3.12/site-packages/airflow/example_dags/example_branch_operator.py took 0.140 seconds
[2024-07-19T06:35:58.352+0000] {processor.py:161} INFO - Started process (PID=9068) to work on /home/airflow/.local/lib/python3.12/site-packages/airflow/example_dags/example_branch_operator.py
[2024-07-19T06:35:58.355+0000] {processor.py:830} INFO - Processing file /home/airflow/.local/lib/python3.12/site-packages/airflow/example_dags/example_branch_operator.py for tasks to queue
[2024-07-19T06:35:58.358+0000] {logging_mixin.py:188} INFO - [2024-07-19T06:35:58.357+0000] {dagbag.py:545} INFO - Filling up the DagBag from /home/airflow/.local/lib/python3.12/site-packages/airflow/example_dags/example_branch_operator.py
[2024-07-19T06:35:58.390+0000] {processor.py:840} INFO - DAG(s) 'example_branch_operator' retrieved from /home/airflow/.local/lib/python3.12/site-packages/airflow/example_dags/example_branch_operator.py
[2024-07-19T06:35:58.456+0000] {logging_mixin.py:188} INFO - [2024-07-19T06:35:58.455+0000] {dag.py:3089} INFO - Sync 1 DAGs
[2024-07-19T06:35:58.526+0000] {logging_mixin.py:188} INFO - [2024-07-19T06:35:58.524+0000] {dag.py:3947} INFO - Setting next_dagrun for example_branch_operator to 2024-07-18 00:00:00+00:00, run_after=2024-07-19 00:00:00+00:00
[2024-07-19T06:35:58.576+0000] {processor.py:183} INFO - Processing /home/airflow/.local/lib/python3.12/site-packages/airflow/example_dags/example_branch_operator.py took 0.237 seconds
[2024-07-19T06:36:28.714+0000] {processor.py:161} INFO - Started process (PID=9128) to work on /home/airflow/.local/lib/python3.12/site-packages/airflow/example_dags/example_branch_operator.py
[2024-07-19T06:36:28.716+0000] {processor.py:830} INFO - Processing file /home/airflow/.local/lib/python3.12/site-packages/airflow/example_dags/example_branch_operator.py for tasks to queue
[2024-07-19T06:36:28.717+0000] {logging_mixin.py:188} INFO - [2024-07-19T06:36:28.717+0000] {dagbag.py:545} INFO - Filling up the DagBag from /home/airflow/.local/lib/python3.12/site-packages/airflow/example_dags/example_branch_operator.py
[2024-07-19T06:36:28.740+0000] {processor.py:840} INFO - DAG(s) 'example_branch_operator' retrieved from /home/airflow/.local/lib/python3.12/site-packages/airflow/example_dags/example_branch_operator.py
[2024-07-19T06:36:28.782+0000] {logging_mixin.py:188} INFO - [2024-07-19T06:36:28.781+0000] {dag.py:3089} INFO - Sync 1 DAGs
[2024-07-19T06:36:28.809+0000] {logging_mixin.py:188} INFO - [2024-07-19T06:36:28.809+0000] {dag.py:3947} INFO - Setting next_dagrun for example_branch_operator to 2024-07-18 00:00:00+00:00, run_after=2024-07-19 00:00:00+00:00
[2024-07-19T06:36:28.832+0000] {processor.py:183} INFO - Processing /home/airflow/.local/lib/python3.12/site-packages/airflow/example_dags/example_branch_operator.py took 0.127 seconds
[2024-07-19T06:36:59.125+0000] {processor.py:161} INFO - Started process (PID=9187) to work on /home/airflow/.local/lib/python3.12/site-packages/airflow/example_dags/example_branch_operator.py
[2024-07-19T06:36:59.126+0000] {processor.py:830} INFO - Processing file /home/airflow/.local/lib/python3.12/site-packages/airflow/example_dags/example_branch_operator.py for tasks to queue
[2024-07-19T06:36:59.128+0000] {logging_mixin.py:188} INFO - [2024-07-19T06:36:59.127+0000] {dagbag.py:545} INFO - Filling up the DagBag from /home/airflow/.local/lib/python3.12/site-packages/airflow/example_dags/example_branch_operator.py
[2024-07-19T06:36:59.152+0000] {processor.py:840} INFO - DAG(s) 'example_branch_operator' retrieved from /home/airflow/.local/lib/python3.12/site-packages/airflow/example_dags/example_branch_operator.py
[2024-07-19T06:36:59.194+0000] {logging_mixin.py:188} INFO - [2024-07-19T06:36:59.194+0000] {dag.py:3089} INFO - Sync 1 DAGs
[2024-07-19T06:36:59.224+0000] {logging_mixin.py:188} INFO - [2024-07-19T06:36:59.223+0000] {dag.py:3947} INFO - Setting next_dagrun for example_branch_operator to 2024-07-18 00:00:00+00:00, run_after=2024-07-19 00:00:00+00:00
[2024-07-19T06:36:59.247+0000] {processor.py:183} INFO - Processing /home/airflow/.local/lib/python3.12/site-packages/airflow/example_dags/example_branch_operator.py took 0.133 seconds
[2024-07-19T06:37:29.755+0000] {processor.py:161} INFO - Started process (PID=9247) to work on /home/airflow/.local/lib/python3.12/site-packages/airflow/example_dags/example_branch_operator.py
[2024-07-19T06:37:29.757+0000] {processor.py:830} INFO - Processing file /home/airflow/.local/lib/python3.12/site-packages/airflow/example_dags/example_branch_operator.py for tasks to queue
[2024-07-19T06:37:29.759+0000] {logging_mixin.py:188} INFO - [2024-07-19T06:37:29.758+0000] {dagbag.py:545} INFO - Filling up the DagBag from /home/airflow/.local/lib/python3.12/site-packages/airflow/example_dags/example_branch_operator.py
[2024-07-19T06:37:29.784+0000] {processor.py:840} INFO - DAG(s) 'example_branch_operator' retrieved from /home/airflow/.local/lib/python3.12/site-packages/airflow/example_dags/example_branch_operator.py
[2024-07-19T06:37:29.831+0000] {logging_mixin.py:188} INFO - [2024-07-19T06:37:29.830+0000] {dag.py:3089} INFO - Sync 1 DAGs
[2024-07-19T06:37:29.863+0000] {logging_mixin.py:188} INFO - [2024-07-19T06:37:29.863+0000] {dag.py:3947} INFO - Setting next_dagrun for example_branch_operator to 2024-07-18 00:00:00+00:00, run_after=2024-07-19 00:00:00+00:00
[2024-07-19T06:37:29.890+0000] {processor.py:183} INFO - Processing /home/airflow/.local/lib/python3.12/site-packages/airflow/example_dags/example_branch_operator.py took 0.144 seconds
[2024-07-19T06:38:01.745+0000] {processor.py:161} INFO - Started process (PID=9307) to work on /home/airflow/.local/lib/python3.12/site-packages/airflow/example_dags/example_branch_operator.py
[2024-07-19T06:38:01.749+0000] {processor.py:830} INFO - Processing file /home/airflow/.local/lib/python3.12/site-packages/airflow/example_dags/example_branch_operator.py for tasks to queue
[2024-07-19T06:38:01.752+0000] {logging_mixin.py:188} INFO - [2024-07-19T06:38:01.751+0000] {dagbag.py:545} INFO - Filling up the DagBag from /home/airflow/.local/lib/python3.12/site-packages/airflow/example_dags/example_branch_operator.py
[2024-07-19T06:38:01.809+0000] {processor.py:840} INFO - DAG(s) 'example_branch_operator' retrieved from /home/airflow/.local/lib/python3.12/site-packages/airflow/example_dags/example_branch_operator.py
[2024-07-19T06:38:02.295+0000] {logging_mixin.py:188} INFO - [2024-07-19T06:38:02.294+0000] {dag.py:3089} INFO - Sync 1 DAGs
[2024-07-19T06:38:02.350+0000] {logging_mixin.py:188} INFO - [2024-07-19T06:38:02.350+0000] {dag.py:3947} INFO - Setting next_dagrun for example_branch_operator to 2024-07-18 00:00:00+00:00, run_after=2024-07-19 00:00:00+00:00
[2024-07-19T06:38:02.387+0000] {processor.py:183} INFO - Processing /home/airflow/.local/lib/python3.12/site-packages/airflow/example_dags/example_branch_operator.py took 0.662 seconds
[2024-07-19T06:38:33.081+0000] {processor.py:161} INFO - Started process (PID=9367) to work on /home/airflow/.local/lib/python3.12/site-packages/airflow/example_dags/example_branch_operator.py
[2024-07-19T06:38:33.082+0000] {processor.py:830} INFO - Processing file /home/airflow/.local/lib/python3.12/site-packages/airflow/example_dags/example_branch_operator.py for tasks to queue
[2024-07-19T06:38:33.084+0000] {logging_mixin.py:188} INFO - [2024-07-19T06:38:33.083+0000] {dagbag.py:545} INFO - Filling up the DagBag from /home/airflow/.local/lib/python3.12/site-packages/airflow/example_dags/example_branch_operator.py
[2024-07-19T06:38:33.106+0000] {processor.py:840} INFO - DAG(s) 'example_branch_operator' retrieved from /home/airflow/.local/lib/python3.12/site-packages/airflow/example_dags/example_branch_operator.py
[2024-07-19T06:38:33.144+0000] {logging_mixin.py:188} INFO - [2024-07-19T06:38:33.143+0000] {dag.py:3089} INFO - Sync 1 DAGs
[2024-07-19T06:38:33.167+0000] {logging_mixin.py:188} INFO - [2024-07-19T06:38:33.167+0000] {dag.py:3947} INFO - Setting next_dagrun for example_branch_operator to 2024-07-18 00:00:00+00:00, run_after=2024-07-19 00:00:00+00:00
[2024-07-19T06:38:33.188+0000] {processor.py:183} INFO - Processing /home/airflow/.local/lib/python3.12/site-packages/airflow/example_dags/example_branch_operator.py took 0.115 seconds
[2024-07-19T06:39:03.680+0000] {processor.py:161} INFO - Started process (PID=9427) to work on /home/airflow/.local/lib/python3.12/site-packages/airflow/example_dags/example_branch_operator.py
[2024-07-19T06:39:03.682+0000] {processor.py:830} INFO - Processing file /home/airflow/.local/lib/python3.12/site-packages/airflow/example_dags/example_branch_operator.py for tasks to queue
[2024-07-19T06:39:03.683+0000] {logging_mixin.py:188} INFO - [2024-07-19T06:39:03.683+0000] {dagbag.py:545} INFO - Filling up the DagBag from /home/airflow/.local/lib/python3.12/site-packages/airflow/example_dags/example_branch_operator.py
[2024-07-19T06:39:03.708+0000] {processor.py:840} INFO - DAG(s) 'example_branch_operator' retrieved from /home/airflow/.local/lib/python3.12/site-packages/airflow/example_dags/example_branch_operator.py
[2024-07-19T06:39:03.752+0000] {logging_mixin.py:188} INFO - [2024-07-19T06:39:03.752+0000] {dag.py:3089} INFO - Sync 1 DAGs
[2024-07-19T06:39:03.778+0000] {logging_mixin.py:188} INFO - [2024-07-19T06:39:03.778+0000] {dag.py:3947} INFO - Setting next_dagrun for example_branch_operator to 2024-07-18 00:00:00+00:00, run_after=2024-07-19 00:00:00+00:00
[2024-07-19T06:39:03.801+0000] {processor.py:183} INFO - Processing /home/airflow/.local/lib/python3.12/site-packages/airflow/example_dags/example_branch_operator.py took 0.129 seconds
