[2024-07-19T00:38:13.824+0000] {processor.py:161} INFO - Started process (PID=6082) to work on /home/airflow/.local/lib/python3.12/site-packages/airflow/example_dags/example_external_task_marker_dag.py
[2024-07-19T00:38:13.851+0000] {processor.py:830} INFO - Processing file /home/airflow/.local/lib/python3.12/site-packages/airflow/example_dags/example_external_task_marker_dag.py for tasks to queue
[2024-07-19T00:38:13.853+0000] {logging_mixin.py:188} INFO - [2024-07-19T00:38:13.852+0000] {dagbag.py:545} INFO - Filling up the DagBag from /home/airflow/.local/lib/python3.12/site-packages/airflow/example_dags/example_external_task_marker_dag.py
[2024-07-19T00:38:13.859+0000] {processor.py:840} INFO - DAG(s) 'example_external_task_marker_child', 'example_external_task_marker_parent' retrieved from /home/airflow/.local/lib/python3.12/site-packages/airflow/example_dags/example_external_task_marker_dag.py
[2024-07-19T00:38:13.885+0000] {logging_mixin.py:188} INFO - [2024-07-19T00:38:13.885+0000] {dag.py:3089} INFO - Sync 2 DAGs
[2024-07-19T00:38:13.898+0000] {logging_mixin.py:188} INFO - [2024-07-19T00:38:13.898+0000] {dag.py:3947} INFO - Setting next_dagrun for example_external_task_marker_child to None, run_after=None
[2024-07-19T00:38:13.902+0000] {logging_mixin.py:188} INFO - [2024-07-19T00:38:13.902+0000] {dag.py:3947} INFO - Setting next_dagrun for example_external_task_marker_parent to None, run_after=None
[2024-07-19T00:38:13.919+0000] {processor.py:183} INFO - Processing /home/airflow/.local/lib/python3.12/site-packages/airflow/example_dags/example_external_task_marker_dag.py took 0.104 seconds
[2024-07-19T02:38:45.437+0000] {processor.py:161} INFO - Started process (PID=6142) to work on /home/airflow/.local/lib/python3.12/site-packages/airflow/example_dags/example_external_task_marker_dag.py
[2024-07-19T02:38:45.439+0000] {processor.py:830} INFO - Processing file /home/airflow/.local/lib/python3.12/site-packages/airflow/example_dags/example_external_task_marker_dag.py for tasks to queue
[2024-07-19T02:38:45.440+0000] {logging_mixin.py:188} INFO - [2024-07-19T02:38:45.440+0000] {dagbag.py:545} INFO - Filling up the DagBag from /home/airflow/.local/lib/python3.12/site-packages/airflow/example_dags/example_external_task_marker_dag.py
[2024-07-19T02:38:45.448+0000] {processor.py:840} INFO - DAG(s) 'example_external_task_marker_parent', 'example_external_task_marker_child' retrieved from /home/airflow/.local/lib/python3.12/site-packages/airflow/example_dags/example_external_task_marker_dag.py
[2024-07-19T02:38:45.479+0000] {logging_mixin.py:188} INFO - [2024-07-19T02:38:45.479+0000] {dag.py:3089} INFO - Sync 2 DAGs
[2024-07-19T02:38:45.560+0000] {logging_mixin.py:188} INFO - [2024-07-19T02:38:45.560+0000] {dag.py:3947} INFO - Setting next_dagrun for example_external_task_marker_child to None, run_after=None
[2024-07-19T02:38:45.565+0000] {logging_mixin.py:188} INFO - [2024-07-19T02:38:45.565+0000] {dag.py:3947} INFO - Setting next_dagrun for example_external_task_marker_parent to None, run_after=None
[2024-07-19T02:38:45.588+0000] {processor.py:183} INFO - Processing /home/airflow/.local/lib/python3.12/site-packages/airflow/example_dags/example_external_task_marker_dag.py took 0.160 seconds
[2024-07-19T05:26:56.850+0000] {processor.py:161} INFO - Started process (PID=6202) to work on /home/airflow/.local/lib/python3.12/site-packages/airflow/example_dags/example_external_task_marker_dag.py
[2024-07-19T05:26:56.852+0000] {processor.py:830} INFO - Processing file /home/airflow/.local/lib/python3.12/site-packages/airflow/example_dags/example_external_task_marker_dag.py for tasks to queue
[2024-07-19T05:26:56.853+0000] {logging_mixin.py:188} INFO - [2024-07-19T05:26:56.853+0000] {dagbag.py:545} INFO - Filling up the DagBag from /home/airflow/.local/lib/python3.12/site-packages/airflow/example_dags/example_external_task_marker_dag.py
[2024-07-19T05:26:56.861+0000] {processor.py:840} INFO - DAG(s) 'example_external_task_marker_parent', 'example_external_task_marker_child' retrieved from /home/airflow/.local/lib/python3.12/site-packages/airflow/example_dags/example_external_task_marker_dag.py
[2024-07-19T05:26:56.905+0000] {logging_mixin.py:188} INFO - [2024-07-19T05:26:56.905+0000] {dag.py:3089} INFO - Sync 2 DAGs
[2024-07-19T05:26:56.954+0000] {logging_mixin.py:188} INFO - [2024-07-19T05:26:56.954+0000] {dag.py:3947} INFO - Setting next_dagrun for example_external_task_marker_child to None, run_after=None
[2024-07-19T05:26:56.959+0000] {logging_mixin.py:188} INFO - [2024-07-19T05:26:56.958+0000] {dag.py:3947} INFO - Setting next_dagrun for example_external_task_marker_parent to None, run_after=None
[2024-07-19T05:26:56.978+0000] {processor.py:183} INFO - Processing /home/airflow/.local/lib/python3.12/site-packages/airflow/example_dags/example_external_task_marker_dag.py took 0.135 seconds
[2024-07-19T06:12:01.393+0000] {processor.py:161} INFO - Started process (PID=6256) to work on /home/airflow/.local/lib/python3.12/site-packages/airflow/example_dags/example_external_task_marker_dag.py
[2024-07-19T06:12:01.395+0000] {processor.py:830} INFO - Processing file /home/airflow/.local/lib/python3.12/site-packages/airflow/example_dags/example_external_task_marker_dag.py for tasks to queue
[2024-07-19T06:12:01.398+0000] {logging_mixin.py:188} INFO - [2024-07-19T06:12:01.397+0000] {dagbag.py:545} INFO - Filling up the DagBag from /home/airflow/.local/lib/python3.12/site-packages/airflow/example_dags/example_external_task_marker_dag.py
[2024-07-19T06:12:01.421+0000] {processor.py:840} INFO - DAG(s) 'example_external_task_marker_parent', 'example_external_task_marker_child' retrieved from /home/airflow/.local/lib/python3.12/site-packages/airflow/example_dags/example_external_task_marker_dag.py
[2024-07-19T06:12:01.496+0000] {logging_mixin.py:188} INFO - [2024-07-19T06:12:01.496+0000] {dag.py:3089} INFO - Sync 2 DAGs
[2024-07-19T06:12:01.604+0000] {logging_mixin.py:188} INFO - [2024-07-19T06:12:01.603+0000] {dag.py:3947} INFO - Setting next_dagrun for example_external_task_marker_child to None, run_after=None
[2024-07-19T06:12:01.611+0000] {logging_mixin.py:188} INFO - [2024-07-19T06:12:01.611+0000] {dag.py:3947} INFO - Setting next_dagrun for example_external_task_marker_parent to None, run_after=None
[2024-07-19T06:12:01.641+0000] {processor.py:183} INFO - Processing /home/airflow/.local/lib/python3.12/site-packages/airflow/example_dags/example_external_task_marker_dag.py took 0.261 seconds
[2024-07-19T06:12:32.642+0000] {processor.py:161} INFO - Started process (PID=6316) to work on /home/airflow/.local/lib/python3.12/site-packages/airflow/example_dags/example_external_task_marker_dag.py
[2024-07-19T06:12:32.644+0000] {processor.py:830} INFO - Processing file /home/airflow/.local/lib/python3.12/site-packages/airflow/example_dags/example_external_task_marker_dag.py for tasks to queue
[2024-07-19T06:12:32.647+0000] {logging_mixin.py:188} INFO - [2024-07-19T06:12:32.646+0000] {dagbag.py:545} INFO - Filling up the DagBag from /home/airflow/.local/lib/python3.12/site-packages/airflow/example_dags/example_external_task_marker_dag.py
[2024-07-19T06:12:32.657+0000] {processor.py:840} INFO - DAG(s) 'example_external_task_marker_child', 'example_external_task_marker_parent' retrieved from /home/airflow/.local/lib/python3.12/site-packages/airflow/example_dags/example_external_task_marker_dag.py
[2024-07-19T06:12:32.693+0000] {logging_mixin.py:188} INFO - [2024-07-19T06:12:32.692+0000] {dag.py:3089} INFO - Sync 2 DAGs
[2024-07-19T06:12:32.712+0000] {logging_mixin.py:188} INFO - [2024-07-19T06:12:32.712+0000] {dag.py:3947} INFO - Setting next_dagrun for example_external_task_marker_child to None, run_after=None
[2024-07-19T06:12:32.874+0000] {logging_mixin.py:188} INFO - [2024-07-19T06:12:32.873+0000] {dag.py:3947} INFO - Setting next_dagrun for example_external_task_marker_parent to None, run_after=None
[2024-07-19T06:12:32.896+0000] {processor.py:183} INFO - Processing /home/airflow/.local/lib/python3.12/site-packages/airflow/example_dags/example_external_task_marker_dag.py took 0.267 seconds
[2024-07-19T06:13:03.919+0000] {processor.py:161} INFO - Started process (PID=6382) to work on /home/airflow/.local/lib/python3.12/site-packages/airflow/example_dags/example_external_task_marker_dag.py
[2024-07-19T06:13:03.922+0000] {processor.py:830} INFO - Processing file /home/airflow/.local/lib/python3.12/site-packages/airflow/example_dags/example_external_task_marker_dag.py for tasks to queue
[2024-07-19T06:13:03.925+0000] {logging_mixin.py:188} INFO - [2024-07-19T06:13:03.924+0000] {dagbag.py:545} INFO - Filling up the DagBag from /home/airflow/.local/lib/python3.12/site-packages/airflow/example_dags/example_external_task_marker_dag.py
[2024-07-19T06:13:03.938+0000] {processor.py:840} INFO - DAG(s) 'example_external_task_marker_child', 'example_external_task_marker_parent' retrieved from /home/airflow/.local/lib/python3.12/site-packages/airflow/example_dags/example_external_task_marker_dag.py
[2024-07-19T06:13:04.009+0000] {logging_mixin.py:188} INFO - [2024-07-19T06:13:04.008+0000] {dag.py:3089} INFO - Sync 2 DAGs
[2024-07-19T06:13:04.158+0000] {logging_mixin.py:188} INFO - [2024-07-19T06:13:04.157+0000] {dag.py:3947} INFO - Setting next_dagrun for example_external_task_marker_child to None, run_after=None
[2024-07-19T06:13:04.167+0000] {logging_mixin.py:188} INFO - [2024-07-19T06:13:04.166+0000] {dag.py:3947} INFO - Setting next_dagrun for example_external_task_marker_parent to None, run_after=None
[2024-07-19T06:13:04.199+0000] {processor.py:183} INFO - Processing /home/airflow/.local/lib/python3.12/site-packages/airflow/example_dags/example_external_task_marker_dag.py took 0.293 seconds
[2024-07-19T06:13:34.877+0000] {processor.py:161} INFO - Started process (PID=6442) to work on /home/airflow/.local/lib/python3.12/site-packages/airflow/example_dags/example_external_task_marker_dag.py
[2024-07-19T06:13:34.879+0000] {processor.py:830} INFO - Processing file /home/airflow/.local/lib/python3.12/site-packages/airflow/example_dags/example_external_task_marker_dag.py for tasks to queue
[2024-07-19T06:13:34.880+0000] {logging_mixin.py:188} INFO - [2024-07-19T06:13:34.880+0000] {dagbag.py:545} INFO - Filling up the DagBag from /home/airflow/.local/lib/python3.12/site-packages/airflow/example_dags/example_external_task_marker_dag.py
[2024-07-19T06:13:34.888+0000] {processor.py:840} INFO - DAG(s) 'example_external_task_marker_child', 'example_external_task_marker_parent' retrieved from /home/airflow/.local/lib/python3.12/site-packages/airflow/example_dags/example_external_task_marker_dag.py
[2024-07-19T06:13:34.917+0000] {logging_mixin.py:188} INFO - [2024-07-19T06:13:34.917+0000] {dag.py:3089} INFO - Sync 2 DAGs
[2024-07-19T06:13:34.932+0000] {logging_mixin.py:188} INFO - [2024-07-19T06:13:34.932+0000] {dag.py:3947} INFO - Setting next_dagrun for example_external_task_marker_child to None, run_after=None
[2024-07-19T06:13:34.936+0000] {logging_mixin.py:188} INFO - [2024-07-19T06:13:34.936+0000] {dag.py:3947} INFO - Setting next_dagrun for example_external_task_marker_parent to None, run_after=None
[2024-07-19T06:13:34.957+0000] {processor.py:183} INFO - Processing /home/airflow/.local/lib/python3.12/site-packages/airflow/example_dags/example_external_task_marker_dag.py took 0.088 seconds
[2024-07-19T06:14:05.750+0000] {processor.py:161} INFO - Started process (PID=6502) to work on /home/airflow/.local/lib/python3.12/site-packages/airflow/example_dags/example_external_task_marker_dag.py
[2024-07-19T06:14:05.752+0000] {processor.py:830} INFO - Processing file /home/airflow/.local/lib/python3.12/site-packages/airflow/example_dags/example_external_task_marker_dag.py for tasks to queue
[2024-07-19T06:14:05.754+0000] {logging_mixin.py:188} INFO - [2024-07-19T06:14:05.753+0000] {dagbag.py:545} INFO - Filling up the DagBag from /home/airflow/.local/lib/python3.12/site-packages/airflow/example_dags/example_external_task_marker_dag.py
[2024-07-19T06:14:05.762+0000] {processor.py:840} INFO - DAG(s) 'example_external_task_marker_parent', 'example_external_task_marker_child' retrieved from /home/airflow/.local/lib/python3.12/site-packages/airflow/example_dags/example_external_task_marker_dag.py
[2024-07-19T06:14:05.796+0000] {logging_mixin.py:188} INFO - [2024-07-19T06:14:05.796+0000] {dag.py:3089} INFO - Sync 2 DAGs
[2024-07-19T06:14:05.823+0000] {logging_mixin.py:188} INFO - [2024-07-19T06:14:05.823+0000] {dag.py:3947} INFO - Setting next_dagrun for example_external_task_marker_child to None, run_after=None
[2024-07-19T06:14:05.829+0000] {logging_mixin.py:188} INFO - [2024-07-19T06:14:05.828+0000] {dag.py:3947} INFO - Setting next_dagrun for example_external_task_marker_parent to None, run_after=None
[2024-07-19T06:14:05.854+0000] {processor.py:183} INFO - Processing /home/airflow/.local/lib/python3.12/site-packages/airflow/example_dags/example_external_task_marker_dag.py took 0.112 seconds
[2024-07-19T06:14:36.391+0000] {processor.py:161} INFO - Started process (PID=6562) to work on /home/airflow/.local/lib/python3.12/site-packages/airflow/example_dags/example_external_task_marker_dag.py
[2024-07-19T06:14:36.393+0000] {processor.py:830} INFO - Processing file /home/airflow/.local/lib/python3.12/site-packages/airflow/example_dags/example_external_task_marker_dag.py for tasks to queue
[2024-07-19T06:14:36.394+0000] {logging_mixin.py:188} INFO - [2024-07-19T06:14:36.394+0000] {dagbag.py:545} INFO - Filling up the DagBag from /home/airflow/.local/lib/python3.12/site-packages/airflow/example_dags/example_external_task_marker_dag.py
[2024-07-19T06:14:36.401+0000] {processor.py:840} INFO - DAG(s) 'example_external_task_marker_child', 'example_external_task_marker_parent' retrieved from /home/airflow/.local/lib/python3.12/site-packages/airflow/example_dags/example_external_task_marker_dag.py
[2024-07-19T06:14:36.429+0000] {logging_mixin.py:188} INFO - [2024-07-19T06:14:36.428+0000] {dag.py:3089} INFO - Sync 2 DAGs
[2024-07-19T06:14:36.445+0000] {logging_mixin.py:188} INFO - [2024-07-19T06:14:36.445+0000] {dag.py:3947} INFO - Setting next_dagrun for example_external_task_marker_child to None, run_after=None
[2024-07-19T06:14:36.451+0000] {logging_mixin.py:188} INFO - [2024-07-19T06:14:36.450+0000] {dag.py:3947} INFO - Setting next_dagrun for example_external_task_marker_parent to None, run_after=None
[2024-07-19T06:14:36.475+0000] {processor.py:183} INFO - Processing /home/airflow/.local/lib/python3.12/site-packages/airflow/example_dags/example_external_task_marker_dag.py took 0.092 seconds
[2024-07-19T06:15:07.250+0000] {processor.py:161} INFO - Started process (PID=6622) to work on /home/airflow/.local/lib/python3.12/site-packages/airflow/example_dags/example_external_task_marker_dag.py
[2024-07-19T06:15:07.252+0000] {processor.py:830} INFO - Processing file /home/airflow/.local/lib/python3.12/site-packages/airflow/example_dags/example_external_task_marker_dag.py for tasks to queue
[2024-07-19T06:15:07.253+0000] {logging_mixin.py:188} INFO - [2024-07-19T06:15:07.253+0000] {dagbag.py:545} INFO - Filling up the DagBag from /home/airflow/.local/lib/python3.12/site-packages/airflow/example_dags/example_external_task_marker_dag.py
[2024-07-19T06:15:07.261+0000] {processor.py:840} INFO - DAG(s) 'example_external_task_marker_child', 'example_external_task_marker_parent' retrieved from /home/airflow/.local/lib/python3.12/site-packages/airflow/example_dags/example_external_task_marker_dag.py
[2024-07-19T06:15:07.294+0000] {logging_mixin.py:188} INFO - [2024-07-19T06:15:07.293+0000] {dag.py:3089} INFO - Sync 2 DAGs
[2024-07-19T06:15:07.311+0000] {logging_mixin.py:188} INFO - [2024-07-19T06:15:07.311+0000] {dag.py:3947} INFO - Setting next_dagrun for example_external_task_marker_child to None, run_after=None
[2024-07-19T06:15:07.424+0000] {logging_mixin.py:188} INFO - [2024-07-19T06:15:07.424+0000] {dag.py:3947} INFO - Setting next_dagrun for example_external_task_marker_parent to None, run_after=None
[2024-07-19T06:15:07.447+0000] {processor.py:183} INFO - Processing /home/airflow/.local/lib/python3.12/site-packages/airflow/example_dags/example_external_task_marker_dag.py took 0.205 seconds
[2024-07-19T06:15:38.186+0000] {processor.py:161} INFO - Started process (PID=6682) to work on /home/airflow/.local/lib/python3.12/site-packages/airflow/example_dags/example_external_task_marker_dag.py
[2024-07-19T06:15:38.188+0000] {processor.py:830} INFO - Processing file /home/airflow/.local/lib/python3.12/site-packages/airflow/example_dags/example_external_task_marker_dag.py for tasks to queue
[2024-07-19T06:15:38.189+0000] {logging_mixin.py:188} INFO - [2024-07-19T06:15:38.189+0000] {dagbag.py:545} INFO - Filling up the DagBag from /home/airflow/.local/lib/python3.12/site-packages/airflow/example_dags/example_external_task_marker_dag.py
[2024-07-19T06:15:38.198+0000] {processor.py:840} INFO - DAG(s) 'example_external_task_marker_parent', 'example_external_task_marker_child' retrieved from /home/airflow/.local/lib/python3.12/site-packages/airflow/example_dags/example_external_task_marker_dag.py
[2024-07-19T06:15:38.231+0000] {logging_mixin.py:188} INFO - [2024-07-19T06:15:38.231+0000] {dag.py:3089} INFO - Sync 2 DAGs
[2024-07-19T06:15:38.250+0000] {logging_mixin.py:188} INFO - [2024-07-19T06:15:38.250+0000] {dag.py:3947} INFO - Setting next_dagrun for example_external_task_marker_child to None, run_after=None
[2024-07-19T06:15:38.256+0000] {logging_mixin.py:188} INFO - [2024-07-19T06:15:38.256+0000] {dag.py:3947} INFO - Setting next_dagrun for example_external_task_marker_parent to None, run_after=None
[2024-07-19T06:15:38.281+0000] {processor.py:183} INFO - Processing /home/airflow/.local/lib/python3.12/site-packages/airflow/example_dags/example_external_task_marker_dag.py took 0.104 seconds
[2024-07-19T06:16:08.560+0000] {processor.py:161} INFO - Started process (PID=6742) to work on /home/airflow/.local/lib/python3.12/site-packages/airflow/example_dags/example_external_task_marker_dag.py
[2024-07-19T06:16:08.563+0000] {processor.py:830} INFO - Processing file /home/airflow/.local/lib/python3.12/site-packages/airflow/example_dags/example_external_task_marker_dag.py for tasks to queue
[2024-07-19T06:16:08.566+0000] {logging_mixin.py:188} INFO - [2024-07-19T06:16:08.565+0000] {dagbag.py:545} INFO - Filling up the DagBag from /home/airflow/.local/lib/python3.12/site-packages/airflow/example_dags/example_external_task_marker_dag.py
[2024-07-19T06:16:08.580+0000] {processor.py:840} INFO - DAG(s) 'example_external_task_marker_child', 'example_external_task_marker_parent' retrieved from /home/airflow/.local/lib/python3.12/site-packages/airflow/example_dags/example_external_task_marker_dag.py
[2024-07-19T06:16:08.686+0000] {logging_mixin.py:188} INFO - [2024-07-19T06:16:08.685+0000] {dag.py:3089} INFO - Sync 2 DAGs
[2024-07-19T06:16:08.789+0000] {logging_mixin.py:188} INFO - [2024-07-19T06:16:08.788+0000] {dag.py:3947} INFO - Setting next_dagrun for example_external_task_marker_child to None, run_after=None
[2024-07-19T06:16:08.801+0000] {logging_mixin.py:188} INFO - [2024-07-19T06:16:08.801+0000] {dag.py:3947} INFO - Setting next_dagrun for example_external_task_marker_parent to None, run_after=None
[2024-07-19T06:16:08.847+0000] {processor.py:183} INFO - Processing /home/airflow/.local/lib/python3.12/site-packages/airflow/example_dags/example_external_task_marker_dag.py took 0.300 seconds
[2024-07-19T06:16:39.745+0000] {processor.py:161} INFO - Started process (PID=6802) to work on /home/airflow/.local/lib/python3.12/site-packages/airflow/example_dags/example_external_task_marker_dag.py
[2024-07-19T06:16:39.748+0000] {processor.py:830} INFO - Processing file /home/airflow/.local/lib/python3.12/site-packages/airflow/example_dags/example_external_task_marker_dag.py for tasks to queue
[2024-07-19T06:16:39.867+0000] {logging_mixin.py:188} INFO - [2024-07-19T06:16:39.866+0000] {dagbag.py:545} INFO - Filling up the DagBag from /home/airflow/.local/lib/python3.12/site-packages/airflow/example_dags/example_external_task_marker_dag.py
[2024-07-19T06:16:39.887+0000] {processor.py:840} INFO - DAG(s) 'example_external_task_marker_parent', 'example_external_task_marker_child' retrieved from /home/airflow/.local/lib/python3.12/site-packages/airflow/example_dags/example_external_task_marker_dag.py
[2024-07-19T06:16:39.966+0000] {logging_mixin.py:188} INFO - [2024-07-19T06:16:39.965+0000] {dag.py:3089} INFO - Sync 2 DAGs
[2024-07-19T06:16:40.023+0000] {logging_mixin.py:188} INFO - [2024-07-19T06:16:40.022+0000] {dag.py:3947} INFO - Setting next_dagrun for example_external_task_marker_child to None, run_after=None
[2024-07-19T06:16:40.107+0000] {logging_mixin.py:188} INFO - [2024-07-19T06:16:40.107+0000] {dag.py:3947} INFO - Setting next_dagrun for example_external_task_marker_parent to None, run_after=None
[2024-07-19T06:16:40.141+0000] {processor.py:183} INFO - Processing /home/airflow/.local/lib/python3.12/site-packages/airflow/example_dags/example_external_task_marker_dag.py took 0.419 seconds
[2024-07-19T06:17:10.865+0000] {processor.py:161} INFO - Started process (PID=6862) to work on /home/airflow/.local/lib/python3.12/site-packages/airflow/example_dags/example_external_task_marker_dag.py
[2024-07-19T06:17:10.866+0000] {processor.py:830} INFO - Processing file /home/airflow/.local/lib/python3.12/site-packages/airflow/example_dags/example_external_task_marker_dag.py for tasks to queue
[2024-07-19T06:17:10.868+0000] {logging_mixin.py:188} INFO - [2024-07-19T06:17:10.867+0000] {dagbag.py:545} INFO - Filling up the DagBag from /home/airflow/.local/lib/python3.12/site-packages/airflow/example_dags/example_external_task_marker_dag.py
[2024-07-19T06:17:10.876+0000] {processor.py:840} INFO - DAG(s) 'example_external_task_marker_child', 'example_external_task_marker_parent' retrieved from /home/airflow/.local/lib/python3.12/site-packages/airflow/example_dags/example_external_task_marker_dag.py
[2024-07-19T06:17:10.910+0000] {logging_mixin.py:188} INFO - [2024-07-19T06:17:10.910+0000] {dag.py:3089} INFO - Sync 2 DAGs
[2024-07-19T06:17:10.928+0000] {logging_mixin.py:188} INFO - [2024-07-19T06:17:10.927+0000] {dag.py:3947} INFO - Setting next_dagrun for example_external_task_marker_child to None, run_after=None
[2024-07-19T06:17:10.932+0000] {logging_mixin.py:188} INFO - [2024-07-19T06:17:10.932+0000] {dag.py:3947} INFO - Setting next_dagrun for example_external_task_marker_parent to None, run_after=None
[2024-07-19T06:17:10.953+0000] {processor.py:183} INFO - Processing /home/airflow/.local/lib/python3.12/site-packages/airflow/example_dags/example_external_task_marker_dag.py took 0.097 seconds
[2024-07-19T06:17:41.193+0000] {processor.py:161} INFO - Started process (PID=6922) to work on /home/airflow/.local/lib/python3.12/site-packages/airflow/example_dags/example_external_task_marker_dag.py
[2024-07-19T06:17:41.194+0000] {processor.py:830} INFO - Processing file /home/airflow/.local/lib/python3.12/site-packages/airflow/example_dags/example_external_task_marker_dag.py for tasks to queue
[2024-07-19T06:17:41.196+0000] {logging_mixin.py:188} INFO - [2024-07-19T06:17:41.195+0000] {dagbag.py:545} INFO - Filling up the DagBag from /home/airflow/.local/lib/python3.12/site-packages/airflow/example_dags/example_external_task_marker_dag.py
[2024-07-19T06:17:41.204+0000] {processor.py:840} INFO - DAG(s) 'example_external_task_marker_parent', 'example_external_task_marker_child' retrieved from /home/airflow/.local/lib/python3.12/site-packages/airflow/example_dags/example_external_task_marker_dag.py
[2024-07-19T06:17:41.238+0000] {logging_mixin.py:188} INFO - [2024-07-19T06:17:41.237+0000] {dag.py:3089} INFO - Sync 2 DAGs
[2024-07-19T06:17:41.255+0000] {logging_mixin.py:188} INFO - [2024-07-19T06:17:41.255+0000] {dag.py:3947} INFO - Setting next_dagrun for example_external_task_marker_child to None, run_after=None
[2024-07-19T06:17:41.260+0000] {logging_mixin.py:188} INFO - [2024-07-19T06:17:41.260+0000] {dag.py:3947} INFO - Setting next_dagrun for example_external_task_marker_parent to None, run_after=None
[2024-07-19T06:17:41.282+0000] {processor.py:183} INFO - Processing /home/airflow/.local/lib/python3.12/site-packages/airflow/example_dags/example_external_task_marker_dag.py took 0.097 seconds
[2024-07-19T06:18:11.351+0000] {processor.py:161} INFO - Started process (PID=6981) to work on /home/airflow/.local/lib/python3.12/site-packages/airflow/example_dags/example_external_task_marker_dag.py
[2024-07-19T06:18:11.352+0000] {processor.py:830} INFO - Processing file /home/airflow/.local/lib/python3.12/site-packages/airflow/example_dags/example_external_task_marker_dag.py for tasks to queue
[2024-07-19T06:18:11.354+0000] {logging_mixin.py:188} INFO - [2024-07-19T06:18:11.353+0000] {dagbag.py:545} INFO - Filling up the DagBag from /home/airflow/.local/lib/python3.12/site-packages/airflow/example_dags/example_external_task_marker_dag.py
[2024-07-19T06:18:11.361+0000] {processor.py:840} INFO - DAG(s) 'example_external_task_marker_parent', 'example_external_task_marker_child' retrieved from /home/airflow/.local/lib/python3.12/site-packages/airflow/example_dags/example_external_task_marker_dag.py
[2024-07-19T06:18:11.390+0000] {logging_mixin.py:188} INFO - [2024-07-19T06:18:11.389+0000] {dag.py:3089} INFO - Sync 2 DAGs
[2024-07-19T06:18:11.405+0000] {logging_mixin.py:188} INFO - [2024-07-19T06:18:11.405+0000] {dag.py:3947} INFO - Setting next_dagrun for example_external_task_marker_child to None, run_after=None
[2024-07-19T06:18:11.409+0000] {logging_mixin.py:188} INFO - [2024-07-19T06:18:11.409+0000] {dag.py:3947} INFO - Setting next_dagrun for example_external_task_marker_parent to None, run_after=None
[2024-07-19T06:18:11.429+0000] {processor.py:183} INFO - Processing /home/airflow/.local/lib/python3.12/site-packages/airflow/example_dags/example_external_task_marker_dag.py took 0.085 seconds
[2024-07-19T06:18:42.014+0000] {processor.py:161} INFO - Started process (PID=7042) to work on /home/airflow/.local/lib/python3.12/site-packages/airflow/example_dags/example_external_task_marker_dag.py
[2024-07-19T06:18:42.015+0000] {processor.py:830} INFO - Processing file /home/airflow/.local/lib/python3.12/site-packages/airflow/example_dags/example_external_task_marker_dag.py for tasks to queue
[2024-07-19T06:18:42.017+0000] {logging_mixin.py:188} INFO - [2024-07-19T06:18:42.016+0000] {dagbag.py:545} INFO - Filling up the DagBag from /home/airflow/.local/lib/python3.12/site-packages/airflow/example_dags/example_external_task_marker_dag.py
[2024-07-19T06:18:42.025+0000] {processor.py:840} INFO - DAG(s) 'example_external_task_marker_parent', 'example_external_task_marker_child' retrieved from /home/airflow/.local/lib/python3.12/site-packages/airflow/example_dags/example_external_task_marker_dag.py
[2024-07-19T06:18:42.058+0000] {logging_mixin.py:188} INFO - [2024-07-19T06:18:42.058+0000] {dag.py:3089} INFO - Sync 2 DAGs
[2024-07-19T06:18:42.079+0000] {logging_mixin.py:188} INFO - [2024-07-19T06:18:42.078+0000] {dag.py:3947} INFO - Setting next_dagrun for example_external_task_marker_child to None, run_after=None
[2024-07-19T06:18:42.084+0000] {logging_mixin.py:188} INFO - [2024-07-19T06:18:42.083+0000] {dag.py:3947} INFO - Setting next_dagrun for example_external_task_marker_parent to None, run_after=None
[2024-07-19T06:18:42.105+0000] {processor.py:183} INFO - Processing /home/airflow/.local/lib/python3.12/site-packages/airflow/example_dags/example_external_task_marker_dag.py took 0.099 seconds
[2024-07-19T06:19:12.706+0000] {processor.py:161} INFO - Started process (PID=7102) to work on /home/airflow/.local/lib/python3.12/site-packages/airflow/example_dags/example_external_task_marker_dag.py
[2024-07-19T06:19:12.707+0000] {processor.py:830} INFO - Processing file /home/airflow/.local/lib/python3.12/site-packages/airflow/example_dags/example_external_task_marker_dag.py for tasks to queue
[2024-07-19T06:19:12.708+0000] {logging_mixin.py:188} INFO - [2024-07-19T06:19:12.708+0000] {dagbag.py:545} INFO - Filling up the DagBag from /home/airflow/.local/lib/python3.12/site-packages/airflow/example_dags/example_external_task_marker_dag.py
[2024-07-19T06:19:12.716+0000] {processor.py:840} INFO - DAG(s) 'example_external_task_marker_parent', 'example_external_task_marker_child' retrieved from /home/airflow/.local/lib/python3.12/site-packages/airflow/example_dags/example_external_task_marker_dag.py
[2024-07-19T06:19:12.748+0000] {logging_mixin.py:188} INFO - [2024-07-19T06:19:12.748+0000] {dag.py:3089} INFO - Sync 2 DAGs
[2024-07-19T06:19:12.767+0000] {logging_mixin.py:188} INFO - [2024-07-19T06:19:12.767+0000] {dag.py:3947} INFO - Setting next_dagrun for example_external_task_marker_child to None, run_after=None
[2024-07-19T06:19:12.773+0000] {logging_mixin.py:188} INFO - [2024-07-19T06:19:12.773+0000] {dag.py:3947} INFO - Setting next_dagrun for example_external_task_marker_parent to None, run_after=None
[2024-07-19T06:19:12.796+0000] {processor.py:183} INFO - Processing /home/airflow/.local/lib/python3.12/site-packages/airflow/example_dags/example_external_task_marker_dag.py took 0.098 seconds
[2024-07-19T06:19:43.043+0000] {processor.py:161} INFO - Started process (PID=7162) to work on /home/airflow/.local/lib/python3.12/site-packages/airflow/example_dags/example_external_task_marker_dag.py
[2024-07-19T06:19:43.045+0000] {processor.py:830} INFO - Processing file /home/airflow/.local/lib/python3.12/site-packages/airflow/example_dags/example_external_task_marker_dag.py for tasks to queue
[2024-07-19T06:19:43.046+0000] {logging_mixin.py:188} INFO - [2024-07-19T06:19:43.046+0000] {dagbag.py:545} INFO - Filling up the DagBag from /home/airflow/.local/lib/python3.12/site-packages/airflow/example_dags/example_external_task_marker_dag.py
[2024-07-19T06:19:43.053+0000] {processor.py:840} INFO - DAG(s) 'example_external_task_marker_child', 'example_external_task_marker_parent' retrieved from /home/airflow/.local/lib/python3.12/site-packages/airflow/example_dags/example_external_task_marker_dag.py
[2024-07-19T06:19:43.084+0000] {logging_mixin.py:188} INFO - [2024-07-19T06:19:43.084+0000] {dag.py:3089} INFO - Sync 2 DAGs
[2024-07-19T06:19:43.148+0000] {logging_mixin.py:188} INFO - [2024-07-19T06:19:43.147+0000] {dag.py:3947} INFO - Setting next_dagrun for example_external_task_marker_child to None, run_after=None
[2024-07-19T06:19:43.152+0000] {logging_mixin.py:188} INFO - [2024-07-19T06:19:43.152+0000] {dag.py:3947} INFO - Setting next_dagrun for example_external_task_marker_parent to None, run_after=None
[2024-07-19T06:19:43.171+0000] {processor.py:183} INFO - Processing /home/airflow/.local/lib/python3.12/site-packages/airflow/example_dags/example_external_task_marker_dag.py took 0.135 seconds
[2024-07-19T06:20:13.675+0000] {processor.py:161} INFO - Started process (PID=7222) to work on /home/airflow/.local/lib/python3.12/site-packages/airflow/example_dags/example_external_task_marker_dag.py
[2024-07-19T06:20:13.676+0000] {processor.py:830} INFO - Processing file /home/airflow/.local/lib/python3.12/site-packages/airflow/example_dags/example_external_task_marker_dag.py for tasks to queue
[2024-07-19T06:20:13.678+0000] {logging_mixin.py:188} INFO - [2024-07-19T06:20:13.677+0000] {dagbag.py:545} INFO - Filling up the DagBag from /home/airflow/.local/lib/python3.12/site-packages/airflow/example_dags/example_external_task_marker_dag.py
[2024-07-19T06:20:13.686+0000] {processor.py:840} INFO - DAG(s) 'example_external_task_marker_parent', 'example_external_task_marker_child' retrieved from /home/airflow/.local/lib/python3.12/site-packages/airflow/example_dags/example_external_task_marker_dag.py
[2024-07-19T06:20:13.718+0000] {logging_mixin.py:188} INFO - [2024-07-19T06:20:13.718+0000] {dag.py:3089} INFO - Sync 2 DAGs
[2024-07-19T06:20:13.737+0000] {logging_mixin.py:188} INFO - [2024-07-19T06:20:13.736+0000] {dag.py:3947} INFO - Setting next_dagrun for example_external_task_marker_child to None, run_after=None
[2024-07-19T06:20:13.741+0000] {logging_mixin.py:188} INFO - [2024-07-19T06:20:13.741+0000] {dag.py:3947} INFO - Setting next_dagrun for example_external_task_marker_parent to None, run_after=None
[2024-07-19T06:20:13.765+0000] {processor.py:183} INFO - Processing /home/airflow/.local/lib/python3.12/site-packages/airflow/example_dags/example_external_task_marker_dag.py took 0.098 seconds
[2024-07-19T06:20:44.600+0000] {processor.py:161} INFO - Started process (PID=7282) to work on /home/airflow/.local/lib/python3.12/site-packages/airflow/example_dags/example_external_task_marker_dag.py
[2024-07-19T06:20:44.601+0000] {processor.py:830} INFO - Processing file /home/airflow/.local/lib/python3.12/site-packages/airflow/example_dags/example_external_task_marker_dag.py for tasks to queue
[2024-07-19T06:20:44.603+0000] {logging_mixin.py:188} INFO - [2024-07-19T06:20:44.603+0000] {dagbag.py:545} INFO - Filling up the DagBag from /home/airflow/.local/lib/python3.12/site-packages/airflow/example_dags/example_external_task_marker_dag.py
[2024-07-19T06:20:44.611+0000] {processor.py:840} INFO - DAG(s) 'example_external_task_marker_parent', 'example_external_task_marker_child' retrieved from /home/airflow/.local/lib/python3.12/site-packages/airflow/example_dags/example_external_task_marker_dag.py
[2024-07-19T06:20:44.647+0000] {logging_mixin.py:188} INFO - [2024-07-19T06:20:44.646+0000] {dag.py:3089} INFO - Sync 2 DAGs
[2024-07-19T06:20:44.666+0000] {logging_mixin.py:188} INFO - [2024-07-19T06:20:44.665+0000] {dag.py:3947} INFO - Setting next_dagrun for example_external_task_marker_child to None, run_after=None
[2024-07-19T06:20:44.673+0000] {logging_mixin.py:188} INFO - [2024-07-19T06:20:44.672+0000] {dag.py:3947} INFO - Setting next_dagrun for example_external_task_marker_parent to None, run_after=None
[2024-07-19T06:20:44.698+0000] {processor.py:183} INFO - Processing /home/airflow/.local/lib/python3.12/site-packages/airflow/example_dags/example_external_task_marker_dag.py took 0.107 seconds
[2024-07-19T06:21:14.844+0000] {processor.py:161} INFO - Started process (PID=7340) to work on /home/airflow/.local/lib/python3.12/site-packages/airflow/example_dags/example_external_task_marker_dag.py
[2024-07-19T06:21:14.846+0000] {processor.py:830} INFO - Processing file /home/airflow/.local/lib/python3.12/site-packages/airflow/example_dags/example_external_task_marker_dag.py for tasks to queue
[2024-07-19T06:21:14.847+0000] {logging_mixin.py:188} INFO - [2024-07-19T06:21:14.847+0000] {dagbag.py:545} INFO - Filling up the DagBag from /home/airflow/.local/lib/python3.12/site-packages/airflow/example_dags/example_external_task_marker_dag.py
[2024-07-19T06:21:14.855+0000] {processor.py:840} INFO - DAG(s) 'example_external_task_marker_child', 'example_external_task_marker_parent' retrieved from /home/airflow/.local/lib/python3.12/site-packages/airflow/example_dags/example_external_task_marker_dag.py
[2024-07-19T06:21:14.887+0000] {logging_mixin.py:188} INFO - [2024-07-19T06:21:14.886+0000] {dag.py:3089} INFO - Sync 2 DAGs
[2024-07-19T06:21:14.903+0000] {logging_mixin.py:188} INFO - [2024-07-19T06:21:14.902+0000] {dag.py:3947} INFO - Setting next_dagrun for example_external_task_marker_child to None, run_after=None
[2024-07-19T06:21:14.908+0000] {logging_mixin.py:188} INFO - [2024-07-19T06:21:14.908+0000] {dag.py:3947} INFO - Setting next_dagrun for example_external_task_marker_parent to None, run_after=None
[2024-07-19T06:21:14.934+0000] {processor.py:183} INFO - Processing /home/airflow/.local/lib/python3.12/site-packages/airflow/example_dags/example_external_task_marker_dag.py took 0.098 seconds
[2024-07-19T06:21:45.226+0000] {processor.py:161} INFO - Started process (PID=7400) to work on /home/airflow/.local/lib/python3.12/site-packages/airflow/example_dags/example_external_task_marker_dag.py
[2024-07-19T06:21:45.228+0000] {processor.py:830} INFO - Processing file /home/airflow/.local/lib/python3.12/site-packages/airflow/example_dags/example_external_task_marker_dag.py for tasks to queue
[2024-07-19T06:21:45.229+0000] {logging_mixin.py:188} INFO - [2024-07-19T06:21:45.229+0000] {dagbag.py:545} INFO - Filling up the DagBag from /home/airflow/.local/lib/python3.12/site-packages/airflow/example_dags/example_external_task_marker_dag.py
[2024-07-19T06:21:45.237+0000] {processor.py:840} INFO - DAG(s) 'example_external_task_marker_parent', 'example_external_task_marker_child' retrieved from /home/airflow/.local/lib/python3.12/site-packages/airflow/example_dags/example_external_task_marker_dag.py
[2024-07-19T06:21:45.267+0000] {logging_mixin.py:188} INFO - [2024-07-19T06:21:45.266+0000] {dag.py:3089} INFO - Sync 2 DAGs
[2024-07-19T06:21:45.282+0000] {logging_mixin.py:188} INFO - [2024-07-19T06:21:45.282+0000] {dag.py:3947} INFO - Setting next_dagrun for example_external_task_marker_child to None, run_after=None
[2024-07-19T06:21:45.287+0000] {logging_mixin.py:188} INFO - [2024-07-19T06:21:45.287+0000] {dag.py:3947} INFO - Setting next_dagrun for example_external_task_marker_parent to None, run_after=None
[2024-07-19T06:21:45.306+0000] {processor.py:183} INFO - Processing /home/airflow/.local/lib/python3.12/site-packages/airflow/example_dags/example_external_task_marker_dag.py took 0.087 seconds
[2024-07-19T06:22:15.693+0000] {processor.py:161} INFO - Started process (PID=7460) to work on /home/airflow/.local/lib/python3.12/site-packages/airflow/example_dags/example_external_task_marker_dag.py
[2024-07-19T06:22:15.694+0000] {processor.py:830} INFO - Processing file /home/airflow/.local/lib/python3.12/site-packages/airflow/example_dags/example_external_task_marker_dag.py for tasks to queue
[2024-07-19T06:22:15.696+0000] {logging_mixin.py:188} INFO - [2024-07-19T06:22:15.695+0000] {dagbag.py:545} INFO - Filling up the DagBag from /home/airflow/.local/lib/python3.12/site-packages/airflow/example_dags/example_external_task_marker_dag.py
[2024-07-19T06:22:15.703+0000] {processor.py:840} INFO - DAG(s) 'example_external_task_marker_child', 'example_external_task_marker_parent' retrieved from /home/airflow/.local/lib/python3.12/site-packages/airflow/example_dags/example_external_task_marker_dag.py
[2024-07-19T06:22:15.734+0000] {logging_mixin.py:188} INFO - [2024-07-19T06:22:15.734+0000] {dag.py:3089} INFO - Sync 2 DAGs
[2024-07-19T06:22:15.753+0000] {logging_mixin.py:188} INFO - [2024-07-19T06:22:15.753+0000] {dag.py:3947} INFO - Setting next_dagrun for example_external_task_marker_child to None, run_after=None
[2024-07-19T06:22:15.759+0000] {logging_mixin.py:188} INFO - [2024-07-19T06:22:15.759+0000] {dag.py:3947} INFO - Setting next_dagrun for example_external_task_marker_parent to None, run_after=None
[2024-07-19T06:22:15.782+0000] {processor.py:183} INFO - Processing /home/airflow/.local/lib/python3.12/site-packages/airflow/example_dags/example_external_task_marker_dag.py took 0.098 seconds
[2024-07-19T06:22:46.011+0000] {processor.py:161} INFO - Started process (PID=7521) to work on /home/airflow/.local/lib/python3.12/site-packages/airflow/example_dags/example_external_task_marker_dag.py
[2024-07-19T06:22:46.012+0000] {processor.py:830} INFO - Processing file /home/airflow/.local/lib/python3.12/site-packages/airflow/example_dags/example_external_task_marker_dag.py for tasks to queue
[2024-07-19T06:22:46.013+0000] {logging_mixin.py:188} INFO - [2024-07-19T06:22:46.013+0000] {dagbag.py:545} INFO - Filling up the DagBag from /home/airflow/.local/lib/python3.12/site-packages/airflow/example_dags/example_external_task_marker_dag.py
[2024-07-19T06:22:46.020+0000] {processor.py:840} INFO - DAG(s) 'example_external_task_marker_child', 'example_external_task_marker_parent' retrieved from /home/airflow/.local/lib/python3.12/site-packages/airflow/example_dags/example_external_task_marker_dag.py
[2024-07-19T06:22:46.051+0000] {logging_mixin.py:188} INFO - [2024-07-19T06:22:46.051+0000] {dag.py:3089} INFO - Sync 2 DAGs
[2024-07-19T06:22:46.071+0000] {logging_mixin.py:188} INFO - [2024-07-19T06:22:46.070+0000] {dag.py:3947} INFO - Setting next_dagrun for example_external_task_marker_child to None, run_after=None
[2024-07-19T06:22:46.076+0000] {logging_mixin.py:188} INFO - [2024-07-19T06:22:46.076+0000] {dag.py:3947} INFO - Setting next_dagrun for example_external_task_marker_parent to None, run_after=None
[2024-07-19T06:22:46.104+0000] {processor.py:183} INFO - Processing /home/airflow/.local/lib/python3.12/site-packages/airflow/example_dags/example_external_task_marker_dag.py took 0.101 seconds
[2024-07-19T06:23:16.747+0000] {processor.py:161} INFO - Started process (PID=7581) to work on /home/airflow/.local/lib/python3.12/site-packages/airflow/example_dags/example_external_task_marker_dag.py
[2024-07-19T06:23:16.748+0000] {processor.py:830} INFO - Processing file /home/airflow/.local/lib/python3.12/site-packages/airflow/example_dags/example_external_task_marker_dag.py for tasks to queue
[2024-07-19T06:23:16.750+0000] {logging_mixin.py:188} INFO - [2024-07-19T06:23:16.749+0000] {dagbag.py:545} INFO - Filling up the DagBag from /home/airflow/.local/lib/python3.12/site-packages/airflow/example_dags/example_external_task_marker_dag.py
[2024-07-19T06:23:16.757+0000] {processor.py:840} INFO - DAG(s) 'example_external_task_marker_parent', 'example_external_task_marker_child' retrieved from /home/airflow/.local/lib/python3.12/site-packages/airflow/example_dags/example_external_task_marker_dag.py
[2024-07-19T06:23:16.788+0000] {logging_mixin.py:188} INFO - [2024-07-19T06:23:16.788+0000] {dag.py:3089} INFO - Sync 2 DAGs
[2024-07-19T06:23:16.806+0000] {logging_mixin.py:188} INFO - [2024-07-19T06:23:16.806+0000] {dag.py:3947} INFO - Setting next_dagrun for example_external_task_marker_child to None, run_after=None
[2024-07-19T06:23:16.811+0000] {logging_mixin.py:188} INFO - [2024-07-19T06:23:16.811+0000] {dag.py:3947} INFO - Setting next_dagrun for example_external_task_marker_parent to None, run_after=None
[2024-07-19T06:23:16.833+0000] {processor.py:183} INFO - Processing /home/airflow/.local/lib/python3.12/site-packages/airflow/example_dags/example_external_task_marker_dag.py took 0.094 seconds
[2024-07-19T06:23:47.538+0000] {processor.py:161} INFO - Started process (PID=7640) to work on /home/airflow/.local/lib/python3.12/site-packages/airflow/example_dags/example_external_task_marker_dag.py
[2024-07-19T06:23:47.539+0000] {processor.py:830} INFO - Processing file /home/airflow/.local/lib/python3.12/site-packages/airflow/example_dags/example_external_task_marker_dag.py for tasks to queue
[2024-07-19T06:23:47.540+0000] {logging_mixin.py:188} INFO - [2024-07-19T06:23:47.540+0000] {dagbag.py:545} INFO - Filling up the DagBag from /home/airflow/.local/lib/python3.12/site-packages/airflow/example_dags/example_external_task_marker_dag.py
[2024-07-19T06:23:47.547+0000] {processor.py:840} INFO - DAG(s) 'example_external_task_marker_child', 'example_external_task_marker_parent' retrieved from /home/airflow/.local/lib/python3.12/site-packages/airflow/example_dags/example_external_task_marker_dag.py
[2024-07-19T06:23:47.578+0000] {logging_mixin.py:188} INFO - [2024-07-19T06:23:47.577+0000] {dag.py:3089} INFO - Sync 2 DAGs
[2024-07-19T06:23:47.594+0000] {logging_mixin.py:188} INFO - [2024-07-19T06:23:47.594+0000] {dag.py:3947} INFO - Setting next_dagrun for example_external_task_marker_child to None, run_after=None
[2024-07-19T06:23:47.599+0000] {logging_mixin.py:188} INFO - [2024-07-19T06:23:47.598+0000] {dag.py:3947} INFO - Setting next_dagrun for example_external_task_marker_parent to None, run_after=None
[2024-07-19T06:23:47.619+0000] {processor.py:183} INFO - Processing /home/airflow/.local/lib/python3.12/site-packages/airflow/example_dags/example_external_task_marker_dag.py took 0.088 seconds
[2024-07-19T06:24:17.965+0000] {processor.py:161} INFO - Started process (PID=7701) to work on /home/airflow/.local/lib/python3.12/site-packages/airflow/example_dags/example_external_task_marker_dag.py
[2024-07-19T06:24:17.967+0000] {processor.py:830} INFO - Processing file /home/airflow/.local/lib/python3.12/site-packages/airflow/example_dags/example_external_task_marker_dag.py for tasks to queue
[2024-07-19T06:24:17.969+0000] {logging_mixin.py:188} INFO - [2024-07-19T06:24:17.969+0000] {dagbag.py:545} INFO - Filling up the DagBag from /home/airflow/.local/lib/python3.12/site-packages/airflow/example_dags/example_external_task_marker_dag.py
[2024-07-19T06:24:17.990+0000] {processor.py:840} INFO - DAG(s) 'example_external_task_marker_child', 'example_external_task_marker_parent' retrieved from /home/airflow/.local/lib/python3.12/site-packages/airflow/example_dags/example_external_task_marker_dag.py
[2024-07-19T06:24:18.063+0000] {logging_mixin.py:188} INFO - [2024-07-19T06:24:18.062+0000] {dag.py:3089} INFO - Sync 2 DAGs
[2024-07-19T06:24:18.090+0000] {logging_mixin.py:188} INFO - [2024-07-19T06:24:18.089+0000] {dag.py:3947} INFO - Setting next_dagrun for example_external_task_marker_child to None, run_after=None
[2024-07-19T06:24:18.096+0000] {logging_mixin.py:188} INFO - [2024-07-19T06:24:18.095+0000] {dag.py:3947} INFO - Setting next_dagrun for example_external_task_marker_parent to None, run_after=None
[2024-07-19T06:24:18.141+0000] {processor.py:183} INFO - Processing /home/airflow/.local/lib/python3.12/site-packages/airflow/example_dags/example_external_task_marker_dag.py took 0.192 seconds
[2024-07-19T06:24:48.434+0000] {processor.py:161} INFO - Started process (PID=7760) to work on /home/airflow/.local/lib/python3.12/site-packages/airflow/example_dags/example_external_task_marker_dag.py
[2024-07-19T06:24:48.435+0000] {processor.py:830} INFO - Processing file /home/airflow/.local/lib/python3.12/site-packages/airflow/example_dags/example_external_task_marker_dag.py for tasks to queue
[2024-07-19T06:24:48.436+0000] {logging_mixin.py:188} INFO - [2024-07-19T06:24:48.436+0000] {dagbag.py:545} INFO - Filling up the DagBag from /home/airflow/.local/lib/python3.12/site-packages/airflow/example_dags/example_external_task_marker_dag.py
[2024-07-19T06:24:48.444+0000] {processor.py:840} INFO - DAG(s) 'example_external_task_marker_parent', 'example_external_task_marker_child' retrieved from /home/airflow/.local/lib/python3.12/site-packages/airflow/example_dags/example_external_task_marker_dag.py
[2024-07-19T06:24:48.472+0000] {logging_mixin.py:188} INFO - [2024-07-19T06:24:48.472+0000] {dag.py:3089} INFO - Sync 2 DAGs
[2024-07-19T06:24:48.488+0000] {logging_mixin.py:188} INFO - [2024-07-19T06:24:48.488+0000] {dag.py:3947} INFO - Setting next_dagrun for example_external_task_marker_child to None, run_after=None
[2024-07-19T06:24:48.493+0000] {logging_mixin.py:188} INFO - [2024-07-19T06:24:48.493+0000] {dag.py:3947} INFO - Setting next_dagrun for example_external_task_marker_parent to None, run_after=None
[2024-07-19T06:24:48.518+0000] {processor.py:183} INFO - Processing /home/airflow/.local/lib/python3.12/site-packages/airflow/example_dags/example_external_task_marker_dag.py took 0.091 seconds
[2024-07-19T06:25:19.409+0000] {processor.py:161} INFO - Started process (PID=7821) to work on /home/airflow/.local/lib/python3.12/site-packages/airflow/example_dags/example_external_task_marker_dag.py
[2024-07-19T06:25:19.411+0000] {processor.py:830} INFO - Processing file /home/airflow/.local/lib/python3.12/site-packages/airflow/example_dags/example_external_task_marker_dag.py for tasks to queue
[2024-07-19T06:25:19.412+0000] {logging_mixin.py:188} INFO - [2024-07-19T06:25:19.412+0000] {dagbag.py:545} INFO - Filling up the DagBag from /home/airflow/.local/lib/python3.12/site-packages/airflow/example_dags/example_external_task_marker_dag.py
[2024-07-19T06:25:19.419+0000] {processor.py:840} INFO - DAG(s) 'example_external_task_marker_child', 'example_external_task_marker_parent' retrieved from /home/airflow/.local/lib/python3.12/site-packages/airflow/example_dags/example_external_task_marker_dag.py
[2024-07-19T06:25:19.451+0000] {logging_mixin.py:188} INFO - [2024-07-19T06:25:19.451+0000] {dag.py:3089} INFO - Sync 2 DAGs
[2024-07-19T06:25:19.468+0000] {logging_mixin.py:188} INFO - [2024-07-19T06:25:19.468+0000] {dag.py:3947} INFO - Setting next_dagrun for example_external_task_marker_child to None, run_after=None
[2024-07-19T06:25:19.473+0000] {logging_mixin.py:188} INFO - [2024-07-19T06:25:19.473+0000] {dag.py:3947} INFO - Setting next_dagrun for example_external_task_marker_parent to None, run_after=None
[2024-07-19T06:25:19.492+0000] {processor.py:183} INFO - Processing /home/airflow/.local/lib/python3.12/site-packages/airflow/example_dags/example_external_task_marker_dag.py took 0.091 seconds
[2024-07-19T06:25:49.721+0000] {processor.py:161} INFO - Started process (PID=7881) to work on /home/airflow/.local/lib/python3.12/site-packages/airflow/example_dags/example_external_task_marker_dag.py
[2024-07-19T06:25:49.723+0000] {processor.py:830} INFO - Processing file /home/airflow/.local/lib/python3.12/site-packages/airflow/example_dags/example_external_task_marker_dag.py for tasks to queue
[2024-07-19T06:25:49.724+0000] {logging_mixin.py:188} INFO - [2024-07-19T06:25:49.724+0000] {dagbag.py:545} INFO - Filling up the DagBag from /home/airflow/.local/lib/python3.12/site-packages/airflow/example_dags/example_external_task_marker_dag.py
[2024-07-19T06:25:49.731+0000] {processor.py:840} INFO - DAG(s) 'example_external_task_marker_parent', 'example_external_task_marker_child' retrieved from /home/airflow/.local/lib/python3.12/site-packages/airflow/example_dags/example_external_task_marker_dag.py
[2024-07-19T06:25:49.760+0000] {logging_mixin.py:188} INFO - [2024-07-19T06:25:49.760+0000] {dag.py:3089} INFO - Sync 2 DAGs
[2024-07-19T06:25:49.775+0000] {logging_mixin.py:188} INFO - [2024-07-19T06:25:49.775+0000] {dag.py:3947} INFO - Setting next_dagrun for example_external_task_marker_child to None, run_after=None
[2024-07-19T06:25:49.780+0000] {logging_mixin.py:188} INFO - [2024-07-19T06:25:49.779+0000] {dag.py:3947} INFO - Setting next_dagrun for example_external_task_marker_parent to None, run_after=None
[2024-07-19T06:25:49.799+0000] {processor.py:183} INFO - Processing /home/airflow/.local/lib/python3.12/site-packages/airflow/example_dags/example_external_task_marker_dag.py took 0.085 seconds
[2024-07-19T06:26:20.236+0000] {processor.py:161} INFO - Started process (PID=7941) to work on /home/airflow/.local/lib/python3.12/site-packages/airflow/example_dags/example_external_task_marker_dag.py
[2024-07-19T06:26:20.238+0000] {processor.py:830} INFO - Processing file /home/airflow/.local/lib/python3.12/site-packages/airflow/example_dags/example_external_task_marker_dag.py for tasks to queue
[2024-07-19T06:26:20.239+0000] {logging_mixin.py:188} INFO - [2024-07-19T06:26:20.239+0000] {dagbag.py:545} INFO - Filling up the DagBag from /home/airflow/.local/lib/python3.12/site-packages/airflow/example_dags/example_external_task_marker_dag.py
[2024-07-19T06:26:20.248+0000] {processor.py:840} INFO - DAG(s) 'example_external_task_marker_child', 'example_external_task_marker_parent' retrieved from /home/airflow/.local/lib/python3.12/site-packages/airflow/example_dags/example_external_task_marker_dag.py
[2024-07-19T06:26:20.284+0000] {logging_mixin.py:188} INFO - [2024-07-19T06:26:20.283+0000] {dag.py:3089} INFO - Sync 2 DAGs
[2024-07-19T06:26:20.302+0000] {logging_mixin.py:188} INFO - [2024-07-19T06:26:20.301+0000] {dag.py:3947} INFO - Setting next_dagrun for example_external_task_marker_child to None, run_after=None
[2024-07-19T06:26:20.306+0000] {logging_mixin.py:188} INFO - [2024-07-19T06:26:20.306+0000] {dag.py:3947} INFO - Setting next_dagrun for example_external_task_marker_parent to None, run_after=None
[2024-07-19T06:26:20.327+0000] {processor.py:183} INFO - Processing /home/airflow/.local/lib/python3.12/site-packages/airflow/example_dags/example_external_task_marker_dag.py took 0.098 seconds
[2024-07-19T06:26:50.412+0000] {processor.py:161} INFO - Started process (PID=8000) to work on /home/airflow/.local/lib/python3.12/site-packages/airflow/example_dags/example_external_task_marker_dag.py
[2024-07-19T06:26:50.413+0000] {processor.py:830} INFO - Processing file /home/airflow/.local/lib/python3.12/site-packages/airflow/example_dags/example_external_task_marker_dag.py for tasks to queue
[2024-07-19T06:26:50.414+0000] {logging_mixin.py:188} INFO - [2024-07-19T06:26:50.414+0000] {dagbag.py:545} INFO - Filling up the DagBag from /home/airflow/.local/lib/python3.12/site-packages/airflow/example_dags/example_external_task_marker_dag.py
[2024-07-19T06:26:50.420+0000] {processor.py:840} INFO - DAG(s) 'example_external_task_marker_child', 'example_external_task_marker_parent' retrieved from /home/airflow/.local/lib/python3.12/site-packages/airflow/example_dags/example_external_task_marker_dag.py
[2024-07-19T06:26:50.445+0000] {logging_mixin.py:188} INFO - [2024-07-19T06:26:50.444+0000] {dag.py:3089} INFO - Sync 2 DAGs
[2024-07-19T06:26:50.459+0000] {logging_mixin.py:188} INFO - [2024-07-19T06:26:50.459+0000] {dag.py:3947} INFO - Setting next_dagrun for example_external_task_marker_child to None, run_after=None
[2024-07-19T06:26:50.463+0000] {logging_mixin.py:188} INFO - [2024-07-19T06:26:50.463+0000] {dag.py:3947} INFO - Setting next_dagrun for example_external_task_marker_parent to None, run_after=None
[2024-07-19T06:26:50.481+0000] {processor.py:183} INFO - Processing /home/airflow/.local/lib/python3.12/site-packages/airflow/example_dags/example_external_task_marker_dag.py took 0.075 seconds
[2024-07-19T06:27:21.339+0000] {processor.py:161} INFO - Started process (PID=8061) to work on /home/airflow/.local/lib/python3.12/site-packages/airflow/example_dags/example_external_task_marker_dag.py
[2024-07-19T06:27:21.340+0000] {processor.py:830} INFO - Processing file /home/airflow/.local/lib/python3.12/site-packages/airflow/example_dags/example_external_task_marker_dag.py for tasks to queue
[2024-07-19T06:27:21.341+0000] {logging_mixin.py:188} INFO - [2024-07-19T06:27:21.341+0000] {dagbag.py:545} INFO - Filling up the DagBag from /home/airflow/.local/lib/python3.12/site-packages/airflow/example_dags/example_external_task_marker_dag.py
[2024-07-19T06:27:21.348+0000] {processor.py:840} INFO - DAG(s) 'example_external_task_marker_parent', 'example_external_task_marker_child' retrieved from /home/airflow/.local/lib/python3.12/site-packages/airflow/example_dags/example_external_task_marker_dag.py
[2024-07-19T06:27:21.376+0000] {logging_mixin.py:188} INFO - [2024-07-19T06:27:21.376+0000] {dag.py:3089} INFO - Sync 2 DAGs
[2024-07-19T06:27:21.391+0000] {logging_mixin.py:188} INFO - [2024-07-19T06:27:21.391+0000] {dag.py:3947} INFO - Setting next_dagrun for example_external_task_marker_child to None, run_after=None
[2024-07-19T06:27:21.395+0000] {logging_mixin.py:188} INFO - [2024-07-19T06:27:21.395+0000] {dag.py:3947} INFO - Setting next_dagrun for example_external_task_marker_parent to None, run_after=None
[2024-07-19T06:27:21.413+0000] {processor.py:183} INFO - Processing /home/airflow/.local/lib/python3.12/site-packages/airflow/example_dags/example_external_task_marker_dag.py took 0.079 seconds
[2024-07-19T06:27:51.592+0000] {processor.py:161} INFO - Started process (PID=8121) to work on /home/airflow/.local/lib/python3.12/site-packages/airflow/example_dags/example_external_task_marker_dag.py
[2024-07-19T06:27:51.593+0000] {processor.py:830} INFO - Processing file /home/airflow/.local/lib/python3.12/site-packages/airflow/example_dags/example_external_task_marker_dag.py for tasks to queue
[2024-07-19T06:27:51.595+0000] {logging_mixin.py:188} INFO - [2024-07-19T06:27:51.594+0000] {dagbag.py:545} INFO - Filling up the DagBag from /home/airflow/.local/lib/python3.12/site-packages/airflow/example_dags/example_external_task_marker_dag.py
[2024-07-19T06:27:51.603+0000] {processor.py:840} INFO - DAG(s) 'example_external_task_marker_parent', 'example_external_task_marker_child' retrieved from /home/airflow/.local/lib/python3.12/site-packages/airflow/example_dags/example_external_task_marker_dag.py
[2024-07-19T06:27:51.634+0000] {logging_mixin.py:188} INFO - [2024-07-19T06:27:51.634+0000] {dag.py:3089} INFO - Sync 2 DAGs
[2024-07-19T06:27:51.651+0000] {logging_mixin.py:188} INFO - [2024-07-19T06:27:51.651+0000] {dag.py:3947} INFO - Setting next_dagrun for example_external_task_marker_child to None, run_after=None
[2024-07-19T06:27:51.656+0000] {logging_mixin.py:188} INFO - [2024-07-19T06:27:51.655+0000] {dag.py:3947} INFO - Setting next_dagrun for example_external_task_marker_parent to None, run_after=None
[2024-07-19T06:27:51.680+0000] {processor.py:183} INFO - Processing /home/airflow/.local/lib/python3.12/site-packages/airflow/example_dags/example_external_task_marker_dag.py took 0.096 seconds
[2024-07-19T06:28:22.364+0000] {processor.py:161} INFO - Started process (PID=8181) to work on /home/airflow/.local/lib/python3.12/site-packages/airflow/example_dags/example_external_task_marker_dag.py
[2024-07-19T06:28:22.365+0000] {processor.py:830} INFO - Processing file /home/airflow/.local/lib/python3.12/site-packages/airflow/example_dags/example_external_task_marker_dag.py for tasks to queue
[2024-07-19T06:28:22.367+0000] {logging_mixin.py:188} INFO - [2024-07-19T06:28:22.366+0000] {dagbag.py:545} INFO - Filling up the DagBag from /home/airflow/.local/lib/python3.12/site-packages/airflow/example_dags/example_external_task_marker_dag.py
[2024-07-19T06:28:22.374+0000] {processor.py:840} INFO - DAG(s) 'example_external_task_marker_child', 'example_external_task_marker_parent' retrieved from /home/airflow/.local/lib/python3.12/site-packages/airflow/example_dags/example_external_task_marker_dag.py
[2024-07-19T06:28:22.404+0000] {logging_mixin.py:188} INFO - [2024-07-19T06:28:22.404+0000] {dag.py:3089} INFO - Sync 2 DAGs
[2024-07-19T06:28:22.423+0000] {logging_mixin.py:188} INFO - [2024-07-19T06:28:22.423+0000] {dag.py:3947} INFO - Setting next_dagrun for example_external_task_marker_child to None, run_after=None
[2024-07-19T06:28:22.428+0000] {logging_mixin.py:188} INFO - [2024-07-19T06:28:22.428+0000] {dag.py:3947} INFO - Setting next_dagrun for example_external_task_marker_parent to None, run_after=None
[2024-07-19T06:28:22.455+0000] {processor.py:183} INFO - Processing /home/airflow/.local/lib/python3.12/site-packages/airflow/example_dags/example_external_task_marker_dag.py took 0.098 seconds
[2024-07-19T06:28:52.851+0000] {processor.py:161} INFO - Started process (PID=8241) to work on /home/airflow/.local/lib/python3.12/site-packages/airflow/example_dags/example_external_task_marker_dag.py
[2024-07-19T06:28:52.852+0000] {processor.py:830} INFO - Processing file /home/airflow/.local/lib/python3.12/site-packages/airflow/example_dags/example_external_task_marker_dag.py for tasks to queue
[2024-07-19T06:28:52.853+0000] {logging_mixin.py:188} INFO - [2024-07-19T06:28:52.853+0000] {dagbag.py:545} INFO - Filling up the DagBag from /home/airflow/.local/lib/python3.12/site-packages/airflow/example_dags/example_external_task_marker_dag.py
[2024-07-19T06:28:52.861+0000] {processor.py:840} INFO - DAG(s) 'example_external_task_marker_parent', 'example_external_task_marker_child' retrieved from /home/airflow/.local/lib/python3.12/site-packages/airflow/example_dags/example_external_task_marker_dag.py
[2024-07-19T06:28:52.891+0000] {logging_mixin.py:188} INFO - [2024-07-19T06:28:52.891+0000] {dag.py:3089} INFO - Sync 2 DAGs
[2024-07-19T06:28:52.909+0000] {logging_mixin.py:188} INFO - [2024-07-19T06:28:52.908+0000] {dag.py:3947} INFO - Setting next_dagrun for example_external_task_marker_child to None, run_after=None
[2024-07-19T06:28:52.913+0000] {logging_mixin.py:188} INFO - [2024-07-19T06:28:52.913+0000] {dag.py:3947} INFO - Setting next_dagrun for example_external_task_marker_parent to None, run_after=None
[2024-07-19T06:28:52.934+0000] {processor.py:183} INFO - Processing /home/airflow/.local/lib/python3.12/site-packages/airflow/example_dags/example_external_task_marker_dag.py took 0.090 seconds
[2024-07-19T06:29:23.358+0000] {processor.py:161} INFO - Started process (PID=8301) to work on /home/airflow/.local/lib/python3.12/site-packages/airflow/example_dags/example_external_task_marker_dag.py
[2024-07-19T06:29:23.360+0000] {processor.py:830} INFO - Processing file /home/airflow/.local/lib/python3.12/site-packages/airflow/example_dags/example_external_task_marker_dag.py for tasks to queue
[2024-07-19T06:29:23.361+0000] {logging_mixin.py:188} INFO - [2024-07-19T06:29:23.361+0000] {dagbag.py:545} INFO - Filling up the DagBag from /home/airflow/.local/lib/python3.12/site-packages/airflow/example_dags/example_external_task_marker_dag.py
[2024-07-19T06:29:23.368+0000] {processor.py:840} INFO - DAG(s) 'example_external_task_marker_parent', 'example_external_task_marker_child' retrieved from /home/airflow/.local/lib/python3.12/site-packages/airflow/example_dags/example_external_task_marker_dag.py
[2024-07-19T06:29:23.398+0000] {logging_mixin.py:188} INFO - [2024-07-19T06:29:23.398+0000] {dag.py:3089} INFO - Sync 2 DAGs
[2024-07-19T06:29:23.416+0000] {logging_mixin.py:188} INFO - [2024-07-19T06:29:23.416+0000] {dag.py:3947} INFO - Setting next_dagrun for example_external_task_marker_child to None, run_after=None
[2024-07-19T06:29:23.422+0000] {logging_mixin.py:188} INFO - [2024-07-19T06:29:23.421+0000] {dag.py:3947} INFO - Setting next_dagrun for example_external_task_marker_parent to None, run_after=None
[2024-07-19T06:29:23.445+0000] {processor.py:183} INFO - Processing /home/airflow/.local/lib/python3.12/site-packages/airflow/example_dags/example_external_task_marker_dag.py took 0.093 seconds
[2024-07-19T06:29:54.368+0000] {processor.py:161} INFO - Started process (PID=8361) to work on /home/airflow/.local/lib/python3.12/site-packages/airflow/example_dags/example_external_task_marker_dag.py
[2024-07-19T06:29:54.369+0000] {processor.py:830} INFO - Processing file /home/airflow/.local/lib/python3.12/site-packages/airflow/example_dags/example_external_task_marker_dag.py for tasks to queue
[2024-07-19T06:29:54.371+0000] {logging_mixin.py:188} INFO - [2024-07-19T06:29:54.370+0000] {dagbag.py:545} INFO - Filling up the DagBag from /home/airflow/.local/lib/python3.12/site-packages/airflow/example_dags/example_external_task_marker_dag.py
[2024-07-19T06:29:54.377+0000] {processor.py:840} INFO - DAG(s) 'example_external_task_marker_parent', 'example_external_task_marker_child' retrieved from /home/airflow/.local/lib/python3.12/site-packages/airflow/example_dags/example_external_task_marker_dag.py
[2024-07-19T06:29:54.407+0000] {logging_mixin.py:188} INFO - [2024-07-19T06:29:54.407+0000] {dag.py:3089} INFO - Sync 2 DAGs
[2024-07-19T06:29:54.422+0000] {logging_mixin.py:188} INFO - [2024-07-19T06:29:54.422+0000] {dag.py:3947} INFO - Setting next_dagrun for example_external_task_marker_child to None, run_after=None
[2024-07-19T06:29:54.427+0000] {logging_mixin.py:188} INFO - [2024-07-19T06:29:54.427+0000] {dag.py:3947} INFO - Setting next_dagrun for example_external_task_marker_parent to None, run_after=None
[2024-07-19T06:29:54.445+0000] {processor.py:183} INFO - Processing /home/airflow/.local/lib/python3.12/site-packages/airflow/example_dags/example_external_task_marker_dag.py took 0.084 seconds
[2024-07-19T06:30:24.584+0000] {processor.py:161} INFO - Started process (PID=8420) to work on /home/airflow/.local/lib/python3.12/site-packages/airflow/example_dags/example_external_task_marker_dag.py
[2024-07-19T06:30:24.585+0000] {processor.py:830} INFO - Processing file /home/airflow/.local/lib/python3.12/site-packages/airflow/example_dags/example_external_task_marker_dag.py for tasks to queue
[2024-07-19T06:30:24.588+0000] {logging_mixin.py:188} INFO - [2024-07-19T06:30:24.587+0000] {dagbag.py:545} INFO - Filling up the DagBag from /home/airflow/.local/lib/python3.12/site-packages/airflow/example_dags/example_external_task_marker_dag.py
[2024-07-19T06:30:24.595+0000] {processor.py:840} INFO - DAG(s) 'example_external_task_marker_child', 'example_external_task_marker_parent' retrieved from /home/airflow/.local/lib/python3.12/site-packages/airflow/example_dags/example_external_task_marker_dag.py
[2024-07-19T06:30:24.630+0000] {logging_mixin.py:188} INFO - [2024-07-19T06:30:24.630+0000] {dag.py:3089} INFO - Sync 2 DAGs
[2024-07-19T06:30:24.647+0000] {logging_mixin.py:188} INFO - [2024-07-19T06:30:24.647+0000] {dag.py:3947} INFO - Setting next_dagrun for example_external_task_marker_child to None, run_after=None
[2024-07-19T06:30:24.652+0000] {logging_mixin.py:188} INFO - [2024-07-19T06:30:24.651+0000] {dag.py:3947} INFO - Setting next_dagrun for example_external_task_marker_parent to None, run_after=None
[2024-07-19T06:30:24.673+0000] {processor.py:183} INFO - Processing /home/airflow/.local/lib/python3.12/site-packages/airflow/example_dags/example_external_task_marker_dag.py took 0.097 seconds
[2024-07-19T06:30:54.957+0000] {processor.py:161} INFO - Started process (PID=8481) to work on /home/airflow/.local/lib/python3.12/site-packages/airflow/example_dags/example_external_task_marker_dag.py
[2024-07-19T06:30:54.958+0000] {processor.py:830} INFO - Processing file /home/airflow/.local/lib/python3.12/site-packages/airflow/example_dags/example_external_task_marker_dag.py for tasks to queue
[2024-07-19T06:30:54.960+0000] {logging_mixin.py:188} INFO - [2024-07-19T06:30:54.959+0000] {dagbag.py:545} INFO - Filling up the DagBag from /home/airflow/.local/lib/python3.12/site-packages/airflow/example_dags/example_external_task_marker_dag.py
[2024-07-19T06:30:54.967+0000] {processor.py:840} INFO - DAG(s) 'example_external_task_marker_parent', 'example_external_task_marker_child' retrieved from /home/airflow/.local/lib/python3.12/site-packages/airflow/example_dags/example_external_task_marker_dag.py
[2024-07-19T06:30:55.002+0000] {logging_mixin.py:188} INFO - [2024-07-19T06:30:55.002+0000] {dag.py:3089} INFO - Sync 2 DAGs
[2024-07-19T06:30:55.022+0000] {logging_mixin.py:188} INFO - [2024-07-19T06:30:55.021+0000] {dag.py:3947} INFO - Setting next_dagrun for example_external_task_marker_child to None, run_after=None
[2024-07-19T06:30:55.026+0000] {logging_mixin.py:188} INFO - [2024-07-19T06:30:55.026+0000] {dag.py:3947} INFO - Setting next_dagrun for example_external_task_marker_parent to None, run_after=None
[2024-07-19T06:30:55.048+0000] {processor.py:183} INFO - Processing /home/airflow/.local/lib/python3.12/site-packages/airflow/example_dags/example_external_task_marker_dag.py took 0.098 seconds
[2024-07-19T06:31:25.474+0000] {processor.py:161} INFO - Started process (PID=8541) to work on /home/airflow/.local/lib/python3.12/site-packages/airflow/example_dags/example_external_task_marker_dag.py
[2024-07-19T06:31:25.476+0000] {processor.py:830} INFO - Processing file /home/airflow/.local/lib/python3.12/site-packages/airflow/example_dags/example_external_task_marker_dag.py for tasks to queue
[2024-07-19T06:31:25.478+0000] {logging_mixin.py:188} INFO - [2024-07-19T06:31:25.478+0000] {dagbag.py:545} INFO - Filling up the DagBag from /home/airflow/.local/lib/python3.12/site-packages/airflow/example_dags/example_external_task_marker_dag.py
[2024-07-19T06:31:25.492+0000] {processor.py:840} INFO - DAG(s) 'example_external_task_marker_child', 'example_external_task_marker_parent' retrieved from /home/airflow/.local/lib/python3.12/site-packages/airflow/example_dags/example_external_task_marker_dag.py
[2024-07-19T06:31:25.543+0000] {logging_mixin.py:188} INFO - [2024-07-19T06:31:25.542+0000] {dag.py:3089} INFO - Sync 2 DAGs
[2024-07-19T06:31:25.570+0000] {logging_mixin.py:188} INFO - [2024-07-19T06:31:25.569+0000] {dag.py:3947} INFO - Setting next_dagrun for example_external_task_marker_child to None, run_after=None
[2024-07-19T06:31:25.577+0000] {logging_mixin.py:188} INFO - [2024-07-19T06:31:25.577+0000] {dag.py:3947} INFO - Setting next_dagrun for example_external_task_marker_parent to None, run_after=None
[2024-07-19T06:31:25.621+0000] {processor.py:183} INFO - Processing /home/airflow/.local/lib/python3.12/site-packages/airflow/example_dags/example_external_task_marker_dag.py took 0.158 seconds
[2024-07-19T06:31:56.535+0000] {processor.py:161} INFO - Started process (PID=8601) to work on /home/airflow/.local/lib/python3.12/site-packages/airflow/example_dags/example_external_task_marker_dag.py
[2024-07-19T06:31:56.537+0000] {processor.py:830} INFO - Processing file /home/airflow/.local/lib/python3.12/site-packages/airflow/example_dags/example_external_task_marker_dag.py for tasks to queue
[2024-07-19T06:31:56.538+0000] {logging_mixin.py:188} INFO - [2024-07-19T06:31:56.538+0000] {dagbag.py:545} INFO - Filling up the DagBag from /home/airflow/.local/lib/python3.12/site-packages/airflow/example_dags/example_external_task_marker_dag.py
[2024-07-19T06:31:56.547+0000] {processor.py:840} INFO - DAG(s) 'example_external_task_marker_child', 'example_external_task_marker_parent' retrieved from /home/airflow/.local/lib/python3.12/site-packages/airflow/example_dags/example_external_task_marker_dag.py
[2024-07-19T06:31:56.586+0000] {logging_mixin.py:188} INFO - [2024-07-19T06:31:56.586+0000] {dag.py:3089} INFO - Sync 2 DAGs
[2024-07-19T06:31:56.607+0000] {logging_mixin.py:188} INFO - [2024-07-19T06:31:56.606+0000] {dag.py:3947} INFO - Setting next_dagrun for example_external_task_marker_child to None, run_after=None
[2024-07-19T06:31:56.612+0000] {logging_mixin.py:188} INFO - [2024-07-19T06:31:56.612+0000] {dag.py:3947} INFO - Setting next_dagrun for example_external_task_marker_parent to None, run_after=None
[2024-07-19T06:31:56.639+0000] {processor.py:183} INFO - Processing /home/airflow/.local/lib/python3.12/site-packages/airflow/example_dags/example_external_task_marker_dag.py took 0.113 seconds
[2024-07-19T06:32:27.412+0000] {processor.py:161} INFO - Started process (PID=8661) to work on /home/airflow/.local/lib/python3.12/site-packages/airflow/example_dags/example_external_task_marker_dag.py
[2024-07-19T06:32:27.413+0000] {processor.py:830} INFO - Processing file /home/airflow/.local/lib/python3.12/site-packages/airflow/example_dags/example_external_task_marker_dag.py for tasks to queue
[2024-07-19T06:32:27.415+0000] {logging_mixin.py:188} INFO - [2024-07-19T06:32:27.414+0000] {dagbag.py:545} INFO - Filling up the DagBag from /home/airflow/.local/lib/python3.12/site-packages/airflow/example_dags/example_external_task_marker_dag.py
[2024-07-19T06:32:27.423+0000] {processor.py:840} INFO - DAG(s) 'example_external_task_marker_parent', 'example_external_task_marker_child' retrieved from /home/airflow/.local/lib/python3.12/site-packages/airflow/example_dags/example_external_task_marker_dag.py
[2024-07-19T06:32:27.456+0000] {logging_mixin.py:188} INFO - [2024-07-19T06:32:27.456+0000] {dag.py:3089} INFO - Sync 2 DAGs
[2024-07-19T06:32:27.473+0000] {logging_mixin.py:188} INFO - [2024-07-19T06:32:27.473+0000] {dag.py:3947} INFO - Setting next_dagrun for example_external_task_marker_child to None, run_after=None
[2024-07-19T06:32:27.478+0000] {logging_mixin.py:188} INFO - [2024-07-19T06:32:27.478+0000] {dag.py:3947} INFO - Setting next_dagrun for example_external_task_marker_parent to None, run_after=None
[2024-07-19T06:32:27.499+0000] {processor.py:183} INFO - Processing /home/airflow/.local/lib/python3.12/site-packages/airflow/example_dags/example_external_task_marker_dag.py took 0.096 seconds
[2024-07-19T06:32:58.260+0000] {processor.py:161} INFO - Started process (PID=8721) to work on /home/airflow/.local/lib/python3.12/site-packages/airflow/example_dags/example_external_task_marker_dag.py
[2024-07-19T06:32:58.261+0000] {processor.py:830} INFO - Processing file /home/airflow/.local/lib/python3.12/site-packages/airflow/example_dags/example_external_task_marker_dag.py for tasks to queue
[2024-07-19T06:32:58.262+0000] {logging_mixin.py:188} INFO - [2024-07-19T06:32:58.262+0000] {dagbag.py:545} INFO - Filling up the DagBag from /home/airflow/.local/lib/python3.12/site-packages/airflow/example_dags/example_external_task_marker_dag.py
[2024-07-19T06:32:58.270+0000] {processor.py:840} INFO - DAG(s) 'example_external_task_marker_child', 'example_external_task_marker_parent' retrieved from /home/airflow/.local/lib/python3.12/site-packages/airflow/example_dags/example_external_task_marker_dag.py
[2024-07-19T06:32:58.301+0000] {logging_mixin.py:188} INFO - [2024-07-19T06:32:58.300+0000] {dag.py:3089} INFO - Sync 2 DAGs
[2024-07-19T06:32:58.317+0000] {logging_mixin.py:188} INFO - [2024-07-19T06:32:58.317+0000] {dag.py:3947} INFO - Setting next_dagrun for example_external_task_marker_child to None, run_after=None
[2024-07-19T06:32:58.322+0000] {logging_mixin.py:188} INFO - [2024-07-19T06:32:58.321+0000] {dag.py:3947} INFO - Setting next_dagrun for example_external_task_marker_parent to None, run_after=None
[2024-07-19T06:32:58.343+0000] {processor.py:183} INFO - Processing /home/airflow/.local/lib/python3.12/site-packages/airflow/example_dags/example_external_task_marker_dag.py took 0.092 seconds
[2024-07-19T06:33:28.716+0000] {processor.py:161} INFO - Started process (PID=8781) to work on /home/airflow/.local/lib/python3.12/site-packages/airflow/example_dags/example_external_task_marker_dag.py
[2024-07-19T06:33:28.718+0000] {processor.py:830} INFO - Processing file /home/airflow/.local/lib/python3.12/site-packages/airflow/example_dags/example_external_task_marker_dag.py for tasks to queue
[2024-07-19T06:33:28.720+0000] {logging_mixin.py:188} INFO - [2024-07-19T06:33:28.719+0000] {dagbag.py:545} INFO - Filling up the DagBag from /home/airflow/.local/lib/python3.12/site-packages/airflow/example_dags/example_external_task_marker_dag.py
[2024-07-19T06:33:28.728+0000] {processor.py:840} INFO - DAG(s) 'example_external_task_marker_parent', 'example_external_task_marker_child' retrieved from /home/airflow/.local/lib/python3.12/site-packages/airflow/example_dags/example_external_task_marker_dag.py
[2024-07-19T06:33:28.762+0000] {logging_mixin.py:188} INFO - [2024-07-19T06:33:28.761+0000] {dag.py:3089} INFO - Sync 2 DAGs
[2024-07-19T06:33:28.780+0000] {logging_mixin.py:188} INFO - [2024-07-19T06:33:28.779+0000] {dag.py:3947} INFO - Setting next_dagrun for example_external_task_marker_child to None, run_after=None
[2024-07-19T06:33:28.785+0000] {logging_mixin.py:188} INFO - [2024-07-19T06:33:28.785+0000] {dag.py:3947} INFO - Setting next_dagrun for example_external_task_marker_parent to None, run_after=None
[2024-07-19T06:33:28.807+0000] {processor.py:183} INFO - Processing /home/airflow/.local/lib/python3.12/site-packages/airflow/example_dags/example_external_task_marker_dag.py took 0.099 seconds
[2024-07-19T06:34:00.294+0000] {processor.py:161} INFO - Started process (PID=8841) to work on /home/airflow/.local/lib/python3.12/site-packages/airflow/example_dags/example_external_task_marker_dag.py
[2024-07-19T06:34:00.296+0000] {processor.py:830} INFO - Processing file /home/airflow/.local/lib/python3.12/site-packages/airflow/example_dags/example_external_task_marker_dag.py for tasks to queue
[2024-07-19T06:34:00.298+0000] {logging_mixin.py:188} INFO - [2024-07-19T06:34:00.297+0000] {dagbag.py:545} INFO - Filling up the DagBag from /home/airflow/.local/lib/python3.12/site-packages/airflow/example_dags/example_external_task_marker_dag.py
[2024-07-19T06:34:00.315+0000] {processor.py:840} INFO - DAG(s) 'example_external_task_marker_child', 'example_external_task_marker_parent' retrieved from /home/airflow/.local/lib/python3.12/site-packages/airflow/example_dags/example_external_task_marker_dag.py
[2024-07-19T06:34:00.364+0000] {logging_mixin.py:188} INFO - [2024-07-19T06:34:00.363+0000] {dag.py:3089} INFO - Sync 2 DAGs
[2024-07-19T06:34:00.430+0000] {logging_mixin.py:188} INFO - [2024-07-19T06:34:00.430+0000] {dag.py:3947} INFO - Setting next_dagrun for example_external_task_marker_child to None, run_after=None
[2024-07-19T06:34:00.435+0000] {logging_mixin.py:188} INFO - [2024-07-19T06:34:00.435+0000] {dag.py:3947} INFO - Setting next_dagrun for example_external_task_marker_parent to None, run_after=None
[2024-07-19T06:34:00.457+0000] {processor.py:183} INFO - Processing /home/airflow/.local/lib/python3.12/site-packages/airflow/example_dags/example_external_task_marker_dag.py took 0.182 seconds
[2024-07-19T06:34:31.284+0000] {processor.py:161} INFO - Started process (PID=8901) to work on /home/airflow/.local/lib/python3.12/site-packages/airflow/example_dags/example_external_task_marker_dag.py
[2024-07-19T06:34:31.286+0000] {processor.py:830} INFO - Processing file /home/airflow/.local/lib/python3.12/site-packages/airflow/example_dags/example_external_task_marker_dag.py for tasks to queue
[2024-07-19T06:34:31.287+0000] {logging_mixin.py:188} INFO - [2024-07-19T06:34:31.287+0000] {dagbag.py:545} INFO - Filling up the DagBag from /home/airflow/.local/lib/python3.12/site-packages/airflow/example_dags/example_external_task_marker_dag.py
[2024-07-19T06:34:31.297+0000] {processor.py:840} INFO - DAG(s) 'example_external_task_marker_child', 'example_external_task_marker_parent' retrieved from /home/airflow/.local/lib/python3.12/site-packages/airflow/example_dags/example_external_task_marker_dag.py
[2024-07-19T06:34:31.329+0000] {logging_mixin.py:188} INFO - [2024-07-19T06:34:31.328+0000] {dag.py:3089} INFO - Sync 2 DAGs
[2024-07-19T06:34:31.346+0000] {logging_mixin.py:188} INFO - [2024-07-19T06:34:31.345+0000] {dag.py:3947} INFO - Setting next_dagrun for example_external_task_marker_child to None, run_after=None
[2024-07-19T06:34:31.350+0000] {logging_mixin.py:188} INFO - [2024-07-19T06:34:31.350+0000] {dag.py:3947} INFO - Setting next_dagrun for example_external_task_marker_parent to None, run_after=None
[2024-07-19T06:34:31.372+0000] {processor.py:183} INFO - Processing /home/airflow/.local/lib/python3.12/site-packages/airflow/example_dags/example_external_task_marker_dag.py took 0.095 seconds
[2024-07-19T06:35:01.535+0000] {processor.py:161} INFO - Started process (PID=8960) to work on /home/airflow/.local/lib/python3.12/site-packages/airflow/example_dags/example_external_task_marker_dag.py
[2024-07-19T06:35:01.537+0000] {processor.py:830} INFO - Processing file /home/airflow/.local/lib/python3.12/site-packages/airflow/example_dags/example_external_task_marker_dag.py for tasks to queue
[2024-07-19T06:35:01.539+0000] {logging_mixin.py:188} INFO - [2024-07-19T06:35:01.539+0000] {dagbag.py:545} INFO - Filling up the DagBag from /home/airflow/.local/lib/python3.12/site-packages/airflow/example_dags/example_external_task_marker_dag.py
[2024-07-19T06:35:01.548+0000] {processor.py:840} INFO - DAG(s) 'example_external_task_marker_child', 'example_external_task_marker_parent' retrieved from /home/airflow/.local/lib/python3.12/site-packages/airflow/example_dags/example_external_task_marker_dag.py
[2024-07-19T06:35:01.583+0000] {logging_mixin.py:188} INFO - [2024-07-19T06:35:01.582+0000] {dag.py:3089} INFO - Sync 2 DAGs
[2024-07-19T06:35:01.644+0000] {logging_mixin.py:188} INFO - [2024-07-19T06:35:01.644+0000] {dag.py:3947} INFO - Setting next_dagrun for example_external_task_marker_child to None, run_after=None
[2024-07-19T06:35:01.649+0000] {logging_mixin.py:188} INFO - [2024-07-19T06:35:01.649+0000] {dag.py:3947} INFO - Setting next_dagrun for example_external_task_marker_parent to None, run_after=None
[2024-07-19T06:35:01.671+0000] {processor.py:183} INFO - Processing /home/airflow/.local/lib/python3.12/site-packages/airflow/example_dags/example_external_task_marker_dag.py took 0.145 seconds
[2024-07-19T06:35:32.167+0000] {processor.py:161} INFO - Started process (PID=9019) to work on /home/airflow/.local/lib/python3.12/site-packages/airflow/example_dags/example_external_task_marker_dag.py
[2024-07-19T06:35:32.169+0000] {processor.py:830} INFO - Processing file /home/airflow/.local/lib/python3.12/site-packages/airflow/example_dags/example_external_task_marker_dag.py for tasks to queue
[2024-07-19T06:35:32.171+0000] {logging_mixin.py:188} INFO - [2024-07-19T06:35:32.171+0000] {dagbag.py:545} INFO - Filling up the DagBag from /home/airflow/.local/lib/python3.12/site-packages/airflow/example_dags/example_external_task_marker_dag.py
[2024-07-19T06:35:32.182+0000] {processor.py:840} INFO - DAG(s) 'example_external_task_marker_child', 'example_external_task_marker_parent' retrieved from /home/airflow/.local/lib/python3.12/site-packages/airflow/example_dags/example_external_task_marker_dag.py
[2024-07-19T06:35:32.237+0000] {logging_mixin.py:188} INFO - [2024-07-19T06:35:32.236+0000] {dag.py:3089} INFO - Sync 2 DAGs
[2024-07-19T06:35:32.264+0000] {logging_mixin.py:188} INFO - [2024-07-19T06:35:32.264+0000] {dag.py:3947} INFO - Setting next_dagrun for example_external_task_marker_child to None, run_after=None
[2024-07-19T06:35:32.270+0000] {logging_mixin.py:188} INFO - [2024-07-19T06:35:32.270+0000] {dag.py:3947} INFO - Setting next_dagrun for example_external_task_marker_parent to None, run_after=None
[2024-07-19T06:35:32.298+0000] {processor.py:183} INFO - Processing /home/airflow/.local/lib/python3.12/site-packages/airflow/example_dags/example_external_task_marker_dag.py took 0.142 seconds
[2024-07-19T06:36:02.395+0000] {processor.py:161} INFO - Started process (PID=9079) to work on /home/airflow/.local/lib/python3.12/site-packages/airflow/example_dags/example_external_task_marker_dag.py
[2024-07-19T06:36:02.397+0000] {processor.py:830} INFO - Processing file /home/airflow/.local/lib/python3.12/site-packages/airflow/example_dags/example_external_task_marker_dag.py for tasks to queue
[2024-07-19T06:36:02.398+0000] {logging_mixin.py:188} INFO - [2024-07-19T06:36:02.398+0000] {dagbag.py:545} INFO - Filling up the DagBag from /home/airflow/.local/lib/python3.12/site-packages/airflow/example_dags/example_external_task_marker_dag.py
[2024-07-19T06:36:02.405+0000] {processor.py:840} INFO - DAG(s) 'example_external_task_marker_parent', 'example_external_task_marker_child' retrieved from /home/airflow/.local/lib/python3.12/site-packages/airflow/example_dags/example_external_task_marker_dag.py
[2024-07-19T06:36:02.437+0000] {logging_mixin.py:188} INFO - [2024-07-19T06:36:02.437+0000] {dag.py:3089} INFO - Sync 2 DAGs
[2024-07-19T06:36:02.454+0000] {logging_mixin.py:188} INFO - [2024-07-19T06:36:02.454+0000] {dag.py:3947} INFO - Setting next_dagrun for example_external_task_marker_child to None, run_after=None
[2024-07-19T06:36:02.459+0000] {logging_mixin.py:188} INFO - [2024-07-19T06:36:02.459+0000] {dag.py:3947} INFO - Setting next_dagrun for example_external_task_marker_parent to None, run_after=None
[2024-07-19T06:36:02.481+0000] {processor.py:183} INFO - Processing /home/airflow/.local/lib/python3.12/site-packages/airflow/example_dags/example_external_task_marker_dag.py took 0.094 seconds
[2024-07-19T06:36:32.662+0000] {processor.py:161} INFO - Started process (PID=9138) to work on /home/airflow/.local/lib/python3.12/site-packages/airflow/example_dags/example_external_task_marker_dag.py
[2024-07-19T06:36:32.663+0000] {processor.py:830} INFO - Processing file /home/airflow/.local/lib/python3.12/site-packages/airflow/example_dags/example_external_task_marker_dag.py for tasks to queue
[2024-07-19T06:36:32.665+0000] {logging_mixin.py:188} INFO - [2024-07-19T06:36:32.664+0000] {dagbag.py:545} INFO - Filling up the DagBag from /home/airflow/.local/lib/python3.12/site-packages/airflow/example_dags/example_external_task_marker_dag.py
[2024-07-19T06:36:32.673+0000] {processor.py:840} INFO - DAG(s) 'example_external_task_marker_child', 'example_external_task_marker_parent' retrieved from /home/airflow/.local/lib/python3.12/site-packages/airflow/example_dags/example_external_task_marker_dag.py
[2024-07-19T06:36:32.706+0000] {logging_mixin.py:188} INFO - [2024-07-19T06:36:32.706+0000] {dag.py:3089} INFO - Sync 2 DAGs
[2024-07-19T06:36:32.726+0000] {logging_mixin.py:188} INFO - [2024-07-19T06:36:32.725+0000] {dag.py:3947} INFO - Setting next_dagrun for example_external_task_marker_child to None, run_after=None
[2024-07-19T06:36:32.730+0000] {logging_mixin.py:188} INFO - [2024-07-19T06:36:32.730+0000] {dag.py:3947} INFO - Setting next_dagrun for example_external_task_marker_parent to None, run_after=None
[2024-07-19T06:36:32.760+0000] {processor.py:183} INFO - Processing /home/airflow/.local/lib/python3.12/site-packages/airflow/example_dags/example_external_task_marker_dag.py took 0.107 seconds
[2024-07-19T06:37:02.946+0000] {processor.py:161} INFO - Started process (PID=9198) to work on /home/airflow/.local/lib/python3.12/site-packages/airflow/example_dags/example_external_task_marker_dag.py
[2024-07-19T06:37:02.948+0000] {processor.py:830} INFO - Processing file /home/airflow/.local/lib/python3.12/site-packages/airflow/example_dags/example_external_task_marker_dag.py for tasks to queue
[2024-07-19T06:37:02.949+0000] {logging_mixin.py:188} INFO - [2024-07-19T06:37:02.949+0000] {dagbag.py:545} INFO - Filling up the DagBag from /home/airflow/.local/lib/python3.12/site-packages/airflow/example_dags/example_external_task_marker_dag.py
[2024-07-19T06:37:02.957+0000] {processor.py:840} INFO - DAG(s) 'example_external_task_marker_parent', 'example_external_task_marker_child' retrieved from /home/airflow/.local/lib/python3.12/site-packages/airflow/example_dags/example_external_task_marker_dag.py
[2024-07-19T06:37:02.988+0000] {logging_mixin.py:188} INFO - [2024-07-19T06:37:02.988+0000] {dag.py:3089} INFO - Sync 2 DAGs
[2024-07-19T06:37:03.004+0000] {logging_mixin.py:188} INFO - [2024-07-19T06:37:03.004+0000] {dag.py:3947} INFO - Setting next_dagrun for example_external_task_marker_child to None, run_after=None
[2024-07-19T06:37:03.008+0000] {logging_mixin.py:188} INFO - [2024-07-19T06:37:03.008+0000] {dag.py:3947} INFO - Setting next_dagrun for example_external_task_marker_parent to None, run_after=None
[2024-07-19T06:37:03.029+0000] {processor.py:183} INFO - Processing /home/airflow/.local/lib/python3.12/site-packages/airflow/example_dags/example_external_task_marker_dag.py took 0.092 seconds
[2024-07-19T06:37:33.557+0000] {processor.py:161} INFO - Started process (PID=9258) to work on /home/airflow/.local/lib/python3.12/site-packages/airflow/example_dags/example_external_task_marker_dag.py
[2024-07-19T06:37:33.559+0000] {processor.py:830} INFO - Processing file /home/airflow/.local/lib/python3.12/site-packages/airflow/example_dags/example_external_task_marker_dag.py for tasks to queue
[2024-07-19T06:37:33.560+0000] {logging_mixin.py:188} INFO - [2024-07-19T06:37:33.560+0000] {dagbag.py:545} INFO - Filling up the DagBag from /home/airflow/.local/lib/python3.12/site-packages/airflow/example_dags/example_external_task_marker_dag.py
[2024-07-19T06:37:33.568+0000] {processor.py:840} INFO - DAG(s) 'example_external_task_marker_child', 'example_external_task_marker_parent' retrieved from /home/airflow/.local/lib/python3.12/site-packages/airflow/example_dags/example_external_task_marker_dag.py
[2024-07-19T06:37:33.599+0000] {logging_mixin.py:188} INFO - [2024-07-19T06:37:33.598+0000] {dag.py:3089} INFO - Sync 2 DAGs
[2024-07-19T06:37:33.615+0000] {logging_mixin.py:188} INFO - [2024-07-19T06:37:33.614+0000] {dag.py:3947} INFO - Setting next_dagrun for example_external_task_marker_child to None, run_after=None
[2024-07-19T06:37:33.619+0000] {logging_mixin.py:188} INFO - [2024-07-19T06:37:33.618+0000] {dag.py:3947} INFO - Setting next_dagrun for example_external_task_marker_parent to None, run_after=None
[2024-07-19T06:37:33.639+0000] {processor.py:183} INFO - Processing /home/airflow/.local/lib/python3.12/site-packages/airflow/example_dags/example_external_task_marker_dag.py took 0.090 seconds
[2024-07-19T06:38:04.739+0000] {processor.py:161} INFO - Started process (PID=9318) to work on /home/airflow/.local/lib/python3.12/site-packages/airflow/example_dags/example_external_task_marker_dag.py
[2024-07-19T06:38:04.743+0000] {processor.py:830} INFO - Processing file /home/airflow/.local/lib/python3.12/site-packages/airflow/example_dags/example_external_task_marker_dag.py for tasks to queue
[2024-07-19T06:38:04.745+0000] {logging_mixin.py:188} INFO - [2024-07-19T06:38:04.745+0000] {dagbag.py:545} INFO - Filling up the DagBag from /home/airflow/.local/lib/python3.12/site-packages/airflow/example_dags/example_external_task_marker_dag.py
[2024-07-19T06:38:04.757+0000] {processor.py:840} INFO - DAG(s) 'example_external_task_marker_child', 'example_external_task_marker_parent' retrieved from /home/airflow/.local/lib/python3.12/site-packages/airflow/example_dags/example_external_task_marker_dag.py
[2024-07-19T06:38:04.990+0000] {logging_mixin.py:188} INFO - [2024-07-19T06:38:04.990+0000] {dag.py:3089} INFO - Sync 2 DAGs
[2024-07-19T06:38:05.006+0000] {logging_mixin.py:188} INFO - [2024-07-19T06:38:05.006+0000] {dag.py:3947} INFO - Setting next_dagrun for example_external_task_marker_child to None, run_after=None
[2024-07-19T06:38:05.011+0000] {logging_mixin.py:188} INFO - [2024-07-19T06:38:05.011+0000] {dag.py:3947} INFO - Setting next_dagrun for example_external_task_marker_parent to None, run_after=None
[2024-07-19T06:38:05.035+0000] {processor.py:183} INFO - Processing /home/airflow/.local/lib/python3.12/site-packages/airflow/example_dags/example_external_task_marker_dag.py took 0.307 seconds
[2024-07-19T06:38:35.924+0000] {processor.py:161} INFO - Started process (PID=9379) to work on /home/airflow/.local/lib/python3.12/site-packages/airflow/example_dags/example_external_task_marker_dag.py
[2024-07-19T06:38:35.925+0000] {processor.py:830} INFO - Processing file /home/airflow/.local/lib/python3.12/site-packages/airflow/example_dags/example_external_task_marker_dag.py for tasks to queue
[2024-07-19T06:38:35.926+0000] {logging_mixin.py:188} INFO - [2024-07-19T06:38:35.926+0000] {dagbag.py:545} INFO - Filling up the DagBag from /home/airflow/.local/lib/python3.12/site-packages/airflow/example_dags/example_external_task_marker_dag.py
[2024-07-19T06:38:35.935+0000] {processor.py:840} INFO - DAG(s) 'example_external_task_marker_parent', 'example_external_task_marker_child' retrieved from /home/airflow/.local/lib/python3.12/site-packages/airflow/example_dags/example_external_task_marker_dag.py
[2024-07-19T06:38:35.968+0000] {logging_mixin.py:188} INFO - [2024-07-19T06:38:35.968+0000] {dag.py:3089} INFO - Sync 2 DAGs
[2024-07-19T06:38:35.986+0000] {logging_mixin.py:188} INFO - [2024-07-19T06:38:35.985+0000] {dag.py:3947} INFO - Setting next_dagrun for example_external_task_marker_child to None, run_after=None
[2024-07-19T06:38:35.990+0000] {logging_mixin.py:188} INFO - [2024-07-19T06:38:35.990+0000] {dag.py:3947} INFO - Setting next_dagrun for example_external_task_marker_parent to None, run_after=None
[2024-07-19T06:38:36.016+0000] {processor.py:183} INFO - Processing /home/airflow/.local/lib/python3.12/site-packages/airflow/example_dags/example_external_task_marker_dag.py took 0.100 seconds
[2024-07-19T06:39:06.398+0000] {processor.py:161} INFO - Started process (PID=9439) to work on /home/airflow/.local/lib/python3.12/site-packages/airflow/example_dags/example_external_task_marker_dag.py
[2024-07-19T06:39:06.400+0000] {processor.py:830} INFO - Processing file /home/airflow/.local/lib/python3.12/site-packages/airflow/example_dags/example_external_task_marker_dag.py for tasks to queue
[2024-07-19T06:39:06.401+0000] {logging_mixin.py:188} INFO - [2024-07-19T06:39:06.400+0000] {dagbag.py:545} INFO - Filling up the DagBag from /home/airflow/.local/lib/python3.12/site-packages/airflow/example_dags/example_external_task_marker_dag.py
[2024-07-19T06:39:06.408+0000] {processor.py:840} INFO - DAG(s) 'example_external_task_marker_child', 'example_external_task_marker_parent' retrieved from /home/airflow/.local/lib/python3.12/site-packages/airflow/example_dags/example_external_task_marker_dag.py
[2024-07-19T06:39:06.434+0000] {logging_mixin.py:188} INFO - [2024-07-19T06:39:06.434+0000] {dag.py:3089} INFO - Sync 2 DAGs
[2024-07-19T06:39:06.447+0000] {logging_mixin.py:188} INFO - [2024-07-19T06:39:06.447+0000] {dag.py:3947} INFO - Setting next_dagrun for example_external_task_marker_child to None, run_after=None
[2024-07-19T06:39:06.451+0000] {logging_mixin.py:188} INFO - [2024-07-19T06:39:06.451+0000] {dag.py:3947} INFO - Setting next_dagrun for example_external_task_marker_parent to None, run_after=None
[2024-07-19T06:39:06.467+0000] {processor.py:183} INFO - Processing /home/airflow/.local/lib/python3.12/site-packages/airflow/example_dags/example_external_task_marker_dag.py took 0.077 seconds
