[2024-07-19T00:38:09.971+0000] {processor.py:161} INFO - Started process (PID=6049) to work on /home/airflow/.local/lib/python3.12/site-packages/airflow/example_dags/example_branch_python_dop_operator_3.py
[2024-07-19T00:38:09.973+0000] {processor.py:830} INFO - Processing file /home/airflow/.local/lib/python3.12/site-packages/airflow/example_dags/example_branch_python_dop_operator_3.py for tasks to queue
[2024-07-19T00:38:09.974+0000] {logging_mixin.py:188} INFO - [2024-07-19T00:38:09.974+0000] {dagbag.py:545} INFO - Filling up the DagBag from /home/airflow/.local/lib/python3.12/site-packages/airflow/example_dags/example_branch_python_dop_operator_3.py
[2024-07-19T00:38:09.993+0000] {processor.py:840} INFO - DAG(s) 'example_branch_dop_operator_v3' retrieved from /home/airflow/.local/lib/python3.12/site-packages/airflow/example_dags/example_branch_python_dop_operator_3.py
[2024-07-19T00:38:10.121+0000] {logging_mixin.py:188} INFO - [2024-07-19T00:38:10.121+0000] {dag.py:3089} INFO - Sync 1 DAGs
[2024-07-19T00:38:10.168+0000] {logging_mixin.py:188} INFO - [2024-07-19T00:38:10.168+0000] {dag.py:3947} INFO - Setting next_dagrun for example_branch_dop_operator_v3 to 2024-07-19 00:37:00+00:00, run_after=2024-07-19 00:38:00+00:00
[2024-07-19T00:38:10.196+0000] {processor.py:183} INFO - Processing /home/airflow/.local/lib/python3.12/site-packages/airflow/example_dags/example_branch_python_dop_operator_3.py took 0.236 seconds
[2024-07-19T02:38:37.580+0000] {processor.py:161} INFO - Started process (PID=6118) to work on /home/airflow/.local/lib/python3.12/site-packages/airflow/example_dags/example_branch_python_dop_operator_3.py
[2024-07-19T02:38:37.583+0000] {processor.py:830} INFO - Processing file /home/airflow/.local/lib/python3.12/site-packages/airflow/example_dags/example_branch_python_dop_operator_3.py for tasks to queue
[2024-07-19T02:38:37.585+0000] {logging_mixin.py:188} INFO - [2024-07-19T02:38:37.584+0000] {dagbag.py:545} INFO - Filling up the DagBag from /home/airflow/.local/lib/python3.12/site-packages/airflow/example_dags/example_branch_python_dop_operator_3.py
[2024-07-19T02:38:37.601+0000] {processor.py:840} INFO - DAG(s) 'example_branch_dop_operator_v3' retrieved from /home/airflow/.local/lib/python3.12/site-packages/airflow/example_dags/example_branch_python_dop_operator_3.py
[2024-07-19T02:38:37.664+0000] {logging_mixin.py:188} INFO - [2024-07-19T02:38:37.663+0000] {dag.py:3089} INFO - Sync 1 DAGs
[2024-07-19T02:38:37.719+0000] {logging_mixin.py:188} INFO - [2024-07-19T02:38:37.719+0000] {dag.py:3947} INFO - Setting next_dagrun for example_branch_dop_operator_v3 to 2024-07-19 02:37:00+00:00, run_after=2024-07-19 02:38:00+00:00
[2024-07-19T02:38:37.742+0000] {processor.py:183} INFO - Processing /home/airflow/.local/lib/python3.12/site-packages/airflow/example_dags/example_branch_python_dop_operator_3.py took 0.171 seconds
[2024-07-19T05:26:54.830+0000] {processor.py:161} INFO - Started process (PID=6178) to work on /home/airflow/.local/lib/python3.12/site-packages/airflow/example_dags/example_branch_python_dop_operator_3.py
[2024-07-19T05:26:54.832+0000] {processor.py:830} INFO - Processing file /home/airflow/.local/lib/python3.12/site-packages/airflow/example_dags/example_branch_python_dop_operator_3.py for tasks to queue
[2024-07-19T05:26:54.833+0000] {logging_mixin.py:188} INFO - [2024-07-19T05:26:54.833+0000] {dagbag.py:545} INFO - Filling up the DagBag from /home/airflow/.local/lib/python3.12/site-packages/airflow/example_dags/example_branch_python_dop_operator_3.py
[2024-07-19T05:26:54.843+0000] {processor.py:840} INFO - DAG(s) 'example_branch_dop_operator_v3' retrieved from /home/airflow/.local/lib/python3.12/site-packages/airflow/example_dags/example_branch_python_dop_operator_3.py
[2024-07-19T05:26:54.866+0000] {logging_mixin.py:188} INFO - [2024-07-19T05:26:54.865+0000] {dag.py:3089} INFO - Sync 1 DAGs
[2024-07-19T05:26:54.922+0000] {logging_mixin.py:188} INFO - [2024-07-19T05:26:54.922+0000] {dag.py:3947} INFO - Setting next_dagrun for example_branch_dop_operator_v3 to 2024-07-19 05:25:00+00:00, run_after=2024-07-19 05:26:00+00:00
[2024-07-19T05:26:54.941+0000] {processor.py:183} INFO - Processing /home/airflow/.local/lib/python3.12/site-packages/airflow/example_dags/example_branch_python_dop_operator_3.py took 0.118 seconds
[2024-07-19T06:11:59.287+0000] {processor.py:161} INFO - Started process (PID=6232) to work on /home/airflow/.local/lib/python3.12/site-packages/airflow/example_dags/example_branch_python_dop_operator_3.py
[2024-07-19T06:11:59.288+0000] {processor.py:830} INFO - Processing file /home/airflow/.local/lib/python3.12/site-packages/airflow/example_dags/example_branch_python_dop_operator_3.py for tasks to queue
[2024-07-19T06:11:59.290+0000] {logging_mixin.py:188} INFO - [2024-07-19T06:11:59.289+0000] {dagbag.py:545} INFO - Filling up the DagBag from /home/airflow/.local/lib/python3.12/site-packages/airflow/example_dags/example_branch_python_dop_operator_3.py
[2024-07-19T06:11:59.305+0000] {processor.py:840} INFO - DAG(s) 'example_branch_dop_operator_v3' retrieved from /home/airflow/.local/lib/python3.12/site-packages/airflow/example_dags/example_branch_python_dop_operator_3.py
[2024-07-19T06:11:59.405+0000] {logging_mixin.py:188} INFO - [2024-07-19T06:11:59.405+0000] {dag.py:3089} INFO - Sync 1 DAGs
[2024-07-19T06:11:59.443+0000] {logging_mixin.py:188} INFO - [2024-07-19T06:11:59.443+0000] {dag.py:3947} INFO - Setting next_dagrun for example_branch_dop_operator_v3 to 2024-07-19 06:10:00+00:00, run_after=2024-07-19 06:11:00+00:00
[2024-07-19T06:11:59.487+0000] {processor.py:183} INFO - Processing /home/airflow/.local/lib/python3.12/site-packages/airflow/example_dags/example_branch_python_dop_operator_3.py took 0.208 seconds
[2024-07-19T06:12:30.357+0000] {processor.py:161} INFO - Started process (PID=6292) to work on /home/airflow/.local/lib/python3.12/site-packages/airflow/example_dags/example_branch_python_dop_operator_3.py
[2024-07-19T06:12:30.359+0000] {processor.py:830} INFO - Processing file /home/airflow/.local/lib/python3.12/site-packages/airflow/example_dags/example_branch_python_dop_operator_3.py for tasks to queue
[2024-07-19T06:12:30.362+0000] {logging_mixin.py:188} INFO - [2024-07-19T06:12:30.361+0000] {dagbag.py:545} INFO - Filling up the DagBag from /home/airflow/.local/lib/python3.12/site-packages/airflow/example_dags/example_branch_python_dop_operator_3.py
[2024-07-19T06:12:30.377+0000] {processor.py:840} INFO - DAG(s) 'example_branch_dop_operator_v3' retrieved from /home/airflow/.local/lib/python3.12/site-packages/airflow/example_dags/example_branch_python_dop_operator_3.py
[2024-07-19T06:12:30.412+0000] {logging_mixin.py:188} INFO - [2024-07-19T06:12:30.412+0000] {dag.py:3089} INFO - Sync 1 DAGs
[2024-07-19T06:12:30.526+0000] {logging_mixin.py:188} INFO - [2024-07-19T06:12:30.525+0000] {dag.py:3947} INFO - Setting next_dagrun for example_branch_dop_operator_v3 to 2024-07-19 06:11:00+00:00, run_after=2024-07-19 06:12:00+00:00
[2024-07-19T06:12:30.556+0000] {processor.py:183} INFO - Processing /home/airflow/.local/lib/python3.12/site-packages/airflow/example_dags/example_branch_python_dop_operator_3.py took 0.212 seconds
[2024-07-19T06:13:01.247+0000] {processor.py:161} INFO - Started process (PID=6352) to work on /home/airflow/.local/lib/python3.12/site-packages/airflow/example_dags/example_branch_python_dop_operator_3.py
[2024-07-19T06:13:01.248+0000] {processor.py:830} INFO - Processing file /home/airflow/.local/lib/python3.12/site-packages/airflow/example_dags/example_branch_python_dop_operator_3.py for tasks to queue
[2024-07-19T06:13:01.250+0000] {logging_mixin.py:188} INFO - [2024-07-19T06:13:01.250+0000] {dagbag.py:545} INFO - Filling up the DagBag from /home/airflow/.local/lib/python3.12/site-packages/airflow/example_dags/example_branch_python_dop_operator_3.py
[2024-07-19T06:13:01.264+0000] {processor.py:840} INFO - DAG(s) 'example_branch_dop_operator_v3' retrieved from /home/airflow/.local/lib/python3.12/site-packages/airflow/example_dags/example_branch_python_dop_operator_3.py
[2024-07-19T06:13:01.298+0000] {logging_mixin.py:188} INFO - [2024-07-19T06:13:01.298+0000] {dag.py:3089} INFO - Sync 1 DAGs
[2024-07-19T06:13:01.341+0000] {logging_mixin.py:188} INFO - [2024-07-19T06:13:01.341+0000] {dag.py:3947} INFO - Setting next_dagrun for example_branch_dop_operator_v3 to 2024-07-19 06:12:00+00:00, run_after=2024-07-19 06:13:00+00:00
[2024-07-19T06:13:01.438+0000] {processor.py:183} INFO - Processing /home/airflow/.local/lib/python3.12/site-packages/airflow/example_dags/example_branch_python_dop_operator_3.py took 0.200 seconds
[2024-07-19T06:13:31.759+0000] {processor.py:161} INFO - Started process (PID=6412) to work on /home/airflow/.local/lib/python3.12/site-packages/airflow/example_dags/example_branch_python_dop_operator_3.py
[2024-07-19T06:13:31.761+0000] {processor.py:830} INFO - Processing file /home/airflow/.local/lib/python3.12/site-packages/airflow/example_dags/example_branch_python_dop_operator_3.py for tasks to queue
[2024-07-19T06:13:31.762+0000] {logging_mixin.py:188} INFO - [2024-07-19T06:13:31.762+0000] {dagbag.py:545} INFO - Filling up the DagBag from /home/airflow/.local/lib/python3.12/site-packages/airflow/example_dags/example_branch_python_dop_operator_3.py
[2024-07-19T06:13:31.775+0000] {processor.py:840} INFO - DAG(s) 'example_branch_dop_operator_v3' retrieved from /home/airflow/.local/lib/python3.12/site-packages/airflow/example_dags/example_branch_python_dop_operator_3.py
[2024-07-19T06:13:31.805+0000] {logging_mixin.py:188} INFO - [2024-07-19T06:13:31.805+0000] {dag.py:3089} INFO - Sync 1 DAGs
[2024-07-19T06:13:31.837+0000] {logging_mixin.py:188} INFO - [2024-07-19T06:13:31.837+0000] {dag.py:3947} INFO - Setting next_dagrun for example_branch_dop_operator_v3 to 2024-07-19 06:12:00+00:00, run_after=2024-07-19 06:13:00+00:00
[2024-07-19T06:13:31.860+0000] {processor.py:183} INFO - Processing /home/airflow/.local/lib/python3.12/site-packages/airflow/example_dags/example_branch_python_dop_operator_3.py took 0.109 seconds
[2024-07-19T06:14:02.314+0000] {processor.py:161} INFO - Started process (PID=6472) to work on /home/airflow/.local/lib/python3.12/site-packages/airflow/example_dags/example_branch_python_dop_operator_3.py
[2024-07-19T06:14:02.316+0000] {processor.py:830} INFO - Processing file /home/airflow/.local/lib/python3.12/site-packages/airflow/example_dags/example_branch_python_dop_operator_3.py for tasks to queue
[2024-07-19T06:14:02.318+0000] {logging_mixin.py:188} INFO - [2024-07-19T06:14:02.317+0000] {dagbag.py:545} INFO - Filling up the DagBag from /home/airflow/.local/lib/python3.12/site-packages/airflow/example_dags/example_branch_python_dop_operator_3.py
[2024-07-19T06:14:02.333+0000] {processor.py:840} INFO - DAG(s) 'example_branch_dop_operator_v3' retrieved from /home/airflow/.local/lib/python3.12/site-packages/airflow/example_dags/example_branch_python_dop_operator_3.py
[2024-07-19T06:14:02.453+0000] {logging_mixin.py:188} INFO - [2024-07-19T06:14:02.452+0000] {dag.py:3089} INFO - Sync 1 DAGs
[2024-07-19T06:14:02.487+0000] {logging_mixin.py:188} INFO - [2024-07-19T06:14:02.487+0000] {dag.py:3947} INFO - Setting next_dagrun for example_branch_dop_operator_v3 to 2024-07-19 06:13:00+00:00, run_after=2024-07-19 06:14:00+00:00
[2024-07-19T06:14:02.512+0000] {processor.py:183} INFO - Processing /home/airflow/.local/lib/python3.12/site-packages/airflow/example_dags/example_branch_python_dop_operator_3.py took 0.209 seconds
[2024-07-19T06:14:33.486+0000] {processor.py:161} INFO - Started process (PID=6532) to work on /home/airflow/.local/lib/python3.12/site-packages/airflow/example_dags/example_branch_python_dop_operator_3.py
[2024-07-19T06:14:33.487+0000] {processor.py:830} INFO - Processing file /home/airflow/.local/lib/python3.12/site-packages/airflow/example_dags/example_branch_python_dop_operator_3.py for tasks to queue
[2024-07-19T06:14:33.489+0000] {logging_mixin.py:188} INFO - [2024-07-19T06:14:33.489+0000] {dagbag.py:545} INFO - Filling up the DagBag from /home/airflow/.local/lib/python3.12/site-packages/airflow/example_dags/example_branch_python_dop_operator_3.py
[2024-07-19T06:14:33.501+0000] {processor.py:840} INFO - DAG(s) 'example_branch_dop_operator_v3' retrieved from /home/airflow/.local/lib/python3.12/site-packages/airflow/example_dags/example_branch_python_dop_operator_3.py
[2024-07-19T06:14:33.528+0000] {logging_mixin.py:188} INFO - [2024-07-19T06:14:33.528+0000] {dag.py:3089} INFO - Sync 1 DAGs
[2024-07-19T06:14:33.558+0000] {logging_mixin.py:188} INFO - [2024-07-19T06:14:33.558+0000] {dag.py:3947} INFO - Setting next_dagrun for example_branch_dop_operator_v3 to 2024-07-19 06:13:00+00:00, run_after=2024-07-19 06:14:00+00:00
[2024-07-19T06:14:33.581+0000] {processor.py:183} INFO - Processing /home/airflow/.local/lib/python3.12/site-packages/airflow/example_dags/example_branch_python_dop_operator_3.py took 0.103 seconds
[2024-07-19T06:15:03.926+0000] {processor.py:161} INFO - Started process (PID=6598) to work on /home/airflow/.local/lib/python3.12/site-packages/airflow/example_dags/example_branch_python_dop_operator_3.py
[2024-07-19T06:15:03.929+0000] {processor.py:830} INFO - Processing file /home/airflow/.local/lib/python3.12/site-packages/airflow/example_dags/example_branch_python_dop_operator_3.py for tasks to queue
[2024-07-19T06:15:03.930+0000] {logging_mixin.py:188} INFO - [2024-07-19T06:15:03.930+0000] {dagbag.py:545} INFO - Filling up the DagBag from /home/airflow/.local/lib/python3.12/site-packages/airflow/example_dags/example_branch_python_dop_operator_3.py
[2024-07-19T06:15:03.943+0000] {processor.py:840} INFO - DAG(s) 'example_branch_dop_operator_v3' retrieved from /home/airflow/.local/lib/python3.12/site-packages/airflow/example_dags/example_branch_python_dop_operator_3.py
[2024-07-19T06:15:03.978+0000] {logging_mixin.py:188} INFO - [2024-07-19T06:15:03.978+0000] {dag.py:3089} INFO - Sync 1 DAGs
[2024-07-19T06:15:04.014+0000] {logging_mixin.py:188} INFO - [2024-07-19T06:15:04.014+0000] {dag.py:3947} INFO - Setting next_dagrun for example_branch_dop_operator_v3 to 2024-07-19 06:14:00+00:00, run_after=2024-07-19 06:15:00+00:00
[2024-07-19T06:15:04.088+0000] {processor.py:183} INFO - Processing /home/airflow/.local/lib/python3.12/site-packages/airflow/example_dags/example_branch_python_dop_operator_3.py took 0.171 seconds
[2024-07-19T06:15:34.581+0000] {processor.py:161} INFO - Started process (PID=6658) to work on /home/airflow/.local/lib/python3.12/site-packages/airflow/example_dags/example_branch_python_dop_operator_3.py
[2024-07-19T06:15:34.583+0000] {processor.py:830} INFO - Processing file /home/airflow/.local/lib/python3.12/site-packages/airflow/example_dags/example_branch_python_dop_operator_3.py for tasks to queue
[2024-07-19T06:15:34.585+0000] {logging_mixin.py:188} INFO - [2024-07-19T06:15:34.584+0000] {dagbag.py:545} INFO - Filling up the DagBag from /home/airflow/.local/lib/python3.12/site-packages/airflow/example_dags/example_branch_python_dop_operator_3.py
[2024-07-19T06:15:34.602+0000] {processor.py:840} INFO - DAG(s) 'example_branch_dop_operator_v3' retrieved from /home/airflow/.local/lib/python3.12/site-packages/airflow/example_dags/example_branch_python_dop_operator_3.py
[2024-07-19T06:15:34.629+0000] {logging_mixin.py:188} INFO - [2024-07-19T06:15:34.629+0000] {dag.py:3089} INFO - Sync 1 DAGs
[2024-07-19T06:15:34.663+0000] {logging_mixin.py:188} INFO - [2024-07-19T06:15:34.663+0000] {dag.py:3947} INFO - Setting next_dagrun for example_branch_dop_operator_v3 to 2024-07-19 06:14:00+00:00, run_after=2024-07-19 06:15:00+00:00
[2024-07-19T06:15:34.686+0000] {processor.py:183} INFO - Processing /home/airflow/.local/lib/python3.12/site-packages/airflow/example_dags/example_branch_python_dop_operator_3.py took 0.114 seconds
[2024-07-19T06:16:05.366+0000] {processor.py:161} INFO - Started process (PID=6718) to work on /home/airflow/.local/lib/python3.12/site-packages/airflow/example_dags/example_branch_python_dop_operator_3.py
[2024-07-19T06:16:05.368+0000] {processor.py:830} INFO - Processing file /home/airflow/.local/lib/python3.12/site-packages/airflow/example_dags/example_branch_python_dop_operator_3.py for tasks to queue
[2024-07-19T06:16:05.369+0000] {logging_mixin.py:188} INFO - [2024-07-19T06:16:05.369+0000] {dagbag.py:545} INFO - Filling up the DagBag from /home/airflow/.local/lib/python3.12/site-packages/airflow/example_dags/example_branch_python_dop_operator_3.py
[2024-07-19T06:16:05.380+0000] {processor.py:840} INFO - DAG(s) 'example_branch_dop_operator_v3' retrieved from /home/airflow/.local/lib/python3.12/site-packages/airflow/example_dags/example_branch_python_dop_operator_3.py
[2024-07-19T06:16:05.409+0000] {logging_mixin.py:188} INFO - [2024-07-19T06:16:05.408+0000] {dag.py:3089} INFO - Sync 1 DAGs
[2024-07-19T06:16:05.439+0000] {logging_mixin.py:188} INFO - [2024-07-19T06:16:05.439+0000] {dag.py:3947} INFO - Setting next_dagrun for example_branch_dop_operator_v3 to 2024-07-19 06:15:00+00:00, run_after=2024-07-19 06:16:00+00:00
[2024-07-19T06:16:05.462+0000] {processor.py:183} INFO - Processing /home/airflow/.local/lib/python3.12/site-packages/airflow/example_dags/example_branch_python_dop_operator_3.py took 0.105 seconds
[2024-07-19T06:16:35.546+0000] {processor.py:161} INFO - Started process (PID=6778) to work on /home/airflow/.local/lib/python3.12/site-packages/airflow/example_dags/example_branch_python_dop_operator_3.py
[2024-07-19T06:16:35.547+0000] {processor.py:830} INFO - Processing file /home/airflow/.local/lib/python3.12/site-packages/airflow/example_dags/example_branch_python_dop_operator_3.py for tasks to queue
[2024-07-19T06:16:35.549+0000] {logging_mixin.py:188} INFO - [2024-07-19T06:16:35.548+0000] {dagbag.py:545} INFO - Filling up the DagBag from /home/airflow/.local/lib/python3.12/site-packages/airflow/example_dags/example_branch_python_dop_operator_3.py
[2024-07-19T06:16:35.562+0000] {processor.py:840} INFO - DAG(s) 'example_branch_dop_operator_v3' retrieved from /home/airflow/.local/lib/python3.12/site-packages/airflow/example_dags/example_branch_python_dop_operator_3.py
[2024-07-19T06:16:35.591+0000] {logging_mixin.py:188} INFO - [2024-07-19T06:16:35.590+0000] {dag.py:3089} INFO - Sync 1 DAGs
[2024-07-19T06:16:35.623+0000] {logging_mixin.py:188} INFO - [2024-07-19T06:16:35.623+0000] {dag.py:3947} INFO - Setting next_dagrun for example_branch_dop_operator_v3 to 2024-07-19 06:15:00+00:00, run_after=2024-07-19 06:16:00+00:00
[2024-07-19T06:16:35.646+0000] {processor.py:183} INFO - Processing /home/airflow/.local/lib/python3.12/site-packages/airflow/example_dags/example_branch_python_dop_operator_3.py took 0.111 seconds
[2024-07-19T06:17:05.690+0000] {processor.py:161} INFO - Started process (PID=6836) to work on /home/airflow/.local/lib/python3.12/site-packages/airflow/example_dags/example_branch_python_dop_operator_3.py
[2024-07-19T06:17:05.692+0000] {processor.py:830} INFO - Processing file /home/airflow/.local/lib/python3.12/site-packages/airflow/example_dags/example_branch_python_dop_operator_3.py for tasks to queue
[2024-07-19T06:17:05.693+0000] {logging_mixin.py:188} INFO - [2024-07-19T06:17:05.693+0000] {dagbag.py:545} INFO - Filling up the DagBag from /home/airflow/.local/lib/python3.12/site-packages/airflow/example_dags/example_branch_python_dop_operator_3.py
[2024-07-19T06:17:05.704+0000] {processor.py:840} INFO - DAG(s) 'example_branch_dop_operator_v3' retrieved from /home/airflow/.local/lib/python3.12/site-packages/airflow/example_dags/example_branch_python_dop_operator_3.py
[2024-07-19T06:17:05.735+0000] {logging_mixin.py:188} INFO - [2024-07-19T06:17:05.735+0000] {dag.py:3089} INFO - Sync 1 DAGs
[2024-07-19T06:17:05.770+0000] {logging_mixin.py:188} INFO - [2024-07-19T06:17:05.770+0000] {dag.py:3947} INFO - Setting next_dagrun for example_branch_dop_operator_v3 to 2024-07-19 06:16:00+00:00, run_after=2024-07-19 06:17:00+00:00
[2024-07-19T06:17:05.795+0000] {processor.py:183} INFO - Processing /home/airflow/.local/lib/python3.12/site-packages/airflow/example_dags/example_branch_python_dop_operator_3.py took 0.112 seconds
[2024-07-19T06:17:35.978+0000] {processor.py:161} INFO - Started process (PID=6896) to work on /home/airflow/.local/lib/python3.12/site-packages/airflow/example_dags/example_branch_python_dop_operator_3.py
[2024-07-19T06:17:36.082+0000] {processor.py:830} INFO - Processing file /home/airflow/.local/lib/python3.12/site-packages/airflow/example_dags/example_branch_python_dop_operator_3.py for tasks to queue
[2024-07-19T06:17:36.084+0000] {logging_mixin.py:188} INFO - [2024-07-19T06:17:36.083+0000] {dagbag.py:545} INFO - Filling up the DagBag from /home/airflow/.local/lib/python3.12/site-packages/airflow/example_dags/example_branch_python_dop_operator_3.py
[2024-07-19T06:17:36.094+0000] {processor.py:840} INFO - DAG(s) 'example_branch_dop_operator_v3' retrieved from /home/airflow/.local/lib/python3.12/site-packages/airflow/example_dags/example_branch_python_dop_operator_3.py
[2024-07-19T06:17:36.121+0000] {logging_mixin.py:188} INFO - [2024-07-19T06:17:36.121+0000] {dag.py:3089} INFO - Sync 1 DAGs
[2024-07-19T06:17:36.153+0000] {logging_mixin.py:188} INFO - [2024-07-19T06:17:36.153+0000] {dag.py:3947} INFO - Setting next_dagrun for example_branch_dop_operator_v3 to 2024-07-19 06:16:00+00:00, run_after=2024-07-19 06:17:00+00:00
[2024-07-19T06:17:36.178+0000] {processor.py:183} INFO - Processing /home/airflow/.local/lib/python3.12/site-packages/airflow/example_dags/example_branch_python_dop_operator_3.py took 0.209 seconds
[2024-07-19T06:18:06.212+0000] {processor.py:161} INFO - Started process (PID=6956) to work on /home/airflow/.local/lib/python3.12/site-packages/airflow/example_dags/example_branch_python_dop_operator_3.py
[2024-07-19T06:18:06.214+0000] {processor.py:830} INFO - Processing file /home/airflow/.local/lib/python3.12/site-packages/airflow/example_dags/example_branch_python_dop_operator_3.py for tasks to queue
[2024-07-19T06:18:06.215+0000] {logging_mixin.py:188} INFO - [2024-07-19T06:18:06.215+0000] {dagbag.py:545} INFO - Filling up the DagBag from /home/airflow/.local/lib/python3.12/site-packages/airflow/example_dags/example_branch_python_dop_operator_3.py
[2024-07-19T06:18:06.227+0000] {processor.py:840} INFO - DAG(s) 'example_branch_dop_operator_v3' retrieved from /home/airflow/.local/lib/python3.12/site-packages/airflow/example_dags/example_branch_python_dop_operator_3.py
[2024-07-19T06:18:06.254+0000] {logging_mixin.py:188} INFO - [2024-07-19T06:18:06.254+0000] {dag.py:3089} INFO - Sync 1 DAGs
[2024-07-19T06:18:06.284+0000] {logging_mixin.py:188} INFO - [2024-07-19T06:18:06.284+0000] {dag.py:3947} INFO - Setting next_dagrun for example_branch_dop_operator_v3 to 2024-07-19 06:17:00+00:00, run_after=2024-07-19 06:18:00+00:00
[2024-07-19T06:18:06.309+0000] {processor.py:183} INFO - Processing /home/airflow/.local/lib/python3.12/site-packages/airflow/example_dags/example_branch_python_dop_operator_3.py took 0.104 seconds
[2024-07-19T06:18:36.412+0000] {processor.py:161} INFO - Started process (PID=7015) to work on /home/airflow/.local/lib/python3.12/site-packages/airflow/example_dags/example_branch_python_dop_operator_3.py
[2024-07-19T06:18:36.415+0000] {processor.py:830} INFO - Processing file /home/airflow/.local/lib/python3.12/site-packages/airflow/example_dags/example_branch_python_dop_operator_3.py for tasks to queue
[2024-07-19T06:18:36.416+0000] {logging_mixin.py:188} INFO - [2024-07-19T06:18:36.416+0000] {dagbag.py:545} INFO - Filling up the DagBag from /home/airflow/.local/lib/python3.12/site-packages/airflow/example_dags/example_branch_python_dop_operator_3.py
[2024-07-19T06:18:36.428+0000] {processor.py:840} INFO - DAG(s) 'example_branch_dop_operator_v3' retrieved from /home/airflow/.local/lib/python3.12/site-packages/airflow/example_dags/example_branch_python_dop_operator_3.py
[2024-07-19T06:18:36.455+0000] {logging_mixin.py:188} INFO - [2024-07-19T06:18:36.455+0000] {dag.py:3089} INFO - Sync 1 DAGs
[2024-07-19T06:18:36.487+0000] {logging_mixin.py:188} INFO - [2024-07-19T06:18:36.487+0000] {dag.py:3947} INFO - Setting next_dagrun for example_branch_dop_operator_v3 to 2024-07-19 06:17:00+00:00, run_after=2024-07-19 06:18:00+00:00
[2024-07-19T06:18:36.509+0000] {processor.py:183} INFO - Processing /home/airflow/.local/lib/python3.12/site-packages/airflow/example_dags/example_branch_python_dop_operator_3.py took 0.106 seconds
[2024-07-19T06:19:06.814+0000] {processor.py:161} INFO - Started process (PID=7075) to work on /home/airflow/.local/lib/python3.12/site-packages/airflow/example_dags/example_branch_python_dop_operator_3.py
[2024-07-19T06:19:06.816+0000] {processor.py:830} INFO - Processing file /home/airflow/.local/lib/python3.12/site-packages/airflow/example_dags/example_branch_python_dop_operator_3.py for tasks to queue
[2024-07-19T06:19:06.817+0000] {logging_mixin.py:188} INFO - [2024-07-19T06:19:06.817+0000] {dagbag.py:545} INFO - Filling up the DagBag from /home/airflow/.local/lib/python3.12/site-packages/airflow/example_dags/example_branch_python_dop_operator_3.py
[2024-07-19T06:19:06.828+0000] {processor.py:840} INFO - DAG(s) 'example_branch_dop_operator_v3' retrieved from /home/airflow/.local/lib/python3.12/site-packages/airflow/example_dags/example_branch_python_dop_operator_3.py
[2024-07-19T06:19:06.854+0000] {logging_mixin.py:188} INFO - [2024-07-19T06:19:06.854+0000] {dag.py:3089} INFO - Sync 1 DAGs
[2024-07-19T06:19:06.884+0000] {logging_mixin.py:188} INFO - [2024-07-19T06:19:06.883+0000] {dag.py:3947} INFO - Setting next_dagrun for example_branch_dop_operator_v3 to 2024-07-19 06:18:00+00:00, run_after=2024-07-19 06:19:00+00:00
[2024-07-19T06:19:06.905+0000] {processor.py:183} INFO - Processing /home/airflow/.local/lib/python3.12/site-packages/airflow/example_dags/example_branch_python_dop_operator_3.py took 0.100 seconds
[2024-07-19T06:19:37.198+0000] {processor.py:161} INFO - Started process (PID=7135) to work on /home/airflow/.local/lib/python3.12/site-packages/airflow/example_dags/example_branch_python_dop_operator_3.py
[2024-07-19T06:19:37.200+0000] {processor.py:830} INFO - Processing file /home/airflow/.local/lib/python3.12/site-packages/airflow/example_dags/example_branch_python_dop_operator_3.py for tasks to queue
[2024-07-19T06:19:37.202+0000] {logging_mixin.py:188} INFO - [2024-07-19T06:19:37.202+0000] {dagbag.py:545} INFO - Filling up the DagBag from /home/airflow/.local/lib/python3.12/site-packages/airflow/example_dags/example_branch_python_dop_operator_3.py
[2024-07-19T06:19:37.214+0000] {processor.py:840} INFO - DAG(s) 'example_branch_dop_operator_v3' retrieved from /home/airflow/.local/lib/python3.12/site-packages/airflow/example_dags/example_branch_python_dop_operator_3.py
[2024-07-19T06:19:37.242+0000] {logging_mixin.py:188} INFO - [2024-07-19T06:19:37.242+0000] {dag.py:3089} INFO - Sync 1 DAGs
[2024-07-19T06:19:37.275+0000] {logging_mixin.py:188} INFO - [2024-07-19T06:19:37.275+0000] {dag.py:3947} INFO - Setting next_dagrun for example_branch_dop_operator_v3 to 2024-07-19 06:18:00+00:00, run_after=2024-07-19 06:19:00+00:00
[2024-07-19T06:19:37.298+0000] {processor.py:183} INFO - Processing /home/airflow/.local/lib/python3.12/site-packages/airflow/example_dags/example_branch_python_dop_operator_3.py took 0.108 seconds
[2024-07-19T06:20:07.869+0000] {processor.py:161} INFO - Started process (PID=7196) to work on /home/airflow/.local/lib/python3.12/site-packages/airflow/example_dags/example_branch_python_dop_operator_3.py
[2024-07-19T06:20:07.870+0000] {processor.py:830} INFO - Processing file /home/airflow/.local/lib/python3.12/site-packages/airflow/example_dags/example_branch_python_dop_operator_3.py for tasks to queue
[2024-07-19T06:20:07.872+0000] {logging_mixin.py:188} INFO - [2024-07-19T06:20:07.871+0000] {dagbag.py:545} INFO - Filling up the DagBag from /home/airflow/.local/lib/python3.12/site-packages/airflow/example_dags/example_branch_python_dop_operator_3.py
[2024-07-19T06:20:07.885+0000] {processor.py:840} INFO - DAG(s) 'example_branch_dop_operator_v3' retrieved from /home/airflow/.local/lib/python3.12/site-packages/airflow/example_dags/example_branch_python_dop_operator_3.py
[2024-07-19T06:20:07.916+0000] {logging_mixin.py:188} INFO - [2024-07-19T06:20:07.916+0000] {dag.py:3089} INFO - Sync 1 DAGs
[2024-07-19T06:20:07.951+0000] {logging_mixin.py:188} INFO - [2024-07-19T06:20:07.951+0000] {dag.py:3947} INFO - Setting next_dagrun for example_branch_dop_operator_v3 to 2024-07-19 06:19:00+00:00, run_after=2024-07-19 06:20:00+00:00
[2024-07-19T06:20:07.979+0000] {processor.py:183} INFO - Processing /home/airflow/.local/lib/python3.12/site-packages/airflow/example_dags/example_branch_python_dop_operator_3.py took 0.119 seconds
[2024-07-19T06:20:38.289+0000] {processor.py:161} INFO - Started process (PID=7256) to work on /home/airflow/.local/lib/python3.12/site-packages/airflow/example_dags/example_branch_python_dop_operator_3.py
[2024-07-19T06:20:38.291+0000] {processor.py:830} INFO - Processing file /home/airflow/.local/lib/python3.12/site-packages/airflow/example_dags/example_branch_python_dop_operator_3.py for tasks to queue
[2024-07-19T06:20:38.293+0000] {logging_mixin.py:188} INFO - [2024-07-19T06:20:38.292+0000] {dagbag.py:545} INFO - Filling up the DagBag from /home/airflow/.local/lib/python3.12/site-packages/airflow/example_dags/example_branch_python_dop_operator_3.py
[2024-07-19T06:20:38.306+0000] {processor.py:840} INFO - DAG(s) 'example_branch_dop_operator_v3' retrieved from /home/airflow/.local/lib/python3.12/site-packages/airflow/example_dags/example_branch_python_dop_operator_3.py
[2024-07-19T06:20:38.338+0000] {logging_mixin.py:188} INFO - [2024-07-19T06:20:38.337+0000] {dag.py:3089} INFO - Sync 1 DAGs
[2024-07-19T06:20:38.417+0000] {logging_mixin.py:188} INFO - [2024-07-19T06:20:38.417+0000] {dag.py:3947} INFO - Setting next_dagrun for example_branch_dop_operator_v3 to 2024-07-19 06:19:00+00:00, run_after=2024-07-19 06:20:00+00:00
[2024-07-19T06:20:38.445+0000] {processor.py:183} INFO - Processing /home/airflow/.local/lib/python3.12/site-packages/airflow/example_dags/example_branch_python_dop_operator_3.py took 0.167 seconds
[2024-07-19T06:21:08.646+0000] {processor.py:161} INFO - Started process (PID=7315) to work on /home/airflow/.local/lib/python3.12/site-packages/airflow/example_dags/example_branch_python_dop_operator_3.py
[2024-07-19T06:21:08.647+0000] {processor.py:830} INFO - Processing file /home/airflow/.local/lib/python3.12/site-packages/airflow/example_dags/example_branch_python_dop_operator_3.py for tasks to queue
[2024-07-19T06:21:08.649+0000] {logging_mixin.py:188} INFO - [2024-07-19T06:21:08.648+0000] {dagbag.py:545} INFO - Filling up the DagBag from /home/airflow/.local/lib/python3.12/site-packages/airflow/example_dags/example_branch_python_dop_operator_3.py
[2024-07-19T06:21:08.661+0000] {processor.py:840} INFO - DAG(s) 'example_branch_dop_operator_v3' retrieved from /home/airflow/.local/lib/python3.12/site-packages/airflow/example_dags/example_branch_python_dop_operator_3.py
[2024-07-19T06:21:08.690+0000] {logging_mixin.py:188} INFO - [2024-07-19T06:21:08.690+0000] {dag.py:3089} INFO - Sync 1 DAGs
[2024-07-19T06:21:08.722+0000] {logging_mixin.py:188} INFO - [2024-07-19T06:21:08.721+0000] {dag.py:3947} INFO - Setting next_dagrun for example_branch_dop_operator_v3 to 2024-07-19 06:20:00+00:00, run_after=2024-07-19 06:21:00+00:00
[2024-07-19T06:21:08.746+0000] {processor.py:183} INFO - Processing /home/airflow/.local/lib/python3.12/site-packages/airflow/example_dags/example_branch_python_dop_operator_3.py took 0.109 seconds
[2024-07-19T06:21:38.888+0000] {processor.py:161} INFO - Started process (PID=7375) to work on /home/airflow/.local/lib/python3.12/site-packages/airflow/example_dags/example_branch_python_dop_operator_3.py
[2024-07-19T06:21:38.891+0000] {processor.py:830} INFO - Processing file /home/airflow/.local/lib/python3.12/site-packages/airflow/example_dags/example_branch_python_dop_operator_3.py for tasks to queue
[2024-07-19T06:21:38.893+0000] {logging_mixin.py:188} INFO - [2024-07-19T06:21:38.892+0000] {dagbag.py:545} INFO - Filling up the DagBag from /home/airflow/.local/lib/python3.12/site-packages/airflow/example_dags/example_branch_python_dop_operator_3.py
[2024-07-19T06:21:38.948+0000] {processor.py:840} INFO - DAG(s) 'example_branch_dop_operator_v3' retrieved from /home/airflow/.local/lib/python3.12/site-packages/airflow/example_dags/example_branch_python_dop_operator_3.py
[2024-07-19T06:21:38.974+0000] {logging_mixin.py:188} INFO - [2024-07-19T06:21:38.974+0000] {dag.py:3089} INFO - Sync 1 DAGs
[2024-07-19T06:21:39.005+0000] {logging_mixin.py:188} INFO - [2024-07-19T06:21:39.005+0000] {dag.py:3947} INFO - Setting next_dagrun for example_branch_dop_operator_v3 to 2024-07-19 06:20:00+00:00, run_after=2024-07-19 06:21:00+00:00
[2024-07-19T06:21:39.028+0000] {processor.py:183} INFO - Processing /home/airflow/.local/lib/python3.12/site-packages/airflow/example_dags/example_branch_python_dop_operator_3.py took 0.148 seconds
[2024-07-19T06:22:09.158+0000] {processor.py:161} INFO - Started process (PID=7435) to work on /home/airflow/.local/lib/python3.12/site-packages/airflow/example_dags/example_branch_python_dop_operator_3.py
[2024-07-19T06:22:09.159+0000] {processor.py:830} INFO - Processing file /home/airflow/.local/lib/python3.12/site-packages/airflow/example_dags/example_branch_python_dop_operator_3.py for tasks to queue
[2024-07-19T06:22:09.160+0000] {logging_mixin.py:188} INFO - [2024-07-19T06:22:09.160+0000] {dagbag.py:545} INFO - Filling up the DagBag from /home/airflow/.local/lib/python3.12/site-packages/airflow/example_dags/example_branch_python_dop_operator_3.py
[2024-07-19T06:22:09.172+0000] {processor.py:840} INFO - DAG(s) 'example_branch_dop_operator_v3' retrieved from /home/airflow/.local/lib/python3.12/site-packages/airflow/example_dags/example_branch_python_dop_operator_3.py
[2024-07-19T06:22:09.199+0000] {logging_mixin.py:188} INFO - [2024-07-19T06:22:09.199+0000] {dag.py:3089} INFO - Sync 1 DAGs
[2024-07-19T06:22:09.229+0000] {logging_mixin.py:188} INFO - [2024-07-19T06:22:09.228+0000] {dag.py:3947} INFO - Setting next_dagrun for example_branch_dop_operator_v3 to 2024-07-19 06:21:00+00:00, run_after=2024-07-19 06:22:00+00:00
[2024-07-19T06:22:09.252+0000] {processor.py:183} INFO - Processing /home/airflow/.local/lib/python3.12/site-packages/airflow/example_dags/example_branch_python_dop_operator_3.py took 0.102 seconds
[2024-07-19T06:22:39.715+0000] {processor.py:161} INFO - Started process (PID=7496) to work on /home/airflow/.local/lib/python3.12/site-packages/airflow/example_dags/example_branch_python_dop_operator_3.py
[2024-07-19T06:22:39.716+0000] {processor.py:830} INFO - Processing file /home/airflow/.local/lib/python3.12/site-packages/airflow/example_dags/example_branch_python_dop_operator_3.py for tasks to queue
[2024-07-19T06:22:39.718+0000] {logging_mixin.py:188} INFO - [2024-07-19T06:22:39.717+0000] {dagbag.py:545} INFO - Filling up the DagBag from /home/airflow/.local/lib/python3.12/site-packages/airflow/example_dags/example_branch_python_dop_operator_3.py
[2024-07-19T06:22:39.730+0000] {processor.py:840} INFO - DAG(s) 'example_branch_dop_operator_v3' retrieved from /home/airflow/.local/lib/python3.12/site-packages/airflow/example_dags/example_branch_python_dop_operator_3.py
[2024-07-19T06:22:39.767+0000] {logging_mixin.py:188} INFO - [2024-07-19T06:22:39.766+0000] {dag.py:3089} INFO - Sync 1 DAGs
[2024-07-19T06:22:39.805+0000] {logging_mixin.py:188} INFO - [2024-07-19T06:22:39.805+0000] {dag.py:3947} INFO - Setting next_dagrun for example_branch_dop_operator_v3 to 2024-07-19 06:21:00+00:00, run_after=2024-07-19 06:22:00+00:00
[2024-07-19T06:22:39.880+0000] {processor.py:183} INFO - Processing /home/airflow/.local/lib/python3.12/site-packages/airflow/example_dags/example_branch_python_dop_operator_3.py took 0.174 seconds
[2024-07-19T06:23:10.001+0000] {processor.py:161} INFO - Started process (PID=7556) to work on /home/airflow/.local/lib/python3.12/site-packages/airflow/example_dags/example_branch_python_dop_operator_3.py
[2024-07-19T06:23:10.002+0000] {processor.py:830} INFO - Processing file /home/airflow/.local/lib/python3.12/site-packages/airflow/example_dags/example_branch_python_dop_operator_3.py for tasks to queue
[2024-07-19T06:23:10.004+0000] {logging_mixin.py:188} INFO - [2024-07-19T06:23:10.003+0000] {dagbag.py:545} INFO - Filling up the DagBag from /home/airflow/.local/lib/python3.12/site-packages/airflow/example_dags/example_branch_python_dop_operator_3.py
[2024-07-19T06:23:10.015+0000] {processor.py:840} INFO - DAG(s) 'example_branch_dop_operator_v3' retrieved from /home/airflow/.local/lib/python3.12/site-packages/airflow/example_dags/example_branch_python_dop_operator_3.py
[2024-07-19T06:23:10.044+0000] {logging_mixin.py:188} INFO - [2024-07-19T06:23:10.043+0000] {dag.py:3089} INFO - Sync 1 DAGs
[2024-07-19T06:23:10.078+0000] {logging_mixin.py:188} INFO - [2024-07-19T06:23:10.077+0000] {dag.py:3947} INFO - Setting next_dagrun for example_branch_dop_operator_v3 to 2024-07-19 06:22:00+00:00, run_after=2024-07-19 06:23:00+00:00
[2024-07-19T06:23:10.103+0000] {processor.py:183} INFO - Processing /home/airflow/.local/lib/python3.12/site-packages/airflow/example_dags/example_branch_python_dop_operator_3.py took 0.111 seconds
[2024-07-19T06:23:40.317+0000] {processor.py:161} INFO - Started process (PID=7615) to work on /home/airflow/.local/lib/python3.12/site-packages/airflow/example_dags/example_branch_python_dop_operator_3.py
[2024-07-19T06:23:40.318+0000] {processor.py:830} INFO - Processing file /home/airflow/.local/lib/python3.12/site-packages/airflow/example_dags/example_branch_python_dop_operator_3.py for tasks to queue
[2024-07-19T06:23:40.320+0000] {logging_mixin.py:188} INFO - [2024-07-19T06:23:40.319+0000] {dagbag.py:545} INFO - Filling up the DagBag from /home/airflow/.local/lib/python3.12/site-packages/airflow/example_dags/example_branch_python_dop_operator_3.py
[2024-07-19T06:23:40.332+0000] {processor.py:840} INFO - DAG(s) 'example_branch_dop_operator_v3' retrieved from /home/airflow/.local/lib/python3.12/site-packages/airflow/example_dags/example_branch_python_dop_operator_3.py
[2024-07-19T06:23:40.361+0000] {logging_mixin.py:188} INFO - [2024-07-19T06:23:40.361+0000] {dag.py:3089} INFO - Sync 1 DAGs
[2024-07-19T06:23:40.396+0000] {logging_mixin.py:188} INFO - [2024-07-19T06:23:40.396+0000] {dag.py:3947} INFO - Setting next_dagrun for example_branch_dop_operator_v3 to 2024-07-19 06:22:00+00:00, run_after=2024-07-19 06:23:00+00:00
[2024-07-19T06:23:40.427+0000] {processor.py:183} INFO - Processing /home/airflow/.local/lib/python3.12/site-packages/airflow/example_dags/example_branch_python_dop_operator_3.py took 0.119 seconds
[2024-07-19T06:24:11.044+0000] {processor.py:161} INFO - Started process (PID=7676) to work on /home/airflow/.local/lib/python3.12/site-packages/airflow/example_dags/example_branch_python_dop_operator_3.py
[2024-07-19T06:24:11.046+0000] {processor.py:830} INFO - Processing file /home/airflow/.local/lib/python3.12/site-packages/airflow/example_dags/example_branch_python_dop_operator_3.py for tasks to queue
[2024-07-19T06:24:11.047+0000] {logging_mixin.py:188} INFO - [2024-07-19T06:24:11.047+0000] {dagbag.py:545} INFO - Filling up the DagBag from /home/airflow/.local/lib/python3.12/site-packages/airflow/example_dags/example_branch_python_dop_operator_3.py
[2024-07-19T06:24:11.060+0000] {processor.py:840} INFO - DAG(s) 'example_branch_dop_operator_v3' retrieved from /home/airflow/.local/lib/python3.12/site-packages/airflow/example_dags/example_branch_python_dop_operator_3.py
[2024-07-19T06:24:11.090+0000] {logging_mixin.py:188} INFO - [2024-07-19T06:24:11.089+0000] {dag.py:3089} INFO - Sync 1 DAGs
[2024-07-19T06:24:11.122+0000] {logging_mixin.py:188} INFO - [2024-07-19T06:24:11.121+0000] {dag.py:3947} INFO - Setting next_dagrun for example_branch_dop_operator_v3 to 2024-07-19 06:23:00+00:00, run_after=2024-07-19 06:24:00+00:00
[2024-07-19T06:24:11.144+0000] {processor.py:183} INFO - Processing /home/airflow/.local/lib/python3.12/site-packages/airflow/example_dags/example_branch_python_dop_operator_3.py took 0.111 seconds
[2024-07-19T06:24:41.426+0000] {processor.py:161} INFO - Started process (PID=7736) to work on /home/airflow/.local/lib/python3.12/site-packages/airflow/example_dags/example_branch_python_dop_operator_3.py
[2024-07-19T06:24:41.428+0000] {processor.py:830} INFO - Processing file /home/airflow/.local/lib/python3.12/site-packages/airflow/example_dags/example_branch_python_dop_operator_3.py for tasks to queue
[2024-07-19T06:24:41.429+0000] {logging_mixin.py:188} INFO - [2024-07-19T06:24:41.429+0000] {dagbag.py:545} INFO - Filling up the DagBag from /home/airflow/.local/lib/python3.12/site-packages/airflow/example_dags/example_branch_python_dop_operator_3.py
[2024-07-19T06:24:41.441+0000] {processor.py:840} INFO - DAG(s) 'example_branch_dop_operator_v3' retrieved from /home/airflow/.local/lib/python3.12/site-packages/airflow/example_dags/example_branch_python_dop_operator_3.py
[2024-07-19T06:24:41.468+0000] {logging_mixin.py:188} INFO - [2024-07-19T06:24:41.468+0000] {dag.py:3089} INFO - Sync 1 DAGs
[2024-07-19T06:24:41.500+0000] {logging_mixin.py:188} INFO - [2024-07-19T06:24:41.500+0000] {dag.py:3947} INFO - Setting next_dagrun for example_branch_dop_operator_v3 to 2024-07-19 06:23:00+00:00, run_after=2024-07-19 06:24:00+00:00
[2024-07-19T06:24:41.521+0000] {processor.py:183} INFO - Processing /home/airflow/.local/lib/python3.12/site-packages/airflow/example_dags/example_branch_python_dop_operator_3.py took 0.104 seconds
[2024-07-19T06:25:12.380+0000] {processor.py:161} INFO - Started process (PID=7796) to work on /home/airflow/.local/lib/python3.12/site-packages/airflow/example_dags/example_branch_python_dop_operator_3.py
[2024-07-19T06:25:12.381+0000] {processor.py:830} INFO - Processing file /home/airflow/.local/lib/python3.12/site-packages/airflow/example_dags/example_branch_python_dop_operator_3.py for tasks to queue
[2024-07-19T06:25:12.383+0000] {logging_mixin.py:188} INFO - [2024-07-19T06:25:12.382+0000] {dagbag.py:545} INFO - Filling up the DagBag from /home/airflow/.local/lib/python3.12/site-packages/airflow/example_dags/example_branch_python_dop_operator_3.py
[2024-07-19T06:25:12.394+0000] {processor.py:840} INFO - DAG(s) 'example_branch_dop_operator_v3' retrieved from /home/airflow/.local/lib/python3.12/site-packages/airflow/example_dags/example_branch_python_dop_operator_3.py
[2024-07-19T06:25:12.419+0000] {logging_mixin.py:188} INFO - [2024-07-19T06:25:12.419+0000] {dag.py:3089} INFO - Sync 1 DAGs
[2024-07-19T06:25:12.451+0000] {logging_mixin.py:188} INFO - [2024-07-19T06:25:12.450+0000] {dag.py:3947} INFO - Setting next_dagrun for example_branch_dop_operator_v3 to 2024-07-19 06:24:00+00:00, run_after=2024-07-19 06:25:00+00:00
[2024-07-19T06:25:12.476+0000] {processor.py:183} INFO - Processing /home/airflow/.local/lib/python3.12/site-packages/airflow/example_dags/example_branch_python_dop_operator_3.py took 0.104 seconds
[2024-07-19T06:25:42.778+0000] {processor.py:161} INFO - Started process (PID=7856) to work on /home/airflow/.local/lib/python3.12/site-packages/airflow/example_dags/example_branch_python_dop_operator_3.py
[2024-07-19T06:25:42.779+0000] {processor.py:830} INFO - Processing file /home/airflow/.local/lib/python3.12/site-packages/airflow/example_dags/example_branch_python_dop_operator_3.py for tasks to queue
[2024-07-19T06:25:42.781+0000] {logging_mixin.py:188} INFO - [2024-07-19T06:25:42.780+0000] {dagbag.py:545} INFO - Filling up the DagBag from /home/airflow/.local/lib/python3.12/site-packages/airflow/example_dags/example_branch_python_dop_operator_3.py
[2024-07-19T06:25:42.793+0000] {processor.py:840} INFO - DAG(s) 'example_branch_dop_operator_v3' retrieved from /home/airflow/.local/lib/python3.12/site-packages/airflow/example_dags/example_branch_python_dop_operator_3.py
[2024-07-19T06:25:42.825+0000] {logging_mixin.py:188} INFO - [2024-07-19T06:25:42.825+0000] {dag.py:3089} INFO - Sync 1 DAGs
[2024-07-19T06:25:42.862+0000] {logging_mixin.py:188} INFO - [2024-07-19T06:25:42.862+0000] {dag.py:3947} INFO - Setting next_dagrun for example_branch_dop_operator_v3 to 2024-07-19 06:24:00+00:00, run_after=2024-07-19 06:25:00+00:00
[2024-07-19T06:25:42.945+0000] {processor.py:183} INFO - Processing /home/airflow/.local/lib/python3.12/site-packages/airflow/example_dags/example_branch_python_dop_operator_3.py took 0.176 seconds
[2024-07-19T06:26:13.993+0000] {processor.py:161} INFO - Started process (PID=7916) to work on /home/airflow/.local/lib/python3.12/site-packages/airflow/example_dags/example_branch_python_dop_operator_3.py
[2024-07-19T06:26:13.995+0000] {processor.py:830} INFO - Processing file /home/airflow/.local/lib/python3.12/site-packages/airflow/example_dags/example_branch_python_dop_operator_3.py for tasks to queue
[2024-07-19T06:26:13.997+0000] {logging_mixin.py:188} INFO - [2024-07-19T06:26:13.997+0000] {dagbag.py:545} INFO - Filling up the DagBag from /home/airflow/.local/lib/python3.12/site-packages/airflow/example_dags/example_branch_python_dop_operator_3.py
[2024-07-19T06:26:14.013+0000] {processor.py:840} INFO - DAG(s) 'example_branch_dop_operator_v3' retrieved from /home/airflow/.local/lib/python3.12/site-packages/airflow/example_dags/example_branch_python_dop_operator_3.py
[2024-07-19T06:26:14.055+0000] {logging_mixin.py:188} INFO - [2024-07-19T06:26:14.054+0000] {dag.py:3089} INFO - Sync 1 DAGs
[2024-07-19T06:26:14.109+0000] {logging_mixin.py:188} INFO - [2024-07-19T06:26:14.108+0000] {dag.py:3947} INFO - Setting next_dagrun for example_branch_dop_operator_v3 to 2024-07-19 06:25:00+00:00, run_after=2024-07-19 06:26:00+00:00
[2024-07-19T06:26:14.150+0000] {processor.py:183} INFO - Processing /home/airflow/.local/lib/python3.12/site-packages/airflow/example_dags/example_branch_python_dop_operator_3.py took 0.169 seconds
[2024-07-19T06:26:44.651+0000] {processor.py:161} INFO - Started process (PID=7976) to work on /home/airflow/.local/lib/python3.12/site-packages/airflow/example_dags/example_branch_python_dop_operator_3.py
[2024-07-19T06:26:44.652+0000] {processor.py:830} INFO - Processing file /home/airflow/.local/lib/python3.12/site-packages/airflow/example_dags/example_branch_python_dop_operator_3.py for tasks to queue
[2024-07-19T06:26:44.654+0000] {logging_mixin.py:188} INFO - [2024-07-19T06:26:44.653+0000] {dagbag.py:545} INFO - Filling up the DagBag from /home/airflow/.local/lib/python3.12/site-packages/airflow/example_dags/example_branch_python_dop_operator_3.py
[2024-07-19T06:26:44.663+0000] {processor.py:840} INFO - DAG(s) 'example_branch_dop_operator_v3' retrieved from /home/airflow/.local/lib/python3.12/site-packages/airflow/example_dags/example_branch_python_dop_operator_3.py
[2024-07-19T06:26:44.686+0000] {logging_mixin.py:188} INFO - [2024-07-19T06:26:44.686+0000] {dag.py:3089} INFO - Sync 1 DAGs
[2024-07-19T06:26:44.713+0000] {logging_mixin.py:188} INFO - [2024-07-19T06:26:44.713+0000] {dag.py:3947} INFO - Setting next_dagrun for example_branch_dop_operator_v3 to 2024-07-19 06:25:00+00:00, run_after=2024-07-19 06:26:00+00:00
[2024-07-19T06:26:44.731+0000] {processor.py:183} INFO - Processing /home/airflow/.local/lib/python3.12/site-packages/airflow/example_dags/example_branch_python_dop_operator_3.py took 0.086 seconds
[2024-07-19T06:27:14.805+0000] {processor.py:161} INFO - Started process (PID=8036) to work on /home/airflow/.local/lib/python3.12/site-packages/airflow/example_dags/example_branch_python_dop_operator_3.py
[2024-07-19T06:27:14.807+0000] {processor.py:830} INFO - Processing file /home/airflow/.local/lib/python3.12/site-packages/airflow/example_dags/example_branch_python_dop_operator_3.py for tasks to queue
[2024-07-19T06:27:14.808+0000] {logging_mixin.py:188} INFO - [2024-07-19T06:27:14.807+0000] {dagbag.py:545} INFO - Filling up the DagBag from /home/airflow/.local/lib/python3.12/site-packages/airflow/example_dags/example_branch_python_dop_operator_3.py
[2024-07-19T06:27:14.818+0000] {processor.py:840} INFO - DAG(s) 'example_branch_dop_operator_v3' retrieved from /home/airflow/.local/lib/python3.12/site-packages/airflow/example_dags/example_branch_python_dop_operator_3.py
[2024-07-19T06:27:14.841+0000] {logging_mixin.py:188} INFO - [2024-07-19T06:27:14.841+0000] {dag.py:3089} INFO - Sync 1 DAGs
[2024-07-19T06:27:14.867+0000] {logging_mixin.py:188} INFO - [2024-07-19T06:27:14.867+0000] {dag.py:3947} INFO - Setting next_dagrun for example_branch_dop_operator_v3 to 2024-07-19 06:26:00+00:00, run_after=2024-07-19 06:27:00+00:00
[2024-07-19T06:27:14.885+0000] {processor.py:183} INFO - Processing /home/airflow/.local/lib/python3.12/site-packages/airflow/example_dags/example_branch_python_dop_operator_3.py took 0.087 seconds
[2024-07-19T06:27:45.840+0000] {processor.py:161} INFO - Started process (PID=8096) to work on /home/airflow/.local/lib/python3.12/site-packages/airflow/example_dags/example_branch_python_dop_operator_3.py
[2024-07-19T06:27:45.841+0000] {processor.py:830} INFO - Processing file /home/airflow/.local/lib/python3.12/site-packages/airflow/example_dags/example_branch_python_dop_operator_3.py for tasks to queue
[2024-07-19T06:27:45.842+0000] {logging_mixin.py:188} INFO - [2024-07-19T06:27:45.842+0000] {dagbag.py:545} INFO - Filling up the DagBag from /home/airflow/.local/lib/python3.12/site-packages/airflow/example_dags/example_branch_python_dop_operator_3.py
[2024-07-19T06:27:45.852+0000] {processor.py:840} INFO - DAG(s) 'example_branch_dop_operator_v3' retrieved from /home/airflow/.local/lib/python3.12/site-packages/airflow/example_dags/example_branch_python_dop_operator_3.py
[2024-07-19T06:27:45.875+0000] {logging_mixin.py:188} INFO - [2024-07-19T06:27:45.875+0000] {dag.py:3089} INFO - Sync 1 DAGs
[2024-07-19T06:27:45.902+0000] {logging_mixin.py:188} INFO - [2024-07-19T06:27:45.901+0000] {dag.py:3947} INFO - Setting next_dagrun for example_branch_dop_operator_v3 to 2024-07-19 06:26:00+00:00, run_after=2024-07-19 06:27:00+00:00
[2024-07-19T06:27:45.920+0000] {processor.py:183} INFO - Processing /home/airflow/.local/lib/python3.12/site-packages/airflow/example_dags/example_branch_python_dop_operator_3.py took 0.087 seconds
[2024-07-19T06:28:16.551+0000] {processor.py:161} INFO - Started process (PID=8156) to work on /home/airflow/.local/lib/python3.12/site-packages/airflow/example_dags/example_branch_python_dop_operator_3.py
[2024-07-19T06:28:16.553+0000] {processor.py:830} INFO - Processing file /home/airflow/.local/lib/python3.12/site-packages/airflow/example_dags/example_branch_python_dop_operator_3.py for tasks to queue
[2024-07-19T06:28:16.554+0000] {logging_mixin.py:188} INFO - [2024-07-19T06:28:16.554+0000] {dagbag.py:545} INFO - Filling up the DagBag from /home/airflow/.local/lib/python3.12/site-packages/airflow/example_dags/example_branch_python_dop_operator_3.py
[2024-07-19T06:28:16.565+0000] {processor.py:840} INFO - DAG(s) 'example_branch_dop_operator_v3' retrieved from /home/airflow/.local/lib/python3.12/site-packages/airflow/example_dags/example_branch_python_dop_operator_3.py
[2024-07-19T06:28:16.592+0000] {logging_mixin.py:188} INFO - [2024-07-19T06:28:16.591+0000] {dag.py:3089} INFO - Sync 1 DAGs
[2024-07-19T06:28:16.620+0000] {logging_mixin.py:188} INFO - [2024-07-19T06:28:16.620+0000] {dag.py:3947} INFO - Setting next_dagrun for example_branch_dop_operator_v3 to 2024-07-19 06:27:00+00:00, run_after=2024-07-19 06:28:00+00:00
[2024-07-19T06:28:16.640+0000] {processor.py:183} INFO - Processing /home/airflow/.local/lib/python3.12/site-packages/airflow/example_dags/example_branch_python_dop_operator_3.py took 0.097 seconds
[2024-07-19T06:28:46.916+0000] {processor.py:161} INFO - Started process (PID=8216) to work on /home/airflow/.local/lib/python3.12/site-packages/airflow/example_dags/example_branch_python_dop_operator_3.py
[2024-07-19T06:28:46.918+0000] {processor.py:830} INFO - Processing file /home/airflow/.local/lib/python3.12/site-packages/airflow/example_dags/example_branch_python_dop_operator_3.py for tasks to queue
[2024-07-19T06:28:46.919+0000] {logging_mixin.py:188} INFO - [2024-07-19T06:28:46.919+0000] {dagbag.py:545} INFO - Filling up the DagBag from /home/airflow/.local/lib/python3.12/site-packages/airflow/example_dags/example_branch_python_dop_operator_3.py
[2024-07-19T06:28:46.932+0000] {processor.py:840} INFO - DAG(s) 'example_branch_dop_operator_v3' retrieved from /home/airflow/.local/lib/python3.12/site-packages/airflow/example_dags/example_branch_python_dop_operator_3.py
[2024-07-19T06:28:46.963+0000] {logging_mixin.py:188} INFO - [2024-07-19T06:28:46.963+0000] {dag.py:3089} INFO - Sync 1 DAGs
[2024-07-19T06:28:46.999+0000] {logging_mixin.py:188} INFO - [2024-07-19T06:28:46.999+0000] {dag.py:3947} INFO - Setting next_dagrun for example_branch_dop_operator_v3 to 2024-07-19 06:27:00+00:00, run_after=2024-07-19 06:28:00+00:00
[2024-07-19T06:28:47.023+0000] {processor.py:183} INFO - Processing /home/airflow/.local/lib/python3.12/site-packages/airflow/example_dags/example_branch_python_dop_operator_3.py took 0.115 seconds
[2024-07-19T06:29:17.502+0000] {processor.py:161} INFO - Started process (PID=8276) to work on /home/airflow/.local/lib/python3.12/site-packages/airflow/example_dags/example_branch_python_dop_operator_3.py
[2024-07-19T06:29:17.504+0000] {processor.py:830} INFO - Processing file /home/airflow/.local/lib/python3.12/site-packages/airflow/example_dags/example_branch_python_dop_operator_3.py for tasks to queue
[2024-07-19T06:29:17.505+0000] {logging_mixin.py:188} INFO - [2024-07-19T06:29:17.505+0000] {dagbag.py:545} INFO - Filling up the DagBag from /home/airflow/.local/lib/python3.12/site-packages/airflow/example_dags/example_branch_python_dop_operator_3.py
[2024-07-19T06:29:17.517+0000] {processor.py:840} INFO - DAG(s) 'example_branch_dop_operator_v3' retrieved from /home/airflow/.local/lib/python3.12/site-packages/airflow/example_dags/example_branch_python_dop_operator_3.py
[2024-07-19T06:29:17.546+0000] {logging_mixin.py:188} INFO - [2024-07-19T06:29:17.545+0000] {dag.py:3089} INFO - Sync 1 DAGs
[2024-07-19T06:29:17.575+0000] {logging_mixin.py:188} INFO - [2024-07-19T06:29:17.574+0000] {dag.py:3947} INFO - Setting next_dagrun for example_branch_dop_operator_v3 to 2024-07-19 06:28:00+00:00, run_after=2024-07-19 06:29:00+00:00
[2024-07-19T06:29:17.596+0000] {processor.py:183} INFO - Processing /home/airflow/.local/lib/python3.12/site-packages/airflow/example_dags/example_branch_python_dop_operator_3.py took 0.102 seconds
[2024-07-19T06:29:48.252+0000] {processor.py:161} INFO - Started process (PID=8336) to work on /home/airflow/.local/lib/python3.12/site-packages/airflow/example_dags/example_branch_python_dop_operator_3.py
[2024-07-19T06:29:48.254+0000] {processor.py:830} INFO - Processing file /home/airflow/.local/lib/python3.12/site-packages/airflow/example_dags/example_branch_python_dop_operator_3.py for tasks to queue
[2024-07-19T06:29:48.256+0000] {logging_mixin.py:188} INFO - [2024-07-19T06:29:48.255+0000] {dagbag.py:545} INFO - Filling up the DagBag from /home/airflow/.local/lib/python3.12/site-packages/airflow/example_dags/example_branch_python_dop_operator_3.py
[2024-07-19T06:29:48.267+0000] {processor.py:840} INFO - DAG(s) 'example_branch_dop_operator_v3' retrieved from /home/airflow/.local/lib/python3.12/site-packages/airflow/example_dags/example_branch_python_dop_operator_3.py
[2024-07-19T06:29:48.295+0000] {logging_mixin.py:188} INFO - [2024-07-19T06:29:48.295+0000] {dag.py:3089} INFO - Sync 1 DAGs
[2024-07-19T06:29:48.326+0000] {logging_mixin.py:188} INFO - [2024-07-19T06:29:48.325+0000] {dag.py:3947} INFO - Setting next_dagrun for example_branch_dop_operator_v3 to 2024-07-19 06:28:00+00:00, run_after=2024-07-19 06:29:00+00:00
[2024-07-19T06:29:48.348+0000] {processor.py:183} INFO - Processing /home/airflow/.local/lib/python3.12/site-packages/airflow/example_dags/example_branch_python_dop_operator_3.py took 0.105 seconds
[2024-07-19T06:30:18.462+0000] {processor.py:161} INFO - Started process (PID=8396) to work on /home/airflow/.local/lib/python3.12/site-packages/airflow/example_dags/example_branch_python_dop_operator_3.py
[2024-07-19T06:30:18.463+0000] {processor.py:830} INFO - Processing file /home/airflow/.local/lib/python3.12/site-packages/airflow/example_dags/example_branch_python_dop_operator_3.py for tasks to queue
[2024-07-19T06:30:18.464+0000] {logging_mixin.py:188} INFO - [2024-07-19T06:30:18.464+0000] {dagbag.py:545} INFO - Filling up the DagBag from /home/airflow/.local/lib/python3.12/site-packages/airflow/example_dags/example_branch_python_dop_operator_3.py
[2024-07-19T06:30:18.474+0000] {processor.py:840} INFO - DAG(s) 'example_branch_dop_operator_v3' retrieved from /home/airflow/.local/lib/python3.12/site-packages/airflow/example_dags/example_branch_python_dop_operator_3.py
[2024-07-19T06:30:18.499+0000] {logging_mixin.py:188} INFO - [2024-07-19T06:30:18.499+0000] {dag.py:3089} INFO - Sync 1 DAGs
[2024-07-19T06:30:18.529+0000] {logging_mixin.py:188} INFO - [2024-07-19T06:30:18.529+0000] {dag.py:3947} INFO - Setting next_dagrun for example_branch_dop_operator_v3 to 2024-07-19 06:29:00+00:00, run_after=2024-07-19 06:30:00+00:00
[2024-07-19T06:30:18.554+0000] {processor.py:183} INFO - Processing /home/airflow/.local/lib/python3.12/site-packages/airflow/example_dags/example_branch_python_dop_operator_3.py took 0.100 seconds
[2024-07-19T06:30:48.689+0000] {processor.py:161} INFO - Started process (PID=8456) to work on /home/airflow/.local/lib/python3.12/site-packages/airflow/example_dags/example_branch_python_dop_operator_3.py
[2024-07-19T06:30:48.691+0000] {processor.py:830} INFO - Processing file /home/airflow/.local/lib/python3.12/site-packages/airflow/example_dags/example_branch_python_dop_operator_3.py for tasks to queue
[2024-07-19T06:30:48.692+0000] {logging_mixin.py:188} INFO - [2024-07-19T06:30:48.692+0000] {dagbag.py:545} INFO - Filling up the DagBag from /home/airflow/.local/lib/python3.12/site-packages/airflow/example_dags/example_branch_python_dop_operator_3.py
[2024-07-19T06:30:48.704+0000] {processor.py:840} INFO - DAG(s) 'example_branch_dop_operator_v3' retrieved from /home/airflow/.local/lib/python3.12/site-packages/airflow/example_dags/example_branch_python_dop_operator_3.py
[2024-07-19T06:30:48.736+0000] {logging_mixin.py:188} INFO - [2024-07-19T06:30:48.735+0000] {dag.py:3089} INFO - Sync 1 DAGs
[2024-07-19T06:30:48.768+0000] {logging_mixin.py:188} INFO - [2024-07-19T06:30:48.768+0000] {dag.py:3947} INFO - Setting next_dagrun for example_branch_dop_operator_v3 to 2024-07-19 06:29:00+00:00, run_after=2024-07-19 06:30:00+00:00
[2024-07-19T06:30:48.791+0000] {processor.py:183} INFO - Processing /home/airflow/.local/lib/python3.12/site-packages/airflow/example_dags/example_branch_python_dop_operator_3.py took 0.110 seconds
[2024-07-19T06:31:19.040+0000] {processor.py:161} INFO - Started process (PID=8516) to work on /home/airflow/.local/lib/python3.12/site-packages/airflow/example_dags/example_branch_python_dop_operator_3.py
[2024-07-19T06:31:19.042+0000] {processor.py:830} INFO - Processing file /home/airflow/.local/lib/python3.12/site-packages/airflow/example_dags/example_branch_python_dop_operator_3.py for tasks to queue
[2024-07-19T06:31:19.044+0000] {logging_mixin.py:188} INFO - [2024-07-19T06:31:19.043+0000] {dagbag.py:545} INFO - Filling up the DagBag from /home/airflow/.local/lib/python3.12/site-packages/airflow/example_dags/example_branch_python_dop_operator_3.py
[2024-07-19T06:31:19.056+0000] {processor.py:840} INFO - DAG(s) 'example_branch_dop_operator_v3' retrieved from /home/airflow/.local/lib/python3.12/site-packages/airflow/example_dags/example_branch_python_dop_operator_3.py
[2024-07-19T06:31:19.090+0000] {logging_mixin.py:188} INFO - [2024-07-19T06:31:19.090+0000] {dag.py:3089} INFO - Sync 1 DAGs
[2024-07-19T06:31:19.125+0000] {logging_mixin.py:188} INFO - [2024-07-19T06:31:19.125+0000] {dag.py:3947} INFO - Setting next_dagrun for example_branch_dop_operator_v3 to 2024-07-19 06:30:00+00:00, run_after=2024-07-19 06:31:00+00:00
[2024-07-19T06:31:19.152+0000] {processor.py:183} INFO - Processing /home/airflow/.local/lib/python3.12/site-packages/airflow/example_dags/example_branch_python_dop_operator_3.py took 0.120 seconds
[2024-07-19T06:31:49.363+0000] {processor.py:161} INFO - Started process (PID=8575) to work on /home/airflow/.local/lib/python3.12/site-packages/airflow/example_dags/example_branch_python_dop_operator_3.py
[2024-07-19T06:31:49.365+0000] {processor.py:830} INFO - Processing file /home/airflow/.local/lib/python3.12/site-packages/airflow/example_dags/example_branch_python_dop_operator_3.py for tasks to queue
[2024-07-19T06:31:49.366+0000] {logging_mixin.py:188} INFO - [2024-07-19T06:31:49.366+0000] {dagbag.py:545} INFO - Filling up the DagBag from /home/airflow/.local/lib/python3.12/site-packages/airflow/example_dags/example_branch_python_dop_operator_3.py
[2024-07-19T06:31:49.381+0000] {processor.py:840} INFO - DAG(s) 'example_branch_dop_operator_v3' retrieved from /home/airflow/.local/lib/python3.12/site-packages/airflow/example_dags/example_branch_python_dop_operator_3.py
[2024-07-19T06:31:49.408+0000] {logging_mixin.py:188} INFO - [2024-07-19T06:31:49.408+0000] {dag.py:3089} INFO - Sync 1 DAGs
[2024-07-19T06:31:49.438+0000] {logging_mixin.py:188} INFO - [2024-07-19T06:31:49.438+0000] {dag.py:3947} INFO - Setting next_dagrun for example_branch_dop_operator_v3 to 2024-07-19 06:30:00+00:00, run_after=2024-07-19 06:31:00+00:00
[2024-07-19T06:31:49.459+0000] {processor.py:183} INFO - Processing /home/airflow/.local/lib/python3.12/site-packages/airflow/example_dags/example_branch_python_dop_operator_3.py took 0.103 seconds
[2024-07-19T06:32:20.211+0000] {processor.py:161} INFO - Started process (PID=8636) to work on /home/airflow/.local/lib/python3.12/site-packages/airflow/example_dags/example_branch_python_dop_operator_3.py
[2024-07-19T06:32:20.213+0000] {processor.py:830} INFO - Processing file /home/airflow/.local/lib/python3.12/site-packages/airflow/example_dags/example_branch_python_dop_operator_3.py for tasks to queue
[2024-07-19T06:32:20.214+0000] {logging_mixin.py:188} INFO - [2024-07-19T06:32:20.214+0000] {dagbag.py:545} INFO - Filling up the DagBag from /home/airflow/.local/lib/python3.12/site-packages/airflow/example_dags/example_branch_python_dop_operator_3.py
[2024-07-19T06:32:20.225+0000] {processor.py:840} INFO - DAG(s) 'example_branch_dop_operator_v3' retrieved from /home/airflow/.local/lib/python3.12/site-packages/airflow/example_dags/example_branch_python_dop_operator_3.py
[2024-07-19T06:32:20.254+0000] {logging_mixin.py:188} INFO - [2024-07-19T06:32:20.254+0000] {dag.py:3089} INFO - Sync 1 DAGs
[2024-07-19T06:32:20.287+0000] {logging_mixin.py:188} INFO - [2024-07-19T06:32:20.286+0000] {dag.py:3947} INFO - Setting next_dagrun for example_branch_dop_operator_v3 to 2024-07-19 06:31:00+00:00, run_after=2024-07-19 06:32:00+00:00
[2024-07-19T06:32:20.313+0000] {processor.py:183} INFO - Processing /home/airflow/.local/lib/python3.12/site-packages/airflow/example_dags/example_branch_python_dop_operator_3.py took 0.110 seconds
[2024-07-19T06:32:51.215+0000] {processor.py:161} INFO - Started process (PID=8696) to work on /home/airflow/.local/lib/python3.12/site-packages/airflow/example_dags/example_branch_python_dop_operator_3.py
[2024-07-19T06:32:51.216+0000] {processor.py:830} INFO - Processing file /home/airflow/.local/lib/python3.12/site-packages/airflow/example_dags/example_branch_python_dop_operator_3.py for tasks to queue
[2024-07-19T06:32:51.218+0000] {logging_mixin.py:188} INFO - [2024-07-19T06:32:51.218+0000] {dagbag.py:545} INFO - Filling up the DagBag from /home/airflow/.local/lib/python3.12/site-packages/airflow/example_dags/example_branch_python_dop_operator_3.py
[2024-07-19T06:32:51.229+0000] {processor.py:840} INFO - DAG(s) 'example_branch_dop_operator_v3' retrieved from /home/airflow/.local/lib/python3.12/site-packages/airflow/example_dags/example_branch_python_dop_operator_3.py
[2024-07-19T06:32:51.257+0000] {logging_mixin.py:188} INFO - [2024-07-19T06:32:51.256+0000] {dag.py:3089} INFO - Sync 1 DAGs
[2024-07-19T06:32:51.287+0000] {logging_mixin.py:188} INFO - [2024-07-19T06:32:51.287+0000] {dag.py:3947} INFO - Setting next_dagrun for example_branch_dop_operator_v3 to 2024-07-19 06:31:00+00:00, run_after=2024-07-19 06:32:00+00:00
[2024-07-19T06:32:51.364+0000] {processor.py:183} INFO - Processing /home/airflow/.local/lib/python3.12/site-packages/airflow/example_dags/example_branch_python_dop_operator_3.py took 0.156 seconds
[2024-07-19T06:33:22.403+0000] {processor.py:161} INFO - Started process (PID=8756) to work on /home/airflow/.local/lib/python3.12/site-packages/airflow/example_dags/example_branch_python_dop_operator_3.py
[2024-07-19T06:33:22.406+0000] {processor.py:830} INFO - Processing file /home/airflow/.local/lib/python3.12/site-packages/airflow/example_dags/example_branch_python_dop_operator_3.py for tasks to queue
[2024-07-19T06:33:22.408+0000] {logging_mixin.py:188} INFO - [2024-07-19T06:33:22.408+0000] {dagbag.py:545} INFO - Filling up the DagBag from /home/airflow/.local/lib/python3.12/site-packages/airflow/example_dags/example_branch_python_dop_operator_3.py
[2024-07-19T06:33:22.421+0000] {processor.py:840} INFO - DAG(s) 'example_branch_dop_operator_v3' retrieved from /home/airflow/.local/lib/python3.12/site-packages/airflow/example_dags/example_branch_python_dop_operator_3.py
[2024-07-19T06:33:22.447+0000] {logging_mixin.py:188} INFO - [2024-07-19T06:33:22.447+0000] {dag.py:3089} INFO - Sync 1 DAGs
[2024-07-19T06:33:22.480+0000] {logging_mixin.py:188} INFO - [2024-07-19T06:33:22.479+0000] {dag.py:3947} INFO - Setting next_dagrun for example_branch_dop_operator_v3 to 2024-07-19 06:32:00+00:00, run_after=2024-07-19 06:33:00+00:00
[2024-07-19T06:33:22.502+0000] {processor.py:183} INFO - Processing /home/airflow/.local/lib/python3.12/site-packages/airflow/example_dags/example_branch_python_dop_operator_3.py took 0.107 seconds
[2024-07-19T06:33:52.877+0000] {processor.py:161} INFO - Started process (PID=8816) to work on /home/airflow/.local/lib/python3.12/site-packages/airflow/example_dags/example_branch_python_dop_operator_3.py
[2024-07-19T06:33:52.879+0000] {processor.py:830} INFO - Processing file /home/airflow/.local/lib/python3.12/site-packages/airflow/example_dags/example_branch_python_dop_operator_3.py for tasks to queue
[2024-07-19T06:33:52.880+0000] {logging_mixin.py:188} INFO - [2024-07-19T06:33:52.880+0000] {dagbag.py:545} INFO - Filling up the DagBag from /home/airflow/.local/lib/python3.12/site-packages/airflow/example_dags/example_branch_python_dop_operator_3.py
[2024-07-19T06:33:52.890+0000] {processor.py:840} INFO - DAG(s) 'example_branch_dop_operator_v3' retrieved from /home/airflow/.local/lib/python3.12/site-packages/airflow/example_dags/example_branch_python_dop_operator_3.py
[2024-07-19T06:33:52.915+0000] {logging_mixin.py:188} INFO - [2024-07-19T06:33:52.915+0000] {dag.py:3089} INFO - Sync 1 DAGs
[2024-07-19T06:33:52.942+0000] {logging_mixin.py:188} INFO - [2024-07-19T06:33:52.942+0000] {dag.py:3947} INFO - Setting next_dagrun for example_branch_dop_operator_v3 to 2024-07-19 06:32:00+00:00, run_after=2024-07-19 06:33:00+00:00
[2024-07-19T06:33:52.963+0000] {processor.py:183} INFO - Processing /home/airflow/.local/lib/python3.12/site-packages/airflow/example_dags/example_branch_python_dop_operator_3.py took 0.093 seconds
[2024-07-19T06:34:23.237+0000] {processor.py:161} INFO - Started process (PID=8876) to work on /home/airflow/.local/lib/python3.12/site-packages/airflow/example_dags/example_branch_python_dop_operator_3.py
[2024-07-19T06:34:23.239+0000] {processor.py:830} INFO - Processing file /home/airflow/.local/lib/python3.12/site-packages/airflow/example_dags/example_branch_python_dop_operator_3.py for tasks to queue
[2024-07-19T06:34:23.240+0000] {logging_mixin.py:188} INFO - [2024-07-19T06:34:23.240+0000] {dagbag.py:545} INFO - Filling up the DagBag from /home/airflow/.local/lib/python3.12/site-packages/airflow/example_dags/example_branch_python_dop_operator_3.py
[2024-07-19T06:34:23.250+0000] {processor.py:840} INFO - DAG(s) 'example_branch_dop_operator_v3' retrieved from /home/airflow/.local/lib/python3.12/site-packages/airflow/example_dags/example_branch_python_dop_operator_3.py
[2024-07-19T06:34:23.275+0000] {logging_mixin.py:188} INFO - [2024-07-19T06:34:23.274+0000] {dag.py:3089} INFO - Sync 1 DAGs
[2024-07-19T06:34:23.303+0000] {logging_mixin.py:188} INFO - [2024-07-19T06:34:23.302+0000] {dag.py:3947} INFO - Setting next_dagrun for example_branch_dop_operator_v3 to 2024-07-19 06:33:00+00:00, run_after=2024-07-19 06:34:00+00:00
[2024-07-19T06:34:23.327+0000] {processor.py:183} INFO - Processing /home/airflow/.local/lib/python3.12/site-packages/airflow/example_dags/example_branch_python_dop_operator_3.py took 0.096 seconds
[2024-07-19T06:34:53.499+0000] {processor.py:161} INFO - Started process (PID=8935) to work on /home/airflow/.local/lib/python3.12/site-packages/airflow/example_dags/example_branch_python_dop_operator_3.py
[2024-07-19T06:34:53.501+0000] {processor.py:830} INFO - Processing file /home/airflow/.local/lib/python3.12/site-packages/airflow/example_dags/example_branch_python_dop_operator_3.py for tasks to queue
[2024-07-19T06:34:53.502+0000] {logging_mixin.py:188} INFO - [2024-07-19T06:34:53.502+0000] {dagbag.py:545} INFO - Filling up the DagBag from /home/airflow/.local/lib/python3.12/site-packages/airflow/example_dags/example_branch_python_dop_operator_3.py
[2024-07-19T06:34:53.513+0000] {processor.py:840} INFO - DAG(s) 'example_branch_dop_operator_v3' retrieved from /home/airflow/.local/lib/python3.12/site-packages/airflow/example_dags/example_branch_python_dop_operator_3.py
[2024-07-19T06:34:53.538+0000] {logging_mixin.py:188} INFO - [2024-07-19T06:34:53.538+0000] {dag.py:3089} INFO - Sync 1 DAGs
[2024-07-19T06:34:53.567+0000] {logging_mixin.py:188} INFO - [2024-07-19T06:34:53.566+0000] {dag.py:3947} INFO - Setting next_dagrun for example_branch_dop_operator_v3 to 2024-07-19 06:33:00+00:00, run_after=2024-07-19 06:34:00+00:00
[2024-07-19T06:34:53.587+0000] {processor.py:183} INFO - Processing /home/airflow/.local/lib/python3.12/site-packages/airflow/example_dags/example_branch_python_dop_operator_3.py took 0.095 seconds
[2024-07-19T06:35:24.129+0000] {processor.py:161} INFO - Started process (PID=8995) to work on /home/airflow/.local/lib/python3.12/site-packages/airflow/example_dags/example_branch_python_dop_operator_3.py
[2024-07-19T06:35:24.131+0000] {processor.py:830} INFO - Processing file /home/airflow/.local/lib/python3.12/site-packages/airflow/example_dags/example_branch_python_dop_operator_3.py for tasks to queue
[2024-07-19T06:35:24.132+0000] {logging_mixin.py:188} INFO - [2024-07-19T06:35:24.132+0000] {dagbag.py:545} INFO - Filling up the DagBag from /home/airflow/.local/lib/python3.12/site-packages/airflow/example_dags/example_branch_python_dop_operator_3.py
[2024-07-19T06:35:24.143+0000] {processor.py:840} INFO - DAG(s) 'example_branch_dop_operator_v3' retrieved from /home/airflow/.local/lib/python3.12/site-packages/airflow/example_dags/example_branch_python_dop_operator_3.py
[2024-07-19T06:35:24.171+0000] {logging_mixin.py:188} INFO - [2024-07-19T06:35:24.170+0000] {dag.py:3089} INFO - Sync 1 DAGs
[2024-07-19T06:35:24.202+0000] {logging_mixin.py:188} INFO - [2024-07-19T06:35:24.202+0000] {dag.py:3947} INFO - Setting next_dagrun for example_branch_dop_operator_v3 to 2024-07-19 06:34:00+00:00, run_after=2024-07-19 06:35:00+00:00
[2024-07-19T06:35:24.227+0000] {processor.py:183} INFO - Processing /home/airflow/.local/lib/python3.12/site-packages/airflow/example_dags/example_branch_python_dop_operator_3.py took 0.105 seconds
[2024-07-19T06:35:54.455+0000] {processor.py:161} INFO - Started process (PID=9055) to work on /home/airflow/.local/lib/python3.12/site-packages/airflow/example_dags/example_branch_python_dop_operator_3.py
[2024-07-19T06:35:54.456+0000] {processor.py:830} INFO - Processing file /home/airflow/.local/lib/python3.12/site-packages/airflow/example_dags/example_branch_python_dop_operator_3.py for tasks to queue
[2024-07-19T06:35:54.457+0000] {logging_mixin.py:188} INFO - [2024-07-19T06:35:54.457+0000] {dagbag.py:545} INFO - Filling up the DagBag from /home/airflow/.local/lib/python3.12/site-packages/airflow/example_dags/example_branch_python_dop_operator_3.py
[2024-07-19T06:35:54.466+0000] {processor.py:840} INFO - DAG(s) 'example_branch_dop_operator_v3' retrieved from /home/airflow/.local/lib/python3.12/site-packages/airflow/example_dags/example_branch_python_dop_operator_3.py
[2024-07-19T06:35:54.491+0000] {logging_mixin.py:188} INFO - [2024-07-19T06:35:54.491+0000] {dag.py:3089} INFO - Sync 1 DAGs
[2024-07-19T06:35:54.518+0000] {logging_mixin.py:188} INFO - [2024-07-19T06:35:54.518+0000] {dag.py:3947} INFO - Setting next_dagrun for example_branch_dop_operator_v3 to 2024-07-19 06:34:00+00:00, run_after=2024-07-19 06:35:00+00:00
[2024-07-19T06:35:54.538+0000] {processor.py:183} INFO - Processing /home/airflow/.local/lib/python3.12/site-packages/airflow/example_dags/example_branch_python_dop_operator_3.py took 0.090 seconds
[2024-07-19T06:36:24.687+0000] {processor.py:161} INFO - Started process (PID=9115) to work on /home/airflow/.local/lib/python3.12/site-packages/airflow/example_dags/example_branch_python_dop_operator_3.py
[2024-07-19T06:36:24.688+0000] {processor.py:830} INFO - Processing file /home/airflow/.local/lib/python3.12/site-packages/airflow/example_dags/example_branch_python_dop_operator_3.py for tasks to queue
[2024-07-19T06:36:24.690+0000] {logging_mixin.py:188} INFO - [2024-07-19T06:36:24.690+0000] {dagbag.py:545} INFO - Filling up the DagBag from /home/airflow/.local/lib/python3.12/site-packages/airflow/example_dags/example_branch_python_dop_operator_3.py
[2024-07-19T06:36:24.703+0000] {processor.py:840} INFO - DAG(s) 'example_branch_dop_operator_v3' retrieved from /home/airflow/.local/lib/python3.12/site-packages/airflow/example_dags/example_branch_python_dop_operator_3.py
[2024-07-19T06:36:24.737+0000] {logging_mixin.py:188} INFO - [2024-07-19T06:36:24.737+0000] {dag.py:3089} INFO - Sync 1 DAGs
[2024-07-19T06:36:24.778+0000] {logging_mixin.py:188} INFO - [2024-07-19T06:36:24.778+0000] {dag.py:3947} INFO - Setting next_dagrun for example_branch_dop_operator_v3 to 2024-07-19 06:35:00+00:00, run_after=2024-07-19 06:36:00+00:00
[2024-07-19T06:36:24.815+0000] {processor.py:183} INFO - Processing /home/airflow/.local/lib/python3.12/site-packages/airflow/example_dags/example_branch_python_dop_operator_3.py took 0.137 seconds
[2024-07-19T06:36:55.627+0000] {processor.py:161} INFO - Started process (PID=9175) to work on /home/airflow/.local/lib/python3.12/site-packages/airflow/example_dags/example_branch_python_dop_operator_3.py
[2024-07-19T06:36:55.629+0000] {processor.py:830} INFO - Processing file /home/airflow/.local/lib/python3.12/site-packages/airflow/example_dags/example_branch_python_dop_operator_3.py for tasks to queue
[2024-07-19T06:36:55.631+0000] {logging_mixin.py:188} INFO - [2024-07-19T06:36:55.630+0000] {dagbag.py:545} INFO - Filling up the DagBag from /home/airflow/.local/lib/python3.12/site-packages/airflow/example_dags/example_branch_python_dop_operator_3.py
[2024-07-19T06:36:55.644+0000] {processor.py:840} INFO - DAG(s) 'example_branch_dop_operator_v3' retrieved from /home/airflow/.local/lib/python3.12/site-packages/airflow/example_dags/example_branch_python_dop_operator_3.py
[2024-07-19T06:36:55.678+0000] {logging_mixin.py:188} INFO - [2024-07-19T06:36:55.678+0000] {dag.py:3089} INFO - Sync 1 DAGs
[2024-07-19T06:36:55.729+0000] {logging_mixin.py:188} INFO - [2024-07-19T06:36:55.729+0000] {dag.py:3947} INFO - Setting next_dagrun for example_branch_dop_operator_v3 to 2024-07-19 06:35:00+00:00, run_after=2024-07-19 06:36:00+00:00
[2024-07-19T06:36:55.760+0000] {processor.py:183} INFO - Processing /home/airflow/.local/lib/python3.12/site-packages/airflow/example_dags/example_branch_python_dop_operator_3.py took 0.143 seconds
[2024-07-19T06:37:25.962+0000] {processor.py:161} INFO - Started process (PID=9235) to work on /home/airflow/.local/lib/python3.12/site-packages/airflow/example_dags/example_branch_python_dop_operator_3.py
[2024-07-19T06:37:25.963+0000] {processor.py:830} INFO - Processing file /home/airflow/.local/lib/python3.12/site-packages/airflow/example_dags/example_branch_python_dop_operator_3.py for tasks to queue
[2024-07-19T06:37:25.964+0000] {logging_mixin.py:188} INFO - [2024-07-19T06:37:25.964+0000] {dagbag.py:545} INFO - Filling up the DagBag from /home/airflow/.local/lib/python3.12/site-packages/airflow/example_dags/example_branch_python_dop_operator_3.py
[2024-07-19T06:37:25.974+0000] {processor.py:840} INFO - DAG(s) 'example_branch_dop_operator_v3' retrieved from /home/airflow/.local/lib/python3.12/site-packages/airflow/example_dags/example_branch_python_dop_operator_3.py
[2024-07-19T06:37:26.001+0000] {logging_mixin.py:188} INFO - [2024-07-19T06:37:26.000+0000] {dag.py:3089} INFO - Sync 1 DAGs
[2024-07-19T06:37:26.317+0000] {logging_mixin.py:188} INFO - [2024-07-19T06:37:26.316+0000] {dag.py:3947} INFO - Setting next_dagrun for example_branch_dop_operator_v3 to 2024-07-19 06:36:00+00:00, run_after=2024-07-19 06:37:00+00:00
[2024-07-19T06:37:26.401+0000] {processor.py:183} INFO - Processing /home/airflow/.local/lib/python3.12/site-packages/airflow/example_dags/example_branch_python_dop_operator_3.py took 0.446 seconds
[2024-07-19T06:37:56.544+0000] {processor.py:161} INFO - Started process (PID=9295) to work on /home/airflow/.local/lib/python3.12/site-packages/airflow/example_dags/example_branch_python_dop_operator_3.py
[2024-07-19T06:37:56.546+0000] {processor.py:830} INFO - Processing file /home/airflow/.local/lib/python3.12/site-packages/airflow/example_dags/example_branch_python_dop_operator_3.py for tasks to queue
[2024-07-19T06:37:56.547+0000] {logging_mixin.py:188} INFO - [2024-07-19T06:37:56.547+0000] {dagbag.py:545} INFO - Filling up the DagBag from /home/airflow/.local/lib/python3.12/site-packages/airflow/example_dags/example_branch_python_dop_operator_3.py
[2024-07-19T06:37:56.557+0000] {processor.py:840} INFO - DAG(s) 'example_branch_dop_operator_v3' retrieved from /home/airflow/.local/lib/python3.12/site-packages/airflow/example_dags/example_branch_python_dop_operator_3.py
[2024-07-19T06:37:56.581+0000] {logging_mixin.py:188} INFO - [2024-07-19T06:37:56.581+0000] {dag.py:3089} INFO - Sync 1 DAGs
[2024-07-19T06:37:56.856+0000] {logging_mixin.py:188} INFO - [2024-07-19T06:37:56.856+0000] {dag.py:3947} INFO - Setting next_dagrun for example_branch_dop_operator_v3 to 2024-07-19 06:36:00+00:00, run_after=2024-07-19 06:37:00+00:00
[2024-07-19T06:37:56.890+0000] {processor.py:183} INFO - Processing /home/airflow/.local/lib/python3.12/site-packages/airflow/example_dags/example_branch_python_dop_operator_3.py took 0.353 seconds
[2024-07-19T06:38:27.245+0000] {processor.py:161} INFO - Started process (PID=9355) to work on /home/airflow/.local/lib/python3.12/site-packages/airflow/example_dags/example_branch_python_dop_operator_3.py
[2024-07-19T06:38:27.247+0000] {processor.py:830} INFO - Processing file /home/airflow/.local/lib/python3.12/site-packages/airflow/example_dags/example_branch_python_dop_operator_3.py for tasks to queue
[2024-07-19T06:38:27.249+0000] {logging_mixin.py:188} INFO - [2024-07-19T06:38:27.248+0000] {dagbag.py:545} INFO - Filling up the DagBag from /home/airflow/.local/lib/python3.12/site-packages/airflow/example_dags/example_branch_python_dop_operator_3.py
[2024-07-19T06:38:27.261+0000] {processor.py:840} INFO - DAG(s) 'example_branch_dop_operator_v3' retrieved from /home/airflow/.local/lib/python3.12/site-packages/airflow/example_dags/example_branch_python_dop_operator_3.py
[2024-07-19T06:38:27.292+0000] {logging_mixin.py:188} INFO - [2024-07-19T06:38:27.291+0000] {dag.py:3089} INFO - Sync 1 DAGs
[2024-07-19T06:38:27.324+0000] {logging_mixin.py:188} INFO - [2024-07-19T06:38:27.324+0000] {dag.py:3947} INFO - Setting next_dagrun for example_branch_dop_operator_v3 to 2024-07-19 06:37:00+00:00, run_after=2024-07-19 06:38:00+00:00
[2024-07-19T06:38:27.350+0000] {processor.py:183} INFO - Processing /home/airflow/.local/lib/python3.12/site-packages/airflow/example_dags/example_branch_python_dop_operator_3.py took 0.113 seconds
[2024-07-19T06:38:57.572+0000] {processor.py:161} INFO - Started process (PID=9415) to work on /home/airflow/.local/lib/python3.12/site-packages/airflow/example_dags/example_branch_python_dop_operator_3.py
[2024-07-19T06:38:57.574+0000] {processor.py:830} INFO - Processing file /home/airflow/.local/lib/python3.12/site-packages/airflow/example_dags/example_branch_python_dop_operator_3.py for tasks to queue
[2024-07-19T06:38:57.576+0000] {logging_mixin.py:188} INFO - [2024-07-19T06:38:57.575+0000] {dagbag.py:545} INFO - Filling up the DagBag from /home/airflow/.local/lib/python3.12/site-packages/airflow/example_dags/example_branch_python_dop_operator_3.py
[2024-07-19T06:38:57.589+0000] {processor.py:840} INFO - DAG(s) 'example_branch_dop_operator_v3' retrieved from /home/airflow/.local/lib/python3.12/site-packages/airflow/example_dags/example_branch_python_dop_operator_3.py
[2024-07-19T06:38:57.620+0000] {logging_mixin.py:188} INFO - [2024-07-19T06:38:57.619+0000] {dag.py:3089} INFO - Sync 1 DAGs
[2024-07-19T06:38:57.654+0000] {logging_mixin.py:188} INFO - [2024-07-19T06:38:57.653+0000] {dag.py:3947} INFO - Setting next_dagrun for example_branch_dop_operator_v3 to 2024-07-19 06:37:00+00:00, run_after=2024-07-19 06:38:00+00:00
[2024-07-19T06:38:57.681+0000] {processor.py:183} INFO - Processing /home/airflow/.local/lib/python3.12/site-packages/airflow/example_dags/example_branch_python_dop_operator_3.py took 0.119 seconds
