[2024-07-19T00:38:12.119+0000] {processor.py:161} INFO - Started process (PID=6065) to work on /home/airflow/.local/lib/python3.12/site-packages/airflow/example_dags/example_xcomargs.py
[2024-07-19T00:38:12.121+0000] {processor.py:830} INFO - Processing file /home/airflow/.local/lib/python3.12/site-packages/airflow/example_dags/example_xcomargs.py for tasks to queue
[2024-07-19T00:38:12.123+0000] {logging_mixin.py:188} INFO - [2024-07-19T00:38:12.122+0000] {dagbag.py:545} INFO - Filling up the DagBag from /home/airflow/.local/lib/python3.12/site-packages/airflow/example_dags/example_xcomargs.py
[2024-07-19T00:38:12.143+0000] {processor.py:840} INFO - DAG(s) 'example_xcom_args_with_operators', 'example_xcom_args' retrieved from /home/airflow/.local/lib/python3.12/site-packages/airflow/example_dags/example_xcomargs.py
[2024-07-19T00:38:12.210+0000] {logging_mixin.py:188} INFO - [2024-07-19T00:38:12.210+0000] {dag.py:3089} INFO - Sync 2 DAGs
[2024-07-19T00:38:12.239+0000] {logging_mixin.py:188} INFO - [2024-07-19T00:38:12.239+0000] {dag.py:3947} INFO - Setting next_dagrun for example_xcom_args to None, run_after=None
[2024-07-19T00:38:12.244+0000] {logging_mixin.py:188} INFO - [2024-07-19T00:38:12.244+0000] {dag.py:3947} INFO - Setting next_dagrun for example_xcom_args_with_operators to None, run_after=None
[2024-07-19T00:38:12.275+0000] {processor.py:183} INFO - Processing /home/airflow/.local/lib/python3.12/site-packages/airflow/example_dags/example_xcomargs.py took 0.166 seconds
[2024-07-19T02:38:36.002+0000] {processor.py:161} INFO - Started process (PID=6101) to work on /home/airflow/.local/lib/python3.12/site-packages/airflow/example_dags/example_xcomargs.py
[2024-07-19T02:38:36.003+0000] {processor.py:830} INFO - Processing file /home/airflow/.local/lib/python3.12/site-packages/airflow/example_dags/example_xcomargs.py for tasks to queue
[2024-07-19T02:38:36.005+0000] {logging_mixin.py:188} INFO - [2024-07-19T02:38:36.004+0000] {dagbag.py:545} INFO - Filling up the DagBag from /home/airflow/.local/lib/python3.12/site-packages/airflow/example_dags/example_xcomargs.py
[2024-07-19T02:38:36.018+0000] {processor.py:840} INFO - DAG(s) 'example_xcom_args_with_operators', 'example_xcom_args' retrieved from /home/airflow/.local/lib/python3.12/site-packages/airflow/example_dags/example_xcomargs.py
[2024-07-19T02:38:36.087+0000] {logging_mixin.py:188} INFO - [2024-07-19T02:38:36.086+0000] {dag.py:3089} INFO - Sync 2 DAGs
[2024-07-19T02:38:36.127+0000] {logging_mixin.py:188} INFO - [2024-07-19T02:38:36.127+0000] {dag.py:3947} INFO - Setting next_dagrun for example_xcom_args to None, run_after=None
[2024-07-19T02:38:36.134+0000] {logging_mixin.py:188} INFO - [2024-07-19T02:38:36.133+0000] {dag.py:3947} INFO - Setting next_dagrun for example_xcom_args_with_operators to None, run_after=None
[2024-07-19T02:38:36.162+0000] {processor.py:183} INFO - Processing /home/airflow/.local/lib/python3.12/site-packages/airflow/example_dags/example_xcomargs.py took 0.168 seconds
[2024-07-19T05:26:53.358+0000] {processor.py:161} INFO - Started process (PID=6167) to work on /home/airflow/.local/lib/python3.12/site-packages/airflow/example_dags/example_xcomargs.py
[2024-07-19T05:26:53.360+0000] {processor.py:830} INFO - Processing file /home/airflow/.local/lib/python3.12/site-packages/airflow/example_dags/example_xcomargs.py for tasks to queue
[2024-07-19T05:26:53.361+0000] {logging_mixin.py:188} INFO - [2024-07-19T05:26:53.361+0000] {dagbag.py:545} INFO - Filling up the DagBag from /home/airflow/.local/lib/python3.12/site-packages/airflow/example_dags/example_xcomargs.py
[2024-07-19T05:26:53.376+0000] {processor.py:840} INFO - DAG(s) 'example_xcom_args', 'example_xcom_args_with_operators' retrieved from /home/airflow/.local/lib/python3.12/site-packages/airflow/example_dags/example_xcomargs.py
[2024-07-19T05:26:53.410+0000] {logging_mixin.py:188} INFO - [2024-07-19T05:26:53.410+0000] {dag.py:3089} INFO - Sync 2 DAGs
[2024-07-19T05:26:53.444+0000] {logging_mixin.py:188} INFO - [2024-07-19T05:26:53.443+0000] {dag.py:3947} INFO - Setting next_dagrun for example_xcom_args to None, run_after=None
[2024-07-19T05:26:53.450+0000] {logging_mixin.py:188} INFO - [2024-07-19T05:26:53.449+0000] {dag.py:3947} INFO - Setting next_dagrun for example_xcom_args_with_operators to None, run_after=None
[2024-07-19T05:26:53.476+0000] {processor.py:183} INFO - Processing /home/airflow/.local/lib/python3.12/site-packages/airflow/example_dags/example_xcomargs.py took 0.125 seconds
[2024-07-19T06:11:57.923+0000] {processor.py:161} INFO - Started process (PID=6221) to work on /home/airflow/.local/lib/python3.12/site-packages/airflow/example_dags/example_xcomargs.py
[2024-07-19T06:11:57.924+0000] {processor.py:830} INFO - Processing file /home/airflow/.local/lib/python3.12/site-packages/airflow/example_dags/example_xcomargs.py for tasks to queue
[2024-07-19T06:11:57.926+0000] {logging_mixin.py:188} INFO - [2024-07-19T06:11:57.925+0000] {dagbag.py:545} INFO - Filling up the DagBag from /home/airflow/.local/lib/python3.12/site-packages/airflow/example_dags/example_xcomargs.py
[2024-07-19T06:11:57.937+0000] {processor.py:840} INFO - DAG(s) 'example_xcom_args', 'example_xcom_args_with_operators' retrieved from /home/airflow/.local/lib/python3.12/site-packages/airflow/example_dags/example_xcomargs.py
[2024-07-19T06:11:57.975+0000] {logging_mixin.py:188} INFO - [2024-07-19T06:11:57.974+0000] {dag.py:3089} INFO - Sync 2 DAGs
[2024-07-19T06:11:57.994+0000] {logging_mixin.py:188} INFO - [2024-07-19T06:11:57.993+0000] {dag.py:3947} INFO - Setting next_dagrun for example_xcom_args to None, run_after=None
[2024-07-19T06:11:57.999+0000] {logging_mixin.py:188} INFO - [2024-07-19T06:11:57.998+0000] {dag.py:3947} INFO - Setting next_dagrun for example_xcom_args_with_operators to None, run_after=None
[2024-07-19T06:11:58.021+0000] {processor.py:183} INFO - Processing /home/airflow/.local/lib/python3.12/site-packages/airflow/example_dags/example_xcomargs.py took 0.106 seconds
[2024-07-19T06:12:28.956+0000] {processor.py:161} INFO - Started process (PID=6281) to work on /home/airflow/.local/lib/python3.12/site-packages/airflow/example_dags/example_xcomargs.py
[2024-07-19T06:12:28.959+0000] {processor.py:830} INFO - Processing file /home/airflow/.local/lib/python3.12/site-packages/airflow/example_dags/example_xcomargs.py for tasks to queue
[2024-07-19T06:12:28.961+0000] {logging_mixin.py:188} INFO - [2024-07-19T06:12:28.961+0000] {dagbag.py:545} INFO - Filling up the DagBag from /home/airflow/.local/lib/python3.12/site-packages/airflow/example_dags/example_xcomargs.py
[2024-07-19T06:12:28.982+0000] {processor.py:840} INFO - DAG(s) 'example_xcom_args', 'example_xcom_args_with_operators' retrieved from /home/airflow/.local/lib/python3.12/site-packages/airflow/example_dags/example_xcomargs.py
[2024-07-19T06:12:29.024+0000] {logging_mixin.py:188} INFO - [2024-07-19T06:12:29.024+0000] {dag.py:3089} INFO - Sync 2 DAGs
[2024-07-19T06:12:29.043+0000] {logging_mixin.py:188} INFO - [2024-07-19T06:12:29.043+0000] {dag.py:3947} INFO - Setting next_dagrun for example_xcom_args to None, run_after=None
[2024-07-19T06:12:29.048+0000] {logging_mixin.py:188} INFO - [2024-07-19T06:12:29.048+0000] {dag.py:3947} INFO - Setting next_dagrun for example_xcom_args_with_operators to None, run_after=None
[2024-07-19T06:12:29.068+0000] {processor.py:183} INFO - Processing /home/airflow/.local/lib/python3.12/site-packages/airflow/example_dags/example_xcomargs.py took 0.123 seconds
[2024-07-19T06:12:59.132+0000] {processor.py:161} INFO - Started process (PID=6339) to work on /home/airflow/.local/lib/python3.12/site-packages/airflow/example_dags/example_xcomargs.py
[2024-07-19T06:12:59.133+0000] {processor.py:830} INFO - Processing file /home/airflow/.local/lib/python3.12/site-packages/airflow/example_dags/example_xcomargs.py for tasks to queue
[2024-07-19T06:12:59.134+0000] {logging_mixin.py:188} INFO - [2024-07-19T06:12:59.134+0000] {dagbag.py:545} INFO - Filling up the DagBag from /home/airflow/.local/lib/python3.12/site-packages/airflow/example_dags/example_xcomargs.py
[2024-07-19T06:12:59.147+0000] {processor.py:840} INFO - DAG(s) 'example_xcom_args_with_operators', 'example_xcom_args' retrieved from /home/airflow/.local/lib/python3.12/site-packages/airflow/example_dags/example_xcomargs.py
[2024-07-19T06:12:59.181+0000] {logging_mixin.py:188} INFO - [2024-07-19T06:12:59.181+0000] {dag.py:3089} INFO - Sync 2 DAGs
[2024-07-19T06:12:59.201+0000] {logging_mixin.py:188} INFO - [2024-07-19T06:12:59.200+0000] {dag.py:3947} INFO - Setting next_dagrun for example_xcom_args to None, run_after=None
[2024-07-19T06:12:59.209+0000] {logging_mixin.py:188} INFO - [2024-07-19T06:12:59.208+0000] {dag.py:3947} INFO - Setting next_dagrun for example_xcom_args_with_operators to None, run_after=None
[2024-07-19T06:12:59.242+0000] {processor.py:183} INFO - Processing /home/airflow/.local/lib/python3.12/site-packages/airflow/example_dags/example_xcomargs.py took 0.120 seconds
[2024-07-19T06:13:29.416+0000] {processor.py:161} INFO - Started process (PID=6399) to work on /home/airflow/.local/lib/python3.12/site-packages/airflow/example_dags/example_xcomargs.py
[2024-07-19T06:13:29.418+0000] {processor.py:830} INFO - Processing file /home/airflow/.local/lib/python3.12/site-packages/airflow/example_dags/example_xcomargs.py for tasks to queue
[2024-07-19T06:13:29.419+0000] {logging_mixin.py:188} INFO - [2024-07-19T06:13:29.419+0000] {dagbag.py:545} INFO - Filling up the DagBag from /home/airflow/.local/lib/python3.12/site-packages/airflow/example_dags/example_xcomargs.py
[2024-07-19T06:13:29.431+0000] {processor.py:840} INFO - DAG(s) 'example_xcom_args', 'example_xcom_args_with_operators' retrieved from /home/airflow/.local/lib/python3.12/site-packages/airflow/example_dags/example_xcomargs.py
[2024-07-19T06:13:29.467+0000] {logging_mixin.py:188} INFO - [2024-07-19T06:13:29.466+0000] {dag.py:3089} INFO - Sync 2 DAGs
[2024-07-19T06:13:29.485+0000] {logging_mixin.py:188} INFO - [2024-07-19T06:13:29.485+0000] {dag.py:3947} INFO - Setting next_dagrun for example_xcom_args to None, run_after=None
[2024-07-19T06:13:29.491+0000] {logging_mixin.py:188} INFO - [2024-07-19T06:13:29.490+0000] {dag.py:3947} INFO - Setting next_dagrun for example_xcom_args_with_operators to None, run_after=None
[2024-07-19T06:13:29.517+0000] {processor.py:183} INFO - Processing /home/airflow/.local/lib/python3.12/site-packages/airflow/example_dags/example_xcomargs.py took 0.109 seconds
[2024-07-19T06:13:59.996+0000] {processor.py:161} INFO - Started process (PID=6459) to work on /home/airflow/.local/lib/python3.12/site-packages/airflow/example_dags/example_xcomargs.py
[2024-07-19T06:13:59.998+0000] {processor.py:830} INFO - Processing file /home/airflow/.local/lib/python3.12/site-packages/airflow/example_dags/example_xcomargs.py for tasks to queue
[2024-07-19T06:14:00.000+0000] {logging_mixin.py:188} INFO - [2024-07-19T06:13:59.999+0000] {dagbag.py:545} INFO - Filling up the DagBag from /home/airflow/.local/lib/python3.12/site-packages/airflow/example_dags/example_xcomargs.py
[2024-07-19T06:14:00.015+0000] {processor.py:840} INFO - DAG(s) 'example_xcom_args_with_operators', 'example_xcom_args' retrieved from /home/airflow/.local/lib/python3.12/site-packages/airflow/example_dags/example_xcomargs.py
[2024-07-19T06:14:00.050+0000] {logging_mixin.py:188} INFO - [2024-07-19T06:14:00.050+0000] {dag.py:3089} INFO - Sync 2 DAGs
[2024-07-19T06:14:00.068+0000] {logging_mixin.py:188} INFO - [2024-07-19T06:14:00.068+0000] {dag.py:3947} INFO - Setting next_dagrun for example_xcom_args to None, run_after=None
[2024-07-19T06:14:00.073+0000] {logging_mixin.py:188} INFO - [2024-07-19T06:14:00.073+0000] {dag.py:3947} INFO - Setting next_dagrun for example_xcom_args_with_operators to None, run_after=None
[2024-07-19T06:14:00.100+0000] {processor.py:183} INFO - Processing /home/airflow/.local/lib/python3.12/site-packages/airflow/example_dags/example_xcomargs.py took 0.114 seconds
[2024-07-19T06:14:30.241+0000] {processor.py:161} INFO - Started process (PID=6519) to work on /home/airflow/.local/lib/python3.12/site-packages/airflow/example_dags/example_xcomargs.py
[2024-07-19T06:14:30.245+0000] {processor.py:830} INFO - Processing file /home/airflow/.local/lib/python3.12/site-packages/airflow/example_dags/example_xcomargs.py for tasks to queue
[2024-07-19T06:14:30.248+0000] {logging_mixin.py:188} INFO - [2024-07-19T06:14:30.247+0000] {dagbag.py:545} INFO - Filling up the DagBag from /home/airflow/.local/lib/python3.12/site-packages/airflow/example_dags/example_xcomargs.py
[2024-07-19T06:14:30.276+0000] {processor.py:840} INFO - DAG(s) 'example_xcom_args_with_operators', 'example_xcom_args' retrieved from /home/airflow/.local/lib/python3.12/site-packages/airflow/example_dags/example_xcomargs.py
[2024-07-19T06:14:30.336+0000] {logging_mixin.py:188} INFO - [2024-07-19T06:14:30.335+0000] {dag.py:3089} INFO - Sync 2 DAGs
[2024-07-19T06:14:30.373+0000] {logging_mixin.py:188} INFO - [2024-07-19T06:14:30.372+0000] {dag.py:3947} INFO - Setting next_dagrun for example_xcom_args to None, run_after=None
[2024-07-19T06:14:30.380+0000] {logging_mixin.py:188} INFO - [2024-07-19T06:14:30.379+0000] {dag.py:3947} INFO - Setting next_dagrun for example_xcom_args_with_operators to None, run_after=None
[2024-07-19T06:14:30.415+0000] {processor.py:183} INFO - Processing /home/airflow/.local/lib/python3.12/site-packages/airflow/example_dags/example_xcomargs.py took 0.187 seconds
[2024-07-19T06:15:00.484+0000] {processor.py:161} INFO - Started process (PID=6579) to work on /home/airflow/.local/lib/python3.12/site-packages/airflow/example_dags/example_xcomargs.py
[2024-07-19T06:15:00.486+0000] {processor.py:830} INFO - Processing file /home/airflow/.local/lib/python3.12/site-packages/airflow/example_dags/example_xcomargs.py for tasks to queue
[2024-07-19T06:15:00.488+0000] {logging_mixin.py:188} INFO - [2024-07-19T06:15:00.487+0000] {dagbag.py:545} INFO - Filling up the DagBag from /home/airflow/.local/lib/python3.12/site-packages/airflow/example_dags/example_xcomargs.py
[2024-07-19T06:15:00.502+0000] {processor.py:840} INFO - DAG(s) 'example_xcom_args_with_operators', 'example_xcom_args' retrieved from /home/airflow/.local/lib/python3.12/site-packages/airflow/example_dags/example_xcomargs.py
[2024-07-19T06:15:00.551+0000] {logging_mixin.py:188} INFO - [2024-07-19T06:15:00.551+0000] {dag.py:3089} INFO - Sync 2 DAGs
[2024-07-19T06:15:00.586+0000] {logging_mixin.py:188} INFO - [2024-07-19T06:15:00.586+0000] {dag.py:3947} INFO - Setting next_dagrun for example_xcom_args to None, run_after=None
[2024-07-19T06:15:00.593+0000] {logging_mixin.py:188} INFO - [2024-07-19T06:15:00.593+0000] {dag.py:3947} INFO - Setting next_dagrun for example_xcom_args_with_operators to None, run_after=None
[2024-07-19T06:15:00.653+0000] {processor.py:183} INFO - Processing /home/airflow/.local/lib/python3.12/site-packages/airflow/example_dags/example_xcomargs.py took 0.182 seconds
[2024-07-19T06:15:31.290+0000] {processor.py:161} INFO - Started process (PID=6639) to work on /home/airflow/.local/lib/python3.12/site-packages/airflow/example_dags/example_xcomargs.py
[2024-07-19T06:15:31.291+0000] {processor.py:830} INFO - Processing file /home/airflow/.local/lib/python3.12/site-packages/airflow/example_dags/example_xcomargs.py for tasks to queue
[2024-07-19T06:15:31.293+0000] {logging_mixin.py:188} INFO - [2024-07-19T06:15:31.293+0000] {dagbag.py:545} INFO - Filling up the DagBag from /home/airflow/.local/lib/python3.12/site-packages/airflow/example_dags/example_xcomargs.py
[2024-07-19T06:15:31.306+0000] {processor.py:840} INFO - DAG(s) 'example_xcom_args_with_operators', 'example_xcom_args' retrieved from /home/airflow/.local/lib/python3.12/site-packages/airflow/example_dags/example_xcomargs.py
[2024-07-19T06:15:31.339+0000] {logging_mixin.py:188} INFO - [2024-07-19T06:15:31.338+0000] {dag.py:3089} INFO - Sync 2 DAGs
[2024-07-19T06:15:31.357+0000] {logging_mixin.py:188} INFO - [2024-07-19T06:15:31.356+0000] {dag.py:3947} INFO - Setting next_dagrun for example_xcom_args to None, run_after=None
[2024-07-19T06:15:31.362+0000] {logging_mixin.py:188} INFO - [2024-07-19T06:15:31.362+0000] {dag.py:3947} INFO - Setting next_dagrun for example_xcom_args_with_operators to None, run_after=None
[2024-07-19T06:15:31.386+0000] {processor.py:183} INFO - Processing /home/airflow/.local/lib/python3.12/site-packages/airflow/example_dags/example_xcomargs.py took 0.105 seconds
[2024-07-19T06:16:01.913+0000] {processor.py:161} INFO - Started process (PID=6699) to work on /home/airflow/.local/lib/python3.12/site-packages/airflow/example_dags/example_xcomargs.py
[2024-07-19T06:16:01.915+0000] {processor.py:830} INFO - Processing file /home/airflow/.local/lib/python3.12/site-packages/airflow/example_dags/example_xcomargs.py for tasks to queue
[2024-07-19T06:16:01.916+0000] {logging_mixin.py:188} INFO - [2024-07-19T06:16:01.916+0000] {dagbag.py:545} INFO - Filling up the DagBag from /home/airflow/.local/lib/python3.12/site-packages/airflow/example_dags/example_xcomargs.py
[2024-07-19T06:16:01.928+0000] {processor.py:840} INFO - DAG(s) 'example_xcom_args_with_operators', 'example_xcom_args' retrieved from /home/airflow/.local/lib/python3.12/site-packages/airflow/example_dags/example_xcomargs.py
[2024-07-19T06:16:01.959+0000] {logging_mixin.py:188} INFO - [2024-07-19T06:16:01.959+0000] {dag.py:3089} INFO - Sync 2 DAGs
[2024-07-19T06:16:01.978+0000] {logging_mixin.py:188} INFO - [2024-07-19T06:16:01.978+0000] {dag.py:3947} INFO - Setting next_dagrun for example_xcom_args to None, run_after=None
[2024-07-19T06:16:01.983+0000] {logging_mixin.py:188} INFO - [2024-07-19T06:16:01.983+0000] {dag.py:3947} INFO - Setting next_dagrun for example_xcom_args_with_operators to None, run_after=None
[2024-07-19T06:16:02.011+0000] {processor.py:183} INFO - Processing /home/airflow/.local/lib/python3.12/site-packages/airflow/example_dags/example_xcomargs.py took 0.105 seconds
[2024-07-19T06:16:32.391+0000] {processor.py:161} INFO - Started process (PID=6759) to work on /home/airflow/.local/lib/python3.12/site-packages/airflow/example_dags/example_xcomargs.py
[2024-07-19T06:16:32.393+0000] {processor.py:830} INFO - Processing file /home/airflow/.local/lib/python3.12/site-packages/airflow/example_dags/example_xcomargs.py for tasks to queue
[2024-07-19T06:16:32.394+0000] {logging_mixin.py:188} INFO - [2024-07-19T06:16:32.394+0000] {dagbag.py:545} INFO - Filling up the DagBag from /home/airflow/.local/lib/python3.12/site-packages/airflow/example_dags/example_xcomargs.py
[2024-07-19T06:16:32.407+0000] {processor.py:840} INFO - DAG(s) 'example_xcom_args', 'example_xcom_args_with_operators' retrieved from /home/airflow/.local/lib/python3.12/site-packages/airflow/example_dags/example_xcomargs.py
[2024-07-19T06:16:32.438+0000] {logging_mixin.py:188} INFO - [2024-07-19T06:16:32.438+0000] {dag.py:3089} INFO - Sync 2 DAGs
[2024-07-19T06:16:32.456+0000] {logging_mixin.py:188} INFO - [2024-07-19T06:16:32.456+0000] {dag.py:3947} INFO - Setting next_dagrun for example_xcom_args to None, run_after=None
[2024-07-19T06:16:32.461+0000] {logging_mixin.py:188} INFO - [2024-07-19T06:16:32.460+0000] {dag.py:3947} INFO - Setting next_dagrun for example_xcom_args_with_operators to None, run_after=None
[2024-07-19T06:16:32.485+0000] {processor.py:183} INFO - Processing /home/airflow/.local/lib/python3.12/site-packages/airflow/example_dags/example_xcomargs.py took 0.102 seconds
[2024-07-19T06:17:02.684+0000] {processor.py:161} INFO - Started process (PID=6819) to work on /home/airflow/.local/lib/python3.12/site-packages/airflow/example_dags/example_xcomargs.py
[2024-07-19T06:17:02.685+0000] {processor.py:830} INFO - Processing file /home/airflow/.local/lib/python3.12/site-packages/airflow/example_dags/example_xcomargs.py for tasks to queue
[2024-07-19T06:17:02.687+0000] {logging_mixin.py:188} INFO - [2024-07-19T06:17:02.686+0000] {dagbag.py:545} INFO - Filling up the DagBag from /home/airflow/.local/lib/python3.12/site-packages/airflow/example_dags/example_xcomargs.py
[2024-07-19T06:17:02.698+0000] {processor.py:840} INFO - DAG(s) 'example_xcom_args', 'example_xcom_args_with_operators' retrieved from /home/airflow/.local/lib/python3.12/site-packages/airflow/example_dags/example_xcomargs.py
[2024-07-19T06:17:02.731+0000] {logging_mixin.py:188} INFO - [2024-07-19T06:17:02.730+0000] {dag.py:3089} INFO - Sync 2 DAGs
[2024-07-19T06:17:02.748+0000] {logging_mixin.py:188} INFO - [2024-07-19T06:17:02.747+0000] {dag.py:3947} INFO - Setting next_dagrun for example_xcom_args to None, run_after=None
[2024-07-19T06:17:02.752+0000] {logging_mixin.py:188} INFO - [2024-07-19T06:17:02.752+0000] {dag.py:3947} INFO - Setting next_dagrun for example_xcom_args_with_operators to None, run_after=None
[2024-07-19T06:17:02.776+0000] {processor.py:183} INFO - Processing /home/airflow/.local/lib/python3.12/site-packages/airflow/example_dags/example_xcomargs.py took 0.101 seconds
[2024-07-19T06:17:32.884+0000] {processor.py:161} INFO - Started process (PID=6879) to work on /home/airflow/.local/lib/python3.12/site-packages/airflow/example_dags/example_xcomargs.py
[2024-07-19T06:17:32.885+0000] {processor.py:830} INFO - Processing file /home/airflow/.local/lib/python3.12/site-packages/airflow/example_dags/example_xcomargs.py for tasks to queue
[2024-07-19T06:17:32.886+0000] {logging_mixin.py:188} INFO - [2024-07-19T06:17:32.886+0000] {dagbag.py:545} INFO - Filling up the DagBag from /home/airflow/.local/lib/python3.12/site-packages/airflow/example_dags/example_xcomargs.py
[2024-07-19T06:17:32.899+0000] {processor.py:840} INFO - DAG(s) 'example_xcom_args', 'example_xcom_args_with_operators' retrieved from /home/airflow/.local/lib/python3.12/site-packages/airflow/example_dags/example_xcomargs.py
[2024-07-19T06:17:32.931+0000] {logging_mixin.py:188} INFO - [2024-07-19T06:17:32.930+0000] {dag.py:3089} INFO - Sync 2 DAGs
[2024-07-19T06:17:32.948+0000] {logging_mixin.py:188} INFO - [2024-07-19T06:17:32.947+0000] {dag.py:3947} INFO - Setting next_dagrun for example_xcom_args to None, run_after=None
[2024-07-19T06:17:32.952+0000] {logging_mixin.py:188} INFO - [2024-07-19T06:17:32.952+0000] {dag.py:3947} INFO - Setting next_dagrun for example_xcom_args_with_operators to None, run_after=None
[2024-07-19T06:17:32.973+0000] {processor.py:183} INFO - Processing /home/airflow/.local/lib/python3.12/site-packages/airflow/example_dags/example_xcomargs.py took 0.097 seconds
[2024-07-19T06:18:03.203+0000] {processor.py:161} INFO - Started process (PID=6939) to work on /home/airflow/.local/lib/python3.12/site-packages/airflow/example_dags/example_xcomargs.py
[2024-07-19T06:18:03.204+0000] {processor.py:830} INFO - Processing file /home/airflow/.local/lib/python3.12/site-packages/airflow/example_dags/example_xcomargs.py for tasks to queue
[2024-07-19T06:18:03.206+0000] {logging_mixin.py:188} INFO - [2024-07-19T06:18:03.205+0000] {dagbag.py:545} INFO - Filling up the DagBag from /home/airflow/.local/lib/python3.12/site-packages/airflow/example_dags/example_xcomargs.py
[2024-07-19T06:18:03.218+0000] {processor.py:840} INFO - DAG(s) 'example_xcom_args_with_operators', 'example_xcom_args' retrieved from /home/airflow/.local/lib/python3.12/site-packages/airflow/example_dags/example_xcomargs.py
[2024-07-19T06:18:03.250+0000] {logging_mixin.py:188} INFO - [2024-07-19T06:18:03.250+0000] {dag.py:3089} INFO - Sync 2 DAGs
[2024-07-19T06:18:03.268+0000] {logging_mixin.py:188} INFO - [2024-07-19T06:18:03.268+0000] {dag.py:3947} INFO - Setting next_dagrun for example_xcom_args to None, run_after=None
[2024-07-19T06:18:03.272+0000] {logging_mixin.py:188} INFO - [2024-07-19T06:18:03.272+0000] {dag.py:3947} INFO - Setting next_dagrun for example_xcom_args_with_operators to None, run_after=None
[2024-07-19T06:18:03.293+0000] {processor.py:183} INFO - Processing /home/airflow/.local/lib/python3.12/site-packages/airflow/example_dags/example_xcomargs.py took 0.099 seconds
[2024-07-19T06:18:33.488+0000] {processor.py:161} INFO - Started process (PID=6999) to work on /home/airflow/.local/lib/python3.12/site-packages/airflow/example_dags/example_xcomargs.py
[2024-07-19T06:18:33.490+0000] {processor.py:830} INFO - Processing file /home/airflow/.local/lib/python3.12/site-packages/airflow/example_dags/example_xcomargs.py for tasks to queue
[2024-07-19T06:18:33.493+0000] {logging_mixin.py:188} INFO - [2024-07-19T06:18:33.492+0000] {dagbag.py:545} INFO - Filling up the DagBag from /home/airflow/.local/lib/python3.12/site-packages/airflow/example_dags/example_xcomargs.py
[2024-07-19T06:18:33.508+0000] {processor.py:840} INFO - DAG(s) 'example_xcom_args_with_operators', 'example_xcom_args' retrieved from /home/airflow/.local/lib/python3.12/site-packages/airflow/example_dags/example_xcomargs.py
[2024-07-19T06:18:33.551+0000] {logging_mixin.py:188} INFO - [2024-07-19T06:18:33.551+0000] {dag.py:3089} INFO - Sync 2 DAGs
[2024-07-19T06:18:33.575+0000] {logging_mixin.py:188} INFO - [2024-07-19T06:18:33.575+0000] {dag.py:3947} INFO - Setting next_dagrun for example_xcom_args to None, run_after=None
[2024-07-19T06:18:33.582+0000] {logging_mixin.py:188} INFO - [2024-07-19T06:18:33.581+0000] {dag.py:3947} INFO - Setting next_dagrun for example_xcom_args_with_operators to None, run_after=None
[2024-07-19T06:18:33.610+0000] {processor.py:183} INFO - Processing /home/airflow/.local/lib/python3.12/site-packages/airflow/example_dags/example_xcomargs.py took 0.136 seconds
[2024-07-19T06:19:03.830+0000] {processor.py:161} INFO - Started process (PID=7059) to work on /home/airflow/.local/lib/python3.12/site-packages/airflow/example_dags/example_xcomargs.py
[2024-07-19T06:19:03.832+0000] {processor.py:830} INFO - Processing file /home/airflow/.local/lib/python3.12/site-packages/airflow/example_dags/example_xcomargs.py for tasks to queue
[2024-07-19T06:19:03.833+0000] {logging_mixin.py:188} INFO - [2024-07-19T06:19:03.833+0000] {dagbag.py:545} INFO - Filling up the DagBag from /home/airflow/.local/lib/python3.12/site-packages/airflow/example_dags/example_xcomargs.py
[2024-07-19T06:19:03.845+0000] {processor.py:840} INFO - DAG(s) 'example_xcom_args', 'example_xcom_args_with_operators' retrieved from /home/airflow/.local/lib/python3.12/site-packages/airflow/example_dags/example_xcomargs.py
[2024-07-19T06:19:03.877+0000] {logging_mixin.py:188} INFO - [2024-07-19T06:19:03.877+0000] {dag.py:3089} INFO - Sync 2 DAGs
[2024-07-19T06:19:03.895+0000] {logging_mixin.py:188} INFO - [2024-07-19T06:19:03.894+0000] {dag.py:3947} INFO - Setting next_dagrun for example_xcom_args to None, run_after=None
[2024-07-19T06:19:03.900+0000] {logging_mixin.py:188} INFO - [2024-07-19T06:19:03.900+0000] {dag.py:3947} INFO - Setting next_dagrun for example_xcom_args_with_operators to None, run_after=None
[2024-07-19T06:19:03.922+0000] {processor.py:183} INFO - Processing /home/airflow/.local/lib/python3.12/site-packages/airflow/example_dags/example_xcomargs.py took 0.101 seconds
[2024-07-19T06:19:34.256+0000] {processor.py:161} INFO - Started process (PID=7119) to work on /home/airflow/.local/lib/python3.12/site-packages/airflow/example_dags/example_xcomargs.py
[2024-07-19T06:19:34.257+0000] {processor.py:830} INFO - Processing file /home/airflow/.local/lib/python3.12/site-packages/airflow/example_dags/example_xcomargs.py for tasks to queue
[2024-07-19T06:19:34.258+0000] {logging_mixin.py:188} INFO - [2024-07-19T06:19:34.258+0000] {dagbag.py:545} INFO - Filling up the DagBag from /home/airflow/.local/lib/python3.12/site-packages/airflow/example_dags/example_xcomargs.py
[2024-07-19T06:19:34.269+0000] {processor.py:840} INFO - DAG(s) 'example_xcom_args_with_operators', 'example_xcom_args' retrieved from /home/airflow/.local/lib/python3.12/site-packages/airflow/example_dags/example_xcomargs.py
[2024-07-19T06:19:34.300+0000] {logging_mixin.py:188} INFO - [2024-07-19T06:19:34.299+0000] {dag.py:3089} INFO - Sync 2 DAGs
[2024-07-19T06:19:34.317+0000] {logging_mixin.py:188} INFO - [2024-07-19T06:19:34.316+0000] {dag.py:3947} INFO - Setting next_dagrun for example_xcom_args to None, run_after=None
[2024-07-19T06:19:34.321+0000] {logging_mixin.py:188} INFO - [2024-07-19T06:19:34.321+0000] {dag.py:3947} INFO - Setting next_dagrun for example_xcom_args_with_operators to None, run_after=None
[2024-07-19T06:19:34.346+0000] {processor.py:183} INFO - Processing /home/airflow/.local/lib/python3.12/site-packages/airflow/example_dags/example_xcomargs.py took 0.098 seconds
[2024-07-19T06:20:04.752+0000] {processor.py:161} INFO - Started process (PID=7185) to work on /home/airflow/.local/lib/python3.12/site-packages/airflow/example_dags/example_xcomargs.py
[2024-07-19T06:20:04.754+0000] {processor.py:830} INFO - Processing file /home/airflow/.local/lib/python3.12/site-packages/airflow/example_dags/example_xcomargs.py for tasks to queue
[2024-07-19T06:20:04.756+0000] {logging_mixin.py:188} INFO - [2024-07-19T06:20:04.755+0000] {dagbag.py:545} INFO - Filling up the DagBag from /home/airflow/.local/lib/python3.12/site-packages/airflow/example_dags/example_xcomargs.py
[2024-07-19T06:20:04.769+0000] {processor.py:840} INFO - DAG(s) 'example_xcom_args', 'example_xcom_args_with_operators' retrieved from /home/airflow/.local/lib/python3.12/site-packages/airflow/example_dags/example_xcomargs.py
[2024-07-19T06:20:04.805+0000] {logging_mixin.py:188} INFO - [2024-07-19T06:20:04.804+0000] {dag.py:3089} INFO - Sync 2 DAGs
[2024-07-19T06:20:04.826+0000] {logging_mixin.py:188} INFO - [2024-07-19T06:20:04.826+0000] {dag.py:3947} INFO - Setting next_dagrun for example_xcom_args to None, run_after=None
[2024-07-19T06:20:04.831+0000] {logging_mixin.py:188} INFO - [2024-07-19T06:20:04.830+0000] {dag.py:3947} INFO - Setting next_dagrun for example_xcom_args_with_operators to None, run_after=None
[2024-07-19T06:20:04.853+0000] {processor.py:183} INFO - Processing /home/airflow/.local/lib/python3.12/site-packages/airflow/example_dags/example_xcomargs.py took 0.110 seconds
[2024-07-19T06:20:35.387+0000] {processor.py:161} INFO - Started process (PID=7245) to work on /home/airflow/.local/lib/python3.12/site-packages/airflow/example_dags/example_xcomargs.py
[2024-07-19T06:20:35.389+0000] {processor.py:830} INFO - Processing file /home/airflow/.local/lib/python3.12/site-packages/airflow/example_dags/example_xcomargs.py for tasks to queue
[2024-07-19T06:20:35.390+0000] {logging_mixin.py:188} INFO - [2024-07-19T06:20:35.390+0000] {dagbag.py:545} INFO - Filling up the DagBag from /home/airflow/.local/lib/python3.12/site-packages/airflow/example_dags/example_xcomargs.py
[2024-07-19T06:20:35.401+0000] {processor.py:840} INFO - DAG(s) 'example_xcom_args', 'example_xcom_args_with_operators' retrieved from /home/airflow/.local/lib/python3.12/site-packages/airflow/example_dags/example_xcomargs.py
[2024-07-19T06:20:35.433+0000] {logging_mixin.py:188} INFO - [2024-07-19T06:20:35.433+0000] {dag.py:3089} INFO - Sync 2 DAGs
[2024-07-19T06:20:35.450+0000] {logging_mixin.py:188} INFO - [2024-07-19T06:20:35.450+0000] {dag.py:3947} INFO - Setting next_dagrun for example_xcom_args to None, run_after=None
[2024-07-19T06:20:35.454+0000] {logging_mixin.py:188} INFO - [2024-07-19T06:20:35.454+0000] {dag.py:3947} INFO - Setting next_dagrun for example_xcom_args_with_operators to None, run_after=None
[2024-07-19T06:20:35.476+0000] {processor.py:183} INFO - Processing /home/airflow/.local/lib/python3.12/site-packages/airflow/example_dags/example_xcomargs.py took 0.097 seconds
[2024-07-19T06:21:05.916+0000] {processor.py:161} INFO - Started process (PID=7305) to work on /home/airflow/.local/lib/python3.12/site-packages/airflow/example_dags/example_xcomargs.py
[2024-07-19T06:21:05.918+0000] {processor.py:830} INFO - Processing file /home/airflow/.local/lib/python3.12/site-packages/airflow/example_dags/example_xcomargs.py for tasks to queue
[2024-07-19T06:21:05.920+0000] {logging_mixin.py:188} INFO - [2024-07-19T06:21:05.919+0000] {dagbag.py:545} INFO - Filling up the DagBag from /home/airflow/.local/lib/python3.12/site-packages/airflow/example_dags/example_xcomargs.py
[2024-07-19T06:21:05.933+0000] {processor.py:840} INFO - DAG(s) 'example_xcom_args_with_operators', 'example_xcom_args' retrieved from /home/airflow/.local/lib/python3.12/site-packages/airflow/example_dags/example_xcomargs.py
[2024-07-19T06:21:05.965+0000] {logging_mixin.py:188} INFO - [2024-07-19T06:21:05.964+0000] {dag.py:3089} INFO - Sync 2 DAGs
[2024-07-19T06:21:05.982+0000] {logging_mixin.py:188} INFO - [2024-07-19T06:21:05.982+0000] {dag.py:3947} INFO - Setting next_dagrun for example_xcom_args to None, run_after=None
[2024-07-19T06:21:05.986+0000] {logging_mixin.py:188} INFO - [2024-07-19T06:21:05.986+0000] {dag.py:3947} INFO - Setting next_dagrun for example_xcom_args_with_operators to None, run_after=None
[2024-07-19T06:21:06.007+0000] {processor.py:183} INFO - Processing /home/airflow/.local/lib/python3.12/site-packages/airflow/example_dags/example_xcomargs.py took 0.099 seconds
[2024-07-19T06:21:36.154+0000] {processor.py:161} INFO - Started process (PID=7365) to work on /home/airflow/.local/lib/python3.12/site-packages/airflow/example_dags/example_xcomargs.py
[2024-07-19T06:21:36.156+0000] {processor.py:830} INFO - Processing file /home/airflow/.local/lib/python3.12/site-packages/airflow/example_dags/example_xcomargs.py for tasks to queue
[2024-07-19T06:21:36.157+0000] {logging_mixin.py:188} INFO - [2024-07-19T06:21:36.157+0000] {dagbag.py:545} INFO - Filling up the DagBag from /home/airflow/.local/lib/python3.12/site-packages/airflow/example_dags/example_xcomargs.py
[2024-07-19T06:21:36.169+0000] {processor.py:840} INFO - DAG(s) 'example_xcom_args', 'example_xcom_args_with_operators' retrieved from /home/airflow/.local/lib/python3.12/site-packages/airflow/example_dags/example_xcomargs.py
[2024-07-19T06:21:36.203+0000] {logging_mixin.py:188} INFO - [2024-07-19T06:21:36.202+0000] {dag.py:3089} INFO - Sync 2 DAGs
[2024-07-19T06:21:36.220+0000] {logging_mixin.py:188} INFO - [2024-07-19T06:21:36.220+0000] {dag.py:3947} INFO - Setting next_dagrun for example_xcom_args to None, run_after=None
[2024-07-19T06:21:36.225+0000] {logging_mixin.py:188} INFO - [2024-07-19T06:21:36.224+0000] {dag.py:3947} INFO - Setting next_dagrun for example_xcom_args_with_operators to None, run_after=None
[2024-07-19T06:21:36.246+0000] {processor.py:183} INFO - Processing /home/airflow/.local/lib/python3.12/site-packages/airflow/example_dags/example_xcomargs.py took 0.101 seconds
[2024-07-19T06:22:06.285+0000] {processor.py:161} INFO - Started process (PID=7425) to work on /home/airflow/.local/lib/python3.12/site-packages/airflow/example_dags/example_xcomargs.py
[2024-07-19T06:22:06.287+0000] {processor.py:830} INFO - Processing file /home/airflow/.local/lib/python3.12/site-packages/airflow/example_dags/example_xcomargs.py for tasks to queue
[2024-07-19T06:22:06.289+0000] {logging_mixin.py:188} INFO - [2024-07-19T06:22:06.289+0000] {dagbag.py:545} INFO - Filling up the DagBag from /home/airflow/.local/lib/python3.12/site-packages/airflow/example_dags/example_xcomargs.py
[2024-07-19T06:22:06.303+0000] {processor.py:840} INFO - DAG(s) 'example_xcom_args', 'example_xcom_args_with_operators' retrieved from /home/airflow/.local/lib/python3.12/site-packages/airflow/example_dags/example_xcomargs.py
[2024-07-19T06:22:06.336+0000] {logging_mixin.py:188} INFO - [2024-07-19T06:22:06.336+0000] {dag.py:3089} INFO - Sync 2 DAGs
[2024-07-19T06:22:06.353+0000] {logging_mixin.py:188} INFO - [2024-07-19T06:22:06.353+0000] {dag.py:3947} INFO - Setting next_dagrun for example_xcom_args to None, run_after=None
[2024-07-19T06:22:06.358+0000] {logging_mixin.py:188} INFO - [2024-07-19T06:22:06.357+0000] {dag.py:3947} INFO - Setting next_dagrun for example_xcom_args_with_operators to None, run_after=None
[2024-07-19T06:22:06.379+0000] {processor.py:183} INFO - Processing /home/airflow/.local/lib/python3.12/site-packages/airflow/example_dags/example_xcomargs.py took 0.103 seconds
[2024-07-19T06:22:36.946+0000] {processor.py:161} INFO - Started process (PID=7486) to work on /home/airflow/.local/lib/python3.12/site-packages/airflow/example_dags/example_xcomargs.py
[2024-07-19T06:22:36.947+0000] {processor.py:830} INFO - Processing file /home/airflow/.local/lib/python3.12/site-packages/airflow/example_dags/example_xcomargs.py for tasks to queue
[2024-07-19T06:22:36.949+0000] {logging_mixin.py:188} INFO - [2024-07-19T06:22:36.948+0000] {dagbag.py:545} INFO - Filling up the DagBag from /home/airflow/.local/lib/python3.12/site-packages/airflow/example_dags/example_xcomargs.py
[2024-07-19T06:22:36.959+0000] {processor.py:840} INFO - DAG(s) 'example_xcom_args', 'example_xcom_args_with_operators' retrieved from /home/airflow/.local/lib/python3.12/site-packages/airflow/example_dags/example_xcomargs.py
[2024-07-19T06:22:36.992+0000] {logging_mixin.py:188} INFO - [2024-07-19T06:22:36.992+0000] {dag.py:3089} INFO - Sync 2 DAGs
[2024-07-19T06:22:37.010+0000] {logging_mixin.py:188} INFO - [2024-07-19T06:22:37.009+0000] {dag.py:3947} INFO - Setting next_dagrun for example_xcom_args to None, run_after=None
[2024-07-19T06:22:37.014+0000] {logging_mixin.py:188} INFO - [2024-07-19T06:22:37.014+0000] {dag.py:3947} INFO - Setting next_dagrun for example_xcom_args_with_operators to None, run_after=None
[2024-07-19T06:22:37.036+0000] {processor.py:183} INFO - Processing /home/airflow/.local/lib/python3.12/site-packages/airflow/example_dags/example_xcomargs.py took 0.098 seconds
[2024-07-19T06:23:07.161+0000] {processor.py:161} INFO - Started process (PID=7546) to work on /home/airflow/.local/lib/python3.12/site-packages/airflow/example_dags/example_xcomargs.py
[2024-07-19T06:23:07.162+0000] {processor.py:830} INFO - Processing file /home/airflow/.local/lib/python3.12/site-packages/airflow/example_dags/example_xcomargs.py for tasks to queue
[2024-07-19T06:23:07.164+0000] {logging_mixin.py:188} INFO - [2024-07-19T06:23:07.163+0000] {dagbag.py:545} INFO - Filling up the DagBag from /home/airflow/.local/lib/python3.12/site-packages/airflow/example_dags/example_xcomargs.py
[2024-07-19T06:23:07.176+0000] {processor.py:840} INFO - DAG(s) 'example_xcom_args', 'example_xcom_args_with_operators' retrieved from /home/airflow/.local/lib/python3.12/site-packages/airflow/example_dags/example_xcomargs.py
[2024-07-19T06:23:07.210+0000] {logging_mixin.py:188} INFO - [2024-07-19T06:23:07.210+0000] {dag.py:3089} INFO - Sync 2 DAGs
[2024-07-19T06:23:07.229+0000] {logging_mixin.py:188} INFO - [2024-07-19T06:23:07.228+0000] {dag.py:3947} INFO - Setting next_dagrun for example_xcom_args to None, run_after=None
[2024-07-19T06:23:07.234+0000] {logging_mixin.py:188} INFO - [2024-07-19T06:23:07.234+0000] {dag.py:3947} INFO - Setting next_dagrun for example_xcom_args_with_operators to None, run_after=None
[2024-07-19T06:23:07.261+0000] {processor.py:183} INFO - Processing /home/airflow/.local/lib/python3.12/site-packages/airflow/example_dags/example_xcomargs.py took 0.109 seconds
[2024-07-19T06:23:37.533+0000] {processor.py:161} INFO - Started process (PID=7605) to work on /home/airflow/.local/lib/python3.12/site-packages/airflow/example_dags/example_xcomargs.py
[2024-07-19T06:23:37.534+0000] {processor.py:830} INFO - Processing file /home/airflow/.local/lib/python3.12/site-packages/airflow/example_dags/example_xcomargs.py for tasks to queue
[2024-07-19T06:23:37.536+0000] {logging_mixin.py:188} INFO - [2024-07-19T06:23:37.535+0000] {dagbag.py:545} INFO - Filling up the DagBag from /home/airflow/.local/lib/python3.12/site-packages/airflow/example_dags/example_xcomargs.py
[2024-07-19T06:23:37.548+0000] {processor.py:840} INFO - DAG(s) 'example_xcom_args_with_operators', 'example_xcom_args' retrieved from /home/airflow/.local/lib/python3.12/site-packages/airflow/example_dags/example_xcomargs.py
[2024-07-19T06:23:37.579+0000] {logging_mixin.py:188} INFO - [2024-07-19T06:23:37.579+0000] {dag.py:3089} INFO - Sync 2 DAGs
[2024-07-19T06:23:37.595+0000] {logging_mixin.py:188} INFO - [2024-07-19T06:23:37.595+0000] {dag.py:3947} INFO - Setting next_dagrun for example_xcom_args to None, run_after=None
[2024-07-19T06:23:37.600+0000] {logging_mixin.py:188} INFO - [2024-07-19T06:23:37.599+0000] {dag.py:3947} INFO - Setting next_dagrun for example_xcom_args_with_operators to None, run_after=None
[2024-07-19T06:23:37.620+0000] {processor.py:183} INFO - Processing /home/airflow/.local/lib/python3.12/site-packages/airflow/example_dags/example_xcomargs.py took 0.095 seconds
[2024-07-19T06:24:08.149+0000] {processor.py:161} INFO - Started process (PID=7666) to work on /home/airflow/.local/lib/python3.12/site-packages/airflow/example_dags/example_xcomargs.py
[2024-07-19T06:24:08.151+0000] {processor.py:830} INFO - Processing file /home/airflow/.local/lib/python3.12/site-packages/airflow/example_dags/example_xcomargs.py for tasks to queue
[2024-07-19T06:24:08.153+0000] {logging_mixin.py:188} INFO - [2024-07-19T06:24:08.152+0000] {dagbag.py:545} INFO - Filling up the DagBag from /home/airflow/.local/lib/python3.12/site-packages/airflow/example_dags/example_xcomargs.py
[2024-07-19T06:24:08.165+0000] {processor.py:840} INFO - DAG(s) 'example_xcom_args', 'example_xcom_args_with_operators' retrieved from /home/airflow/.local/lib/python3.12/site-packages/airflow/example_dags/example_xcomargs.py
[2024-07-19T06:24:08.196+0000] {logging_mixin.py:188} INFO - [2024-07-19T06:24:08.196+0000] {dag.py:3089} INFO - Sync 2 DAGs
[2024-07-19T06:24:08.212+0000] {logging_mixin.py:188} INFO - [2024-07-19T06:24:08.212+0000] {dag.py:3947} INFO - Setting next_dagrun for example_xcom_args to None, run_after=None
[2024-07-19T06:24:08.216+0000] {logging_mixin.py:188} INFO - [2024-07-19T06:24:08.216+0000] {dag.py:3947} INFO - Setting next_dagrun for example_xcom_args_with_operators to None, run_after=None
[2024-07-19T06:24:08.240+0000] {processor.py:183} INFO - Processing /home/airflow/.local/lib/python3.12/site-packages/airflow/example_dags/example_xcomargs.py took 0.099 seconds
[2024-07-19T06:24:38.678+0000] {processor.py:161} INFO - Started process (PID=7726) to work on /home/airflow/.local/lib/python3.12/site-packages/airflow/example_dags/example_xcomargs.py
[2024-07-19T06:24:38.680+0000] {processor.py:830} INFO - Processing file /home/airflow/.local/lib/python3.12/site-packages/airflow/example_dags/example_xcomargs.py for tasks to queue
[2024-07-19T06:24:38.682+0000] {logging_mixin.py:188} INFO - [2024-07-19T06:24:38.681+0000] {dagbag.py:545} INFO - Filling up the DagBag from /home/airflow/.local/lib/python3.12/site-packages/airflow/example_dags/example_xcomargs.py
[2024-07-19T06:24:38.694+0000] {processor.py:840} INFO - DAG(s) 'example_xcom_args_with_operators', 'example_xcom_args' retrieved from /home/airflow/.local/lib/python3.12/site-packages/airflow/example_dags/example_xcomargs.py
[2024-07-19T06:24:38.726+0000] {logging_mixin.py:188} INFO - [2024-07-19T06:24:38.726+0000] {dag.py:3089} INFO - Sync 2 DAGs
[2024-07-19T06:24:38.742+0000] {logging_mixin.py:188} INFO - [2024-07-19T06:24:38.742+0000] {dag.py:3947} INFO - Setting next_dagrun for example_xcom_args to None, run_after=None
[2024-07-19T06:24:38.747+0000] {logging_mixin.py:188} INFO - [2024-07-19T06:24:38.746+0000] {dag.py:3947} INFO - Setting next_dagrun for example_xcom_args_with_operators to None, run_after=None
[2024-07-19T06:24:38.767+0000] {processor.py:183} INFO - Processing /home/airflow/.local/lib/python3.12/site-packages/airflow/example_dags/example_xcomargs.py took 0.099 seconds
[2024-07-19T06:25:09.651+0000] {processor.py:161} INFO - Started process (PID=7786) to work on /home/airflow/.local/lib/python3.12/site-packages/airflow/example_dags/example_xcomargs.py
[2024-07-19T06:25:09.653+0000] {processor.py:830} INFO - Processing file /home/airflow/.local/lib/python3.12/site-packages/airflow/example_dags/example_xcomargs.py for tasks to queue
[2024-07-19T06:25:09.654+0000] {logging_mixin.py:188} INFO - [2024-07-19T06:25:09.654+0000] {dagbag.py:545} INFO - Filling up the DagBag from /home/airflow/.local/lib/python3.12/site-packages/airflow/example_dags/example_xcomargs.py
[2024-07-19T06:25:09.666+0000] {processor.py:840} INFO - DAG(s) 'example_xcom_args_with_operators', 'example_xcom_args' retrieved from /home/airflow/.local/lib/python3.12/site-packages/airflow/example_dags/example_xcomargs.py
[2024-07-19T06:25:09.706+0000] {logging_mixin.py:188} INFO - [2024-07-19T06:25:09.706+0000] {dag.py:3089} INFO - Sync 2 DAGs
[2024-07-19T06:25:09.725+0000] {logging_mixin.py:188} INFO - [2024-07-19T06:25:09.724+0000] {dag.py:3947} INFO - Setting next_dagrun for example_xcom_args to None, run_after=None
[2024-07-19T06:25:09.729+0000] {logging_mixin.py:188} INFO - [2024-07-19T06:25:09.729+0000] {dag.py:3947} INFO - Setting next_dagrun for example_xcom_args_with_operators to None, run_after=None
[2024-07-19T06:25:09.752+0000] {processor.py:183} INFO - Processing /home/airflow/.local/lib/python3.12/site-packages/airflow/example_dags/example_xcomargs.py took 0.110 seconds
[2024-07-19T06:25:39.830+0000] {processor.py:161} INFO - Started process (PID=7846) to work on /home/airflow/.local/lib/python3.12/site-packages/airflow/example_dags/example_xcomargs.py
[2024-07-19T06:25:39.831+0000] {processor.py:830} INFO - Processing file /home/airflow/.local/lib/python3.12/site-packages/airflow/example_dags/example_xcomargs.py for tasks to queue
[2024-07-19T06:25:39.833+0000] {logging_mixin.py:188} INFO - [2024-07-19T06:25:39.832+0000] {dagbag.py:545} INFO - Filling up the DagBag from /home/airflow/.local/lib/python3.12/site-packages/airflow/example_dags/example_xcomargs.py
[2024-07-19T06:25:39.849+0000] {processor.py:840} INFO - DAG(s) 'example_xcom_args', 'example_xcom_args_with_operators' retrieved from /home/airflow/.local/lib/python3.12/site-packages/airflow/example_dags/example_xcomargs.py
[2024-07-19T06:25:39.891+0000] {logging_mixin.py:188} INFO - [2024-07-19T06:25:39.890+0000] {dag.py:3089} INFO - Sync 2 DAGs
[2024-07-19T06:25:39.909+0000] {logging_mixin.py:188} INFO - [2024-07-19T06:25:39.909+0000] {dag.py:3947} INFO - Setting next_dagrun for example_xcom_args to None, run_after=None
[2024-07-19T06:25:39.914+0000] {logging_mixin.py:188} INFO - [2024-07-19T06:25:39.914+0000] {dag.py:3947} INFO - Setting next_dagrun for example_xcom_args_with_operators to None, run_after=None
[2024-07-19T06:25:39.939+0000] {processor.py:183} INFO - Processing /home/airflow/.local/lib/python3.12/site-packages/airflow/example_dags/example_xcomargs.py took 0.117 seconds
[2024-07-19T06:26:10.111+0000] {processor.py:161} INFO - Started process (PID=7906) to work on /home/airflow/.local/lib/python3.12/site-packages/airflow/example_dags/example_xcomargs.py
[2024-07-19T06:26:10.113+0000] {processor.py:830} INFO - Processing file /home/airflow/.local/lib/python3.12/site-packages/airflow/example_dags/example_xcomargs.py for tasks to queue
[2024-07-19T06:26:10.114+0000] {logging_mixin.py:188} INFO - [2024-07-19T06:26:10.114+0000] {dagbag.py:545} INFO - Filling up the DagBag from /home/airflow/.local/lib/python3.12/site-packages/airflow/example_dags/example_xcomargs.py
[2024-07-19T06:26:10.127+0000] {processor.py:840} INFO - DAG(s) 'example_xcom_args', 'example_xcom_args_with_operators' retrieved from /home/airflow/.local/lib/python3.12/site-packages/airflow/example_dags/example_xcomargs.py
[2024-07-19T06:26:10.159+0000] {logging_mixin.py:188} INFO - [2024-07-19T06:26:10.159+0000] {dag.py:3089} INFO - Sync 2 DAGs
[2024-07-19T06:26:10.178+0000] {logging_mixin.py:188} INFO - [2024-07-19T06:26:10.177+0000] {dag.py:3947} INFO - Setting next_dagrun for example_xcom_args to None, run_after=None
[2024-07-19T06:26:10.183+0000] {logging_mixin.py:188} INFO - [2024-07-19T06:26:10.183+0000] {dag.py:3947} INFO - Setting next_dagrun for example_xcom_args_with_operators to None, run_after=None
[2024-07-19T06:26:10.205+0000] {processor.py:183} INFO - Processing /home/airflow/.local/lib/python3.12/site-packages/airflow/example_dags/example_xcomargs.py took 0.103 seconds
[2024-07-19T06:26:40.936+0000] {processor.py:161} INFO - Started process (PID=7966) to work on /home/airflow/.local/lib/python3.12/site-packages/airflow/example_dags/example_xcomargs.py
[2024-07-19T06:26:40.937+0000] {processor.py:830} INFO - Processing file /home/airflow/.local/lib/python3.12/site-packages/airflow/example_dags/example_xcomargs.py for tasks to queue
[2024-07-19T06:26:40.938+0000] {logging_mixin.py:188} INFO - [2024-07-19T06:26:40.938+0000] {dagbag.py:545} INFO - Filling up the DagBag from /home/airflow/.local/lib/python3.12/site-packages/airflow/example_dags/example_xcomargs.py
[2024-07-19T06:26:40.950+0000] {processor.py:840} INFO - DAG(s) 'example_xcom_args_with_operators', 'example_xcom_args' retrieved from /home/airflow/.local/lib/python3.12/site-packages/airflow/example_dags/example_xcomargs.py
[2024-07-19T06:26:40.980+0000] {logging_mixin.py:188} INFO - [2024-07-19T06:26:40.980+0000] {dag.py:3089} INFO - Sync 2 DAGs
[2024-07-19T06:26:40.995+0000] {logging_mixin.py:188} INFO - [2024-07-19T06:26:40.995+0000] {dag.py:3947} INFO - Setting next_dagrun for example_xcom_args to None, run_after=None
[2024-07-19T06:26:40.999+0000] {logging_mixin.py:188} INFO - [2024-07-19T06:26:40.999+0000] {dag.py:3947} INFO - Setting next_dagrun for example_xcom_args_with_operators to None, run_after=None
[2024-07-19T06:26:41.018+0000] {processor.py:183} INFO - Processing /home/airflow/.local/lib/python3.12/site-packages/airflow/example_dags/example_xcomargs.py took 0.090 seconds
[2024-07-19T06:27:11.973+0000] {processor.py:161} INFO - Started process (PID=8026) to work on /home/airflow/.local/lib/python3.12/site-packages/airflow/example_dags/example_xcomargs.py
[2024-07-19T06:27:11.974+0000] {processor.py:830} INFO - Processing file /home/airflow/.local/lib/python3.12/site-packages/airflow/example_dags/example_xcomargs.py for tasks to queue
[2024-07-19T06:27:11.975+0000] {logging_mixin.py:188} INFO - [2024-07-19T06:27:11.975+0000] {dagbag.py:545} INFO - Filling up the DagBag from /home/airflow/.local/lib/python3.12/site-packages/airflow/example_dags/example_xcomargs.py
[2024-07-19T06:27:11.986+0000] {processor.py:840} INFO - DAG(s) 'example_xcom_args_with_operators', 'example_xcom_args' retrieved from /home/airflow/.local/lib/python3.12/site-packages/airflow/example_dags/example_xcomargs.py
[2024-07-19T06:27:12.016+0000] {logging_mixin.py:188} INFO - [2024-07-19T06:27:12.015+0000] {dag.py:3089} INFO - Sync 2 DAGs
[2024-07-19T06:27:12.035+0000] {logging_mixin.py:188} INFO - [2024-07-19T06:27:12.035+0000] {dag.py:3947} INFO - Setting next_dagrun for example_xcom_args to None, run_after=None
[2024-07-19T06:27:12.043+0000] {logging_mixin.py:188} INFO - [2024-07-19T06:27:12.042+0000] {dag.py:3947} INFO - Setting next_dagrun for example_xcom_args_with_operators to None, run_after=None
[2024-07-19T06:27:12.066+0000] {processor.py:183} INFO - Processing /home/airflow/.local/lib/python3.12/site-packages/airflow/example_dags/example_xcomargs.py took 0.100 seconds
[2024-07-19T06:27:42.868+0000] {processor.py:161} INFO - Started process (PID=8086) to work on /home/airflow/.local/lib/python3.12/site-packages/airflow/example_dags/example_xcomargs.py
[2024-07-19T06:27:42.869+0000] {processor.py:830} INFO - Processing file /home/airflow/.local/lib/python3.12/site-packages/airflow/example_dags/example_xcomargs.py for tasks to queue
[2024-07-19T06:27:42.870+0000] {logging_mixin.py:188} INFO - [2024-07-19T06:27:42.870+0000] {dagbag.py:545} INFO - Filling up the DagBag from /home/airflow/.local/lib/python3.12/site-packages/airflow/example_dags/example_xcomargs.py
[2024-07-19T06:27:42.882+0000] {processor.py:840} INFO - DAG(s) 'example_xcom_args', 'example_xcom_args_with_operators' retrieved from /home/airflow/.local/lib/python3.12/site-packages/airflow/example_dags/example_xcomargs.py
[2024-07-19T06:27:42.914+0000] {logging_mixin.py:188} INFO - [2024-07-19T06:27:42.914+0000] {dag.py:3089} INFO - Sync 2 DAGs
[2024-07-19T06:27:42.931+0000] {logging_mixin.py:188} INFO - [2024-07-19T06:27:42.931+0000] {dag.py:3947} INFO - Setting next_dagrun for example_xcom_args to None, run_after=None
[2024-07-19T06:27:42.936+0000] {logging_mixin.py:188} INFO - [2024-07-19T06:27:42.936+0000] {dag.py:3947} INFO - Setting next_dagrun for example_xcom_args_with_operators to None, run_after=None
[2024-07-19T06:27:42.956+0000] {processor.py:183} INFO - Processing /home/airflow/.local/lib/python3.12/site-packages/airflow/example_dags/example_xcomargs.py took 0.096 seconds
[2024-07-19T06:28:13.690+0000] {processor.py:161} INFO - Started process (PID=8146) to work on /home/airflow/.local/lib/python3.12/site-packages/airflow/example_dags/example_xcomargs.py
[2024-07-19T06:28:13.691+0000] {processor.py:830} INFO - Processing file /home/airflow/.local/lib/python3.12/site-packages/airflow/example_dags/example_xcomargs.py for tasks to queue
[2024-07-19T06:28:13.693+0000] {logging_mixin.py:188} INFO - [2024-07-19T06:28:13.692+0000] {dagbag.py:545} INFO - Filling up the DagBag from /home/airflow/.local/lib/python3.12/site-packages/airflow/example_dags/example_xcomargs.py
[2024-07-19T06:28:13.704+0000] {processor.py:840} INFO - DAG(s) 'example_xcom_args_with_operators', 'example_xcom_args' retrieved from /home/airflow/.local/lib/python3.12/site-packages/airflow/example_dags/example_xcomargs.py
[2024-07-19T06:28:13.738+0000] {logging_mixin.py:188} INFO - [2024-07-19T06:28:13.737+0000] {dag.py:3089} INFO - Sync 2 DAGs
[2024-07-19T06:28:13.757+0000] {logging_mixin.py:188} INFO - [2024-07-19T06:28:13.757+0000] {dag.py:3947} INFO - Setting next_dagrun for example_xcom_args to None, run_after=None
[2024-07-19T06:28:13.762+0000] {logging_mixin.py:188} INFO - [2024-07-19T06:28:13.762+0000] {dag.py:3947} INFO - Setting next_dagrun for example_xcom_args_with_operators to None, run_after=None
[2024-07-19T06:28:13.788+0000] {processor.py:183} INFO - Processing /home/airflow/.local/lib/python3.12/site-packages/airflow/example_dags/example_xcomargs.py took 0.106 seconds
[2024-07-19T06:28:44.530+0000] {processor.py:161} INFO - Started process (PID=8206) to work on /home/airflow/.local/lib/python3.12/site-packages/airflow/example_dags/example_xcomargs.py
[2024-07-19T06:28:44.532+0000] {processor.py:830} INFO - Processing file /home/airflow/.local/lib/python3.12/site-packages/airflow/example_dags/example_xcomargs.py for tasks to queue
[2024-07-19T06:28:44.534+0000] {logging_mixin.py:188} INFO - [2024-07-19T06:28:44.533+0000] {dagbag.py:545} INFO - Filling up the DagBag from /home/airflow/.local/lib/python3.12/site-packages/airflow/example_dags/example_xcomargs.py
[2024-07-19T06:28:44.557+0000] {processor.py:840} INFO - DAG(s) 'example_xcom_args_with_operators', 'example_xcom_args' retrieved from /home/airflow/.local/lib/python3.12/site-packages/airflow/example_dags/example_xcomargs.py
[2024-07-19T06:28:44.646+0000] {logging_mixin.py:188} INFO - [2024-07-19T06:28:44.644+0000] {dag.py:3089} INFO - Sync 2 DAGs
[2024-07-19T06:28:44.685+0000] {logging_mixin.py:188} INFO - [2024-07-19T06:28:44.684+0000] {dag.py:3947} INFO - Setting next_dagrun for example_xcom_args to None, run_after=None
[2024-07-19T06:28:44.696+0000] {logging_mixin.py:188} INFO - [2024-07-19T06:28:44.694+0000] {dag.py:3947} INFO - Setting next_dagrun for example_xcom_args_with_operators to None, run_after=None
[2024-07-19T06:28:44.771+0000] {processor.py:183} INFO - Processing /home/airflow/.local/lib/python3.12/site-packages/airflow/example_dags/example_xcomargs.py took 0.254 seconds
[2024-07-19T06:29:14.851+0000] {processor.py:161} INFO - Started process (PID=8266) to work on /home/airflow/.local/lib/python3.12/site-packages/airflow/example_dags/example_xcomargs.py
[2024-07-19T06:29:14.853+0000] {processor.py:830} INFO - Processing file /home/airflow/.local/lib/python3.12/site-packages/airflow/example_dags/example_xcomargs.py for tasks to queue
[2024-07-19T06:29:14.854+0000] {logging_mixin.py:188} INFO - [2024-07-19T06:29:14.854+0000] {dagbag.py:545} INFO - Filling up the DagBag from /home/airflow/.local/lib/python3.12/site-packages/airflow/example_dags/example_xcomargs.py
[2024-07-19T06:29:14.865+0000] {processor.py:840} INFO - DAG(s) 'example_xcom_args', 'example_xcom_args_with_operators' retrieved from /home/airflow/.local/lib/python3.12/site-packages/airflow/example_dags/example_xcomargs.py
[2024-07-19T06:29:14.898+0000] {logging_mixin.py:188} INFO - [2024-07-19T06:29:14.898+0000] {dag.py:3089} INFO - Sync 2 DAGs
[2024-07-19T06:29:14.917+0000] {logging_mixin.py:188} INFO - [2024-07-19T06:29:14.916+0000] {dag.py:3947} INFO - Setting next_dagrun for example_xcom_args to None, run_after=None
[2024-07-19T06:29:14.921+0000] {logging_mixin.py:188} INFO - [2024-07-19T06:29:14.921+0000] {dag.py:3947} INFO - Setting next_dagrun for example_xcom_args_with_operators to None, run_after=None
[2024-07-19T06:29:14.942+0000] {processor.py:183} INFO - Processing /home/airflow/.local/lib/python3.12/site-packages/airflow/example_dags/example_xcomargs.py took 0.099 seconds
[2024-07-19T06:29:45.225+0000] {processor.py:161} INFO - Started process (PID=8326) to work on /home/airflow/.local/lib/python3.12/site-packages/airflow/example_dags/example_xcomargs.py
[2024-07-19T06:29:45.226+0000] {processor.py:830} INFO - Processing file /home/airflow/.local/lib/python3.12/site-packages/airflow/example_dags/example_xcomargs.py for tasks to queue
[2024-07-19T06:29:45.228+0000] {logging_mixin.py:188} INFO - [2024-07-19T06:29:45.227+0000] {dagbag.py:545} INFO - Filling up the DagBag from /home/airflow/.local/lib/python3.12/site-packages/airflow/example_dags/example_xcomargs.py
[2024-07-19T06:29:45.239+0000] {processor.py:840} INFO - DAG(s) 'example_xcom_args', 'example_xcom_args_with_operators' retrieved from /home/airflow/.local/lib/python3.12/site-packages/airflow/example_dags/example_xcomargs.py
[2024-07-19T06:29:45.273+0000] {logging_mixin.py:188} INFO - [2024-07-19T06:29:45.273+0000] {dag.py:3089} INFO - Sync 2 DAGs
[2024-07-19T06:29:45.291+0000] {logging_mixin.py:188} INFO - [2024-07-19T06:29:45.291+0000] {dag.py:3947} INFO - Setting next_dagrun for example_xcom_args to None, run_after=None
[2024-07-19T06:29:45.295+0000] {logging_mixin.py:188} INFO - [2024-07-19T06:29:45.295+0000] {dag.py:3947} INFO - Setting next_dagrun for example_xcom_args_with_operators to None, run_after=None
[2024-07-19T06:29:45.316+0000] {processor.py:183} INFO - Processing /home/airflow/.local/lib/python3.12/site-packages/airflow/example_dags/example_xcomargs.py took 0.099 seconds
[2024-07-19T06:30:15.506+0000] {processor.py:161} INFO - Started process (PID=8386) to work on /home/airflow/.local/lib/python3.12/site-packages/airflow/example_dags/example_xcomargs.py
[2024-07-19T06:30:15.507+0000] {processor.py:830} INFO - Processing file /home/airflow/.local/lib/python3.12/site-packages/airflow/example_dags/example_xcomargs.py for tasks to queue
[2024-07-19T06:30:15.509+0000] {logging_mixin.py:188} INFO - [2024-07-19T06:30:15.508+0000] {dagbag.py:545} INFO - Filling up the DagBag from /home/airflow/.local/lib/python3.12/site-packages/airflow/example_dags/example_xcomargs.py
[2024-07-19T06:30:15.520+0000] {processor.py:840} INFO - DAG(s) 'example_xcom_args_with_operators', 'example_xcom_args' retrieved from /home/airflow/.local/lib/python3.12/site-packages/airflow/example_dags/example_xcomargs.py
[2024-07-19T06:30:15.552+0000] {logging_mixin.py:188} INFO - [2024-07-19T06:30:15.552+0000] {dag.py:3089} INFO - Sync 2 DAGs
[2024-07-19T06:30:15.568+0000] {logging_mixin.py:188} INFO - [2024-07-19T06:30:15.568+0000] {dag.py:3947} INFO - Setting next_dagrun for example_xcom_args to None, run_after=None
[2024-07-19T06:30:15.573+0000] {logging_mixin.py:188} INFO - [2024-07-19T06:30:15.572+0000] {dag.py:3947} INFO - Setting next_dagrun for example_xcom_args_with_operators to None, run_after=None
[2024-07-19T06:30:15.596+0000] {processor.py:183} INFO - Processing /home/airflow/.local/lib/python3.12/site-packages/airflow/example_dags/example_xcomargs.py took 0.098 seconds
[2024-07-19T06:30:45.766+0000] {processor.py:161} INFO - Started process (PID=8446) to work on /home/airflow/.local/lib/python3.12/site-packages/airflow/example_dags/example_xcomargs.py
[2024-07-19T06:30:45.767+0000] {processor.py:830} INFO - Processing file /home/airflow/.local/lib/python3.12/site-packages/airflow/example_dags/example_xcomargs.py for tasks to queue
[2024-07-19T06:30:45.769+0000] {logging_mixin.py:188} INFO - [2024-07-19T06:30:45.768+0000] {dagbag.py:545} INFO - Filling up the DagBag from /home/airflow/.local/lib/python3.12/site-packages/airflow/example_dags/example_xcomargs.py
[2024-07-19T06:30:45.782+0000] {processor.py:840} INFO - DAG(s) 'example_xcom_args', 'example_xcom_args_with_operators' retrieved from /home/airflow/.local/lib/python3.12/site-packages/airflow/example_dags/example_xcomargs.py
[2024-07-19T06:30:45.817+0000] {logging_mixin.py:188} INFO - [2024-07-19T06:30:45.816+0000] {dag.py:3089} INFO - Sync 2 DAGs
[2024-07-19T06:30:45.833+0000] {logging_mixin.py:188} INFO - [2024-07-19T06:30:45.833+0000] {dag.py:3947} INFO - Setting next_dagrun for example_xcom_args to None, run_after=None
[2024-07-19T06:30:45.839+0000] {logging_mixin.py:188} INFO - [2024-07-19T06:30:45.839+0000] {dag.py:3947} INFO - Setting next_dagrun for example_xcom_args_with_operators to None, run_after=None
[2024-07-19T06:30:45.864+0000] {processor.py:183} INFO - Processing /home/airflow/.local/lib/python3.12/site-packages/airflow/example_dags/example_xcomargs.py took 0.106 seconds
[2024-07-19T06:31:16.148+0000] {processor.py:161} INFO - Started process (PID=8506) to work on /home/airflow/.local/lib/python3.12/site-packages/airflow/example_dags/example_xcomargs.py
[2024-07-19T06:31:16.149+0000] {processor.py:830} INFO - Processing file /home/airflow/.local/lib/python3.12/site-packages/airflow/example_dags/example_xcomargs.py for tasks to queue
[2024-07-19T06:31:16.150+0000] {logging_mixin.py:188} INFO - [2024-07-19T06:31:16.150+0000] {dagbag.py:545} INFO - Filling up the DagBag from /home/airflow/.local/lib/python3.12/site-packages/airflow/example_dags/example_xcomargs.py
[2024-07-19T06:31:16.162+0000] {processor.py:840} INFO - DAG(s) 'example_xcom_args', 'example_xcom_args_with_operators' retrieved from /home/airflow/.local/lib/python3.12/site-packages/airflow/example_dags/example_xcomargs.py
[2024-07-19T06:31:16.194+0000] {logging_mixin.py:188} INFO - [2024-07-19T06:31:16.194+0000] {dag.py:3089} INFO - Sync 2 DAGs
[2024-07-19T06:31:16.210+0000] {logging_mixin.py:188} INFO - [2024-07-19T06:31:16.210+0000] {dag.py:3947} INFO - Setting next_dagrun for example_xcom_args to None, run_after=None
[2024-07-19T06:31:16.214+0000] {logging_mixin.py:188} INFO - [2024-07-19T06:31:16.214+0000] {dag.py:3947} INFO - Setting next_dagrun for example_xcom_args_with_operators to None, run_after=None
[2024-07-19T06:31:16.234+0000] {processor.py:183} INFO - Processing /home/airflow/.local/lib/python3.12/site-packages/airflow/example_dags/example_xcomargs.py took 0.094 seconds
[2024-07-19T06:31:46.628+0000] {processor.py:161} INFO - Started process (PID=8566) to work on /home/airflow/.local/lib/python3.12/site-packages/airflow/example_dags/example_xcomargs.py
[2024-07-19T06:31:46.630+0000] {processor.py:830} INFO - Processing file /home/airflow/.local/lib/python3.12/site-packages/airflow/example_dags/example_xcomargs.py for tasks to queue
[2024-07-19T06:31:46.631+0000] {logging_mixin.py:188} INFO - [2024-07-19T06:31:46.631+0000] {dagbag.py:545} INFO - Filling up the DagBag from /home/airflow/.local/lib/python3.12/site-packages/airflow/example_dags/example_xcomargs.py
[2024-07-19T06:31:46.641+0000] {processor.py:840} INFO - DAG(s) 'example_xcom_args_with_operators', 'example_xcom_args' retrieved from /home/airflow/.local/lib/python3.12/site-packages/airflow/example_dags/example_xcomargs.py
[2024-07-19T06:31:46.671+0000] {logging_mixin.py:188} INFO - [2024-07-19T06:31:46.670+0000] {dag.py:3089} INFO - Sync 2 DAGs
[2024-07-19T06:31:46.690+0000] {logging_mixin.py:188} INFO - [2024-07-19T06:31:46.690+0000] {dag.py:3947} INFO - Setting next_dagrun for example_xcom_args to None, run_after=None
[2024-07-19T06:31:46.696+0000] {logging_mixin.py:188} INFO - [2024-07-19T06:31:46.696+0000] {dag.py:3947} INFO - Setting next_dagrun for example_xcom_args_with_operators to None, run_after=None
[2024-07-19T06:31:46.717+0000] {processor.py:183} INFO - Processing /home/airflow/.local/lib/python3.12/site-packages/airflow/example_dags/example_xcomargs.py took 0.097 seconds
[2024-07-19T06:32:17.345+0000] {processor.py:161} INFO - Started process (PID=8626) to work on /home/airflow/.local/lib/python3.12/site-packages/airflow/example_dags/example_xcomargs.py
[2024-07-19T06:32:17.347+0000] {processor.py:830} INFO - Processing file /home/airflow/.local/lib/python3.12/site-packages/airflow/example_dags/example_xcomargs.py for tasks to queue
[2024-07-19T06:32:17.349+0000] {logging_mixin.py:188} INFO - [2024-07-19T06:32:17.348+0000] {dagbag.py:545} INFO - Filling up the DagBag from /home/airflow/.local/lib/python3.12/site-packages/airflow/example_dags/example_xcomargs.py
[2024-07-19T06:32:17.362+0000] {processor.py:840} INFO - DAG(s) 'example_xcom_args_with_operators', 'example_xcom_args' retrieved from /home/airflow/.local/lib/python3.12/site-packages/airflow/example_dags/example_xcomargs.py
[2024-07-19T06:32:17.395+0000] {logging_mixin.py:188} INFO - [2024-07-19T06:32:17.395+0000] {dag.py:3089} INFO - Sync 2 DAGs
[2024-07-19T06:32:17.413+0000] {logging_mixin.py:188} INFO - [2024-07-19T06:32:17.413+0000] {dag.py:3947} INFO - Setting next_dagrun for example_xcom_args to None, run_after=None
[2024-07-19T06:32:17.418+0000] {logging_mixin.py:188} INFO - [2024-07-19T06:32:17.418+0000] {dag.py:3947} INFO - Setting next_dagrun for example_xcom_args_with_operators to None, run_after=None
[2024-07-19T06:32:17.439+0000] {processor.py:183} INFO - Processing /home/airflow/.local/lib/python3.12/site-packages/airflow/example_dags/example_xcomargs.py took 0.103 seconds
[2024-07-19T06:32:47.533+0000] {processor.py:161} INFO - Started process (PID=8686) to work on /home/airflow/.local/lib/python3.12/site-packages/airflow/example_dags/example_xcomargs.py
[2024-07-19T06:32:47.534+0000] {processor.py:830} INFO - Processing file /home/airflow/.local/lib/python3.12/site-packages/airflow/example_dags/example_xcomargs.py for tasks to queue
[2024-07-19T06:32:47.536+0000] {logging_mixin.py:188} INFO - [2024-07-19T06:32:47.535+0000] {dagbag.py:545} INFO - Filling up the DagBag from /home/airflow/.local/lib/python3.12/site-packages/airflow/example_dags/example_xcomargs.py
[2024-07-19T06:32:47.548+0000] {processor.py:840} INFO - DAG(s) 'example_xcom_args_with_operators', 'example_xcom_args' retrieved from /home/airflow/.local/lib/python3.12/site-packages/airflow/example_dags/example_xcomargs.py
[2024-07-19T06:32:47.582+0000] {logging_mixin.py:188} INFO - [2024-07-19T06:32:47.581+0000] {dag.py:3089} INFO - Sync 2 DAGs
[2024-07-19T06:32:47.600+0000] {logging_mixin.py:188} INFO - [2024-07-19T06:32:47.599+0000] {dag.py:3947} INFO - Setting next_dagrun for example_xcom_args to None, run_after=None
[2024-07-19T06:32:47.604+0000] {logging_mixin.py:188} INFO - [2024-07-19T06:32:47.604+0000] {dag.py:3947} INFO - Setting next_dagrun for example_xcom_args_with_operators to None, run_after=None
[2024-07-19T06:32:47.625+0000] {processor.py:183} INFO - Processing /home/airflow/.local/lib/python3.12/site-packages/airflow/example_dags/example_xcomargs.py took 0.101 seconds
[2024-07-19T06:33:17.671+0000] {processor.py:161} INFO - Started process (PID=8746) to work on /home/airflow/.local/lib/python3.12/site-packages/airflow/example_dags/example_xcomargs.py
[2024-07-19T06:33:17.673+0000] {processor.py:830} INFO - Processing file /home/airflow/.local/lib/python3.12/site-packages/airflow/example_dags/example_xcomargs.py for tasks to queue
[2024-07-19T06:33:17.674+0000] {logging_mixin.py:188} INFO - [2024-07-19T06:33:17.674+0000] {dagbag.py:545} INFO - Filling up the DagBag from /home/airflow/.local/lib/python3.12/site-packages/airflow/example_dags/example_xcomargs.py
[2024-07-19T06:33:17.686+0000] {processor.py:840} INFO - DAG(s) 'example_xcom_args_with_operators', 'example_xcom_args' retrieved from /home/airflow/.local/lib/python3.12/site-packages/airflow/example_dags/example_xcomargs.py
[2024-07-19T06:33:17.717+0000] {logging_mixin.py:188} INFO - [2024-07-19T06:33:17.717+0000] {dag.py:3089} INFO - Sync 2 DAGs
[2024-07-19T06:33:17.735+0000] {logging_mixin.py:188} INFO - [2024-07-19T06:33:17.735+0000] {dag.py:3947} INFO - Setting next_dagrun for example_xcom_args to None, run_after=None
[2024-07-19T06:33:17.739+0000] {logging_mixin.py:188} INFO - [2024-07-19T06:33:17.739+0000] {dag.py:3947} INFO - Setting next_dagrun for example_xcom_args_with_operators to None, run_after=None
[2024-07-19T06:33:17.764+0000] {processor.py:183} INFO - Processing /home/airflow/.local/lib/python3.12/site-packages/airflow/example_dags/example_xcomargs.py took 0.100 seconds
[2024-07-19T06:33:47.975+0000] {processor.py:161} INFO - Started process (PID=8806) to work on /home/airflow/.local/lib/python3.12/site-packages/airflow/example_dags/example_xcomargs.py
[2024-07-19T06:33:47.978+0000] {processor.py:830} INFO - Processing file /home/airflow/.local/lib/python3.12/site-packages/airflow/example_dags/example_xcomargs.py for tasks to queue
[2024-07-19T06:33:47.981+0000] {logging_mixin.py:188} INFO - [2024-07-19T06:33:47.981+0000] {dagbag.py:545} INFO - Filling up the DagBag from /home/airflow/.local/lib/python3.12/site-packages/airflow/example_dags/example_xcomargs.py
[2024-07-19T06:33:48.008+0000] {processor.py:840} INFO - DAG(s) 'example_xcom_args_with_operators', 'example_xcom_args' retrieved from /home/airflow/.local/lib/python3.12/site-packages/airflow/example_dags/example_xcomargs.py
[2024-07-19T06:33:48.081+0000] {logging_mixin.py:188} INFO - [2024-07-19T06:33:48.080+0000] {dag.py:3089} INFO - Sync 2 DAGs
[2024-07-19T06:33:48.123+0000] {logging_mixin.py:188} INFO - [2024-07-19T06:33:48.122+0000] {dag.py:3947} INFO - Setting next_dagrun for example_xcom_args to None, run_after=None
[2024-07-19T06:33:48.133+0000] {logging_mixin.py:188} INFO - [2024-07-19T06:33:48.132+0000] {dag.py:3947} INFO - Setting next_dagrun for example_xcom_args_with_operators to None, run_after=None
[2024-07-19T06:33:48.183+0000] {processor.py:183} INFO - Processing /home/airflow/.local/lib/python3.12/site-packages/airflow/example_dags/example_xcomargs.py took 0.226 seconds
[2024-07-19T06:34:18.366+0000] {processor.py:161} INFO - Started process (PID=8866) to work on /home/airflow/.local/lib/python3.12/site-packages/airflow/example_dags/example_xcomargs.py
[2024-07-19T06:34:18.368+0000] {processor.py:830} INFO - Processing file /home/airflow/.local/lib/python3.12/site-packages/airflow/example_dags/example_xcomargs.py for tasks to queue
[2024-07-19T06:34:18.370+0000] {logging_mixin.py:188} INFO - [2024-07-19T06:34:18.369+0000] {dagbag.py:545} INFO - Filling up the DagBag from /home/airflow/.local/lib/python3.12/site-packages/airflow/example_dags/example_xcomargs.py
[2024-07-19T06:34:18.389+0000] {processor.py:840} INFO - DAG(s) 'example_xcom_args_with_operators', 'example_xcom_args' retrieved from /home/airflow/.local/lib/python3.12/site-packages/airflow/example_dags/example_xcomargs.py
[2024-07-19T06:34:18.432+0000] {logging_mixin.py:188} INFO - [2024-07-19T06:34:18.431+0000] {dag.py:3089} INFO - Sync 2 DAGs
[2024-07-19T06:34:18.460+0000] {logging_mixin.py:188} INFO - [2024-07-19T06:34:18.460+0000] {dag.py:3947} INFO - Setting next_dagrun for example_xcom_args to None, run_after=None
[2024-07-19T06:34:18.467+0000] {logging_mixin.py:188} INFO - [2024-07-19T06:34:18.467+0000] {dag.py:3947} INFO - Setting next_dagrun for example_xcom_args_with_operators to None, run_after=None
[2024-07-19T06:34:18.506+0000] {processor.py:183} INFO - Processing /home/airflow/.local/lib/python3.12/site-packages/airflow/example_dags/example_xcomargs.py took 0.152 seconds
[2024-07-19T06:34:48.679+0000] {processor.py:161} INFO - Started process (PID=8925) to work on /home/airflow/.local/lib/python3.12/site-packages/airflow/example_dags/example_xcomargs.py
[2024-07-19T06:34:48.680+0000] {processor.py:830} INFO - Processing file /home/airflow/.local/lib/python3.12/site-packages/airflow/example_dags/example_xcomargs.py for tasks to queue
[2024-07-19T06:34:48.682+0000] {logging_mixin.py:188} INFO - [2024-07-19T06:34:48.681+0000] {dagbag.py:545} INFO - Filling up the DagBag from /home/airflow/.local/lib/python3.12/site-packages/airflow/example_dags/example_xcomargs.py
[2024-07-19T06:34:48.692+0000] {processor.py:840} INFO - DAG(s) 'example_xcom_args_with_operators', 'example_xcom_args' retrieved from /home/airflow/.local/lib/python3.12/site-packages/airflow/example_dags/example_xcomargs.py
[2024-07-19T06:34:48.726+0000] {logging_mixin.py:188} INFO - [2024-07-19T06:34:48.726+0000] {dag.py:3089} INFO - Sync 2 DAGs
[2024-07-19T06:34:48.744+0000] {logging_mixin.py:188} INFO - [2024-07-19T06:34:48.744+0000] {dag.py:3947} INFO - Setting next_dagrun for example_xcom_args to None, run_after=None
[2024-07-19T06:34:48.749+0000] {logging_mixin.py:188} INFO - [2024-07-19T06:34:48.749+0000] {dag.py:3947} INFO - Setting next_dagrun for example_xcom_args_with_operators to None, run_after=None
[2024-07-19T06:34:48.772+0000] {processor.py:183} INFO - Processing /home/airflow/.local/lib/python3.12/site-packages/airflow/example_dags/example_xcomargs.py took 0.101 seconds
[2024-07-19T06:35:18.888+0000] {processor.py:161} INFO - Started process (PID=8983) to work on /home/airflow/.local/lib/python3.12/site-packages/airflow/example_dags/example_xcomargs.py
[2024-07-19T06:35:18.889+0000] {processor.py:830} INFO - Processing file /home/airflow/.local/lib/python3.12/site-packages/airflow/example_dags/example_xcomargs.py for tasks to queue
[2024-07-19T06:35:18.891+0000] {logging_mixin.py:188} INFO - [2024-07-19T06:35:18.891+0000] {dagbag.py:545} INFO - Filling up the DagBag from /home/airflow/.local/lib/python3.12/site-packages/airflow/example_dags/example_xcomargs.py
[2024-07-19T06:35:18.903+0000] {processor.py:840} INFO - DAG(s) 'example_xcom_args', 'example_xcom_args_with_operators' retrieved from /home/airflow/.local/lib/python3.12/site-packages/airflow/example_dags/example_xcomargs.py
[2024-07-19T06:35:18.937+0000] {logging_mixin.py:188} INFO - [2024-07-19T06:35:18.936+0000] {dag.py:3089} INFO - Sync 2 DAGs
[2024-07-19T06:35:18.955+0000] {logging_mixin.py:188} INFO - [2024-07-19T06:35:18.955+0000] {dag.py:3947} INFO - Setting next_dagrun for example_xcom_args to None, run_after=None
[2024-07-19T06:35:18.961+0000] {logging_mixin.py:188} INFO - [2024-07-19T06:35:18.961+0000] {dag.py:3947} INFO - Setting next_dagrun for example_xcom_args_with_operators to None, run_after=None
[2024-07-19T06:35:18.994+0000] {processor.py:183} INFO - Processing /home/airflow/.local/lib/python3.12/site-packages/airflow/example_dags/example_xcomargs.py took 0.114 seconds
[2024-07-19T06:35:49.193+0000] {processor.py:161} INFO - Started process (PID=9043) to work on /home/airflow/.local/lib/python3.12/site-packages/airflow/example_dags/example_xcomargs.py
[2024-07-19T06:35:49.196+0000] {processor.py:830} INFO - Processing file /home/airflow/.local/lib/python3.12/site-packages/airflow/example_dags/example_xcomargs.py for tasks to queue
[2024-07-19T06:35:49.198+0000] {logging_mixin.py:188} INFO - [2024-07-19T06:35:49.197+0000] {dagbag.py:545} INFO - Filling up the DagBag from /home/airflow/.local/lib/python3.12/site-packages/airflow/example_dags/example_xcomargs.py
[2024-07-19T06:35:49.208+0000] {processor.py:840} INFO - DAG(s) 'example_xcom_args_with_operators', 'example_xcom_args' retrieved from /home/airflow/.local/lib/python3.12/site-packages/airflow/example_dags/example_xcomargs.py
[2024-07-19T06:35:49.238+0000] {logging_mixin.py:188} INFO - [2024-07-19T06:35:49.238+0000] {dag.py:3089} INFO - Sync 2 DAGs
[2024-07-19T06:35:49.254+0000] {logging_mixin.py:188} INFO - [2024-07-19T06:35:49.253+0000] {dag.py:3947} INFO - Setting next_dagrun for example_xcom_args to None, run_after=None
[2024-07-19T06:35:49.258+0000] {logging_mixin.py:188} INFO - [2024-07-19T06:35:49.257+0000] {dag.py:3947} INFO - Setting next_dagrun for example_xcom_args_with_operators to None, run_after=None
[2024-07-19T06:35:49.277+0000] {processor.py:183} INFO - Processing /home/airflow/.local/lib/python3.12/site-packages/airflow/example_dags/example_xcomargs.py took 0.091 seconds
[2024-07-19T06:36:19.683+0000] {processor.py:161} INFO - Started process (PID=9103) to work on /home/airflow/.local/lib/python3.12/site-packages/airflow/example_dags/example_xcomargs.py
[2024-07-19T06:36:19.685+0000] {processor.py:830} INFO - Processing file /home/airflow/.local/lib/python3.12/site-packages/airflow/example_dags/example_xcomargs.py for tasks to queue
[2024-07-19T06:36:19.687+0000] {logging_mixin.py:188} INFO - [2024-07-19T06:36:19.686+0000] {dagbag.py:545} INFO - Filling up the DagBag from /home/airflow/.local/lib/python3.12/site-packages/airflow/example_dags/example_xcomargs.py
[2024-07-19T06:36:19.710+0000] {processor.py:840} INFO - DAG(s) 'example_xcom_args_with_operators', 'example_xcom_args' retrieved from /home/airflow/.local/lib/python3.12/site-packages/airflow/example_dags/example_xcomargs.py
[2024-07-19T06:36:19.769+0000] {logging_mixin.py:188} INFO - [2024-07-19T06:36:19.769+0000] {dag.py:3089} INFO - Sync 2 DAGs
[2024-07-19T06:36:19.797+0000] {logging_mixin.py:188} INFO - [2024-07-19T06:36:19.797+0000] {dag.py:3947} INFO - Setting next_dagrun for example_xcom_args to None, run_after=None
[2024-07-19T06:36:19.805+0000] {logging_mixin.py:188} INFO - [2024-07-19T06:36:19.804+0000] {dag.py:3947} INFO - Setting next_dagrun for example_xcom_args_with_operators to None, run_after=None
[2024-07-19T06:36:19.851+0000] {processor.py:183} INFO - Processing /home/airflow/.local/lib/python3.12/site-packages/airflow/example_dags/example_xcomargs.py took 0.180 seconds
[2024-07-19T06:36:50.243+0000] {processor.py:161} INFO - Started process (PID=9163) to work on /home/airflow/.local/lib/python3.12/site-packages/airflow/example_dags/example_xcomargs.py
[2024-07-19T06:36:50.245+0000] {processor.py:830} INFO - Processing file /home/airflow/.local/lib/python3.12/site-packages/airflow/example_dags/example_xcomargs.py for tasks to queue
[2024-07-19T06:36:50.247+0000] {logging_mixin.py:188} INFO - [2024-07-19T06:36:50.246+0000] {dagbag.py:545} INFO - Filling up the DagBag from /home/airflow/.local/lib/python3.12/site-packages/airflow/example_dags/example_xcomargs.py
[2024-07-19T06:36:50.261+0000] {processor.py:840} INFO - DAG(s) 'example_xcom_args_with_operators', 'example_xcom_args' retrieved from /home/airflow/.local/lib/python3.12/site-packages/airflow/example_dags/example_xcomargs.py
[2024-07-19T06:36:50.302+0000] {logging_mixin.py:188} INFO - [2024-07-19T06:36:50.301+0000] {dag.py:3089} INFO - Sync 2 DAGs
[2024-07-19T06:36:50.326+0000] {logging_mixin.py:188} INFO - [2024-07-19T06:36:50.325+0000] {dag.py:3947} INFO - Setting next_dagrun for example_xcom_args to None, run_after=None
[2024-07-19T06:36:50.335+0000] {logging_mixin.py:188} INFO - [2024-07-19T06:36:50.334+0000] {dag.py:3947} INFO - Setting next_dagrun for example_xcom_args_with_operators to None, run_after=None
[2024-07-19T06:36:50.590+0000] {processor.py:183} INFO - Processing /home/airflow/.local/lib/python3.12/site-packages/airflow/example_dags/example_xcomargs.py took 0.357 seconds
[2024-07-19T06:37:21.110+0000] {processor.py:161} INFO - Started process (PID=9223) to work on /home/airflow/.local/lib/python3.12/site-packages/airflow/example_dags/example_xcomargs.py
[2024-07-19T06:37:21.114+0000] {processor.py:830} INFO - Processing file /home/airflow/.local/lib/python3.12/site-packages/airflow/example_dags/example_xcomargs.py for tasks to queue
[2024-07-19T06:37:21.119+0000] {logging_mixin.py:188} INFO - [2024-07-19T06:37:21.117+0000] {dagbag.py:545} INFO - Filling up the DagBag from /home/airflow/.local/lib/python3.12/site-packages/airflow/example_dags/example_xcomargs.py
[2024-07-19T06:37:21.140+0000] {processor.py:840} INFO - DAG(s) 'example_xcom_args_with_operators', 'example_xcom_args' retrieved from /home/airflow/.local/lib/python3.12/site-packages/airflow/example_dags/example_xcomargs.py
[2024-07-19T06:37:21.187+0000] {logging_mixin.py:188} INFO - [2024-07-19T06:37:21.186+0000] {dag.py:3089} INFO - Sync 2 DAGs
[2024-07-19T06:37:21.210+0000] {logging_mixin.py:188} INFO - [2024-07-19T06:37:21.209+0000] {dag.py:3947} INFO - Setting next_dagrun for example_xcom_args to None, run_after=None
[2024-07-19T06:37:21.217+0000] {logging_mixin.py:188} INFO - [2024-07-19T06:37:21.216+0000] {dag.py:3947} INFO - Setting next_dagrun for example_xcom_args_with_operators to None, run_after=None
[2024-07-19T06:37:21.243+0000] {processor.py:183} INFO - Processing /home/airflow/.local/lib/python3.12/site-packages/airflow/example_dags/example_xcomargs.py took 0.149 seconds
[2024-07-19T06:37:51.518+0000] {processor.py:161} INFO - Started process (PID=9283) to work on /home/airflow/.local/lib/python3.12/site-packages/airflow/example_dags/example_xcomargs.py
[2024-07-19T06:37:51.519+0000] {processor.py:830} INFO - Processing file /home/airflow/.local/lib/python3.12/site-packages/airflow/example_dags/example_xcomargs.py for tasks to queue
[2024-07-19T06:37:51.520+0000] {logging_mixin.py:188} INFO - [2024-07-19T06:37:51.520+0000] {dagbag.py:545} INFO - Filling up the DagBag from /home/airflow/.local/lib/python3.12/site-packages/airflow/example_dags/example_xcomargs.py
[2024-07-19T06:37:51.530+0000] {processor.py:840} INFO - DAG(s) 'example_xcom_args', 'example_xcom_args_with_operators' retrieved from /home/airflow/.local/lib/python3.12/site-packages/airflow/example_dags/example_xcomargs.py
[2024-07-19T06:37:51.558+0000] {logging_mixin.py:188} INFO - [2024-07-19T06:37:51.558+0000] {dag.py:3089} INFO - Sync 2 DAGs
[2024-07-19T06:37:51.573+0000] {logging_mixin.py:188} INFO - [2024-07-19T06:37:51.572+0000] {dag.py:3947} INFO - Setting next_dagrun for example_xcom_args to None, run_after=None
[2024-07-19T06:37:51.576+0000] {logging_mixin.py:188} INFO - [2024-07-19T06:37:51.576+0000] {dag.py:3947} INFO - Setting next_dagrun for example_xcom_args_with_operators to None, run_after=None
[2024-07-19T06:37:51.594+0000] {processor.py:183} INFO - Processing /home/airflow/.local/lib/python3.12/site-packages/airflow/example_dags/example_xcomargs.py took 0.083 seconds
[2024-07-19T06:38:22.189+0000] {processor.py:161} INFO - Started process (PID=9343) to work on /home/airflow/.local/lib/python3.12/site-packages/airflow/example_dags/example_xcomargs.py
[2024-07-19T06:38:22.190+0000] {processor.py:830} INFO - Processing file /home/airflow/.local/lib/python3.12/site-packages/airflow/example_dags/example_xcomargs.py for tasks to queue
[2024-07-19T06:38:22.192+0000] {logging_mixin.py:188} INFO - [2024-07-19T06:38:22.191+0000] {dagbag.py:545} INFO - Filling up the DagBag from /home/airflow/.local/lib/python3.12/site-packages/airflow/example_dags/example_xcomargs.py
[2024-07-19T06:38:22.207+0000] {processor.py:840} INFO - DAG(s) 'example_xcom_args', 'example_xcom_args_with_operators' retrieved from /home/airflow/.local/lib/python3.12/site-packages/airflow/example_dags/example_xcomargs.py
[2024-07-19T06:38:22.256+0000] {logging_mixin.py:188} INFO - [2024-07-19T06:38:22.255+0000] {dag.py:3089} INFO - Sync 2 DAGs
[2024-07-19T06:38:22.292+0000] {logging_mixin.py:188} INFO - [2024-07-19T06:38:22.291+0000] {dag.py:3947} INFO - Setting next_dagrun for example_xcom_args to None, run_after=None
[2024-07-19T06:38:22.299+0000] {logging_mixin.py:188} INFO - [2024-07-19T06:38:22.298+0000] {dag.py:3947} INFO - Setting next_dagrun for example_xcom_args_with_operators to None, run_after=None
[2024-07-19T06:38:22.332+0000] {processor.py:183} INFO - Processing /home/airflow/.local/lib/python3.12/site-packages/airflow/example_dags/example_xcomargs.py took 0.154 seconds
[2024-07-19T06:38:52.381+0000] {processor.py:161} INFO - Started process (PID=9401) to work on /home/airflow/.local/lib/python3.12/site-packages/airflow/example_dags/example_xcomargs.py
[2024-07-19T06:38:52.384+0000] {processor.py:830} INFO - Processing file /home/airflow/.local/lib/python3.12/site-packages/airflow/example_dags/example_xcomargs.py for tasks to queue
[2024-07-19T06:38:52.387+0000] {logging_mixin.py:188} INFO - [2024-07-19T06:38:52.386+0000] {dagbag.py:545} INFO - Filling up the DagBag from /home/airflow/.local/lib/python3.12/site-packages/airflow/example_dags/example_xcomargs.py
[2024-07-19T06:38:52.404+0000] {processor.py:840} INFO - DAG(s) 'example_xcom_args', 'example_xcom_args_with_operators' retrieved from /home/airflow/.local/lib/python3.12/site-packages/airflow/example_dags/example_xcomargs.py
[2024-07-19T06:38:52.440+0000] {logging_mixin.py:188} INFO - [2024-07-19T06:38:52.439+0000] {dag.py:3089} INFO - Sync 2 DAGs
[2024-07-19T06:38:52.461+0000] {logging_mixin.py:188} INFO - [2024-07-19T06:38:52.460+0000] {dag.py:3947} INFO - Setting next_dagrun for example_xcom_args to None, run_after=None
[2024-07-19T06:38:52.466+0000] {logging_mixin.py:188} INFO - [2024-07-19T06:38:52.466+0000] {dag.py:3947} INFO - Setting next_dagrun for example_xcom_args_with_operators to None, run_after=None
[2024-07-19T06:38:52.491+0000] {processor.py:183} INFO - Processing /home/airflow/.local/lib/python3.12/site-packages/airflow/example_dags/example_xcomargs.py took 0.121 seconds
