[2024-07-19T00:38:14.245+0000] {processor.py:161} INFO - Started process (PID=6084) to work on /home/airflow/.local/lib/python3.12/site-packages/airflow/example_dags/example_trigger_controller_dag.py
[2024-07-19T00:38:14.246+0000] {processor.py:830} INFO - Processing file /home/airflow/.local/lib/python3.12/site-packages/airflow/example_dags/example_trigger_controller_dag.py for tasks to queue
[2024-07-19T00:38:14.248+0000] {logging_mixin.py:188} INFO - [2024-07-19T00:38:14.247+0000] {dagbag.py:545} INFO - Filling up the DagBag from /home/airflow/.local/lib/python3.12/site-packages/airflow/example_dags/example_trigger_controller_dag.py
[2024-07-19T00:38:14.254+0000] {processor.py:840} INFO - DAG(s) 'example_trigger_controller_dag' retrieved from /home/airflow/.local/lib/python3.12/site-packages/airflow/example_dags/example_trigger_controller_dag.py
[2024-07-19T00:38:14.278+0000] {logging_mixin.py:188} INFO - [2024-07-19T00:38:14.277+0000] {dag.py:3089} INFO - Sync 1 DAGs
[2024-07-19T00:38:14.301+0000] {logging_mixin.py:188} INFO - [2024-07-19T00:38:14.301+0000] {dag.py:3947} INFO - Setting next_dagrun for example_trigger_controller_dag to 2021-01-01 00:00:00+00:00, run_after=2021-01-01 00:00:00+00:00
[2024-07-19T00:38:14.360+0000] {processor.py:183} INFO - Processing /home/airflow/.local/lib/python3.12/site-packages/airflow/example_dags/example_trigger_controller_dag.py took 0.122 seconds
[2024-07-19T02:38:45.619+0000] {processor.py:161} INFO - Started process (PID=6144) to work on /home/airflow/.local/lib/python3.12/site-packages/airflow/example_dags/example_trigger_controller_dag.py
[2024-07-19T02:38:45.621+0000] {processor.py:830} INFO - Processing file /home/airflow/.local/lib/python3.12/site-packages/airflow/example_dags/example_trigger_controller_dag.py for tasks to queue
[2024-07-19T02:38:45.622+0000] {logging_mixin.py:188} INFO - [2024-07-19T02:38:45.622+0000] {dagbag.py:545} INFO - Filling up the DagBag from /home/airflow/.local/lib/python3.12/site-packages/airflow/example_dags/example_trigger_controller_dag.py
[2024-07-19T02:38:45.627+0000] {processor.py:840} INFO - DAG(s) 'example_trigger_controller_dag' retrieved from /home/airflow/.local/lib/python3.12/site-packages/airflow/example_dags/example_trigger_controller_dag.py
[2024-07-19T02:38:45.650+0000] {logging_mixin.py:188} INFO - [2024-07-19T02:38:45.650+0000] {dag.py:3089} INFO - Sync 1 DAGs
[2024-07-19T02:38:45.700+0000] {logging_mixin.py:188} INFO - [2024-07-19T02:38:45.699+0000] {dag.py:3947} INFO - Setting next_dagrun for example_trigger_controller_dag to 2021-01-01 00:00:00+00:00, run_after=2021-01-01 00:00:00+00:00
[2024-07-19T02:38:45.719+0000] {processor.py:183} INFO - Processing /home/airflow/.local/lib/python3.12/site-packages/airflow/example_dags/example_trigger_controller_dag.py took 0.106 seconds
[2024-07-19T05:26:57.017+0000] {processor.py:161} INFO - Started process (PID=6204) to work on /home/airflow/.local/lib/python3.12/site-packages/airflow/example_dags/example_trigger_controller_dag.py
[2024-07-19T05:26:57.018+0000] {processor.py:830} INFO - Processing file /home/airflow/.local/lib/python3.12/site-packages/airflow/example_dags/example_trigger_controller_dag.py for tasks to queue
[2024-07-19T05:26:57.020+0000] {logging_mixin.py:188} INFO - [2024-07-19T05:26:57.019+0000] {dagbag.py:545} INFO - Filling up the DagBag from /home/airflow/.local/lib/python3.12/site-packages/airflow/example_dags/example_trigger_controller_dag.py
[2024-07-19T05:26:57.026+0000] {processor.py:840} INFO - DAG(s) 'example_trigger_controller_dag' retrieved from /home/airflow/.local/lib/python3.12/site-packages/airflow/example_dags/example_trigger_controller_dag.py
[2024-07-19T05:26:57.051+0000] {logging_mixin.py:188} INFO - [2024-07-19T05:26:57.050+0000] {dag.py:3089} INFO - Sync 1 DAGs
[2024-07-19T05:26:57.075+0000] {logging_mixin.py:188} INFO - [2024-07-19T05:26:57.075+0000] {dag.py:3947} INFO - Setting next_dagrun for example_trigger_controller_dag to 2021-01-01 00:00:00+00:00, run_after=2021-01-01 00:00:00+00:00
[2024-07-19T05:26:57.098+0000] {processor.py:183} INFO - Processing /home/airflow/.local/lib/python3.12/site-packages/airflow/example_dags/example_trigger_controller_dag.py took 0.089 seconds
[2024-07-19T06:12:01.681+0000] {processor.py:161} INFO - Started process (PID=6258) to work on /home/airflow/.local/lib/python3.12/site-packages/airflow/example_dags/example_trigger_controller_dag.py
[2024-07-19T06:12:01.683+0000] {processor.py:830} INFO - Processing file /home/airflow/.local/lib/python3.12/site-packages/airflow/example_dags/example_trigger_controller_dag.py for tasks to queue
[2024-07-19T06:12:01.685+0000] {logging_mixin.py:188} INFO - [2024-07-19T06:12:01.684+0000] {dagbag.py:545} INFO - Filling up the DagBag from /home/airflow/.local/lib/python3.12/site-packages/airflow/example_dags/example_trigger_controller_dag.py
[2024-07-19T06:12:01.692+0000] {processor.py:840} INFO - DAG(s) 'example_trigger_controller_dag' retrieved from /home/airflow/.local/lib/python3.12/site-packages/airflow/example_dags/example_trigger_controller_dag.py
[2024-07-19T06:12:01.722+0000] {logging_mixin.py:188} INFO - [2024-07-19T06:12:01.721+0000] {dag.py:3089} INFO - Sync 1 DAGs
[2024-07-19T06:12:01.782+0000] {logging_mixin.py:188} INFO - [2024-07-19T06:12:01.781+0000] {dag.py:3947} INFO - Setting next_dagrun for example_trigger_controller_dag to 2021-01-01 00:00:00+00:00, run_after=2021-01-01 00:00:00+00:00
[2024-07-19T06:12:01.800+0000] {processor.py:183} INFO - Processing /home/airflow/.local/lib/python3.12/site-packages/airflow/example_dags/example_trigger_controller_dag.py took 0.129 seconds
[2024-07-19T06:12:33.166+0000] {processor.py:161} INFO - Started process (PID=6318) to work on /home/airflow/.local/lib/python3.12/site-packages/airflow/example_dags/example_trigger_controller_dag.py
[2024-07-19T06:12:33.167+0000] {processor.py:830} INFO - Processing file /home/airflow/.local/lib/python3.12/site-packages/airflow/example_dags/example_trigger_controller_dag.py for tasks to queue
[2024-07-19T06:12:33.169+0000] {logging_mixin.py:188} INFO - [2024-07-19T06:12:33.168+0000] {dagbag.py:545} INFO - Filling up the DagBag from /home/airflow/.local/lib/python3.12/site-packages/airflow/example_dags/example_trigger_controller_dag.py
[2024-07-19T06:12:33.177+0000] {processor.py:840} INFO - DAG(s) 'example_trigger_controller_dag' retrieved from /home/airflow/.local/lib/python3.12/site-packages/airflow/example_dags/example_trigger_controller_dag.py
[2024-07-19T06:12:33.209+0000] {logging_mixin.py:188} INFO - [2024-07-19T06:12:33.208+0000] {dag.py:3089} INFO - Sync 1 DAGs
[2024-07-19T06:12:33.245+0000] {logging_mixin.py:188} INFO - [2024-07-19T06:12:33.245+0000] {dag.py:3947} INFO - Setting next_dagrun for example_trigger_controller_dag to 2021-01-01 00:00:00+00:00, run_after=2021-01-01 00:00:00+00:00
[2024-07-19T06:12:33.281+0000] {processor.py:183} INFO - Processing /home/airflow/.local/lib/python3.12/site-packages/airflow/example_dags/example_trigger_controller_dag.py took 0.126 seconds
[2024-07-19T06:13:04.247+0000] {processor.py:161} INFO - Started process (PID=6384) to work on /home/airflow/.local/lib/python3.12/site-packages/airflow/example_dags/example_trigger_controller_dag.py
[2024-07-19T06:13:04.249+0000] {processor.py:830} INFO - Processing file /home/airflow/.local/lib/python3.12/site-packages/airflow/example_dags/example_trigger_controller_dag.py for tasks to queue
[2024-07-19T06:13:04.250+0000] {logging_mixin.py:188} INFO - [2024-07-19T06:13:04.250+0000] {dagbag.py:545} INFO - Filling up the DagBag from /home/airflow/.local/lib/python3.12/site-packages/airflow/example_dags/example_trigger_controller_dag.py
[2024-07-19T06:13:04.257+0000] {processor.py:840} INFO - DAG(s) 'example_trigger_controller_dag' retrieved from /home/airflow/.local/lib/python3.12/site-packages/airflow/example_dags/example_trigger_controller_dag.py
[2024-07-19T06:13:04.286+0000] {logging_mixin.py:188} INFO - [2024-07-19T06:13:04.286+0000] {dag.py:3089} INFO - Sync 1 DAGs
[2024-07-19T06:13:04.315+0000] {logging_mixin.py:188} INFO - [2024-07-19T06:13:04.314+0000] {dag.py:3947} INFO - Setting next_dagrun for example_trigger_controller_dag to 2021-01-01 00:00:00+00:00, run_after=2021-01-01 00:00:00+00:00
[2024-07-19T06:13:04.340+0000] {processor.py:183} INFO - Processing /home/airflow/.local/lib/python3.12/site-packages/airflow/example_dags/example_trigger_controller_dag.py took 0.105 seconds
[2024-07-19T06:13:34.988+0000] {processor.py:161} INFO - Started process (PID=6444) to work on /home/airflow/.local/lib/python3.12/site-packages/airflow/example_dags/example_trigger_controller_dag.py
[2024-07-19T06:13:34.989+0000] {processor.py:830} INFO - Processing file /home/airflow/.local/lib/python3.12/site-packages/airflow/example_dags/example_trigger_controller_dag.py for tasks to queue
[2024-07-19T06:13:34.991+0000] {logging_mixin.py:188} INFO - [2024-07-19T06:13:34.990+0000] {dagbag.py:545} INFO - Filling up the DagBag from /home/airflow/.local/lib/python3.12/site-packages/airflow/example_dags/example_trigger_controller_dag.py
[2024-07-19T06:13:34.996+0000] {processor.py:840} INFO - DAG(s) 'example_trigger_controller_dag' retrieved from /home/airflow/.local/lib/python3.12/site-packages/airflow/example_dags/example_trigger_controller_dag.py
[2024-07-19T06:13:35.024+0000] {logging_mixin.py:188} INFO - [2024-07-19T06:13:35.024+0000] {dag.py:3089} INFO - Sync 1 DAGs
[2024-07-19T06:13:35.052+0000] {logging_mixin.py:188} INFO - [2024-07-19T06:13:35.052+0000] {dag.py:3947} INFO - Setting next_dagrun for example_trigger_controller_dag to 2021-01-01 00:00:00+00:00, run_after=2021-01-01 00:00:00+00:00
[2024-07-19T06:13:35.076+0000] {processor.py:183} INFO - Processing /home/airflow/.local/lib/python3.12/site-packages/airflow/example_dags/example_trigger_controller_dag.py took 0.096 seconds
[2024-07-19T06:14:05.926+0000] {processor.py:161} INFO - Started process (PID=6504) to work on /home/airflow/.local/lib/python3.12/site-packages/airflow/example_dags/example_trigger_controller_dag.py
[2024-07-19T06:14:05.928+0000] {processor.py:830} INFO - Processing file /home/airflow/.local/lib/python3.12/site-packages/airflow/example_dags/example_trigger_controller_dag.py for tasks to queue
[2024-07-19T06:14:05.929+0000] {logging_mixin.py:188} INFO - [2024-07-19T06:14:05.929+0000] {dagbag.py:545} INFO - Filling up the DagBag from /home/airflow/.local/lib/python3.12/site-packages/airflow/example_dags/example_trigger_controller_dag.py
[2024-07-19T06:14:05.936+0000] {processor.py:840} INFO - DAG(s) 'example_trigger_controller_dag' retrieved from /home/airflow/.local/lib/python3.12/site-packages/airflow/example_dags/example_trigger_controller_dag.py
[2024-07-19T06:14:05.965+0000] {logging_mixin.py:188} INFO - [2024-07-19T06:14:05.965+0000] {dag.py:3089} INFO - Sync 1 DAGs
[2024-07-19T06:14:05.997+0000] {logging_mixin.py:188} INFO - [2024-07-19T06:14:05.997+0000] {dag.py:3947} INFO - Setting next_dagrun for example_trigger_controller_dag to 2021-01-01 00:00:00+00:00, run_after=2021-01-01 00:00:00+00:00
[2024-07-19T06:14:06.022+0000] {processor.py:183} INFO - Processing /home/airflow/.local/lib/python3.12/site-packages/airflow/example_dags/example_trigger_controller_dag.py took 0.107 seconds
[2024-07-19T06:14:36.509+0000] {processor.py:161} INFO - Started process (PID=6564) to work on /home/airflow/.local/lib/python3.12/site-packages/airflow/example_dags/example_trigger_controller_dag.py
[2024-07-19T06:14:36.511+0000] {processor.py:830} INFO - Processing file /home/airflow/.local/lib/python3.12/site-packages/airflow/example_dags/example_trigger_controller_dag.py for tasks to queue
[2024-07-19T06:14:36.513+0000] {logging_mixin.py:188} INFO - [2024-07-19T06:14:36.512+0000] {dagbag.py:545} INFO - Filling up the DagBag from /home/airflow/.local/lib/python3.12/site-packages/airflow/example_dags/example_trigger_controller_dag.py
[2024-07-19T06:14:36.585+0000] {processor.py:840} INFO - DAG(s) 'example_trigger_controller_dag' retrieved from /home/airflow/.local/lib/python3.12/site-packages/airflow/example_dags/example_trigger_controller_dag.py
[2024-07-19T06:14:36.608+0000] {logging_mixin.py:188} INFO - [2024-07-19T06:14:36.608+0000] {dag.py:3089} INFO - Sync 1 DAGs
[2024-07-19T06:14:36.633+0000] {logging_mixin.py:188} INFO - [2024-07-19T06:14:36.633+0000] {dag.py:3947} INFO - Setting next_dagrun for example_trigger_controller_dag to 2021-01-01 00:00:00+00:00, run_after=2021-01-01 00:00:00+00:00
[2024-07-19T06:14:36.655+0000] {processor.py:183} INFO - Processing /home/airflow/.local/lib/python3.12/site-packages/airflow/example_dags/example_trigger_controller_dag.py took 0.155 seconds
[2024-07-19T06:15:07.478+0000] {processor.py:161} INFO - Started process (PID=6624) to work on /home/airflow/.local/lib/python3.12/site-packages/airflow/example_dags/example_trigger_controller_dag.py
[2024-07-19T06:15:07.479+0000] {processor.py:830} INFO - Processing file /home/airflow/.local/lib/python3.12/site-packages/airflow/example_dags/example_trigger_controller_dag.py for tasks to queue
[2024-07-19T06:15:07.481+0000] {logging_mixin.py:188} INFO - [2024-07-19T06:15:07.480+0000] {dagbag.py:545} INFO - Filling up the DagBag from /home/airflow/.local/lib/python3.12/site-packages/airflow/example_dags/example_trigger_controller_dag.py
[2024-07-19T06:15:07.487+0000] {processor.py:840} INFO - DAG(s) 'example_trigger_controller_dag' retrieved from /home/airflow/.local/lib/python3.12/site-packages/airflow/example_dags/example_trigger_controller_dag.py
[2024-07-19T06:15:07.513+0000] {logging_mixin.py:188} INFO - [2024-07-19T06:15:07.513+0000] {dag.py:3089} INFO - Sync 1 DAGs
[2024-07-19T06:15:07.538+0000] {logging_mixin.py:188} INFO - [2024-07-19T06:15:07.538+0000] {dag.py:3947} INFO - Setting next_dagrun for example_trigger_controller_dag to 2021-01-01 00:00:00+00:00, run_after=2021-01-01 00:00:00+00:00
[2024-07-19T06:15:07.559+0000] {processor.py:183} INFO - Processing /home/airflow/.local/lib/python3.12/site-packages/airflow/example_dags/example_trigger_controller_dag.py took 0.089 seconds
[2024-07-19T06:15:38.468+0000] {processor.py:161} INFO - Started process (PID=6684) to work on /home/airflow/.local/lib/python3.12/site-packages/airflow/example_dags/example_trigger_controller_dag.py
[2024-07-19T06:15:38.470+0000] {processor.py:830} INFO - Processing file /home/airflow/.local/lib/python3.12/site-packages/airflow/example_dags/example_trigger_controller_dag.py for tasks to queue
[2024-07-19T06:15:38.472+0000] {logging_mixin.py:188} INFO - [2024-07-19T06:15:38.471+0000] {dagbag.py:545} INFO - Filling up the DagBag from /home/airflow/.local/lib/python3.12/site-packages/airflow/example_dags/example_trigger_controller_dag.py
[2024-07-19T06:15:38.478+0000] {processor.py:840} INFO - DAG(s) 'example_trigger_controller_dag' retrieved from /home/airflow/.local/lib/python3.12/site-packages/airflow/example_dags/example_trigger_controller_dag.py
[2024-07-19T06:15:38.508+0000] {logging_mixin.py:188} INFO - [2024-07-19T06:15:38.508+0000] {dag.py:3089} INFO - Sync 1 DAGs
[2024-07-19T06:15:38.538+0000] {logging_mixin.py:188} INFO - [2024-07-19T06:15:38.538+0000] {dag.py:3947} INFO - Setting next_dagrun for example_trigger_controller_dag to 2021-01-01 00:00:00+00:00, run_after=2021-01-01 00:00:00+00:00
[2024-07-19T06:15:38.566+0000] {processor.py:183} INFO - Processing /home/airflow/.local/lib/python3.12/site-packages/airflow/example_dags/example_trigger_controller_dag.py took 0.106 seconds
[2024-07-19T06:16:09.063+0000] {processor.py:161} INFO - Started process (PID=6744) to work on /home/airflow/.local/lib/python3.12/site-packages/airflow/example_dags/example_trigger_controller_dag.py
[2024-07-19T06:16:09.065+0000] {processor.py:830} INFO - Processing file /home/airflow/.local/lib/python3.12/site-packages/airflow/example_dags/example_trigger_controller_dag.py for tasks to queue
[2024-07-19T06:16:09.067+0000] {logging_mixin.py:188} INFO - [2024-07-19T06:16:09.066+0000] {dagbag.py:545} INFO - Filling up the DagBag from /home/airflow/.local/lib/python3.12/site-packages/airflow/example_dags/example_trigger_controller_dag.py
[2024-07-19T06:16:09.074+0000] {processor.py:840} INFO - DAG(s) 'example_trigger_controller_dag' retrieved from /home/airflow/.local/lib/python3.12/site-packages/airflow/example_dags/example_trigger_controller_dag.py
[2024-07-19T06:16:09.112+0000] {logging_mixin.py:188} INFO - [2024-07-19T06:16:09.110+0000] {dag.py:3089} INFO - Sync 1 DAGs
[2024-07-19T06:16:09.165+0000] {logging_mixin.py:188} INFO - [2024-07-19T06:16:09.164+0000] {dag.py:3947} INFO - Setting next_dagrun for example_trigger_controller_dag to 2021-01-01 00:00:00+00:00, run_after=2021-01-01 00:00:00+00:00
[2024-07-19T06:16:09.221+0000] {processor.py:183} INFO - Processing /home/airflow/.local/lib/python3.12/site-packages/airflow/example_dags/example_trigger_controller_dag.py took 0.170 seconds
[2024-07-19T06:16:40.236+0000] {processor.py:161} INFO - Started process (PID=6804) to work on /home/airflow/.local/lib/python3.12/site-packages/airflow/example_dags/example_trigger_controller_dag.py
[2024-07-19T06:16:40.238+0000] {processor.py:830} INFO - Processing file /home/airflow/.local/lib/python3.12/site-packages/airflow/example_dags/example_trigger_controller_dag.py for tasks to queue
[2024-07-19T06:16:40.241+0000] {logging_mixin.py:188} INFO - [2024-07-19T06:16:40.240+0000] {dagbag.py:545} INFO - Filling up the DagBag from /home/airflow/.local/lib/python3.12/site-packages/airflow/example_dags/example_trigger_controller_dag.py
[2024-07-19T06:16:40.249+0000] {processor.py:840} INFO - DAG(s) 'example_trigger_controller_dag' retrieved from /home/airflow/.local/lib/python3.12/site-packages/airflow/example_dags/example_trigger_controller_dag.py
[2024-07-19T06:16:40.288+0000] {logging_mixin.py:188} INFO - [2024-07-19T06:16:40.287+0000] {dag.py:3089} INFO - Sync 1 DAGs
[2024-07-19T06:16:40.328+0000] {logging_mixin.py:188} INFO - [2024-07-19T06:16:40.327+0000] {dag.py:3947} INFO - Setting next_dagrun for example_trigger_controller_dag to 2021-01-01 00:00:00+00:00, run_after=2021-01-01 00:00:00+00:00
[2024-07-19T06:16:40.361+0000] {processor.py:183} INFO - Processing /home/airflow/.local/lib/python3.12/site-packages/airflow/example_dags/example_trigger_controller_dag.py took 0.135 seconds
[2024-07-19T06:17:11.089+0000] {processor.py:161} INFO - Started process (PID=6864) to work on /home/airflow/.local/lib/python3.12/site-packages/airflow/example_dags/example_trigger_controller_dag.py
[2024-07-19T06:17:11.091+0000] {processor.py:830} INFO - Processing file /home/airflow/.local/lib/python3.12/site-packages/airflow/example_dags/example_trigger_controller_dag.py for tasks to queue
[2024-07-19T06:17:11.092+0000] {logging_mixin.py:188} INFO - [2024-07-19T06:17:11.092+0000] {dagbag.py:545} INFO - Filling up the DagBag from /home/airflow/.local/lib/python3.12/site-packages/airflow/example_dags/example_trigger_controller_dag.py
[2024-07-19T06:17:11.099+0000] {processor.py:840} INFO - DAG(s) 'example_trigger_controller_dag' retrieved from /home/airflow/.local/lib/python3.12/site-packages/airflow/example_dags/example_trigger_controller_dag.py
[2024-07-19T06:17:11.129+0000] {logging_mixin.py:188} INFO - [2024-07-19T06:17:11.128+0000] {dag.py:3089} INFO - Sync 1 DAGs
[2024-07-19T06:17:11.156+0000] {logging_mixin.py:188} INFO - [2024-07-19T06:17:11.155+0000] {dag.py:3947} INFO - Setting next_dagrun for example_trigger_controller_dag to 2021-01-01 00:00:00+00:00, run_after=2021-01-01 00:00:00+00:00
[2024-07-19T06:17:11.179+0000] {processor.py:183} INFO - Processing /home/airflow/.local/lib/python3.12/site-packages/airflow/example_dags/example_trigger_controller_dag.py took 0.099 seconds
[2024-07-19T06:17:41.430+0000] {processor.py:161} INFO - Started process (PID=6924) to work on /home/airflow/.local/lib/python3.12/site-packages/airflow/example_dags/example_trigger_controller_dag.py
[2024-07-19T06:17:41.432+0000] {processor.py:830} INFO - Processing file /home/airflow/.local/lib/python3.12/site-packages/airflow/example_dags/example_trigger_controller_dag.py for tasks to queue
[2024-07-19T06:17:41.433+0000] {logging_mixin.py:188} INFO - [2024-07-19T06:17:41.433+0000] {dagbag.py:545} INFO - Filling up the DagBag from /home/airflow/.local/lib/python3.12/site-packages/airflow/example_dags/example_trigger_controller_dag.py
[2024-07-19T06:17:41.439+0000] {processor.py:840} INFO - DAG(s) 'example_trigger_controller_dag' retrieved from /home/airflow/.local/lib/python3.12/site-packages/airflow/example_dags/example_trigger_controller_dag.py
[2024-07-19T06:17:41.467+0000] {logging_mixin.py:188} INFO - [2024-07-19T06:17:41.466+0000] {dag.py:3089} INFO - Sync 1 DAGs
[2024-07-19T06:17:41.495+0000] {logging_mixin.py:188} INFO - [2024-07-19T06:17:41.495+0000] {dag.py:3947} INFO - Setting next_dagrun for example_trigger_controller_dag to 2021-01-01 00:00:00+00:00, run_after=2021-01-01 00:00:00+00:00
[2024-07-19T06:17:41.518+0000] {processor.py:183} INFO - Processing /home/airflow/.local/lib/python3.12/site-packages/airflow/example_dags/example_trigger_controller_dag.py took 0.097 seconds
[2024-07-19T06:18:11.644+0000] {processor.py:161} INFO - Started process (PID=6984) to work on /home/airflow/.local/lib/python3.12/site-packages/airflow/example_dags/example_trigger_controller_dag.py
[2024-07-19T06:18:11.646+0000] {processor.py:830} INFO - Processing file /home/airflow/.local/lib/python3.12/site-packages/airflow/example_dags/example_trigger_controller_dag.py for tasks to queue
[2024-07-19T06:18:11.647+0000] {logging_mixin.py:188} INFO - [2024-07-19T06:18:11.647+0000] {dagbag.py:545} INFO - Filling up the DagBag from /home/airflow/.local/lib/python3.12/site-packages/airflow/example_dags/example_trigger_controller_dag.py
[2024-07-19T06:18:11.653+0000] {processor.py:840} INFO - DAG(s) 'example_trigger_controller_dag' retrieved from /home/airflow/.local/lib/python3.12/site-packages/airflow/example_dags/example_trigger_controller_dag.py
[2024-07-19T06:18:11.678+0000] {logging_mixin.py:188} INFO - [2024-07-19T06:18:11.678+0000] {dag.py:3089} INFO - Sync 1 DAGs
[2024-07-19T06:18:11.703+0000] {logging_mixin.py:188} INFO - [2024-07-19T06:18:11.703+0000] {dag.py:3947} INFO - Setting next_dagrun for example_trigger_controller_dag to 2021-01-01 00:00:00+00:00, run_after=2021-01-01 00:00:00+00:00
[2024-07-19T06:18:11.730+0000] {processor.py:183} INFO - Processing /home/airflow/.local/lib/python3.12/site-packages/airflow/example_dags/example_trigger_controller_dag.py took 0.093 seconds
[2024-07-19T06:18:42.256+0000] {processor.py:161} INFO - Started process (PID=7044) to work on /home/airflow/.local/lib/python3.12/site-packages/airflow/example_dags/example_trigger_controller_dag.py
[2024-07-19T06:18:42.258+0000] {processor.py:830} INFO - Processing file /home/airflow/.local/lib/python3.12/site-packages/airflow/example_dags/example_trigger_controller_dag.py for tasks to queue
[2024-07-19T06:18:42.259+0000] {logging_mixin.py:188} INFO - [2024-07-19T06:18:42.259+0000] {dagbag.py:545} INFO - Filling up the DagBag from /home/airflow/.local/lib/python3.12/site-packages/airflow/example_dags/example_trigger_controller_dag.py
[2024-07-19T06:18:42.265+0000] {processor.py:840} INFO - DAG(s) 'example_trigger_controller_dag' retrieved from /home/airflow/.local/lib/python3.12/site-packages/airflow/example_dags/example_trigger_controller_dag.py
[2024-07-19T06:18:42.293+0000] {logging_mixin.py:188} INFO - [2024-07-19T06:18:42.293+0000] {dag.py:3089} INFO - Sync 1 DAGs
[2024-07-19T06:18:42.326+0000] {logging_mixin.py:188} INFO - [2024-07-19T06:18:42.325+0000] {dag.py:3947} INFO - Setting next_dagrun for example_trigger_controller_dag to 2021-01-01 00:00:00+00:00, run_after=2021-01-01 00:00:00+00:00
[2024-07-19T06:18:42.358+0000] {processor.py:183} INFO - Processing /home/airflow/.local/lib/python3.12/site-packages/airflow/example_dags/example_trigger_controller_dag.py took 0.110 seconds
[2024-07-19T06:19:12.944+0000] {processor.py:161} INFO - Started process (PID=7104) to work on /home/airflow/.local/lib/python3.12/site-packages/airflow/example_dags/example_trigger_controller_dag.py
[2024-07-19T06:19:12.946+0000] {processor.py:830} INFO - Processing file /home/airflow/.local/lib/python3.12/site-packages/airflow/example_dags/example_trigger_controller_dag.py for tasks to queue
[2024-07-19T06:19:12.947+0000] {logging_mixin.py:188} INFO - [2024-07-19T06:19:12.947+0000] {dagbag.py:545} INFO - Filling up the DagBag from /home/airflow/.local/lib/python3.12/site-packages/airflow/example_dags/example_trigger_controller_dag.py
[2024-07-19T06:19:12.953+0000] {processor.py:840} INFO - DAG(s) 'example_trigger_controller_dag' retrieved from /home/airflow/.local/lib/python3.12/site-packages/airflow/example_dags/example_trigger_controller_dag.py
[2024-07-19T06:19:12.980+0000] {logging_mixin.py:188} INFO - [2024-07-19T06:19:12.980+0000] {dag.py:3089} INFO - Sync 1 DAGs
[2024-07-19T06:19:13.009+0000] {logging_mixin.py:188} INFO - [2024-07-19T06:19:13.008+0000] {dag.py:3947} INFO - Setting next_dagrun for example_trigger_controller_dag to 2021-01-01 00:00:00+00:00, run_after=2021-01-01 00:00:00+00:00
[2024-07-19T06:19:13.035+0000] {processor.py:183} INFO - Processing /home/airflow/.local/lib/python3.12/site-packages/airflow/example_dags/example_trigger_controller_dag.py took 0.099 seconds
[2024-07-19T06:19:43.321+0000] {processor.py:161} INFO - Started process (PID=7164) to work on /home/airflow/.local/lib/python3.12/site-packages/airflow/example_dags/example_trigger_controller_dag.py
[2024-07-19T06:19:43.322+0000] {processor.py:830} INFO - Processing file /home/airflow/.local/lib/python3.12/site-packages/airflow/example_dags/example_trigger_controller_dag.py for tasks to queue
[2024-07-19T06:19:43.323+0000] {logging_mixin.py:188} INFO - [2024-07-19T06:19:43.323+0000] {dagbag.py:545} INFO - Filling up the DagBag from /home/airflow/.local/lib/python3.12/site-packages/airflow/example_dags/example_trigger_controller_dag.py
[2024-07-19T06:19:43.329+0000] {processor.py:840} INFO - DAG(s) 'example_trigger_controller_dag' retrieved from /home/airflow/.local/lib/python3.12/site-packages/airflow/example_dags/example_trigger_controller_dag.py
[2024-07-19T06:19:43.358+0000] {logging_mixin.py:188} INFO - [2024-07-19T06:19:43.357+0000] {dag.py:3089} INFO - Sync 1 DAGs
[2024-07-19T06:19:43.387+0000] {logging_mixin.py:188} INFO - [2024-07-19T06:19:43.387+0000] {dag.py:3947} INFO - Setting next_dagrun for example_trigger_controller_dag to 2021-01-01 00:00:00+00:00, run_after=2021-01-01 00:00:00+00:00
[2024-07-19T06:19:43.410+0000] {processor.py:183} INFO - Processing /home/airflow/.local/lib/python3.12/site-packages/airflow/example_dags/example_trigger_controller_dag.py took 0.097 seconds
[2024-07-19T06:20:13.896+0000] {processor.py:161} INFO - Started process (PID=7224) to work on /home/airflow/.local/lib/python3.12/site-packages/airflow/example_dags/example_trigger_controller_dag.py
[2024-07-19T06:20:13.898+0000] {processor.py:830} INFO - Processing file /home/airflow/.local/lib/python3.12/site-packages/airflow/example_dags/example_trigger_controller_dag.py for tasks to queue
[2024-07-19T06:20:13.899+0000] {logging_mixin.py:188} INFO - [2024-07-19T06:20:13.899+0000] {dagbag.py:545} INFO - Filling up the DagBag from /home/airflow/.local/lib/python3.12/site-packages/airflow/example_dags/example_trigger_controller_dag.py
[2024-07-19T06:20:13.905+0000] {processor.py:840} INFO - DAG(s) 'example_trigger_controller_dag' retrieved from /home/airflow/.local/lib/python3.12/site-packages/airflow/example_dags/example_trigger_controller_dag.py
[2024-07-19T06:20:13.935+0000] {logging_mixin.py:188} INFO - [2024-07-19T06:20:13.935+0000] {dag.py:3089} INFO - Sync 1 DAGs
[2024-07-19T06:20:13.967+0000] {logging_mixin.py:188} INFO - [2024-07-19T06:20:13.967+0000] {dag.py:3947} INFO - Setting next_dagrun for example_trigger_controller_dag to 2021-01-01 00:00:00+00:00, run_after=2021-01-01 00:00:00+00:00
[2024-07-19T06:20:13.990+0000] {processor.py:183} INFO - Processing /home/airflow/.local/lib/python3.12/site-packages/airflow/example_dags/example_trigger_controller_dag.py took 0.102 seconds
[2024-07-19T06:20:44.894+0000] {processor.py:161} INFO - Started process (PID=7284) to work on /home/airflow/.local/lib/python3.12/site-packages/airflow/example_dags/example_trigger_controller_dag.py
[2024-07-19T06:20:44.896+0000] {processor.py:830} INFO - Processing file /home/airflow/.local/lib/python3.12/site-packages/airflow/example_dags/example_trigger_controller_dag.py for tasks to queue
[2024-07-19T06:20:44.898+0000] {logging_mixin.py:188} INFO - [2024-07-19T06:20:44.897+0000] {dagbag.py:545} INFO - Filling up the DagBag from /home/airflow/.local/lib/python3.12/site-packages/airflow/example_dags/example_trigger_controller_dag.py
[2024-07-19T06:20:44.904+0000] {processor.py:840} INFO - DAG(s) 'example_trigger_controller_dag' retrieved from /home/airflow/.local/lib/python3.12/site-packages/airflow/example_dags/example_trigger_controller_dag.py
[2024-07-19T06:20:44.930+0000] {logging_mixin.py:188} INFO - [2024-07-19T06:20:44.930+0000] {dag.py:3089} INFO - Sync 1 DAGs
[2024-07-19T06:20:44.957+0000] {logging_mixin.py:188} INFO - [2024-07-19T06:20:44.956+0000] {dag.py:3947} INFO - Setting next_dagrun for example_trigger_controller_dag to 2021-01-01 00:00:00+00:00, run_after=2021-01-01 00:00:00+00:00
[2024-07-19T06:20:44.980+0000] {processor.py:183} INFO - Processing /home/airflow/.local/lib/python3.12/site-packages/airflow/example_dags/example_trigger_controller_dag.py took 0.095 seconds
[2024-07-19T06:21:15.119+0000] {processor.py:161} INFO - Started process (PID=7343) to work on /home/airflow/.local/lib/python3.12/site-packages/airflow/example_dags/example_trigger_controller_dag.py
[2024-07-19T06:21:15.120+0000] {processor.py:830} INFO - Processing file /home/airflow/.local/lib/python3.12/site-packages/airflow/example_dags/example_trigger_controller_dag.py for tasks to queue
[2024-07-19T06:21:15.121+0000] {logging_mixin.py:188} INFO - [2024-07-19T06:21:15.121+0000] {dagbag.py:545} INFO - Filling up the DagBag from /home/airflow/.local/lib/python3.12/site-packages/airflow/example_dags/example_trigger_controller_dag.py
[2024-07-19T06:21:15.127+0000] {processor.py:840} INFO - DAG(s) 'example_trigger_controller_dag' retrieved from /home/airflow/.local/lib/python3.12/site-packages/airflow/example_dags/example_trigger_controller_dag.py
[2024-07-19T06:21:15.155+0000] {logging_mixin.py:188} INFO - [2024-07-19T06:21:15.155+0000] {dag.py:3089} INFO - Sync 1 DAGs
[2024-07-19T06:21:15.227+0000] {logging_mixin.py:188} INFO - [2024-07-19T06:21:15.226+0000] {dag.py:3947} INFO - Setting next_dagrun for example_trigger_controller_dag to 2021-01-01 00:00:00+00:00, run_after=2021-01-01 00:00:00+00:00
[2024-07-19T06:21:15.252+0000] {processor.py:183} INFO - Processing /home/airflow/.local/lib/python3.12/site-packages/airflow/example_dags/example_trigger_controller_dag.py took 0.141 seconds
[2024-07-19T06:21:45.433+0000] {processor.py:161} INFO - Started process (PID=7402) to work on /home/airflow/.local/lib/python3.12/site-packages/airflow/example_dags/example_trigger_controller_dag.py
[2024-07-19T06:21:45.434+0000] {processor.py:830} INFO - Processing file /home/airflow/.local/lib/python3.12/site-packages/airflow/example_dags/example_trigger_controller_dag.py for tasks to queue
[2024-07-19T06:21:45.436+0000] {logging_mixin.py:188} INFO - [2024-07-19T06:21:45.435+0000] {dagbag.py:545} INFO - Filling up the DagBag from /home/airflow/.local/lib/python3.12/site-packages/airflow/example_dags/example_trigger_controller_dag.py
[2024-07-19T06:21:45.443+0000] {processor.py:840} INFO - DAG(s) 'example_trigger_controller_dag' retrieved from /home/airflow/.local/lib/python3.12/site-packages/airflow/example_dags/example_trigger_controller_dag.py
[2024-07-19T06:21:45.470+0000] {logging_mixin.py:188} INFO - [2024-07-19T06:21:45.470+0000] {dag.py:3089} INFO - Sync 1 DAGs
[2024-07-19T06:21:45.497+0000] {logging_mixin.py:188} INFO - [2024-07-19T06:21:45.497+0000] {dag.py:3947} INFO - Setting next_dagrun for example_trigger_controller_dag to 2021-01-01 00:00:00+00:00, run_after=2021-01-01 00:00:00+00:00
[2024-07-19T06:21:45.520+0000] {processor.py:183} INFO - Processing /home/airflow/.local/lib/python3.12/site-packages/airflow/example_dags/example_trigger_controller_dag.py took 0.097 seconds
[2024-07-19T06:22:15.937+0000] {processor.py:161} INFO - Started process (PID=7462) to work on /home/airflow/.local/lib/python3.12/site-packages/airflow/example_dags/example_trigger_controller_dag.py
[2024-07-19T06:22:15.939+0000] {processor.py:830} INFO - Processing file /home/airflow/.local/lib/python3.12/site-packages/airflow/example_dags/example_trigger_controller_dag.py for tasks to queue
[2024-07-19T06:22:15.941+0000] {logging_mixin.py:188} INFO - [2024-07-19T06:22:15.940+0000] {dagbag.py:545} INFO - Filling up the DagBag from /home/airflow/.local/lib/python3.12/site-packages/airflow/example_dags/example_trigger_controller_dag.py
[2024-07-19T06:22:15.951+0000] {processor.py:840} INFO - DAG(s) 'example_trigger_controller_dag' retrieved from /home/airflow/.local/lib/python3.12/site-packages/airflow/example_dags/example_trigger_controller_dag.py
[2024-07-19T06:22:16.002+0000] {logging_mixin.py:188} INFO - [2024-07-19T06:22:16.001+0000] {dag.py:3089} INFO - Sync 1 DAGs
[2024-07-19T06:22:16.038+0000] {logging_mixin.py:188} INFO - [2024-07-19T06:22:16.037+0000] {dag.py:3947} INFO - Setting next_dagrun for example_trigger_controller_dag to 2021-01-01 00:00:00+00:00, run_after=2021-01-01 00:00:00+00:00
[2024-07-19T06:22:16.064+0000] {processor.py:183} INFO - Processing /home/airflow/.local/lib/python3.12/site-packages/airflow/example_dags/example_trigger_controller_dag.py took 0.137 seconds
[2024-07-19T06:22:46.284+0000] {processor.py:161} INFO - Started process (PID=7523) to work on /home/airflow/.local/lib/python3.12/site-packages/airflow/example_dags/example_trigger_controller_dag.py
[2024-07-19T06:22:46.286+0000] {processor.py:830} INFO - Processing file /home/airflow/.local/lib/python3.12/site-packages/airflow/example_dags/example_trigger_controller_dag.py for tasks to queue
[2024-07-19T06:22:46.287+0000] {logging_mixin.py:188} INFO - [2024-07-19T06:22:46.287+0000] {dagbag.py:545} INFO - Filling up the DagBag from /home/airflow/.local/lib/python3.12/site-packages/airflow/example_dags/example_trigger_controller_dag.py
[2024-07-19T06:22:46.294+0000] {processor.py:840} INFO - DAG(s) 'example_trigger_controller_dag' retrieved from /home/airflow/.local/lib/python3.12/site-packages/airflow/example_dags/example_trigger_controller_dag.py
[2024-07-19T06:22:46.325+0000] {logging_mixin.py:188} INFO - [2024-07-19T06:22:46.324+0000] {dag.py:3089} INFO - Sync 1 DAGs
[2024-07-19T06:22:46.357+0000] {logging_mixin.py:188} INFO - [2024-07-19T06:22:46.357+0000] {dag.py:3947} INFO - Setting next_dagrun for example_trigger_controller_dag to 2021-01-01 00:00:00+00:00, run_after=2021-01-01 00:00:00+00:00
[2024-07-19T06:22:46.384+0000] {processor.py:183} INFO - Processing /home/airflow/.local/lib/python3.12/site-packages/airflow/example_dags/example_trigger_controller_dag.py took 0.109 seconds
[2024-07-19T06:23:17.014+0000] {processor.py:161} INFO - Started process (PID=7583) to work on /home/airflow/.local/lib/python3.12/site-packages/airflow/example_dags/example_trigger_controller_dag.py
[2024-07-19T06:23:17.016+0000] {processor.py:830} INFO - Processing file /home/airflow/.local/lib/python3.12/site-packages/airflow/example_dags/example_trigger_controller_dag.py for tasks to queue
[2024-07-19T06:23:17.018+0000] {logging_mixin.py:188} INFO - [2024-07-19T06:23:17.018+0000] {dagbag.py:545} INFO - Filling up the DagBag from /home/airflow/.local/lib/python3.12/site-packages/airflow/example_dags/example_trigger_controller_dag.py
[2024-07-19T06:23:17.025+0000] {processor.py:840} INFO - DAG(s) 'example_trigger_controller_dag' retrieved from /home/airflow/.local/lib/python3.12/site-packages/airflow/example_dags/example_trigger_controller_dag.py
[2024-07-19T06:23:17.052+0000] {logging_mixin.py:188} INFO - [2024-07-19T06:23:17.052+0000] {dag.py:3089} INFO - Sync 1 DAGs
[2024-07-19T06:23:17.082+0000] {logging_mixin.py:188} INFO - [2024-07-19T06:23:17.082+0000] {dag.py:3947} INFO - Setting next_dagrun for example_trigger_controller_dag to 2021-01-01 00:00:00+00:00, run_after=2021-01-01 00:00:00+00:00
[2024-07-19T06:23:17.108+0000] {processor.py:183} INFO - Processing /home/airflow/.local/lib/python3.12/site-packages/airflow/example_dags/example_trigger_controller_dag.py took 0.103 seconds
[2024-07-19T06:23:47.797+0000] {processor.py:161} INFO - Started process (PID=7642) to work on /home/airflow/.local/lib/python3.12/site-packages/airflow/example_dags/example_trigger_controller_dag.py
[2024-07-19T06:23:47.799+0000] {processor.py:830} INFO - Processing file /home/airflow/.local/lib/python3.12/site-packages/airflow/example_dags/example_trigger_controller_dag.py for tasks to queue
[2024-07-19T06:23:47.800+0000] {logging_mixin.py:188} INFO - [2024-07-19T06:23:47.800+0000] {dagbag.py:545} INFO - Filling up the DagBag from /home/airflow/.local/lib/python3.12/site-packages/airflow/example_dags/example_trigger_controller_dag.py
[2024-07-19T06:23:47.806+0000] {processor.py:840} INFO - DAG(s) 'example_trigger_controller_dag' retrieved from /home/airflow/.local/lib/python3.12/site-packages/airflow/example_dags/example_trigger_controller_dag.py
[2024-07-19T06:23:47.832+0000] {logging_mixin.py:188} INFO - [2024-07-19T06:23:47.832+0000] {dag.py:3089} INFO - Sync 1 DAGs
[2024-07-19T06:23:47.859+0000] {logging_mixin.py:188} INFO - [2024-07-19T06:23:47.859+0000] {dag.py:3947} INFO - Setting next_dagrun for example_trigger_controller_dag to 2021-01-01 00:00:00+00:00, run_after=2021-01-01 00:00:00+00:00
[2024-07-19T06:23:47.882+0000] {processor.py:183} INFO - Processing /home/airflow/.local/lib/python3.12/site-packages/airflow/example_dags/example_trigger_controller_dag.py took 0.092 seconds
[2024-07-19T06:24:18.635+0000] {processor.py:161} INFO - Started process (PID=7703) to work on /home/airflow/.local/lib/python3.12/site-packages/airflow/example_dags/example_trigger_controller_dag.py
[2024-07-19T06:24:18.637+0000] {processor.py:830} INFO - Processing file /home/airflow/.local/lib/python3.12/site-packages/airflow/example_dags/example_trigger_controller_dag.py for tasks to queue
[2024-07-19T06:24:18.638+0000] {logging_mixin.py:188} INFO - [2024-07-19T06:24:18.638+0000] {dagbag.py:545} INFO - Filling up the DagBag from /home/airflow/.local/lib/python3.12/site-packages/airflow/example_dags/example_trigger_controller_dag.py
[2024-07-19T06:24:18.645+0000] {processor.py:840} INFO - DAG(s) 'example_trigger_controller_dag' retrieved from /home/airflow/.local/lib/python3.12/site-packages/airflow/example_dags/example_trigger_controller_dag.py
[2024-07-19T06:24:18.689+0000] {logging_mixin.py:188} INFO - [2024-07-19T06:24:18.688+0000] {dag.py:3089} INFO - Sync 1 DAGs
[2024-07-19T06:24:18.719+0000] {logging_mixin.py:188} INFO - [2024-07-19T06:24:18.719+0000] {dag.py:3947} INFO - Setting next_dagrun for example_trigger_controller_dag to 2021-01-01 00:00:00+00:00, run_after=2021-01-01 00:00:00+00:00
[2024-07-19T06:24:18.746+0000] {processor.py:183} INFO - Processing /home/airflow/.local/lib/python3.12/site-packages/airflow/example_dags/example_trigger_controller_dag.py took 0.120 seconds
[2024-07-19T06:24:48.905+0000] {processor.py:161} INFO - Started process (PID=7763) to work on /home/airflow/.local/lib/python3.12/site-packages/airflow/example_dags/example_trigger_controller_dag.py
[2024-07-19T06:24:48.907+0000] {processor.py:830} INFO - Processing file /home/airflow/.local/lib/python3.12/site-packages/airflow/example_dags/example_trigger_controller_dag.py for tasks to queue
[2024-07-19T06:24:48.908+0000] {logging_mixin.py:188} INFO - [2024-07-19T06:24:48.908+0000] {dagbag.py:545} INFO - Filling up the DagBag from /home/airflow/.local/lib/python3.12/site-packages/airflow/example_dags/example_trigger_controller_dag.py
[2024-07-19T06:24:48.914+0000] {processor.py:840} INFO - DAG(s) 'example_trigger_controller_dag' retrieved from /home/airflow/.local/lib/python3.12/site-packages/airflow/example_dags/example_trigger_controller_dag.py
[2024-07-19T06:24:48.939+0000] {logging_mixin.py:188} INFO - [2024-07-19T06:24:48.939+0000] {dag.py:3089} INFO - Sync 1 DAGs
[2024-07-19T06:24:48.965+0000] {logging_mixin.py:188} INFO - [2024-07-19T06:24:48.965+0000] {dag.py:3947} INFO - Setting next_dagrun for example_trigger_controller_dag to 2021-01-01 00:00:00+00:00, run_after=2021-01-01 00:00:00+00:00
[2024-07-19T06:24:48.990+0000] {processor.py:183} INFO - Processing /home/airflow/.local/lib/python3.12/site-packages/airflow/example_dags/example_trigger_controller_dag.py took 0.094 seconds
[2024-07-19T06:25:19.628+0000] {processor.py:161} INFO - Started process (PID=7823) to work on /home/airflow/.local/lib/python3.12/site-packages/airflow/example_dags/example_trigger_controller_dag.py
[2024-07-19T06:25:19.630+0000] {processor.py:830} INFO - Processing file /home/airflow/.local/lib/python3.12/site-packages/airflow/example_dags/example_trigger_controller_dag.py for tasks to queue
[2024-07-19T06:25:19.631+0000] {logging_mixin.py:188} INFO - [2024-07-19T06:25:19.631+0000] {dagbag.py:545} INFO - Filling up the DagBag from /home/airflow/.local/lib/python3.12/site-packages/airflow/example_dags/example_trigger_controller_dag.py
[2024-07-19T06:25:19.637+0000] {processor.py:840} INFO - DAG(s) 'example_trigger_controller_dag' retrieved from /home/airflow/.local/lib/python3.12/site-packages/airflow/example_dags/example_trigger_controller_dag.py
[2024-07-19T06:25:19.663+0000] {logging_mixin.py:188} INFO - [2024-07-19T06:25:19.662+0000] {dag.py:3089} INFO - Sync 1 DAGs
[2024-07-19T06:25:19.689+0000] {logging_mixin.py:188} INFO - [2024-07-19T06:25:19.689+0000] {dag.py:3947} INFO - Setting next_dagrun for example_trigger_controller_dag to 2021-01-01 00:00:00+00:00, run_after=2021-01-01 00:00:00+00:00
[2024-07-19T06:25:19.711+0000] {processor.py:183} INFO - Processing /home/airflow/.local/lib/python3.12/site-packages/airflow/example_dags/example_trigger_controller_dag.py took 0.091 seconds
[2024-07-19T06:25:49.935+0000] {processor.py:161} INFO - Started process (PID=7883) to work on /home/airflow/.local/lib/python3.12/site-packages/airflow/example_dags/example_trigger_controller_dag.py
[2024-07-19T06:25:49.936+0000] {processor.py:830} INFO - Processing file /home/airflow/.local/lib/python3.12/site-packages/airflow/example_dags/example_trigger_controller_dag.py for tasks to queue
[2024-07-19T06:25:49.938+0000] {logging_mixin.py:188} INFO - [2024-07-19T06:25:49.937+0000] {dagbag.py:545} INFO - Filling up the DagBag from /home/airflow/.local/lib/python3.12/site-packages/airflow/example_dags/example_trigger_controller_dag.py
[2024-07-19T06:25:49.944+0000] {processor.py:840} INFO - DAG(s) 'example_trigger_controller_dag' retrieved from /home/airflow/.local/lib/python3.12/site-packages/airflow/example_dags/example_trigger_controller_dag.py
[2024-07-19T06:25:49.969+0000] {logging_mixin.py:188} INFO - [2024-07-19T06:25:49.969+0000] {dag.py:3089} INFO - Sync 1 DAGs
[2024-07-19T06:25:49.999+0000] {logging_mixin.py:188} INFO - [2024-07-19T06:25:49.998+0000] {dag.py:3947} INFO - Setting next_dagrun for example_trigger_controller_dag to 2021-01-01 00:00:00+00:00, run_after=2021-01-01 00:00:00+00:00
[2024-07-19T06:25:50.020+0000] {processor.py:183} INFO - Processing /home/airflow/.local/lib/python3.12/site-packages/airflow/example_dags/example_trigger_controller_dag.py took 0.092 seconds
[2024-07-19T06:26:20.451+0000] {processor.py:161} INFO - Started process (PID=7943) to work on /home/airflow/.local/lib/python3.12/site-packages/airflow/example_dags/example_trigger_controller_dag.py
[2024-07-19T06:26:20.452+0000] {processor.py:830} INFO - Processing file /home/airflow/.local/lib/python3.12/site-packages/airflow/example_dags/example_trigger_controller_dag.py for tasks to queue
[2024-07-19T06:26:20.453+0000] {logging_mixin.py:188} INFO - [2024-07-19T06:26:20.453+0000] {dagbag.py:545} INFO - Filling up the DagBag from /home/airflow/.local/lib/python3.12/site-packages/airflow/example_dags/example_trigger_controller_dag.py
[2024-07-19T06:26:20.459+0000] {processor.py:840} INFO - DAG(s) 'example_trigger_controller_dag' retrieved from /home/airflow/.local/lib/python3.12/site-packages/airflow/example_dags/example_trigger_controller_dag.py
[2024-07-19T06:26:20.483+0000] {logging_mixin.py:188} INFO - [2024-07-19T06:26:20.483+0000] {dag.py:3089} INFO - Sync 1 DAGs
[2024-07-19T06:26:20.513+0000] {logging_mixin.py:188} INFO - [2024-07-19T06:26:20.512+0000] {dag.py:3947} INFO - Setting next_dagrun for example_trigger_controller_dag to 2021-01-01 00:00:00+00:00, run_after=2021-01-01 00:00:00+00:00
[2024-07-19T06:26:20.538+0000] {processor.py:183} INFO - Processing /home/airflow/.local/lib/python3.12/site-packages/airflow/example_dags/example_trigger_controller_dag.py took 0.095 seconds
[2024-07-19T06:26:50.647+0000] {processor.py:161} INFO - Started process (PID=8003) to work on /home/airflow/.local/lib/python3.12/site-packages/airflow/example_dags/example_trigger_controller_dag.py
[2024-07-19T06:26:50.648+0000] {processor.py:830} INFO - Processing file /home/airflow/.local/lib/python3.12/site-packages/airflow/example_dags/example_trigger_controller_dag.py for tasks to queue
[2024-07-19T06:26:50.683+0000] {logging_mixin.py:188} INFO - [2024-07-19T06:26:50.683+0000] {dagbag.py:545} INFO - Filling up the DagBag from /home/airflow/.local/lib/python3.12/site-packages/airflow/example_dags/example_trigger_controller_dag.py
[2024-07-19T06:26:50.689+0000] {processor.py:840} INFO - DAG(s) 'example_trigger_controller_dag' retrieved from /home/airflow/.local/lib/python3.12/site-packages/airflow/example_dags/example_trigger_controller_dag.py
[2024-07-19T06:26:50.713+0000] {logging_mixin.py:188} INFO - [2024-07-19T06:26:50.712+0000] {dag.py:3089} INFO - Sync 1 DAGs
[2024-07-19T06:26:50.736+0000] {logging_mixin.py:188} INFO - [2024-07-19T06:26:50.736+0000] {dag.py:3947} INFO - Setting next_dagrun for example_trigger_controller_dag to 2021-01-01 00:00:00+00:00, run_after=2021-01-01 00:00:00+00:00
[2024-07-19T06:26:50.756+0000] {processor.py:183} INFO - Processing /home/airflow/.local/lib/python3.12/site-packages/airflow/example_dags/example_trigger_controller_dag.py took 0.117 seconds
[2024-07-19T06:27:21.533+0000] {processor.py:161} INFO - Started process (PID=8063) to work on /home/airflow/.local/lib/python3.12/site-packages/airflow/example_dags/example_trigger_controller_dag.py
[2024-07-19T06:27:21.534+0000] {processor.py:830} INFO - Processing file /home/airflow/.local/lib/python3.12/site-packages/airflow/example_dags/example_trigger_controller_dag.py for tasks to queue
[2024-07-19T06:27:21.536+0000] {logging_mixin.py:188} INFO - [2024-07-19T06:27:21.535+0000] {dagbag.py:545} INFO - Filling up the DagBag from /home/airflow/.local/lib/python3.12/site-packages/airflow/example_dags/example_trigger_controller_dag.py
[2024-07-19T06:27:21.541+0000] {processor.py:840} INFO - DAG(s) 'example_trigger_controller_dag' retrieved from /home/airflow/.local/lib/python3.12/site-packages/airflow/example_dags/example_trigger_controller_dag.py
[2024-07-19T06:27:21.567+0000] {logging_mixin.py:188} INFO - [2024-07-19T06:27:21.567+0000] {dag.py:3089} INFO - Sync 1 DAGs
[2024-07-19T06:27:21.592+0000] {logging_mixin.py:188} INFO - [2024-07-19T06:27:21.592+0000] {dag.py:3947} INFO - Setting next_dagrun for example_trigger_controller_dag to 2021-01-01 00:00:00+00:00, run_after=2021-01-01 00:00:00+00:00
[2024-07-19T06:27:21.615+0000] {processor.py:183} INFO - Processing /home/airflow/.local/lib/python3.12/site-packages/airflow/example_dags/example_trigger_controller_dag.py took 0.089 seconds
[2024-07-19T06:27:51.810+0000] {processor.py:161} INFO - Started process (PID=8123) to work on /home/airflow/.local/lib/python3.12/site-packages/airflow/example_dags/example_trigger_controller_dag.py
[2024-07-19T06:27:51.811+0000] {processor.py:830} INFO - Processing file /home/airflow/.local/lib/python3.12/site-packages/airflow/example_dags/example_trigger_controller_dag.py for tasks to queue
[2024-07-19T06:27:51.812+0000] {logging_mixin.py:188} INFO - [2024-07-19T06:27:51.812+0000] {dagbag.py:545} INFO - Filling up the DagBag from /home/airflow/.local/lib/python3.12/site-packages/airflow/example_dags/example_trigger_controller_dag.py
[2024-07-19T06:27:51.818+0000] {processor.py:840} INFO - DAG(s) 'example_trigger_controller_dag' retrieved from /home/airflow/.local/lib/python3.12/site-packages/airflow/example_dags/example_trigger_controller_dag.py
[2024-07-19T06:27:51.844+0000] {logging_mixin.py:188} INFO - [2024-07-19T06:27:51.843+0000] {dag.py:3089} INFO - Sync 1 DAGs
[2024-07-19T06:27:51.869+0000] {logging_mixin.py:188} INFO - [2024-07-19T06:27:51.869+0000] {dag.py:3947} INFO - Setting next_dagrun for example_trigger_controller_dag to 2021-01-01 00:00:00+00:00, run_after=2021-01-01 00:00:00+00:00
[2024-07-19T06:27:51.891+0000] {processor.py:183} INFO - Processing /home/airflow/.local/lib/python3.12/site-packages/airflow/example_dags/example_trigger_controller_dag.py took 0.089 seconds
[2024-07-19T06:28:22.603+0000] {processor.py:161} INFO - Started process (PID=8183) to work on /home/airflow/.local/lib/python3.12/site-packages/airflow/example_dags/example_trigger_controller_dag.py
[2024-07-19T06:28:22.605+0000] {processor.py:830} INFO - Processing file /home/airflow/.local/lib/python3.12/site-packages/airflow/example_dags/example_trigger_controller_dag.py for tasks to queue
[2024-07-19T06:28:22.606+0000] {logging_mixin.py:188} INFO - [2024-07-19T06:28:22.606+0000] {dagbag.py:545} INFO - Filling up the DagBag from /home/airflow/.local/lib/python3.12/site-packages/airflow/example_dags/example_trigger_controller_dag.py
[2024-07-19T06:28:22.612+0000] {processor.py:840} INFO - DAG(s) 'example_trigger_controller_dag' retrieved from /home/airflow/.local/lib/python3.12/site-packages/airflow/example_dags/example_trigger_controller_dag.py
[2024-07-19T06:28:22.639+0000] {logging_mixin.py:188} INFO - [2024-07-19T06:28:22.639+0000] {dag.py:3089} INFO - Sync 1 DAGs
[2024-07-19T06:28:22.665+0000] {logging_mixin.py:188} INFO - [2024-07-19T06:28:22.665+0000] {dag.py:3947} INFO - Setting next_dagrun for example_trigger_controller_dag to 2021-01-01 00:00:00+00:00, run_after=2021-01-01 00:00:00+00:00
[2024-07-19T06:28:22.695+0000] {processor.py:183} INFO - Processing /home/airflow/.local/lib/python3.12/site-packages/airflow/example_dags/example_trigger_controller_dag.py took 0.100 seconds
[2024-07-19T06:28:53.102+0000] {processor.py:161} INFO - Started process (PID=8243) to work on /home/airflow/.local/lib/python3.12/site-packages/airflow/example_dags/example_trigger_controller_dag.py
[2024-07-19T06:28:53.104+0000] {processor.py:830} INFO - Processing file /home/airflow/.local/lib/python3.12/site-packages/airflow/example_dags/example_trigger_controller_dag.py for tasks to queue
[2024-07-19T06:28:53.105+0000] {logging_mixin.py:188} INFO - [2024-07-19T06:28:53.105+0000] {dagbag.py:545} INFO - Filling up the DagBag from /home/airflow/.local/lib/python3.12/site-packages/airflow/example_dags/example_trigger_controller_dag.py
[2024-07-19T06:28:53.111+0000] {processor.py:840} INFO - DAG(s) 'example_trigger_controller_dag' retrieved from /home/airflow/.local/lib/python3.12/site-packages/airflow/example_dags/example_trigger_controller_dag.py
[2024-07-19T06:28:53.138+0000] {logging_mixin.py:188} INFO - [2024-07-19T06:28:53.137+0000] {dag.py:3089} INFO - Sync 1 DAGs
[2024-07-19T06:28:53.164+0000] {logging_mixin.py:188} INFO - [2024-07-19T06:28:53.164+0000] {dag.py:3947} INFO - Setting next_dagrun for example_trigger_controller_dag to 2021-01-01 00:00:00+00:00, run_after=2021-01-01 00:00:00+00:00
[2024-07-19T06:28:53.186+0000] {processor.py:183} INFO - Processing /home/airflow/.local/lib/python3.12/site-packages/airflow/example_dags/example_trigger_controller_dag.py took 0.094 seconds
[2024-07-19T06:29:23.596+0000] {processor.py:161} INFO - Started process (PID=8303) to work on /home/airflow/.local/lib/python3.12/site-packages/airflow/example_dags/example_trigger_controller_dag.py
[2024-07-19T06:29:23.598+0000] {processor.py:830} INFO - Processing file /home/airflow/.local/lib/python3.12/site-packages/airflow/example_dags/example_trigger_controller_dag.py for tasks to queue
[2024-07-19T06:29:23.600+0000] {logging_mixin.py:188} INFO - [2024-07-19T06:29:23.599+0000] {dagbag.py:545} INFO - Filling up the DagBag from /home/airflow/.local/lib/python3.12/site-packages/airflow/example_dags/example_trigger_controller_dag.py
[2024-07-19T06:29:23.606+0000] {processor.py:840} INFO - DAG(s) 'example_trigger_controller_dag' retrieved from /home/airflow/.local/lib/python3.12/site-packages/airflow/example_dags/example_trigger_controller_dag.py
[2024-07-19T06:29:23.635+0000] {logging_mixin.py:188} INFO - [2024-07-19T06:29:23.635+0000] {dag.py:3089} INFO - Sync 1 DAGs
[2024-07-19T06:29:23.664+0000] {logging_mixin.py:188} INFO - [2024-07-19T06:29:23.664+0000] {dag.py:3947} INFO - Setting next_dagrun for example_trigger_controller_dag to 2021-01-01 00:00:00+00:00, run_after=2021-01-01 00:00:00+00:00
[2024-07-19T06:29:23.688+0000] {processor.py:183} INFO - Processing /home/airflow/.local/lib/python3.12/site-packages/airflow/example_dags/example_trigger_controller_dag.py took 0.102 seconds
[2024-07-19T06:29:54.578+0000] {processor.py:161} INFO - Started process (PID=8363) to work on /home/airflow/.local/lib/python3.12/site-packages/airflow/example_dags/example_trigger_controller_dag.py
[2024-07-19T06:29:54.580+0000] {processor.py:830} INFO - Processing file /home/airflow/.local/lib/python3.12/site-packages/airflow/example_dags/example_trigger_controller_dag.py for tasks to queue
[2024-07-19T06:29:54.581+0000] {logging_mixin.py:188} INFO - [2024-07-19T06:29:54.581+0000] {dagbag.py:545} INFO - Filling up the DagBag from /home/airflow/.local/lib/python3.12/site-packages/airflow/example_dags/example_trigger_controller_dag.py
[2024-07-19T06:29:54.587+0000] {processor.py:840} INFO - DAG(s) 'example_trigger_controller_dag' retrieved from /home/airflow/.local/lib/python3.12/site-packages/airflow/example_dags/example_trigger_controller_dag.py
[2024-07-19T06:29:54.613+0000] {logging_mixin.py:188} INFO - [2024-07-19T06:29:54.613+0000] {dag.py:3089} INFO - Sync 1 DAGs
[2024-07-19T06:29:54.641+0000] {logging_mixin.py:188} INFO - [2024-07-19T06:29:54.640+0000] {dag.py:3947} INFO - Setting next_dagrun for example_trigger_controller_dag to 2021-01-01 00:00:00+00:00, run_after=2021-01-01 00:00:00+00:00
[2024-07-19T06:29:54.664+0000] {processor.py:183} INFO - Processing /home/airflow/.local/lib/python3.12/site-packages/airflow/example_dags/example_trigger_controller_dag.py took 0.094 seconds
[2024-07-19T06:30:24.835+0000] {processor.py:161} INFO - Started process (PID=8423) to work on /home/airflow/.local/lib/python3.12/site-packages/airflow/example_dags/example_trigger_controller_dag.py
[2024-07-19T06:30:24.837+0000] {processor.py:830} INFO - Processing file /home/airflow/.local/lib/python3.12/site-packages/airflow/example_dags/example_trigger_controller_dag.py for tasks to queue
[2024-07-19T06:30:24.838+0000] {logging_mixin.py:188} INFO - [2024-07-19T06:30:24.838+0000] {dagbag.py:545} INFO - Filling up the DagBag from /home/airflow/.local/lib/python3.12/site-packages/airflow/example_dags/example_trigger_controller_dag.py
[2024-07-19T06:30:24.845+0000] {processor.py:840} INFO - DAG(s) 'example_trigger_controller_dag' retrieved from /home/airflow/.local/lib/python3.12/site-packages/airflow/example_dags/example_trigger_controller_dag.py
[2024-07-19T06:30:24.872+0000] {logging_mixin.py:188} INFO - [2024-07-19T06:30:24.872+0000] {dag.py:3089} INFO - Sync 1 DAGs
[2024-07-19T06:30:24.898+0000] {logging_mixin.py:188} INFO - [2024-07-19T06:30:24.898+0000] {dag.py:3947} INFO - Setting next_dagrun for example_trigger_controller_dag to 2021-01-01 00:00:00+00:00, run_after=2021-01-01 00:00:00+00:00
[2024-07-19T06:30:24.921+0000] {processor.py:183} INFO - Processing /home/airflow/.local/lib/python3.12/site-packages/airflow/example_dags/example_trigger_controller_dag.py took 0.093 seconds
[2024-07-19T06:30:55.190+0000] {processor.py:161} INFO - Started process (PID=8483) to work on /home/airflow/.local/lib/python3.12/site-packages/airflow/example_dags/example_trigger_controller_dag.py
[2024-07-19T06:30:55.191+0000] {processor.py:830} INFO - Processing file /home/airflow/.local/lib/python3.12/site-packages/airflow/example_dags/example_trigger_controller_dag.py for tasks to queue
[2024-07-19T06:30:55.193+0000] {logging_mixin.py:188} INFO - [2024-07-19T06:30:55.193+0000] {dagbag.py:545} INFO - Filling up the DagBag from /home/airflow/.local/lib/python3.12/site-packages/airflow/example_dags/example_trigger_controller_dag.py
[2024-07-19T06:30:55.201+0000] {processor.py:840} INFO - DAG(s) 'example_trigger_controller_dag' retrieved from /home/airflow/.local/lib/python3.12/site-packages/airflow/example_dags/example_trigger_controller_dag.py
[2024-07-19T06:30:55.233+0000] {logging_mixin.py:188} INFO - [2024-07-19T06:30:55.232+0000] {dag.py:3089} INFO - Sync 1 DAGs
[2024-07-19T06:30:55.268+0000] {logging_mixin.py:188} INFO - [2024-07-19T06:30:55.268+0000] {dag.py:3947} INFO - Setting next_dagrun for example_trigger_controller_dag to 2021-01-01 00:00:00+00:00, run_after=2021-01-01 00:00:00+00:00
[2024-07-19T06:30:55.294+0000] {processor.py:183} INFO - Processing /home/airflow/.local/lib/python3.12/site-packages/airflow/example_dags/example_trigger_controller_dag.py took 0.114 seconds
[2024-07-19T06:31:25.918+0000] {processor.py:161} INFO - Started process (PID=8543) to work on /home/airflow/.local/lib/python3.12/site-packages/airflow/example_dags/example_trigger_controller_dag.py
[2024-07-19T06:31:25.920+0000] {processor.py:830} INFO - Processing file /home/airflow/.local/lib/python3.12/site-packages/airflow/example_dags/example_trigger_controller_dag.py for tasks to queue
[2024-07-19T06:31:25.924+0000] {logging_mixin.py:188} INFO - [2024-07-19T06:31:25.923+0000] {dagbag.py:545} INFO - Filling up the DagBag from /home/airflow/.local/lib/python3.12/site-packages/airflow/example_dags/example_trigger_controller_dag.py
[2024-07-19T06:31:25.938+0000] {processor.py:840} INFO - DAG(s) 'example_trigger_controller_dag' retrieved from /home/airflow/.local/lib/python3.12/site-packages/airflow/example_dags/example_trigger_controller_dag.py
[2024-07-19T06:31:26.002+0000] {logging_mixin.py:188} INFO - [2024-07-19T06:31:26.001+0000] {dag.py:3089} INFO - Sync 1 DAGs
[2024-07-19T06:31:26.066+0000] {logging_mixin.py:188} INFO - [2024-07-19T06:31:26.066+0000] {dag.py:3947} INFO - Setting next_dagrun for example_trigger_controller_dag to 2021-01-01 00:00:00+00:00, run_after=2021-01-01 00:00:00+00:00
[2024-07-19T06:31:26.119+0000] {processor.py:183} INFO - Processing /home/airflow/.local/lib/python3.12/site-packages/airflow/example_dags/example_trigger_controller_dag.py took 0.217 seconds
[2024-07-19T06:31:56.747+0000] {processor.py:161} INFO - Started process (PID=8603) to work on /home/airflow/.local/lib/python3.12/site-packages/airflow/example_dags/example_trigger_controller_dag.py
[2024-07-19T06:31:56.748+0000] {processor.py:830} INFO - Processing file /home/airflow/.local/lib/python3.12/site-packages/airflow/example_dags/example_trigger_controller_dag.py for tasks to queue
[2024-07-19T06:31:56.750+0000] {logging_mixin.py:188} INFO - [2024-07-19T06:31:56.749+0000] {dagbag.py:545} INFO - Filling up the DagBag from /home/airflow/.local/lib/python3.12/site-packages/airflow/example_dags/example_trigger_controller_dag.py
[2024-07-19T06:31:56.755+0000] {processor.py:840} INFO - DAG(s) 'example_trigger_controller_dag' retrieved from /home/airflow/.local/lib/python3.12/site-packages/airflow/example_dags/example_trigger_controller_dag.py
[2024-07-19T06:31:56.779+0000] {logging_mixin.py:188} INFO - [2024-07-19T06:31:56.779+0000] {dag.py:3089} INFO - Sync 1 DAGs
[2024-07-19T06:31:56.804+0000] {logging_mixin.py:188} INFO - [2024-07-19T06:31:56.803+0000] {dag.py:3947} INFO - Setting next_dagrun for example_trigger_controller_dag to 2021-01-01 00:00:00+00:00, run_after=2021-01-01 00:00:00+00:00
[2024-07-19T06:31:56.828+0000] {processor.py:183} INFO - Processing /home/airflow/.local/lib/python3.12/site-packages/airflow/example_dags/example_trigger_controller_dag.py took 0.088 seconds
[2024-07-19T06:32:27.531+0000] {processor.py:161} INFO - Started process (PID=8663) to work on /home/airflow/.local/lib/python3.12/site-packages/airflow/example_dags/example_trigger_controller_dag.py
[2024-07-19T06:32:27.533+0000] {processor.py:830} INFO - Processing file /home/airflow/.local/lib/python3.12/site-packages/airflow/example_dags/example_trigger_controller_dag.py for tasks to queue
[2024-07-19T06:32:27.534+0000] {logging_mixin.py:188} INFO - [2024-07-19T06:32:27.534+0000] {dagbag.py:545} INFO - Filling up the DagBag from /home/airflow/.local/lib/python3.12/site-packages/airflow/example_dags/example_trigger_controller_dag.py
[2024-07-19T06:32:27.540+0000] {processor.py:840} INFO - DAG(s) 'example_trigger_controller_dag' retrieved from /home/airflow/.local/lib/python3.12/site-packages/airflow/example_dags/example_trigger_controller_dag.py
[2024-07-19T06:32:27.565+0000] {logging_mixin.py:188} INFO - [2024-07-19T06:32:27.565+0000] {dag.py:3089} INFO - Sync 1 DAGs
[2024-07-19T06:32:27.592+0000] {logging_mixin.py:188} INFO - [2024-07-19T06:32:27.592+0000] {dag.py:3947} INFO - Setting next_dagrun for example_trigger_controller_dag to 2021-01-01 00:00:00+00:00, run_after=2021-01-01 00:00:00+00:00
[2024-07-19T06:32:27.621+0000] {processor.py:183} INFO - Processing /home/airflow/.local/lib/python3.12/site-packages/airflow/example_dags/example_trigger_controller_dag.py took 0.098 seconds
[2024-07-19T06:32:58.376+0000] {processor.py:161} INFO - Started process (PID=8723) to work on /home/airflow/.local/lib/python3.12/site-packages/airflow/example_dags/example_trigger_controller_dag.py
[2024-07-19T06:32:58.377+0000] {processor.py:830} INFO - Processing file /home/airflow/.local/lib/python3.12/site-packages/airflow/example_dags/example_trigger_controller_dag.py for tasks to queue
[2024-07-19T06:32:58.379+0000] {logging_mixin.py:188} INFO - [2024-07-19T06:32:58.378+0000] {dagbag.py:545} INFO - Filling up the DagBag from /home/airflow/.local/lib/python3.12/site-packages/airflow/example_dags/example_trigger_controller_dag.py
[2024-07-19T06:32:58.385+0000] {processor.py:840} INFO - DAG(s) 'example_trigger_controller_dag' retrieved from /home/airflow/.local/lib/python3.12/site-packages/airflow/example_dags/example_trigger_controller_dag.py
[2024-07-19T06:32:58.411+0000] {logging_mixin.py:188} INFO - [2024-07-19T06:32:58.411+0000] {dag.py:3089} INFO - Sync 1 DAGs
[2024-07-19T06:32:58.437+0000] {logging_mixin.py:188} INFO - [2024-07-19T06:32:58.437+0000] {dag.py:3947} INFO - Setting next_dagrun for example_trigger_controller_dag to 2021-01-01 00:00:00+00:00, run_after=2021-01-01 00:00:00+00:00
[2024-07-19T06:32:58.464+0000] {processor.py:183} INFO - Processing /home/airflow/.local/lib/python3.12/site-packages/airflow/example_dags/example_trigger_controller_dag.py took 0.097 seconds
[2024-07-19T06:33:28.847+0000] {processor.py:161} INFO - Started process (PID=8783) to work on /home/airflow/.local/lib/python3.12/site-packages/airflow/example_dags/example_trigger_controller_dag.py
[2024-07-19T06:33:28.848+0000] {processor.py:830} INFO - Processing file /home/airflow/.local/lib/python3.12/site-packages/airflow/example_dags/example_trigger_controller_dag.py for tasks to queue
[2024-07-19T06:33:28.849+0000] {logging_mixin.py:188} INFO - [2024-07-19T06:33:28.849+0000] {dagbag.py:545} INFO - Filling up the DagBag from /home/airflow/.local/lib/python3.12/site-packages/airflow/example_dags/example_trigger_controller_dag.py
[2024-07-19T06:33:28.855+0000] {processor.py:840} INFO - DAG(s) 'example_trigger_controller_dag' retrieved from /home/airflow/.local/lib/python3.12/site-packages/airflow/example_dags/example_trigger_controller_dag.py
[2024-07-19T06:33:28.883+0000] {logging_mixin.py:188} INFO - [2024-07-19T06:33:28.882+0000] {dag.py:3089} INFO - Sync 1 DAGs
[2024-07-19T06:33:28.912+0000] {logging_mixin.py:188} INFO - [2024-07-19T06:33:28.912+0000] {dag.py:3947} INFO - Setting next_dagrun for example_trigger_controller_dag to 2021-01-01 00:00:00+00:00, run_after=2021-01-01 00:00:00+00:00
[2024-07-19T06:33:28.937+0000] {processor.py:183} INFO - Processing /home/airflow/.local/lib/python3.12/site-packages/airflow/example_dags/example_trigger_controller_dag.py took 0.098 seconds
[2024-07-19T06:34:00.487+0000] {processor.py:161} INFO - Started process (PID=8843) to work on /home/airflow/.local/lib/python3.12/site-packages/airflow/example_dags/example_trigger_controller_dag.py
[2024-07-19T06:34:00.489+0000] {processor.py:830} INFO - Processing file /home/airflow/.local/lib/python3.12/site-packages/airflow/example_dags/example_trigger_controller_dag.py for tasks to queue
[2024-07-19T06:34:00.490+0000] {logging_mixin.py:188} INFO - [2024-07-19T06:34:00.490+0000] {dagbag.py:545} INFO - Filling up the DagBag from /home/airflow/.local/lib/python3.12/site-packages/airflow/example_dags/example_trigger_controller_dag.py
[2024-07-19T06:34:00.497+0000] {processor.py:840} INFO - DAG(s) 'example_trigger_controller_dag' retrieved from /home/airflow/.local/lib/python3.12/site-packages/airflow/example_dags/example_trigger_controller_dag.py
[2024-07-19T06:34:00.523+0000] {logging_mixin.py:188} INFO - [2024-07-19T06:34:00.523+0000] {dag.py:3089} INFO - Sync 1 DAGs
[2024-07-19T06:34:00.559+0000] {logging_mixin.py:188} INFO - [2024-07-19T06:34:00.558+0000] {dag.py:3947} INFO - Setting next_dagrun for example_trigger_controller_dag to 2021-01-01 00:00:00+00:00, run_after=2021-01-01 00:00:00+00:00
[2024-07-19T06:34:00.714+0000] {processor.py:183} INFO - Processing /home/airflow/.local/lib/python3.12/site-packages/airflow/example_dags/example_trigger_controller_dag.py took 0.235 seconds
[2024-07-19T06:34:31.403+0000] {processor.py:161} INFO - Started process (PID=8903) to work on /home/airflow/.local/lib/python3.12/site-packages/airflow/example_dags/example_trigger_controller_dag.py
[2024-07-19T06:34:31.404+0000] {processor.py:830} INFO - Processing file /home/airflow/.local/lib/python3.12/site-packages/airflow/example_dags/example_trigger_controller_dag.py for tasks to queue
[2024-07-19T06:34:31.406+0000] {logging_mixin.py:188} INFO - [2024-07-19T06:34:31.405+0000] {dagbag.py:545} INFO - Filling up the DagBag from /home/airflow/.local/lib/python3.12/site-packages/airflow/example_dags/example_trigger_controller_dag.py
[2024-07-19T06:34:31.412+0000] {processor.py:840} INFO - DAG(s) 'example_trigger_controller_dag' retrieved from /home/airflow/.local/lib/python3.12/site-packages/airflow/example_dags/example_trigger_controller_dag.py
[2024-07-19T06:34:31.441+0000] {logging_mixin.py:188} INFO - [2024-07-19T06:34:31.441+0000] {dag.py:3089} INFO - Sync 1 DAGs
[2024-07-19T06:34:31.533+0000] {logging_mixin.py:188} INFO - [2024-07-19T06:34:31.533+0000] {dag.py:3947} INFO - Setting next_dagrun for example_trigger_controller_dag to 2021-01-01 00:00:00+00:00, run_after=2021-01-01 00:00:00+00:00
[2024-07-19T06:34:31.556+0000] {processor.py:183} INFO - Processing /home/airflow/.local/lib/python3.12/site-packages/airflow/example_dags/example_trigger_controller_dag.py took 0.162 seconds
[2024-07-19T06:35:01.872+0000] {processor.py:161} INFO - Started process (PID=8962) to work on /home/airflow/.local/lib/python3.12/site-packages/airflow/example_dags/example_trigger_controller_dag.py
[2024-07-19T06:35:01.873+0000] {processor.py:830} INFO - Processing file /home/airflow/.local/lib/python3.12/site-packages/airflow/example_dags/example_trigger_controller_dag.py for tasks to queue
[2024-07-19T06:35:01.875+0000] {logging_mixin.py:188} INFO - [2024-07-19T06:35:01.874+0000] {dagbag.py:545} INFO - Filling up the DagBag from /home/airflow/.local/lib/python3.12/site-packages/airflow/example_dags/example_trigger_controller_dag.py
[2024-07-19T06:35:01.880+0000] {processor.py:840} INFO - DAG(s) 'example_trigger_controller_dag' retrieved from /home/airflow/.local/lib/python3.12/site-packages/airflow/example_dags/example_trigger_controller_dag.py
[2024-07-19T06:35:01.904+0000] {logging_mixin.py:188} INFO - [2024-07-19T06:35:01.903+0000] {dag.py:3089} INFO - Sync 1 DAGs
[2024-07-19T06:35:01.926+0000] {logging_mixin.py:188} INFO - [2024-07-19T06:35:01.925+0000] {dag.py:3947} INFO - Setting next_dagrun for example_trigger_controller_dag to 2021-01-01 00:00:00+00:00, run_after=2021-01-01 00:00:00+00:00
[2024-07-19T06:35:01.944+0000] {processor.py:183} INFO - Processing /home/airflow/.local/lib/python3.12/site-packages/airflow/example_dags/example_trigger_controller_dag.py took 0.080 seconds
[2024-07-19T06:35:32.671+0000] {processor.py:161} INFO - Started process (PID=9022) to work on /home/airflow/.local/lib/python3.12/site-packages/airflow/example_dags/example_trigger_controller_dag.py
[2024-07-19T06:35:32.673+0000] {processor.py:830} INFO - Processing file /home/airflow/.local/lib/python3.12/site-packages/airflow/example_dags/example_trigger_controller_dag.py for tasks to queue
[2024-07-19T06:35:32.674+0000] {logging_mixin.py:188} INFO - [2024-07-19T06:35:32.674+0000] {dagbag.py:545} INFO - Filling up the DagBag from /home/airflow/.local/lib/python3.12/site-packages/airflow/example_dags/example_trigger_controller_dag.py
[2024-07-19T06:35:32.681+0000] {processor.py:840} INFO - DAG(s) 'example_trigger_controller_dag' retrieved from /home/airflow/.local/lib/python3.12/site-packages/airflow/example_dags/example_trigger_controller_dag.py
[2024-07-19T06:35:32.709+0000] {logging_mixin.py:188} INFO - [2024-07-19T06:35:32.709+0000] {dag.py:3089} INFO - Sync 1 DAGs
[2024-07-19T06:35:32.737+0000] {logging_mixin.py:188} INFO - [2024-07-19T06:35:32.737+0000] {dag.py:3947} INFO - Setting next_dagrun for example_trigger_controller_dag to 2021-01-01 00:00:00+00:00, run_after=2021-01-01 00:00:00+00:00
[2024-07-19T06:35:32.762+0000] {processor.py:183} INFO - Processing /home/airflow/.local/lib/python3.12/site-packages/airflow/example_dags/example_trigger_controller_dag.py took 0.099 seconds
[2024-07-19T06:36:03.734+0000] {processor.py:161} INFO - Started process (PID=9082) to work on /home/airflow/.local/lib/python3.12/site-packages/airflow/example_dags/example_trigger_controller_dag.py
[2024-07-19T06:36:03.735+0000] {processor.py:830} INFO - Processing file /home/airflow/.local/lib/python3.12/site-packages/airflow/example_dags/example_trigger_controller_dag.py for tasks to queue
[2024-07-19T06:36:03.737+0000] {logging_mixin.py:188} INFO - [2024-07-19T06:36:03.737+0000] {dagbag.py:545} INFO - Filling up the DagBag from /home/airflow/.local/lib/python3.12/site-packages/airflow/example_dags/example_trigger_controller_dag.py
[2024-07-19T06:36:03.743+0000] {processor.py:840} INFO - DAG(s) 'example_trigger_controller_dag' retrieved from /home/airflow/.local/lib/python3.12/site-packages/airflow/example_dags/example_trigger_controller_dag.py
[2024-07-19T06:36:03.774+0000] {logging_mixin.py:188} INFO - [2024-07-19T06:36:03.774+0000] {dag.py:3089} INFO - Sync 1 DAGs
[2024-07-19T06:36:03.808+0000] {logging_mixin.py:188} INFO - [2024-07-19T06:36:03.807+0000] {dag.py:3947} INFO - Setting next_dagrun for example_trigger_controller_dag to 2021-01-01 00:00:00+00:00, run_after=2021-01-01 00:00:00+00:00
[2024-07-19T06:36:03.836+0000] {processor.py:183} INFO - Processing /home/airflow/.local/lib/python3.12/site-packages/airflow/example_dags/example_trigger_controller_dag.py took 0.111 seconds
[2024-07-19T06:36:34.023+0000] {processor.py:161} INFO - Started process (PID=9141) to work on /home/airflow/.local/lib/python3.12/site-packages/airflow/example_dags/example_trigger_controller_dag.py
[2024-07-19T06:36:34.024+0000] {processor.py:830} INFO - Processing file /home/airflow/.local/lib/python3.12/site-packages/airflow/example_dags/example_trigger_controller_dag.py for tasks to queue
[2024-07-19T06:36:34.025+0000] {logging_mixin.py:188} INFO - [2024-07-19T06:36:34.025+0000] {dagbag.py:545} INFO - Filling up the DagBag from /home/airflow/.local/lib/python3.12/site-packages/airflow/example_dags/example_trigger_controller_dag.py
[2024-07-19T06:36:34.031+0000] {processor.py:840} INFO - DAG(s) 'example_trigger_controller_dag' retrieved from /home/airflow/.local/lib/python3.12/site-packages/airflow/example_dags/example_trigger_controller_dag.py
[2024-07-19T06:36:34.057+0000] {logging_mixin.py:188} INFO - [2024-07-19T06:36:34.057+0000] {dag.py:3089} INFO - Sync 1 DAGs
[2024-07-19T06:36:34.084+0000] {logging_mixin.py:188} INFO - [2024-07-19T06:36:34.084+0000] {dag.py:3947} INFO - Setting next_dagrun for example_trigger_controller_dag to 2021-01-01 00:00:00+00:00, run_after=2021-01-01 00:00:00+00:00
[2024-07-19T06:36:34.117+0000] {processor.py:183} INFO - Processing /home/airflow/.local/lib/python3.12/site-packages/airflow/example_dags/example_trigger_controller_dag.py took 0.103 seconds
[2024-07-19T06:37:04.237+0000] {processor.py:161} INFO - Started process (PID=9201) to work on /home/airflow/.local/lib/python3.12/site-packages/airflow/example_dags/example_trigger_controller_dag.py
[2024-07-19T06:37:04.238+0000] {processor.py:830} INFO - Processing file /home/airflow/.local/lib/python3.12/site-packages/airflow/example_dags/example_trigger_controller_dag.py for tasks to queue
[2024-07-19T06:37:04.240+0000] {logging_mixin.py:188} INFO - [2024-07-19T06:37:04.240+0000] {dagbag.py:545} INFO - Filling up the DagBag from /home/airflow/.local/lib/python3.12/site-packages/airflow/example_dags/example_trigger_controller_dag.py
[2024-07-19T06:37:04.247+0000] {processor.py:840} INFO - DAG(s) 'example_trigger_controller_dag' retrieved from /home/airflow/.local/lib/python3.12/site-packages/airflow/example_dags/example_trigger_controller_dag.py
[2024-07-19T06:37:04.283+0000] {logging_mixin.py:188} INFO - [2024-07-19T06:37:04.283+0000] {dag.py:3089} INFO - Sync 1 DAGs
[2024-07-19T06:37:04.313+0000] {logging_mixin.py:188} INFO - [2024-07-19T06:37:04.312+0000] {dag.py:3947} INFO - Setting next_dagrun for example_trigger_controller_dag to 2021-01-01 00:00:00+00:00, run_after=2021-01-01 00:00:00+00:00
[2024-07-19T06:37:04.337+0000] {processor.py:183} INFO - Processing /home/airflow/.local/lib/python3.12/site-packages/airflow/example_dags/example_trigger_controller_dag.py took 0.110 seconds
[2024-07-19T06:37:34.784+0000] {processor.py:161} INFO - Started process (PID=9261) to work on /home/airflow/.local/lib/python3.12/site-packages/airflow/example_dags/example_trigger_controller_dag.py
[2024-07-19T06:37:34.786+0000] {processor.py:830} INFO - Processing file /home/airflow/.local/lib/python3.12/site-packages/airflow/example_dags/example_trigger_controller_dag.py for tasks to queue
[2024-07-19T06:37:34.787+0000] {logging_mixin.py:188} INFO - [2024-07-19T06:37:34.787+0000] {dagbag.py:545} INFO - Filling up the DagBag from /home/airflow/.local/lib/python3.12/site-packages/airflow/example_dags/example_trigger_controller_dag.py
[2024-07-19T06:37:34.795+0000] {processor.py:840} INFO - DAG(s) 'example_trigger_controller_dag' retrieved from /home/airflow/.local/lib/python3.12/site-packages/airflow/example_dags/example_trigger_controller_dag.py
[2024-07-19T06:37:34.823+0000] {logging_mixin.py:188} INFO - [2024-07-19T06:37:34.822+0000] {dag.py:3089} INFO - Sync 1 DAGs
[2024-07-19T06:37:34.850+0000] {logging_mixin.py:188} INFO - [2024-07-19T06:37:34.850+0000] {dag.py:3947} INFO - Setting next_dagrun for example_trigger_controller_dag to 2021-01-01 00:00:00+00:00, run_after=2021-01-01 00:00:00+00:00
[2024-07-19T06:37:34.873+0000] {processor.py:183} INFO - Processing /home/airflow/.local/lib/python3.12/site-packages/airflow/example_dags/example_trigger_controller_dag.py took 0.098 seconds
[2024-07-19T06:38:05.600+0000] {processor.py:161} INFO - Started process (PID=9321) to work on /home/airflow/.local/lib/python3.12/site-packages/airflow/example_dags/example_trigger_controller_dag.py
[2024-07-19T06:38:05.604+0000] {processor.py:830} INFO - Processing file /home/airflow/.local/lib/python3.12/site-packages/airflow/example_dags/example_trigger_controller_dag.py for tasks to queue
[2024-07-19T06:38:05.606+0000] {logging_mixin.py:188} INFO - [2024-07-19T06:38:05.605+0000] {dagbag.py:545} INFO - Filling up the DagBag from /home/airflow/.local/lib/python3.12/site-packages/airflow/example_dags/example_trigger_controller_dag.py
[2024-07-19T06:38:05.614+0000] {processor.py:840} INFO - DAG(s) 'example_trigger_controller_dag' retrieved from /home/airflow/.local/lib/python3.12/site-packages/airflow/example_dags/example_trigger_controller_dag.py
[2024-07-19T06:38:05.645+0000] {logging_mixin.py:188} INFO - [2024-07-19T06:38:05.645+0000] {dag.py:3089} INFO - Sync 1 DAGs
[2024-07-19T06:38:05.683+0000] {logging_mixin.py:188} INFO - [2024-07-19T06:38:05.683+0000] {dag.py:3947} INFO - Setting next_dagrun for example_trigger_controller_dag to 2021-01-01 00:00:00+00:00, run_after=2021-01-01 00:00:00+00:00
[2024-07-19T06:38:05.713+0000] {processor.py:183} INFO - Processing /home/airflow/.local/lib/python3.12/site-packages/airflow/example_dags/example_trigger_controller_dag.py took 0.122 seconds
[2024-07-19T06:38:36.032+0000] {processor.py:161} INFO - Started process (PID=9380) to work on /home/airflow/.local/lib/python3.12/site-packages/airflow/example_dags/example_trigger_controller_dag.py
[2024-07-19T06:38:36.033+0000] {processor.py:830} INFO - Processing file /home/airflow/.local/lib/python3.12/site-packages/airflow/example_dags/example_trigger_controller_dag.py for tasks to queue
[2024-07-19T06:38:36.035+0000] {logging_mixin.py:188} INFO - [2024-07-19T06:38:36.035+0000] {dagbag.py:545} INFO - Filling up the DagBag from /home/airflow/.local/lib/python3.12/site-packages/airflow/example_dags/example_trigger_controller_dag.py
[2024-07-19T06:38:36.042+0000] {processor.py:840} INFO - DAG(s) 'example_trigger_controller_dag' retrieved from /home/airflow/.local/lib/python3.12/site-packages/airflow/example_dags/example_trigger_controller_dag.py
[2024-07-19T06:38:36.070+0000] {logging_mixin.py:188} INFO - [2024-07-19T06:38:36.069+0000] {dag.py:3089} INFO - Sync 1 DAGs
[2024-07-19T06:38:36.097+0000] {logging_mixin.py:188} INFO - [2024-07-19T06:38:36.097+0000] {dag.py:3947} INFO - Setting next_dagrun for example_trigger_controller_dag to 2021-01-01 00:00:00+00:00, run_after=2021-01-01 00:00:00+00:00
[2024-07-19T06:38:36.120+0000] {processor.py:183} INFO - Processing /home/airflow/.local/lib/python3.12/site-packages/airflow/example_dags/example_trigger_controller_dag.py took 0.097 seconds
[2024-07-19T06:39:06.476+0000] {processor.py:161} INFO - Started process (PID=9440) to work on /home/airflow/.local/lib/python3.12/site-packages/airflow/example_dags/example_trigger_controller_dag.py
[2024-07-19T06:39:06.477+0000] {processor.py:830} INFO - Processing file /home/airflow/.local/lib/python3.12/site-packages/airflow/example_dags/example_trigger_controller_dag.py for tasks to queue
[2024-07-19T06:39:06.479+0000] {logging_mixin.py:188} INFO - [2024-07-19T06:39:06.478+0000] {dagbag.py:545} INFO - Filling up the DagBag from /home/airflow/.local/lib/python3.12/site-packages/airflow/example_dags/example_trigger_controller_dag.py
[2024-07-19T06:39:06.484+0000] {processor.py:840} INFO - DAG(s) 'example_trigger_controller_dag' retrieved from /home/airflow/.local/lib/python3.12/site-packages/airflow/example_dags/example_trigger_controller_dag.py
[2024-07-19T06:39:06.507+0000] {logging_mixin.py:188} INFO - [2024-07-19T06:39:06.507+0000] {dag.py:3089} INFO - Sync 1 DAGs
[2024-07-19T06:39:06.529+0000] {logging_mixin.py:188} INFO - [2024-07-19T06:39:06.528+0000] {dag.py:3947} INFO - Setting next_dagrun for example_trigger_controller_dag to 2021-01-01 00:00:00+00:00, run_after=2021-01-01 00:00:00+00:00
[2024-07-19T06:39:06.549+0000] {processor.py:183} INFO - Processing /home/airflow/.local/lib/python3.12/site-packages/airflow/example_dags/example_trigger_controller_dag.py took 0.081 seconds
