[2024-07-19T00:38:11.891+0000] {processor.py:161} INFO - Started process (PID=6064) to work on /home/airflow/.local/lib/python3.12/site-packages/airflow/example_dags/example_skip_dag.py
[2024-07-19T00:38:11.893+0000] {processor.py:830} INFO - Processing file /home/airflow/.local/lib/python3.12/site-packages/airflow/example_dags/example_skip_dag.py for tasks to queue
[2024-07-19T00:38:11.895+0000] {logging_mixin.py:188} INFO - [2024-07-19T00:38:11.894+0000] {dagbag.py:545} INFO - Filling up the DagBag from /home/airflow/.local/lib/python3.12/site-packages/airflow/example_dags/example_skip_dag.py
[2024-07-19T00:38:11.913+0000] {processor.py:840} INFO - DAG(s) 'example_skip_dag' retrieved from /home/airflow/.local/lib/python3.12/site-packages/airflow/example_dags/example_skip_dag.py
[2024-07-19T00:38:11.978+0000] {logging_mixin.py:188} INFO - [2024-07-19T00:38:11.978+0000] {dag.py:3089} INFO - Sync 1 DAGs
[2024-07-19T00:38:12.036+0000] {logging_mixin.py:188} INFO - [2024-07-19T00:38:12.035+0000] {dag.py:3947} INFO - Setting next_dagrun for example_skip_dag to 2024-07-18 00:00:00+00:00, run_after=2024-07-19 00:00:00+00:00
[2024-07-19T00:38:12.079+0000] {processor.py:183} INFO - Processing /home/airflow/.local/lib/python3.12/site-packages/airflow/example_dags/example_skip_dag.py took 0.198 seconds
[2024-07-19T02:38:35.841+0000] {processor.py:161} INFO - Started process (PID=6100) to work on /home/airflow/.local/lib/python3.12/site-packages/airflow/example_dags/example_skip_dag.py
[2024-07-19T02:38:35.845+0000] {processor.py:830} INFO - Processing file /home/airflow/.local/lib/python3.12/site-packages/airflow/example_dags/example_skip_dag.py for tasks to queue
[2024-07-19T02:38:35.847+0000] {logging_mixin.py:188} INFO - [2024-07-19T02:38:35.846+0000] {dagbag.py:545} INFO - Filling up the DagBag from /home/airflow/.local/lib/python3.12/site-packages/airflow/example_dags/example_skip_dag.py
[2024-07-19T02:38:35.855+0000] {processor.py:840} INFO - DAG(s) 'example_skip_dag' retrieved from /home/airflow/.local/lib/python3.12/site-packages/airflow/example_dags/example_skip_dag.py
[2024-07-19T02:38:35.897+0000] {logging_mixin.py:188} INFO - [2024-07-19T02:38:35.897+0000] {dag.py:3089} INFO - Sync 1 DAGs
[2024-07-19T02:38:35.942+0000] {logging_mixin.py:188} INFO - [2024-07-19T02:38:35.942+0000] {dag.py:3947} INFO - Setting next_dagrun for example_skip_dag to 2024-07-18 00:00:00+00:00, run_after=2024-07-19 00:00:00+00:00
[2024-07-19T02:38:35.968+0000] {processor.py:183} INFO - Processing /home/airflow/.local/lib/python3.12/site-packages/airflow/example_dags/example_skip_dag.py took 0.136 seconds
[2024-07-19T05:26:53.160+0000] {processor.py:161} INFO - Started process (PID=6166) to work on /home/airflow/.local/lib/python3.12/site-packages/airflow/example_dags/example_skip_dag.py
[2024-07-19T05:26:53.162+0000] {processor.py:830} INFO - Processing file /home/airflow/.local/lib/python3.12/site-packages/airflow/example_dags/example_skip_dag.py for tasks to queue
[2024-07-19T05:26:53.166+0000] {logging_mixin.py:188} INFO - [2024-07-19T05:26:53.165+0000] {dagbag.py:545} INFO - Filling up the DagBag from /home/airflow/.local/lib/python3.12/site-packages/airflow/example_dags/example_skip_dag.py
[2024-07-19T05:26:53.179+0000] {processor.py:840} INFO - DAG(s) 'example_skip_dag' retrieved from /home/airflow/.local/lib/python3.12/site-packages/airflow/example_dags/example_skip_dag.py
[2024-07-19T05:26:53.226+0000] {logging_mixin.py:188} INFO - [2024-07-19T05:26:53.225+0000] {dag.py:3089} INFO - Sync 1 DAGs
[2024-07-19T05:26:53.291+0000] {logging_mixin.py:188} INFO - [2024-07-19T05:26:53.291+0000] {dag.py:3947} INFO - Setting next_dagrun for example_skip_dag to 2024-07-18 00:00:00+00:00, run_after=2024-07-19 00:00:00+00:00
[2024-07-19T05:26:53.324+0000] {processor.py:183} INFO - Processing /home/airflow/.local/lib/python3.12/site-packages/airflow/example_dags/example_skip_dag.py took 0.189 seconds
[2024-07-19T06:11:57.787+0000] {processor.py:161} INFO - Started process (PID=6220) to work on /home/airflow/.local/lib/python3.12/site-packages/airflow/example_dags/example_skip_dag.py
[2024-07-19T06:11:57.790+0000] {processor.py:830} INFO - Processing file /home/airflow/.local/lib/python3.12/site-packages/airflow/example_dags/example_skip_dag.py for tasks to queue
[2024-07-19T06:11:57.793+0000] {logging_mixin.py:188} INFO - [2024-07-19T06:11:57.792+0000] {dagbag.py:545} INFO - Filling up the DagBag from /home/airflow/.local/lib/python3.12/site-packages/airflow/example_dags/example_skip_dag.py
[2024-07-19T06:11:57.808+0000] {processor.py:840} INFO - DAG(s) 'example_skip_dag' retrieved from /home/airflow/.local/lib/python3.12/site-packages/airflow/example_dags/example_skip_dag.py
[2024-07-19T06:11:57.849+0000] {logging_mixin.py:188} INFO - [2024-07-19T06:11:57.849+0000] {dag.py:3089} INFO - Sync 1 DAGs
[2024-07-19T06:11:57.875+0000] {logging_mixin.py:188} INFO - [2024-07-19T06:11:57.875+0000] {dag.py:3947} INFO - Setting next_dagrun for example_skip_dag to 2024-07-18 00:00:00+00:00, run_after=2024-07-19 00:00:00+00:00
[2024-07-19T06:11:57.895+0000] {processor.py:183} INFO - Processing /home/airflow/.local/lib/python3.12/site-packages/airflow/example_dags/example_skip_dag.py took 0.121 seconds
[2024-07-19T06:12:28.804+0000] {processor.py:161} INFO - Started process (PID=6279) to work on /home/airflow/.local/lib/python3.12/site-packages/airflow/example_dags/example_skip_dag.py
[2024-07-19T06:12:28.805+0000] {processor.py:830} INFO - Processing file /home/airflow/.local/lib/python3.12/site-packages/airflow/example_dags/example_skip_dag.py for tasks to queue
[2024-07-19T06:12:28.807+0000] {logging_mixin.py:188} INFO - [2024-07-19T06:12:28.806+0000] {dagbag.py:545} INFO - Filling up the DagBag from /home/airflow/.local/lib/python3.12/site-packages/airflow/example_dags/example_skip_dag.py
[2024-07-19T06:12:28.814+0000] {processor.py:840} INFO - DAG(s) 'example_skip_dag' retrieved from /home/airflow/.local/lib/python3.12/site-packages/airflow/example_dags/example_skip_dag.py
[2024-07-19T06:12:28.846+0000] {logging_mixin.py:188} INFO - [2024-07-19T06:12:28.845+0000] {dag.py:3089} INFO - Sync 1 DAGs
[2024-07-19T06:12:28.886+0000] {logging_mixin.py:188} INFO - [2024-07-19T06:12:28.886+0000] {dag.py:3947} INFO - Setting next_dagrun for example_skip_dag to 2024-07-18 00:00:00+00:00, run_after=2024-07-19 00:00:00+00:00
[2024-07-19T06:12:28.917+0000] {processor.py:183} INFO - Processing /home/airflow/.local/lib/python3.12/site-packages/airflow/example_dags/example_skip_dag.py took 0.121 seconds
[2024-07-19T06:12:59.125+0000] {processor.py:161} INFO - Started process (PID=6338) to work on /home/airflow/.local/lib/python3.12/site-packages/airflow/example_dags/example_skip_dag.py
[2024-07-19T06:12:59.127+0000] {processor.py:830} INFO - Processing file /home/airflow/.local/lib/python3.12/site-packages/airflow/example_dags/example_skip_dag.py for tasks to queue
[2024-07-19T06:12:59.128+0000] {logging_mixin.py:188} INFO - [2024-07-19T06:12:59.128+0000] {dagbag.py:545} INFO - Filling up the DagBag from /home/airflow/.local/lib/python3.12/site-packages/airflow/example_dags/example_skip_dag.py
[2024-07-19T06:12:59.137+0000] {processor.py:840} INFO - DAG(s) 'example_skip_dag' retrieved from /home/airflow/.local/lib/python3.12/site-packages/airflow/example_dags/example_skip_dag.py
[2024-07-19T06:12:59.168+0000] {logging_mixin.py:188} INFO - [2024-07-19T06:12:59.167+0000] {dag.py:3089} INFO - Sync 1 DAGs
[2024-07-19T06:12:59.196+0000] {logging_mixin.py:188} INFO - [2024-07-19T06:12:59.196+0000] {dag.py:3947} INFO - Setting next_dagrun for example_skip_dag to 2024-07-18 00:00:00+00:00, run_after=2024-07-19 00:00:00+00:00
[2024-07-19T06:12:59.232+0000] {processor.py:183} INFO - Processing /home/airflow/.local/lib/python3.12/site-packages/airflow/example_dags/example_skip_dag.py took 0.117 seconds
[2024-07-19T06:13:29.411+0000] {processor.py:161} INFO - Started process (PID=6398) to work on /home/airflow/.local/lib/python3.12/site-packages/airflow/example_dags/example_skip_dag.py
[2024-07-19T06:13:29.412+0000] {processor.py:830} INFO - Processing file /home/airflow/.local/lib/python3.12/site-packages/airflow/example_dags/example_skip_dag.py for tasks to queue
[2024-07-19T06:13:29.414+0000] {logging_mixin.py:188} INFO - [2024-07-19T06:13:29.414+0000] {dagbag.py:545} INFO - Filling up the DagBag from /home/airflow/.local/lib/python3.12/site-packages/airflow/example_dags/example_skip_dag.py
[2024-07-19T06:13:29.423+0000] {processor.py:840} INFO - DAG(s) 'example_skip_dag' retrieved from /home/airflow/.local/lib/python3.12/site-packages/airflow/example_dags/example_skip_dag.py
[2024-07-19T06:13:29.455+0000] {logging_mixin.py:188} INFO - [2024-07-19T06:13:29.455+0000] {dag.py:3089} INFO - Sync 1 DAGs
[2024-07-19T06:13:29.483+0000] {logging_mixin.py:188} INFO - [2024-07-19T06:13:29.483+0000] {dag.py:3947} INFO - Setting next_dagrun for example_skip_dag to 2024-07-18 00:00:00+00:00, run_after=2024-07-19 00:00:00+00:00
[2024-07-19T06:13:29.511+0000] {processor.py:183} INFO - Processing /home/airflow/.local/lib/python3.12/site-packages/airflow/example_dags/example_skip_dag.py took 0.108 seconds
[2024-07-19T06:13:59.989+0000] {processor.py:161} INFO - Started process (PID=6458) to work on /home/airflow/.local/lib/python3.12/site-packages/airflow/example_dags/example_skip_dag.py
[2024-07-19T06:13:59.990+0000] {processor.py:830} INFO - Processing file /home/airflow/.local/lib/python3.12/site-packages/airflow/example_dags/example_skip_dag.py for tasks to queue
[2024-07-19T06:13:59.992+0000] {logging_mixin.py:188} INFO - [2024-07-19T06:13:59.992+0000] {dagbag.py:545} INFO - Filling up the DagBag from /home/airflow/.local/lib/python3.12/site-packages/airflow/example_dags/example_skip_dag.py
[2024-07-19T06:14:00.003+0000] {processor.py:840} INFO - DAG(s) 'example_skip_dag' retrieved from /home/airflow/.local/lib/python3.12/site-packages/airflow/example_dags/example_skip_dag.py
[2024-07-19T06:14:00.037+0000] {logging_mixin.py:188} INFO - [2024-07-19T06:14:00.037+0000] {dag.py:3089} INFO - Sync 1 DAGs
[2024-07-19T06:14:00.068+0000] {logging_mixin.py:188} INFO - [2024-07-19T06:14:00.067+0000] {dag.py:3947} INFO - Setting next_dagrun for example_skip_dag to 2024-07-18 00:00:00+00:00, run_after=2024-07-19 00:00:00+00:00
[2024-07-19T06:14:00.097+0000] {processor.py:183} INFO - Processing /home/airflow/.local/lib/python3.12/site-packages/airflow/example_dags/example_skip_dag.py took 0.116 seconds
[2024-07-19T06:14:30.231+0000] {processor.py:161} INFO - Started process (PID=6518) to work on /home/airflow/.local/lib/python3.12/site-packages/airflow/example_dags/example_skip_dag.py
[2024-07-19T06:14:30.233+0000] {processor.py:830} INFO - Processing file /home/airflow/.local/lib/python3.12/site-packages/airflow/example_dags/example_skip_dag.py for tasks to queue
[2024-07-19T06:14:30.235+0000] {logging_mixin.py:188} INFO - [2024-07-19T06:14:30.234+0000] {dagbag.py:545} INFO - Filling up the DagBag from /home/airflow/.local/lib/python3.12/site-packages/airflow/example_dags/example_skip_dag.py
[2024-07-19T06:14:30.256+0000] {processor.py:840} INFO - DAG(s) 'example_skip_dag' retrieved from /home/airflow/.local/lib/python3.12/site-packages/airflow/example_dags/example_skip_dag.py
[2024-07-19T06:14:30.317+0000] {logging_mixin.py:188} INFO - [2024-07-19T06:14:30.316+0000] {dag.py:3089} INFO - Sync 1 DAGs
[2024-07-19T06:14:30.370+0000] {logging_mixin.py:188} INFO - [2024-07-19T06:14:30.368+0000] {dag.py:3947} INFO - Setting next_dagrun for example_skip_dag to 2024-07-18 00:00:00+00:00, run_after=2024-07-19 00:00:00+00:00
[2024-07-19T06:14:30.410+0000] {processor.py:183} INFO - Processing /home/airflow/.local/lib/python3.12/site-packages/airflow/example_dags/example_skip_dag.py took 0.187 seconds
[2024-07-19T06:15:00.475+0000] {processor.py:161} INFO - Started process (PID=6578) to work on /home/airflow/.local/lib/python3.12/site-packages/airflow/example_dags/example_skip_dag.py
[2024-07-19T06:15:00.478+0000] {processor.py:830} INFO - Processing file /home/airflow/.local/lib/python3.12/site-packages/airflow/example_dags/example_skip_dag.py for tasks to queue
[2024-07-19T06:15:00.480+0000] {logging_mixin.py:188} INFO - [2024-07-19T06:15:00.479+0000] {dagbag.py:545} INFO - Filling up the DagBag from /home/airflow/.local/lib/python3.12/site-packages/airflow/example_dags/example_skip_dag.py
[2024-07-19T06:15:00.492+0000] {processor.py:840} INFO - DAG(s) 'example_skip_dag' retrieved from /home/airflow/.local/lib/python3.12/site-packages/airflow/example_dags/example_skip_dag.py
[2024-07-19T06:15:00.533+0000] {logging_mixin.py:188} INFO - [2024-07-19T06:15:00.533+0000] {dag.py:3089} INFO - Sync 1 DAGs
[2024-07-19T06:15:00.582+0000] {logging_mixin.py:188} INFO - [2024-07-19T06:15:00.581+0000] {dag.py:3947} INFO - Setting next_dagrun for example_skip_dag to 2024-07-18 00:00:00+00:00, run_after=2024-07-19 00:00:00+00:00
[2024-07-19T06:15:00.635+0000] {processor.py:183} INFO - Processing /home/airflow/.local/lib/python3.12/site-packages/airflow/example_dags/example_skip_dag.py took 0.173 seconds
[2024-07-19T06:15:31.283+0000] {processor.py:161} INFO - Started process (PID=6638) to work on /home/airflow/.local/lib/python3.12/site-packages/airflow/example_dags/example_skip_dag.py
[2024-07-19T06:15:31.285+0000] {processor.py:830} INFO - Processing file /home/airflow/.local/lib/python3.12/site-packages/airflow/example_dags/example_skip_dag.py for tasks to queue
[2024-07-19T06:15:31.286+0000] {logging_mixin.py:188} INFO - [2024-07-19T06:15:31.286+0000] {dagbag.py:545} INFO - Filling up the DagBag from /home/airflow/.local/lib/python3.12/site-packages/airflow/example_dags/example_skip_dag.py
[2024-07-19T06:15:31.295+0000] {processor.py:840} INFO - DAG(s) 'example_skip_dag' retrieved from /home/airflow/.local/lib/python3.12/site-packages/airflow/example_dags/example_skip_dag.py
[2024-07-19T06:15:31.326+0000] {logging_mixin.py:188} INFO - [2024-07-19T06:15:31.326+0000] {dag.py:3089} INFO - Sync 1 DAGs
[2024-07-19T06:15:31.354+0000] {logging_mixin.py:188} INFO - [2024-07-19T06:15:31.354+0000] {dag.py:3947} INFO - Setting next_dagrun for example_skip_dag to 2024-07-18 00:00:00+00:00, run_after=2024-07-19 00:00:00+00:00
[2024-07-19T06:15:31.382+0000] {processor.py:183} INFO - Processing /home/airflow/.local/lib/python3.12/site-packages/airflow/example_dags/example_skip_dag.py took 0.107 seconds
[2024-07-19T06:16:01.911+0000] {processor.py:161} INFO - Started process (PID=6698) to work on /home/airflow/.local/lib/python3.12/site-packages/airflow/example_dags/example_skip_dag.py
[2024-07-19T06:16:01.913+0000] {processor.py:830} INFO - Processing file /home/airflow/.local/lib/python3.12/site-packages/airflow/example_dags/example_skip_dag.py for tasks to queue
[2024-07-19T06:16:01.915+0000] {logging_mixin.py:188} INFO - [2024-07-19T06:16:01.914+0000] {dagbag.py:545} INFO - Filling up the DagBag from /home/airflow/.local/lib/python3.12/site-packages/airflow/example_dags/example_skip_dag.py
[2024-07-19T06:16:01.923+0000] {processor.py:840} INFO - DAG(s) 'example_skip_dag' retrieved from /home/airflow/.local/lib/python3.12/site-packages/airflow/example_dags/example_skip_dag.py
[2024-07-19T06:16:01.953+0000] {logging_mixin.py:188} INFO - [2024-07-19T06:16:01.952+0000] {dag.py:3089} INFO - Sync 1 DAGs
[2024-07-19T06:16:01.980+0000] {logging_mixin.py:188} INFO - [2024-07-19T06:16:01.980+0000] {dag.py:3947} INFO - Setting next_dagrun for example_skip_dag to 2024-07-18 00:00:00+00:00, run_after=2024-07-19 00:00:00+00:00
[2024-07-19T06:16:02.007+0000] {processor.py:183} INFO - Processing /home/airflow/.local/lib/python3.12/site-packages/airflow/example_dags/example_skip_dag.py took 0.103 seconds
[2024-07-19T06:16:32.385+0000] {processor.py:161} INFO - Started process (PID=6758) to work on /home/airflow/.local/lib/python3.12/site-packages/airflow/example_dags/example_skip_dag.py
[2024-07-19T06:16:32.387+0000] {processor.py:830} INFO - Processing file /home/airflow/.local/lib/python3.12/site-packages/airflow/example_dags/example_skip_dag.py for tasks to queue
[2024-07-19T06:16:32.388+0000] {logging_mixin.py:188} INFO - [2024-07-19T06:16:32.388+0000] {dagbag.py:545} INFO - Filling up the DagBag from /home/airflow/.local/lib/python3.12/site-packages/airflow/example_dags/example_skip_dag.py
[2024-07-19T06:16:32.397+0000] {processor.py:840} INFO - DAG(s) 'example_skip_dag' retrieved from /home/airflow/.local/lib/python3.12/site-packages/airflow/example_dags/example_skip_dag.py
[2024-07-19T06:16:32.425+0000] {logging_mixin.py:188} INFO - [2024-07-19T06:16:32.425+0000] {dag.py:3089} INFO - Sync 1 DAGs
[2024-07-19T06:16:32.452+0000] {logging_mixin.py:188} INFO - [2024-07-19T06:16:32.451+0000] {dag.py:3947} INFO - Setting next_dagrun for example_skip_dag to 2024-07-18 00:00:00+00:00, run_after=2024-07-19 00:00:00+00:00
[2024-07-19T06:16:32.477+0000] {processor.py:183} INFO - Processing /home/airflow/.local/lib/python3.12/site-packages/airflow/example_dags/example_skip_dag.py took 0.100 seconds
[2024-07-19T06:17:02.678+0000] {processor.py:161} INFO - Started process (PID=6818) to work on /home/airflow/.local/lib/python3.12/site-packages/airflow/example_dags/example_skip_dag.py
[2024-07-19T06:17:02.680+0000] {processor.py:830} INFO - Processing file /home/airflow/.local/lib/python3.12/site-packages/airflow/example_dags/example_skip_dag.py for tasks to queue
[2024-07-19T06:17:02.681+0000] {logging_mixin.py:188} INFO - [2024-07-19T06:17:02.681+0000] {dagbag.py:545} INFO - Filling up the DagBag from /home/airflow/.local/lib/python3.12/site-packages/airflow/example_dags/example_skip_dag.py
[2024-07-19T06:17:02.690+0000] {processor.py:840} INFO - DAG(s) 'example_skip_dag' retrieved from /home/airflow/.local/lib/python3.12/site-packages/airflow/example_dags/example_skip_dag.py
[2024-07-19T06:17:02.720+0000] {logging_mixin.py:188} INFO - [2024-07-19T06:17:02.720+0000] {dag.py:3089} INFO - Sync 1 DAGs
[2024-07-19T06:17:02.747+0000] {logging_mixin.py:188} INFO - [2024-07-19T06:17:02.746+0000] {dag.py:3947} INFO - Setting next_dagrun for example_skip_dag to 2024-07-18 00:00:00+00:00, run_after=2024-07-19 00:00:00+00:00
[2024-07-19T06:17:02.772+0000] {processor.py:183} INFO - Processing /home/airflow/.local/lib/python3.12/site-packages/airflow/example_dags/example_skip_dag.py took 0.102 seconds
[2024-07-19T06:17:32.879+0000] {processor.py:161} INFO - Started process (PID=6878) to work on /home/airflow/.local/lib/python3.12/site-packages/airflow/example_dags/example_skip_dag.py
[2024-07-19T06:17:32.880+0000] {processor.py:830} INFO - Processing file /home/airflow/.local/lib/python3.12/site-packages/airflow/example_dags/example_skip_dag.py for tasks to queue
[2024-07-19T06:17:32.882+0000] {logging_mixin.py:188} INFO - [2024-07-19T06:17:32.881+0000] {dagbag.py:545} INFO - Filling up the DagBag from /home/airflow/.local/lib/python3.12/site-packages/airflow/example_dags/example_skip_dag.py
[2024-07-19T06:17:32.889+0000] {processor.py:840} INFO - DAG(s) 'example_skip_dag' retrieved from /home/airflow/.local/lib/python3.12/site-packages/airflow/example_dags/example_skip_dag.py
[2024-07-19T06:17:32.920+0000] {logging_mixin.py:188} INFO - [2024-07-19T06:17:32.920+0000] {dag.py:3089} INFO - Sync 1 DAGs
[2024-07-19T06:17:32.947+0000] {logging_mixin.py:188} INFO - [2024-07-19T06:17:32.947+0000] {dag.py:3947} INFO - Setting next_dagrun for example_skip_dag to 2024-07-18 00:00:00+00:00, run_after=2024-07-19 00:00:00+00:00
[2024-07-19T06:17:32.970+0000] {processor.py:183} INFO - Processing /home/airflow/.local/lib/python3.12/site-packages/airflow/example_dags/example_skip_dag.py took 0.100 seconds
[2024-07-19T06:18:03.197+0000] {processor.py:161} INFO - Started process (PID=6938) to work on /home/airflow/.local/lib/python3.12/site-packages/airflow/example_dags/example_skip_dag.py
[2024-07-19T06:18:03.198+0000] {processor.py:830} INFO - Processing file /home/airflow/.local/lib/python3.12/site-packages/airflow/example_dags/example_skip_dag.py for tasks to queue
[2024-07-19T06:18:03.199+0000] {logging_mixin.py:188} INFO - [2024-07-19T06:18:03.199+0000] {dagbag.py:545} INFO - Filling up the DagBag from /home/airflow/.local/lib/python3.12/site-packages/airflow/example_dags/example_skip_dag.py
[2024-07-19T06:18:03.208+0000] {processor.py:840} INFO - DAG(s) 'example_skip_dag' retrieved from /home/airflow/.local/lib/python3.12/site-packages/airflow/example_dags/example_skip_dag.py
[2024-07-19T06:18:03.238+0000] {logging_mixin.py:188} INFO - [2024-07-19T06:18:03.237+0000] {dag.py:3089} INFO - Sync 1 DAGs
[2024-07-19T06:18:03.265+0000] {logging_mixin.py:188} INFO - [2024-07-19T06:18:03.265+0000] {dag.py:3947} INFO - Setting next_dagrun for example_skip_dag to 2024-07-18 00:00:00+00:00, run_after=2024-07-19 00:00:00+00:00
[2024-07-19T06:18:03.287+0000] {processor.py:183} INFO - Processing /home/airflow/.local/lib/python3.12/site-packages/airflow/example_dags/example_skip_dag.py took 0.101 seconds
[2024-07-19T06:18:33.479+0000] {processor.py:161} INFO - Started process (PID=6998) to work on /home/airflow/.local/lib/python3.12/site-packages/airflow/example_dags/example_skip_dag.py
[2024-07-19T06:18:33.482+0000] {processor.py:830} INFO - Processing file /home/airflow/.local/lib/python3.12/site-packages/airflow/example_dags/example_skip_dag.py for tasks to queue
[2024-07-19T06:18:33.484+0000] {logging_mixin.py:188} INFO - [2024-07-19T06:18:33.483+0000] {dagbag.py:545} INFO - Filling up the DagBag from /home/airflow/.local/lib/python3.12/site-packages/airflow/example_dags/example_skip_dag.py
[2024-07-19T06:18:33.494+0000] {processor.py:840} INFO - DAG(s) 'example_skip_dag' retrieved from /home/airflow/.local/lib/python3.12/site-packages/airflow/example_dags/example_skip_dag.py
[2024-07-19T06:18:33.534+0000] {logging_mixin.py:188} INFO - [2024-07-19T06:18:33.534+0000] {dag.py:3089} INFO - Sync 1 DAGs
[2024-07-19T06:18:33.571+0000] {logging_mixin.py:188} INFO - [2024-07-19T06:18:33.571+0000] {dag.py:3947} INFO - Setting next_dagrun for example_skip_dag to 2024-07-18 00:00:00+00:00, run_after=2024-07-19 00:00:00+00:00
[2024-07-19T06:18:33.604+0000] {processor.py:183} INFO - Processing /home/airflow/.local/lib/python3.12/site-packages/airflow/example_dags/example_skip_dag.py took 0.139 seconds
[2024-07-19T06:19:03.824+0000] {processor.py:161} INFO - Started process (PID=7058) to work on /home/airflow/.local/lib/python3.12/site-packages/airflow/example_dags/example_skip_dag.py
[2024-07-19T06:19:03.825+0000] {processor.py:830} INFO - Processing file /home/airflow/.local/lib/python3.12/site-packages/airflow/example_dags/example_skip_dag.py for tasks to queue
[2024-07-19T06:19:03.827+0000] {logging_mixin.py:188} INFO - [2024-07-19T06:19:03.826+0000] {dagbag.py:545} INFO - Filling up the DagBag from /home/airflow/.local/lib/python3.12/site-packages/airflow/example_dags/example_skip_dag.py
[2024-07-19T06:19:03.835+0000] {processor.py:840} INFO - DAG(s) 'example_skip_dag' retrieved from /home/airflow/.local/lib/python3.12/site-packages/airflow/example_dags/example_skip_dag.py
[2024-07-19T06:19:03.865+0000] {logging_mixin.py:188} INFO - [2024-07-19T06:19:03.864+0000] {dag.py:3089} INFO - Sync 1 DAGs
[2024-07-19T06:19:03.893+0000] {logging_mixin.py:188} INFO - [2024-07-19T06:19:03.893+0000] {dag.py:3947} INFO - Setting next_dagrun for example_skip_dag to 2024-07-18 00:00:00+00:00, run_after=2024-07-19 00:00:00+00:00
[2024-07-19T06:19:03.918+0000] {processor.py:183} INFO - Processing /home/airflow/.local/lib/python3.12/site-packages/airflow/example_dags/example_skip_dag.py took 0.102 seconds
[2024-07-19T06:19:34.250+0000] {processor.py:161} INFO - Started process (PID=7118) to work on /home/airflow/.local/lib/python3.12/site-packages/airflow/example_dags/example_skip_dag.py
[2024-07-19T06:19:34.251+0000] {processor.py:830} INFO - Processing file /home/airflow/.local/lib/python3.12/site-packages/airflow/example_dags/example_skip_dag.py for tasks to queue
[2024-07-19T06:19:34.253+0000] {logging_mixin.py:188} INFO - [2024-07-19T06:19:34.252+0000] {dagbag.py:545} INFO - Filling up the DagBag from /home/airflow/.local/lib/python3.12/site-packages/airflow/example_dags/example_skip_dag.py
[2024-07-19T06:19:34.260+0000] {processor.py:840} INFO - DAG(s) 'example_skip_dag' retrieved from /home/airflow/.local/lib/python3.12/site-packages/airflow/example_dags/example_skip_dag.py
[2024-07-19T06:19:34.289+0000] {logging_mixin.py:188} INFO - [2024-07-19T06:19:34.288+0000] {dag.py:3089} INFO - Sync 1 DAGs
[2024-07-19T06:19:34.314+0000] {logging_mixin.py:188} INFO - [2024-07-19T06:19:34.314+0000] {dag.py:3947} INFO - Setting next_dagrun for example_skip_dag to 2024-07-18 00:00:00+00:00, run_after=2024-07-19 00:00:00+00:00
[2024-07-19T06:19:34.340+0000] {processor.py:183} INFO - Processing /home/airflow/.local/lib/python3.12/site-packages/airflow/example_dags/example_skip_dag.py took 0.098 seconds
[2024-07-19T06:20:04.746+0000] {processor.py:161} INFO - Started process (PID=7184) to work on /home/airflow/.local/lib/python3.12/site-packages/airflow/example_dags/example_skip_dag.py
[2024-07-19T06:20:04.748+0000] {processor.py:830} INFO - Processing file /home/airflow/.local/lib/python3.12/site-packages/airflow/example_dags/example_skip_dag.py for tasks to queue
[2024-07-19T06:20:04.750+0000] {logging_mixin.py:188} INFO - [2024-07-19T06:20:04.750+0000] {dagbag.py:545} INFO - Filling up the DagBag from /home/airflow/.local/lib/python3.12/site-packages/airflow/example_dags/example_skip_dag.py
[2024-07-19T06:20:04.759+0000] {processor.py:840} INFO - DAG(s) 'example_skip_dag' retrieved from /home/airflow/.local/lib/python3.12/site-packages/airflow/example_dags/example_skip_dag.py
[2024-07-19T06:20:04.792+0000] {logging_mixin.py:188} INFO - [2024-07-19T06:20:04.792+0000] {dag.py:3089} INFO - Sync 1 DAGs
[2024-07-19T06:20:04.823+0000] {logging_mixin.py:188} INFO - [2024-07-19T06:20:04.823+0000] {dag.py:3947} INFO - Setting next_dagrun for example_skip_dag to 2024-07-18 00:00:00+00:00, run_after=2024-07-19 00:00:00+00:00
[2024-07-19T06:20:04.848+0000] {processor.py:183} INFO - Processing /home/airflow/.local/lib/python3.12/site-packages/airflow/example_dags/example_skip_dag.py took 0.113 seconds
[2024-07-19T06:20:35.381+0000] {processor.py:161} INFO - Started process (PID=7244) to work on /home/airflow/.local/lib/python3.12/site-packages/airflow/example_dags/example_skip_dag.py
[2024-07-19T06:20:35.383+0000] {processor.py:830} INFO - Processing file /home/airflow/.local/lib/python3.12/site-packages/airflow/example_dags/example_skip_dag.py for tasks to queue
[2024-07-19T06:20:35.384+0000] {logging_mixin.py:188} INFO - [2024-07-19T06:20:35.384+0000] {dagbag.py:545} INFO - Filling up the DagBag from /home/airflow/.local/lib/python3.12/site-packages/airflow/example_dags/example_skip_dag.py
[2024-07-19T06:20:35.392+0000] {processor.py:840} INFO - DAG(s) 'example_skip_dag' retrieved from /home/airflow/.local/lib/python3.12/site-packages/airflow/example_dags/example_skip_dag.py
[2024-07-19T06:20:35.422+0000] {logging_mixin.py:188} INFO - [2024-07-19T06:20:35.422+0000] {dag.py:3089} INFO - Sync 1 DAGs
[2024-07-19T06:20:35.449+0000] {logging_mixin.py:188} INFO - [2024-07-19T06:20:35.449+0000] {dag.py:3947} INFO - Setting next_dagrun for example_skip_dag to 2024-07-18 00:00:00+00:00, run_after=2024-07-19 00:00:00+00:00
[2024-07-19T06:20:35.471+0000] {processor.py:183} INFO - Processing /home/airflow/.local/lib/python3.12/site-packages/airflow/example_dags/example_skip_dag.py took 0.098 seconds
[2024-07-19T06:21:05.910+0000] {processor.py:161} INFO - Started process (PID=7304) to work on /home/airflow/.local/lib/python3.12/site-packages/airflow/example_dags/example_skip_dag.py
[2024-07-19T06:21:05.912+0000] {processor.py:830} INFO - Processing file /home/airflow/.local/lib/python3.12/site-packages/airflow/example_dags/example_skip_dag.py for tasks to queue
[2024-07-19T06:21:05.914+0000] {logging_mixin.py:188} INFO - [2024-07-19T06:21:05.913+0000] {dagbag.py:545} INFO - Filling up the DagBag from /home/airflow/.local/lib/python3.12/site-packages/airflow/example_dags/example_skip_dag.py
[2024-07-19T06:21:05.924+0000] {processor.py:840} INFO - DAG(s) 'example_skip_dag' retrieved from /home/airflow/.local/lib/python3.12/site-packages/airflow/example_dags/example_skip_dag.py
[2024-07-19T06:21:05.954+0000] {logging_mixin.py:188} INFO - [2024-07-19T06:21:05.954+0000] {dag.py:3089} INFO - Sync 1 DAGs
[2024-07-19T06:21:05.981+0000] {logging_mixin.py:188} INFO - [2024-07-19T06:21:05.980+0000] {dag.py:3947} INFO - Setting next_dagrun for example_skip_dag to 2024-07-18 00:00:00+00:00, run_after=2024-07-19 00:00:00+00:00
[2024-07-19T06:21:06.004+0000] {processor.py:183} INFO - Processing /home/airflow/.local/lib/python3.12/site-packages/airflow/example_dags/example_skip_dag.py took 0.102 seconds
[2024-07-19T06:21:36.036+0000] {processor.py:161} INFO - Started process (PID=7364) to work on /home/airflow/.local/lib/python3.12/site-packages/airflow/example_dags/example_skip_dag.py
[2024-07-19T06:21:36.037+0000] {processor.py:830} INFO - Processing file /home/airflow/.local/lib/python3.12/site-packages/airflow/example_dags/example_skip_dag.py for tasks to queue
[2024-07-19T06:21:36.039+0000] {logging_mixin.py:188} INFO - [2024-07-19T06:21:36.038+0000] {dagbag.py:545} INFO - Filling up the DagBag from /home/airflow/.local/lib/python3.12/site-packages/airflow/example_dags/example_skip_dag.py
[2024-07-19T06:21:36.047+0000] {processor.py:840} INFO - DAG(s) 'example_skip_dag' retrieved from /home/airflow/.local/lib/python3.12/site-packages/airflow/example_dags/example_skip_dag.py
[2024-07-19T06:21:36.077+0000] {logging_mixin.py:188} INFO - [2024-07-19T06:21:36.076+0000] {dag.py:3089} INFO - Sync 1 DAGs
[2024-07-19T06:21:36.102+0000] {logging_mixin.py:188} INFO - [2024-07-19T06:21:36.101+0000] {dag.py:3947} INFO - Setting next_dagrun for example_skip_dag to 2024-07-18 00:00:00+00:00, run_after=2024-07-19 00:00:00+00:00
[2024-07-19T06:21:36.124+0000] {processor.py:183} INFO - Processing /home/airflow/.local/lib/python3.12/site-packages/airflow/example_dags/example_skip_dag.py took 0.096 seconds
[2024-07-19T06:22:06.278+0000] {processor.py:161} INFO - Started process (PID=7424) to work on /home/airflow/.local/lib/python3.12/site-packages/airflow/example_dags/example_skip_dag.py
[2024-07-19T06:22:06.280+0000] {processor.py:830} INFO - Processing file /home/airflow/.local/lib/python3.12/site-packages/airflow/example_dags/example_skip_dag.py for tasks to queue
[2024-07-19T06:22:06.282+0000] {logging_mixin.py:188} INFO - [2024-07-19T06:22:06.282+0000] {dagbag.py:545} INFO - Filling up the DagBag from /home/airflow/.local/lib/python3.12/site-packages/airflow/example_dags/example_skip_dag.py
[2024-07-19T06:22:06.293+0000] {processor.py:840} INFO - DAG(s) 'example_skip_dag' retrieved from /home/airflow/.local/lib/python3.12/site-packages/airflow/example_dags/example_skip_dag.py
[2024-07-19T06:22:06.324+0000] {logging_mixin.py:188} INFO - [2024-07-19T06:22:06.324+0000] {dag.py:3089} INFO - Sync 1 DAGs
[2024-07-19T06:22:06.350+0000] {logging_mixin.py:188} INFO - [2024-07-19T06:22:06.350+0000] {dag.py:3947} INFO - Setting next_dagrun for example_skip_dag to 2024-07-18 00:00:00+00:00, run_after=2024-07-19 00:00:00+00:00
[2024-07-19T06:22:06.374+0000] {processor.py:183} INFO - Processing /home/airflow/.local/lib/python3.12/site-packages/airflow/example_dags/example_skip_dag.py took 0.104 seconds
[2024-07-19T06:22:36.942+0000] {processor.py:161} INFO - Started process (PID=7485) to work on /home/airflow/.local/lib/python3.12/site-packages/airflow/example_dags/example_skip_dag.py
[2024-07-19T06:22:36.944+0000] {processor.py:830} INFO - Processing file /home/airflow/.local/lib/python3.12/site-packages/airflow/example_dags/example_skip_dag.py for tasks to queue
[2024-07-19T06:22:36.945+0000] {logging_mixin.py:188} INFO - [2024-07-19T06:22:36.945+0000] {dagbag.py:545} INFO - Filling up the DagBag from /home/airflow/.local/lib/python3.12/site-packages/airflow/example_dags/example_skip_dag.py
[2024-07-19T06:22:36.953+0000] {processor.py:840} INFO - DAG(s) 'example_skip_dag' retrieved from /home/airflow/.local/lib/python3.12/site-packages/airflow/example_dags/example_skip_dag.py
[2024-07-19T06:22:36.983+0000] {logging_mixin.py:188} INFO - [2024-07-19T06:22:36.983+0000] {dag.py:3089} INFO - Sync 1 DAGs
[2024-07-19T06:22:37.010+0000] {logging_mixin.py:188} INFO - [2024-07-19T06:22:37.010+0000] {dag.py:3947} INFO - Setting next_dagrun for example_skip_dag to 2024-07-18 00:00:00+00:00, run_after=2024-07-19 00:00:00+00:00
[2024-07-19T06:22:37.034+0000] {processor.py:183} INFO - Processing /home/airflow/.local/lib/python3.12/site-packages/airflow/example_dags/example_skip_dag.py took 0.100 seconds
[2024-07-19T06:23:07.155+0000] {processor.py:161} INFO - Started process (PID=7545) to work on /home/airflow/.local/lib/python3.12/site-packages/airflow/example_dags/example_skip_dag.py
[2024-07-19T06:23:07.156+0000] {processor.py:830} INFO - Processing file /home/airflow/.local/lib/python3.12/site-packages/airflow/example_dags/example_skip_dag.py for tasks to queue
[2024-07-19T06:23:07.157+0000] {logging_mixin.py:188} INFO - [2024-07-19T06:23:07.157+0000] {dagbag.py:545} INFO - Filling up the DagBag from /home/airflow/.local/lib/python3.12/site-packages/airflow/example_dags/example_skip_dag.py
[2024-07-19T06:23:07.166+0000] {processor.py:840} INFO - DAG(s) 'example_skip_dag' retrieved from /home/airflow/.local/lib/python3.12/site-packages/airflow/example_dags/example_skip_dag.py
[2024-07-19T06:23:07.197+0000] {logging_mixin.py:188} INFO - [2024-07-19T06:23:07.197+0000] {dag.py:3089} INFO - Sync 1 DAGs
[2024-07-19T06:23:07.225+0000] {logging_mixin.py:188} INFO - [2024-07-19T06:23:07.225+0000] {dag.py:3947} INFO - Setting next_dagrun for example_skip_dag to 2024-07-18 00:00:00+00:00, run_after=2024-07-19 00:00:00+00:00
[2024-07-19T06:23:07.255+0000] {processor.py:183} INFO - Processing /home/airflow/.local/lib/python3.12/site-packages/airflow/example_dags/example_skip_dag.py took 0.109 seconds
[2024-07-19T06:23:37.528+0000] {processor.py:161} INFO - Started process (PID=7604) to work on /home/airflow/.local/lib/python3.12/site-packages/airflow/example_dags/example_skip_dag.py
[2024-07-19T06:23:37.529+0000] {processor.py:830} INFO - Processing file /home/airflow/.local/lib/python3.12/site-packages/airflow/example_dags/example_skip_dag.py for tasks to queue
[2024-07-19T06:23:37.530+0000] {logging_mixin.py:188} INFO - [2024-07-19T06:23:37.530+0000] {dagbag.py:545} INFO - Filling up the DagBag from /home/airflow/.local/lib/python3.12/site-packages/airflow/example_dags/example_skip_dag.py
[2024-07-19T06:23:37.539+0000] {processor.py:840} INFO - DAG(s) 'example_skip_dag' retrieved from /home/airflow/.local/lib/python3.12/site-packages/airflow/example_dags/example_skip_dag.py
[2024-07-19T06:23:37.568+0000] {logging_mixin.py:188} INFO - [2024-07-19T06:23:37.568+0000] {dag.py:3089} INFO - Sync 1 DAGs
[2024-07-19T06:23:37.594+0000] {logging_mixin.py:188} INFO - [2024-07-19T06:23:37.594+0000] {dag.py:3947} INFO - Setting next_dagrun for example_skip_dag to 2024-07-18 00:00:00+00:00, run_after=2024-07-19 00:00:00+00:00
[2024-07-19T06:23:37.616+0000] {processor.py:183} INFO - Processing /home/airflow/.local/lib/python3.12/site-packages/airflow/example_dags/example_skip_dag.py took 0.097 seconds
[2024-07-19T06:24:08.144+0000] {processor.py:161} INFO - Started process (PID=7665) to work on /home/airflow/.local/lib/python3.12/site-packages/airflow/example_dags/example_skip_dag.py
[2024-07-19T06:24:08.146+0000] {processor.py:830} INFO - Processing file /home/airflow/.local/lib/python3.12/site-packages/airflow/example_dags/example_skip_dag.py for tasks to queue
[2024-07-19T06:24:08.147+0000] {logging_mixin.py:188} INFO - [2024-07-19T06:24:08.147+0000] {dagbag.py:545} INFO - Filling up the DagBag from /home/airflow/.local/lib/python3.12/site-packages/airflow/example_dags/example_skip_dag.py
[2024-07-19T06:24:08.156+0000] {processor.py:840} INFO - DAG(s) 'example_skip_dag' retrieved from /home/airflow/.local/lib/python3.12/site-packages/airflow/example_dags/example_skip_dag.py
[2024-07-19T06:24:08.185+0000] {logging_mixin.py:188} INFO - [2024-07-19T06:24:08.185+0000] {dag.py:3089} INFO - Sync 1 DAGs
[2024-07-19T06:24:08.210+0000] {logging_mixin.py:188} INFO - [2024-07-19T06:24:08.210+0000] {dag.py:3947} INFO - Setting next_dagrun for example_skip_dag to 2024-07-18 00:00:00+00:00, run_after=2024-07-19 00:00:00+00:00
[2024-07-19T06:24:08.236+0000] {processor.py:183} INFO - Processing /home/airflow/.local/lib/python3.12/site-packages/airflow/example_dags/example_skip_dag.py took 0.099 seconds
[2024-07-19T06:24:38.672+0000] {processor.py:161} INFO - Started process (PID=7725) to work on /home/airflow/.local/lib/python3.12/site-packages/airflow/example_dags/example_skip_dag.py
[2024-07-19T06:24:38.674+0000] {processor.py:830} INFO - Processing file /home/airflow/.local/lib/python3.12/site-packages/airflow/example_dags/example_skip_dag.py for tasks to queue
[2024-07-19T06:24:38.675+0000] {logging_mixin.py:188} INFO - [2024-07-19T06:24:38.675+0000] {dagbag.py:545} INFO - Filling up the DagBag from /home/airflow/.local/lib/python3.12/site-packages/airflow/example_dags/example_skip_dag.py
[2024-07-19T06:24:38.684+0000] {processor.py:840} INFO - DAG(s) 'example_skip_dag' retrieved from /home/airflow/.local/lib/python3.12/site-packages/airflow/example_dags/example_skip_dag.py
[2024-07-19T06:24:38.713+0000] {logging_mixin.py:188} INFO - [2024-07-19T06:24:38.713+0000] {dag.py:3089} INFO - Sync 1 DAGs
[2024-07-19T06:24:38.739+0000] {logging_mixin.py:188} INFO - [2024-07-19T06:24:38.739+0000] {dag.py:3947} INFO - Setting next_dagrun for example_skip_dag to 2024-07-18 00:00:00+00:00, run_after=2024-07-19 00:00:00+00:00
[2024-07-19T06:24:38.762+0000] {processor.py:183} INFO - Processing /home/airflow/.local/lib/python3.12/site-packages/airflow/example_dags/example_skip_dag.py took 0.098 seconds
[2024-07-19T06:25:09.644+0000] {processor.py:161} INFO - Started process (PID=7785) to work on /home/airflow/.local/lib/python3.12/site-packages/airflow/example_dags/example_skip_dag.py
[2024-07-19T06:25:09.646+0000] {processor.py:830} INFO - Processing file /home/airflow/.local/lib/python3.12/site-packages/airflow/example_dags/example_skip_dag.py for tasks to queue
[2024-07-19T06:25:09.647+0000] {logging_mixin.py:188} INFO - [2024-07-19T06:25:09.647+0000] {dagbag.py:545} INFO - Filling up the DagBag from /home/airflow/.local/lib/python3.12/site-packages/airflow/example_dags/example_skip_dag.py
[2024-07-19T06:25:09.657+0000] {processor.py:840} INFO - DAG(s) 'example_skip_dag' retrieved from /home/airflow/.local/lib/python3.12/site-packages/airflow/example_dags/example_skip_dag.py
[2024-07-19T06:25:09.692+0000] {logging_mixin.py:188} INFO - [2024-07-19T06:25:09.692+0000] {dag.py:3089} INFO - Sync 1 DAGs
[2024-07-19T06:25:09.722+0000] {logging_mixin.py:188} INFO - [2024-07-19T06:25:09.722+0000] {dag.py:3947} INFO - Setting next_dagrun for example_skip_dag to 2024-07-18 00:00:00+00:00, run_after=2024-07-19 00:00:00+00:00
[2024-07-19T06:25:09.747+0000] {processor.py:183} INFO - Processing /home/airflow/.local/lib/python3.12/site-packages/airflow/example_dags/example_skip_dag.py took 0.111 seconds
[2024-07-19T06:25:39.824+0000] {processor.py:161} INFO - Started process (PID=7845) to work on /home/airflow/.local/lib/python3.12/site-packages/airflow/example_dags/example_skip_dag.py
[2024-07-19T06:25:39.825+0000] {processor.py:830} INFO - Processing file /home/airflow/.local/lib/python3.12/site-packages/airflow/example_dags/example_skip_dag.py for tasks to queue
[2024-07-19T06:25:39.827+0000] {logging_mixin.py:188} INFO - [2024-07-19T06:25:39.826+0000] {dagbag.py:545} INFO - Filling up the DagBag from /home/airflow/.local/lib/python3.12/site-packages/airflow/example_dags/example_skip_dag.py
[2024-07-19T06:25:39.835+0000] {processor.py:840} INFO - DAG(s) 'example_skip_dag' retrieved from /home/airflow/.local/lib/python3.12/site-packages/airflow/example_dags/example_skip_dag.py
[2024-07-19T06:25:39.875+0000] {logging_mixin.py:188} INFO - [2024-07-19T06:25:39.874+0000] {dag.py:3089} INFO - Sync 1 DAGs
[2024-07-19T06:25:39.905+0000] {logging_mixin.py:188} INFO - [2024-07-19T06:25:39.904+0000] {dag.py:3947} INFO - Setting next_dagrun for example_skip_dag to 2024-07-18 00:00:00+00:00, run_after=2024-07-19 00:00:00+00:00
[2024-07-19T06:25:39.931+0000] {processor.py:183} INFO - Processing /home/airflow/.local/lib/python3.12/site-packages/airflow/example_dags/example_skip_dag.py took 0.115 seconds
[2024-07-19T06:26:10.105+0000] {processor.py:161} INFO - Started process (PID=7905) to work on /home/airflow/.local/lib/python3.12/site-packages/airflow/example_dags/example_skip_dag.py
[2024-07-19T06:26:10.106+0000] {processor.py:830} INFO - Processing file /home/airflow/.local/lib/python3.12/site-packages/airflow/example_dags/example_skip_dag.py for tasks to queue
[2024-07-19T06:26:10.108+0000] {logging_mixin.py:188} INFO - [2024-07-19T06:26:10.107+0000] {dagbag.py:545} INFO - Filling up the DagBag from /home/airflow/.local/lib/python3.12/site-packages/airflow/example_dags/example_skip_dag.py
[2024-07-19T06:26:10.116+0000] {processor.py:840} INFO - DAG(s) 'example_skip_dag' retrieved from /home/airflow/.local/lib/python3.12/site-packages/airflow/example_dags/example_skip_dag.py
[2024-07-19T06:26:10.148+0000] {logging_mixin.py:188} INFO - [2024-07-19T06:26:10.148+0000] {dag.py:3089} INFO - Sync 1 DAGs
[2024-07-19T06:26:10.175+0000] {logging_mixin.py:188} INFO - [2024-07-19T06:26:10.174+0000] {dag.py:3947} INFO - Setting next_dagrun for example_skip_dag to 2024-07-18 00:00:00+00:00, run_after=2024-07-19 00:00:00+00:00
[2024-07-19T06:26:10.199+0000] {processor.py:183} INFO - Processing /home/airflow/.local/lib/python3.12/site-packages/airflow/example_dags/example_skip_dag.py took 0.105 seconds
[2024-07-19T06:26:40.930+0000] {processor.py:161} INFO - Started process (PID=7965) to work on /home/airflow/.local/lib/python3.12/site-packages/airflow/example_dags/example_skip_dag.py
[2024-07-19T06:26:40.931+0000] {processor.py:830} INFO - Processing file /home/airflow/.local/lib/python3.12/site-packages/airflow/example_dags/example_skip_dag.py for tasks to queue
[2024-07-19T06:26:40.933+0000] {logging_mixin.py:188} INFO - [2024-07-19T06:26:40.932+0000] {dagbag.py:545} INFO - Filling up the DagBag from /home/airflow/.local/lib/python3.12/site-packages/airflow/example_dags/example_skip_dag.py
[2024-07-19T06:26:40.940+0000] {processor.py:840} INFO - DAG(s) 'example_skip_dag' retrieved from /home/airflow/.local/lib/python3.12/site-packages/airflow/example_dags/example_skip_dag.py
[2024-07-19T06:26:40.969+0000] {logging_mixin.py:188} INFO - [2024-07-19T06:26:40.969+0000] {dag.py:3089} INFO - Sync 1 DAGs
[2024-07-19T06:26:40.993+0000] {logging_mixin.py:188} INFO - [2024-07-19T06:26:40.993+0000] {dag.py:3947} INFO - Setting next_dagrun for example_skip_dag to 2024-07-18 00:00:00+00:00, run_after=2024-07-19 00:00:00+00:00
[2024-07-19T06:26:41.014+0000] {processor.py:183} INFO - Processing /home/airflow/.local/lib/python3.12/site-packages/airflow/example_dags/example_skip_dag.py took 0.092 seconds
[2024-07-19T06:27:11.968+0000] {processor.py:161} INFO - Started process (PID=8025) to work on /home/airflow/.local/lib/python3.12/site-packages/airflow/example_dags/example_skip_dag.py
[2024-07-19T06:27:11.970+0000] {processor.py:830} INFO - Processing file /home/airflow/.local/lib/python3.12/site-packages/airflow/example_dags/example_skip_dag.py for tasks to queue
[2024-07-19T06:27:11.971+0000] {logging_mixin.py:188} INFO - [2024-07-19T06:27:11.971+0000] {dagbag.py:545} INFO - Filling up the DagBag from /home/airflow/.local/lib/python3.12/site-packages/airflow/example_dags/example_skip_dag.py
[2024-07-19T06:27:11.978+0000] {processor.py:840} INFO - DAG(s) 'example_skip_dag' retrieved from /home/airflow/.local/lib/python3.12/site-packages/airflow/example_dags/example_skip_dag.py
[2024-07-19T06:27:12.006+0000] {logging_mixin.py:188} INFO - [2024-07-19T06:27:12.006+0000] {dag.py:3089} INFO - Sync 1 DAGs
[2024-07-19T06:27:12.035+0000] {logging_mixin.py:188} INFO - [2024-07-19T06:27:12.035+0000] {dag.py:3947} INFO - Setting next_dagrun for example_skip_dag to 2024-07-18 00:00:00+00:00, run_after=2024-07-19 00:00:00+00:00
[2024-07-19T06:27:12.065+0000] {processor.py:183} INFO - Processing /home/airflow/.local/lib/python3.12/site-packages/airflow/example_dags/example_skip_dag.py took 0.104 seconds
[2024-07-19T06:27:42.862+0000] {processor.py:161} INFO - Started process (PID=8085) to work on /home/airflow/.local/lib/python3.12/site-packages/airflow/example_dags/example_skip_dag.py
[2024-07-19T06:27:42.863+0000] {processor.py:830} INFO - Processing file /home/airflow/.local/lib/python3.12/site-packages/airflow/example_dags/example_skip_dag.py for tasks to queue
[2024-07-19T06:27:42.865+0000] {logging_mixin.py:188} INFO - [2024-07-19T06:27:42.864+0000] {dagbag.py:545} INFO - Filling up the DagBag from /home/airflow/.local/lib/python3.12/site-packages/airflow/example_dags/example_skip_dag.py
[2024-07-19T06:27:42.873+0000] {processor.py:840} INFO - DAG(s) 'example_skip_dag' retrieved from /home/airflow/.local/lib/python3.12/site-packages/airflow/example_dags/example_skip_dag.py
[2024-07-19T06:27:42.903+0000] {logging_mixin.py:188} INFO - [2024-07-19T06:27:42.903+0000] {dag.py:3089} INFO - Sync 1 DAGs
[2024-07-19T06:27:42.930+0000] {logging_mixin.py:188} INFO - [2024-07-19T06:27:42.930+0000] {dag.py:3947} INFO - Setting next_dagrun for example_skip_dag to 2024-07-18 00:00:00+00:00, run_after=2024-07-19 00:00:00+00:00
[2024-07-19T06:27:42.953+0000] {processor.py:183} INFO - Processing /home/airflow/.local/lib/python3.12/site-packages/airflow/example_dags/example_skip_dag.py took 0.100 seconds
[2024-07-19T06:28:13.684+0000] {processor.py:161} INFO - Started process (PID=8145) to work on /home/airflow/.local/lib/python3.12/site-packages/airflow/example_dags/example_skip_dag.py
[2024-07-19T06:28:13.686+0000] {processor.py:830} INFO - Processing file /home/airflow/.local/lib/python3.12/site-packages/airflow/example_dags/example_skip_dag.py for tasks to queue
[2024-07-19T06:28:13.687+0000] {logging_mixin.py:188} INFO - [2024-07-19T06:28:13.687+0000] {dagbag.py:545} INFO - Filling up the DagBag from /home/airflow/.local/lib/python3.12/site-packages/airflow/example_dags/example_skip_dag.py
[2024-07-19T06:28:13.695+0000] {processor.py:840} INFO - DAG(s) 'example_skip_dag' retrieved from /home/airflow/.local/lib/python3.12/site-packages/airflow/example_dags/example_skip_dag.py
[2024-07-19T06:28:13.725+0000] {logging_mixin.py:188} INFO - [2024-07-19T06:28:13.725+0000] {dag.py:3089} INFO - Sync 1 DAGs
[2024-07-19T06:28:13.755+0000] {logging_mixin.py:188} INFO - [2024-07-19T06:28:13.755+0000] {dag.py:3947} INFO - Setting next_dagrun for example_skip_dag to 2024-07-18 00:00:00+00:00, run_after=2024-07-19 00:00:00+00:00
[2024-07-19T06:28:13.784+0000] {processor.py:183} INFO - Processing /home/airflow/.local/lib/python3.12/site-packages/airflow/example_dags/example_skip_dag.py took 0.108 seconds
[2024-07-19T06:28:44.520+0000] {processor.py:161} INFO - Started process (PID=8205) to work on /home/airflow/.local/lib/python3.12/site-packages/airflow/example_dags/example_skip_dag.py
[2024-07-19T06:28:44.524+0000] {processor.py:830} INFO - Processing file /home/airflow/.local/lib/python3.12/site-packages/airflow/example_dags/example_skip_dag.py for tasks to queue
[2024-07-19T06:28:44.526+0000] {logging_mixin.py:188} INFO - [2024-07-19T06:28:44.525+0000] {dagbag.py:545} INFO - Filling up the DagBag from /home/airflow/.local/lib/python3.12/site-packages/airflow/example_dags/example_skip_dag.py
[2024-07-19T06:28:44.538+0000] {processor.py:840} INFO - DAG(s) 'example_skip_dag' retrieved from /home/airflow/.local/lib/python3.12/site-packages/airflow/example_dags/example_skip_dag.py
[2024-07-19T06:28:44.602+0000] {logging_mixin.py:188} INFO - [2024-07-19T06:28:44.602+0000] {dag.py:3089} INFO - Sync 1 DAGs
[2024-07-19T06:28:44.683+0000] {logging_mixin.py:188} INFO - [2024-07-19T06:28:44.683+0000] {dag.py:3947} INFO - Setting next_dagrun for example_skip_dag to 2024-07-18 00:00:00+00:00, run_after=2024-07-19 00:00:00+00:00
[2024-07-19T06:28:44.751+0000] {processor.py:183} INFO - Processing /home/airflow/.local/lib/python3.12/site-packages/airflow/example_dags/example_skip_dag.py took 0.241 seconds
[2024-07-19T06:29:14.846+0000] {processor.py:161} INFO - Started process (PID=8265) to work on /home/airflow/.local/lib/python3.12/site-packages/airflow/example_dags/example_skip_dag.py
[2024-07-19T06:29:14.847+0000] {processor.py:830} INFO - Processing file /home/airflow/.local/lib/python3.12/site-packages/airflow/example_dags/example_skip_dag.py for tasks to queue
[2024-07-19T06:29:14.849+0000] {logging_mixin.py:188} INFO - [2024-07-19T06:29:14.848+0000] {dagbag.py:545} INFO - Filling up the DagBag from /home/airflow/.local/lib/python3.12/site-packages/airflow/example_dags/example_skip_dag.py
[2024-07-19T06:29:14.856+0000] {processor.py:840} INFO - DAG(s) 'example_skip_dag' retrieved from /home/airflow/.local/lib/python3.12/site-packages/airflow/example_dags/example_skip_dag.py
[2024-07-19T06:29:14.886+0000] {logging_mixin.py:188} INFO - [2024-07-19T06:29:14.886+0000] {dag.py:3089} INFO - Sync 1 DAGs
[2024-07-19T06:29:14.914+0000] {logging_mixin.py:188} INFO - [2024-07-19T06:29:14.914+0000] {dag.py:3947} INFO - Setting next_dagrun for example_skip_dag to 2024-07-18 00:00:00+00:00, run_after=2024-07-19 00:00:00+00:00
[2024-07-19T06:29:14.937+0000] {processor.py:183} INFO - Processing /home/airflow/.local/lib/python3.12/site-packages/airflow/example_dags/example_skip_dag.py took 0.100 seconds
[2024-07-19T06:29:45.220+0000] {processor.py:161} INFO - Started process (PID=8325) to work on /home/airflow/.local/lib/python3.12/site-packages/airflow/example_dags/example_skip_dag.py
[2024-07-19T06:29:45.221+0000] {processor.py:830} INFO - Processing file /home/airflow/.local/lib/python3.12/site-packages/airflow/example_dags/example_skip_dag.py for tasks to queue
[2024-07-19T06:29:45.223+0000] {logging_mixin.py:188} INFO - [2024-07-19T06:29:45.222+0000] {dagbag.py:545} INFO - Filling up the DagBag from /home/airflow/.local/lib/python3.12/site-packages/airflow/example_dags/example_skip_dag.py
[2024-07-19T06:29:45.230+0000] {processor.py:840} INFO - DAG(s) 'example_skip_dag' retrieved from /home/airflow/.local/lib/python3.12/site-packages/airflow/example_dags/example_skip_dag.py
[2024-07-19T06:29:45.263+0000] {logging_mixin.py:188} INFO - [2024-07-19T06:29:45.263+0000] {dag.py:3089} INFO - Sync 1 DAGs
[2024-07-19T06:29:45.290+0000] {logging_mixin.py:188} INFO - [2024-07-19T06:29:45.289+0000] {dag.py:3947} INFO - Setting next_dagrun for example_skip_dag to 2024-07-18 00:00:00+00:00, run_after=2024-07-19 00:00:00+00:00
[2024-07-19T06:29:45.314+0000] {processor.py:183} INFO - Processing /home/airflow/.local/lib/python3.12/site-packages/airflow/example_dags/example_skip_dag.py took 0.103 seconds
[2024-07-19T06:30:15.500+0000] {processor.py:161} INFO - Started process (PID=8385) to work on /home/airflow/.local/lib/python3.12/site-packages/airflow/example_dags/example_skip_dag.py
[2024-07-19T06:30:15.502+0000] {processor.py:830} INFO - Processing file /home/airflow/.local/lib/python3.12/site-packages/airflow/example_dags/example_skip_dag.py for tasks to queue
[2024-07-19T06:30:15.503+0000] {logging_mixin.py:188} INFO - [2024-07-19T06:30:15.503+0000] {dagbag.py:545} INFO - Filling up the DagBag from /home/airflow/.local/lib/python3.12/site-packages/airflow/example_dags/example_skip_dag.py
[2024-07-19T06:30:15.511+0000] {processor.py:840} INFO - DAG(s) 'example_skip_dag' retrieved from /home/airflow/.local/lib/python3.12/site-packages/airflow/example_dags/example_skip_dag.py
[2024-07-19T06:30:15.541+0000] {logging_mixin.py:188} INFO - [2024-07-19T06:30:15.541+0000] {dag.py:3089} INFO - Sync 1 DAGs
[2024-07-19T06:30:15.566+0000] {logging_mixin.py:188} INFO - [2024-07-19T06:30:15.566+0000] {dag.py:3947} INFO - Setting next_dagrun for example_skip_dag to 2024-07-18 00:00:00+00:00, run_after=2024-07-19 00:00:00+00:00
[2024-07-19T06:30:15.591+0000] {processor.py:183} INFO - Processing /home/airflow/.local/lib/python3.12/site-packages/airflow/example_dags/example_skip_dag.py took 0.098 seconds
[2024-07-19T06:30:45.760+0000] {processor.py:161} INFO - Started process (PID=8445) to work on /home/airflow/.local/lib/python3.12/site-packages/airflow/example_dags/example_skip_dag.py
[2024-07-19T06:30:45.761+0000] {processor.py:830} INFO - Processing file /home/airflow/.local/lib/python3.12/site-packages/airflow/example_dags/example_skip_dag.py for tasks to queue
[2024-07-19T06:30:45.763+0000] {logging_mixin.py:188} INFO - [2024-07-19T06:30:45.762+0000] {dagbag.py:545} INFO - Filling up the DagBag from /home/airflow/.local/lib/python3.12/site-packages/airflow/example_dags/example_skip_dag.py
[2024-07-19T06:30:45.770+0000] {processor.py:840} INFO - DAG(s) 'example_skip_dag' retrieved from /home/airflow/.local/lib/python3.12/site-packages/airflow/example_dags/example_skip_dag.py
[2024-07-19T06:30:45.804+0000] {logging_mixin.py:188} INFO - [2024-07-19T06:30:45.803+0000] {dag.py:3089} INFO - Sync 1 DAGs
[2024-07-19T06:30:45.830+0000] {logging_mixin.py:188} INFO - [2024-07-19T06:30:45.830+0000] {dag.py:3947} INFO - Setting next_dagrun for example_skip_dag to 2024-07-18 00:00:00+00:00, run_after=2024-07-19 00:00:00+00:00
[2024-07-19T06:30:45.858+0000] {processor.py:183} INFO - Processing /home/airflow/.local/lib/python3.12/site-packages/airflow/example_dags/example_skip_dag.py took 0.105 seconds
[2024-07-19T06:31:16.142+0000] {processor.py:161} INFO - Started process (PID=8505) to work on /home/airflow/.local/lib/python3.12/site-packages/airflow/example_dags/example_skip_dag.py
[2024-07-19T06:31:16.144+0000] {processor.py:830} INFO - Processing file /home/airflow/.local/lib/python3.12/site-packages/airflow/example_dags/example_skip_dag.py for tasks to queue
[2024-07-19T06:31:16.145+0000] {logging_mixin.py:188} INFO - [2024-07-19T06:31:16.145+0000] {dagbag.py:545} INFO - Filling up the DagBag from /home/airflow/.local/lib/python3.12/site-packages/airflow/example_dags/example_skip_dag.py
[2024-07-19T06:31:16.153+0000] {processor.py:840} INFO - DAG(s) 'example_skip_dag' retrieved from /home/airflow/.local/lib/python3.12/site-packages/airflow/example_dags/example_skip_dag.py
[2024-07-19T06:31:16.183+0000] {logging_mixin.py:188} INFO - [2024-07-19T06:31:16.182+0000] {dag.py:3089} INFO - Sync 1 DAGs
[2024-07-19T06:31:16.208+0000] {logging_mixin.py:188} INFO - [2024-07-19T06:31:16.208+0000] {dag.py:3947} INFO - Setting next_dagrun for example_skip_dag to 2024-07-18 00:00:00+00:00, run_after=2024-07-19 00:00:00+00:00
[2024-07-19T06:31:16.230+0000] {processor.py:183} INFO - Processing /home/airflow/.local/lib/python3.12/site-packages/airflow/example_dags/example_skip_dag.py took 0.096 seconds
[2024-07-19T06:31:46.622+0000] {processor.py:161} INFO - Started process (PID=8565) to work on /home/airflow/.local/lib/python3.12/site-packages/airflow/example_dags/example_skip_dag.py
[2024-07-19T06:31:46.624+0000] {processor.py:830} INFO - Processing file /home/airflow/.local/lib/python3.12/site-packages/airflow/example_dags/example_skip_dag.py for tasks to queue
[2024-07-19T06:31:46.626+0000] {logging_mixin.py:188} INFO - [2024-07-19T06:31:46.625+0000] {dagbag.py:545} INFO - Filling up the DagBag from /home/airflow/.local/lib/python3.12/site-packages/airflow/example_dags/example_skip_dag.py
[2024-07-19T06:31:46.633+0000] {processor.py:840} INFO - DAG(s) 'example_skip_dag' retrieved from /home/airflow/.local/lib/python3.12/site-packages/airflow/example_dags/example_skip_dag.py
[2024-07-19T06:31:46.660+0000] {logging_mixin.py:188} INFO - [2024-07-19T06:31:46.660+0000] {dag.py:3089} INFO - Sync 1 DAGs
[2024-07-19T06:31:46.688+0000] {logging_mixin.py:188} INFO - [2024-07-19T06:31:46.688+0000] {dag.py:3947} INFO - Setting next_dagrun for example_skip_dag to 2024-07-18 00:00:00+00:00, run_after=2024-07-19 00:00:00+00:00
[2024-07-19T06:31:46.713+0000] {processor.py:183} INFO - Processing /home/airflow/.local/lib/python3.12/site-packages/airflow/example_dags/example_skip_dag.py took 0.098 seconds
[2024-07-19T06:32:17.339+0000] {processor.py:161} INFO - Started process (PID=8625) to work on /home/airflow/.local/lib/python3.12/site-packages/airflow/example_dags/example_skip_dag.py
[2024-07-19T06:32:17.341+0000] {processor.py:830} INFO - Processing file /home/airflow/.local/lib/python3.12/site-packages/airflow/example_dags/example_skip_dag.py for tasks to queue
[2024-07-19T06:32:17.342+0000] {logging_mixin.py:188} INFO - [2024-07-19T06:32:17.342+0000] {dagbag.py:545} INFO - Filling up the DagBag from /home/airflow/.local/lib/python3.12/site-packages/airflow/example_dags/example_skip_dag.py
[2024-07-19T06:32:17.351+0000] {processor.py:840} INFO - DAG(s) 'example_skip_dag' retrieved from /home/airflow/.local/lib/python3.12/site-packages/airflow/example_dags/example_skip_dag.py
[2024-07-19T06:32:17.383+0000] {logging_mixin.py:188} INFO - [2024-07-19T06:32:17.383+0000] {dag.py:3089} INFO - Sync 1 DAGs
[2024-07-19T06:32:17.411+0000] {logging_mixin.py:188} INFO - [2024-07-19T06:32:17.411+0000] {dag.py:3947} INFO - Setting next_dagrun for example_skip_dag to 2024-07-18 00:00:00+00:00, run_after=2024-07-19 00:00:00+00:00
[2024-07-19T06:32:17.434+0000] {processor.py:183} INFO - Processing /home/airflow/.local/lib/python3.12/site-packages/airflow/example_dags/example_skip_dag.py took 0.104 seconds
[2024-07-19T06:32:47.527+0000] {processor.py:161} INFO - Started process (PID=8685) to work on /home/airflow/.local/lib/python3.12/site-packages/airflow/example_dags/example_skip_dag.py
[2024-07-19T06:32:47.528+0000] {processor.py:830} INFO - Processing file /home/airflow/.local/lib/python3.12/site-packages/airflow/example_dags/example_skip_dag.py for tasks to queue
[2024-07-19T06:32:47.530+0000] {logging_mixin.py:188} INFO - [2024-07-19T06:32:47.529+0000] {dagbag.py:545} INFO - Filling up the DagBag from /home/airflow/.local/lib/python3.12/site-packages/airflow/example_dags/example_skip_dag.py
[2024-07-19T06:32:47.538+0000] {processor.py:840} INFO - DAG(s) 'example_skip_dag' retrieved from /home/airflow/.local/lib/python3.12/site-packages/airflow/example_dags/example_skip_dag.py
[2024-07-19T06:32:47.570+0000] {logging_mixin.py:188} INFO - [2024-07-19T06:32:47.570+0000] {dag.py:3089} INFO - Sync 1 DAGs
[2024-07-19T06:32:47.598+0000] {logging_mixin.py:188} INFO - [2024-07-19T06:32:47.597+0000] {dag.py:3947} INFO - Setting next_dagrun for example_skip_dag to 2024-07-18 00:00:00+00:00, run_after=2024-07-19 00:00:00+00:00
[2024-07-19T06:32:47.621+0000] {processor.py:183} INFO - Processing /home/airflow/.local/lib/python3.12/site-packages/airflow/example_dags/example_skip_dag.py took 0.105 seconds
[2024-07-19T06:33:17.666+0000] {processor.py:161} INFO - Started process (PID=8745) to work on /home/airflow/.local/lib/python3.12/site-packages/airflow/example_dags/example_skip_dag.py
[2024-07-19T06:33:17.667+0000] {processor.py:830} INFO - Processing file /home/airflow/.local/lib/python3.12/site-packages/airflow/example_dags/example_skip_dag.py for tasks to queue
[2024-07-19T06:33:17.669+0000] {logging_mixin.py:188} INFO - [2024-07-19T06:33:17.668+0000] {dagbag.py:545} INFO - Filling up the DagBag from /home/airflow/.local/lib/python3.12/site-packages/airflow/example_dags/example_skip_dag.py
[2024-07-19T06:33:17.676+0000] {processor.py:840} INFO - DAG(s) 'example_skip_dag' retrieved from /home/airflow/.local/lib/python3.12/site-packages/airflow/example_dags/example_skip_dag.py
[2024-07-19T06:33:17.707+0000] {logging_mixin.py:188} INFO - [2024-07-19T06:33:17.706+0000] {dag.py:3089} INFO - Sync 1 DAGs
[2024-07-19T06:33:17.734+0000] {logging_mixin.py:188} INFO - [2024-07-19T06:33:17.733+0000] {dag.py:3947} INFO - Setting next_dagrun for example_skip_dag to 2024-07-18 00:00:00+00:00, run_after=2024-07-19 00:00:00+00:00
[2024-07-19T06:33:17.759+0000] {processor.py:183} INFO - Processing /home/airflow/.local/lib/python3.12/site-packages/airflow/example_dags/example_skip_dag.py took 0.101 seconds
[2024-07-19T06:33:47.963+0000] {processor.py:161} INFO - Started process (PID=8805) to work on /home/airflow/.local/lib/python3.12/site-packages/airflow/example_dags/example_skip_dag.py
[2024-07-19T06:33:47.966+0000] {processor.py:830} INFO - Processing file /home/airflow/.local/lib/python3.12/site-packages/airflow/example_dags/example_skip_dag.py for tasks to queue
[2024-07-19T06:33:47.968+0000] {logging_mixin.py:188} INFO - [2024-07-19T06:33:47.968+0000] {dagbag.py:545} INFO - Filling up the DagBag from /home/airflow/.local/lib/python3.12/site-packages/airflow/example_dags/example_skip_dag.py
[2024-07-19T06:33:47.983+0000] {processor.py:840} INFO - DAG(s) 'example_skip_dag' retrieved from /home/airflow/.local/lib/python3.12/site-packages/airflow/example_dags/example_skip_dag.py
[2024-07-19T06:33:48.053+0000] {logging_mixin.py:188} INFO - [2024-07-19T06:33:48.052+0000] {dag.py:3089} INFO - Sync 1 DAGs
[2024-07-19T06:33:48.113+0000] {logging_mixin.py:188} INFO - [2024-07-19T06:33:48.113+0000] {dag.py:3947} INFO - Setting next_dagrun for example_skip_dag to 2024-07-18 00:00:00+00:00, run_after=2024-07-19 00:00:00+00:00
[2024-07-19T06:33:48.171+0000] {processor.py:183} INFO - Processing /home/airflow/.local/lib/python3.12/site-packages/airflow/example_dags/example_skip_dag.py took 0.225 seconds
[2024-07-19T06:34:18.358+0000] {processor.py:161} INFO - Started process (PID=8865) to work on /home/airflow/.local/lib/python3.12/site-packages/airflow/example_dags/example_skip_dag.py
[2024-07-19T06:34:18.360+0000] {processor.py:830} INFO - Processing file /home/airflow/.local/lib/python3.12/site-packages/airflow/example_dags/example_skip_dag.py for tasks to queue
[2024-07-19T06:34:18.361+0000] {logging_mixin.py:188} INFO - [2024-07-19T06:34:18.361+0000] {dagbag.py:545} INFO - Filling up the DagBag from /home/airflow/.local/lib/python3.12/site-packages/airflow/example_dags/example_skip_dag.py
[2024-07-19T06:34:18.372+0000] {processor.py:840} INFO - DAG(s) 'example_skip_dag' retrieved from /home/airflow/.local/lib/python3.12/site-packages/airflow/example_dags/example_skip_dag.py
[2024-07-19T06:34:18.413+0000] {logging_mixin.py:188} INFO - [2024-07-19T06:34:18.413+0000] {dag.py:3089} INFO - Sync 1 DAGs
[2024-07-19T06:34:18.453+0000] {logging_mixin.py:188} INFO - [2024-07-19T06:34:18.452+0000] {dag.py:3947} INFO - Setting next_dagrun for example_skip_dag to 2024-07-18 00:00:00+00:00, run_after=2024-07-19 00:00:00+00:00
[2024-07-19T06:34:18.493+0000] {processor.py:183} INFO - Processing /home/airflow/.local/lib/python3.12/site-packages/airflow/example_dags/example_skip_dag.py took 0.149 seconds
[2024-07-19T06:34:48.563+0000] {processor.py:161} INFO - Started process (PID=8924) to work on /home/airflow/.local/lib/python3.12/site-packages/airflow/example_dags/example_skip_dag.py
[2024-07-19T06:34:48.565+0000] {processor.py:830} INFO - Processing file /home/airflow/.local/lib/python3.12/site-packages/airflow/example_dags/example_skip_dag.py for tasks to queue
[2024-07-19T06:34:48.566+0000] {logging_mixin.py:188} INFO - [2024-07-19T06:34:48.566+0000] {dagbag.py:545} INFO - Filling up the DagBag from /home/airflow/.local/lib/python3.12/site-packages/airflow/example_dags/example_skip_dag.py
[2024-07-19T06:34:48.573+0000] {processor.py:840} INFO - DAG(s) 'example_skip_dag' retrieved from /home/airflow/.local/lib/python3.12/site-packages/airflow/example_dags/example_skip_dag.py
[2024-07-19T06:34:48.602+0000] {logging_mixin.py:188} INFO - [2024-07-19T06:34:48.601+0000] {dag.py:3089} INFO - Sync 1 DAGs
[2024-07-19T06:34:48.627+0000] {logging_mixin.py:188} INFO - [2024-07-19T06:34:48.627+0000] {dag.py:3947} INFO - Setting next_dagrun for example_skip_dag to 2024-07-18 00:00:00+00:00, run_after=2024-07-19 00:00:00+00:00
[2024-07-19T06:34:48.649+0000] {processor.py:183} INFO - Processing /home/airflow/.local/lib/python3.12/site-packages/airflow/example_dags/example_skip_dag.py took 0.094 seconds
[2024-07-19T06:35:18.751+0000] {processor.py:161} INFO - Started process (PID=8982) to work on /home/airflow/.local/lib/python3.12/site-packages/airflow/example_dags/example_skip_dag.py
[2024-07-19T06:35:18.752+0000] {processor.py:830} INFO - Processing file /home/airflow/.local/lib/python3.12/site-packages/airflow/example_dags/example_skip_dag.py for tasks to queue
[2024-07-19T06:35:18.753+0000] {logging_mixin.py:188} INFO - [2024-07-19T06:35:18.753+0000] {dagbag.py:545} INFO - Filling up the DagBag from /home/airflow/.local/lib/python3.12/site-packages/airflow/example_dags/example_skip_dag.py
[2024-07-19T06:35:18.761+0000] {processor.py:840} INFO - DAG(s) 'example_skip_dag' retrieved from /home/airflow/.local/lib/python3.12/site-packages/airflow/example_dags/example_skip_dag.py
[2024-07-19T06:35:18.792+0000] {logging_mixin.py:188} INFO - [2024-07-19T06:35:18.792+0000] {dag.py:3089} INFO - Sync 1 DAGs
[2024-07-19T06:35:18.820+0000] {logging_mixin.py:188} INFO - [2024-07-19T06:35:18.820+0000] {dag.py:3947} INFO - Setting next_dagrun for example_skip_dag to 2024-07-18 00:00:00+00:00, run_after=2024-07-19 00:00:00+00:00
[2024-07-19T06:35:18.846+0000] {processor.py:183} INFO - Processing /home/airflow/.local/lib/python3.12/site-packages/airflow/example_dags/example_skip_dag.py took 0.104 seconds
[2024-07-19T06:35:49.183+0000] {processor.py:161} INFO - Started process (PID=9042) to work on /home/airflow/.local/lib/python3.12/site-packages/airflow/example_dags/example_skip_dag.py
[2024-07-19T06:35:49.184+0000] {processor.py:830} INFO - Processing file /home/airflow/.local/lib/python3.12/site-packages/airflow/example_dags/example_skip_dag.py for tasks to queue
[2024-07-19T06:35:49.185+0000] {logging_mixin.py:188} INFO - [2024-07-19T06:35:49.185+0000] {dagbag.py:545} INFO - Filling up the DagBag from /home/airflow/.local/lib/python3.12/site-packages/airflow/example_dags/example_skip_dag.py
[2024-07-19T06:35:49.192+0000] {processor.py:840} INFO - DAG(s) 'example_skip_dag' retrieved from /home/airflow/.local/lib/python3.12/site-packages/airflow/example_dags/example_skip_dag.py
[2024-07-19T06:35:49.220+0000] {logging_mixin.py:188} INFO - [2024-07-19T06:35:49.219+0000] {dag.py:3089} INFO - Sync 1 DAGs
[2024-07-19T06:35:49.241+0000] {logging_mixin.py:188} INFO - [2024-07-19T06:35:49.241+0000] {dag.py:3947} INFO - Setting next_dagrun for example_skip_dag to 2024-07-18 00:00:00+00:00, run_after=2024-07-19 00:00:00+00:00
[2024-07-19T06:35:49.260+0000] {processor.py:183} INFO - Processing /home/airflow/.local/lib/python3.12/site-packages/airflow/example_dags/example_skip_dag.py took 0.086 seconds
[2024-07-19T06:36:19.673+0000] {processor.py:161} INFO - Started process (PID=9102) to work on /home/airflow/.local/lib/python3.12/site-packages/airflow/example_dags/example_skip_dag.py
[2024-07-19T06:36:19.675+0000] {processor.py:830} INFO - Processing file /home/airflow/.local/lib/python3.12/site-packages/airflow/example_dags/example_skip_dag.py for tasks to queue
[2024-07-19T06:36:19.678+0000] {logging_mixin.py:188} INFO - [2024-07-19T06:36:19.677+0000] {dagbag.py:545} INFO - Filling up the DagBag from /home/airflow/.local/lib/python3.12/site-packages/airflow/example_dags/example_skip_dag.py
[2024-07-19T06:36:19.688+0000] {processor.py:840} INFO - DAG(s) 'example_skip_dag' retrieved from /home/airflow/.local/lib/python3.12/site-packages/airflow/example_dags/example_skip_dag.py
[2024-07-19T06:36:19.747+0000] {logging_mixin.py:188} INFO - [2024-07-19T06:36:19.746+0000] {dag.py:3089} INFO - Sync 1 DAGs
[2024-07-19T06:36:19.793+0000] {logging_mixin.py:188} INFO - [2024-07-19T06:36:19.792+0000] {dag.py:3947} INFO - Setting next_dagrun for example_skip_dag to 2024-07-18 00:00:00+00:00, run_after=2024-07-19 00:00:00+00:00
[2024-07-19T06:36:19.834+0000] {processor.py:183} INFO - Processing /home/airflow/.local/lib/python3.12/site-packages/airflow/example_dags/example_skip_dag.py took 0.173 seconds
[2024-07-19T06:36:50.234+0000] {processor.py:161} INFO - Started process (PID=9162) to work on /home/airflow/.local/lib/python3.12/site-packages/airflow/example_dags/example_skip_dag.py
[2024-07-19T06:36:50.236+0000] {processor.py:830} INFO - Processing file /home/airflow/.local/lib/python3.12/site-packages/airflow/example_dags/example_skip_dag.py for tasks to queue
[2024-07-19T06:36:50.238+0000] {logging_mixin.py:188} INFO - [2024-07-19T06:36:50.237+0000] {dagbag.py:545} INFO - Filling up the DagBag from /home/airflow/.local/lib/python3.12/site-packages/airflow/example_dags/example_skip_dag.py
[2024-07-19T06:36:50.248+0000] {processor.py:840} INFO - DAG(s) 'example_skip_dag' retrieved from /home/airflow/.local/lib/python3.12/site-packages/airflow/example_dags/example_skip_dag.py
[2024-07-19T06:36:50.285+0000] {logging_mixin.py:188} INFO - [2024-07-19T06:36:50.284+0000] {dag.py:3089} INFO - Sync 1 DAGs
[2024-07-19T06:36:50.319+0000] {logging_mixin.py:188} INFO - [2024-07-19T06:36:50.318+0000] {dag.py:3947} INFO - Setting next_dagrun for example_skip_dag to 2024-07-18 00:00:00+00:00, run_after=2024-07-19 00:00:00+00:00
[2024-07-19T06:36:50.581+0000] {processor.py:183} INFO - Processing /home/airflow/.local/lib/python3.12/site-packages/airflow/example_dags/example_skip_dag.py took 0.356 seconds
[2024-07-19T06:37:21.096+0000] {processor.py:161} INFO - Started process (PID=9222) to work on /home/airflow/.local/lib/python3.12/site-packages/airflow/example_dags/example_skip_dag.py
[2024-07-19T06:37:21.099+0000] {processor.py:830} INFO - Processing file /home/airflow/.local/lib/python3.12/site-packages/airflow/example_dags/example_skip_dag.py for tasks to queue
[2024-07-19T06:37:21.102+0000] {logging_mixin.py:188} INFO - [2024-07-19T06:37:21.101+0000] {dagbag.py:545} INFO - Filling up the DagBag from /home/airflow/.local/lib/python3.12/site-packages/airflow/example_dags/example_skip_dag.py
[2024-07-19T06:37:21.121+0000] {processor.py:840} INFO - DAG(s) 'example_skip_dag' retrieved from /home/airflow/.local/lib/python3.12/site-packages/airflow/example_dags/example_skip_dag.py
[2024-07-19T06:37:21.171+0000] {logging_mixin.py:188} INFO - [2024-07-19T06:37:21.171+0000] {dag.py:3089} INFO - Sync 1 DAGs
[2024-07-19T06:37:21.203+0000] {logging_mixin.py:188} INFO - [2024-07-19T06:37:21.202+0000] {dag.py:3947} INFO - Setting next_dagrun for example_skip_dag to 2024-07-18 00:00:00+00:00, run_after=2024-07-19 00:00:00+00:00
[2024-07-19T06:37:21.232+0000] {processor.py:183} INFO - Processing /home/airflow/.local/lib/python3.12/site-packages/airflow/example_dags/example_skip_dag.py took 0.148 seconds
[2024-07-19T06:37:51.513+0000] {processor.py:161} INFO - Started process (PID=9282) to work on /home/airflow/.local/lib/python3.12/site-packages/airflow/example_dags/example_skip_dag.py
[2024-07-19T06:37:51.514+0000] {processor.py:830} INFO - Processing file /home/airflow/.local/lib/python3.12/site-packages/airflow/example_dags/example_skip_dag.py for tasks to queue
[2024-07-19T06:37:51.515+0000] {logging_mixin.py:188} INFO - [2024-07-19T06:37:51.515+0000] {dagbag.py:545} INFO - Filling up the DagBag from /home/airflow/.local/lib/python3.12/site-packages/airflow/example_dags/example_skip_dag.py
[2024-07-19T06:37:51.522+0000] {processor.py:840} INFO - DAG(s) 'example_skip_dag' retrieved from /home/airflow/.local/lib/python3.12/site-packages/airflow/example_dags/example_skip_dag.py
[2024-07-19T06:37:51.548+0000] {logging_mixin.py:188} INFO - [2024-07-19T06:37:51.547+0000] {dag.py:3089} INFO - Sync 1 DAGs
[2024-07-19T06:37:51.570+0000] {logging_mixin.py:188} INFO - [2024-07-19T06:37:51.570+0000] {dag.py:3947} INFO - Setting next_dagrun for example_skip_dag to 2024-07-18 00:00:00+00:00, run_after=2024-07-19 00:00:00+00:00
[2024-07-19T06:37:51.589+0000] {processor.py:183} INFO - Processing /home/airflow/.local/lib/python3.12/site-packages/airflow/example_dags/example_skip_dag.py took 0.084 seconds
[2024-07-19T06:38:22.037+0000] {processor.py:161} INFO - Started process (PID=9341) to work on /home/airflow/.local/lib/python3.12/site-packages/airflow/example_dags/example_skip_dag.py
[2024-07-19T06:38:22.038+0000] {processor.py:830} INFO - Processing file /home/airflow/.local/lib/python3.12/site-packages/airflow/example_dags/example_skip_dag.py for tasks to queue
[2024-07-19T06:38:22.039+0000] {logging_mixin.py:188} INFO - [2024-07-19T06:38:22.039+0000] {dagbag.py:545} INFO - Filling up the DagBag from /home/airflow/.local/lib/python3.12/site-packages/airflow/example_dags/example_skip_dag.py
[2024-07-19T06:38:22.048+0000] {processor.py:840} INFO - DAG(s) 'example_skip_dag' retrieved from /home/airflow/.local/lib/python3.12/site-packages/airflow/example_dags/example_skip_dag.py
[2024-07-19T06:38:22.083+0000] {logging_mixin.py:188} INFO - [2024-07-19T06:38:22.082+0000] {dag.py:3089} INFO - Sync 1 DAGs
[2024-07-19T06:38:22.114+0000] {logging_mixin.py:188} INFO - [2024-07-19T06:38:22.114+0000] {dag.py:3947} INFO - Setting next_dagrun for example_skip_dag to 2024-07-18 00:00:00+00:00, run_after=2024-07-19 00:00:00+00:00
[2024-07-19T06:38:22.149+0000] {processor.py:183} INFO - Processing /home/airflow/.local/lib/python3.12/site-packages/airflow/example_dags/example_skip_dag.py took 0.122 seconds
[2024-07-19T06:38:52.372+0000] {processor.py:161} INFO - Started process (PID=9400) to work on /home/airflow/.local/lib/python3.12/site-packages/airflow/example_dags/example_skip_dag.py
[2024-07-19T06:38:52.374+0000] {processor.py:830} INFO - Processing file /home/airflow/.local/lib/python3.12/site-packages/airflow/example_dags/example_skip_dag.py for tasks to queue
[2024-07-19T06:38:52.376+0000] {logging_mixin.py:188} INFO - [2024-07-19T06:38:52.375+0000] {dagbag.py:545} INFO - Filling up the DagBag from /home/airflow/.local/lib/python3.12/site-packages/airflow/example_dags/example_skip_dag.py
[2024-07-19T06:38:52.389+0000] {processor.py:840} INFO - DAG(s) 'example_skip_dag' retrieved from /home/airflow/.local/lib/python3.12/site-packages/airflow/example_dags/example_skip_dag.py
[2024-07-19T06:38:52.426+0000] {logging_mixin.py:188} INFO - [2024-07-19T06:38:52.425+0000] {dag.py:3089} INFO - Sync 1 DAGs
[2024-07-19T06:38:52.457+0000] {logging_mixin.py:188} INFO - [2024-07-19T06:38:52.457+0000] {dag.py:3947} INFO - Setting next_dagrun for example_skip_dag to 2024-07-18 00:00:00+00:00, run_after=2024-07-19 00:00:00+00:00
[2024-07-19T06:38:52.487+0000] {processor.py:183} INFO - Processing /home/airflow/.local/lib/python3.12/site-packages/airflow/example_dags/example_skip_dag.py took 0.128 seconds
