[2024-07-19T00:38:11.224+0000] {processor.py:161} INFO - Started process (PID=6058) to work on /home/airflow/.local/lib/python3.12/site-packages/airflow/example_dags/example_latest_only.py
[2024-07-19T00:38:11.225+0000] {processor.py:830} INFO - Processing file /home/airflow/.local/lib/python3.12/site-packages/airflow/example_dags/example_latest_only.py for tasks to queue
[2024-07-19T00:38:11.260+0000] {logging_mixin.py:188} INFO - [2024-07-19T00:38:11.259+0000] {dagbag.py:545} INFO - Filling up the DagBag from /home/airflow/.local/lib/python3.12/site-packages/airflow/example_dags/example_latest_only.py
[2024-07-19T00:38:11.266+0000] {processor.py:840} INFO - DAG(s) 'latest_only' retrieved from /home/airflow/.local/lib/python3.12/site-packages/airflow/example_dags/example_latest_only.py
[2024-07-19T00:38:11.298+0000] {logging_mixin.py:188} INFO - [2024-07-19T00:38:11.298+0000] {dag.py:3089} INFO - Sync 1 DAGs
[2024-07-19T00:38:11.379+0000] {logging_mixin.py:188} INFO - [2024-07-19T00:38:11.378+0000] {dag.py:3947} INFO - Setting next_dagrun for latest_only to 2024-07-18 20:00:00+00:00, run_after=2024-07-19 00:00:00+00:00
[2024-07-19T00:38:11.411+0000] {processor.py:183} INFO - Processing /home/airflow/.local/lib/python3.12/site-packages/airflow/example_dags/example_latest_only.py took 0.197 seconds
[2024-07-19T02:38:43.840+0000] {processor.py:161} INFO - Started process (PID=6127) to work on /home/airflow/.local/lib/python3.12/site-packages/airflow/example_dags/example_latest_only.py
[2024-07-19T02:38:43.843+0000] {processor.py:830} INFO - Processing file /home/airflow/.local/lib/python3.12/site-packages/airflow/example_dags/example_latest_only.py for tasks to queue
[2024-07-19T02:38:43.845+0000] {logging_mixin.py:188} INFO - [2024-07-19T02:38:43.845+0000] {dagbag.py:545} INFO - Filling up the DagBag from /home/airflow/.local/lib/python3.12/site-packages/airflow/example_dags/example_latest_only.py
[2024-07-19T02:38:43.861+0000] {processor.py:840} INFO - DAG(s) 'latest_only' retrieved from /home/airflow/.local/lib/python3.12/site-packages/airflow/example_dags/example_latest_only.py
[2024-07-19T02:38:43.900+0000] {logging_mixin.py:188} INFO - [2024-07-19T02:38:43.900+0000] {dag.py:3089} INFO - Sync 1 DAGs
[2024-07-19T02:38:43.954+0000] {logging_mixin.py:188} INFO - [2024-07-19T02:38:43.953+0000] {dag.py:3947} INFO - Setting next_dagrun for latest_only to 2024-07-18 20:00:00+00:00, run_after=2024-07-19 00:00:00+00:00
[2024-07-19T02:38:43.991+0000] {processor.py:183} INFO - Processing /home/airflow/.local/lib/python3.12/site-packages/airflow/example_dags/example_latest_only.py took 0.164 seconds
[2024-07-19T05:26:55.567+0000] {processor.py:161} INFO - Started process (PID=6187) to work on /home/airflow/.local/lib/python3.12/site-packages/airflow/example_dags/example_latest_only.py
[2024-07-19T05:26:55.569+0000] {processor.py:830} INFO - Processing file /home/airflow/.local/lib/python3.12/site-packages/airflow/example_dags/example_latest_only.py for tasks to queue
[2024-07-19T05:26:55.570+0000] {logging_mixin.py:188} INFO - [2024-07-19T05:26:55.570+0000] {dagbag.py:545} INFO - Filling up the DagBag from /home/airflow/.local/lib/python3.12/site-packages/airflow/example_dags/example_latest_only.py
[2024-07-19T05:26:55.578+0000] {processor.py:840} INFO - DAG(s) 'latest_only' retrieved from /home/airflow/.local/lib/python3.12/site-packages/airflow/example_dags/example_latest_only.py
[2024-07-19T05:26:55.608+0000] {logging_mixin.py:188} INFO - [2024-07-19T05:26:55.607+0000] {dag.py:3089} INFO - Sync 1 DAGs
[2024-07-19T05:26:55.674+0000] {logging_mixin.py:188} INFO - [2024-07-19T05:26:55.674+0000] {dag.py:3947} INFO - Setting next_dagrun for latest_only to 2024-07-19 00:00:00+00:00, run_after=2024-07-19 04:00:00+00:00
[2024-07-19T05:26:55.693+0000] {processor.py:183} INFO - Processing /home/airflow/.local/lib/python3.12/site-packages/airflow/example_dags/example_latest_only.py took 0.135 seconds
[2024-07-19T06:11:59.917+0000] {processor.py:161} INFO - Started process (PID=6241) to work on /home/airflow/.local/lib/python3.12/site-packages/airflow/example_dags/example_latest_only.py
[2024-07-19T06:11:59.919+0000] {processor.py:830} INFO - Processing file /home/airflow/.local/lib/python3.12/site-packages/airflow/example_dags/example_latest_only.py for tasks to queue
[2024-07-19T06:11:59.920+0000] {logging_mixin.py:188} INFO - [2024-07-19T06:11:59.919+0000] {dagbag.py:545} INFO - Filling up the DagBag from /home/airflow/.local/lib/python3.12/site-packages/airflow/example_dags/example_latest_only.py
[2024-07-19T06:11:59.928+0000] {processor.py:840} INFO - DAG(s) 'latest_only' retrieved from /home/airflow/.local/lib/python3.12/site-packages/airflow/example_dags/example_latest_only.py
[2024-07-19T06:11:59.959+0000] {logging_mixin.py:188} INFO - [2024-07-19T06:11:59.958+0000] {dag.py:3089} INFO - Sync 1 DAGs
[2024-07-19T06:12:00.009+0000] {logging_mixin.py:188} INFO - [2024-07-19T06:12:00.009+0000] {dag.py:3947} INFO - Setting next_dagrun for latest_only to 2024-07-19 00:00:00+00:00, run_after=2024-07-19 04:00:00+00:00
[2024-07-19T06:12:00.031+0000] {processor.py:183} INFO - Processing /home/airflow/.local/lib/python3.12/site-packages/airflow/example_dags/example_latest_only.py took 0.122 seconds
[2024-07-19T06:12:31.202+0000] {processor.py:161} INFO - Started process (PID=6301) to work on /home/airflow/.local/lib/python3.12/site-packages/airflow/example_dags/example_latest_only.py
[2024-07-19T06:12:31.204+0000] {processor.py:830} INFO - Processing file /home/airflow/.local/lib/python3.12/site-packages/airflow/example_dags/example_latest_only.py for tasks to queue
[2024-07-19T06:12:31.205+0000] {logging_mixin.py:188} INFO - [2024-07-19T06:12:31.205+0000] {dagbag.py:545} INFO - Filling up the DagBag from /home/airflow/.local/lib/python3.12/site-packages/airflow/example_dags/example_latest_only.py
[2024-07-19T06:12:31.298+0000] {processor.py:840} INFO - DAG(s) 'latest_only' retrieved from /home/airflow/.local/lib/python3.12/site-packages/airflow/example_dags/example_latest_only.py
[2024-07-19T06:12:31.321+0000] {logging_mixin.py:188} INFO - [2024-07-19T06:12:31.321+0000] {dag.py:3089} INFO - Sync 1 DAGs
[2024-07-19T06:12:31.346+0000] {logging_mixin.py:188} INFO - [2024-07-19T06:12:31.346+0000] {dag.py:3947} INFO - Setting next_dagrun for latest_only to 2024-07-19 00:00:00+00:00, run_after=2024-07-19 04:00:00+00:00
[2024-07-19T06:12:31.370+0000] {processor.py:183} INFO - Processing /home/airflow/.local/lib/python3.12/site-packages/airflow/example_dags/example_latest_only.py took 0.177 seconds
[2024-07-19T06:13:02.168+0000] {processor.py:161} INFO - Started process (PID=6361) to work on /home/airflow/.local/lib/python3.12/site-packages/airflow/example_dags/example_latest_only.py
[2024-07-19T06:13:02.171+0000] {processor.py:830} INFO - Processing file /home/airflow/.local/lib/python3.12/site-packages/airflow/example_dags/example_latest_only.py for tasks to queue
[2024-07-19T06:13:02.173+0000] {logging_mixin.py:188} INFO - [2024-07-19T06:13:02.172+0000] {dagbag.py:545} INFO - Filling up the DagBag from /home/airflow/.local/lib/python3.12/site-packages/airflow/example_dags/example_latest_only.py
[2024-07-19T06:13:02.184+0000] {processor.py:840} INFO - DAG(s) 'latest_only' retrieved from /home/airflow/.local/lib/python3.12/site-packages/airflow/example_dags/example_latest_only.py
[2024-07-19T06:13:02.259+0000] {logging_mixin.py:188} INFO - [2024-07-19T06:13:02.259+0000] {dag.py:3089} INFO - Sync 1 DAGs
[2024-07-19T06:13:02.287+0000] {logging_mixin.py:188} INFO - [2024-07-19T06:13:02.287+0000] {dag.py:3947} INFO - Setting next_dagrun for latest_only to 2024-07-19 00:00:00+00:00, run_after=2024-07-19 04:00:00+00:00
[2024-07-19T06:13:02.314+0000] {processor.py:183} INFO - Processing /home/airflow/.local/lib/python3.12/site-packages/airflow/example_dags/example_latest_only.py took 0.158 seconds
[2024-07-19T06:13:32.598+0000] {processor.py:161} INFO - Started process (PID=6421) to work on /home/airflow/.local/lib/python3.12/site-packages/airflow/example_dags/example_latest_only.py
[2024-07-19T06:13:32.599+0000] {processor.py:830} INFO - Processing file /home/airflow/.local/lib/python3.12/site-packages/airflow/example_dags/example_latest_only.py for tasks to queue
[2024-07-19T06:13:32.601+0000] {logging_mixin.py:188} INFO - [2024-07-19T06:13:32.600+0000] {dagbag.py:545} INFO - Filling up the DagBag from /home/airflow/.local/lib/python3.12/site-packages/airflow/example_dags/example_latest_only.py
[2024-07-19T06:13:32.608+0000] {processor.py:840} INFO - DAG(s) 'latest_only' retrieved from /home/airflow/.local/lib/python3.12/site-packages/airflow/example_dags/example_latest_only.py
[2024-07-19T06:13:32.634+0000] {logging_mixin.py:188} INFO - [2024-07-19T06:13:32.634+0000] {dag.py:3089} INFO - Sync 1 DAGs
[2024-07-19T06:13:32.660+0000] {logging_mixin.py:188} INFO - [2024-07-19T06:13:32.660+0000] {dag.py:3947} INFO - Setting next_dagrun for latest_only to 2024-07-19 00:00:00+00:00, run_after=2024-07-19 04:00:00+00:00
[2024-07-19T06:13:32.682+0000] {processor.py:183} INFO - Processing /home/airflow/.local/lib/python3.12/site-packages/airflow/example_dags/example_latest_only.py took 0.092 seconds
[2024-07-19T06:14:03.195+0000] {processor.py:161} INFO - Started process (PID=6481) to work on /home/airflow/.local/lib/python3.12/site-packages/airflow/example_dags/example_latest_only.py
[2024-07-19T06:14:03.197+0000] {processor.py:830} INFO - Processing file /home/airflow/.local/lib/python3.12/site-packages/airflow/example_dags/example_latest_only.py for tasks to queue
[2024-07-19T06:14:03.198+0000] {logging_mixin.py:188} INFO - [2024-07-19T06:14:03.198+0000] {dagbag.py:545} INFO - Filling up the DagBag from /home/airflow/.local/lib/python3.12/site-packages/airflow/example_dags/example_latest_only.py
[2024-07-19T06:14:03.206+0000] {processor.py:840} INFO - DAG(s) 'latest_only' retrieved from /home/airflow/.local/lib/python3.12/site-packages/airflow/example_dags/example_latest_only.py
[2024-07-19T06:14:03.235+0000] {logging_mixin.py:188} INFO - [2024-07-19T06:14:03.234+0000] {dag.py:3089} INFO - Sync 1 DAGs
[2024-07-19T06:14:03.264+0000] {logging_mixin.py:188} INFO - [2024-07-19T06:14:03.264+0000] {dag.py:3947} INFO - Setting next_dagrun for latest_only to 2024-07-19 00:00:00+00:00, run_after=2024-07-19 04:00:00+00:00
[2024-07-19T06:14:03.288+0000] {processor.py:183} INFO - Processing /home/airflow/.local/lib/python3.12/site-packages/airflow/example_dags/example_latest_only.py took 0.102 seconds
[2024-07-19T06:14:34.197+0000] {processor.py:161} INFO - Started process (PID=6547) to work on /home/airflow/.local/lib/python3.12/site-packages/airflow/example_dags/example_latest_only.py
[2024-07-19T06:14:34.200+0000] {processor.py:830} INFO - Processing file /home/airflow/.local/lib/python3.12/site-packages/airflow/example_dags/example_latest_only.py for tasks to queue
[2024-07-19T06:14:34.273+0000] {logging_mixin.py:188} INFO - [2024-07-19T06:14:34.273+0000] {dagbag.py:545} INFO - Filling up the DagBag from /home/airflow/.local/lib/python3.12/site-packages/airflow/example_dags/example_latest_only.py
[2024-07-19T06:14:34.281+0000] {processor.py:840} INFO - DAG(s) 'latest_only' retrieved from /home/airflow/.local/lib/python3.12/site-packages/airflow/example_dags/example_latest_only.py
[2024-07-19T06:14:34.310+0000] {logging_mixin.py:188} INFO - [2024-07-19T06:14:34.310+0000] {dag.py:3089} INFO - Sync 1 DAGs
[2024-07-19T06:14:34.335+0000] {logging_mixin.py:188} INFO - [2024-07-19T06:14:34.335+0000] {dag.py:3947} INFO - Setting next_dagrun for latest_only to 2024-07-19 00:00:00+00:00, run_after=2024-07-19 04:00:00+00:00
[2024-07-19T06:14:34.356+0000] {processor.py:183} INFO - Processing /home/airflow/.local/lib/python3.12/site-packages/airflow/example_dags/example_latest_only.py took 0.172 seconds
[2024-07-19T06:15:04.838+0000] {processor.py:161} INFO - Started process (PID=6607) to work on /home/airflow/.local/lib/python3.12/site-packages/airflow/example_dags/example_latest_only.py
[2024-07-19T06:15:04.840+0000] {processor.py:830} INFO - Processing file /home/airflow/.local/lib/python3.12/site-packages/airflow/example_dags/example_latest_only.py for tasks to queue
[2024-07-19T06:15:04.842+0000] {logging_mixin.py:188} INFO - [2024-07-19T06:15:04.842+0000] {dagbag.py:545} INFO - Filling up the DagBag from /home/airflow/.local/lib/python3.12/site-packages/airflow/example_dags/example_latest_only.py
[2024-07-19T06:15:04.853+0000] {processor.py:840} INFO - DAG(s) 'latest_only' retrieved from /home/airflow/.local/lib/python3.12/site-packages/airflow/example_dags/example_latest_only.py
[2024-07-19T06:15:04.902+0000] {logging_mixin.py:188} INFO - [2024-07-19T06:15:04.902+0000] {dag.py:3089} INFO - Sync 1 DAGs
[2024-07-19T06:15:05.018+0000] {logging_mixin.py:188} INFO - [2024-07-19T06:15:05.017+0000] {dag.py:3947} INFO - Setting next_dagrun for latest_only to 2024-07-19 00:00:00+00:00, run_after=2024-07-19 04:00:00+00:00
[2024-07-19T06:15:05.054+0000] {processor.py:183} INFO - Processing /home/airflow/.local/lib/python3.12/site-packages/airflow/example_dags/example_latest_only.py took 0.227 seconds
[2024-07-19T06:15:35.519+0000] {processor.py:161} INFO - Started process (PID=6667) to work on /home/airflow/.local/lib/python3.12/site-packages/airflow/example_dags/example_latest_only.py
[2024-07-19T06:15:35.521+0000] {processor.py:830} INFO - Processing file /home/airflow/.local/lib/python3.12/site-packages/airflow/example_dags/example_latest_only.py for tasks to queue
[2024-07-19T06:15:35.524+0000] {logging_mixin.py:188} INFO - [2024-07-19T06:15:35.523+0000] {dagbag.py:545} INFO - Filling up the DagBag from /home/airflow/.local/lib/python3.12/site-packages/airflow/example_dags/example_latest_only.py
[2024-07-19T06:15:35.537+0000] {processor.py:840} INFO - DAG(s) 'latest_only' retrieved from /home/airflow/.local/lib/python3.12/site-packages/airflow/example_dags/example_latest_only.py
[2024-07-19T06:15:35.568+0000] {logging_mixin.py:188} INFO - [2024-07-19T06:15:35.568+0000] {dag.py:3089} INFO - Sync 1 DAGs
[2024-07-19T06:15:35.596+0000] {logging_mixin.py:188} INFO - [2024-07-19T06:15:35.595+0000] {dag.py:3947} INFO - Setting next_dagrun for latest_only to 2024-07-19 00:00:00+00:00, run_after=2024-07-19 04:00:00+00:00
[2024-07-19T06:15:35.618+0000] {processor.py:183} INFO - Processing /home/airflow/.local/lib/python3.12/site-packages/airflow/example_dags/example_latest_only.py took 0.108 seconds
[2024-07-19T06:16:06.132+0000] {processor.py:161} INFO - Started process (PID=6727) to work on /home/airflow/.local/lib/python3.12/site-packages/airflow/example_dags/example_latest_only.py
[2024-07-19T06:16:06.226+0000] {processor.py:830} INFO - Processing file /home/airflow/.local/lib/python3.12/site-packages/airflow/example_dags/example_latest_only.py for tasks to queue
[2024-07-19T06:16:06.228+0000] {logging_mixin.py:188} INFO - [2024-07-19T06:16:06.228+0000] {dagbag.py:545} INFO - Filling up the DagBag from /home/airflow/.local/lib/python3.12/site-packages/airflow/example_dags/example_latest_only.py
[2024-07-19T06:16:06.247+0000] {processor.py:840} INFO - DAG(s) 'latest_only' retrieved from /home/airflow/.local/lib/python3.12/site-packages/airflow/example_dags/example_latest_only.py
[2024-07-19T06:16:06.305+0000] {logging_mixin.py:188} INFO - [2024-07-19T06:16:06.305+0000] {dag.py:3089} INFO - Sync 1 DAGs
[2024-07-19T06:16:06.437+0000] {logging_mixin.py:188} INFO - [2024-07-19T06:16:06.437+0000] {dag.py:3947} INFO - Setting next_dagrun for latest_only to 2024-07-19 00:00:00+00:00, run_after=2024-07-19 04:00:00+00:00
[2024-07-19T06:16:06.494+0000] {processor.py:183} INFO - Processing /home/airflow/.local/lib/python3.12/site-packages/airflow/example_dags/example_latest_only.py took 0.373 seconds
[2024-07-19T06:16:37.317+0000] {processor.py:161} INFO - Started process (PID=6787) to work on /home/airflow/.local/lib/python3.12/site-packages/airflow/example_dags/example_latest_only.py
[2024-07-19T06:16:37.319+0000] {processor.py:830} INFO - Processing file /home/airflow/.local/lib/python3.12/site-packages/airflow/example_dags/example_latest_only.py for tasks to queue
[2024-07-19T06:16:37.321+0000] {logging_mixin.py:188} INFO - [2024-07-19T06:16:37.320+0000] {dagbag.py:545} INFO - Filling up the DagBag from /home/airflow/.local/lib/python3.12/site-packages/airflow/example_dags/example_latest_only.py
[2024-07-19T06:16:37.329+0000] {processor.py:840} INFO - DAG(s) 'latest_only' retrieved from /home/airflow/.local/lib/python3.12/site-packages/airflow/example_dags/example_latest_only.py
[2024-07-19T06:16:37.357+0000] {logging_mixin.py:188} INFO - [2024-07-19T06:16:37.356+0000] {dag.py:3089} INFO - Sync 1 DAGs
[2024-07-19T06:16:37.383+0000] {logging_mixin.py:188} INFO - [2024-07-19T06:16:37.383+0000] {dag.py:3947} INFO - Setting next_dagrun for latest_only to 2024-07-19 00:00:00+00:00, run_after=2024-07-19 04:00:00+00:00
[2024-07-19T06:16:37.407+0000] {processor.py:183} INFO - Processing /home/airflow/.local/lib/python3.12/site-packages/airflow/example_dags/example_latest_only.py took 0.098 seconds
[2024-07-19T06:17:07.748+0000] {processor.py:161} INFO - Started process (PID=6847) to work on /home/airflow/.local/lib/python3.12/site-packages/airflow/example_dags/example_latest_only.py
[2024-07-19T06:17:07.750+0000] {processor.py:830} INFO - Processing file /home/airflow/.local/lib/python3.12/site-packages/airflow/example_dags/example_latest_only.py for tasks to queue
[2024-07-19T06:17:07.751+0000] {logging_mixin.py:188} INFO - [2024-07-19T06:17:07.751+0000] {dagbag.py:545} INFO - Filling up the DagBag from /home/airflow/.local/lib/python3.12/site-packages/airflow/example_dags/example_latest_only.py
[2024-07-19T06:17:07.758+0000] {processor.py:840} INFO - DAG(s) 'latest_only' retrieved from /home/airflow/.local/lib/python3.12/site-packages/airflow/example_dags/example_latest_only.py
[2024-07-19T06:17:07.783+0000] {logging_mixin.py:188} INFO - [2024-07-19T06:17:07.783+0000] {dag.py:3089} INFO - Sync 1 DAGs
[2024-07-19T06:17:07.807+0000] {logging_mixin.py:188} INFO - [2024-07-19T06:17:07.807+0000] {dag.py:3947} INFO - Setting next_dagrun for latest_only to 2024-07-19 00:00:00+00:00, run_after=2024-07-19 04:00:00+00:00
[2024-07-19T06:17:07.829+0000] {processor.py:183} INFO - Processing /home/airflow/.local/lib/python3.12/site-packages/airflow/example_dags/example_latest_only.py took 0.088 seconds
[2024-07-19T06:17:38.068+0000] {processor.py:161} INFO - Started process (PID=6907) to work on /home/airflow/.local/lib/python3.12/site-packages/airflow/example_dags/example_latest_only.py
[2024-07-19T06:17:38.069+0000] {processor.py:830} INFO - Processing file /home/airflow/.local/lib/python3.12/site-packages/airflow/example_dags/example_latest_only.py for tasks to queue
[2024-07-19T06:17:38.071+0000] {logging_mixin.py:188} INFO - [2024-07-19T06:17:38.071+0000] {dagbag.py:545} INFO - Filling up the DagBag from /home/airflow/.local/lib/python3.12/site-packages/airflow/example_dags/example_latest_only.py
[2024-07-19T06:17:38.080+0000] {processor.py:840} INFO - DAG(s) 'latest_only' retrieved from /home/airflow/.local/lib/python3.12/site-packages/airflow/example_dags/example_latest_only.py
[2024-07-19T06:17:38.109+0000] {logging_mixin.py:188} INFO - [2024-07-19T06:17:38.109+0000] {dag.py:3089} INFO - Sync 1 DAGs
[2024-07-19T06:17:38.137+0000] {logging_mixin.py:188} INFO - [2024-07-19T06:17:38.137+0000] {dag.py:3947} INFO - Setting next_dagrun for latest_only to 2024-07-19 00:00:00+00:00, run_after=2024-07-19 04:00:00+00:00
[2024-07-19T06:17:38.160+0000] {processor.py:183} INFO - Processing /home/airflow/.local/lib/python3.12/site-packages/airflow/example_dags/example_latest_only.py took 0.101 seconds
[2024-07-19T06:18:09.091+0000] {processor.py:161} INFO - Started process (PID=6967) to work on /home/airflow/.local/lib/python3.12/site-packages/airflow/example_dags/example_latest_only.py
[2024-07-19T06:18:09.093+0000] {processor.py:830} INFO - Processing file /home/airflow/.local/lib/python3.12/site-packages/airflow/example_dags/example_latest_only.py for tasks to queue
[2024-07-19T06:18:09.094+0000] {logging_mixin.py:188} INFO - [2024-07-19T06:18:09.094+0000] {dagbag.py:545} INFO - Filling up the DagBag from /home/airflow/.local/lib/python3.12/site-packages/airflow/example_dags/example_latest_only.py
[2024-07-19T06:18:09.102+0000] {processor.py:840} INFO - DAG(s) 'latest_only' retrieved from /home/airflow/.local/lib/python3.12/site-packages/airflow/example_dags/example_latest_only.py
[2024-07-19T06:18:09.129+0000] {logging_mixin.py:188} INFO - [2024-07-19T06:18:09.129+0000] {dag.py:3089} INFO - Sync 1 DAGs
[2024-07-19T06:18:09.157+0000] {logging_mixin.py:188} INFO - [2024-07-19T06:18:09.157+0000] {dag.py:3947} INFO - Setting next_dagrun for latest_only to 2024-07-19 00:00:00+00:00, run_after=2024-07-19 04:00:00+00:00
[2024-07-19T06:18:09.181+0000] {processor.py:183} INFO - Processing /home/airflow/.local/lib/python3.12/site-packages/airflow/example_dags/example_latest_only.py took 0.098 seconds
[2024-07-19T06:18:39.685+0000] {processor.py:161} INFO - Started process (PID=7027) to work on /home/airflow/.local/lib/python3.12/site-packages/airflow/example_dags/example_latest_only.py
[2024-07-19T06:18:39.687+0000] {processor.py:830} INFO - Processing file /home/airflow/.local/lib/python3.12/site-packages/airflow/example_dags/example_latest_only.py for tasks to queue
[2024-07-19T06:18:39.689+0000] {logging_mixin.py:188} INFO - [2024-07-19T06:18:39.688+0000] {dagbag.py:545} INFO - Filling up the DagBag from /home/airflow/.local/lib/python3.12/site-packages/airflow/example_dags/example_latest_only.py
[2024-07-19T06:18:39.697+0000] {processor.py:840} INFO - DAG(s) 'latest_only' retrieved from /home/airflow/.local/lib/python3.12/site-packages/airflow/example_dags/example_latest_only.py
[2024-07-19T06:18:39.725+0000] {logging_mixin.py:188} INFO - [2024-07-19T06:18:39.725+0000] {dag.py:3089} INFO - Sync 1 DAGs
[2024-07-19T06:18:39.751+0000] {logging_mixin.py:188} INFO - [2024-07-19T06:18:39.751+0000] {dag.py:3947} INFO - Setting next_dagrun for latest_only to 2024-07-19 00:00:00+00:00, run_after=2024-07-19 04:00:00+00:00
[2024-07-19T06:18:39.771+0000] {processor.py:183} INFO - Processing /home/airflow/.local/lib/python3.12/site-packages/airflow/example_dags/example_latest_only.py took 0.095 seconds
[2024-07-19T06:19:09.826+0000] {processor.py:161} INFO - Started process (PID=7085) to work on /home/airflow/.local/lib/python3.12/site-packages/airflow/example_dags/example_latest_only.py
[2024-07-19T06:19:09.827+0000] {processor.py:830} INFO - Processing file /home/airflow/.local/lib/python3.12/site-packages/airflow/example_dags/example_latest_only.py for tasks to queue
[2024-07-19T06:19:09.829+0000] {logging_mixin.py:188} INFO - [2024-07-19T06:19:09.828+0000] {dagbag.py:545} INFO - Filling up the DagBag from /home/airflow/.local/lib/python3.12/site-packages/airflow/example_dags/example_latest_only.py
[2024-07-19T06:19:09.836+0000] {processor.py:840} INFO - DAG(s) 'latest_only' retrieved from /home/airflow/.local/lib/python3.12/site-packages/airflow/example_dags/example_latest_only.py
[2024-07-19T06:19:09.862+0000] {logging_mixin.py:188} INFO - [2024-07-19T06:19:09.862+0000] {dag.py:3089} INFO - Sync 1 DAGs
[2024-07-19T06:19:09.887+0000] {logging_mixin.py:188} INFO - [2024-07-19T06:19:09.886+0000] {dag.py:3947} INFO - Setting next_dagrun for latest_only to 2024-07-19 00:00:00+00:00, run_after=2024-07-19 04:00:00+00:00
[2024-07-19T06:19:09.907+0000] {processor.py:183} INFO - Processing /home/airflow/.local/lib/python3.12/site-packages/airflow/example_dags/example_latest_only.py took 0.089 seconds
[2024-07-19T06:19:40.246+0000] {processor.py:161} INFO - Started process (PID=7145) to work on /home/airflow/.local/lib/python3.12/site-packages/airflow/example_dags/example_latest_only.py
[2024-07-19T06:19:40.247+0000] {processor.py:830} INFO - Processing file /home/airflow/.local/lib/python3.12/site-packages/airflow/example_dags/example_latest_only.py for tasks to queue
[2024-07-19T06:19:40.249+0000] {logging_mixin.py:188} INFO - [2024-07-19T06:19:40.248+0000] {dagbag.py:545} INFO - Filling up the DagBag from /home/airflow/.local/lib/python3.12/site-packages/airflow/example_dags/example_latest_only.py
[2024-07-19T06:19:40.256+0000] {processor.py:840} INFO - DAG(s) 'latest_only' retrieved from /home/airflow/.local/lib/python3.12/site-packages/airflow/example_dags/example_latest_only.py
[2024-07-19T06:19:40.287+0000] {logging_mixin.py:188} INFO - [2024-07-19T06:19:40.286+0000] {dag.py:3089} INFO - Sync 1 DAGs
[2024-07-19T06:19:40.317+0000] {logging_mixin.py:188} INFO - [2024-07-19T06:19:40.317+0000] {dag.py:3947} INFO - Setting next_dagrun for latest_only to 2024-07-19 00:00:00+00:00, run_after=2024-07-19 04:00:00+00:00
[2024-07-19T06:19:40.342+0000] {processor.py:183} INFO - Processing /home/airflow/.local/lib/python3.12/site-packages/airflow/example_dags/example_latest_only.py took 0.106 seconds
[2024-07-19T06:20:10.833+0000] {processor.py:161} INFO - Started process (PID=7205) to work on /home/airflow/.local/lib/python3.12/site-packages/airflow/example_dags/example_latest_only.py
[2024-07-19T06:20:10.835+0000] {processor.py:830} INFO - Processing file /home/airflow/.local/lib/python3.12/site-packages/airflow/example_dags/example_latest_only.py for tasks to queue
[2024-07-19T06:20:10.836+0000] {logging_mixin.py:188} INFO - [2024-07-19T06:20:10.836+0000] {dagbag.py:545} INFO - Filling up the DagBag from /home/airflow/.local/lib/python3.12/site-packages/airflow/example_dags/example_latest_only.py
[2024-07-19T06:20:10.845+0000] {processor.py:840} INFO - DAG(s) 'latest_only' retrieved from /home/airflow/.local/lib/python3.12/site-packages/airflow/example_dags/example_latest_only.py
[2024-07-19T06:20:10.877+0000] {logging_mixin.py:188} INFO - [2024-07-19T06:20:10.876+0000] {dag.py:3089} INFO - Sync 1 DAGs
[2024-07-19T06:20:10.923+0000] {logging_mixin.py:188} INFO - [2024-07-19T06:20:10.923+0000] {dag.py:3947} INFO - Setting next_dagrun for latest_only to 2024-07-19 00:00:00+00:00, run_after=2024-07-19 04:00:00+00:00
[2024-07-19T06:20:10.946+0000] {processor.py:183} INFO - Processing /home/airflow/.local/lib/python3.12/site-packages/airflow/example_dags/example_latest_only.py took 0.121 seconds
[2024-07-19T06:20:41.314+0000] {processor.py:161} INFO - Started process (PID=7265) to work on /home/airflow/.local/lib/python3.12/site-packages/airflow/example_dags/example_latest_only.py
[2024-07-19T06:20:41.315+0000] {processor.py:830} INFO - Processing file /home/airflow/.local/lib/python3.12/site-packages/airflow/example_dags/example_latest_only.py for tasks to queue
[2024-07-19T06:20:41.317+0000] {logging_mixin.py:188} INFO - [2024-07-19T06:20:41.316+0000] {dagbag.py:545} INFO - Filling up the DagBag from /home/airflow/.local/lib/python3.12/site-packages/airflow/example_dags/example_latest_only.py
[2024-07-19T06:20:41.324+0000] {processor.py:840} INFO - DAG(s) 'latest_only' retrieved from /home/airflow/.local/lib/python3.12/site-packages/airflow/example_dags/example_latest_only.py
[2024-07-19T06:20:41.351+0000] {logging_mixin.py:188} INFO - [2024-07-19T06:20:41.351+0000] {dag.py:3089} INFO - Sync 1 DAGs
[2024-07-19T06:20:41.380+0000] {logging_mixin.py:188} INFO - [2024-07-19T06:20:41.380+0000] {dag.py:3947} INFO - Setting next_dagrun for latest_only to 2024-07-19 00:00:00+00:00, run_after=2024-07-19 04:00:00+00:00
[2024-07-19T06:20:41.405+0000] {processor.py:183} INFO - Processing /home/airflow/.local/lib/python3.12/site-packages/airflow/example_dags/example_latest_only.py took 0.099 seconds
[2024-07-19T06:21:11.525+0000] {processor.py:161} INFO - Started process (PID=7325) to work on /home/airflow/.local/lib/python3.12/site-packages/airflow/example_dags/example_latest_only.py
[2024-07-19T06:21:11.527+0000] {processor.py:830} INFO - Processing file /home/airflow/.local/lib/python3.12/site-packages/airflow/example_dags/example_latest_only.py for tasks to queue
[2024-07-19T06:21:11.528+0000] {logging_mixin.py:188} INFO - [2024-07-19T06:21:11.528+0000] {dagbag.py:545} INFO - Filling up the DagBag from /home/airflow/.local/lib/python3.12/site-packages/airflow/example_dags/example_latest_only.py
[2024-07-19T06:21:11.535+0000] {processor.py:840} INFO - DAG(s) 'latest_only' retrieved from /home/airflow/.local/lib/python3.12/site-packages/airflow/example_dags/example_latest_only.py
[2024-07-19T06:21:11.562+0000] {logging_mixin.py:188} INFO - [2024-07-19T06:21:11.561+0000] {dag.py:3089} INFO - Sync 1 DAGs
[2024-07-19T06:21:11.588+0000] {logging_mixin.py:188} INFO - [2024-07-19T06:21:11.588+0000] {dag.py:3947} INFO - Setting next_dagrun for latest_only to 2024-07-19 00:00:00+00:00, run_after=2024-07-19 04:00:00+00:00
[2024-07-19T06:21:11.612+0000] {processor.py:183} INFO - Processing /home/airflow/.local/lib/python3.12/site-packages/airflow/example_dags/example_latest_only.py took 0.095 seconds
[2024-07-19T06:21:41.765+0000] {processor.py:161} INFO - Started process (PID=7385) to work on /home/airflow/.local/lib/python3.12/site-packages/airflow/example_dags/example_latest_only.py
[2024-07-19T06:21:41.766+0000] {processor.py:830} INFO - Processing file /home/airflow/.local/lib/python3.12/site-packages/airflow/example_dags/example_latest_only.py for tasks to queue
[2024-07-19T06:21:41.767+0000] {logging_mixin.py:188} INFO - [2024-07-19T06:21:41.767+0000] {dagbag.py:545} INFO - Filling up the DagBag from /home/airflow/.local/lib/python3.12/site-packages/airflow/example_dags/example_latest_only.py
[2024-07-19T06:21:41.774+0000] {processor.py:840} INFO - DAG(s) 'latest_only' retrieved from /home/airflow/.local/lib/python3.12/site-packages/airflow/example_dags/example_latest_only.py
[2024-07-19T06:21:41.802+0000] {logging_mixin.py:188} INFO - [2024-07-19T06:21:41.801+0000] {dag.py:3089} INFO - Sync 1 DAGs
[2024-07-19T06:21:41.831+0000] {logging_mixin.py:188} INFO - [2024-07-19T06:21:41.831+0000] {dag.py:3947} INFO - Setting next_dagrun for latest_only to 2024-07-19 00:00:00+00:00, run_after=2024-07-19 04:00:00+00:00
[2024-07-19T06:21:41.858+0000] {processor.py:183} INFO - Processing /home/airflow/.local/lib/python3.12/site-packages/airflow/example_dags/example_latest_only.py took 0.101 seconds
[2024-07-19T06:22:12.153+0000] {processor.py:161} INFO - Started process (PID=7445) to work on /home/airflow/.local/lib/python3.12/site-packages/airflow/example_dags/example_latest_only.py
[2024-07-19T06:22:12.155+0000] {processor.py:830} INFO - Processing file /home/airflow/.local/lib/python3.12/site-packages/airflow/example_dags/example_latest_only.py for tasks to queue
[2024-07-19T06:22:12.157+0000] {logging_mixin.py:188} INFO - [2024-07-19T06:22:12.156+0000] {dagbag.py:545} INFO - Filling up the DagBag from /home/airflow/.local/lib/python3.12/site-packages/airflow/example_dags/example_latest_only.py
[2024-07-19T06:22:12.168+0000] {processor.py:840} INFO - DAG(s) 'latest_only' retrieved from /home/airflow/.local/lib/python3.12/site-packages/airflow/example_dags/example_latest_only.py
[2024-07-19T06:22:12.215+0000] {logging_mixin.py:188} INFO - [2024-07-19T06:22:12.214+0000] {dag.py:3089} INFO - Sync 1 DAGs
[2024-07-19T06:22:12.257+0000] {logging_mixin.py:188} INFO - [2024-07-19T06:22:12.257+0000] {dag.py:3947} INFO - Setting next_dagrun for latest_only to 2024-07-19 00:00:00+00:00, run_after=2024-07-19 04:00:00+00:00
[2024-07-19T06:22:12.291+0000] {processor.py:183} INFO - Processing /home/airflow/.local/lib/python3.12/site-packages/airflow/example_dags/example_latest_only.py took 0.150 seconds
[2024-07-19T06:22:42.704+0000] {processor.py:161} INFO - Started process (PID=7506) to work on /home/airflow/.local/lib/python3.12/site-packages/airflow/example_dags/example_latest_only.py
[2024-07-19T06:22:42.705+0000] {processor.py:830} INFO - Processing file /home/airflow/.local/lib/python3.12/site-packages/airflow/example_dags/example_latest_only.py for tasks to queue
[2024-07-19T06:22:42.706+0000] {logging_mixin.py:188} INFO - [2024-07-19T06:22:42.706+0000] {dagbag.py:545} INFO - Filling up the DagBag from /home/airflow/.local/lib/python3.12/site-packages/airflow/example_dags/example_latest_only.py
[2024-07-19T06:22:42.714+0000] {processor.py:840} INFO - DAG(s) 'latest_only' retrieved from /home/airflow/.local/lib/python3.12/site-packages/airflow/example_dags/example_latest_only.py
[2024-07-19T06:22:42.741+0000] {logging_mixin.py:188} INFO - [2024-07-19T06:22:42.740+0000] {dag.py:3089} INFO - Sync 1 DAGs
[2024-07-19T06:22:42.766+0000] {logging_mixin.py:188} INFO - [2024-07-19T06:22:42.766+0000] {dag.py:3947} INFO - Setting next_dagrun for latest_only to 2024-07-19 00:00:00+00:00, run_after=2024-07-19 04:00:00+00:00
[2024-07-19T06:22:42.790+0000] {processor.py:183} INFO - Processing /home/airflow/.local/lib/python3.12/site-packages/airflow/example_dags/example_latest_only.py took 0.094 seconds
[2024-07-19T06:23:13.516+0000] {processor.py:161} INFO - Started process (PID=7566) to work on /home/airflow/.local/lib/python3.12/site-packages/airflow/example_dags/example_latest_only.py
[2024-07-19T06:23:13.517+0000] {processor.py:830} INFO - Processing file /home/airflow/.local/lib/python3.12/site-packages/airflow/example_dags/example_latest_only.py for tasks to queue
[2024-07-19T06:23:13.519+0000] {logging_mixin.py:188} INFO - [2024-07-19T06:23:13.518+0000] {dagbag.py:545} INFO - Filling up the DagBag from /home/airflow/.local/lib/python3.12/site-packages/airflow/example_dags/example_latest_only.py
[2024-07-19T06:23:13.527+0000] {processor.py:840} INFO - DAG(s) 'latest_only' retrieved from /home/airflow/.local/lib/python3.12/site-packages/airflow/example_dags/example_latest_only.py
[2024-07-19T06:23:13.566+0000] {logging_mixin.py:188} INFO - [2024-07-19T06:23:13.566+0000] {dag.py:3089} INFO - Sync 1 DAGs
[2024-07-19T06:23:13.597+0000] {logging_mixin.py:188} INFO - [2024-07-19T06:23:13.595+0000] {dag.py:3947} INFO - Setting next_dagrun for latest_only to 2024-07-19 00:00:00+00:00, run_after=2024-07-19 04:00:00+00:00
[2024-07-19T06:23:13.640+0000] {processor.py:183} INFO - Processing /home/airflow/.local/lib/python3.12/site-packages/airflow/example_dags/example_latest_only.py took 0.132 seconds
[2024-07-19T06:23:44.394+0000] {processor.py:161} INFO - Started process (PID=7625) to work on /home/airflow/.local/lib/python3.12/site-packages/airflow/example_dags/example_latest_only.py
[2024-07-19T06:23:44.395+0000] {processor.py:830} INFO - Processing file /home/airflow/.local/lib/python3.12/site-packages/airflow/example_dags/example_latest_only.py for tasks to queue
[2024-07-19T06:23:44.397+0000] {logging_mixin.py:188} INFO - [2024-07-19T06:23:44.396+0000] {dagbag.py:545} INFO - Filling up the DagBag from /home/airflow/.local/lib/python3.12/site-packages/airflow/example_dags/example_latest_only.py
[2024-07-19T06:23:44.404+0000] {processor.py:840} INFO - DAG(s) 'latest_only' retrieved from /home/airflow/.local/lib/python3.12/site-packages/airflow/example_dags/example_latest_only.py
[2024-07-19T06:23:44.432+0000] {logging_mixin.py:188} INFO - [2024-07-19T06:23:44.432+0000] {dag.py:3089} INFO - Sync 1 DAGs
[2024-07-19T06:23:44.460+0000] {logging_mixin.py:188} INFO - [2024-07-19T06:23:44.460+0000] {dag.py:3947} INFO - Setting next_dagrun for latest_only to 2024-07-19 00:00:00+00:00, run_after=2024-07-19 04:00:00+00:00
[2024-07-19T06:23:44.482+0000] {processor.py:183} INFO - Processing /home/airflow/.local/lib/python3.12/site-packages/airflow/example_dags/example_latest_only.py took 0.095 seconds
[2024-07-19T06:24:14.688+0000] {processor.py:161} INFO - Started process (PID=7686) to work on /home/airflow/.local/lib/python3.12/site-packages/airflow/example_dags/example_latest_only.py
[2024-07-19T06:24:14.689+0000] {processor.py:830} INFO - Processing file /home/airflow/.local/lib/python3.12/site-packages/airflow/example_dags/example_latest_only.py for tasks to queue
[2024-07-19T06:24:14.690+0000] {logging_mixin.py:188} INFO - [2024-07-19T06:24:14.690+0000] {dagbag.py:545} INFO - Filling up the DagBag from /home/airflow/.local/lib/python3.12/site-packages/airflow/example_dags/example_latest_only.py
[2024-07-19T06:24:14.696+0000] {processor.py:840} INFO - DAG(s) 'latest_only' retrieved from /home/airflow/.local/lib/python3.12/site-packages/airflow/example_dags/example_latest_only.py
[2024-07-19T06:24:14.718+0000] {logging_mixin.py:188} INFO - [2024-07-19T06:24:14.717+0000] {dag.py:3089} INFO - Sync 1 DAGs
[2024-07-19T06:24:14.745+0000] {logging_mixin.py:188} INFO - [2024-07-19T06:24:14.745+0000] {dag.py:3947} INFO - Setting next_dagrun for latest_only to 2024-07-19 00:00:00+00:00, run_after=2024-07-19 04:00:00+00:00
[2024-07-19T06:24:14.767+0000] {processor.py:183} INFO - Processing /home/airflow/.local/lib/python3.12/site-packages/airflow/example_dags/example_latest_only.py took 0.086 seconds
[2024-07-19T06:24:45.248+0000] {processor.py:161} INFO - Started process (PID=7746) to work on /home/airflow/.local/lib/python3.12/site-packages/airflow/example_dags/example_latest_only.py
[2024-07-19T06:24:45.249+0000] {processor.py:830} INFO - Processing file /home/airflow/.local/lib/python3.12/site-packages/airflow/example_dags/example_latest_only.py for tasks to queue
[2024-07-19T06:24:45.251+0000] {logging_mixin.py:188} INFO - [2024-07-19T06:24:45.250+0000] {dagbag.py:545} INFO - Filling up the DagBag from /home/airflow/.local/lib/python3.12/site-packages/airflow/example_dags/example_latest_only.py
[2024-07-19T06:24:45.258+0000] {processor.py:840} INFO - DAG(s) 'latest_only' retrieved from /home/airflow/.local/lib/python3.12/site-packages/airflow/example_dags/example_latest_only.py
[2024-07-19T06:24:45.285+0000] {logging_mixin.py:188} INFO - [2024-07-19T06:24:45.285+0000] {dag.py:3089} INFO - Sync 1 DAGs
[2024-07-19T06:24:45.310+0000] {logging_mixin.py:188} INFO - [2024-07-19T06:24:45.310+0000] {dag.py:3947} INFO - Setting next_dagrun for latest_only to 2024-07-19 00:00:00+00:00, run_after=2024-07-19 04:00:00+00:00
[2024-07-19T06:24:45.332+0000] {processor.py:183} INFO - Processing /home/airflow/.local/lib/python3.12/site-packages/airflow/example_dags/example_latest_only.py took 0.092 seconds
[2024-07-19T06:25:16.178+0000] {processor.py:161} INFO - Started process (PID=7806) to work on /home/airflow/.local/lib/python3.12/site-packages/airflow/example_dags/example_latest_only.py
[2024-07-19T06:25:16.179+0000] {processor.py:830} INFO - Processing file /home/airflow/.local/lib/python3.12/site-packages/airflow/example_dags/example_latest_only.py for tasks to queue
[2024-07-19T06:25:16.180+0000] {logging_mixin.py:188} INFO - [2024-07-19T06:25:16.180+0000] {dagbag.py:545} INFO - Filling up the DagBag from /home/airflow/.local/lib/python3.12/site-packages/airflow/example_dags/example_latest_only.py
[2024-07-19T06:25:16.187+0000] {processor.py:840} INFO - DAG(s) 'latest_only' retrieved from /home/airflow/.local/lib/python3.12/site-packages/airflow/example_dags/example_latest_only.py
[2024-07-19T06:25:16.211+0000] {logging_mixin.py:188} INFO - [2024-07-19T06:25:16.210+0000] {dag.py:3089} INFO - Sync 1 DAGs
[2024-07-19T06:25:16.235+0000] {logging_mixin.py:188} INFO - [2024-07-19T06:25:16.235+0000] {dag.py:3947} INFO - Setting next_dagrun for latest_only to 2024-07-19 00:00:00+00:00, run_after=2024-07-19 04:00:00+00:00
[2024-07-19T06:25:16.261+0000] {processor.py:183} INFO - Processing /home/airflow/.local/lib/python3.12/site-packages/airflow/example_dags/example_latest_only.py took 0.091 seconds
[2024-07-19T06:25:46.584+0000] {processor.py:161} INFO - Started process (PID=7866) to work on /home/airflow/.local/lib/python3.12/site-packages/airflow/example_dags/example_latest_only.py
[2024-07-19T06:25:46.585+0000] {processor.py:830} INFO - Processing file /home/airflow/.local/lib/python3.12/site-packages/airflow/example_dags/example_latest_only.py for tasks to queue
[2024-07-19T06:25:46.587+0000] {logging_mixin.py:188} INFO - [2024-07-19T06:25:46.587+0000] {dagbag.py:545} INFO - Filling up the DagBag from /home/airflow/.local/lib/python3.12/site-packages/airflow/example_dags/example_latest_only.py
[2024-07-19T06:25:46.594+0000] {processor.py:840} INFO - DAG(s) 'latest_only' retrieved from /home/airflow/.local/lib/python3.12/site-packages/airflow/example_dags/example_latest_only.py
[2024-07-19T06:25:46.622+0000] {logging_mixin.py:188} INFO - [2024-07-19T06:25:46.622+0000] {dag.py:3089} INFO - Sync 1 DAGs
[2024-07-19T06:25:46.651+0000] {logging_mixin.py:188} INFO - [2024-07-19T06:25:46.651+0000] {dag.py:3947} INFO - Setting next_dagrun for latest_only to 2024-07-19 00:00:00+00:00, run_after=2024-07-19 04:00:00+00:00
[2024-07-19T06:25:46.675+0000] {processor.py:183} INFO - Processing /home/airflow/.local/lib/python3.12/site-packages/airflow/example_dags/example_latest_only.py took 0.098 seconds
[2024-07-19T06:26:17.049+0000] {processor.py:161} INFO - Started process (PID=7926) to work on /home/airflow/.local/lib/python3.12/site-packages/airflow/example_dags/example_latest_only.py
[2024-07-19T06:26:17.051+0000] {processor.py:830} INFO - Processing file /home/airflow/.local/lib/python3.12/site-packages/airflow/example_dags/example_latest_only.py for tasks to queue
[2024-07-19T06:26:17.052+0000] {logging_mixin.py:188} INFO - [2024-07-19T06:26:17.052+0000] {dagbag.py:545} INFO - Filling up the DagBag from /home/airflow/.local/lib/python3.12/site-packages/airflow/example_dags/example_latest_only.py
[2024-07-19T06:26:17.061+0000] {processor.py:840} INFO - DAG(s) 'latest_only' retrieved from /home/airflow/.local/lib/python3.12/site-packages/airflow/example_dags/example_latest_only.py
[2024-07-19T06:26:17.089+0000] {logging_mixin.py:188} INFO - [2024-07-19T06:26:17.089+0000] {dag.py:3089} INFO - Sync 1 DAGs
[2024-07-19T06:26:17.116+0000] {logging_mixin.py:188} INFO - [2024-07-19T06:26:17.115+0000] {dag.py:3947} INFO - Setting next_dagrun for latest_only to 2024-07-19 00:00:00+00:00, run_after=2024-07-19 04:00:00+00:00
[2024-07-19T06:26:17.141+0000] {processor.py:183} INFO - Processing /home/airflow/.local/lib/python3.12/site-packages/airflow/example_dags/example_latest_only.py took 0.099 seconds
[2024-07-19T06:26:47.367+0000] {processor.py:161} INFO - Started process (PID=7986) to work on /home/airflow/.local/lib/python3.12/site-packages/airflow/example_dags/example_latest_only.py
[2024-07-19T06:26:47.368+0000] {processor.py:830} INFO - Processing file /home/airflow/.local/lib/python3.12/site-packages/airflow/example_dags/example_latest_only.py for tasks to queue
[2024-07-19T06:26:47.369+0000] {logging_mixin.py:188} INFO - [2024-07-19T06:26:47.369+0000] {dagbag.py:545} INFO - Filling up the DagBag from /home/airflow/.local/lib/python3.12/site-packages/airflow/example_dags/example_latest_only.py
[2024-07-19T06:26:47.376+0000] {processor.py:840} INFO - DAG(s) 'latest_only' retrieved from /home/airflow/.local/lib/python3.12/site-packages/airflow/example_dags/example_latest_only.py
[2024-07-19T06:26:47.399+0000] {logging_mixin.py:188} INFO - [2024-07-19T06:26:47.398+0000] {dag.py:3089} INFO - Sync 1 DAGs
[2024-07-19T06:26:47.421+0000] {logging_mixin.py:188} INFO - [2024-07-19T06:26:47.421+0000] {dag.py:3947} INFO - Setting next_dagrun for latest_only to 2024-07-19 00:00:00+00:00, run_after=2024-07-19 04:00:00+00:00
[2024-07-19T06:26:47.446+0000] {processor.py:183} INFO - Processing /home/airflow/.local/lib/python3.12/site-packages/airflow/example_dags/example_latest_only.py took 0.086 seconds
[2024-07-19T06:27:18.392+0000] {processor.py:161} INFO - Started process (PID=8046) to work on /home/airflow/.local/lib/python3.12/site-packages/airflow/example_dags/example_latest_only.py
[2024-07-19T06:27:18.393+0000] {processor.py:830} INFO - Processing file /home/airflow/.local/lib/python3.12/site-packages/airflow/example_dags/example_latest_only.py for tasks to queue
[2024-07-19T06:27:18.394+0000] {logging_mixin.py:188} INFO - [2024-07-19T06:27:18.394+0000] {dagbag.py:545} INFO - Filling up the DagBag from /home/airflow/.local/lib/python3.12/site-packages/airflow/example_dags/example_latest_only.py
[2024-07-19T06:27:18.401+0000] {processor.py:840} INFO - DAG(s) 'latest_only' retrieved from /home/airflow/.local/lib/python3.12/site-packages/airflow/example_dags/example_latest_only.py
[2024-07-19T06:27:18.427+0000] {logging_mixin.py:188} INFO - [2024-07-19T06:27:18.426+0000] {dag.py:3089} INFO - Sync 1 DAGs
[2024-07-19T06:27:18.450+0000] {logging_mixin.py:188} INFO - [2024-07-19T06:27:18.450+0000] {dag.py:3947} INFO - Setting next_dagrun for latest_only to 2024-07-19 00:00:00+00:00, run_after=2024-07-19 04:00:00+00:00
[2024-07-19T06:27:18.470+0000] {processor.py:183} INFO - Processing /home/airflow/.local/lib/python3.12/site-packages/airflow/example_dags/example_latest_only.py took 0.086 seconds
[2024-07-19T06:27:48.613+0000] {processor.py:161} INFO - Started process (PID=8106) to work on /home/airflow/.local/lib/python3.12/site-packages/airflow/example_dags/example_latest_only.py
[2024-07-19T06:27:48.614+0000] {processor.py:830} INFO - Processing file /home/airflow/.local/lib/python3.12/site-packages/airflow/example_dags/example_latest_only.py for tasks to queue
[2024-07-19T06:27:48.616+0000] {logging_mixin.py:188} INFO - [2024-07-19T06:27:48.615+0000] {dagbag.py:545} INFO - Filling up the DagBag from /home/airflow/.local/lib/python3.12/site-packages/airflow/example_dags/example_latest_only.py
[2024-07-19T06:27:48.623+0000] {processor.py:840} INFO - DAG(s) 'latest_only' retrieved from /home/airflow/.local/lib/python3.12/site-packages/airflow/example_dags/example_latest_only.py
[2024-07-19T06:27:48.651+0000] {logging_mixin.py:188} INFO - [2024-07-19T06:27:48.650+0000] {dag.py:3089} INFO - Sync 1 DAGs
[2024-07-19T06:27:48.680+0000] {logging_mixin.py:188} INFO - [2024-07-19T06:27:48.680+0000] {dag.py:3947} INFO - Setting next_dagrun for latest_only to 2024-07-19 00:00:00+00:00, run_after=2024-07-19 04:00:00+00:00
[2024-07-19T06:27:48.704+0000] {processor.py:183} INFO - Processing /home/airflow/.local/lib/python3.12/site-packages/airflow/example_dags/example_latest_only.py took 0.099 seconds
[2024-07-19T06:28:19.238+0000] {processor.py:161} INFO - Started process (PID=8166) to work on /home/airflow/.local/lib/python3.12/site-packages/airflow/example_dags/example_latest_only.py
[2024-07-19T06:28:19.239+0000] {processor.py:830} INFO - Processing file /home/airflow/.local/lib/python3.12/site-packages/airflow/example_dags/example_latest_only.py for tasks to queue
[2024-07-19T06:28:19.241+0000] {logging_mixin.py:188} INFO - [2024-07-19T06:28:19.241+0000] {dagbag.py:545} INFO - Filling up the DagBag from /home/airflow/.local/lib/python3.12/site-packages/airflow/example_dags/example_latest_only.py
[2024-07-19T06:28:19.249+0000] {processor.py:840} INFO - DAG(s) 'latest_only' retrieved from /home/airflow/.local/lib/python3.12/site-packages/airflow/example_dags/example_latest_only.py
[2024-07-19T06:28:19.278+0000] {logging_mixin.py:188} INFO - [2024-07-19T06:28:19.278+0000] {dag.py:3089} INFO - Sync 1 DAGs
[2024-07-19T06:28:19.309+0000] {logging_mixin.py:188} INFO - [2024-07-19T06:28:19.309+0000] {dag.py:3947} INFO - Setting next_dagrun for latest_only to 2024-07-19 00:00:00+00:00, run_after=2024-07-19 04:00:00+00:00
[2024-07-19T06:28:19.421+0000] {processor.py:183} INFO - Processing /home/airflow/.local/lib/python3.12/site-packages/airflow/example_dags/example_latest_only.py took 0.191 seconds
[2024-07-19T06:28:49.698+0000] {processor.py:161} INFO - Started process (PID=8226) to work on /home/airflow/.local/lib/python3.12/site-packages/airflow/example_dags/example_latest_only.py
[2024-07-19T06:28:49.700+0000] {processor.py:830} INFO - Processing file /home/airflow/.local/lib/python3.12/site-packages/airflow/example_dags/example_latest_only.py for tasks to queue
[2024-07-19T06:28:49.701+0000] {logging_mixin.py:188} INFO - [2024-07-19T06:28:49.701+0000] {dagbag.py:545} INFO - Filling up the DagBag from /home/airflow/.local/lib/python3.12/site-packages/airflow/example_dags/example_latest_only.py
[2024-07-19T06:28:49.710+0000] {processor.py:840} INFO - DAG(s) 'latest_only' retrieved from /home/airflow/.local/lib/python3.12/site-packages/airflow/example_dags/example_latest_only.py
[2024-07-19T06:28:49.739+0000] {logging_mixin.py:188} INFO - [2024-07-19T06:28:49.738+0000] {dag.py:3089} INFO - Sync 1 DAGs
[2024-07-19T06:28:49.766+0000] {logging_mixin.py:188} INFO - [2024-07-19T06:28:49.766+0000] {dag.py:3947} INFO - Setting next_dagrun for latest_only to 2024-07-19 00:00:00+00:00, run_after=2024-07-19 04:00:00+00:00
[2024-07-19T06:28:49.789+0000] {processor.py:183} INFO - Processing /home/airflow/.local/lib/python3.12/site-packages/airflow/example_dags/example_latest_only.py took 0.099 seconds
[2024-07-19T06:29:20.218+0000] {processor.py:161} INFO - Started process (PID=8286) to work on /home/airflow/.local/lib/python3.12/site-packages/airflow/example_dags/example_latest_only.py
[2024-07-19T06:29:20.220+0000] {processor.py:830} INFO - Processing file /home/airflow/.local/lib/python3.12/site-packages/airflow/example_dags/example_latest_only.py for tasks to queue
[2024-07-19T06:29:20.221+0000] {logging_mixin.py:188} INFO - [2024-07-19T06:29:20.221+0000] {dagbag.py:545} INFO - Filling up the DagBag from /home/airflow/.local/lib/python3.12/site-packages/airflow/example_dags/example_latest_only.py
[2024-07-19T06:29:20.228+0000] {processor.py:840} INFO - DAG(s) 'latest_only' retrieved from /home/airflow/.local/lib/python3.12/site-packages/airflow/example_dags/example_latest_only.py
[2024-07-19T06:29:20.257+0000] {logging_mixin.py:188} INFO - [2024-07-19T06:29:20.257+0000] {dag.py:3089} INFO - Sync 1 DAGs
[2024-07-19T06:29:20.287+0000] {logging_mixin.py:188} INFO - [2024-07-19T06:29:20.286+0000] {dag.py:3947} INFO - Setting next_dagrun for latest_only to 2024-07-19 00:00:00+00:00, run_after=2024-07-19 04:00:00+00:00
[2024-07-19T06:29:20.310+0000] {processor.py:183} INFO - Processing /home/airflow/.local/lib/python3.12/site-packages/airflow/example_dags/example_latest_only.py took 0.100 seconds
[2024-07-19T06:29:51.125+0000] {processor.py:161} INFO - Started process (PID=8346) to work on /home/airflow/.local/lib/python3.12/site-packages/airflow/example_dags/example_latest_only.py
[2024-07-19T06:29:51.127+0000] {processor.py:830} INFO - Processing file /home/airflow/.local/lib/python3.12/site-packages/airflow/example_dags/example_latest_only.py for tasks to queue
[2024-07-19T06:29:51.128+0000] {logging_mixin.py:188} INFO - [2024-07-19T06:29:51.128+0000] {dagbag.py:545} INFO - Filling up the DagBag from /home/airflow/.local/lib/python3.12/site-packages/airflow/example_dags/example_latest_only.py
[2024-07-19T06:29:51.135+0000] {processor.py:840} INFO - DAG(s) 'latest_only' retrieved from /home/airflow/.local/lib/python3.12/site-packages/airflow/example_dags/example_latest_only.py
[2024-07-19T06:29:51.162+0000] {logging_mixin.py:188} INFO - [2024-07-19T06:29:51.162+0000] {dag.py:3089} INFO - Sync 1 DAGs
[2024-07-19T06:29:51.190+0000] {logging_mixin.py:188} INFO - [2024-07-19T06:29:51.190+0000] {dag.py:3947} INFO - Setting next_dagrun for latest_only to 2024-07-19 00:00:00+00:00, run_after=2024-07-19 04:00:00+00:00
[2024-07-19T06:29:51.311+0000] {processor.py:183} INFO - Processing /home/airflow/.local/lib/python3.12/site-packages/airflow/example_dags/example_latest_only.py took 0.195 seconds
[2024-07-19T06:30:21.414+0000] {processor.py:161} INFO - Started process (PID=8406) to work on /home/airflow/.local/lib/python3.12/site-packages/airflow/example_dags/example_latest_only.py
[2024-07-19T06:30:21.416+0000] {processor.py:830} INFO - Processing file /home/airflow/.local/lib/python3.12/site-packages/airflow/example_dags/example_latest_only.py for tasks to queue
[2024-07-19T06:30:21.417+0000] {logging_mixin.py:188} INFO - [2024-07-19T06:30:21.417+0000] {dagbag.py:545} INFO - Filling up the DagBag from /home/airflow/.local/lib/python3.12/site-packages/airflow/example_dags/example_latest_only.py
[2024-07-19T06:30:21.424+0000] {processor.py:840} INFO - DAG(s) 'latest_only' retrieved from /home/airflow/.local/lib/python3.12/site-packages/airflow/example_dags/example_latest_only.py
[2024-07-19T06:30:21.453+0000] {logging_mixin.py:188} INFO - [2024-07-19T06:30:21.453+0000] {dag.py:3089} INFO - Sync 1 DAGs
[2024-07-19T06:30:21.481+0000] {logging_mixin.py:188} INFO - [2024-07-19T06:30:21.480+0000] {dag.py:3947} INFO - Setting next_dagrun for latest_only to 2024-07-19 00:00:00+00:00, run_after=2024-07-19 04:00:00+00:00
[2024-07-19T06:30:21.504+0000] {processor.py:183} INFO - Processing /home/airflow/.local/lib/python3.12/site-packages/airflow/example_dags/example_latest_only.py took 0.098 seconds
[2024-07-19T06:30:51.554+0000] {processor.py:161} INFO - Started process (PID=8465) to work on /home/airflow/.local/lib/python3.12/site-packages/airflow/example_dags/example_latest_only.py
[2024-07-19T06:30:51.556+0000] {processor.py:830} INFO - Processing file /home/airflow/.local/lib/python3.12/site-packages/airflow/example_dags/example_latest_only.py for tasks to queue
[2024-07-19T06:30:51.557+0000] {logging_mixin.py:188} INFO - [2024-07-19T06:30:51.557+0000] {dagbag.py:545} INFO - Filling up the DagBag from /home/airflow/.local/lib/python3.12/site-packages/airflow/example_dags/example_latest_only.py
[2024-07-19T06:30:51.565+0000] {processor.py:840} INFO - DAG(s) 'latest_only' retrieved from /home/airflow/.local/lib/python3.12/site-packages/airflow/example_dags/example_latest_only.py
[2024-07-19T06:30:51.591+0000] {logging_mixin.py:188} INFO - [2024-07-19T06:30:51.591+0000] {dag.py:3089} INFO - Sync 1 DAGs
[2024-07-19T06:30:51.618+0000] {logging_mixin.py:188} INFO - [2024-07-19T06:30:51.617+0000] {dag.py:3947} INFO - Setting next_dagrun for latest_only to 2024-07-19 00:00:00+00:00, run_after=2024-07-19 04:00:00+00:00
[2024-07-19T06:30:51.639+0000] {processor.py:183} INFO - Processing /home/airflow/.local/lib/python3.12/site-packages/airflow/example_dags/example_latest_only.py took 0.093 seconds
[2024-07-19T06:31:21.815+0000] {processor.py:161} INFO - Started process (PID=8525) to work on /home/airflow/.local/lib/python3.12/site-packages/airflow/example_dags/example_latest_only.py
[2024-07-19T06:31:21.816+0000] {processor.py:830} INFO - Processing file /home/airflow/.local/lib/python3.12/site-packages/airflow/example_dags/example_latest_only.py for tasks to queue
[2024-07-19T06:31:21.818+0000] {logging_mixin.py:188} INFO - [2024-07-19T06:31:21.817+0000] {dagbag.py:545} INFO - Filling up the DagBag from /home/airflow/.local/lib/python3.12/site-packages/airflow/example_dags/example_latest_only.py
[2024-07-19T06:31:21.826+0000] {processor.py:840} INFO - DAG(s) 'latest_only' retrieved from /home/airflow/.local/lib/python3.12/site-packages/airflow/example_dags/example_latest_only.py
[2024-07-19T06:31:21.857+0000] {logging_mixin.py:188} INFO - [2024-07-19T06:31:21.857+0000] {dag.py:3089} INFO - Sync 1 DAGs
[2024-07-19T06:31:21.884+0000] {logging_mixin.py:188} INFO - [2024-07-19T06:31:21.884+0000] {dag.py:3947} INFO - Setting next_dagrun for latest_only to 2024-07-19 00:00:00+00:00, run_after=2024-07-19 04:00:00+00:00
[2024-07-19T06:31:21.907+0000] {processor.py:183} INFO - Processing /home/airflow/.local/lib/python3.12/site-packages/airflow/example_dags/example_latest_only.py took 0.101 seconds
[2024-07-19T06:31:51.967+0000] {processor.py:161} INFO - Started process (PID=8585) to work on /home/airflow/.local/lib/python3.12/site-packages/airflow/example_dags/example_latest_only.py
[2024-07-19T06:31:51.968+0000] {processor.py:830} INFO - Processing file /home/airflow/.local/lib/python3.12/site-packages/airflow/example_dags/example_latest_only.py for tasks to queue
[2024-07-19T06:31:51.970+0000] {logging_mixin.py:188} INFO - [2024-07-19T06:31:51.969+0000] {dagbag.py:545} INFO - Filling up the DagBag from /home/airflow/.local/lib/python3.12/site-packages/airflow/example_dags/example_latest_only.py
[2024-07-19T06:31:51.977+0000] {processor.py:840} INFO - DAG(s) 'latest_only' retrieved from /home/airflow/.local/lib/python3.12/site-packages/airflow/example_dags/example_latest_only.py
[2024-07-19T06:31:52.008+0000] {logging_mixin.py:188} INFO - [2024-07-19T06:31:52.008+0000] {dag.py:3089} INFO - Sync 1 DAGs
[2024-07-19T06:31:52.038+0000] {logging_mixin.py:188} INFO - [2024-07-19T06:31:52.038+0000] {dag.py:3947} INFO - Setting next_dagrun for latest_only to 2024-07-19 00:00:00+00:00, run_after=2024-07-19 04:00:00+00:00
[2024-07-19T06:31:52.063+0000] {processor.py:183} INFO - Processing /home/airflow/.local/lib/python3.12/site-packages/airflow/example_dags/example_latest_only.py took 0.103 seconds
[2024-07-19T06:32:22.968+0000] {processor.py:161} INFO - Started process (PID=8645) to work on /home/airflow/.local/lib/python3.12/site-packages/airflow/example_dags/example_latest_only.py
[2024-07-19T06:32:22.969+0000] {processor.py:830} INFO - Processing file /home/airflow/.local/lib/python3.12/site-packages/airflow/example_dags/example_latest_only.py for tasks to queue
[2024-07-19T06:32:22.971+0000] {logging_mixin.py:188} INFO - [2024-07-19T06:32:22.970+0000] {dagbag.py:545} INFO - Filling up the DagBag from /home/airflow/.local/lib/python3.12/site-packages/airflow/example_dags/example_latest_only.py
[2024-07-19T06:32:22.978+0000] {processor.py:840} INFO - DAG(s) 'latest_only' retrieved from /home/airflow/.local/lib/python3.12/site-packages/airflow/example_dags/example_latest_only.py
[2024-07-19T06:32:23.007+0000] {logging_mixin.py:188} INFO - [2024-07-19T06:32:23.007+0000] {dag.py:3089} INFO - Sync 1 DAGs
[2024-07-19T06:32:23.033+0000] {logging_mixin.py:188} INFO - [2024-07-19T06:32:23.032+0000] {dag.py:3947} INFO - Setting next_dagrun for latest_only to 2024-07-19 00:00:00+00:00, run_after=2024-07-19 04:00:00+00:00
[2024-07-19T06:32:23.055+0000] {processor.py:183} INFO - Processing /home/airflow/.local/lib/python3.12/site-packages/airflow/example_dags/example_latest_only.py took 0.095 seconds
[2024-07-19T06:32:53.976+0000] {processor.py:161} INFO - Started process (PID=8705) to work on /home/airflow/.local/lib/python3.12/site-packages/airflow/example_dags/example_latest_only.py
[2024-07-19T06:32:53.977+0000] {processor.py:830} INFO - Processing file /home/airflow/.local/lib/python3.12/site-packages/airflow/example_dags/example_latest_only.py for tasks to queue
[2024-07-19T06:32:53.979+0000] {logging_mixin.py:188} INFO - [2024-07-19T06:32:53.978+0000] {dagbag.py:545} INFO - Filling up the DagBag from /home/airflow/.local/lib/python3.12/site-packages/airflow/example_dags/example_latest_only.py
[2024-07-19T06:32:53.986+0000] {processor.py:840} INFO - DAG(s) 'latest_only' retrieved from /home/airflow/.local/lib/python3.12/site-packages/airflow/example_dags/example_latest_only.py
[2024-07-19T06:32:54.013+0000] {logging_mixin.py:188} INFO - [2024-07-19T06:32:54.012+0000] {dag.py:3089} INFO - Sync 1 DAGs
[2024-07-19T06:32:54.036+0000] {logging_mixin.py:188} INFO - [2024-07-19T06:32:54.036+0000] {dag.py:3947} INFO - Setting next_dagrun for latest_only to 2024-07-19 00:00:00+00:00, run_after=2024-07-19 04:00:00+00:00
[2024-07-19T06:32:54.057+0000] {processor.py:183} INFO - Processing /home/airflow/.local/lib/python3.12/site-packages/airflow/example_dags/example_latest_only.py took 0.090 seconds
[2024-07-19T06:33:24.201+0000] {processor.py:161} INFO - Started process (PID=8765) to work on /home/airflow/.local/lib/python3.12/site-packages/airflow/example_dags/example_latest_only.py
[2024-07-19T06:33:24.203+0000] {processor.py:830} INFO - Processing file /home/airflow/.local/lib/python3.12/site-packages/airflow/example_dags/example_latest_only.py for tasks to queue
[2024-07-19T06:33:24.205+0000] {logging_mixin.py:188} INFO - [2024-07-19T06:33:24.204+0000] {dagbag.py:545} INFO - Filling up the DagBag from /home/airflow/.local/lib/python3.12/site-packages/airflow/example_dags/example_latest_only.py
[2024-07-19T06:33:24.214+0000] {processor.py:840} INFO - DAG(s) 'latest_only' retrieved from /home/airflow/.local/lib/python3.12/site-packages/airflow/example_dags/example_latest_only.py
[2024-07-19T06:33:24.241+0000] {logging_mixin.py:188} INFO - [2024-07-19T06:33:24.241+0000] {dag.py:3089} INFO - Sync 1 DAGs
[2024-07-19T06:33:24.267+0000] {logging_mixin.py:188} INFO - [2024-07-19T06:33:24.267+0000] {dag.py:3947} INFO - Setting next_dagrun for latest_only to 2024-07-19 00:00:00+00:00, run_after=2024-07-19 04:00:00+00:00
[2024-07-19T06:33:24.290+0000] {processor.py:183} INFO - Processing /home/airflow/.local/lib/python3.12/site-packages/airflow/example_dags/example_latest_only.py took 0.100 seconds
[2024-07-19T06:33:54.795+0000] {processor.py:161} INFO - Started process (PID=8825) to work on /home/airflow/.local/lib/python3.12/site-packages/airflow/example_dags/example_latest_only.py
[2024-07-19T06:33:54.797+0000] {processor.py:830} INFO - Processing file /home/airflow/.local/lib/python3.12/site-packages/airflow/example_dags/example_latest_only.py for tasks to queue
[2024-07-19T06:33:54.798+0000] {logging_mixin.py:188} INFO - [2024-07-19T06:33:54.798+0000] {dagbag.py:545} INFO - Filling up the DagBag from /home/airflow/.local/lib/python3.12/site-packages/airflow/example_dags/example_latest_only.py
[2024-07-19T06:33:54.805+0000] {processor.py:840} INFO - DAG(s) 'latest_only' retrieved from /home/airflow/.local/lib/python3.12/site-packages/airflow/example_dags/example_latest_only.py
[2024-07-19T06:33:54.833+0000] {logging_mixin.py:188} INFO - [2024-07-19T06:33:54.832+0000] {dag.py:3089} INFO - Sync 1 DAGs
[2024-07-19T06:33:54.864+0000] {logging_mixin.py:188} INFO - [2024-07-19T06:33:54.863+0000] {dag.py:3947} INFO - Setting next_dagrun for latest_only to 2024-07-19 00:00:00+00:00, run_after=2024-07-19 04:00:00+00:00
[2024-07-19T06:33:54.895+0000] {processor.py:183} INFO - Processing /home/airflow/.local/lib/python3.12/site-packages/airflow/example_dags/example_latest_only.py took 0.108 seconds
[2024-07-19T06:34:25.030+0000] {processor.py:161} INFO - Started process (PID=8885) to work on /home/airflow/.local/lib/python3.12/site-packages/airflow/example_dags/example_latest_only.py
[2024-07-19T06:34:25.032+0000] {processor.py:830} INFO - Processing file /home/airflow/.local/lib/python3.12/site-packages/airflow/example_dags/example_latest_only.py for tasks to queue
[2024-07-19T06:34:25.033+0000] {logging_mixin.py:188} INFO - [2024-07-19T06:34:25.033+0000] {dagbag.py:545} INFO - Filling up the DagBag from /home/airflow/.local/lib/python3.12/site-packages/airflow/example_dags/example_latest_only.py
[2024-07-19T06:34:25.040+0000] {processor.py:840} INFO - DAG(s) 'latest_only' retrieved from /home/airflow/.local/lib/python3.12/site-packages/airflow/example_dags/example_latest_only.py
[2024-07-19T06:34:25.066+0000] {logging_mixin.py:188} INFO - [2024-07-19T06:34:25.066+0000] {dag.py:3089} INFO - Sync 1 DAGs
[2024-07-19T06:34:25.091+0000] {logging_mixin.py:188} INFO - [2024-07-19T06:34:25.090+0000] {dag.py:3947} INFO - Setting next_dagrun for latest_only to 2024-07-19 00:00:00+00:00, run_after=2024-07-19 04:00:00+00:00
[2024-07-19T06:34:25.116+0000] {processor.py:183} INFO - Processing /home/airflow/.local/lib/python3.12/site-packages/airflow/example_dags/example_latest_only.py took 0.093 seconds
[2024-07-19T06:34:55.185+0000] {processor.py:161} INFO - Started process (PID=8944) to work on /home/airflow/.local/lib/python3.12/site-packages/airflow/example_dags/example_latest_only.py
[2024-07-19T06:34:55.186+0000] {processor.py:830} INFO - Processing file /home/airflow/.local/lib/python3.12/site-packages/airflow/example_dags/example_latest_only.py for tasks to queue
[2024-07-19T06:34:55.187+0000] {logging_mixin.py:188} INFO - [2024-07-19T06:34:55.187+0000] {dagbag.py:545} INFO - Filling up the DagBag from /home/airflow/.local/lib/python3.12/site-packages/airflow/example_dags/example_latest_only.py
[2024-07-19T06:34:55.194+0000] {processor.py:840} INFO - DAG(s) 'latest_only' retrieved from /home/airflow/.local/lib/python3.12/site-packages/airflow/example_dags/example_latest_only.py
[2024-07-19T06:34:55.217+0000] {logging_mixin.py:188} INFO - [2024-07-19T06:34:55.216+0000] {dag.py:3089} INFO - Sync 1 DAGs
[2024-07-19T06:34:55.240+0000] {logging_mixin.py:188} INFO - [2024-07-19T06:34:55.239+0000] {dag.py:3947} INFO - Setting next_dagrun for latest_only to 2024-07-19 00:00:00+00:00, run_after=2024-07-19 04:00:00+00:00
[2024-07-19T06:34:55.259+0000] {processor.py:183} INFO - Processing /home/airflow/.local/lib/python3.12/site-packages/airflow/example_dags/example_latest_only.py took 0.082 seconds
[2024-07-19T06:35:25.938+0000] {processor.py:161} INFO - Started process (PID=9004) to work on /home/airflow/.local/lib/python3.12/site-packages/airflow/example_dags/example_latest_only.py
[2024-07-19T06:35:25.939+0000] {processor.py:830} INFO - Processing file /home/airflow/.local/lib/python3.12/site-packages/airflow/example_dags/example_latest_only.py for tasks to queue
[2024-07-19T06:35:25.941+0000] {logging_mixin.py:188} INFO - [2024-07-19T06:35:25.940+0000] {dagbag.py:545} INFO - Filling up the DagBag from /home/airflow/.local/lib/python3.12/site-packages/airflow/example_dags/example_latest_only.py
[2024-07-19T06:35:25.951+0000] {processor.py:840} INFO - DAG(s) 'latest_only' retrieved from /home/airflow/.local/lib/python3.12/site-packages/airflow/example_dags/example_latest_only.py
[2024-07-19T06:35:25.984+0000] {logging_mixin.py:188} INFO - [2024-07-19T06:35:25.984+0000] {dag.py:3089} INFO - Sync 1 DAGs
[2024-07-19T06:35:26.032+0000] {logging_mixin.py:188} INFO - [2024-07-19T06:35:26.031+0000] {dag.py:3947} INFO - Setting next_dagrun for latest_only to 2024-07-19 00:00:00+00:00, run_after=2024-07-19 04:00:00+00:00
[2024-07-19T06:35:26.064+0000] {processor.py:183} INFO - Processing /home/airflow/.local/lib/python3.12/site-packages/airflow/example_dags/example_latest_only.py took 0.138 seconds
[2024-07-19T06:35:57.006+0000] {processor.py:161} INFO - Started process (PID=9064) to work on /home/airflow/.local/lib/python3.12/site-packages/airflow/example_dags/example_latest_only.py
[2024-07-19T06:35:57.007+0000] {processor.py:830} INFO - Processing file /home/airflow/.local/lib/python3.12/site-packages/airflow/example_dags/example_latest_only.py for tasks to queue
[2024-07-19T06:35:57.008+0000] {logging_mixin.py:188} INFO - [2024-07-19T06:35:57.008+0000] {dagbag.py:545} INFO - Filling up the DagBag from /home/airflow/.local/lib/python3.12/site-packages/airflow/example_dags/example_latest_only.py
[2024-07-19T06:35:57.014+0000] {processor.py:840} INFO - DAG(s) 'latest_only' retrieved from /home/airflow/.local/lib/python3.12/site-packages/airflow/example_dags/example_latest_only.py
[2024-07-19T06:35:57.037+0000] {logging_mixin.py:188} INFO - [2024-07-19T06:35:57.037+0000] {dag.py:3089} INFO - Sync 1 DAGs
[2024-07-19T06:35:57.059+0000] {logging_mixin.py:188} INFO - [2024-07-19T06:35:57.059+0000] {dag.py:3947} INFO - Setting next_dagrun for latest_only to 2024-07-19 00:00:00+00:00, run_after=2024-07-19 04:00:00+00:00
[2024-07-19T06:35:57.077+0000] {processor.py:183} INFO - Processing /home/airflow/.local/lib/python3.12/site-packages/airflow/example_dags/example_latest_only.py took 0.078 seconds
[2024-07-19T06:36:27.434+0000] {processor.py:161} INFO - Started process (PID=9124) to work on /home/airflow/.local/lib/python3.12/site-packages/airflow/example_dags/example_latest_only.py
[2024-07-19T06:36:27.435+0000] {processor.py:830} INFO - Processing file /home/airflow/.local/lib/python3.12/site-packages/airflow/example_dags/example_latest_only.py for tasks to queue
[2024-07-19T06:36:27.437+0000] {logging_mixin.py:188} INFO - [2024-07-19T06:36:27.436+0000] {dagbag.py:545} INFO - Filling up the DagBag from /home/airflow/.local/lib/python3.12/site-packages/airflow/example_dags/example_latest_only.py
[2024-07-19T06:36:27.444+0000] {processor.py:840} INFO - DAG(s) 'latest_only' retrieved from /home/airflow/.local/lib/python3.12/site-packages/airflow/example_dags/example_latest_only.py
[2024-07-19T06:36:27.471+0000] {logging_mixin.py:188} INFO - [2024-07-19T06:36:27.471+0000] {dag.py:3089} INFO - Sync 1 DAGs
[2024-07-19T06:36:27.497+0000] {logging_mixin.py:188} INFO - [2024-07-19T06:36:27.497+0000] {dag.py:3947} INFO - Setting next_dagrun for latest_only to 2024-07-19 00:00:00+00:00, run_after=2024-07-19 04:00:00+00:00
[2024-07-19T06:36:27.519+0000] {processor.py:183} INFO - Processing /home/airflow/.local/lib/python3.12/site-packages/airflow/example_dags/example_latest_only.py took 0.094 seconds
[2024-07-19T06:36:57.839+0000] {processor.py:161} INFO - Started process (PID=9184) to work on /home/airflow/.local/lib/python3.12/site-packages/airflow/example_dags/example_latest_only.py
[2024-07-19T06:36:57.841+0000] {processor.py:830} INFO - Processing file /home/airflow/.local/lib/python3.12/site-packages/airflow/example_dags/example_latest_only.py for tasks to queue
[2024-07-19T06:36:57.842+0000] {logging_mixin.py:188} INFO - [2024-07-19T06:36:57.842+0000] {dagbag.py:545} INFO - Filling up the DagBag from /home/airflow/.local/lib/python3.12/site-packages/airflow/example_dags/example_latest_only.py
[2024-07-19T06:36:57.850+0000] {processor.py:840} INFO - DAG(s) 'latest_only' retrieved from /home/airflow/.local/lib/python3.12/site-packages/airflow/example_dags/example_latest_only.py
[2024-07-19T06:36:57.878+0000] {logging_mixin.py:188} INFO - [2024-07-19T06:36:57.877+0000] {dag.py:3089} INFO - Sync 1 DAGs
[2024-07-19T06:36:57.905+0000] {logging_mixin.py:188} INFO - [2024-07-19T06:36:57.905+0000] {dag.py:3947} INFO - Setting next_dagrun for latest_only to 2024-07-19 00:00:00+00:00, run_after=2024-07-19 04:00:00+00:00
[2024-07-19T06:36:57.928+0000] {processor.py:183} INFO - Processing /home/airflow/.local/lib/python3.12/site-packages/airflow/example_dags/example_latest_only.py took 0.097 seconds
[2024-07-19T06:37:28.625+0000] {processor.py:161} INFO - Started process (PID=9244) to work on /home/airflow/.local/lib/python3.12/site-packages/airflow/example_dags/example_latest_only.py
[2024-07-19T06:37:28.627+0000] {processor.py:830} INFO - Processing file /home/airflow/.local/lib/python3.12/site-packages/airflow/example_dags/example_latest_only.py for tasks to queue
[2024-07-19T06:37:28.628+0000] {logging_mixin.py:188} INFO - [2024-07-19T06:37:28.628+0000] {dagbag.py:545} INFO - Filling up the DagBag from /home/airflow/.local/lib/python3.12/site-packages/airflow/example_dags/example_latest_only.py
[2024-07-19T06:37:28.636+0000] {processor.py:840} INFO - DAG(s) 'latest_only' retrieved from /home/airflow/.local/lib/python3.12/site-packages/airflow/example_dags/example_latest_only.py
[2024-07-19T06:37:28.662+0000] {logging_mixin.py:188} INFO - [2024-07-19T06:37:28.662+0000] {dag.py:3089} INFO - Sync 1 DAGs
[2024-07-19T06:37:28.685+0000] {logging_mixin.py:188} INFO - [2024-07-19T06:37:28.685+0000] {dag.py:3947} INFO - Setting next_dagrun for latest_only to 2024-07-19 00:00:00+00:00, run_after=2024-07-19 04:00:00+00:00
[2024-07-19T06:37:28.705+0000] {processor.py:183} INFO - Processing /home/airflow/.local/lib/python3.12/site-packages/airflow/example_dags/example_latest_only.py took 0.086 seconds
[2024-07-19T06:38:00.593+0000] {processor.py:161} INFO - Started process (PID=9304) to work on /home/airflow/.local/lib/python3.12/site-packages/airflow/example_dags/example_latest_only.py
[2024-07-19T06:38:00.595+0000] {processor.py:830} INFO - Processing file /home/airflow/.local/lib/python3.12/site-packages/airflow/example_dags/example_latest_only.py for tasks to queue
[2024-07-19T06:38:00.596+0000] {logging_mixin.py:188} INFO - [2024-07-19T06:38:00.596+0000] {dagbag.py:545} INFO - Filling up the DagBag from /home/airflow/.local/lib/python3.12/site-packages/airflow/example_dags/example_latest_only.py
[2024-07-19T06:38:00.605+0000] {processor.py:840} INFO - DAG(s) 'latest_only' retrieved from /home/airflow/.local/lib/python3.12/site-packages/airflow/example_dags/example_latest_only.py
[2024-07-19T06:38:00.644+0000] {logging_mixin.py:188} INFO - [2024-07-19T06:38:00.644+0000] {dag.py:3089} INFO - Sync 1 DAGs
[2024-07-19T06:38:01.085+0000] {logging_mixin.py:188} INFO - [2024-07-19T06:38:01.085+0000] {dag.py:3947} INFO - Setting next_dagrun for latest_only to 2024-07-19 00:00:00+00:00, run_after=2024-07-19 04:00:00+00:00
[2024-07-19T06:38:01.166+0000] {processor.py:183} INFO - Processing /home/airflow/.local/lib/python3.12/site-packages/airflow/example_dags/example_latest_only.py took 0.583 seconds
[2024-07-19T06:38:31.940+0000] {processor.py:161} INFO - Started process (PID=9364) to work on /home/airflow/.local/lib/python3.12/site-packages/airflow/example_dags/example_latest_only.py
[2024-07-19T06:38:31.942+0000] {processor.py:830} INFO - Processing file /home/airflow/.local/lib/python3.12/site-packages/airflow/example_dags/example_latest_only.py for tasks to queue
[2024-07-19T06:38:31.943+0000] {logging_mixin.py:188} INFO - [2024-07-19T06:38:31.943+0000] {dagbag.py:545} INFO - Filling up the DagBag from /home/airflow/.local/lib/python3.12/site-packages/airflow/example_dags/example_latest_only.py
[2024-07-19T06:38:31.952+0000] {processor.py:840} INFO - DAG(s) 'latest_only' retrieved from /home/airflow/.local/lib/python3.12/site-packages/airflow/example_dags/example_latest_only.py
[2024-07-19T06:38:31.983+0000] {logging_mixin.py:188} INFO - [2024-07-19T06:38:31.982+0000] {dag.py:3089} INFO - Sync 1 DAGs
[2024-07-19T06:38:32.010+0000] {logging_mixin.py:188} INFO - [2024-07-19T06:38:32.010+0000] {dag.py:3947} INFO - Setting next_dagrun for latest_only to 2024-07-19 00:00:00+00:00, run_after=2024-07-19 04:00:00+00:00
[2024-07-19T06:38:32.036+0000] {processor.py:183} INFO - Processing /home/airflow/.local/lib/python3.12/site-packages/airflow/example_dags/example_latest_only.py took 0.104 seconds
[2024-07-19T06:39:02.554+0000] {processor.py:161} INFO - Started process (PID=9424) to work on /home/airflow/.local/lib/python3.12/site-packages/airflow/example_dags/example_latest_only.py
[2024-07-19T06:39:02.555+0000] {processor.py:830} INFO - Processing file /home/airflow/.local/lib/python3.12/site-packages/airflow/example_dags/example_latest_only.py for tasks to queue
[2024-07-19T06:39:02.557+0000] {logging_mixin.py:188} INFO - [2024-07-19T06:39:02.556+0000] {dagbag.py:545} INFO - Filling up the DagBag from /home/airflow/.local/lib/python3.12/site-packages/airflow/example_dags/example_latest_only.py
[2024-07-19T06:39:02.564+0000] {processor.py:840} INFO - DAG(s) 'latest_only' retrieved from /home/airflow/.local/lib/python3.12/site-packages/airflow/example_dags/example_latest_only.py
[2024-07-19T06:39:02.589+0000] {logging_mixin.py:188} INFO - [2024-07-19T06:39:02.588+0000] {dag.py:3089} INFO - Sync 1 DAGs
[2024-07-19T06:39:02.615+0000] {logging_mixin.py:188} INFO - [2024-07-19T06:39:02.615+0000] {dag.py:3947} INFO - Setting next_dagrun for latest_only to 2024-07-19 00:00:00+00:00, run_after=2024-07-19 04:00:00+00:00
[2024-07-19T06:39:02.636+0000] {processor.py:183} INFO - Processing /home/airflow/.local/lib/python3.12/site-packages/airflow/example_dags/example_latest_only.py took 0.089 seconds
