[2024-07-19T00:38:12.635+0000] {processor.py:161} INFO - Started process (PID=6069) to work on /home/airflow/.local/lib/python3.12/site-packages/airflow/example_dags/example_task_group_decorator.py
[2024-07-19T00:38:12.637+0000] {processor.py:830} INFO - Processing file /home/airflow/.local/lib/python3.12/site-packages/airflow/example_dags/example_task_group_decorator.py for tasks to queue
[2024-07-19T00:38:12.639+0000] {logging_mixin.py:188} INFO - [2024-07-19T00:38:12.638+0000] {dagbag.py:545} INFO - Filling up the DagBag from /home/airflow/.local/lib/python3.12/site-packages/airflow/example_dags/example_task_group_decorator.py
[2024-07-19T00:38:12.662+0000] {processor.py:840} INFO - DAG(s) 'example_task_group_decorator' retrieved from /home/airflow/.local/lib/python3.12/site-packages/airflow/example_dags/example_task_group_decorator.py
[2024-07-19T00:38:12.702+0000] {logging_mixin.py:188} INFO - [2024-07-19T00:38:12.702+0000] {dag.py:3089} INFO - Sync 1 DAGs
[2024-07-19T00:38:12.729+0000] {logging_mixin.py:188} INFO - [2024-07-19T00:38:12.729+0000] {dag.py:3947} INFO - Setting next_dagrun for example_task_group_decorator to 2024-07-18 00:00:00+00:00, run_after=2024-07-19 00:00:00+00:00
[2024-07-19T00:38:12.758+0000] {processor.py:183} INFO - Processing /home/airflow/.local/lib/python3.12/site-packages/airflow/example_dags/example_task_group_decorator.py took 0.133 seconds
[2024-07-19T02:38:36.899+0000] {processor.py:161} INFO - Started process (PID=6112) to work on /home/airflow/.local/lib/python3.12/site-packages/airflow/example_dags/example_task_group_decorator.py
[2024-07-19T02:38:36.901+0000] {processor.py:830} INFO - Processing file /home/airflow/.local/lib/python3.12/site-packages/airflow/example_dags/example_task_group_decorator.py for tasks to queue
[2024-07-19T02:38:36.903+0000] {logging_mixin.py:188} INFO - [2024-07-19T02:38:36.902+0000] {dagbag.py:545} INFO - Filling up the DagBag from /home/airflow/.local/lib/python3.12/site-packages/airflow/example_dags/example_task_group_decorator.py
[2024-07-19T02:38:36.922+0000] {processor.py:840} INFO - DAG(s) 'example_task_group_decorator' retrieved from /home/airflow/.local/lib/python3.12/site-packages/airflow/example_dags/example_task_group_decorator.py
[2024-07-19T02:38:36.974+0000] {logging_mixin.py:188} INFO - [2024-07-19T02:38:36.974+0000] {dag.py:3089} INFO - Sync 1 DAGs
[2024-07-19T02:38:37.011+0000] {logging_mixin.py:188} INFO - [2024-07-19T02:38:37.011+0000] {dag.py:3947} INFO - Setting next_dagrun for example_task_group_decorator to 2024-07-18 00:00:00+00:00, run_after=2024-07-19 00:00:00+00:00
[2024-07-19T02:38:37.041+0000] {processor.py:183} INFO - Processing /home/airflow/.local/lib/python3.12/site-packages/airflow/example_dags/example_task_group_decorator.py took 0.151 seconds
[2024-07-19T05:26:54.135+0000] {processor.py:161} INFO - Started process (PID=6172) to work on /home/airflow/.local/lib/python3.12/site-packages/airflow/example_dags/example_task_group_decorator.py
[2024-07-19T05:26:54.136+0000] {processor.py:830} INFO - Processing file /home/airflow/.local/lib/python3.12/site-packages/airflow/example_dags/example_task_group_decorator.py for tasks to queue
[2024-07-19T05:26:54.137+0000] {logging_mixin.py:188} INFO - [2024-07-19T05:26:54.137+0000] {dagbag.py:545} INFO - Filling up the DagBag from /home/airflow/.local/lib/python3.12/site-packages/airflow/example_dags/example_task_group_decorator.py
[2024-07-19T05:26:54.155+0000] {processor.py:840} INFO - DAG(s) 'example_task_group_decorator' retrieved from /home/airflow/.local/lib/python3.12/site-packages/airflow/example_dags/example_task_group_decorator.py
[2024-07-19T05:26:54.185+0000] {logging_mixin.py:188} INFO - [2024-07-19T05:26:54.184+0000] {dag.py:3089} INFO - Sync 1 DAGs
[2024-07-19T05:26:54.219+0000] {logging_mixin.py:188} INFO - [2024-07-19T05:26:54.219+0000] {dag.py:3947} INFO - Setting next_dagrun for example_task_group_decorator to 2024-07-18 00:00:00+00:00, run_after=2024-07-19 00:00:00+00:00
[2024-07-19T05:26:54.258+0000] {processor.py:183} INFO - Processing /home/airflow/.local/lib/python3.12/site-packages/airflow/example_dags/example_task_group_decorator.py took 0.129 seconds
[2024-07-19T06:11:58.673+0000] {processor.py:161} INFO - Started process (PID=6226) to work on /home/airflow/.local/lib/python3.12/site-packages/airflow/example_dags/example_task_group_decorator.py
[2024-07-19T06:11:58.675+0000] {processor.py:830} INFO - Processing file /home/airflow/.local/lib/python3.12/site-packages/airflow/example_dags/example_task_group_decorator.py for tasks to queue
[2024-07-19T06:11:58.677+0000] {logging_mixin.py:188} INFO - [2024-07-19T06:11:58.676+0000] {dagbag.py:545} INFO - Filling up the DagBag from /home/airflow/.local/lib/python3.12/site-packages/airflow/example_dags/example_task_group_decorator.py
[2024-07-19T06:11:58.738+0000] {processor.py:840} INFO - DAG(s) 'example_task_group_decorator' retrieved from /home/airflow/.local/lib/python3.12/site-packages/airflow/example_dags/example_task_group_decorator.py
[2024-07-19T06:11:58.785+0000] {logging_mixin.py:188} INFO - [2024-07-19T06:11:58.784+0000] {dag.py:3089} INFO - Sync 1 DAGs
[2024-07-19T06:11:58.822+0000] {logging_mixin.py:188} INFO - [2024-07-19T06:11:58.822+0000] {dag.py:3947} INFO - Setting next_dagrun for example_task_group_decorator to 2024-07-18 00:00:00+00:00, run_after=2024-07-19 00:00:00+00:00
[2024-07-19T06:11:58.856+0000] {processor.py:183} INFO - Processing /home/airflow/.local/lib/python3.12/site-packages/airflow/example_dags/example_task_group_decorator.py took 0.193 seconds
[2024-07-19T06:12:29.552+0000] {processor.py:161} INFO - Started process (PID=6286) to work on /home/airflow/.local/lib/python3.12/site-packages/airflow/example_dags/example_task_group_decorator.py
[2024-07-19T06:12:29.553+0000] {processor.py:830} INFO - Processing file /home/airflow/.local/lib/python3.12/site-packages/airflow/example_dags/example_task_group_decorator.py for tasks to queue
[2024-07-19T06:12:29.555+0000] {logging_mixin.py:188} INFO - [2024-07-19T06:12:29.554+0000] {dagbag.py:545} INFO - Filling up the DagBag from /home/airflow/.local/lib/python3.12/site-packages/airflow/example_dags/example_task_group_decorator.py
[2024-07-19T06:12:29.575+0000] {processor.py:840} INFO - DAG(s) 'example_task_group_decorator' retrieved from /home/airflow/.local/lib/python3.12/site-packages/airflow/example_dags/example_task_group_decorator.py
[2024-07-19T06:12:29.611+0000] {logging_mixin.py:188} INFO - [2024-07-19T06:12:29.611+0000] {dag.py:3089} INFO - Sync 1 DAGs
[2024-07-19T06:12:29.637+0000] {logging_mixin.py:188} INFO - [2024-07-19T06:12:29.637+0000] {dag.py:3947} INFO - Setting next_dagrun for example_task_group_decorator to 2024-07-18 00:00:00+00:00, run_after=2024-07-19 00:00:00+00:00
[2024-07-19T06:12:29.661+0000] {processor.py:183} INFO - Processing /home/airflow/.local/lib/python3.12/site-packages/airflow/example_dags/example_task_group_decorator.py took 0.119 seconds
[2024-07-19T06:13:00.619+0000] {processor.py:161} INFO - Started process (PID=6346) to work on /home/airflow/.local/lib/python3.12/site-packages/airflow/example_dags/example_task_group_decorator.py
[2024-07-19T06:13:00.621+0000] {processor.py:830} INFO - Processing file /home/airflow/.local/lib/python3.12/site-packages/airflow/example_dags/example_task_group_decorator.py for tasks to queue
[2024-07-19T06:13:00.625+0000] {logging_mixin.py:188} INFO - [2024-07-19T06:13:00.623+0000] {dagbag.py:545} INFO - Filling up the DagBag from /home/airflow/.local/lib/python3.12/site-packages/airflow/example_dags/example_task_group_decorator.py
[2024-07-19T06:13:00.682+0000] {processor.py:840} INFO - DAG(s) 'example_task_group_decorator' retrieved from /home/airflow/.local/lib/python3.12/site-packages/airflow/example_dags/example_task_group_decorator.py
[2024-07-19T06:13:00.771+0000] {logging_mixin.py:188} INFO - [2024-07-19T06:13:00.771+0000] {dag.py:3089} INFO - Sync 1 DAGs
[2024-07-19T06:13:00.803+0000] {logging_mixin.py:188} INFO - [2024-07-19T06:13:00.802+0000] {dag.py:3947} INFO - Setting next_dagrun for example_task_group_decorator to 2024-07-18 00:00:00+00:00, run_after=2024-07-19 00:00:00+00:00
[2024-07-19T06:13:00.832+0000] {processor.py:183} INFO - Processing /home/airflow/.local/lib/python3.12/site-packages/airflow/example_dags/example_task_group_decorator.py took 0.233 seconds
[2024-07-19T06:13:31.119+0000] {processor.py:161} INFO - Started process (PID=6406) to work on /home/airflow/.local/lib/python3.12/site-packages/airflow/example_dags/example_task_group_decorator.py
[2024-07-19T06:13:31.121+0000] {processor.py:830} INFO - Processing file /home/airflow/.local/lib/python3.12/site-packages/airflow/example_dags/example_task_group_decorator.py for tasks to queue
[2024-07-19T06:13:31.123+0000] {logging_mixin.py:188} INFO - [2024-07-19T06:13:31.122+0000] {dagbag.py:545} INFO - Filling up the DagBag from /home/airflow/.local/lib/python3.12/site-packages/airflow/example_dags/example_task_group_decorator.py
[2024-07-19T06:13:31.144+0000] {processor.py:840} INFO - DAG(s) 'example_task_group_decorator' retrieved from /home/airflow/.local/lib/python3.12/site-packages/airflow/example_dags/example_task_group_decorator.py
[2024-07-19T06:13:31.183+0000] {logging_mixin.py:188} INFO - [2024-07-19T06:13:31.182+0000] {dag.py:3089} INFO - Sync 1 DAGs
[2024-07-19T06:13:31.211+0000] {logging_mixin.py:188} INFO - [2024-07-19T06:13:31.210+0000] {dag.py:3947} INFO - Setting next_dagrun for example_task_group_decorator to 2024-07-18 00:00:00+00:00, run_after=2024-07-19 00:00:00+00:00
[2024-07-19T06:13:31.234+0000] {processor.py:183} INFO - Processing /home/airflow/.local/lib/python3.12/site-packages/airflow/example_dags/example_task_group_decorator.py took 0.124 seconds
[2024-07-19T06:14:01.723+0000] {processor.py:161} INFO - Started process (PID=6466) to work on /home/airflow/.local/lib/python3.12/site-packages/airflow/example_dags/example_task_group_decorator.py
[2024-07-19T06:14:01.725+0000] {processor.py:830} INFO - Processing file /home/airflow/.local/lib/python3.12/site-packages/airflow/example_dags/example_task_group_decorator.py for tasks to queue
[2024-07-19T06:14:01.727+0000] {logging_mixin.py:188} INFO - [2024-07-19T06:14:01.726+0000] {dagbag.py:545} INFO - Filling up the DagBag from /home/airflow/.local/lib/python3.12/site-packages/airflow/example_dags/example_task_group_decorator.py
[2024-07-19T06:14:01.748+0000] {processor.py:840} INFO - DAG(s) 'example_task_group_decorator' retrieved from /home/airflow/.local/lib/python3.12/site-packages/airflow/example_dags/example_task_group_decorator.py
[2024-07-19T06:14:01.797+0000] {logging_mixin.py:188} INFO - [2024-07-19T06:14:01.797+0000] {dag.py:3089} INFO - Sync 1 DAGs
[2024-07-19T06:14:01.829+0000] {logging_mixin.py:188} INFO - [2024-07-19T06:14:01.829+0000] {dag.py:3947} INFO - Setting next_dagrun for example_task_group_decorator to 2024-07-18 00:00:00+00:00, run_after=2024-07-19 00:00:00+00:00
[2024-07-19T06:14:01.855+0000] {processor.py:183} INFO - Processing /home/airflow/.local/lib/python3.12/site-packages/airflow/example_dags/example_task_group_decorator.py took 0.141 seconds
[2024-07-19T06:14:32.893+0000] {processor.py:161} INFO - Started process (PID=6526) to work on /home/airflow/.local/lib/python3.12/site-packages/airflow/example_dags/example_task_group_decorator.py
[2024-07-19T06:14:32.894+0000] {processor.py:830} INFO - Processing file /home/airflow/.local/lib/python3.12/site-packages/airflow/example_dags/example_task_group_decorator.py for tasks to queue
[2024-07-19T06:14:32.896+0000] {logging_mixin.py:188} INFO - [2024-07-19T06:14:32.895+0000] {dagbag.py:545} INFO - Filling up the DagBag from /home/airflow/.local/lib/python3.12/site-packages/airflow/example_dags/example_task_group_decorator.py
[2024-07-19T06:14:32.913+0000] {processor.py:840} INFO - DAG(s) 'example_task_group_decorator' retrieved from /home/airflow/.local/lib/python3.12/site-packages/airflow/example_dags/example_task_group_decorator.py
[2024-07-19T06:14:32.948+0000] {logging_mixin.py:188} INFO - [2024-07-19T06:14:32.948+0000] {dag.py:3089} INFO - Sync 1 DAGs
[2024-07-19T06:14:32.978+0000] {logging_mixin.py:188} INFO - [2024-07-19T06:14:32.977+0000] {dag.py:3947} INFO - Setting next_dagrun for example_task_group_decorator to 2024-07-18 00:00:00+00:00, run_after=2024-07-19 00:00:00+00:00
[2024-07-19T06:14:33.001+0000] {processor.py:183} INFO - Processing /home/airflow/.local/lib/python3.12/site-packages/airflow/example_dags/example_task_group_decorator.py took 0.116 seconds
[2024-07-19T06:15:03.094+0000] {processor.py:161} INFO - Started process (PID=6584) to work on /home/airflow/.local/lib/python3.12/site-packages/airflow/example_dags/example_task_group_decorator.py
[2024-07-19T06:15:03.095+0000] {processor.py:830} INFO - Processing file /home/airflow/.local/lib/python3.12/site-packages/airflow/example_dags/example_task_group_decorator.py for tasks to queue
[2024-07-19T06:15:03.097+0000] {logging_mixin.py:188} INFO - [2024-07-19T06:15:03.096+0000] {dagbag.py:545} INFO - Filling up the DagBag from /home/airflow/.local/lib/python3.12/site-packages/airflow/example_dags/example_task_group_decorator.py
[2024-07-19T06:15:03.116+0000] {processor.py:840} INFO - DAG(s) 'example_task_group_decorator' retrieved from /home/airflow/.local/lib/python3.12/site-packages/airflow/example_dags/example_task_group_decorator.py
[2024-07-19T06:15:03.154+0000] {logging_mixin.py:188} INFO - [2024-07-19T06:15:03.154+0000] {dag.py:3089} INFO - Sync 1 DAGs
[2024-07-19T06:15:03.184+0000] {logging_mixin.py:188} INFO - [2024-07-19T06:15:03.184+0000] {dag.py:3947} INFO - Setting next_dagrun for example_task_group_decorator to 2024-07-18 00:00:00+00:00, run_after=2024-07-19 00:00:00+00:00
[2024-07-19T06:15:03.209+0000] {processor.py:183} INFO - Processing /home/airflow/.local/lib/python3.12/site-packages/airflow/example_dags/example_task_group_decorator.py took 0.124 seconds
[2024-07-19T06:15:33.643+0000] {processor.py:161} INFO - Started process (PID=6644) to work on /home/airflow/.local/lib/python3.12/site-packages/airflow/example_dags/example_task_group_decorator.py
[2024-07-19T06:15:33.646+0000] {processor.py:830} INFO - Processing file /home/airflow/.local/lib/python3.12/site-packages/airflow/example_dags/example_task_group_decorator.py for tasks to queue
[2024-07-19T06:15:33.648+0000] {logging_mixin.py:188} INFO - [2024-07-19T06:15:33.647+0000] {dagbag.py:545} INFO - Filling up the DagBag from /home/airflow/.local/lib/python3.12/site-packages/airflow/example_dags/example_task_group_decorator.py
[2024-07-19T06:15:33.672+0000] {processor.py:840} INFO - DAG(s) 'example_task_group_decorator' retrieved from /home/airflow/.local/lib/python3.12/site-packages/airflow/example_dags/example_task_group_decorator.py
[2024-07-19T06:15:33.709+0000] {logging_mixin.py:188} INFO - [2024-07-19T06:15:33.708+0000] {dag.py:3089} INFO - Sync 1 DAGs
[2024-07-19T06:15:33.740+0000] {logging_mixin.py:188} INFO - [2024-07-19T06:15:33.740+0000] {dag.py:3947} INFO - Setting next_dagrun for example_task_group_decorator to 2024-07-18 00:00:00+00:00, run_after=2024-07-19 00:00:00+00:00
[2024-07-19T06:15:33.773+0000] {processor.py:183} INFO - Processing /home/airflow/.local/lib/python3.12/site-packages/airflow/example_dags/example_task_group_decorator.py took 0.140 seconds
[2024-07-19T06:16:04.245+0000] {processor.py:161} INFO - Started process (PID=6710) to work on /home/airflow/.local/lib/python3.12/site-packages/airflow/example_dags/example_task_group_decorator.py
[2024-07-19T06:16:04.247+0000] {processor.py:830} INFO - Processing file /home/airflow/.local/lib/python3.12/site-packages/airflow/example_dags/example_task_group_decorator.py for tasks to queue
[2024-07-19T06:16:04.248+0000] {logging_mixin.py:188} INFO - [2024-07-19T06:16:04.248+0000] {dagbag.py:545} INFO - Filling up the DagBag from /home/airflow/.local/lib/python3.12/site-packages/airflow/example_dags/example_task_group_decorator.py
[2024-07-19T06:16:04.266+0000] {processor.py:840} INFO - DAG(s) 'example_task_group_decorator' retrieved from /home/airflow/.local/lib/python3.12/site-packages/airflow/example_dags/example_task_group_decorator.py
[2024-07-19T06:16:04.300+0000] {logging_mixin.py:188} INFO - [2024-07-19T06:16:04.299+0000] {dag.py:3089} INFO - Sync 1 DAGs
[2024-07-19T06:16:04.330+0000] {logging_mixin.py:188} INFO - [2024-07-19T06:16:04.330+0000] {dag.py:3947} INFO - Setting next_dagrun for example_task_group_decorator to 2024-07-18 00:00:00+00:00, run_after=2024-07-19 00:00:00+00:00
[2024-07-19T06:16:04.356+0000] {processor.py:183} INFO - Processing /home/airflow/.local/lib/python3.12/site-packages/airflow/example_dags/example_task_group_decorator.py took 0.119 seconds
[2024-07-19T06:16:34.722+0000] {processor.py:161} INFO - Started process (PID=6770) to work on /home/airflow/.local/lib/python3.12/site-packages/airflow/example_dags/example_task_group_decorator.py
[2024-07-19T06:16:34.723+0000] {processor.py:830} INFO - Processing file /home/airflow/.local/lib/python3.12/site-packages/airflow/example_dags/example_task_group_decorator.py for tasks to queue
[2024-07-19T06:16:34.724+0000] {logging_mixin.py:188} INFO - [2024-07-19T06:16:34.724+0000] {dagbag.py:545} INFO - Filling up the DagBag from /home/airflow/.local/lib/python3.12/site-packages/airflow/example_dags/example_task_group_decorator.py
[2024-07-19T06:16:34.741+0000] {processor.py:840} INFO - DAG(s) 'example_task_group_decorator' retrieved from /home/airflow/.local/lib/python3.12/site-packages/airflow/example_dags/example_task_group_decorator.py
[2024-07-19T06:16:34.774+0000] {logging_mixin.py:188} INFO - [2024-07-19T06:16:34.774+0000] {dag.py:3089} INFO - Sync 1 DAGs
[2024-07-19T06:16:34.804+0000] {logging_mixin.py:188} INFO - [2024-07-19T06:16:34.804+0000] {dag.py:3947} INFO - Setting next_dagrun for example_task_group_decorator to 2024-07-18 00:00:00+00:00, run_after=2024-07-19 00:00:00+00:00
[2024-07-19T06:16:34.828+0000] {processor.py:183} INFO - Processing /home/airflow/.local/lib/python3.12/site-packages/airflow/example_dags/example_task_group_decorator.py took 0.114 seconds
[2024-07-19T06:17:04.978+0000] {processor.py:161} INFO - Started process (PID=6829) to work on /home/airflow/.local/lib/python3.12/site-packages/airflow/example_dags/example_task_group_decorator.py
[2024-07-19T06:17:04.980+0000] {processor.py:830} INFO - Processing file /home/airflow/.local/lib/python3.12/site-packages/airflow/example_dags/example_task_group_decorator.py for tasks to queue
[2024-07-19T06:17:04.981+0000] {logging_mixin.py:188} INFO - [2024-07-19T06:17:04.981+0000] {dagbag.py:545} INFO - Filling up the DagBag from /home/airflow/.local/lib/python3.12/site-packages/airflow/example_dags/example_task_group_decorator.py
[2024-07-19T06:17:05.044+0000] {processor.py:840} INFO - DAG(s) 'example_task_group_decorator' retrieved from /home/airflow/.local/lib/python3.12/site-packages/airflow/example_dags/example_task_group_decorator.py
[2024-07-19T06:17:05.085+0000] {logging_mixin.py:188} INFO - [2024-07-19T06:17:05.085+0000] {dag.py:3089} INFO - Sync 1 DAGs
[2024-07-19T06:17:05.114+0000] {logging_mixin.py:188} INFO - [2024-07-19T06:17:05.113+0000] {dag.py:3947} INFO - Setting next_dagrun for example_task_group_decorator to 2024-07-18 00:00:00+00:00, run_after=2024-07-19 00:00:00+00:00
[2024-07-19T06:17:05.145+0000] {processor.py:183} INFO - Processing /home/airflow/.local/lib/python3.12/site-packages/airflow/example_dags/example_task_group_decorator.py took 0.175 seconds
[2024-07-19T06:17:35.200+0000] {processor.py:161} INFO - Started process (PID=6889) to work on /home/airflow/.local/lib/python3.12/site-packages/airflow/example_dags/example_task_group_decorator.py
[2024-07-19T06:17:35.201+0000] {processor.py:830} INFO - Processing file /home/airflow/.local/lib/python3.12/site-packages/airflow/example_dags/example_task_group_decorator.py for tasks to queue
[2024-07-19T06:17:35.203+0000] {logging_mixin.py:188} INFO - [2024-07-19T06:17:35.203+0000] {dagbag.py:545} INFO - Filling up the DagBag from /home/airflow/.local/lib/python3.12/site-packages/airflow/example_dags/example_task_group_decorator.py
[2024-07-19T06:17:35.281+0000] {processor.py:840} INFO - DAG(s) 'example_task_group_decorator' retrieved from /home/airflow/.local/lib/python3.12/site-packages/airflow/example_dags/example_task_group_decorator.py
[2024-07-19T06:17:35.336+0000] {logging_mixin.py:188} INFO - [2024-07-19T06:17:35.336+0000] {dag.py:3089} INFO - Sync 1 DAGs
[2024-07-19T06:17:35.371+0000] {logging_mixin.py:188} INFO - [2024-07-19T06:17:35.371+0000] {dag.py:3947} INFO - Setting next_dagrun for example_task_group_decorator to 2024-07-18 00:00:00+00:00, run_after=2024-07-19 00:00:00+00:00
[2024-07-19T06:17:35.399+0000] {processor.py:183} INFO - Processing /home/airflow/.local/lib/python3.12/site-packages/airflow/example_dags/example_task_group_decorator.py took 0.211 seconds
[2024-07-19T06:18:05.477+0000] {processor.py:161} INFO - Started process (PID=6949) to work on /home/airflow/.local/lib/python3.12/site-packages/airflow/example_dags/example_task_group_decorator.py
[2024-07-19T06:18:05.512+0000] {processor.py:830} INFO - Processing file /home/airflow/.local/lib/python3.12/site-packages/airflow/example_dags/example_task_group_decorator.py for tasks to queue
[2024-07-19T06:18:05.513+0000] {logging_mixin.py:188} INFO - [2024-07-19T06:18:05.513+0000] {dagbag.py:545} INFO - Filling up the DagBag from /home/airflow/.local/lib/python3.12/site-packages/airflow/example_dags/example_task_group_decorator.py
[2024-07-19T06:18:05.530+0000] {processor.py:840} INFO - DAG(s) 'example_task_group_decorator' retrieved from /home/airflow/.local/lib/python3.12/site-packages/airflow/example_dags/example_task_group_decorator.py
[2024-07-19T06:18:05.563+0000] {logging_mixin.py:188} INFO - [2024-07-19T06:18:05.563+0000] {dag.py:3089} INFO - Sync 1 DAGs
[2024-07-19T06:18:05.587+0000] {logging_mixin.py:188} INFO - [2024-07-19T06:18:05.586+0000] {dag.py:3947} INFO - Setting next_dagrun for example_task_group_decorator to 2024-07-18 00:00:00+00:00, run_after=2024-07-19 00:00:00+00:00
[2024-07-19T06:18:05.637+0000] {processor.py:183} INFO - Processing /home/airflow/.local/lib/python3.12/site-packages/airflow/example_dags/example_task_group_decorator.py took 0.168 seconds
[2024-07-19T06:18:35.798+0000] {processor.py:161} INFO - Started process (PID=7009) to work on /home/airflow/.local/lib/python3.12/site-packages/airflow/example_dags/example_task_group_decorator.py
[2024-07-19T06:18:35.836+0000] {processor.py:830} INFO - Processing file /home/airflow/.local/lib/python3.12/site-packages/airflow/example_dags/example_task_group_decorator.py for tasks to queue
[2024-07-19T06:18:35.838+0000] {logging_mixin.py:188} INFO - [2024-07-19T06:18:35.837+0000] {dagbag.py:545} INFO - Filling up the DagBag from /home/airflow/.local/lib/python3.12/site-packages/airflow/example_dags/example_task_group_decorator.py
[2024-07-19T06:18:35.857+0000] {processor.py:840} INFO - DAG(s) 'example_task_group_decorator' retrieved from /home/airflow/.local/lib/python3.12/site-packages/airflow/example_dags/example_task_group_decorator.py
[2024-07-19T06:18:35.895+0000] {logging_mixin.py:188} INFO - [2024-07-19T06:18:35.894+0000] {dag.py:3089} INFO - Sync 1 DAGs
[2024-07-19T06:18:35.924+0000] {logging_mixin.py:188} INFO - [2024-07-19T06:18:35.923+0000] {dag.py:3947} INFO - Setting next_dagrun for example_task_group_decorator to 2024-07-18 00:00:00+00:00, run_after=2024-07-19 00:00:00+00:00
[2024-07-19T06:18:35.947+0000] {processor.py:183} INFO - Processing /home/airflow/.local/lib/python3.12/site-packages/airflow/example_dags/example_task_group_decorator.py took 0.157 seconds
[2024-07-19T06:19:06.129+0000] {processor.py:161} INFO - Started process (PID=7069) to work on /home/airflow/.local/lib/python3.12/site-packages/airflow/example_dags/example_task_group_decorator.py
[2024-07-19T06:19:06.167+0000] {processor.py:830} INFO - Processing file /home/airflow/.local/lib/python3.12/site-packages/airflow/example_dags/example_task_group_decorator.py for tasks to queue
[2024-07-19T06:19:06.169+0000] {logging_mixin.py:188} INFO - [2024-07-19T06:19:06.169+0000] {dagbag.py:545} INFO - Filling up the DagBag from /home/airflow/.local/lib/python3.12/site-packages/airflow/example_dags/example_task_group_decorator.py
[2024-07-19T06:19:06.189+0000] {processor.py:840} INFO - DAG(s) 'example_task_group_decorator' retrieved from /home/airflow/.local/lib/python3.12/site-packages/airflow/example_dags/example_task_group_decorator.py
[2024-07-19T06:19:06.226+0000] {logging_mixin.py:188} INFO - [2024-07-19T06:19:06.225+0000] {dag.py:3089} INFO - Sync 1 DAGs
[2024-07-19T06:19:06.256+0000] {logging_mixin.py:188} INFO - [2024-07-19T06:19:06.255+0000] {dag.py:3947} INFO - Setting next_dagrun for example_task_group_decorator to 2024-07-18 00:00:00+00:00, run_after=2024-07-19 00:00:00+00:00
[2024-07-19T06:19:06.281+0000] {processor.py:183} INFO - Processing /home/airflow/.local/lib/python3.12/site-packages/airflow/example_dags/example_task_group_decorator.py took 0.161 seconds
[2024-07-19T06:19:36.528+0000] {processor.py:161} INFO - Started process (PID=7129) to work on /home/airflow/.local/lib/python3.12/site-packages/airflow/example_dags/example_task_group_decorator.py
[2024-07-19T06:19:36.569+0000] {processor.py:830} INFO - Processing file /home/airflow/.local/lib/python3.12/site-packages/airflow/example_dags/example_task_group_decorator.py for tasks to queue
[2024-07-19T06:19:36.571+0000] {logging_mixin.py:188} INFO - [2024-07-19T06:19:36.570+0000] {dagbag.py:545} INFO - Filling up the DagBag from /home/airflow/.local/lib/python3.12/site-packages/airflow/example_dags/example_task_group_decorator.py
[2024-07-19T06:19:36.593+0000] {processor.py:840} INFO - DAG(s) 'example_task_group_decorator' retrieved from /home/airflow/.local/lib/python3.12/site-packages/airflow/example_dags/example_task_group_decorator.py
[2024-07-19T06:19:36.633+0000] {logging_mixin.py:188} INFO - [2024-07-19T06:19:36.633+0000] {dag.py:3089} INFO - Sync 1 DAGs
[2024-07-19T06:19:36.660+0000] {logging_mixin.py:188} INFO - [2024-07-19T06:19:36.659+0000] {dag.py:3947} INFO - Setting next_dagrun for example_task_group_decorator to 2024-07-18 00:00:00+00:00, run_after=2024-07-19 00:00:00+00:00
[2024-07-19T06:19:36.684+0000] {processor.py:183} INFO - Processing /home/airflow/.local/lib/python3.12/site-packages/airflow/example_dags/example_task_group_decorator.py took 0.164 seconds
[2024-07-19T06:20:07.210+0000] {processor.py:161} INFO - Started process (PID=7189) to work on /home/airflow/.local/lib/python3.12/site-packages/airflow/example_dags/example_task_group_decorator.py
[2024-07-19T06:20:07.262+0000] {processor.py:830} INFO - Processing file /home/airflow/.local/lib/python3.12/site-packages/airflow/example_dags/example_task_group_decorator.py for tasks to queue
[2024-07-19T06:20:07.268+0000] {logging_mixin.py:188} INFO - [2024-07-19T06:20:07.267+0000] {dagbag.py:545} INFO - Filling up the DagBag from /home/airflow/.local/lib/python3.12/site-packages/airflow/example_dags/example_task_group_decorator.py
[2024-07-19T06:20:07.297+0000] {processor.py:840} INFO - DAG(s) 'example_task_group_decorator' retrieved from /home/airflow/.local/lib/python3.12/site-packages/airflow/example_dags/example_task_group_decorator.py
[2024-07-19T06:20:07.339+0000] {logging_mixin.py:188} INFO - [2024-07-19T06:20:07.339+0000] {dag.py:3089} INFO - Sync 1 DAGs
[2024-07-19T06:20:07.370+0000] {logging_mixin.py:188} INFO - [2024-07-19T06:20:07.369+0000] {dag.py:3947} INFO - Setting next_dagrun for example_task_group_decorator to 2024-07-18 00:00:00+00:00, run_after=2024-07-19 00:00:00+00:00
[2024-07-19T06:20:07.400+0000] {processor.py:183} INFO - Processing /home/airflow/.local/lib/python3.12/site-packages/airflow/example_dags/example_task_group_decorator.py took 0.208 seconds
[2024-07-19T06:20:37.666+0000] {processor.py:161} INFO - Started process (PID=7249) to work on /home/airflow/.local/lib/python3.12/site-packages/airflow/example_dags/example_task_group_decorator.py
[2024-07-19T06:20:37.703+0000] {processor.py:830} INFO - Processing file /home/airflow/.local/lib/python3.12/site-packages/airflow/example_dags/example_task_group_decorator.py for tasks to queue
[2024-07-19T06:20:37.704+0000] {logging_mixin.py:188} INFO - [2024-07-19T06:20:37.704+0000] {dagbag.py:545} INFO - Filling up the DagBag from /home/airflow/.local/lib/python3.12/site-packages/airflow/example_dags/example_task_group_decorator.py
[2024-07-19T06:20:37.721+0000] {processor.py:840} INFO - DAG(s) 'example_task_group_decorator' retrieved from /home/airflow/.local/lib/python3.12/site-packages/airflow/example_dags/example_task_group_decorator.py
[2024-07-19T06:20:37.756+0000] {logging_mixin.py:188} INFO - [2024-07-19T06:20:37.755+0000] {dag.py:3089} INFO - Sync 1 DAGs
[2024-07-19T06:20:37.784+0000] {logging_mixin.py:188} INFO - [2024-07-19T06:20:37.784+0000] {dag.py:3947} INFO - Setting next_dagrun for example_task_group_decorator to 2024-07-18 00:00:00+00:00, run_after=2024-07-19 00:00:00+00:00
[2024-07-19T06:20:37.842+0000] {processor.py:183} INFO - Processing /home/airflow/.local/lib/python3.12/site-packages/airflow/example_dags/example_task_group_decorator.py took 0.185 seconds
[2024-07-19T06:21:08.194+0000] {processor.py:161} INFO - Started process (PID=7309) to work on /home/airflow/.local/lib/python3.12/site-packages/airflow/example_dags/example_task_group_decorator.py
[2024-07-19T06:21:08.233+0000] {processor.py:830} INFO - Processing file /home/airflow/.local/lib/python3.12/site-packages/airflow/example_dags/example_task_group_decorator.py for tasks to queue
[2024-07-19T06:21:08.234+0000] {logging_mixin.py:188} INFO - [2024-07-19T06:21:08.234+0000] {dagbag.py:545} INFO - Filling up the DagBag from /home/airflow/.local/lib/python3.12/site-packages/airflow/example_dags/example_task_group_decorator.py
[2024-07-19T06:21:08.252+0000] {processor.py:840} INFO - DAG(s) 'example_task_group_decorator' retrieved from /home/airflow/.local/lib/python3.12/site-packages/airflow/example_dags/example_task_group_decorator.py
[2024-07-19T06:21:08.287+0000] {logging_mixin.py:188} INFO - [2024-07-19T06:21:08.287+0000] {dag.py:3089} INFO - Sync 1 DAGs
[2024-07-19T06:21:08.312+0000] {logging_mixin.py:188} INFO - [2024-07-19T06:21:08.312+0000] {dag.py:3947} INFO - Setting next_dagrun for example_task_group_decorator to 2024-07-18 00:00:00+00:00, run_after=2024-07-19 00:00:00+00:00
[2024-07-19T06:21:08.334+0000] {processor.py:183} INFO - Processing /home/airflow/.local/lib/python3.12/site-packages/airflow/example_dags/example_task_group_decorator.py took 0.148 seconds
[2024-07-19T06:21:38.431+0000] {processor.py:161} INFO - Started process (PID=7369) to work on /home/airflow/.local/lib/python3.12/site-packages/airflow/example_dags/example_task_group_decorator.py
[2024-07-19T06:21:38.470+0000] {processor.py:830} INFO - Processing file /home/airflow/.local/lib/python3.12/site-packages/airflow/example_dags/example_task_group_decorator.py for tasks to queue
[2024-07-19T06:21:38.471+0000] {logging_mixin.py:188} INFO - [2024-07-19T06:21:38.471+0000] {dagbag.py:545} INFO - Filling up the DagBag from /home/airflow/.local/lib/python3.12/site-packages/airflow/example_dags/example_task_group_decorator.py
[2024-07-19T06:21:38.490+0000] {processor.py:840} INFO - DAG(s) 'example_task_group_decorator' retrieved from /home/airflow/.local/lib/python3.12/site-packages/airflow/example_dags/example_task_group_decorator.py
[2024-07-19T06:21:38.525+0000] {logging_mixin.py:188} INFO - [2024-07-19T06:21:38.525+0000] {dag.py:3089} INFO - Sync 1 DAGs
[2024-07-19T06:21:38.549+0000] {logging_mixin.py:188} INFO - [2024-07-19T06:21:38.549+0000] {dag.py:3947} INFO - Setting next_dagrun for example_task_group_decorator to 2024-07-18 00:00:00+00:00, run_after=2024-07-19 00:00:00+00:00
[2024-07-19T06:21:38.572+0000] {processor.py:183} INFO - Processing /home/airflow/.local/lib/python3.12/site-packages/airflow/example_dags/example_task_group_decorator.py took 0.149 seconds
[2024-07-19T06:22:08.697+0000] {processor.py:161} INFO - Started process (PID=7429) to work on /home/airflow/.local/lib/python3.12/site-packages/airflow/example_dags/example_task_group_decorator.py
[2024-07-19T06:22:08.736+0000] {processor.py:830} INFO - Processing file /home/airflow/.local/lib/python3.12/site-packages/airflow/example_dags/example_task_group_decorator.py for tasks to queue
[2024-07-19T06:22:08.738+0000] {logging_mixin.py:188} INFO - [2024-07-19T06:22:08.737+0000] {dagbag.py:545} INFO - Filling up the DagBag from /home/airflow/.local/lib/python3.12/site-packages/airflow/example_dags/example_task_group_decorator.py
[2024-07-19T06:22:08.756+0000] {processor.py:840} INFO - DAG(s) 'example_task_group_decorator' retrieved from /home/airflow/.local/lib/python3.12/site-packages/airflow/example_dags/example_task_group_decorator.py
[2024-07-19T06:22:08.796+0000] {logging_mixin.py:188} INFO - [2024-07-19T06:22:08.796+0000] {dag.py:3089} INFO - Sync 1 DAGs
[2024-07-19T06:22:08.827+0000] {logging_mixin.py:188} INFO - [2024-07-19T06:22:08.827+0000] {dag.py:3947} INFO - Setting next_dagrun for example_task_group_decorator to 2024-07-18 00:00:00+00:00, run_after=2024-07-19 00:00:00+00:00
[2024-07-19T06:22:08.856+0000] {processor.py:183} INFO - Processing /home/airflow/.local/lib/python3.12/site-packages/airflow/example_dags/example_task_group_decorator.py took 0.167 seconds
[2024-07-19T06:22:39.229+0000] {processor.py:161} INFO - Started process (PID=7490) to work on /home/airflow/.local/lib/python3.12/site-packages/airflow/example_dags/example_task_group_decorator.py
[2024-07-19T06:22:39.268+0000] {processor.py:830} INFO - Processing file /home/airflow/.local/lib/python3.12/site-packages/airflow/example_dags/example_task_group_decorator.py for tasks to queue
[2024-07-19T06:22:39.270+0000] {logging_mixin.py:188} INFO - [2024-07-19T06:22:39.269+0000] {dagbag.py:545} INFO - Filling up the DagBag from /home/airflow/.local/lib/python3.12/site-packages/airflow/example_dags/example_task_group_decorator.py
[2024-07-19T06:22:39.294+0000] {processor.py:840} INFO - DAG(s) 'example_task_group_decorator' retrieved from /home/airflow/.local/lib/python3.12/site-packages/airflow/example_dags/example_task_group_decorator.py
[2024-07-19T06:22:39.339+0000] {logging_mixin.py:188} INFO - [2024-07-19T06:22:39.339+0000] {dag.py:3089} INFO - Sync 1 DAGs
[2024-07-19T06:22:39.370+0000] {logging_mixin.py:188} INFO - [2024-07-19T06:22:39.370+0000] {dag.py:3947} INFO - Setting next_dagrun for example_task_group_decorator to 2024-07-18 00:00:00+00:00, run_after=2024-07-19 00:00:00+00:00
[2024-07-19T06:22:39.394+0000] {processor.py:183} INFO - Processing /home/airflow/.local/lib/python3.12/site-packages/airflow/example_dags/example_task_group_decorator.py took 0.175 seconds
[2024-07-19T06:23:09.447+0000] {processor.py:161} INFO - Started process (PID=7550) to work on /home/airflow/.local/lib/python3.12/site-packages/airflow/example_dags/example_task_group_decorator.py
[2024-07-19T06:23:09.488+0000] {processor.py:830} INFO - Processing file /home/airflow/.local/lib/python3.12/site-packages/airflow/example_dags/example_task_group_decorator.py for tasks to queue
[2024-07-19T06:23:09.490+0000] {logging_mixin.py:188} INFO - [2024-07-19T06:23:09.489+0000] {dagbag.py:545} INFO - Filling up the DagBag from /home/airflow/.local/lib/python3.12/site-packages/airflow/example_dags/example_task_group_decorator.py
[2024-07-19T06:23:09.512+0000] {processor.py:840} INFO - DAG(s) 'example_task_group_decorator' retrieved from /home/airflow/.local/lib/python3.12/site-packages/airflow/example_dags/example_task_group_decorator.py
[2024-07-19T06:23:09.548+0000] {logging_mixin.py:188} INFO - [2024-07-19T06:23:09.548+0000] {dag.py:3089} INFO - Sync 1 DAGs
[2024-07-19T06:23:09.574+0000] {logging_mixin.py:188} INFO - [2024-07-19T06:23:09.573+0000] {dag.py:3947} INFO - Setting next_dagrun for example_task_group_decorator to 2024-07-18 00:00:00+00:00, run_after=2024-07-19 00:00:00+00:00
[2024-07-19T06:23:09.597+0000] {processor.py:183} INFO - Processing /home/airflow/.local/lib/python3.12/site-packages/airflow/example_dags/example_task_group_decorator.py took 0.158 seconds
[2024-07-19T06:23:39.808+0000] {processor.py:161} INFO - Started process (PID=7609) to work on /home/airflow/.local/lib/python3.12/site-packages/airflow/example_dags/example_task_group_decorator.py
[2024-07-19T06:23:39.846+0000] {processor.py:830} INFO - Processing file /home/airflow/.local/lib/python3.12/site-packages/airflow/example_dags/example_task_group_decorator.py for tasks to queue
[2024-07-19T06:23:39.847+0000] {logging_mixin.py:188} INFO - [2024-07-19T06:23:39.847+0000] {dagbag.py:545} INFO - Filling up the DagBag from /home/airflow/.local/lib/python3.12/site-packages/airflow/example_dags/example_task_group_decorator.py
[2024-07-19T06:23:39.864+0000] {processor.py:840} INFO - DAG(s) 'example_task_group_decorator' retrieved from /home/airflow/.local/lib/python3.12/site-packages/airflow/example_dags/example_task_group_decorator.py
[2024-07-19T06:23:39.901+0000] {logging_mixin.py:188} INFO - [2024-07-19T06:23:39.900+0000] {dag.py:3089} INFO - Sync 1 DAGs
[2024-07-19T06:23:39.930+0000] {logging_mixin.py:188} INFO - [2024-07-19T06:23:39.930+0000] {dag.py:3947} INFO - Setting next_dagrun for example_task_group_decorator to 2024-07-18 00:00:00+00:00, run_after=2024-07-19 00:00:00+00:00
[2024-07-19T06:23:39.954+0000] {processor.py:183} INFO - Processing /home/airflow/.local/lib/python3.12/site-packages/airflow/example_dags/example_task_group_decorator.py took 0.154 seconds
[2024-07-19T06:24:10.440+0000] {processor.py:161} INFO - Started process (PID=7670) to work on /home/airflow/.local/lib/python3.12/site-packages/airflow/example_dags/example_task_group_decorator.py
[2024-07-19T06:24:10.477+0000] {processor.py:830} INFO - Processing file /home/airflow/.local/lib/python3.12/site-packages/airflow/example_dags/example_task_group_decorator.py for tasks to queue
[2024-07-19T06:24:10.479+0000] {logging_mixin.py:188} INFO - [2024-07-19T06:24:10.478+0000] {dagbag.py:545} INFO - Filling up the DagBag from /home/airflow/.local/lib/python3.12/site-packages/airflow/example_dags/example_task_group_decorator.py
[2024-07-19T06:24:10.500+0000] {processor.py:840} INFO - DAG(s) 'example_task_group_decorator' retrieved from /home/airflow/.local/lib/python3.12/site-packages/airflow/example_dags/example_task_group_decorator.py
[2024-07-19T06:24:10.539+0000] {logging_mixin.py:188} INFO - [2024-07-19T06:24:10.538+0000] {dag.py:3089} INFO - Sync 1 DAGs
[2024-07-19T06:24:10.564+0000] {logging_mixin.py:188} INFO - [2024-07-19T06:24:10.563+0000] {dag.py:3947} INFO - Setting next_dagrun for example_task_group_decorator to 2024-07-18 00:00:00+00:00, run_after=2024-07-19 00:00:00+00:00
[2024-07-19T06:24:10.585+0000] {processor.py:183} INFO - Processing /home/airflow/.local/lib/python3.12/site-packages/airflow/example_dags/example_task_group_decorator.py took 0.154 seconds
[2024-07-19T06:24:40.955+0000] {processor.py:161} INFO - Started process (PID=7730) to work on /home/airflow/.local/lib/python3.12/site-packages/airflow/example_dags/example_task_group_decorator.py
[2024-07-19T06:24:40.992+0000] {processor.py:830} INFO - Processing file /home/airflow/.local/lib/python3.12/site-packages/airflow/example_dags/example_task_group_decorator.py for tasks to queue
[2024-07-19T06:24:40.994+0000] {logging_mixin.py:188} INFO - [2024-07-19T06:24:40.994+0000] {dagbag.py:545} INFO - Filling up the DagBag from /home/airflow/.local/lib/python3.12/site-packages/airflow/example_dags/example_task_group_decorator.py
[2024-07-19T06:24:41.014+0000] {processor.py:840} INFO - DAG(s) 'example_task_group_decorator' retrieved from /home/airflow/.local/lib/python3.12/site-packages/airflow/example_dags/example_task_group_decorator.py
[2024-07-19T06:24:41.047+0000] {logging_mixin.py:188} INFO - [2024-07-19T06:24:41.047+0000] {dag.py:3089} INFO - Sync 1 DAGs
[2024-07-19T06:24:41.073+0000] {logging_mixin.py:188} INFO - [2024-07-19T06:24:41.073+0000] {dag.py:3947} INFO - Setting next_dagrun for example_task_group_decorator to 2024-07-18 00:00:00+00:00, run_after=2024-07-19 00:00:00+00:00
[2024-07-19T06:24:41.094+0000] {processor.py:183} INFO - Processing /home/airflow/.local/lib/python3.12/site-packages/airflow/example_dags/example_task_group_decorator.py took 0.148 seconds
[2024-07-19T06:25:11.947+0000] {processor.py:161} INFO - Started process (PID=7790) to work on /home/airflow/.local/lib/python3.12/site-packages/airflow/example_dags/example_task_group_decorator.py
[2024-07-19T06:25:11.987+0000] {processor.py:830} INFO - Processing file /home/airflow/.local/lib/python3.12/site-packages/airflow/example_dags/example_task_group_decorator.py for tasks to queue
[2024-07-19T06:25:11.988+0000] {logging_mixin.py:188} INFO - [2024-07-19T06:25:11.988+0000] {dagbag.py:545} INFO - Filling up the DagBag from /home/airflow/.local/lib/python3.12/site-packages/airflow/example_dags/example_task_group_decorator.py
[2024-07-19T06:25:12.010+0000] {processor.py:840} INFO - DAG(s) 'example_task_group_decorator' retrieved from /home/airflow/.local/lib/python3.12/site-packages/airflow/example_dags/example_task_group_decorator.py
[2024-07-19T06:25:12.051+0000] {logging_mixin.py:188} INFO - [2024-07-19T06:25:12.051+0000] {dag.py:3089} INFO - Sync 1 DAGs
[2024-07-19T06:25:12.078+0000] {logging_mixin.py:188} INFO - [2024-07-19T06:25:12.078+0000] {dag.py:3947} INFO - Setting next_dagrun for example_task_group_decorator to 2024-07-18 00:00:00+00:00, run_after=2024-07-19 00:00:00+00:00
[2024-07-19T06:25:12.101+0000] {processor.py:183} INFO - Processing /home/airflow/.local/lib/python3.12/site-packages/airflow/example_dags/example_task_group_decorator.py took 0.163 seconds
[2024-07-19T06:25:42.177+0000] {processor.py:161} INFO - Started process (PID=7850) to work on /home/airflow/.local/lib/python3.12/site-packages/airflow/example_dags/example_task_group_decorator.py
[2024-07-19T06:25:42.179+0000] {processor.py:830} INFO - Processing file /home/airflow/.local/lib/python3.12/site-packages/airflow/example_dags/example_task_group_decorator.py for tasks to queue
[2024-07-19T06:25:42.180+0000] {logging_mixin.py:188} INFO - [2024-07-19T06:25:42.180+0000] {dagbag.py:545} INFO - Filling up the DagBag from /home/airflow/.local/lib/python3.12/site-packages/airflow/example_dags/example_task_group_decorator.py
[2024-07-19T06:25:42.208+0000] {processor.py:840} INFO - DAG(s) 'example_task_group_decorator' retrieved from /home/airflow/.local/lib/python3.12/site-packages/airflow/example_dags/example_task_group_decorator.py
[2024-07-19T06:25:42.251+0000] {logging_mixin.py:188} INFO - [2024-07-19T06:25:42.251+0000] {dag.py:3089} INFO - Sync 1 DAGs
[2024-07-19T06:25:42.285+0000] {logging_mixin.py:188} INFO - [2024-07-19T06:25:42.284+0000] {dag.py:3947} INFO - Setting next_dagrun for example_task_group_decorator to 2024-07-18 00:00:00+00:00, run_after=2024-07-19 00:00:00+00:00
[2024-07-19T06:25:42.310+0000] {processor.py:183} INFO - Processing /home/airflow/.local/lib/python3.12/site-packages/airflow/example_dags/example_task_group_decorator.py took 0.143 seconds
[2024-07-19T06:26:12.405+0000] {processor.py:161} INFO - Started process (PID=7910) to work on /home/airflow/.local/lib/python3.12/site-packages/airflow/example_dags/example_task_group_decorator.py
[2024-07-19T06:26:12.443+0000] {processor.py:830} INFO - Processing file /home/airflow/.local/lib/python3.12/site-packages/airflow/example_dags/example_task_group_decorator.py for tasks to queue
[2024-07-19T06:26:12.444+0000] {logging_mixin.py:188} INFO - [2024-07-19T06:26:12.444+0000] {dagbag.py:545} INFO - Filling up the DagBag from /home/airflow/.local/lib/python3.12/site-packages/airflow/example_dags/example_task_group_decorator.py
[2024-07-19T06:26:12.461+0000] {processor.py:840} INFO - DAG(s) 'example_task_group_decorator' retrieved from /home/airflow/.local/lib/python3.12/site-packages/airflow/example_dags/example_task_group_decorator.py
[2024-07-19T06:26:12.494+0000] {logging_mixin.py:188} INFO - [2024-07-19T06:26:12.493+0000] {dag.py:3089} INFO - Sync 1 DAGs
[2024-07-19T06:26:12.517+0000] {logging_mixin.py:188} INFO - [2024-07-19T06:26:12.517+0000] {dag.py:3947} INFO - Setting next_dagrun for example_task_group_decorator to 2024-07-18 00:00:00+00:00, run_after=2024-07-19 00:00:00+00:00
[2024-07-19T06:26:12.538+0000] {processor.py:183} INFO - Processing /home/airflow/.local/lib/python3.12/site-packages/airflow/example_dags/example_task_group_decorator.py took 0.141 seconds
[2024-07-19T06:26:43.195+0000] {processor.py:161} INFO - Started process (PID=7970) to work on /home/airflow/.local/lib/python3.12/site-packages/airflow/example_dags/example_task_group_decorator.py
[2024-07-19T06:26:43.233+0000] {processor.py:830} INFO - Processing file /home/airflow/.local/lib/python3.12/site-packages/airflow/example_dags/example_task_group_decorator.py for tasks to queue
[2024-07-19T06:26:43.235+0000] {logging_mixin.py:188} INFO - [2024-07-19T06:26:43.235+0000] {dagbag.py:545} INFO - Filling up the DagBag from /home/airflow/.local/lib/python3.12/site-packages/airflow/example_dags/example_task_group_decorator.py
[2024-07-19T06:26:43.252+0000] {processor.py:840} INFO - DAG(s) 'example_task_group_decorator' retrieved from /home/airflow/.local/lib/python3.12/site-packages/airflow/example_dags/example_task_group_decorator.py
[2024-07-19T06:26:43.283+0000] {logging_mixin.py:188} INFO - [2024-07-19T06:26:43.283+0000] {dag.py:3089} INFO - Sync 1 DAGs
[2024-07-19T06:26:43.305+0000] {logging_mixin.py:188} INFO - [2024-07-19T06:26:43.305+0000] {dag.py:3947} INFO - Setting next_dagrun for example_task_group_decorator to 2024-07-18 00:00:00+00:00, run_after=2024-07-19 00:00:00+00:00
[2024-07-19T06:26:43.325+0000] {processor.py:183} INFO - Processing /home/airflow/.local/lib/python3.12/site-packages/airflow/example_dags/example_task_group_decorator.py took 0.138 seconds
[2024-07-19T06:27:13.390+0000] {processor.py:161} INFO - Started process (PID=8030) to work on /home/airflow/.local/lib/python3.12/site-packages/airflow/example_dags/example_task_group_decorator.py
[2024-07-19T06:27:13.391+0000] {processor.py:830} INFO - Processing file /home/airflow/.local/lib/python3.12/site-packages/airflow/example_dags/example_task_group_decorator.py for tasks to queue
[2024-07-19T06:27:13.392+0000] {logging_mixin.py:188} INFO - [2024-07-19T06:27:13.392+0000] {dagbag.py:545} INFO - Filling up the DagBag from /home/airflow/.local/lib/python3.12/site-packages/airflow/example_dags/example_task_group_decorator.py
[2024-07-19T06:27:13.408+0000] {processor.py:840} INFO - DAG(s) 'example_task_group_decorator' retrieved from /home/airflow/.local/lib/python3.12/site-packages/airflow/example_dags/example_task_group_decorator.py
[2024-07-19T06:27:13.440+0000] {logging_mixin.py:188} INFO - [2024-07-19T06:27:13.440+0000] {dag.py:3089} INFO - Sync 1 DAGs
[2024-07-19T06:27:13.463+0000] {logging_mixin.py:188} INFO - [2024-07-19T06:27:13.462+0000] {dag.py:3947} INFO - Setting next_dagrun for example_task_group_decorator to 2024-07-18 00:00:00+00:00, run_after=2024-07-19 00:00:00+00:00
[2024-07-19T06:27:13.482+0000] {processor.py:183} INFO - Processing /home/airflow/.local/lib/python3.12/site-packages/airflow/example_dags/example_task_group_decorator.py took 0.099 seconds
[2024-07-19T06:27:44.258+0000] {processor.py:161} INFO - Started process (PID=8090) to work on /home/airflow/.local/lib/python3.12/site-packages/airflow/example_dags/example_task_group_decorator.py
[2024-07-19T06:27:44.309+0000] {processor.py:830} INFO - Processing file /home/airflow/.local/lib/python3.12/site-packages/airflow/example_dags/example_task_group_decorator.py for tasks to queue
[2024-07-19T06:27:44.311+0000] {logging_mixin.py:188} INFO - [2024-07-19T06:27:44.310+0000] {dagbag.py:545} INFO - Filling up the DagBag from /home/airflow/.local/lib/python3.12/site-packages/airflow/example_dags/example_task_group_decorator.py
[2024-07-19T06:27:44.327+0000] {processor.py:840} INFO - DAG(s) 'example_task_group_decorator' retrieved from /home/airflow/.local/lib/python3.12/site-packages/airflow/example_dags/example_task_group_decorator.py
[2024-07-19T06:27:44.359+0000] {logging_mixin.py:188} INFO - [2024-07-19T06:27:44.359+0000] {dag.py:3089} INFO - Sync 1 DAGs
[2024-07-19T06:27:44.382+0000] {logging_mixin.py:188} INFO - [2024-07-19T06:27:44.381+0000] {dag.py:3947} INFO - Setting next_dagrun for example_task_group_decorator to 2024-07-18 00:00:00+00:00, run_after=2024-07-19 00:00:00+00:00
[2024-07-19T06:27:44.402+0000] {processor.py:183} INFO - Processing /home/airflow/.local/lib/python3.12/site-packages/airflow/example_dags/example_task_group_decorator.py took 0.152 seconds
[2024-07-19T06:28:15.090+0000] {processor.py:161} INFO - Started process (PID=8150) to work on /home/airflow/.local/lib/python3.12/site-packages/airflow/example_dags/example_task_group_decorator.py
[2024-07-19T06:28:15.129+0000] {processor.py:830} INFO - Processing file /home/airflow/.local/lib/python3.12/site-packages/airflow/example_dags/example_task_group_decorator.py for tasks to queue
[2024-07-19T06:28:15.131+0000] {logging_mixin.py:188} INFO - [2024-07-19T06:28:15.130+0000] {dagbag.py:545} INFO - Filling up the DagBag from /home/airflow/.local/lib/python3.12/site-packages/airflow/example_dags/example_task_group_decorator.py
[2024-07-19T06:28:15.150+0000] {processor.py:840} INFO - DAG(s) 'example_task_group_decorator' retrieved from /home/airflow/.local/lib/python3.12/site-packages/airflow/example_dags/example_task_group_decorator.py
[2024-07-19T06:28:15.184+0000] {logging_mixin.py:188} INFO - [2024-07-19T06:28:15.183+0000] {dag.py:3089} INFO - Sync 1 DAGs
[2024-07-19T06:28:15.207+0000] {logging_mixin.py:188} INFO - [2024-07-19T06:28:15.207+0000] {dag.py:3947} INFO - Setting next_dagrun for example_task_group_decorator to 2024-07-18 00:00:00+00:00, run_after=2024-07-19 00:00:00+00:00
[2024-07-19T06:28:15.230+0000] {processor.py:183} INFO - Processing /home/airflow/.local/lib/python3.12/site-packages/airflow/example_dags/example_task_group_decorator.py took 0.149 seconds
[2024-07-19T06:28:45.323+0000] {processor.py:161} INFO - Started process (PID=8210) to work on /home/airflow/.local/lib/python3.12/site-packages/airflow/example_dags/example_task_group_decorator.py
[2024-07-19T06:28:45.325+0000] {processor.py:830} INFO - Processing file /home/airflow/.local/lib/python3.12/site-packages/airflow/example_dags/example_task_group_decorator.py for tasks to queue
[2024-07-19T06:28:45.326+0000] {logging_mixin.py:188} INFO - [2024-07-19T06:28:45.326+0000] {dagbag.py:545} INFO - Filling up the DagBag from /home/airflow/.local/lib/python3.12/site-packages/airflow/example_dags/example_task_group_decorator.py
[2024-07-19T06:28:45.363+0000] {processor.py:840} INFO - DAG(s) 'example_task_group_decorator' retrieved from /home/airflow/.local/lib/python3.12/site-packages/airflow/example_dags/example_task_group_decorator.py
[2024-07-19T06:28:45.420+0000] {logging_mixin.py:188} INFO - [2024-07-19T06:28:45.420+0000] {dag.py:3089} INFO - Sync 1 DAGs
[2024-07-19T06:28:45.463+0000] {logging_mixin.py:188} INFO - [2024-07-19T06:28:45.462+0000] {dag.py:3947} INFO - Setting next_dagrun for example_task_group_decorator to 2024-07-18 00:00:00+00:00, run_after=2024-07-19 00:00:00+00:00
[2024-07-19T06:28:45.501+0000] {processor.py:183} INFO - Processing /home/airflow/.local/lib/python3.12/site-packages/airflow/example_dags/example_task_group_decorator.py took 0.191 seconds
[2024-07-19T06:29:16.059+0000] {processor.py:161} INFO - Started process (PID=8270) to work on /home/airflow/.local/lib/python3.12/site-packages/airflow/example_dags/example_task_group_decorator.py
[2024-07-19T06:29:16.060+0000] {processor.py:830} INFO - Processing file /home/airflow/.local/lib/python3.12/site-packages/airflow/example_dags/example_task_group_decorator.py for tasks to queue
[2024-07-19T06:29:16.061+0000] {logging_mixin.py:188} INFO - [2024-07-19T06:29:16.061+0000] {dagbag.py:545} INFO - Filling up the DagBag from /home/airflow/.local/lib/python3.12/site-packages/airflow/example_dags/example_task_group_decorator.py
[2024-07-19T06:29:16.085+0000] {processor.py:840} INFO - DAG(s) 'example_task_group_decorator' retrieved from /home/airflow/.local/lib/python3.12/site-packages/airflow/example_dags/example_task_group_decorator.py
[2024-07-19T06:29:16.123+0000] {logging_mixin.py:188} INFO - [2024-07-19T06:29:16.122+0000] {dag.py:3089} INFO - Sync 1 DAGs
[2024-07-19T06:29:16.150+0000] {logging_mixin.py:188} INFO - [2024-07-19T06:29:16.150+0000] {dag.py:3947} INFO - Setting next_dagrun for example_task_group_decorator to 2024-07-18 00:00:00+00:00, run_after=2024-07-19 00:00:00+00:00
[2024-07-19T06:29:16.173+0000] {processor.py:183} INFO - Processing /home/airflow/.local/lib/python3.12/site-packages/airflow/example_dags/example_task_group_decorator.py took 0.123 seconds
[2024-07-19T06:29:46.528+0000] {processor.py:161} INFO - Started process (PID=8330) to work on /home/airflow/.local/lib/python3.12/site-packages/airflow/example_dags/example_task_group_decorator.py
[2024-07-19T06:29:46.530+0000] {processor.py:830} INFO - Processing file /home/airflow/.local/lib/python3.12/site-packages/airflow/example_dags/example_task_group_decorator.py for tasks to queue
[2024-07-19T06:29:46.531+0000] {logging_mixin.py:188} INFO - [2024-07-19T06:29:46.531+0000] {dagbag.py:545} INFO - Filling up the DagBag from /home/airflow/.local/lib/python3.12/site-packages/airflow/example_dags/example_task_group_decorator.py
[2024-07-19T06:29:46.549+0000] {processor.py:840} INFO - DAG(s) 'example_task_group_decorator' retrieved from /home/airflow/.local/lib/python3.12/site-packages/airflow/example_dags/example_task_group_decorator.py
[2024-07-19T06:29:46.587+0000] {logging_mixin.py:188} INFO - [2024-07-19T06:29:46.587+0000] {dag.py:3089} INFO - Sync 1 DAGs
[2024-07-19T06:29:46.624+0000] {logging_mixin.py:188} INFO - [2024-07-19T06:29:46.624+0000] {dag.py:3947} INFO - Setting next_dagrun for example_task_group_decorator to 2024-07-18 00:00:00+00:00, run_after=2024-07-19 00:00:00+00:00
[2024-07-19T06:29:46.659+0000] {processor.py:183} INFO - Processing /home/airflow/.local/lib/python3.12/site-packages/airflow/example_dags/example_task_group_decorator.py took 0.138 seconds
[2024-07-19T06:30:16.809+0000] {processor.py:161} INFO - Started process (PID=8390) to work on /home/airflow/.local/lib/python3.12/site-packages/airflow/example_dags/example_task_group_decorator.py
[2024-07-19T06:30:16.811+0000] {processor.py:830} INFO - Processing file /home/airflow/.local/lib/python3.12/site-packages/airflow/example_dags/example_task_group_decorator.py for tasks to queue
[2024-07-19T06:30:16.813+0000] {logging_mixin.py:188} INFO - [2024-07-19T06:30:16.812+0000] {dagbag.py:545} INFO - Filling up the DagBag from /home/airflow/.local/lib/python3.12/site-packages/airflow/example_dags/example_task_group_decorator.py
[2024-07-19T06:30:16.833+0000] {processor.py:840} INFO - DAG(s) 'example_task_group_decorator' retrieved from /home/airflow/.local/lib/python3.12/site-packages/airflow/example_dags/example_task_group_decorator.py
[2024-07-19T06:30:16.881+0000] {logging_mixin.py:188} INFO - [2024-07-19T06:30:16.880+0000] {dag.py:3089} INFO - Sync 1 DAGs
[2024-07-19T06:30:16.914+0000] {logging_mixin.py:188} INFO - [2024-07-19T06:30:16.914+0000] {dag.py:3947} INFO - Setting next_dagrun for example_task_group_decorator to 2024-07-18 00:00:00+00:00, run_after=2024-07-19 00:00:00+00:00
[2024-07-19T06:30:16.947+0000] {processor.py:183} INFO - Processing /home/airflow/.local/lib/python3.12/site-packages/airflow/example_dags/example_task_group_decorator.py took 0.146 seconds
[2024-07-19T06:30:47.089+0000] {processor.py:161} INFO - Started process (PID=8450) to work on /home/airflow/.local/lib/python3.12/site-packages/airflow/example_dags/example_task_group_decorator.py
[2024-07-19T06:30:47.090+0000] {processor.py:830} INFO - Processing file /home/airflow/.local/lib/python3.12/site-packages/airflow/example_dags/example_task_group_decorator.py for tasks to queue
[2024-07-19T06:30:47.092+0000] {logging_mixin.py:188} INFO - [2024-07-19T06:30:47.091+0000] {dagbag.py:545} INFO - Filling up the DagBag from /home/airflow/.local/lib/python3.12/site-packages/airflow/example_dags/example_task_group_decorator.py
[2024-07-19T06:30:47.110+0000] {processor.py:840} INFO - DAG(s) 'example_task_group_decorator' retrieved from /home/airflow/.local/lib/python3.12/site-packages/airflow/example_dags/example_task_group_decorator.py
[2024-07-19T06:30:47.144+0000] {logging_mixin.py:188} INFO - [2024-07-19T06:30:47.144+0000] {dag.py:3089} INFO - Sync 1 DAGs
[2024-07-19T06:30:47.171+0000] {logging_mixin.py:188} INFO - [2024-07-19T06:30:47.170+0000] {dag.py:3947} INFO - Setting next_dagrun for example_task_group_decorator to 2024-07-18 00:00:00+00:00, run_after=2024-07-19 00:00:00+00:00
[2024-07-19T06:30:47.197+0000] {processor.py:183} INFO - Processing /home/airflow/.local/lib/python3.12/site-packages/airflow/example_dags/example_task_group_decorator.py took 0.117 seconds
[2024-07-19T06:31:17.438+0000] {processor.py:161} INFO - Started process (PID=8510) to work on /home/airflow/.local/lib/python3.12/site-packages/airflow/example_dags/example_task_group_decorator.py
[2024-07-19T06:31:17.440+0000] {processor.py:830} INFO - Processing file /home/airflow/.local/lib/python3.12/site-packages/airflow/example_dags/example_task_group_decorator.py for tasks to queue
[2024-07-19T06:31:17.441+0000] {logging_mixin.py:188} INFO - [2024-07-19T06:31:17.441+0000] {dagbag.py:545} INFO - Filling up the DagBag from /home/airflow/.local/lib/python3.12/site-packages/airflow/example_dags/example_task_group_decorator.py
[2024-07-19T06:31:17.459+0000] {processor.py:840} INFO - DAG(s) 'example_task_group_decorator' retrieved from /home/airflow/.local/lib/python3.12/site-packages/airflow/example_dags/example_task_group_decorator.py
[2024-07-19T06:31:17.491+0000] {logging_mixin.py:188} INFO - [2024-07-19T06:31:17.490+0000] {dag.py:3089} INFO - Sync 1 DAGs
[2024-07-19T06:31:17.516+0000] {logging_mixin.py:188} INFO - [2024-07-19T06:31:17.515+0000] {dag.py:3947} INFO - Setting next_dagrun for example_task_group_decorator to 2024-07-18 00:00:00+00:00, run_after=2024-07-19 00:00:00+00:00
[2024-07-19T06:31:17.540+0000] {processor.py:183} INFO - Processing /home/airflow/.local/lib/python3.12/site-packages/airflow/example_dags/example_task_group_decorator.py took 0.110 seconds
[2024-07-19T06:31:47.918+0000] {processor.py:161} INFO - Started process (PID=8570) to work on /home/airflow/.local/lib/python3.12/site-packages/airflow/example_dags/example_task_group_decorator.py
[2024-07-19T06:31:47.919+0000] {processor.py:830} INFO - Processing file /home/airflow/.local/lib/python3.12/site-packages/airflow/example_dags/example_task_group_decorator.py for tasks to queue
[2024-07-19T06:31:47.920+0000] {logging_mixin.py:188} INFO - [2024-07-19T06:31:47.920+0000] {dagbag.py:545} INFO - Filling up the DagBag from /home/airflow/.local/lib/python3.12/site-packages/airflow/example_dags/example_task_group_decorator.py
[2024-07-19T06:31:47.938+0000] {processor.py:840} INFO - DAG(s) 'example_task_group_decorator' retrieved from /home/airflow/.local/lib/python3.12/site-packages/airflow/example_dags/example_task_group_decorator.py
[2024-07-19T06:31:47.973+0000] {logging_mixin.py:188} INFO - [2024-07-19T06:31:47.972+0000] {dag.py:3089} INFO - Sync 1 DAGs
[2024-07-19T06:31:48.001+0000] {logging_mixin.py:188} INFO - [2024-07-19T06:31:48.001+0000] {dag.py:3947} INFO - Setting next_dagrun for example_task_group_decorator to 2024-07-18 00:00:00+00:00, run_after=2024-07-19 00:00:00+00:00
[2024-07-19T06:31:48.027+0000] {processor.py:183} INFO - Processing /home/airflow/.local/lib/python3.12/site-packages/airflow/example_dags/example_task_group_decorator.py took 0.117 seconds
[2024-07-19T06:32:18.683+0000] {processor.py:161} INFO - Started process (PID=8630) to work on /home/airflow/.local/lib/python3.12/site-packages/airflow/example_dags/example_task_group_decorator.py
[2024-07-19T06:32:18.684+0000] {processor.py:830} INFO - Processing file /home/airflow/.local/lib/python3.12/site-packages/airflow/example_dags/example_task_group_decorator.py for tasks to queue
[2024-07-19T06:32:18.686+0000] {logging_mixin.py:188} INFO - [2024-07-19T06:32:18.685+0000] {dagbag.py:545} INFO - Filling up the DagBag from /home/airflow/.local/lib/python3.12/site-packages/airflow/example_dags/example_task_group_decorator.py
[2024-07-19T06:32:18.711+0000] {processor.py:840} INFO - DAG(s) 'example_task_group_decorator' retrieved from /home/airflow/.local/lib/python3.12/site-packages/airflow/example_dags/example_task_group_decorator.py
[2024-07-19T06:32:18.759+0000] {logging_mixin.py:188} INFO - [2024-07-19T06:32:18.759+0000] {dag.py:3089} INFO - Sync 1 DAGs
[2024-07-19T06:32:18.789+0000] {logging_mixin.py:188} INFO - [2024-07-19T06:32:18.788+0000] {dag.py:3947} INFO - Setting next_dagrun for example_task_group_decorator to 2024-07-18 00:00:00+00:00, run_after=2024-07-19 00:00:00+00:00
[2024-07-19T06:32:18.814+0000] {processor.py:183} INFO - Processing /home/airflow/.local/lib/python3.12/site-packages/airflow/example_dags/example_task_group_decorator.py took 0.141 seconds
[2024-07-19T06:32:48.865+0000] {processor.py:161} INFO - Started process (PID=8690) to work on /home/airflow/.local/lib/python3.12/site-packages/airflow/example_dags/example_task_group_decorator.py
[2024-07-19T06:32:48.867+0000] {processor.py:830} INFO - Processing file /home/airflow/.local/lib/python3.12/site-packages/airflow/example_dags/example_task_group_decorator.py for tasks to queue
[2024-07-19T06:32:48.868+0000] {logging_mixin.py:188} INFO - [2024-07-19T06:32:48.868+0000] {dagbag.py:545} INFO - Filling up the DagBag from /home/airflow/.local/lib/python3.12/site-packages/airflow/example_dags/example_task_group_decorator.py
[2024-07-19T06:32:48.888+0000] {processor.py:840} INFO - DAG(s) 'example_task_group_decorator' retrieved from /home/airflow/.local/lib/python3.12/site-packages/airflow/example_dags/example_task_group_decorator.py
[2024-07-19T06:32:48.926+0000] {logging_mixin.py:188} INFO - [2024-07-19T06:32:48.926+0000] {dag.py:3089} INFO - Sync 1 DAGs
[2024-07-19T06:32:48.957+0000] {logging_mixin.py:188} INFO - [2024-07-19T06:32:48.956+0000] {dag.py:3947} INFO - Setting next_dagrun for example_task_group_decorator to 2024-07-18 00:00:00+00:00, run_after=2024-07-19 00:00:00+00:00
[2024-07-19T06:32:48.980+0000] {processor.py:183} INFO - Processing /home/airflow/.local/lib/python3.12/site-packages/airflow/example_dags/example_task_group_decorator.py took 0.123 seconds
[2024-07-19T06:33:19.026+0000] {processor.py:161} INFO - Started process (PID=8750) to work on /home/airflow/.local/lib/python3.12/site-packages/airflow/example_dags/example_task_group_decorator.py
[2024-07-19T06:33:19.028+0000] {processor.py:830} INFO - Processing file /home/airflow/.local/lib/python3.12/site-packages/airflow/example_dags/example_task_group_decorator.py for tasks to queue
[2024-07-19T06:33:19.029+0000] {logging_mixin.py:188} INFO - [2024-07-19T06:33:19.029+0000] {dagbag.py:545} INFO - Filling up the DagBag from /home/airflow/.local/lib/python3.12/site-packages/airflow/example_dags/example_task_group_decorator.py
[2024-07-19T06:33:19.047+0000] {processor.py:840} INFO - DAG(s) 'example_task_group_decorator' retrieved from /home/airflow/.local/lib/python3.12/site-packages/airflow/example_dags/example_task_group_decorator.py
[2024-07-19T06:33:19.085+0000] {logging_mixin.py:188} INFO - [2024-07-19T06:33:19.085+0000] {dag.py:3089} INFO - Sync 1 DAGs
[2024-07-19T06:33:19.116+0000] {logging_mixin.py:188} INFO - [2024-07-19T06:33:19.116+0000] {dag.py:3947} INFO - Setting next_dagrun for example_task_group_decorator to 2024-07-18 00:00:00+00:00, run_after=2024-07-19 00:00:00+00:00
[2024-07-19T06:33:19.143+0000] {processor.py:183} INFO - Processing /home/airflow/.local/lib/python3.12/site-packages/airflow/example_dags/example_task_group_decorator.py took 0.125 seconds
[2024-07-19T06:33:49.416+0000] {processor.py:161} INFO - Started process (PID=8810) to work on /home/airflow/.local/lib/python3.12/site-packages/airflow/example_dags/example_task_group_decorator.py
[2024-07-19T06:33:49.417+0000] {processor.py:830} INFO - Processing file /home/airflow/.local/lib/python3.12/site-packages/airflow/example_dags/example_task_group_decorator.py for tasks to queue
[2024-07-19T06:33:49.419+0000] {logging_mixin.py:188} INFO - [2024-07-19T06:33:49.418+0000] {dagbag.py:545} INFO - Filling up the DagBag from /home/airflow/.local/lib/python3.12/site-packages/airflow/example_dags/example_task_group_decorator.py
[2024-07-19T06:33:49.437+0000] {processor.py:840} INFO - DAG(s) 'example_task_group_decorator' retrieved from /home/airflow/.local/lib/python3.12/site-packages/airflow/example_dags/example_task_group_decorator.py
[2024-07-19T06:33:49.470+0000] {logging_mixin.py:188} INFO - [2024-07-19T06:33:49.470+0000] {dag.py:3089} INFO - Sync 1 DAGs
[2024-07-19T06:33:49.497+0000] {logging_mixin.py:188} INFO - [2024-07-19T06:33:49.497+0000] {dag.py:3947} INFO - Setting next_dagrun for example_task_group_decorator to 2024-07-18 00:00:00+00:00, run_after=2024-07-19 00:00:00+00:00
[2024-07-19T06:33:49.525+0000] {processor.py:183} INFO - Processing /home/airflow/.local/lib/python3.12/site-packages/airflow/example_dags/example_task_group_decorator.py took 0.118 seconds
[2024-07-19T06:34:19.778+0000] {processor.py:161} INFO - Started process (PID=8870) to work on /home/airflow/.local/lib/python3.12/site-packages/airflow/example_dags/example_task_group_decorator.py
[2024-07-19T06:34:19.780+0000] {processor.py:830} INFO - Processing file /home/airflow/.local/lib/python3.12/site-packages/airflow/example_dags/example_task_group_decorator.py for tasks to queue
[2024-07-19T06:34:19.781+0000] {logging_mixin.py:188} INFO - [2024-07-19T06:34:19.781+0000] {dagbag.py:545} INFO - Filling up the DagBag from /home/airflow/.local/lib/python3.12/site-packages/airflow/example_dags/example_task_group_decorator.py
[2024-07-19T06:34:19.804+0000] {processor.py:840} INFO - DAG(s) 'example_task_group_decorator' retrieved from /home/airflow/.local/lib/python3.12/site-packages/airflow/example_dags/example_task_group_decorator.py
[2024-07-19T06:34:19.842+0000] {logging_mixin.py:188} INFO - [2024-07-19T06:34:19.841+0000] {dag.py:3089} INFO - Sync 1 DAGs
[2024-07-19T06:34:19.873+0000] {logging_mixin.py:188} INFO - [2024-07-19T06:34:19.873+0000] {dag.py:3947} INFO - Setting next_dagrun for example_task_group_decorator to 2024-07-18 00:00:00+00:00, run_after=2024-07-19 00:00:00+00:00
[2024-07-19T06:34:19.899+0000] {processor.py:183} INFO - Processing /home/airflow/.local/lib/python3.12/site-packages/airflow/example_dags/example_task_group_decorator.py took 0.131 seconds
[2024-07-19T06:34:50.027+0000] {processor.py:161} INFO - Started process (PID=8929) to work on /home/airflow/.local/lib/python3.12/site-packages/airflow/example_dags/example_task_group_decorator.py
[2024-07-19T06:34:50.028+0000] {processor.py:830} INFO - Processing file /home/airflow/.local/lib/python3.12/site-packages/airflow/example_dags/example_task_group_decorator.py for tasks to queue
[2024-07-19T06:34:50.029+0000] {logging_mixin.py:188} INFO - [2024-07-19T06:34:50.029+0000] {dagbag.py:545} INFO - Filling up the DagBag from /home/airflow/.local/lib/python3.12/site-packages/airflow/example_dags/example_task_group_decorator.py
[2024-07-19T06:34:50.047+0000] {processor.py:840} INFO - DAG(s) 'example_task_group_decorator' retrieved from /home/airflow/.local/lib/python3.12/site-packages/airflow/example_dags/example_task_group_decorator.py
[2024-07-19T06:34:50.079+0000] {logging_mixin.py:188} INFO - [2024-07-19T06:34:50.079+0000] {dag.py:3089} INFO - Sync 1 DAGs
[2024-07-19T06:34:50.104+0000] {logging_mixin.py:188} INFO - [2024-07-19T06:34:50.103+0000] {dag.py:3947} INFO - Setting next_dagrun for example_task_group_decorator to 2024-07-18 00:00:00+00:00, run_after=2024-07-19 00:00:00+00:00
[2024-07-19T06:34:50.125+0000] {processor.py:183} INFO - Processing /home/airflow/.local/lib/python3.12/site-packages/airflow/example_dags/example_task_group_decorator.py took 0.106 seconds
[2024-07-19T06:35:20.573+0000] {processor.py:161} INFO - Started process (PID=8989) to work on /home/airflow/.local/lib/python3.12/site-packages/airflow/example_dags/example_task_group_decorator.py
[2024-07-19T06:35:20.575+0000] {processor.py:830} INFO - Processing file /home/airflow/.local/lib/python3.12/site-packages/airflow/example_dags/example_task_group_decorator.py for tasks to queue
[2024-07-19T06:35:20.577+0000] {logging_mixin.py:188} INFO - [2024-07-19T06:35:20.576+0000] {dagbag.py:545} INFO - Filling up the DagBag from /home/airflow/.local/lib/python3.12/site-packages/airflow/example_dags/example_task_group_decorator.py
[2024-07-19T06:35:20.601+0000] {processor.py:840} INFO - DAG(s) 'example_task_group_decorator' retrieved from /home/airflow/.local/lib/python3.12/site-packages/airflow/example_dags/example_task_group_decorator.py
[2024-07-19T06:35:20.651+0000] {logging_mixin.py:188} INFO - [2024-07-19T06:35:20.650+0000] {dag.py:3089} INFO - Sync 1 DAGs
[2024-07-19T06:35:20.692+0000] {logging_mixin.py:188} INFO - [2024-07-19T06:35:20.691+0000] {dag.py:3947} INFO - Setting next_dagrun for example_task_group_decorator to 2024-07-18 00:00:00+00:00, run_after=2024-07-19 00:00:00+00:00
[2024-07-19T06:35:20.719+0000] {processor.py:183} INFO - Processing /home/airflow/.local/lib/python3.12/site-packages/airflow/example_dags/example_task_group_decorator.py took 0.155 seconds
[2024-07-19T06:35:51.455+0000] {processor.py:161} INFO - Started process (PID=9047) to work on /home/airflow/.local/lib/python3.12/site-packages/airflow/example_dags/example_task_group_decorator.py
[2024-07-19T06:35:51.456+0000] {processor.py:830} INFO - Processing file /home/airflow/.local/lib/python3.12/site-packages/airflow/example_dags/example_task_group_decorator.py for tasks to queue
[2024-07-19T06:35:51.457+0000] {logging_mixin.py:188} INFO - [2024-07-19T06:35:51.457+0000] {dagbag.py:545} INFO - Filling up the DagBag from /home/airflow/.local/lib/python3.12/site-packages/airflow/example_dags/example_task_group_decorator.py
[2024-07-19T06:35:51.476+0000] {processor.py:840} INFO - DAG(s) 'example_task_group_decorator' retrieved from /home/airflow/.local/lib/python3.12/site-packages/airflow/example_dags/example_task_group_decorator.py
[2024-07-19T06:35:51.508+0000] {logging_mixin.py:188} INFO - [2024-07-19T06:35:51.508+0000] {dag.py:3089} INFO - Sync 1 DAGs
[2024-07-19T06:35:51.530+0000] {logging_mixin.py:188} INFO - [2024-07-19T06:35:51.530+0000] {dag.py:3947} INFO - Setting next_dagrun for example_task_group_decorator to 2024-07-18 00:00:00+00:00, run_after=2024-07-19 00:00:00+00:00
[2024-07-19T06:35:51.550+0000] {processor.py:183} INFO - Processing /home/airflow/.local/lib/python3.12/site-packages/airflow/example_dags/example_task_group_decorator.py took 0.103 seconds
[2024-07-19T06:36:22.101+0000] {processor.py:161} INFO - Started process (PID=9107) to work on /home/airflow/.local/lib/python3.12/site-packages/airflow/example_dags/example_task_group_decorator.py
[2024-07-19T06:36:22.103+0000] {processor.py:830} INFO - Processing file /home/airflow/.local/lib/python3.12/site-packages/airflow/example_dags/example_task_group_decorator.py for tasks to queue
[2024-07-19T06:36:22.105+0000] {logging_mixin.py:188} INFO - [2024-07-19T06:36:22.105+0000] {dagbag.py:545} INFO - Filling up the DagBag from /home/airflow/.local/lib/python3.12/site-packages/airflow/example_dags/example_task_group_decorator.py
[2024-07-19T06:36:22.135+0000] {processor.py:840} INFO - DAG(s) 'example_task_group_decorator' retrieved from /home/airflow/.local/lib/python3.12/site-packages/airflow/example_dags/example_task_group_decorator.py
[2024-07-19T06:36:22.193+0000] {logging_mixin.py:188} INFO - [2024-07-19T06:36:22.193+0000] {dag.py:3089} INFO - Sync 1 DAGs
[2024-07-19T06:36:22.243+0000] {logging_mixin.py:188} INFO - [2024-07-19T06:36:22.242+0000] {dag.py:3947} INFO - Setting next_dagrun for example_task_group_decorator to 2024-07-18 00:00:00+00:00, run_after=2024-07-19 00:00:00+00:00
[2024-07-19T06:36:22.282+0000] {processor.py:183} INFO - Processing /home/airflow/.local/lib/python3.12/site-packages/airflow/example_dags/example_task_group_decorator.py took 0.191 seconds
[2024-07-19T06:36:52.994+0000] {processor.py:161} INFO - Started process (PID=9167) to work on /home/airflow/.local/lib/python3.12/site-packages/airflow/example_dags/example_task_group_decorator.py
[2024-07-19T06:36:52.996+0000] {processor.py:830} INFO - Processing file /home/airflow/.local/lib/python3.12/site-packages/airflow/example_dags/example_task_group_decorator.py for tasks to queue
[2024-07-19T06:36:52.999+0000] {logging_mixin.py:188} INFO - [2024-07-19T06:36:52.998+0000] {dagbag.py:545} INFO - Filling up the DagBag from /home/airflow/.local/lib/python3.12/site-packages/airflow/example_dags/example_task_group_decorator.py
[2024-07-19T06:36:53.027+0000] {processor.py:840} INFO - DAG(s) 'example_task_group_decorator' retrieved from /home/airflow/.local/lib/python3.12/site-packages/airflow/example_dags/example_task_group_decorator.py
[2024-07-19T06:36:53.068+0000] {logging_mixin.py:188} INFO - [2024-07-19T06:36:53.068+0000] {dag.py:3089} INFO - Sync 1 DAGs
[2024-07-19T06:36:53.097+0000] {logging_mixin.py:188} INFO - [2024-07-19T06:36:53.097+0000] {dag.py:3947} INFO - Setting next_dagrun for example_task_group_decorator to 2024-07-18 00:00:00+00:00, run_after=2024-07-19 00:00:00+00:00
[2024-07-19T06:36:53.141+0000] {processor.py:183} INFO - Processing /home/airflow/.local/lib/python3.12/site-packages/airflow/example_dags/example_task_group_decorator.py took 0.158 seconds
[2024-07-19T06:37:23.436+0000] {processor.py:161} INFO - Started process (PID=9227) to work on /home/airflow/.local/lib/python3.12/site-packages/airflow/example_dags/example_task_group_decorator.py
[2024-07-19T06:37:23.437+0000] {processor.py:830} INFO - Processing file /home/airflow/.local/lib/python3.12/site-packages/airflow/example_dags/example_task_group_decorator.py for tasks to queue
[2024-07-19T06:37:23.438+0000] {logging_mixin.py:188} INFO - [2024-07-19T06:37:23.438+0000] {dagbag.py:545} INFO - Filling up the DagBag from /home/airflow/.local/lib/python3.12/site-packages/airflow/example_dags/example_task_group_decorator.py
[2024-07-19T06:37:23.458+0000] {processor.py:840} INFO - DAG(s) 'example_task_group_decorator' retrieved from /home/airflow/.local/lib/python3.12/site-packages/airflow/example_dags/example_task_group_decorator.py
[2024-07-19T06:37:23.496+0000] {logging_mixin.py:188} INFO - [2024-07-19T06:37:23.496+0000] {dag.py:3089} INFO - Sync 1 DAGs
[2024-07-19T06:37:23.751+0000] {logging_mixin.py:188} INFO - [2024-07-19T06:37:23.751+0000] {dag.py:3947} INFO - Setting next_dagrun for example_task_group_decorator to 2024-07-18 00:00:00+00:00, run_after=2024-07-19 00:00:00+00:00
[2024-07-19T06:37:23.777+0000] {processor.py:183} INFO - Processing /home/airflow/.local/lib/python3.12/site-packages/airflow/example_dags/example_task_group_decorator.py took 0.349 seconds
[2024-07-19T06:37:53.948+0000] {processor.py:161} INFO - Started process (PID=9287) to work on /home/airflow/.local/lib/python3.12/site-packages/airflow/example_dags/example_task_group_decorator.py
[2024-07-19T06:37:53.950+0000] {processor.py:830} INFO - Processing file /home/airflow/.local/lib/python3.12/site-packages/airflow/example_dags/example_task_group_decorator.py for tasks to queue
[2024-07-19T06:37:53.951+0000] {logging_mixin.py:188} INFO - [2024-07-19T06:37:53.951+0000] {dagbag.py:545} INFO - Filling up the DagBag from /home/airflow/.local/lib/python3.12/site-packages/airflow/example_dags/example_task_group_decorator.py
[2024-07-19T06:37:53.971+0000] {processor.py:840} INFO - DAG(s) 'example_task_group_decorator' retrieved from /home/airflow/.local/lib/python3.12/site-packages/airflow/example_dags/example_task_group_decorator.py
[2024-07-19T06:37:54.010+0000] {logging_mixin.py:188} INFO - [2024-07-19T06:37:54.009+0000] {dag.py:3089} INFO - Sync 1 DAGs
[2024-07-19T06:37:54.237+0000] {logging_mixin.py:188} INFO - [2024-07-19T06:37:54.237+0000] {dag.py:3947} INFO - Setting next_dagrun for example_task_group_decorator to 2024-07-18 00:00:00+00:00, run_after=2024-07-19 00:00:00+00:00
[2024-07-19T06:37:54.261+0000] {processor.py:183} INFO - Processing /home/airflow/.local/lib/python3.12/site-packages/airflow/example_dags/example_task_group_decorator.py took 0.322 seconds
[2024-07-19T06:38:24.573+0000] {processor.py:161} INFO - Started process (PID=9347) to work on /home/airflow/.local/lib/python3.12/site-packages/airflow/example_dags/example_task_group_decorator.py
[2024-07-19T06:38:24.575+0000] {processor.py:830} INFO - Processing file /home/airflow/.local/lib/python3.12/site-packages/airflow/example_dags/example_task_group_decorator.py for tasks to queue
[2024-07-19T06:38:24.578+0000] {logging_mixin.py:188} INFO - [2024-07-19T06:38:24.577+0000] {dagbag.py:545} INFO - Filling up the DagBag from /home/airflow/.local/lib/python3.12/site-packages/airflow/example_dags/example_task_group_decorator.py
[2024-07-19T06:38:24.607+0000] {processor.py:840} INFO - DAG(s) 'example_task_group_decorator' retrieved from /home/airflow/.local/lib/python3.12/site-packages/airflow/example_dags/example_task_group_decorator.py
[2024-07-19T06:38:24.666+0000] {logging_mixin.py:188} INFO - [2024-07-19T06:38:24.665+0000] {dag.py:3089} INFO - Sync 1 DAGs
[2024-07-19T06:38:24.702+0000] {logging_mixin.py:188} INFO - [2024-07-19T06:38:24.702+0000] {dag.py:3947} INFO - Setting next_dagrun for example_task_group_decorator to 2024-07-18 00:00:00+00:00, run_after=2024-07-19 00:00:00+00:00
[2024-07-19T06:38:24.738+0000] {processor.py:183} INFO - Processing /home/airflow/.local/lib/python3.12/site-packages/airflow/example_dags/example_task_group_decorator.py took 0.177 seconds
[2024-07-19T06:38:55.469+0000] {processor.py:161} INFO - Started process (PID=9407) to work on /home/airflow/.local/lib/python3.12/site-packages/airflow/example_dags/example_task_group_decorator.py
[2024-07-19T06:38:55.470+0000] {processor.py:830} INFO - Processing file /home/airflow/.local/lib/python3.12/site-packages/airflow/example_dags/example_task_group_decorator.py for tasks to queue
[2024-07-19T06:38:55.472+0000] {logging_mixin.py:188} INFO - [2024-07-19T06:38:55.471+0000] {dagbag.py:545} INFO - Filling up the DagBag from /home/airflow/.local/lib/python3.12/site-packages/airflow/example_dags/example_task_group_decorator.py
[2024-07-19T06:38:55.493+0000] {processor.py:840} INFO - DAG(s) 'example_task_group_decorator' retrieved from /home/airflow/.local/lib/python3.12/site-packages/airflow/example_dags/example_task_group_decorator.py
[2024-07-19T06:38:55.533+0000] {logging_mixin.py:188} INFO - [2024-07-19T06:38:55.532+0000] {dag.py:3089} INFO - Sync 1 DAGs
[2024-07-19T06:38:55.559+0000] {logging_mixin.py:188} INFO - [2024-07-19T06:38:55.559+0000] {dag.py:3947} INFO - Setting next_dagrun for example_task_group_decorator to 2024-07-18 00:00:00+00:00, run_after=2024-07-19 00:00:00+00:00
[2024-07-19T06:38:55.582+0000] {processor.py:183} INFO - Processing /home/airflow/.local/lib/python3.12/site-packages/airflow/example_dags/example_task_group_decorator.py took 0.122 seconds
