[2024-07-19T00:38:12.309+0000] {processor.py:161} INFO - Started process (PID=6066) to work on /home/airflow/.local/lib/python3.12/site-packages/airflow/example_dags/example_sla_dag.py
[2024-07-19T00:38:12.310+0000] {processor.py:830} INFO - Processing file /home/airflow/.local/lib/python3.12/site-packages/airflow/example_dags/example_sla_dag.py for tasks to queue
[2024-07-19T00:38:12.311+0000] {logging_mixin.py:188} INFO - [2024-07-19T00:38:12.311+0000] {dagbag.py:545} INFO - Filling up the DagBag from /home/airflow/.local/lib/python3.12/site-packages/airflow/example_dags/example_sla_dag.py
[2024-07-19T00:38:12.323+0000] {processor.py:840} INFO - DAG(s) 'example_sla_dag' retrieved from /home/airflow/.local/lib/python3.12/site-packages/airflow/example_dags/example_sla_dag.py
[2024-07-19T00:38:12.365+0000] {logging_mixin.py:188} INFO - [2024-07-19T00:38:12.364+0000] {dag.py:3089} INFO - Sync 1 DAGs
[2024-07-19T00:38:12.409+0000] {logging_mixin.py:188} INFO - [2024-07-19T00:38:12.409+0000] {dag.py:3947} INFO - Setting next_dagrun for example_sla_dag to 2024-07-19 00:36:00+00:00, run_after=2024-07-19 00:38:00+00:00
[2024-07-19T00:38:12.429+0000] {processor.py:183} INFO - Processing /home/airflow/.local/lib/python3.12/site-packages/airflow/example_dags/example_sla_dag.py took 0.129 seconds
[2024-07-19T02:38:36.200+0000] {processor.py:161} INFO - Started process (PID=6108) to work on /home/airflow/.local/lib/python3.12/site-packages/airflow/example_dags/example_sla_dag.py
[2024-07-19T02:38:36.202+0000] {processor.py:830} INFO - Processing file /home/airflow/.local/lib/python3.12/site-packages/airflow/example_dags/example_sla_dag.py for tasks to queue
[2024-07-19T02:38:36.203+0000] {logging_mixin.py:188} INFO - [2024-07-19T02:38:36.203+0000] {dagbag.py:545} INFO - Filling up the DagBag from /home/airflow/.local/lib/python3.12/site-packages/airflow/example_dags/example_sla_dag.py
[2024-07-19T02:38:36.217+0000] {processor.py:840} INFO - DAG(s) 'example_sla_dag' retrieved from /home/airflow/.local/lib/python3.12/site-packages/airflow/example_dags/example_sla_dag.py
[2024-07-19T02:38:36.255+0000] {logging_mixin.py:188} INFO - [2024-07-19T02:38:36.254+0000] {dag.py:3089} INFO - Sync 1 DAGs
[2024-07-19T02:38:36.307+0000] {logging_mixin.py:188} INFO - [2024-07-19T02:38:36.306+0000] {dag.py:3947} INFO - Setting next_dagrun for example_sla_dag to 2024-07-19 02:36:00+00:00, run_after=2024-07-19 02:38:00+00:00
[2024-07-19T02:38:36.359+0000] {processor.py:183} INFO - Processing /home/airflow/.local/lib/python3.12/site-packages/airflow/example_dags/example_sla_dag.py took 0.169 seconds
[2024-07-19T05:26:53.502+0000] {processor.py:161} INFO - Started process (PID=6168) to work on /home/airflow/.local/lib/python3.12/site-packages/airflow/example_dags/example_sla_dag.py
[2024-07-19T05:26:53.504+0000] {processor.py:830} INFO - Processing file /home/airflow/.local/lib/python3.12/site-packages/airflow/example_dags/example_sla_dag.py for tasks to queue
[2024-07-19T05:26:53.505+0000] {logging_mixin.py:188} INFO - [2024-07-19T05:26:53.504+0000] {dagbag.py:545} INFO - Filling up the DagBag from /home/airflow/.local/lib/python3.12/site-packages/airflow/example_dags/example_sla_dag.py
[2024-07-19T05:26:53.539+0000] {processor.py:840} INFO - DAG(s) 'example_sla_dag' retrieved from /home/airflow/.local/lib/python3.12/site-packages/airflow/example_dags/example_sla_dag.py
[2024-07-19T05:26:53.569+0000] {logging_mixin.py:188} INFO - [2024-07-19T05:26:53.568+0000] {dag.py:3089} INFO - Sync 1 DAGs
[2024-07-19T05:26:53.608+0000] {logging_mixin.py:188} INFO - [2024-07-19T05:26:53.608+0000] {dag.py:3947} INFO - Setting next_dagrun for example_sla_dag to 2024-07-19 05:24:00+00:00, run_after=2024-07-19 05:26:00+00:00
[2024-07-19T05:26:53.635+0000] {processor.py:183} INFO - Processing /home/airflow/.local/lib/python3.12/site-packages/airflow/example_dags/example_sla_dag.py took 0.139 seconds
[2024-07-19T06:11:58.049+0000] {processor.py:161} INFO - Started process (PID=6222) to work on /home/airflow/.local/lib/python3.12/site-packages/airflow/example_dags/example_sla_dag.py
[2024-07-19T06:11:58.051+0000] {processor.py:830} INFO - Processing file /home/airflow/.local/lib/python3.12/site-packages/airflow/example_dags/example_sla_dag.py for tasks to queue
[2024-07-19T06:11:58.052+0000] {logging_mixin.py:188} INFO - [2024-07-19T06:11:58.052+0000] {dagbag.py:545} INFO - Filling up the DagBag from /home/airflow/.local/lib/python3.12/site-packages/airflow/example_dags/example_sla_dag.py
[2024-07-19T06:11:58.063+0000] {processor.py:840} INFO - DAG(s) 'example_sla_dag' retrieved from /home/airflow/.local/lib/python3.12/site-packages/airflow/example_dags/example_sla_dag.py
[2024-07-19T06:11:58.100+0000] {logging_mixin.py:188} INFO - [2024-07-19T06:11:58.099+0000] {dag.py:3089} INFO - Sync 1 DAGs
[2024-07-19T06:11:58.156+0000] {logging_mixin.py:188} INFO - [2024-07-19T06:11:58.156+0000] {dag.py:3947} INFO - Setting next_dagrun for example_sla_dag to 2024-07-19 06:08:00+00:00, run_after=2024-07-19 06:10:00+00:00
[2024-07-19T06:11:58.206+0000] {processor.py:183} INFO - Processing /home/airflow/.local/lib/python3.12/site-packages/airflow/example_dags/example_sla_dag.py took 0.164 seconds
[2024-07-19T06:12:29.101+0000] {processor.py:161} INFO - Started process (PID=6282) to work on /home/airflow/.local/lib/python3.12/site-packages/airflow/example_dags/example_sla_dag.py
[2024-07-19T06:12:29.102+0000] {processor.py:830} INFO - Processing file /home/airflow/.local/lib/python3.12/site-packages/airflow/example_dags/example_sla_dag.py for tasks to queue
[2024-07-19T06:12:29.104+0000] {logging_mixin.py:188} INFO - [2024-07-19T06:12:29.104+0000] {dagbag.py:545} INFO - Filling up the DagBag from /home/airflow/.local/lib/python3.12/site-packages/airflow/example_dags/example_sla_dag.py
[2024-07-19T06:12:29.117+0000] {processor.py:840} INFO - DAG(s) 'example_sla_dag' retrieved from /home/airflow/.local/lib/python3.12/site-packages/airflow/example_dags/example_sla_dag.py
[2024-07-19T06:12:29.148+0000] {logging_mixin.py:188} INFO - [2024-07-19T06:12:29.147+0000] {dag.py:3089} INFO - Sync 1 DAGs
[2024-07-19T06:12:29.188+0000] {logging_mixin.py:188} INFO - [2024-07-19T06:12:29.187+0000] {dag.py:3947} INFO - Setting next_dagrun for example_sla_dag to 2024-07-19 06:10:00+00:00, run_after=2024-07-19 06:12:00+00:00
[2024-07-19T06:12:29.219+0000] {processor.py:183} INFO - Processing /home/airflow/.local/lib/python3.12/site-packages/airflow/example_dags/example_sla_dag.py took 0.128 seconds
[2024-07-19T06:12:59.268+0000] {processor.py:161} INFO - Started process (PID=6340) to work on /home/airflow/.local/lib/python3.12/site-packages/airflow/example_dags/example_sla_dag.py
[2024-07-19T06:12:59.270+0000] {processor.py:830} INFO - Processing file /home/airflow/.local/lib/python3.12/site-packages/airflow/example_dags/example_sla_dag.py for tasks to queue
[2024-07-19T06:12:59.271+0000] {logging_mixin.py:188} INFO - [2024-07-19T06:12:59.271+0000] {dagbag.py:545} INFO - Filling up the DagBag from /home/airflow/.local/lib/python3.12/site-packages/airflow/example_dags/example_sla_dag.py
[2024-07-19T06:12:59.284+0000] {processor.py:840} INFO - DAG(s) 'example_sla_dag' retrieved from /home/airflow/.local/lib/python3.12/site-packages/airflow/example_dags/example_sla_dag.py
[2024-07-19T06:12:59.311+0000] {logging_mixin.py:188} INFO - [2024-07-19T06:12:59.311+0000] {dag.py:3089} INFO - Sync 1 DAGs
[2024-07-19T06:12:59.350+0000] {logging_mixin.py:188} INFO - [2024-07-19T06:12:59.349+0000] {dag.py:3947} INFO - Setting next_dagrun for example_sla_dag to 2024-07-19 06:10:00+00:00, run_after=2024-07-19 06:12:00+00:00
[2024-07-19T06:12:59.373+0000] {processor.py:183} INFO - Processing /home/airflow/.local/lib/python3.12/site-packages/airflow/example_dags/example_sla_dag.py took 0.114 seconds
[2024-07-19T06:13:29.548+0000] {processor.py:161} INFO - Started process (PID=6400) to work on /home/airflow/.local/lib/python3.12/site-packages/airflow/example_dags/example_sla_dag.py
[2024-07-19T06:13:29.550+0000] {processor.py:830} INFO - Processing file /home/airflow/.local/lib/python3.12/site-packages/airflow/example_dags/example_sla_dag.py for tasks to queue
[2024-07-19T06:13:29.551+0000] {logging_mixin.py:188} INFO - [2024-07-19T06:13:29.551+0000] {dagbag.py:545} INFO - Filling up the DagBag from /home/airflow/.local/lib/python3.12/site-packages/airflow/example_dags/example_sla_dag.py
[2024-07-19T06:13:29.565+0000] {processor.py:840} INFO - DAG(s) 'example_sla_dag' retrieved from /home/airflow/.local/lib/python3.12/site-packages/airflow/example_dags/example_sla_dag.py
[2024-07-19T06:13:29.599+0000] {logging_mixin.py:188} INFO - [2024-07-19T06:13:29.599+0000] {dag.py:3089} INFO - Sync 1 DAGs
[2024-07-19T06:13:29.632+0000] {logging_mixin.py:188} INFO - [2024-07-19T06:13:29.631+0000] {dag.py:3947} INFO - Setting next_dagrun for example_sla_dag to 2024-07-19 06:10:00+00:00, run_after=2024-07-19 06:12:00+00:00
[2024-07-19T06:13:29.655+0000] {processor.py:183} INFO - Processing /home/airflow/.local/lib/python3.12/site-packages/airflow/example_dags/example_sla_dag.py took 0.117 seconds
[2024-07-19T06:14:00.133+0000] {processor.py:161} INFO - Started process (PID=6460) to work on /home/airflow/.local/lib/python3.12/site-packages/airflow/example_dags/example_sla_dag.py
[2024-07-19T06:14:00.135+0000] {processor.py:830} INFO - Processing file /home/airflow/.local/lib/python3.12/site-packages/airflow/example_dags/example_sla_dag.py for tasks to queue
[2024-07-19T06:14:00.138+0000] {logging_mixin.py:188} INFO - [2024-07-19T06:14:00.137+0000] {dagbag.py:545} INFO - Filling up the DagBag from /home/airflow/.local/lib/python3.12/site-packages/airflow/example_dags/example_sla_dag.py
[2024-07-19T06:14:00.150+0000] {processor.py:840} INFO - DAG(s) 'example_sla_dag' retrieved from /home/airflow/.local/lib/python3.12/site-packages/airflow/example_dags/example_sla_dag.py
[2024-07-19T06:14:00.179+0000] {logging_mixin.py:188} INFO - [2024-07-19T06:14:00.179+0000] {dag.py:3089} INFO - Sync 1 DAGs
[2024-07-19T06:14:00.210+0000] {logging_mixin.py:188} INFO - [2024-07-19T06:14:00.210+0000] {dag.py:3947} INFO - Setting next_dagrun for example_sla_dag to 2024-07-19 06:12:00+00:00, run_after=2024-07-19 06:14:00+00:00
[2024-07-19T06:14:00.234+0000] {processor.py:183} INFO - Processing /home/airflow/.local/lib/python3.12/site-packages/airflow/example_dags/example_sla_dag.py took 0.110 seconds
[2024-07-19T06:14:30.443+0000] {processor.py:161} INFO - Started process (PID=6520) to work on /home/airflow/.local/lib/python3.12/site-packages/airflow/example_dags/example_sla_dag.py
[2024-07-19T06:14:30.445+0000] {processor.py:830} INFO - Processing file /home/airflow/.local/lib/python3.12/site-packages/airflow/example_dags/example_sla_dag.py for tasks to queue
[2024-07-19T06:14:30.447+0000] {logging_mixin.py:188} INFO - [2024-07-19T06:14:30.446+0000] {dagbag.py:545} INFO - Filling up the DagBag from /home/airflow/.local/lib/python3.12/site-packages/airflow/example_dags/example_sla_dag.py
[2024-07-19T06:14:30.460+0000] {processor.py:840} INFO - DAG(s) 'example_sla_dag' retrieved from /home/airflow/.local/lib/python3.12/site-packages/airflow/example_dags/example_sla_dag.py
[2024-07-19T06:14:30.491+0000] {logging_mixin.py:188} INFO - [2024-07-19T06:14:30.491+0000] {dag.py:3089} INFO - Sync 1 DAGs
[2024-07-19T06:14:30.527+0000] {logging_mixin.py:188} INFO - [2024-07-19T06:14:30.526+0000] {dag.py:3947} INFO - Setting next_dagrun for example_sla_dag to 2024-07-19 06:12:00+00:00, run_after=2024-07-19 06:14:00+00:00
[2024-07-19T06:14:30.550+0000] {processor.py:183} INFO - Processing /home/airflow/.local/lib/python3.12/site-packages/airflow/example_dags/example_sla_dag.py took 0.116 seconds
[2024-07-19T06:15:00.699+0000] {processor.py:161} INFO - Started process (PID=6580) to work on /home/airflow/.local/lib/python3.12/site-packages/airflow/example_dags/example_sla_dag.py
[2024-07-19T06:15:00.701+0000] {processor.py:830} INFO - Processing file /home/airflow/.local/lib/python3.12/site-packages/airflow/example_dags/example_sla_dag.py for tasks to queue
[2024-07-19T06:15:00.703+0000] {logging_mixin.py:188} INFO - [2024-07-19T06:15:00.703+0000] {dagbag.py:545} INFO - Filling up the DagBag from /home/airflow/.local/lib/python3.12/site-packages/airflow/example_dags/example_sla_dag.py
[2024-07-19T06:15:00.733+0000] {processor.py:840} INFO - DAG(s) 'example_sla_dag' retrieved from /home/airflow/.local/lib/python3.12/site-packages/airflow/example_dags/example_sla_dag.py
[2024-07-19T06:15:00.795+0000] {logging_mixin.py:188} INFO - [2024-07-19T06:15:00.794+0000] {dag.py:3089} INFO - Sync 1 DAGs
[2024-07-19T06:15:00.886+0000] {logging_mixin.py:188} INFO - [2024-07-19T06:15:00.885+0000] {dag.py:3947} INFO - Setting next_dagrun for example_sla_dag to 2024-07-19 06:12:00+00:00, run_after=2024-07-19 06:14:00+00:00
[2024-07-19T06:15:00.952+0000] {processor.py:183} INFO - Processing /home/airflow/.local/lib/python3.12/site-packages/airflow/example_dags/example_sla_dag.py took 0.266 seconds
[2024-07-19T06:15:31.411+0000] {processor.py:161} INFO - Started process (PID=6640) to work on /home/airflow/.local/lib/python3.12/site-packages/airflow/example_dags/example_sla_dag.py
[2024-07-19T06:15:31.413+0000] {processor.py:830} INFO - Processing file /home/airflow/.local/lib/python3.12/site-packages/airflow/example_dags/example_sla_dag.py for tasks to queue
[2024-07-19T06:15:31.414+0000] {logging_mixin.py:188} INFO - [2024-07-19T06:15:31.414+0000] {dagbag.py:545} INFO - Filling up the DagBag from /home/airflow/.local/lib/python3.12/site-packages/airflow/example_dags/example_sla_dag.py
[2024-07-19T06:15:31.426+0000] {processor.py:840} INFO - DAG(s) 'example_sla_dag' retrieved from /home/airflow/.local/lib/python3.12/site-packages/airflow/example_dags/example_sla_dag.py
[2024-07-19T06:15:31.455+0000] {logging_mixin.py:188} INFO - [2024-07-19T06:15:31.454+0000] {dag.py:3089} INFO - Sync 1 DAGs
[2024-07-19T06:15:31.487+0000] {logging_mixin.py:188} INFO - [2024-07-19T06:15:31.486+0000] {dag.py:3947} INFO - Setting next_dagrun for example_sla_dag to 2024-07-19 06:12:00+00:00, run_after=2024-07-19 06:14:00+00:00
[2024-07-19T06:15:31.513+0000] {processor.py:183} INFO - Processing /home/airflow/.local/lib/python3.12/site-packages/airflow/example_dags/example_sla_dag.py took 0.110 seconds
[2024-07-19T06:16:02.044+0000] {processor.py:161} INFO - Started process (PID=6700) to work on /home/airflow/.local/lib/python3.12/site-packages/airflow/example_dags/example_sla_dag.py
[2024-07-19T06:16:02.046+0000] {processor.py:830} INFO - Processing file /home/airflow/.local/lib/python3.12/site-packages/airflow/example_dags/example_sla_dag.py for tasks to queue
[2024-07-19T06:16:02.048+0000] {logging_mixin.py:188} INFO - [2024-07-19T06:16:02.047+0000] {dagbag.py:545} INFO - Filling up the DagBag from /home/airflow/.local/lib/python3.12/site-packages/airflow/example_dags/example_sla_dag.py
[2024-07-19T06:16:02.061+0000] {processor.py:840} INFO - DAG(s) 'example_sla_dag' retrieved from /home/airflow/.local/lib/python3.12/site-packages/airflow/example_dags/example_sla_dag.py
[2024-07-19T06:16:02.093+0000] {logging_mixin.py:188} INFO - [2024-07-19T06:16:02.093+0000] {dag.py:3089} INFO - Sync 1 DAGs
[2024-07-19T06:16:02.124+0000] {logging_mixin.py:188} INFO - [2024-07-19T06:16:02.123+0000] {dag.py:3947} INFO - Setting next_dagrun for example_sla_dag to 2024-07-19 06:14:00+00:00, run_after=2024-07-19 06:16:00+00:00
[2024-07-19T06:16:02.147+0000] {processor.py:183} INFO - Processing /home/airflow/.local/lib/python3.12/site-packages/airflow/example_dags/example_sla_dag.py took 0.113 seconds
[2024-07-19T06:16:32.508+0000] {processor.py:161} INFO - Started process (PID=6760) to work on /home/airflow/.local/lib/python3.12/site-packages/airflow/example_dags/example_sla_dag.py
[2024-07-19T06:16:32.510+0000] {processor.py:830} INFO - Processing file /home/airflow/.local/lib/python3.12/site-packages/airflow/example_dags/example_sla_dag.py for tasks to queue
[2024-07-19T06:16:32.511+0000] {logging_mixin.py:188} INFO - [2024-07-19T06:16:32.511+0000] {dagbag.py:545} INFO - Filling up the DagBag from /home/airflow/.local/lib/python3.12/site-packages/airflow/example_dags/example_sla_dag.py
[2024-07-19T06:16:32.522+0000] {processor.py:840} INFO - DAG(s) 'example_sla_dag' retrieved from /home/airflow/.local/lib/python3.12/site-packages/airflow/example_dags/example_sla_dag.py
[2024-07-19T06:16:32.549+0000] {logging_mixin.py:188} INFO - [2024-07-19T06:16:32.549+0000] {dag.py:3089} INFO - Sync 1 DAGs
[2024-07-19T06:16:32.578+0000] {logging_mixin.py:188} INFO - [2024-07-19T06:16:32.578+0000] {dag.py:3947} INFO - Setting next_dagrun for example_sla_dag to 2024-07-19 06:14:00+00:00, run_after=2024-07-19 06:16:00+00:00
[2024-07-19T06:16:32.600+0000] {processor.py:183} INFO - Processing /home/airflow/.local/lib/python3.12/site-packages/airflow/example_dags/example_sla_dag.py took 0.102 seconds
[2024-07-19T06:17:02.802+0000] {processor.py:161} INFO - Started process (PID=6820) to work on /home/airflow/.local/lib/python3.12/site-packages/airflow/example_dags/example_sla_dag.py
[2024-07-19T06:17:02.803+0000] {processor.py:830} INFO - Processing file /home/airflow/.local/lib/python3.12/site-packages/airflow/example_dags/example_sla_dag.py for tasks to queue
[2024-07-19T06:17:02.805+0000] {logging_mixin.py:188} INFO - [2024-07-19T06:17:02.804+0000] {dagbag.py:545} INFO - Filling up the DagBag from /home/airflow/.local/lib/python3.12/site-packages/airflow/example_dags/example_sla_dag.py
[2024-07-19T06:17:02.815+0000] {processor.py:840} INFO - DAG(s) 'example_sla_dag' retrieved from /home/airflow/.local/lib/python3.12/site-packages/airflow/example_dags/example_sla_dag.py
[2024-07-19T06:17:02.845+0000] {logging_mixin.py:188} INFO - [2024-07-19T06:17:02.844+0000] {dag.py:3089} INFO - Sync 1 DAGs
[2024-07-19T06:17:02.877+0000] {logging_mixin.py:188} INFO - [2024-07-19T06:17:02.877+0000] {dag.py:3947} INFO - Setting next_dagrun for example_sla_dag to 2024-07-19 06:14:00+00:00, run_after=2024-07-19 06:16:00+00:00
[2024-07-19T06:17:02.900+0000] {processor.py:183} INFO - Processing /home/airflow/.local/lib/python3.12/site-packages/airflow/example_dags/example_sla_dag.py took 0.106 seconds
[2024-07-19T06:17:32.997+0000] {processor.py:161} INFO - Started process (PID=6880) to work on /home/airflow/.local/lib/python3.12/site-packages/airflow/example_dags/example_sla_dag.py
[2024-07-19T06:17:32.999+0000] {processor.py:830} INFO - Processing file /home/airflow/.local/lib/python3.12/site-packages/airflow/example_dags/example_sla_dag.py for tasks to queue
[2024-07-19T06:17:33.000+0000] {logging_mixin.py:188} INFO - [2024-07-19T06:17:33.000+0000] {dagbag.py:545} INFO - Filling up the DagBag from /home/airflow/.local/lib/python3.12/site-packages/airflow/example_dags/example_sla_dag.py
[2024-07-19T06:17:33.011+0000] {processor.py:840} INFO - DAG(s) 'example_sla_dag' retrieved from /home/airflow/.local/lib/python3.12/site-packages/airflow/example_dags/example_sla_dag.py
[2024-07-19T06:17:33.038+0000] {logging_mixin.py:188} INFO - [2024-07-19T06:17:33.037+0000] {dag.py:3089} INFO - Sync 1 DAGs
[2024-07-19T06:17:33.072+0000] {logging_mixin.py:188} INFO - [2024-07-19T06:17:33.072+0000] {dag.py:3947} INFO - Setting next_dagrun for example_sla_dag to 2024-07-19 06:14:00+00:00, run_after=2024-07-19 06:16:00+00:00
[2024-07-19T06:17:33.098+0000] {processor.py:183} INFO - Processing /home/airflow/.local/lib/python3.12/site-packages/airflow/example_dags/example_sla_dag.py took 0.109 seconds
[2024-07-19T06:18:03.316+0000] {processor.py:161} INFO - Started process (PID=6940) to work on /home/airflow/.local/lib/python3.12/site-packages/airflow/example_dags/example_sla_dag.py
[2024-07-19T06:18:03.318+0000] {processor.py:830} INFO - Processing file /home/airflow/.local/lib/python3.12/site-packages/airflow/example_dags/example_sla_dag.py for tasks to queue
[2024-07-19T06:18:03.319+0000] {logging_mixin.py:188} INFO - [2024-07-19T06:18:03.319+0000] {dagbag.py:545} INFO - Filling up the DagBag from /home/airflow/.local/lib/python3.12/site-packages/airflow/example_dags/example_sla_dag.py
[2024-07-19T06:18:03.330+0000] {processor.py:840} INFO - DAG(s) 'example_sla_dag' retrieved from /home/airflow/.local/lib/python3.12/site-packages/airflow/example_dags/example_sla_dag.py
[2024-07-19T06:18:03.355+0000] {logging_mixin.py:188} INFO - [2024-07-19T06:18:03.355+0000] {dag.py:3089} INFO - Sync 1 DAGs
[2024-07-19T06:18:03.385+0000] {logging_mixin.py:188} INFO - [2024-07-19T06:18:03.384+0000] {dag.py:3947} INFO - Setting next_dagrun for example_sla_dag to 2024-07-19 06:16:00+00:00, run_after=2024-07-19 06:18:00+00:00
[2024-07-19T06:18:03.408+0000] {processor.py:183} INFO - Processing /home/airflow/.local/lib/python3.12/site-packages/airflow/example_dags/example_sla_dag.py took 0.100 seconds
[2024-07-19T06:18:33.643+0000] {processor.py:161} INFO - Started process (PID=7000) to work on /home/airflow/.local/lib/python3.12/site-packages/airflow/example_dags/example_sla_dag.py
[2024-07-19T06:18:33.645+0000] {processor.py:830} INFO - Processing file /home/airflow/.local/lib/python3.12/site-packages/airflow/example_dags/example_sla_dag.py for tasks to queue
[2024-07-19T06:18:33.648+0000] {logging_mixin.py:188} INFO - [2024-07-19T06:18:33.647+0000] {dagbag.py:545} INFO - Filling up the DagBag from /home/airflow/.local/lib/python3.12/site-packages/airflow/example_dags/example_sla_dag.py
[2024-07-19T06:18:33.662+0000] {processor.py:840} INFO - DAG(s) 'example_sla_dag' retrieved from /home/airflow/.local/lib/python3.12/site-packages/airflow/example_dags/example_sla_dag.py
[2024-07-19T06:18:33.702+0000] {logging_mixin.py:188} INFO - [2024-07-19T06:18:33.702+0000] {dag.py:3089} INFO - Sync 1 DAGs
[2024-07-19T06:18:33.762+0000] {logging_mixin.py:188} INFO - [2024-07-19T06:18:33.761+0000] {dag.py:3947} INFO - Setting next_dagrun for example_sla_dag to 2024-07-19 06:16:00+00:00, run_after=2024-07-19 06:18:00+00:00
[2024-07-19T06:18:33.806+0000] {processor.py:183} INFO - Processing /home/airflow/.local/lib/python3.12/site-packages/airflow/example_dags/example_sla_dag.py took 0.178 seconds
[2024-07-19T06:19:03.947+0000] {processor.py:161} INFO - Started process (PID=7060) to work on /home/airflow/.local/lib/python3.12/site-packages/airflow/example_dags/example_sla_dag.py
[2024-07-19T06:19:03.948+0000] {processor.py:830} INFO - Processing file /home/airflow/.local/lib/python3.12/site-packages/airflow/example_dags/example_sla_dag.py for tasks to queue
[2024-07-19T06:19:03.950+0000] {logging_mixin.py:188} INFO - [2024-07-19T06:19:03.949+0000] {dagbag.py:545} INFO - Filling up the DagBag from /home/airflow/.local/lib/python3.12/site-packages/airflow/example_dags/example_sla_dag.py
[2024-07-19T06:19:03.962+0000] {processor.py:840} INFO - DAG(s) 'example_sla_dag' retrieved from /home/airflow/.local/lib/python3.12/site-packages/airflow/example_dags/example_sla_dag.py
[2024-07-19T06:19:03.993+0000] {logging_mixin.py:188} INFO - [2024-07-19T06:19:03.992+0000] {dag.py:3089} INFO - Sync 1 DAGs
[2024-07-19T06:19:04.026+0000] {logging_mixin.py:188} INFO - [2024-07-19T06:19:04.026+0000] {dag.py:3947} INFO - Setting next_dagrun for example_sla_dag to 2024-07-19 06:16:00+00:00, run_after=2024-07-19 06:18:00+00:00
[2024-07-19T06:19:04.050+0000] {processor.py:183} INFO - Processing /home/airflow/.local/lib/python3.12/site-packages/airflow/example_dags/example_sla_dag.py took 0.112 seconds
[2024-07-19T06:19:34.374+0000] {processor.py:161} INFO - Started process (PID=7120) to work on /home/airflow/.local/lib/python3.12/site-packages/airflow/example_dags/example_sla_dag.py
[2024-07-19T06:19:34.376+0000] {processor.py:830} INFO - Processing file /home/airflow/.local/lib/python3.12/site-packages/airflow/example_dags/example_sla_dag.py for tasks to queue
[2024-07-19T06:19:34.380+0000] {logging_mixin.py:188} INFO - [2024-07-19T06:19:34.379+0000] {dagbag.py:545} INFO - Filling up the DagBag from /home/airflow/.local/lib/python3.12/site-packages/airflow/example_dags/example_sla_dag.py
[2024-07-19T06:19:34.393+0000] {processor.py:840} INFO - DAG(s) 'example_sla_dag' retrieved from /home/airflow/.local/lib/python3.12/site-packages/airflow/example_dags/example_sla_dag.py
[2024-07-19T06:19:34.424+0000] {logging_mixin.py:188} INFO - [2024-07-19T06:19:34.424+0000] {dag.py:3089} INFO - Sync 1 DAGs
[2024-07-19T06:19:34.459+0000] {logging_mixin.py:188} INFO - [2024-07-19T06:19:34.459+0000] {dag.py:3947} INFO - Setting next_dagrun for example_sla_dag to 2024-07-19 06:16:00+00:00, run_after=2024-07-19 06:18:00+00:00
[2024-07-19T06:19:34.480+0000] {processor.py:183} INFO - Processing /home/airflow/.local/lib/python3.12/site-packages/airflow/example_dags/example_sla_dag.py took 0.117 seconds
[2024-07-19T06:20:04.877+0000] {processor.py:161} INFO - Started process (PID=7186) to work on /home/airflow/.local/lib/python3.12/site-packages/airflow/example_dags/example_sla_dag.py
[2024-07-19T06:20:04.879+0000] {processor.py:830} INFO - Processing file /home/airflow/.local/lib/python3.12/site-packages/airflow/example_dags/example_sla_dag.py for tasks to queue
[2024-07-19T06:20:04.880+0000] {logging_mixin.py:188} INFO - [2024-07-19T06:20:04.880+0000] {dagbag.py:545} INFO - Filling up the DagBag from /home/airflow/.local/lib/python3.12/site-packages/airflow/example_dags/example_sla_dag.py
[2024-07-19T06:20:04.889+0000] {processor.py:840} INFO - DAG(s) 'example_sla_dag' retrieved from /home/airflow/.local/lib/python3.12/site-packages/airflow/example_dags/example_sla_dag.py
[2024-07-19T06:20:04.914+0000] {logging_mixin.py:188} INFO - [2024-07-19T06:20:04.913+0000] {dag.py:3089} INFO - Sync 1 DAGs
[2024-07-19T06:20:04.940+0000] {logging_mixin.py:188} INFO - [2024-07-19T06:20:04.940+0000] {dag.py:3947} INFO - Setting next_dagrun for example_sla_dag to 2024-07-19 06:18:00+00:00, run_after=2024-07-19 06:20:00+00:00
[2024-07-19T06:20:04.960+0000] {processor.py:183} INFO - Processing /home/airflow/.local/lib/python3.12/site-packages/airflow/example_dags/example_sla_dag.py took 0.092 seconds
[2024-07-19T06:20:35.500+0000] {processor.py:161} INFO - Started process (PID=7246) to work on /home/airflow/.local/lib/python3.12/site-packages/airflow/example_dags/example_sla_dag.py
[2024-07-19T06:20:35.501+0000] {processor.py:830} INFO - Processing file /home/airflow/.local/lib/python3.12/site-packages/airflow/example_dags/example_sla_dag.py for tasks to queue
[2024-07-19T06:20:35.502+0000] {logging_mixin.py:188} INFO - [2024-07-19T06:20:35.502+0000] {dagbag.py:545} INFO - Filling up the DagBag from /home/airflow/.local/lib/python3.12/site-packages/airflow/example_dags/example_sla_dag.py
[2024-07-19T06:20:35.512+0000] {processor.py:840} INFO - DAG(s) 'example_sla_dag' retrieved from /home/airflow/.local/lib/python3.12/site-packages/airflow/example_dags/example_sla_dag.py
[2024-07-19T06:20:35.539+0000] {logging_mixin.py:188} INFO - [2024-07-19T06:20:35.539+0000] {dag.py:3089} INFO - Sync 1 DAGs
[2024-07-19T06:20:35.569+0000] {logging_mixin.py:188} INFO - [2024-07-19T06:20:35.569+0000] {dag.py:3947} INFO - Setting next_dagrun for example_sla_dag to 2024-07-19 06:18:00+00:00, run_after=2024-07-19 06:20:00+00:00
[2024-07-19T06:20:35.594+0000] {processor.py:183} INFO - Processing /home/airflow/.local/lib/python3.12/site-packages/airflow/example_dags/example_sla_dag.py took 0.103 seconds
[2024-07-19T06:21:06.032+0000] {processor.py:161} INFO - Started process (PID=7306) to work on /home/airflow/.local/lib/python3.12/site-packages/airflow/example_dags/example_sla_dag.py
[2024-07-19T06:21:06.033+0000] {processor.py:830} INFO - Processing file /home/airflow/.local/lib/python3.12/site-packages/airflow/example_dags/example_sla_dag.py for tasks to queue
[2024-07-19T06:21:06.035+0000] {logging_mixin.py:188} INFO - [2024-07-19T06:21:06.034+0000] {dagbag.py:545} INFO - Filling up the DagBag from /home/airflow/.local/lib/python3.12/site-packages/airflow/example_dags/example_sla_dag.py
[2024-07-19T06:21:06.045+0000] {processor.py:840} INFO - DAG(s) 'example_sla_dag' retrieved from /home/airflow/.local/lib/python3.12/site-packages/airflow/example_dags/example_sla_dag.py
[2024-07-19T06:21:06.074+0000] {logging_mixin.py:188} INFO - [2024-07-19T06:21:06.074+0000] {dag.py:3089} INFO - Sync 1 DAGs
[2024-07-19T06:21:06.104+0000] {logging_mixin.py:188} INFO - [2024-07-19T06:21:06.104+0000] {dag.py:3947} INFO - Setting next_dagrun for example_sla_dag to 2024-07-19 06:18:00+00:00, run_after=2024-07-19 06:20:00+00:00
[2024-07-19T06:21:06.127+0000] {processor.py:183} INFO - Processing /home/airflow/.local/lib/python3.12/site-packages/airflow/example_dags/example_sla_dag.py took 0.103 seconds
[2024-07-19T06:21:36.162+0000] {processor.py:161} INFO - Started process (PID=7366) to work on /home/airflow/.local/lib/python3.12/site-packages/airflow/example_dags/example_sla_dag.py
[2024-07-19T06:21:36.164+0000] {processor.py:830} INFO - Processing file /home/airflow/.local/lib/python3.12/site-packages/airflow/example_dags/example_sla_dag.py for tasks to queue
[2024-07-19T06:21:36.166+0000] {logging_mixin.py:188} INFO - [2024-07-19T06:21:36.165+0000] {dagbag.py:545} INFO - Filling up the DagBag from /home/airflow/.local/lib/python3.12/site-packages/airflow/example_dags/example_sla_dag.py
[2024-07-19T06:21:36.177+0000] {processor.py:840} INFO - DAG(s) 'example_sla_dag' retrieved from /home/airflow/.local/lib/python3.12/site-packages/airflow/example_dags/example_sla_dag.py
[2024-07-19T06:21:36.203+0000] {logging_mixin.py:188} INFO - [2024-07-19T06:21:36.203+0000] {dag.py:3089} INFO - Sync 1 DAGs
[2024-07-19T06:21:36.232+0000] {logging_mixin.py:188} INFO - [2024-07-19T06:21:36.232+0000] {dag.py:3947} INFO - Setting next_dagrun for example_sla_dag to 2024-07-19 06:18:00+00:00, run_after=2024-07-19 06:20:00+00:00
[2024-07-19T06:21:36.255+0000] {processor.py:183} INFO - Processing /home/airflow/.local/lib/python3.12/site-packages/airflow/example_dags/example_sla_dag.py took 0.102 seconds
[2024-07-19T06:22:06.406+0000] {processor.py:161} INFO - Started process (PID=7426) to work on /home/airflow/.local/lib/python3.12/site-packages/airflow/example_dags/example_sla_dag.py
[2024-07-19T06:22:06.407+0000] {processor.py:830} INFO - Processing file /home/airflow/.local/lib/python3.12/site-packages/airflow/example_dags/example_sla_dag.py for tasks to queue
[2024-07-19T06:22:06.409+0000] {logging_mixin.py:188} INFO - [2024-07-19T06:22:06.408+0000] {dagbag.py:545} INFO - Filling up the DagBag from /home/airflow/.local/lib/python3.12/site-packages/airflow/example_dags/example_sla_dag.py
[2024-07-19T06:22:06.420+0000] {processor.py:840} INFO - DAG(s) 'example_sla_dag' retrieved from /home/airflow/.local/lib/python3.12/site-packages/airflow/example_dags/example_sla_dag.py
[2024-07-19T06:22:06.447+0000] {logging_mixin.py:188} INFO - [2024-07-19T06:22:06.447+0000] {dag.py:3089} INFO - Sync 1 DAGs
[2024-07-19T06:22:06.475+0000] {logging_mixin.py:188} INFO - [2024-07-19T06:22:06.475+0000] {dag.py:3947} INFO - Setting next_dagrun for example_sla_dag to 2024-07-19 06:20:00+00:00, run_after=2024-07-19 06:22:00+00:00
[2024-07-19T06:22:06.497+0000] {processor.py:183} INFO - Processing /home/airflow/.local/lib/python3.12/site-packages/airflow/example_dags/example_sla_dag.py took 0.099 seconds
[2024-07-19T06:22:37.063+0000] {processor.py:161} INFO - Started process (PID=7487) to work on /home/airflow/.local/lib/python3.12/site-packages/airflow/example_dags/example_sla_dag.py
[2024-07-19T06:22:37.065+0000] {processor.py:830} INFO - Processing file /home/airflow/.local/lib/python3.12/site-packages/airflow/example_dags/example_sla_dag.py for tasks to queue
[2024-07-19T06:22:37.066+0000] {logging_mixin.py:188} INFO - [2024-07-19T06:22:37.066+0000] {dagbag.py:545} INFO - Filling up the DagBag from /home/airflow/.local/lib/python3.12/site-packages/airflow/example_dags/example_sla_dag.py
[2024-07-19T06:22:37.077+0000] {processor.py:840} INFO - DAG(s) 'example_sla_dag' retrieved from /home/airflow/.local/lib/python3.12/site-packages/airflow/example_dags/example_sla_dag.py
[2024-07-19T06:22:37.107+0000] {logging_mixin.py:188} INFO - [2024-07-19T06:22:37.107+0000] {dag.py:3089} INFO - Sync 1 DAGs
[2024-07-19T06:22:37.138+0000] {logging_mixin.py:188} INFO - [2024-07-19T06:22:37.138+0000] {dag.py:3947} INFO - Setting next_dagrun for example_sla_dag to 2024-07-19 06:20:00+00:00, run_after=2024-07-19 06:22:00+00:00
[2024-07-19T06:22:37.161+0000] {processor.py:183} INFO - Processing /home/airflow/.local/lib/python3.12/site-packages/airflow/example_dags/example_sla_dag.py took 0.107 seconds
[2024-07-19T06:23:07.285+0000] {processor.py:161} INFO - Started process (PID=7547) to work on /home/airflow/.local/lib/python3.12/site-packages/airflow/example_dags/example_sla_dag.py
[2024-07-19T06:23:07.287+0000] {processor.py:830} INFO - Processing file /home/airflow/.local/lib/python3.12/site-packages/airflow/example_dags/example_sla_dag.py for tasks to queue
[2024-07-19T06:23:07.289+0000] {logging_mixin.py:188} INFO - [2024-07-19T06:23:07.288+0000] {dagbag.py:545} INFO - Filling up the DagBag from /home/airflow/.local/lib/python3.12/site-packages/airflow/example_dags/example_sla_dag.py
[2024-07-19T06:23:07.299+0000] {processor.py:840} INFO - DAG(s) 'example_sla_dag' retrieved from /home/airflow/.local/lib/python3.12/site-packages/airflow/example_dags/example_sla_dag.py
[2024-07-19T06:23:07.326+0000] {logging_mixin.py:188} INFO - [2024-07-19T06:23:07.326+0000] {dag.py:3089} INFO - Sync 1 DAGs
[2024-07-19T06:23:07.356+0000] {logging_mixin.py:188} INFO - [2024-07-19T06:23:07.356+0000] {dag.py:3947} INFO - Setting next_dagrun for example_sla_dag to 2024-07-19 06:20:00+00:00, run_after=2024-07-19 06:22:00+00:00
[2024-07-19T06:23:07.380+0000] {processor.py:183} INFO - Processing /home/airflow/.local/lib/python3.12/site-packages/airflow/example_dags/example_sla_dag.py took 0.104 seconds
[2024-07-19T06:23:37.645+0000] {processor.py:161} INFO - Started process (PID=7606) to work on /home/airflow/.local/lib/python3.12/site-packages/airflow/example_dags/example_sla_dag.py
[2024-07-19T06:23:37.646+0000] {processor.py:830} INFO - Processing file /home/airflow/.local/lib/python3.12/site-packages/airflow/example_dags/example_sla_dag.py for tasks to queue
[2024-07-19T06:23:37.649+0000] {logging_mixin.py:188} INFO - [2024-07-19T06:23:37.647+0000] {dagbag.py:545} INFO - Filling up the DagBag from /home/airflow/.local/lib/python3.12/site-packages/airflow/example_dags/example_sla_dag.py
[2024-07-19T06:23:37.660+0000] {processor.py:840} INFO - DAG(s) 'example_sla_dag' retrieved from /home/airflow/.local/lib/python3.12/site-packages/airflow/example_dags/example_sla_dag.py
[2024-07-19T06:23:37.689+0000] {logging_mixin.py:188} INFO - [2024-07-19T06:23:37.689+0000] {dag.py:3089} INFO - Sync 1 DAGs
[2024-07-19T06:23:37.719+0000] {logging_mixin.py:188} INFO - [2024-07-19T06:23:37.719+0000] {dag.py:3947} INFO - Setting next_dagrun for example_sla_dag to 2024-07-19 06:20:00+00:00, run_after=2024-07-19 06:22:00+00:00
[2024-07-19T06:23:37.741+0000] {processor.py:183} INFO - Processing /home/airflow/.local/lib/python3.12/site-packages/airflow/example_dags/example_sla_dag.py took 0.105 seconds
[2024-07-19T06:24:08.267+0000] {processor.py:161} INFO - Started process (PID=7667) to work on /home/airflow/.local/lib/python3.12/site-packages/airflow/example_dags/example_sla_dag.py
[2024-07-19T06:24:08.268+0000] {processor.py:830} INFO - Processing file /home/airflow/.local/lib/python3.12/site-packages/airflow/example_dags/example_sla_dag.py for tasks to queue
[2024-07-19T06:24:08.270+0000] {logging_mixin.py:188} INFO - [2024-07-19T06:24:08.269+0000] {dagbag.py:545} INFO - Filling up the DagBag from /home/airflow/.local/lib/python3.12/site-packages/airflow/example_dags/example_sla_dag.py
[2024-07-19T06:24:08.281+0000] {processor.py:840} INFO - DAG(s) 'example_sla_dag' retrieved from /home/airflow/.local/lib/python3.12/site-packages/airflow/example_dags/example_sla_dag.py
[2024-07-19T06:24:08.307+0000] {logging_mixin.py:188} INFO - [2024-07-19T06:24:08.307+0000] {dag.py:3089} INFO - Sync 1 DAGs
[2024-07-19T06:24:08.336+0000] {logging_mixin.py:188} INFO - [2024-07-19T06:24:08.335+0000] {dag.py:3947} INFO - Setting next_dagrun for example_sla_dag to 2024-07-19 06:22:00+00:00, run_after=2024-07-19 06:24:00+00:00
[2024-07-19T06:24:08.357+0000] {processor.py:183} INFO - Processing /home/airflow/.local/lib/python3.12/site-packages/airflow/example_dags/example_sla_dag.py took 0.099 seconds
[2024-07-19T06:24:38.789+0000] {processor.py:161} INFO - Started process (PID=7727) to work on /home/airflow/.local/lib/python3.12/site-packages/airflow/example_dags/example_sla_dag.py
[2024-07-19T06:24:38.790+0000] {processor.py:830} INFO - Processing file /home/airflow/.local/lib/python3.12/site-packages/airflow/example_dags/example_sla_dag.py for tasks to queue
[2024-07-19T06:24:38.792+0000] {logging_mixin.py:188} INFO - [2024-07-19T06:24:38.792+0000] {dagbag.py:545} INFO - Filling up the DagBag from /home/airflow/.local/lib/python3.12/site-packages/airflow/example_dags/example_sla_dag.py
[2024-07-19T06:24:38.803+0000] {processor.py:840} INFO - DAG(s) 'example_sla_dag' retrieved from /home/airflow/.local/lib/python3.12/site-packages/airflow/example_dags/example_sla_dag.py
[2024-07-19T06:24:38.832+0000] {logging_mixin.py:188} INFO - [2024-07-19T06:24:38.831+0000] {dag.py:3089} INFO - Sync 1 DAGs
[2024-07-19T06:24:38.863+0000] {logging_mixin.py:188} INFO - [2024-07-19T06:24:38.863+0000] {dag.py:3947} INFO - Setting next_dagrun for example_sla_dag to 2024-07-19 06:22:00+00:00, run_after=2024-07-19 06:24:00+00:00
[2024-07-19T06:24:38.885+0000] {processor.py:183} INFO - Processing /home/airflow/.local/lib/python3.12/site-packages/airflow/example_dags/example_sla_dag.py took 0.104 seconds
[2024-07-19T06:25:09.780+0000] {processor.py:161} INFO - Started process (PID=7787) to work on /home/airflow/.local/lib/python3.12/site-packages/airflow/example_dags/example_sla_dag.py
[2024-07-19T06:25:09.782+0000] {processor.py:830} INFO - Processing file /home/airflow/.local/lib/python3.12/site-packages/airflow/example_dags/example_sla_dag.py for tasks to queue
[2024-07-19T06:25:09.784+0000] {logging_mixin.py:188} INFO - [2024-07-19T06:25:09.784+0000] {dagbag.py:545} INFO - Filling up the DagBag from /home/airflow/.local/lib/python3.12/site-packages/airflow/example_dags/example_sla_dag.py
[2024-07-19T06:25:09.799+0000] {processor.py:840} INFO - DAG(s) 'example_sla_dag' retrieved from /home/airflow/.local/lib/python3.12/site-packages/airflow/example_dags/example_sla_dag.py
[2024-07-19T06:25:09.830+0000] {logging_mixin.py:188} INFO - [2024-07-19T06:25:09.830+0000] {dag.py:3089} INFO - Sync 1 DAGs
[2024-07-19T06:25:09.864+0000] {logging_mixin.py:188} INFO - [2024-07-19T06:25:09.864+0000] {dag.py:3947} INFO - Setting next_dagrun for example_sla_dag to 2024-07-19 06:22:00+00:00, run_after=2024-07-19 06:24:00+00:00
[2024-07-19T06:25:09.889+0000] {processor.py:183} INFO - Processing /home/airflow/.local/lib/python3.12/site-packages/airflow/example_dags/example_sla_dag.py took 0.119 seconds
[2024-07-19T06:25:39.968+0000] {processor.py:161} INFO - Started process (PID=7847) to work on /home/airflow/.local/lib/python3.12/site-packages/airflow/example_dags/example_sla_dag.py
[2024-07-19T06:25:39.969+0000] {processor.py:830} INFO - Processing file /home/airflow/.local/lib/python3.12/site-packages/airflow/example_dags/example_sla_dag.py for tasks to queue
[2024-07-19T06:25:39.971+0000] {logging_mixin.py:188} INFO - [2024-07-19T06:25:39.970+0000] {dagbag.py:545} INFO - Filling up the DagBag from /home/airflow/.local/lib/python3.12/site-packages/airflow/example_dags/example_sla_dag.py
[2024-07-19T06:25:39.982+0000] {processor.py:840} INFO - DAG(s) 'example_sla_dag' retrieved from /home/airflow/.local/lib/python3.12/site-packages/airflow/example_dags/example_sla_dag.py
[2024-07-19T06:25:40.013+0000] {logging_mixin.py:188} INFO - [2024-07-19T06:25:40.012+0000] {dag.py:3089} INFO - Sync 1 DAGs
[2024-07-19T06:25:40.065+0000] {logging_mixin.py:188} INFO - [2024-07-19T06:25:40.065+0000] {dag.py:3947} INFO - Setting next_dagrun for example_sla_dag to 2024-07-19 06:22:00+00:00, run_after=2024-07-19 06:24:00+00:00
[2024-07-19T06:25:40.112+0000] {processor.py:183} INFO - Processing /home/airflow/.local/lib/python3.12/site-packages/airflow/example_dags/example_sla_dag.py took 0.154 seconds
[2024-07-19T06:26:10.226+0000] {processor.py:161} INFO - Started process (PID=7907) to work on /home/airflow/.local/lib/python3.12/site-packages/airflow/example_dags/example_sla_dag.py
[2024-07-19T06:26:10.228+0000] {processor.py:830} INFO - Processing file /home/airflow/.local/lib/python3.12/site-packages/airflow/example_dags/example_sla_dag.py for tasks to queue
[2024-07-19T06:26:10.229+0000] {logging_mixin.py:188} INFO - [2024-07-19T06:26:10.229+0000] {dagbag.py:545} INFO - Filling up the DagBag from /home/airflow/.local/lib/python3.12/site-packages/airflow/example_dags/example_sla_dag.py
[2024-07-19T06:26:10.240+0000] {processor.py:840} INFO - DAG(s) 'example_sla_dag' retrieved from /home/airflow/.local/lib/python3.12/site-packages/airflow/example_dags/example_sla_dag.py
[2024-07-19T06:26:10.266+0000] {logging_mixin.py:188} INFO - [2024-07-19T06:26:10.266+0000] {dag.py:3089} INFO - Sync 1 DAGs
[2024-07-19T06:26:10.294+0000] {logging_mixin.py:188} INFO - [2024-07-19T06:26:10.294+0000] {dag.py:3947} INFO - Setting next_dagrun for example_sla_dag to 2024-07-19 06:24:00+00:00, run_after=2024-07-19 06:26:00+00:00
[2024-07-19T06:26:10.318+0000] {processor.py:183} INFO - Processing /home/airflow/.local/lib/python3.12/site-packages/airflow/example_dags/example_sla_dag.py took 0.099 seconds
[2024-07-19T06:26:41.041+0000] {processor.py:161} INFO - Started process (PID=7967) to work on /home/airflow/.local/lib/python3.12/site-packages/airflow/example_dags/example_sla_dag.py
[2024-07-19T06:26:41.042+0000] {processor.py:830} INFO - Processing file /home/airflow/.local/lib/python3.12/site-packages/airflow/example_dags/example_sla_dag.py for tasks to queue
[2024-07-19T06:26:41.043+0000] {logging_mixin.py:188} INFO - [2024-07-19T06:26:41.043+0000] {dagbag.py:545} INFO - Filling up the DagBag from /home/airflow/.local/lib/python3.12/site-packages/airflow/example_dags/example_sla_dag.py
[2024-07-19T06:26:41.054+0000] {processor.py:840} INFO - DAG(s) 'example_sla_dag' retrieved from /home/airflow/.local/lib/python3.12/site-packages/airflow/example_dags/example_sla_dag.py
[2024-07-19T06:26:41.077+0000] {logging_mixin.py:188} INFO - [2024-07-19T06:26:41.076+0000] {dag.py:3089} INFO - Sync 1 DAGs
[2024-07-19T06:26:41.102+0000] {logging_mixin.py:188} INFO - [2024-07-19T06:26:41.102+0000] {dag.py:3947} INFO - Setting next_dagrun for example_sla_dag to 2024-07-19 06:24:00+00:00, run_after=2024-07-19 06:26:00+00:00
[2024-07-19T06:26:41.121+0000] {processor.py:183} INFO - Processing /home/airflow/.local/lib/python3.12/site-packages/airflow/example_dags/example_sla_dag.py took 0.088 seconds
[2024-07-19T06:27:12.093+0000] {processor.py:161} INFO - Started process (PID=8027) to work on /home/airflow/.local/lib/python3.12/site-packages/airflow/example_dags/example_sla_dag.py
[2024-07-19T06:27:12.094+0000] {processor.py:830} INFO - Processing file /home/airflow/.local/lib/python3.12/site-packages/airflow/example_dags/example_sla_dag.py for tasks to queue
[2024-07-19T06:27:12.096+0000] {logging_mixin.py:188} INFO - [2024-07-19T06:27:12.095+0000] {dagbag.py:545} INFO - Filling up the DagBag from /home/airflow/.local/lib/python3.12/site-packages/airflow/example_dags/example_sla_dag.py
[2024-07-19T06:27:12.107+0000] {processor.py:840} INFO - DAG(s) 'example_sla_dag' retrieved from /home/airflow/.local/lib/python3.12/site-packages/airflow/example_dags/example_sla_dag.py
[2024-07-19T06:27:12.136+0000] {logging_mixin.py:188} INFO - [2024-07-19T06:27:12.136+0000] {dag.py:3089} INFO - Sync 1 DAGs
[2024-07-19T06:27:12.162+0000] {logging_mixin.py:188} INFO - [2024-07-19T06:27:12.162+0000] {dag.py:3947} INFO - Setting next_dagrun for example_sla_dag to 2024-07-19 06:24:00+00:00, run_after=2024-07-19 06:26:00+00:00
[2024-07-19T06:27:12.182+0000] {processor.py:183} INFO - Processing /home/airflow/.local/lib/python3.12/site-packages/airflow/example_dags/example_sla_dag.py took 0.098 seconds
[2024-07-19T06:27:42.980+0000] {processor.py:161} INFO - Started process (PID=8087) to work on /home/airflow/.local/lib/python3.12/site-packages/airflow/example_dags/example_sla_dag.py
[2024-07-19T06:27:42.982+0000] {processor.py:830} INFO - Processing file /home/airflow/.local/lib/python3.12/site-packages/airflow/example_dags/example_sla_dag.py for tasks to queue
[2024-07-19T06:27:42.983+0000] {logging_mixin.py:188} INFO - [2024-07-19T06:27:42.982+0000] {dagbag.py:545} INFO - Filling up the DagBag from /home/airflow/.local/lib/python3.12/site-packages/airflow/example_dags/example_sla_dag.py
[2024-07-19T06:27:42.993+0000] {processor.py:840} INFO - DAG(s) 'example_sla_dag' retrieved from /home/airflow/.local/lib/python3.12/site-packages/airflow/example_dags/example_sla_dag.py
[2024-07-19T06:27:43.017+0000] {logging_mixin.py:188} INFO - [2024-07-19T06:27:43.016+0000] {dag.py:3089} INFO - Sync 1 DAGs
[2024-07-19T06:27:43.042+0000] {logging_mixin.py:188} INFO - [2024-07-19T06:27:43.042+0000] {dag.py:3947} INFO - Setting next_dagrun for example_sla_dag to 2024-07-19 06:24:00+00:00, run_after=2024-07-19 06:26:00+00:00
[2024-07-19T06:27:43.065+0000] {processor.py:183} INFO - Processing /home/airflow/.local/lib/python3.12/site-packages/airflow/example_dags/example_sla_dag.py took 0.094 seconds
[2024-07-19T06:28:13.813+0000] {processor.py:161} INFO - Started process (PID=8147) to work on /home/airflow/.local/lib/python3.12/site-packages/airflow/example_dags/example_sla_dag.py
[2024-07-19T06:28:13.814+0000] {processor.py:830} INFO - Processing file /home/airflow/.local/lib/python3.12/site-packages/airflow/example_dags/example_sla_dag.py for tasks to queue
[2024-07-19T06:28:13.816+0000] {logging_mixin.py:188} INFO - [2024-07-19T06:28:13.815+0000] {dagbag.py:545} INFO - Filling up the DagBag from /home/airflow/.local/lib/python3.12/site-packages/airflow/example_dags/example_sla_dag.py
[2024-07-19T06:28:13.827+0000] {processor.py:840} INFO - DAG(s) 'example_sla_dag' retrieved from /home/airflow/.local/lib/python3.12/site-packages/airflow/example_dags/example_sla_dag.py
[2024-07-19T06:28:13.852+0000] {logging_mixin.py:188} INFO - [2024-07-19T06:28:13.852+0000] {dag.py:3089} INFO - Sync 1 DAGs
[2024-07-19T06:28:13.882+0000] {logging_mixin.py:188} INFO - [2024-07-19T06:28:13.882+0000] {dag.py:3947} INFO - Setting next_dagrun for example_sla_dag to 2024-07-19 06:26:00+00:00, run_after=2024-07-19 06:28:00+00:00
[2024-07-19T06:28:13.906+0000] {processor.py:183} INFO - Processing /home/airflow/.local/lib/python3.12/site-packages/airflow/example_dags/example_sla_dag.py took 0.102 seconds
[2024-07-19T06:28:44.828+0000] {processor.py:161} INFO - Started process (PID=8207) to work on /home/airflow/.local/lib/python3.12/site-packages/airflow/example_dags/example_sla_dag.py
[2024-07-19T06:28:44.830+0000] {processor.py:830} INFO - Processing file /home/airflow/.local/lib/python3.12/site-packages/airflow/example_dags/example_sla_dag.py for tasks to queue
[2024-07-19T06:28:44.832+0000] {logging_mixin.py:188} INFO - [2024-07-19T06:28:44.831+0000] {dagbag.py:545} INFO - Filling up the DagBag from /home/airflow/.local/lib/python3.12/site-packages/airflow/example_dags/example_sla_dag.py
[2024-07-19T06:28:44.846+0000] {processor.py:840} INFO - DAG(s) 'example_sla_dag' retrieved from /home/airflow/.local/lib/python3.12/site-packages/airflow/example_dags/example_sla_dag.py
[2024-07-19T06:28:44.884+0000] {logging_mixin.py:188} INFO - [2024-07-19T06:28:44.883+0000] {dag.py:3089} INFO - Sync 1 DAGs
[2024-07-19T06:28:44.921+0000] {logging_mixin.py:188} INFO - [2024-07-19T06:28:44.921+0000] {dag.py:3947} INFO - Setting next_dagrun for example_sla_dag to 2024-07-19 06:26:00+00:00, run_after=2024-07-19 06:28:00+00:00
[2024-07-19T06:28:44.952+0000] {processor.py:183} INFO - Processing /home/airflow/.local/lib/python3.12/site-packages/airflow/example_dags/example_sla_dag.py took 0.142 seconds
[2024-07-19T06:29:15.864+0000] {processor.py:161} INFO - Started process (PID=8267) to work on /home/airflow/.local/lib/python3.12/site-packages/airflow/example_dags/example_sla_dag.py
[2024-07-19T06:29:15.866+0000] {processor.py:830} INFO - Processing file /home/airflow/.local/lib/python3.12/site-packages/airflow/example_dags/example_sla_dag.py for tasks to queue
[2024-07-19T06:29:15.867+0000] {logging_mixin.py:188} INFO - [2024-07-19T06:29:15.867+0000] {dagbag.py:545} INFO - Filling up the DagBag from /home/airflow/.local/lib/python3.12/site-packages/airflow/example_dags/example_sla_dag.py
[2024-07-19T06:29:15.880+0000] {processor.py:840} INFO - DAG(s) 'example_sla_dag' retrieved from /home/airflow/.local/lib/python3.12/site-packages/airflow/example_dags/example_sla_dag.py
[2024-07-19T06:29:15.948+0000] {logging_mixin.py:188} INFO - [2024-07-19T06:29:15.948+0000] {dag.py:3089} INFO - Sync 1 DAGs
[2024-07-19T06:29:15.981+0000] {logging_mixin.py:188} INFO - [2024-07-19T06:29:15.981+0000] {dag.py:3947} INFO - Setting next_dagrun for example_sla_dag to 2024-07-19 06:26:00+00:00, run_after=2024-07-19 06:28:00+00:00
[2024-07-19T06:29:16.011+0000] {processor.py:183} INFO - Processing /home/airflow/.local/lib/python3.12/site-packages/airflow/example_dags/example_sla_dag.py took 0.155 seconds
[2024-07-19T06:29:46.326+0000] {processor.py:161} INFO - Started process (PID=8327) to work on /home/airflow/.local/lib/python3.12/site-packages/airflow/example_dags/example_sla_dag.py
[2024-07-19T06:29:46.328+0000] {processor.py:830} INFO - Processing file /home/airflow/.local/lib/python3.12/site-packages/airflow/example_dags/example_sla_dag.py for tasks to queue
[2024-07-19T06:29:46.329+0000] {logging_mixin.py:188} INFO - [2024-07-19T06:29:46.328+0000] {dagbag.py:545} INFO - Filling up the DagBag from /home/airflow/.local/lib/python3.12/site-packages/airflow/example_dags/example_sla_dag.py
[2024-07-19T06:29:46.339+0000] {processor.py:840} INFO - DAG(s) 'example_sla_dag' retrieved from /home/airflow/.local/lib/python3.12/site-packages/airflow/example_dags/example_sla_dag.py
[2024-07-19T06:29:46.405+0000] {logging_mixin.py:188} INFO - [2024-07-19T06:29:46.405+0000] {dag.py:3089} INFO - Sync 1 DAGs
[2024-07-19T06:29:46.435+0000] {logging_mixin.py:188} INFO - [2024-07-19T06:29:46.435+0000] {dag.py:3947} INFO - Setting next_dagrun for example_sla_dag to 2024-07-19 06:26:00+00:00, run_after=2024-07-19 06:28:00+00:00
[2024-07-19T06:29:46.457+0000] {processor.py:183} INFO - Processing /home/airflow/.local/lib/python3.12/site-packages/airflow/example_dags/example_sla_dag.py took 0.139 seconds
[2024-07-19T06:30:16.628+0000] {processor.py:161} INFO - Started process (PID=8387) to work on /home/airflow/.local/lib/python3.12/site-packages/airflow/example_dags/example_sla_dag.py
[2024-07-19T06:30:16.629+0000] {processor.py:830} INFO - Processing file /home/airflow/.local/lib/python3.12/site-packages/airflow/example_dags/example_sla_dag.py for tasks to queue
[2024-07-19T06:30:16.631+0000] {logging_mixin.py:188} INFO - [2024-07-19T06:30:16.631+0000] {dagbag.py:545} INFO - Filling up the DagBag from /home/airflow/.local/lib/python3.12/site-packages/airflow/example_dags/example_sla_dag.py
[2024-07-19T06:30:16.643+0000] {processor.py:840} INFO - DAG(s) 'example_sla_dag' retrieved from /home/airflow/.local/lib/python3.12/site-packages/airflow/example_dags/example_sla_dag.py
[2024-07-19T06:30:16.705+0000] {logging_mixin.py:188} INFO - [2024-07-19T06:30:16.705+0000] {dag.py:3089} INFO - Sync 1 DAGs
[2024-07-19T06:30:16.733+0000] {logging_mixin.py:188} INFO - [2024-07-19T06:30:16.733+0000] {dag.py:3947} INFO - Setting next_dagrun for example_sla_dag to 2024-07-19 06:28:00+00:00, run_after=2024-07-19 06:30:00+00:00
[2024-07-19T06:30:16.758+0000] {processor.py:183} INFO - Processing /home/airflow/.local/lib/python3.12/site-packages/airflow/example_dags/example_sla_dag.py took 0.139 seconds
[2024-07-19T06:30:46.898+0000] {processor.py:161} INFO - Started process (PID=8447) to work on /home/airflow/.local/lib/python3.12/site-packages/airflow/example_dags/example_sla_dag.py
[2024-07-19T06:30:46.900+0000] {processor.py:830} INFO - Processing file /home/airflow/.local/lib/python3.12/site-packages/airflow/example_dags/example_sla_dag.py for tasks to queue
[2024-07-19T06:30:46.902+0000] {logging_mixin.py:188} INFO - [2024-07-19T06:30:46.901+0000] {dagbag.py:545} INFO - Filling up the DagBag from /home/airflow/.local/lib/python3.12/site-packages/airflow/example_dags/example_sla_dag.py
[2024-07-19T06:30:46.914+0000] {processor.py:840} INFO - DAG(s) 'example_sla_dag' retrieved from /home/airflow/.local/lib/python3.12/site-packages/airflow/example_dags/example_sla_dag.py
[2024-07-19T06:30:46.947+0000] {logging_mixin.py:188} INFO - [2024-07-19T06:30:46.946+0000] {dag.py:3089} INFO - Sync 1 DAGs
[2024-07-19T06:30:46.985+0000] {logging_mixin.py:188} INFO - [2024-07-19T06:30:46.984+0000] {dag.py:3947} INFO - Setting next_dagrun for example_sla_dag to 2024-07-19 06:28:00+00:00, run_after=2024-07-19 06:30:00+00:00
[2024-07-19T06:30:47.014+0000] {processor.py:183} INFO - Processing /home/airflow/.local/lib/python3.12/site-packages/airflow/example_dags/example_sla_dag.py took 0.124 seconds
[2024-07-19T06:31:17.262+0000] {processor.py:161} INFO - Started process (PID=8507) to work on /home/airflow/.local/lib/python3.12/site-packages/airflow/example_dags/example_sla_dag.py
[2024-07-19T06:31:17.263+0000] {processor.py:830} INFO - Processing file /home/airflow/.local/lib/python3.12/site-packages/airflow/example_dags/example_sla_dag.py for tasks to queue
[2024-07-19T06:31:17.264+0000] {logging_mixin.py:188} INFO - [2024-07-19T06:31:17.264+0000] {dagbag.py:545} INFO - Filling up the DagBag from /home/airflow/.local/lib/python3.12/site-packages/airflow/example_dags/example_sla_dag.py
[2024-07-19T06:31:17.274+0000] {processor.py:840} INFO - DAG(s) 'example_sla_dag' retrieved from /home/airflow/.local/lib/python3.12/site-packages/airflow/example_dags/example_sla_dag.py
[2024-07-19T06:31:17.341+0000] {logging_mixin.py:188} INFO - [2024-07-19T06:31:17.340+0000] {dag.py:3089} INFO - Sync 1 DAGs
[2024-07-19T06:31:17.371+0000] {logging_mixin.py:188} INFO - [2024-07-19T06:31:17.371+0000] {dag.py:3947} INFO - Setting next_dagrun for example_sla_dag to 2024-07-19 06:28:00+00:00, run_after=2024-07-19 06:30:00+00:00
[2024-07-19T06:31:17.393+0000] {processor.py:183} INFO - Processing /home/airflow/.local/lib/python3.12/site-packages/airflow/example_dags/example_sla_dag.py took 0.138 seconds
[2024-07-19T06:31:47.746+0000] {processor.py:161} INFO - Started process (PID=8567) to work on /home/airflow/.local/lib/python3.12/site-packages/airflow/example_dags/example_sla_dag.py
[2024-07-19T06:31:47.747+0000] {processor.py:830} INFO - Processing file /home/airflow/.local/lib/python3.12/site-packages/airflow/example_dags/example_sla_dag.py for tasks to queue
[2024-07-19T06:31:47.749+0000] {logging_mixin.py:188} INFO - [2024-07-19T06:31:47.748+0000] {dagbag.py:545} INFO - Filling up the DagBag from /home/airflow/.local/lib/python3.12/site-packages/airflow/example_dags/example_sla_dag.py
[2024-07-19T06:31:47.761+0000] {processor.py:840} INFO - DAG(s) 'example_sla_dag' retrieved from /home/airflow/.local/lib/python3.12/site-packages/airflow/example_dags/example_sla_dag.py
[2024-07-19T06:31:47.790+0000] {logging_mixin.py:188} INFO - [2024-07-19T06:31:47.790+0000] {dag.py:3089} INFO - Sync 1 DAGs
[2024-07-19T06:31:47.818+0000] {logging_mixin.py:188} INFO - [2024-07-19T06:31:47.818+0000] {dag.py:3947} INFO - Setting next_dagrun for example_sla_dag to 2024-07-19 06:28:00+00:00, run_after=2024-07-19 06:30:00+00:00
[2024-07-19T06:31:47.839+0000] {processor.py:183} INFO - Processing /home/airflow/.local/lib/python3.12/site-packages/airflow/example_dags/example_sla_dag.py took 0.101 seconds
[2024-07-19T06:32:18.469+0000] {processor.py:161} INFO - Started process (PID=8627) to work on /home/airflow/.local/lib/python3.12/site-packages/airflow/example_dags/example_sla_dag.py
[2024-07-19T06:32:18.471+0000] {processor.py:830} INFO - Processing file /home/airflow/.local/lib/python3.12/site-packages/airflow/example_dags/example_sla_dag.py for tasks to queue
[2024-07-19T06:32:18.472+0000] {logging_mixin.py:188} INFO - [2024-07-19T06:32:18.472+0000] {dagbag.py:545} INFO - Filling up the DagBag from /home/airflow/.local/lib/python3.12/site-packages/airflow/example_dags/example_sla_dag.py
[2024-07-19T06:32:18.483+0000] {processor.py:840} INFO - DAG(s) 'example_sla_dag' retrieved from /home/airflow/.local/lib/python3.12/site-packages/airflow/example_dags/example_sla_dag.py
[2024-07-19T06:32:18.547+0000] {logging_mixin.py:188} INFO - [2024-07-19T06:32:18.547+0000] {dag.py:3089} INFO - Sync 1 DAGs
[2024-07-19T06:32:18.578+0000] {logging_mixin.py:188} INFO - [2024-07-19T06:32:18.578+0000] {dag.py:3947} INFO - Setting next_dagrun for example_sla_dag to 2024-07-19 06:30:00+00:00, run_after=2024-07-19 06:32:00+00:00
[2024-07-19T06:32:18.605+0000] {processor.py:183} INFO - Processing /home/airflow/.local/lib/python3.12/site-packages/airflow/example_dags/example_sla_dag.py took 0.144 seconds
[2024-07-19T06:32:48.638+0000] {processor.py:161} INFO - Started process (PID=8687) to work on /home/airflow/.local/lib/python3.12/site-packages/airflow/example_dags/example_sla_dag.py
[2024-07-19T06:32:48.640+0000] {processor.py:830} INFO - Processing file /home/airflow/.local/lib/python3.12/site-packages/airflow/example_dags/example_sla_dag.py for tasks to queue
[2024-07-19T06:32:48.641+0000] {logging_mixin.py:188} INFO - [2024-07-19T06:32:48.641+0000] {dagbag.py:545} INFO - Filling up the DagBag from /home/airflow/.local/lib/python3.12/site-packages/airflow/example_dags/example_sla_dag.py
[2024-07-19T06:32:48.652+0000] {processor.py:840} INFO - DAG(s) 'example_sla_dag' retrieved from /home/airflow/.local/lib/python3.12/site-packages/airflow/example_dags/example_sla_dag.py
[2024-07-19T06:32:48.711+0000] {logging_mixin.py:188} INFO - [2024-07-19T06:32:48.711+0000] {dag.py:3089} INFO - Sync 1 DAGs
[2024-07-19T06:32:48.741+0000] {logging_mixin.py:188} INFO - [2024-07-19T06:32:48.741+0000] {dag.py:3947} INFO - Setting next_dagrun for example_sla_dag to 2024-07-19 06:30:00+00:00, run_after=2024-07-19 06:32:00+00:00
[2024-07-19T06:32:48.763+0000] {processor.py:183} INFO - Processing /home/airflow/.local/lib/python3.12/site-packages/airflow/example_dags/example_sla_dag.py took 0.132 seconds
[2024-07-19T06:33:18.797+0000] {processor.py:161} INFO - Started process (PID=8747) to work on /home/airflow/.local/lib/python3.12/site-packages/airflow/example_dags/example_sla_dag.py
[2024-07-19T06:33:18.799+0000] {processor.py:830} INFO - Processing file /home/airflow/.local/lib/python3.12/site-packages/airflow/example_dags/example_sla_dag.py for tasks to queue
[2024-07-19T06:33:18.800+0000] {logging_mixin.py:188} INFO - [2024-07-19T06:33:18.800+0000] {dagbag.py:545} INFO - Filling up the DagBag from /home/airflow/.local/lib/python3.12/site-packages/airflow/example_dags/example_sla_dag.py
[2024-07-19T06:33:18.847+0000] {processor.py:840} INFO - DAG(s) 'example_sla_dag' retrieved from /home/airflow/.local/lib/python3.12/site-packages/airflow/example_dags/example_sla_dag.py
[2024-07-19T06:33:18.876+0000] {logging_mixin.py:188} INFO - [2024-07-19T06:33:18.875+0000] {dag.py:3089} INFO - Sync 1 DAGs
[2024-07-19T06:33:18.908+0000] {logging_mixin.py:188} INFO - [2024-07-19T06:33:18.908+0000] {dag.py:3947} INFO - Setting next_dagrun for example_sla_dag to 2024-07-19 06:30:00+00:00, run_after=2024-07-19 06:32:00+00:00
[2024-07-19T06:33:18.932+0000] {processor.py:183} INFO - Processing /home/airflow/.local/lib/python3.12/site-packages/airflow/example_dags/example_sla_dag.py took 0.143 seconds
[2024-07-19T06:33:49.236+0000] {processor.py:161} INFO - Started process (PID=8807) to work on /home/airflow/.local/lib/python3.12/site-packages/airflow/example_dags/example_sla_dag.py
[2024-07-19T06:33:49.238+0000] {processor.py:830} INFO - Processing file /home/airflow/.local/lib/python3.12/site-packages/airflow/example_dags/example_sla_dag.py for tasks to queue
[2024-07-19T06:33:49.239+0000] {logging_mixin.py:188} INFO - [2024-07-19T06:33:49.239+0000] {dagbag.py:545} INFO - Filling up the DagBag from /home/airflow/.local/lib/python3.12/site-packages/airflow/example_dags/example_sla_dag.py
[2024-07-19T06:33:49.250+0000] {processor.py:840} INFO - DAG(s) 'example_sla_dag' retrieved from /home/airflow/.local/lib/python3.12/site-packages/airflow/example_dags/example_sla_dag.py
[2024-07-19T06:33:49.317+0000] {logging_mixin.py:188} INFO - [2024-07-19T06:33:49.317+0000] {dag.py:3089} INFO - Sync 1 DAGs
[2024-07-19T06:33:49.346+0000] {logging_mixin.py:188} INFO - [2024-07-19T06:33:49.346+0000] {dag.py:3947} INFO - Setting next_dagrun for example_sla_dag to 2024-07-19 06:30:00+00:00, run_after=2024-07-19 06:32:00+00:00
[2024-07-19T06:33:49.372+0000] {processor.py:183} INFO - Processing /home/airflow/.local/lib/python3.12/site-packages/airflow/example_dags/example_sla_dag.py took 0.148 seconds
[2024-07-19T06:34:19.586+0000] {processor.py:161} INFO - Started process (PID=8867) to work on /home/airflow/.local/lib/python3.12/site-packages/airflow/example_dags/example_sla_dag.py
[2024-07-19T06:34:19.588+0000] {processor.py:830} INFO - Processing file /home/airflow/.local/lib/python3.12/site-packages/airflow/example_dags/example_sla_dag.py for tasks to queue
[2024-07-19T06:34:19.590+0000] {logging_mixin.py:188} INFO - [2024-07-19T06:34:19.589+0000] {dagbag.py:545} INFO - Filling up the DagBag from /home/airflow/.local/lib/python3.12/site-packages/airflow/example_dags/example_sla_dag.py
[2024-07-19T06:34:19.601+0000] {processor.py:840} INFO - DAG(s) 'example_sla_dag' retrieved from /home/airflow/.local/lib/python3.12/site-packages/airflow/example_dags/example_sla_dag.py
[2024-07-19T06:34:19.630+0000] {logging_mixin.py:188} INFO - [2024-07-19T06:34:19.630+0000] {dag.py:3089} INFO - Sync 1 DAGs
[2024-07-19T06:34:19.664+0000] {logging_mixin.py:188} INFO - [2024-07-19T06:34:19.664+0000] {dag.py:3947} INFO - Setting next_dagrun for example_sla_dag to 2024-07-19 06:32:00+00:00, run_after=2024-07-19 06:34:00+00:00
[2024-07-19T06:34:19.692+0000] {processor.py:183} INFO - Processing /home/airflow/.local/lib/python3.12/site-packages/airflow/example_dags/example_sla_dag.py took 0.114 seconds
[2024-07-19T06:34:49.810+0000] {processor.py:161} INFO - Started process (PID=8926) to work on /home/airflow/.local/lib/python3.12/site-packages/airflow/example_dags/example_sla_dag.py
[2024-07-19T06:34:49.811+0000] {processor.py:830} INFO - Processing file /home/airflow/.local/lib/python3.12/site-packages/airflow/example_dags/example_sla_dag.py for tasks to queue
[2024-07-19T06:34:49.813+0000] {logging_mixin.py:188} INFO - [2024-07-19T06:34:49.812+0000] {dagbag.py:545} INFO - Filling up the DagBag from /home/airflow/.local/lib/python3.12/site-packages/airflow/example_dags/example_sla_dag.py
[2024-07-19T06:34:49.826+0000] {processor.py:840} INFO - DAG(s) 'example_sla_dag' retrieved from /home/airflow/.local/lib/python3.12/site-packages/airflow/example_dags/example_sla_dag.py
[2024-07-19T06:34:49.892+0000] {logging_mixin.py:188} INFO - [2024-07-19T06:34:49.892+0000] {dag.py:3089} INFO - Sync 1 DAGs
[2024-07-19T06:34:49.928+0000] {logging_mixin.py:188} INFO - [2024-07-19T06:34:49.928+0000] {dag.py:3947} INFO - Setting next_dagrun for example_sla_dag to 2024-07-19 06:32:00+00:00, run_after=2024-07-19 06:34:00+00:00
[2024-07-19T06:34:49.954+0000] {processor.py:183} INFO - Processing /home/airflow/.local/lib/python3.12/site-packages/airflow/example_dags/example_sla_dag.py took 0.153 seconds
[2024-07-19T06:35:20.037+0000] {processor.py:161} INFO - Started process (PID=8986) to work on /home/airflow/.local/lib/python3.12/site-packages/airflow/example_dags/example_sla_dag.py
[2024-07-19T06:35:20.038+0000] {processor.py:830} INFO - Processing file /home/airflow/.local/lib/python3.12/site-packages/airflow/example_dags/example_sla_dag.py for tasks to queue
[2024-07-19T06:35:20.040+0000] {logging_mixin.py:188} INFO - [2024-07-19T06:35:20.039+0000] {dagbag.py:545} INFO - Filling up the DagBag from /home/airflow/.local/lib/python3.12/site-packages/airflow/example_dags/example_sla_dag.py
[2024-07-19T06:35:20.051+0000] {processor.py:840} INFO - DAG(s) 'example_sla_dag' retrieved from /home/airflow/.local/lib/python3.12/site-packages/airflow/example_dags/example_sla_dag.py
[2024-07-19T06:35:20.084+0000] {logging_mixin.py:188} INFO - [2024-07-19T06:35:20.083+0000] {dag.py:3089} INFO - Sync 1 DAGs
[2024-07-19T06:35:20.120+0000] {logging_mixin.py:188} INFO - [2024-07-19T06:35:20.119+0000] {dag.py:3947} INFO - Setting next_dagrun for example_sla_dag to 2024-07-19 06:32:00+00:00, run_after=2024-07-19 06:34:00+00:00
[2024-07-19T06:35:20.150+0000] {processor.py:183} INFO - Processing /home/airflow/.local/lib/python3.12/site-packages/airflow/example_dags/example_sla_dag.py took 0.122 seconds
[2024-07-19T06:35:50.295+0000] {processor.py:161} INFO - Started process (PID=9044) to work on /home/airflow/.local/lib/python3.12/site-packages/airflow/example_dags/example_sla_dag.py
[2024-07-19T06:35:50.297+0000] {processor.py:830} INFO - Processing file /home/airflow/.local/lib/python3.12/site-packages/airflow/example_dags/example_sla_dag.py for tasks to queue
[2024-07-19T06:35:50.299+0000] {logging_mixin.py:188} INFO - [2024-07-19T06:35:50.298+0000] {dagbag.py:545} INFO - Filling up the DagBag from /home/airflow/.local/lib/python3.12/site-packages/airflow/example_dags/example_sla_dag.py
[2024-07-19T06:35:50.345+0000] {processor.py:840} INFO - DAG(s) 'example_sla_dag' retrieved from /home/airflow/.local/lib/python3.12/site-packages/airflow/example_dags/example_sla_dag.py
[2024-07-19T06:35:50.367+0000] {logging_mixin.py:188} INFO - [2024-07-19T06:35:50.367+0000] {dag.py:3089} INFO - Sync 1 DAGs
[2024-07-19T06:35:50.392+0000] {logging_mixin.py:188} INFO - [2024-07-19T06:35:50.392+0000] {dag.py:3947} INFO - Setting next_dagrun for example_sla_dag to 2024-07-19 06:32:00+00:00, run_after=2024-07-19 06:34:00+00:00
[2024-07-19T06:35:50.411+0000] {processor.py:183} INFO - Processing /home/airflow/.local/lib/python3.12/site-packages/airflow/example_dags/example_sla_dag.py took 0.123 seconds
[2024-07-19T06:36:20.891+0000] {processor.py:161} INFO - Started process (PID=9104) to work on /home/airflow/.local/lib/python3.12/site-packages/airflow/example_dags/example_sla_dag.py
[2024-07-19T06:36:20.893+0000] {processor.py:830} INFO - Processing file /home/airflow/.local/lib/python3.12/site-packages/airflow/example_dags/example_sla_dag.py for tasks to queue
[2024-07-19T06:36:20.895+0000] {logging_mixin.py:188} INFO - [2024-07-19T06:36:20.894+0000] {dagbag.py:545} INFO - Filling up the DagBag from /home/airflow/.local/lib/python3.12/site-packages/airflow/example_dags/example_sla_dag.py
[2024-07-19T06:36:20.908+0000] {processor.py:840} INFO - DAG(s) 'example_sla_dag' retrieved from /home/airflow/.local/lib/python3.12/site-packages/airflow/example_dags/example_sla_dag.py
[2024-07-19T06:36:20.983+0000] {logging_mixin.py:188} INFO - [2024-07-19T06:36:20.983+0000] {dag.py:3089} INFO - Sync 1 DAGs
[2024-07-19T06:36:21.020+0000] {logging_mixin.py:188} INFO - [2024-07-19T06:36:21.019+0000] {dag.py:3947} INFO - Setting next_dagrun for example_sla_dag to 2024-07-19 06:34:00+00:00, run_after=2024-07-19 06:36:00+00:00
[2024-07-19T06:36:21.049+0000] {processor.py:183} INFO - Processing /home/airflow/.local/lib/python3.12/site-packages/airflow/example_dags/example_sla_dag.py took 0.166 seconds
[2024-07-19T06:36:51.633+0000] {processor.py:161} INFO - Started process (PID=9164) to work on /home/airflow/.local/lib/python3.12/site-packages/airflow/example_dags/example_sla_dag.py
[2024-07-19T06:36:51.635+0000] {processor.py:830} INFO - Processing file /home/airflow/.local/lib/python3.12/site-packages/airflow/example_dags/example_sla_dag.py for tasks to queue
[2024-07-19T06:36:51.636+0000] {logging_mixin.py:188} INFO - [2024-07-19T06:36:51.636+0000] {dagbag.py:545} INFO - Filling up the DagBag from /home/airflow/.local/lib/python3.12/site-packages/airflow/example_dags/example_sla_dag.py
[2024-07-19T06:36:51.650+0000] {processor.py:840} INFO - DAG(s) 'example_sla_dag' retrieved from /home/airflow/.local/lib/python3.12/site-packages/airflow/example_dags/example_sla_dag.py
[2024-07-19T06:36:51.727+0000] {logging_mixin.py:188} INFO - [2024-07-19T06:36:51.727+0000] {dag.py:3089} INFO - Sync 1 DAGs
[2024-07-19T06:36:51.758+0000] {logging_mixin.py:188} INFO - [2024-07-19T06:36:51.758+0000] {dag.py:3947} INFO - Setting next_dagrun for example_sla_dag to 2024-07-19 06:34:00+00:00, run_after=2024-07-19 06:36:00+00:00
[2024-07-19T06:36:51.941+0000] {processor.py:183} INFO - Processing /home/airflow/.local/lib/python3.12/site-packages/airflow/example_dags/example_sla_dag.py took 0.318 seconds
[2024-07-19T06:37:22.270+0000] {processor.py:161} INFO - Started process (PID=9224) to work on /home/airflow/.local/lib/python3.12/site-packages/airflow/example_dags/example_sla_dag.py
[2024-07-19T06:37:22.271+0000] {processor.py:830} INFO - Processing file /home/airflow/.local/lib/python3.12/site-packages/airflow/example_dags/example_sla_dag.py for tasks to queue
[2024-07-19T06:37:22.273+0000] {logging_mixin.py:188} INFO - [2024-07-19T06:37:22.272+0000] {dagbag.py:545} INFO - Filling up the DagBag from /home/airflow/.local/lib/python3.12/site-packages/airflow/example_dags/example_sla_dag.py
[2024-07-19T06:37:22.284+0000] {processor.py:840} INFO - DAG(s) 'example_sla_dag' retrieved from /home/airflow/.local/lib/python3.12/site-packages/airflow/example_dags/example_sla_dag.py
[2024-07-19T06:37:22.344+0000] {logging_mixin.py:188} INFO - [2024-07-19T06:37:22.343+0000] {dag.py:3089} INFO - Sync 1 DAGs
[2024-07-19T06:37:22.370+0000] {logging_mixin.py:188} INFO - [2024-07-19T06:37:22.369+0000] {dag.py:3947} INFO - Setting next_dagrun for example_sla_dag to 2024-07-19 06:34:00+00:00, run_after=2024-07-19 06:36:00+00:00
[2024-07-19T06:37:22.393+0000] {processor.py:183} INFO - Processing /home/airflow/.local/lib/python3.12/site-packages/airflow/example_dags/example_sla_dag.py took 0.131 seconds
[2024-07-19T06:37:52.533+0000] {processor.py:161} INFO - Started process (PID=9284) to work on /home/airflow/.local/lib/python3.12/site-packages/airflow/example_dags/example_sla_dag.py
[2024-07-19T06:37:52.534+0000] {processor.py:830} INFO - Processing file /home/airflow/.local/lib/python3.12/site-packages/airflow/example_dags/example_sla_dag.py for tasks to queue
[2024-07-19T06:37:52.535+0000] {logging_mixin.py:188} INFO - [2024-07-19T06:37:52.535+0000] {dagbag.py:545} INFO - Filling up the DagBag from /home/airflow/.local/lib/python3.12/site-packages/airflow/example_dags/example_sla_dag.py
[2024-07-19T06:37:52.582+0000] {processor.py:840} INFO - DAG(s) 'example_sla_dag' retrieved from /home/airflow/.local/lib/python3.12/site-packages/airflow/example_dags/example_sla_dag.py
[2024-07-19T06:37:52.605+0000] {logging_mixin.py:188} INFO - [2024-07-19T06:37:52.605+0000] {dag.py:3089} INFO - Sync 1 DAGs
[2024-07-19T06:37:52.632+0000] {logging_mixin.py:188} INFO - [2024-07-19T06:37:52.631+0000] {dag.py:3947} INFO - Setting next_dagrun for example_sla_dag to 2024-07-19 06:34:00+00:00, run_after=2024-07-19 06:36:00+00:00
[2024-07-19T06:37:52.651+0000] {processor.py:183} INFO - Processing /home/airflow/.local/lib/python3.12/site-packages/airflow/example_dags/example_sla_dag.py took 0.126 seconds
[2024-07-19T06:38:23.374+0000] {processor.py:161} INFO - Started process (PID=9344) to work on /home/airflow/.local/lib/python3.12/site-packages/airflow/example_dags/example_sla_dag.py
[2024-07-19T06:38:23.376+0000] {processor.py:830} INFO - Processing file /home/airflow/.local/lib/python3.12/site-packages/airflow/example_dags/example_sla_dag.py for tasks to queue
[2024-07-19T06:38:23.378+0000] {logging_mixin.py:188} INFO - [2024-07-19T06:38:23.377+0000] {dagbag.py:545} INFO - Filling up the DagBag from /home/airflow/.local/lib/python3.12/site-packages/airflow/example_dags/example_sla_dag.py
[2024-07-19T06:38:23.395+0000] {processor.py:840} INFO - DAG(s) 'example_sla_dag' retrieved from /home/airflow/.local/lib/python3.12/site-packages/airflow/example_dags/example_sla_dag.py
[2024-07-19T06:38:23.464+0000] {logging_mixin.py:188} INFO - [2024-07-19T06:38:23.463+0000] {dag.py:3089} INFO - Sync 1 DAGs
[2024-07-19T06:38:23.494+0000] {logging_mixin.py:188} INFO - [2024-07-19T06:38:23.494+0000] {dag.py:3947} INFO - Setting next_dagrun for example_sla_dag to 2024-07-19 06:36:00+00:00, run_after=2024-07-19 06:38:00+00:00
[2024-07-19T06:38:23.517+0000] {processor.py:183} INFO - Processing /home/airflow/.local/lib/python3.12/site-packages/airflow/example_dags/example_sla_dag.py took 0.154 seconds
[2024-07-19T06:38:54.324+0000] {processor.py:161} INFO - Started process (PID=9404) to work on /home/airflow/.local/lib/python3.12/site-packages/airflow/example_dags/example_sla_dag.py
[2024-07-19T06:38:54.325+0000] {processor.py:830} INFO - Processing file /home/airflow/.local/lib/python3.12/site-packages/airflow/example_dags/example_sla_dag.py for tasks to queue
[2024-07-19T06:38:54.327+0000] {logging_mixin.py:188} INFO - [2024-07-19T06:38:54.326+0000] {dagbag.py:545} INFO - Filling up the DagBag from /home/airflow/.local/lib/python3.12/site-packages/airflow/example_dags/example_sla_dag.py
[2024-07-19T06:38:54.339+0000] {processor.py:840} INFO - DAG(s) 'example_sla_dag' retrieved from /home/airflow/.local/lib/python3.12/site-packages/airflow/example_dags/example_sla_dag.py
[2024-07-19T06:38:54.365+0000] {logging_mixin.py:188} INFO - [2024-07-19T06:38:54.364+0000] {dag.py:3089} INFO - Sync 1 DAGs
[2024-07-19T06:38:54.396+0000] {logging_mixin.py:188} INFO - [2024-07-19T06:38:54.396+0000] {dag.py:3947} INFO - Setting next_dagrun for example_sla_dag to 2024-07-19 06:36:00+00:00, run_after=2024-07-19 06:38:00+00:00
[2024-07-19T06:38:54.419+0000] {processor.py:183} INFO - Processing /home/airflow/.local/lib/python3.12/site-packages/airflow/example_dags/example_sla_dag.py took 0.107 seconds
