[2024-07-19T00:38:14.414+0000] {processor.py:161} INFO - Started process (PID=6087) to work on /home/airflow/.local/lib/python3.12/site-packages/airflow/example_dags/example_latest_only_with_trigger.py
[2024-07-19T00:38:14.415+0000] {processor.py:830} INFO - Processing file /home/airflow/.local/lib/python3.12/site-packages/airflow/example_dags/example_latest_only_with_trigger.py for tasks to queue
[2024-07-19T00:38:14.416+0000] {logging_mixin.py:188} INFO - [2024-07-19T00:38:14.416+0000] {dagbag.py:545} INFO - Filling up the DagBag from /home/airflow/.local/lib/python3.12/site-packages/airflow/example_dags/example_latest_only_with_trigger.py
[2024-07-19T00:38:14.423+0000] {processor.py:840} INFO - DAG(s) 'latest_only_with_trigger' retrieved from /home/airflow/.local/lib/python3.12/site-packages/airflow/example_dags/example_latest_only_with_trigger.py
[2024-07-19T00:38:14.449+0000] {logging_mixin.py:188} INFO - [2024-07-19T00:38:14.448+0000] {dag.py:3089} INFO - Sync 1 DAGs
[2024-07-19T00:38:14.534+0000] {logging_mixin.py:188} INFO - [2024-07-19T00:38:14.534+0000] {dag.py:3947} INFO - Setting next_dagrun for latest_only_with_trigger to 2024-07-18 20:00:00+00:00, run_after=2024-07-19 00:00:00+00:00
[2024-07-19T00:38:14.559+0000] {processor.py:183} INFO - Processing /home/airflow/.local/lib/python3.12/site-packages/airflow/example_dags/example_latest_only_with_trigger.py took 0.152 seconds
[2024-07-19T02:38:45.833+0000] {processor.py:161} INFO - Started process (PID=6147) to work on /home/airflow/.local/lib/python3.12/site-packages/airflow/example_dags/example_latest_only_with_trigger.py
[2024-07-19T02:38:45.835+0000] {processor.py:830} INFO - Processing file /home/airflow/.local/lib/python3.12/site-packages/airflow/example_dags/example_latest_only_with_trigger.py for tasks to queue
[2024-07-19T02:38:45.836+0000] {logging_mixin.py:188} INFO - [2024-07-19T02:38:45.835+0000] {dagbag.py:545} INFO - Filling up the DagBag from /home/airflow/.local/lib/python3.12/site-packages/airflow/example_dags/example_latest_only_with_trigger.py
[2024-07-19T02:38:45.842+0000] {processor.py:840} INFO - DAG(s) 'latest_only_with_trigger' retrieved from /home/airflow/.local/lib/python3.12/site-packages/airflow/example_dags/example_latest_only_with_trigger.py
[2024-07-19T02:38:45.865+0000] {logging_mixin.py:188} INFO - [2024-07-19T02:38:45.864+0000] {dag.py:3089} INFO - Sync 1 DAGs
[2024-07-19T02:38:45.916+0000] {logging_mixin.py:188} INFO - [2024-07-19T02:38:45.915+0000] {dag.py:3947} INFO - Setting next_dagrun for latest_only_with_trigger to 2024-07-18 20:00:00+00:00, run_after=2024-07-19 00:00:00+00:00
[2024-07-19T02:38:45.935+0000] {processor.py:183} INFO - Processing /home/airflow/.local/lib/python3.12/site-packages/airflow/example_dags/example_latest_only_with_trigger.py took 0.108 seconds
[2024-07-19T05:26:57.275+0000] {processor.py:161} INFO - Started process (PID=6207) to work on /home/airflow/.local/lib/python3.12/site-packages/airflow/example_dags/example_latest_only_with_trigger.py
[2024-07-19T05:26:57.276+0000] {processor.py:830} INFO - Processing file /home/airflow/.local/lib/python3.12/site-packages/airflow/example_dags/example_latest_only_with_trigger.py for tasks to queue
[2024-07-19T05:26:57.278+0000] {logging_mixin.py:188} INFO - [2024-07-19T05:26:57.277+0000] {dagbag.py:545} INFO - Filling up the DagBag from /home/airflow/.local/lib/python3.12/site-packages/airflow/example_dags/example_latest_only_with_trigger.py
[2024-07-19T05:26:57.286+0000] {processor.py:840} INFO - DAG(s) 'latest_only_with_trigger' retrieved from /home/airflow/.local/lib/python3.12/site-packages/airflow/example_dags/example_latest_only_with_trigger.py
[2024-07-19T05:26:57.313+0000] {logging_mixin.py:188} INFO - [2024-07-19T05:26:57.312+0000] {dag.py:3089} INFO - Sync 1 DAGs
[2024-07-19T05:26:57.336+0000] {logging_mixin.py:188} INFO - [2024-07-19T05:26:57.336+0000] {dag.py:3947} INFO - Setting next_dagrun for latest_only_with_trigger to 2024-07-19 00:00:00+00:00, run_after=2024-07-19 04:00:00+00:00
[2024-07-19T05:26:57.363+0000] {processor.py:183} INFO - Processing /home/airflow/.local/lib/python3.12/site-packages/airflow/example_dags/example_latest_only_with_trigger.py took 0.096 seconds
[2024-07-19T06:12:02.031+0000] {processor.py:161} INFO - Started process (PID=6261) to work on /home/airflow/.local/lib/python3.12/site-packages/airflow/example_dags/example_latest_only_with_trigger.py
[2024-07-19T06:12:02.033+0000] {processor.py:830} INFO - Processing file /home/airflow/.local/lib/python3.12/site-packages/airflow/example_dags/example_latest_only_with_trigger.py for tasks to queue
[2024-07-19T06:12:02.035+0000] {logging_mixin.py:188} INFO - [2024-07-19T06:12:02.034+0000] {dagbag.py:545} INFO - Filling up the DagBag from /home/airflow/.local/lib/python3.12/site-packages/airflow/example_dags/example_latest_only_with_trigger.py
[2024-07-19T06:12:02.044+0000] {processor.py:840} INFO - DAG(s) 'latest_only_with_trigger' retrieved from /home/airflow/.local/lib/python3.12/site-packages/airflow/example_dags/example_latest_only_with_trigger.py
[2024-07-19T06:12:02.073+0000] {logging_mixin.py:188} INFO - [2024-07-19T06:12:02.073+0000] {dag.py:3089} INFO - Sync 1 DAGs
[2024-07-19T06:12:02.135+0000] {logging_mixin.py:188} INFO - [2024-07-19T06:12:02.135+0000] {dag.py:3947} INFO - Setting next_dagrun for latest_only_with_trigger to 2024-07-19 00:00:00+00:00, run_after=2024-07-19 04:00:00+00:00
[2024-07-19T06:12:02.155+0000] {processor.py:183} INFO - Processing /home/airflow/.local/lib/python3.12/site-packages/airflow/example_dags/example_latest_only_with_trigger.py took 0.133 seconds
[2024-07-19T06:12:33.696+0000] {processor.py:161} INFO - Started process (PID=6327) to work on /home/airflow/.local/lib/python3.12/site-packages/airflow/example_dags/example_latest_only_with_trigger.py
[2024-07-19T06:12:33.699+0000] {processor.py:830} INFO - Processing file /home/airflow/.local/lib/python3.12/site-packages/airflow/example_dags/example_latest_only_with_trigger.py for tasks to queue
[2024-07-19T06:12:33.704+0000] {logging_mixin.py:188} INFO - [2024-07-19T06:12:33.703+0000] {dagbag.py:545} INFO - Filling up the DagBag from /home/airflow/.local/lib/python3.12/site-packages/airflow/example_dags/example_latest_only_with_trigger.py
[2024-07-19T06:12:33.717+0000] {processor.py:840} INFO - DAG(s) 'latest_only_with_trigger' retrieved from /home/airflow/.local/lib/python3.12/site-packages/airflow/example_dags/example_latest_only_with_trigger.py
[2024-07-19T06:12:33.763+0000] {logging_mixin.py:188} INFO - [2024-07-19T06:12:33.762+0000] {dag.py:3089} INFO - Sync 1 DAGs
[2024-07-19T06:12:33.846+0000] {logging_mixin.py:188} INFO - [2024-07-19T06:12:33.846+0000] {dag.py:3947} INFO - Setting next_dagrun for latest_only_with_trigger to 2024-07-19 00:00:00+00:00, run_after=2024-07-19 04:00:00+00:00
[2024-07-19T06:12:33.875+0000] {processor.py:183} INFO - Processing /home/airflow/.local/lib/python3.12/site-packages/airflow/example_dags/example_latest_only_with_trigger.py took 0.195 seconds
[2024-07-19T06:13:04.629+0000] {processor.py:161} INFO - Started process (PID=6387) to work on /home/airflow/.local/lib/python3.12/site-packages/airflow/example_dags/example_latest_only_with_trigger.py
[2024-07-19T06:13:04.631+0000] {processor.py:830} INFO - Processing file /home/airflow/.local/lib/python3.12/site-packages/airflow/example_dags/example_latest_only_with_trigger.py for tasks to queue
[2024-07-19T06:13:04.634+0000] {logging_mixin.py:188} INFO - [2024-07-19T06:13:04.633+0000] {dagbag.py:545} INFO - Filling up the DagBag from /home/airflow/.local/lib/python3.12/site-packages/airflow/example_dags/example_latest_only_with_trigger.py
[2024-07-19T06:13:04.648+0000] {processor.py:840} INFO - DAG(s) 'latest_only_with_trigger' retrieved from /home/airflow/.local/lib/python3.12/site-packages/airflow/example_dags/example_latest_only_with_trigger.py
[2024-07-19T06:13:04.753+0000] {logging_mixin.py:188} INFO - [2024-07-19T06:13:04.752+0000] {dag.py:3089} INFO - Sync 1 DAGs
[2024-07-19T06:13:04.797+0000] {logging_mixin.py:188} INFO - [2024-07-19T06:13:04.796+0000] {dag.py:3947} INFO - Setting next_dagrun for latest_only_with_trigger to 2024-07-19 00:00:00+00:00, run_after=2024-07-19 04:00:00+00:00
[2024-07-19T06:13:04.861+0000] {processor.py:183} INFO - Processing /home/airflow/.local/lib/python3.12/site-packages/airflow/example_dags/example_latest_only_with_trigger.py took 0.245 seconds
[2024-07-19T06:13:35.310+0000] {processor.py:161} INFO - Started process (PID=6447) to work on /home/airflow/.local/lib/python3.12/site-packages/airflow/example_dags/example_latest_only_with_trigger.py
[2024-07-19T06:13:35.312+0000] {processor.py:830} INFO - Processing file /home/airflow/.local/lib/python3.12/site-packages/airflow/example_dags/example_latest_only_with_trigger.py for tasks to queue
[2024-07-19T06:13:35.314+0000] {logging_mixin.py:188} INFO - [2024-07-19T06:13:35.313+0000] {dagbag.py:545} INFO - Filling up the DagBag from /home/airflow/.local/lib/python3.12/site-packages/airflow/example_dags/example_latest_only_with_trigger.py
[2024-07-19T06:13:35.322+0000] {processor.py:840} INFO - DAG(s) 'latest_only_with_trigger' retrieved from /home/airflow/.local/lib/python3.12/site-packages/airflow/example_dags/example_latest_only_with_trigger.py
[2024-07-19T06:13:35.351+0000] {logging_mixin.py:188} INFO - [2024-07-19T06:13:35.351+0000] {dag.py:3089} INFO - Sync 1 DAGs
[2024-07-19T06:13:35.381+0000] {logging_mixin.py:188} INFO - [2024-07-19T06:13:35.381+0000] {dag.py:3947} INFO - Setting next_dagrun for latest_only_with_trigger to 2024-07-19 00:00:00+00:00, run_after=2024-07-19 04:00:00+00:00
[2024-07-19T06:13:35.405+0000] {processor.py:183} INFO - Processing /home/airflow/.local/lib/python3.12/site-packages/airflow/example_dags/example_latest_only_with_trigger.py took 0.104 seconds
[2024-07-19T06:14:06.284+0000] {processor.py:161} INFO - Started process (PID=6507) to work on /home/airflow/.local/lib/python3.12/site-packages/airflow/example_dags/example_latest_only_with_trigger.py
[2024-07-19T06:14:06.285+0000] {processor.py:830} INFO - Processing file /home/airflow/.local/lib/python3.12/site-packages/airflow/example_dags/example_latest_only_with_trigger.py for tasks to queue
[2024-07-19T06:14:06.287+0000] {logging_mixin.py:188} INFO - [2024-07-19T06:14:06.287+0000] {dagbag.py:545} INFO - Filling up the DagBag from /home/airflow/.local/lib/python3.12/site-packages/airflow/example_dags/example_latest_only_with_trigger.py
[2024-07-19T06:14:06.295+0000] {processor.py:840} INFO - DAG(s) 'latest_only_with_trigger' retrieved from /home/airflow/.local/lib/python3.12/site-packages/airflow/example_dags/example_latest_only_with_trigger.py
[2024-07-19T06:14:06.323+0000] {logging_mixin.py:188} INFO - [2024-07-19T06:14:06.322+0000] {dag.py:3089} INFO - Sync 1 DAGs
[2024-07-19T06:14:06.347+0000] {logging_mixin.py:188} INFO - [2024-07-19T06:14:06.346+0000] {dag.py:3947} INFO - Setting next_dagrun for latest_only_with_trigger to 2024-07-19 00:00:00+00:00, run_after=2024-07-19 04:00:00+00:00
[2024-07-19T06:14:06.368+0000] {processor.py:183} INFO - Processing /home/airflow/.local/lib/python3.12/site-packages/airflow/example_dags/example_latest_only_with_trigger.py took 0.094 seconds
[2024-07-19T06:14:36.785+0000] {processor.py:161} INFO - Started process (PID=6567) to work on /home/airflow/.local/lib/python3.12/site-packages/airflow/example_dags/example_latest_only_with_trigger.py
[2024-07-19T06:14:36.787+0000] {processor.py:830} INFO - Processing file /home/airflow/.local/lib/python3.12/site-packages/airflow/example_dags/example_latest_only_with_trigger.py for tasks to queue
[2024-07-19T06:14:36.788+0000] {logging_mixin.py:188} INFO - [2024-07-19T06:14:36.788+0000] {dagbag.py:545} INFO - Filling up the DagBag from /home/airflow/.local/lib/python3.12/site-packages/airflow/example_dags/example_latest_only_with_trigger.py
[2024-07-19T06:14:36.796+0000] {processor.py:840} INFO - DAG(s) 'latest_only_with_trigger' retrieved from /home/airflow/.local/lib/python3.12/site-packages/airflow/example_dags/example_latest_only_with_trigger.py
[2024-07-19T06:14:36.825+0000] {logging_mixin.py:188} INFO - [2024-07-19T06:14:36.824+0000] {dag.py:3089} INFO - Sync 1 DAGs
[2024-07-19T06:14:36.851+0000] {logging_mixin.py:188} INFO - [2024-07-19T06:14:36.851+0000] {dag.py:3947} INFO - Setting next_dagrun for latest_only_with_trigger to 2024-07-19 00:00:00+00:00, run_after=2024-07-19 04:00:00+00:00
[2024-07-19T06:14:36.873+0000] {processor.py:183} INFO - Processing /home/airflow/.local/lib/python3.12/site-packages/airflow/example_dags/example_latest_only_with_trigger.py took 0.096 seconds
[2024-07-19T06:15:07.802+0000] {processor.py:161} INFO - Started process (PID=6627) to work on /home/airflow/.local/lib/python3.12/site-packages/airflow/example_dags/example_latest_only_with_trigger.py
[2024-07-19T06:15:07.804+0000] {processor.py:830} INFO - Processing file /home/airflow/.local/lib/python3.12/site-packages/airflow/example_dags/example_latest_only_with_trigger.py for tasks to queue
[2024-07-19T06:15:07.805+0000] {logging_mixin.py:188} INFO - [2024-07-19T06:15:07.805+0000] {dagbag.py:545} INFO - Filling up the DagBag from /home/airflow/.local/lib/python3.12/site-packages/airflow/example_dags/example_latest_only_with_trigger.py
[2024-07-19T06:15:07.813+0000] {processor.py:840} INFO - DAG(s) 'latest_only_with_trigger' retrieved from /home/airflow/.local/lib/python3.12/site-packages/airflow/example_dags/example_latest_only_with_trigger.py
[2024-07-19T06:15:07.844+0000] {logging_mixin.py:188} INFO - [2024-07-19T06:15:07.843+0000] {dag.py:3089} INFO - Sync 1 DAGs
[2024-07-19T06:15:07.873+0000] {logging_mixin.py:188} INFO - [2024-07-19T06:15:07.873+0000] {dag.py:3947} INFO - Setting next_dagrun for latest_only_with_trigger to 2024-07-19 00:00:00+00:00, run_after=2024-07-19 04:00:00+00:00
[2024-07-19T06:15:07.976+0000] {processor.py:183} INFO - Processing /home/airflow/.local/lib/python3.12/site-packages/airflow/example_dags/example_latest_only_with_trigger.py took 0.181 seconds
[2024-07-19T06:15:38.642+0000] {processor.py:161} INFO - Started process (PID=6687) to work on /home/airflow/.local/lib/python3.12/site-packages/airflow/example_dags/example_latest_only_with_trigger.py
[2024-07-19T06:15:38.643+0000] {processor.py:830} INFO - Processing file /home/airflow/.local/lib/python3.12/site-packages/airflow/example_dags/example_latest_only_with_trigger.py for tasks to queue
[2024-07-19T06:15:38.645+0000] {logging_mixin.py:188} INFO - [2024-07-19T06:15:38.644+0000] {dagbag.py:545} INFO - Filling up the DagBag from /home/airflow/.local/lib/python3.12/site-packages/airflow/example_dags/example_latest_only_with_trigger.py
[2024-07-19T06:15:38.653+0000] {processor.py:840} INFO - DAG(s) 'latest_only_with_trigger' retrieved from /home/airflow/.local/lib/python3.12/site-packages/airflow/example_dags/example_latest_only_with_trigger.py
[2024-07-19T06:15:38.684+0000] {logging_mixin.py:188} INFO - [2024-07-19T06:15:38.684+0000] {dag.py:3089} INFO - Sync 1 DAGs
[2024-07-19T06:15:38.712+0000] {logging_mixin.py:188} INFO - [2024-07-19T06:15:38.712+0000] {dag.py:3947} INFO - Setting next_dagrun for latest_only_with_trigger to 2024-07-19 00:00:00+00:00, run_after=2024-07-19 04:00:00+00:00
[2024-07-19T06:15:38.741+0000] {processor.py:183} INFO - Processing /home/airflow/.local/lib/python3.12/site-packages/airflow/example_dags/example_latest_only_with_trigger.py took 0.108 seconds
[2024-07-19T06:16:09.569+0000] {processor.py:161} INFO - Started process (PID=6747) to work on /home/airflow/.local/lib/python3.12/site-packages/airflow/example_dags/example_latest_only_with_trigger.py
[2024-07-19T06:16:09.571+0000] {processor.py:830} INFO - Processing file /home/airflow/.local/lib/python3.12/site-packages/airflow/example_dags/example_latest_only_with_trigger.py for tasks to queue
[2024-07-19T06:16:09.573+0000] {logging_mixin.py:188} INFO - [2024-07-19T06:16:09.572+0000] {dagbag.py:545} INFO - Filling up the DagBag from /home/airflow/.local/lib/python3.12/site-packages/airflow/example_dags/example_latest_only_with_trigger.py
[2024-07-19T06:16:09.582+0000] {processor.py:840} INFO - DAG(s) 'latest_only_with_trigger' retrieved from /home/airflow/.local/lib/python3.12/site-packages/airflow/example_dags/example_latest_only_with_trigger.py
[2024-07-19T06:16:09.617+0000] {logging_mixin.py:188} INFO - [2024-07-19T06:16:09.617+0000] {dag.py:3089} INFO - Sync 1 DAGs
[2024-07-19T06:16:09.661+0000] {logging_mixin.py:188} INFO - [2024-07-19T06:16:09.661+0000] {dag.py:3947} INFO - Setting next_dagrun for latest_only_with_trigger to 2024-07-19 00:00:00+00:00, run_after=2024-07-19 04:00:00+00:00
[2024-07-19T06:16:09.769+0000] {processor.py:183} INFO - Processing /home/airflow/.local/lib/python3.12/site-packages/airflow/example_dags/example_latest_only_with_trigger.py took 0.212 seconds
[2024-07-19T06:16:40.610+0000] {processor.py:161} INFO - Started process (PID=6807) to work on /home/airflow/.local/lib/python3.12/site-packages/airflow/example_dags/example_latest_only_with_trigger.py
[2024-07-19T06:16:40.611+0000] {processor.py:830} INFO - Processing file /home/airflow/.local/lib/python3.12/site-packages/airflow/example_dags/example_latest_only_with_trigger.py for tasks to queue
[2024-07-19T06:16:40.613+0000] {logging_mixin.py:188} INFO - [2024-07-19T06:16:40.612+0000] {dagbag.py:545} INFO - Filling up the DagBag from /home/airflow/.local/lib/python3.12/site-packages/airflow/example_dags/example_latest_only_with_trigger.py
[2024-07-19T06:16:40.621+0000] {processor.py:840} INFO - DAG(s) 'latest_only_with_trigger' retrieved from /home/airflow/.local/lib/python3.12/site-packages/airflow/example_dags/example_latest_only_with_trigger.py
[2024-07-19T06:16:40.653+0000] {logging_mixin.py:188} INFO - [2024-07-19T06:16:40.653+0000] {dag.py:3089} INFO - Sync 1 DAGs
[2024-07-19T06:16:40.682+0000] {logging_mixin.py:188} INFO - [2024-07-19T06:16:40.682+0000] {dag.py:3947} INFO - Setting next_dagrun for latest_only_with_trigger to 2024-07-19 00:00:00+00:00, run_after=2024-07-19 04:00:00+00:00
[2024-07-19T06:16:40.708+0000] {processor.py:183} INFO - Processing /home/airflow/.local/lib/python3.12/site-packages/airflow/example_dags/example_latest_only_with_trigger.py took 0.108 seconds
[2024-07-19T06:17:11.288+0000] {processor.py:161} INFO - Started process (PID=6867) to work on /home/airflow/.local/lib/python3.12/site-packages/airflow/example_dags/example_latest_only_with_trigger.py
[2024-07-19T06:17:11.290+0000] {processor.py:830} INFO - Processing file /home/airflow/.local/lib/python3.12/site-packages/airflow/example_dags/example_latest_only_with_trigger.py for tasks to queue
[2024-07-19T06:17:11.291+0000] {logging_mixin.py:188} INFO - [2024-07-19T06:17:11.291+0000] {dagbag.py:545} INFO - Filling up the DagBag from /home/airflow/.local/lib/python3.12/site-packages/airflow/example_dags/example_latest_only_with_trigger.py
[2024-07-19T06:17:11.299+0000] {processor.py:840} INFO - DAG(s) 'latest_only_with_trigger' retrieved from /home/airflow/.local/lib/python3.12/site-packages/airflow/example_dags/example_latest_only_with_trigger.py
[2024-07-19T06:17:11.329+0000] {logging_mixin.py:188} INFO - [2024-07-19T06:17:11.329+0000] {dag.py:3089} INFO - Sync 1 DAGs
[2024-07-19T06:17:11.361+0000] {logging_mixin.py:188} INFO - [2024-07-19T06:17:11.361+0000] {dag.py:3947} INFO - Setting next_dagrun for latest_only_with_trigger to 2024-07-19 00:00:00+00:00, run_after=2024-07-19 04:00:00+00:00
[2024-07-19T06:17:11.389+0000] {processor.py:183} INFO - Processing /home/airflow/.local/lib/python3.12/site-packages/airflow/example_dags/example_latest_only_with_trigger.py took 0.110 seconds
[2024-07-19T06:17:41.633+0000] {processor.py:161} INFO - Started process (PID=6927) to work on /home/airflow/.local/lib/python3.12/site-packages/airflow/example_dags/example_latest_only_with_trigger.py
[2024-07-19T06:17:41.635+0000] {processor.py:830} INFO - Processing file /home/airflow/.local/lib/python3.12/site-packages/airflow/example_dags/example_latest_only_with_trigger.py for tasks to queue
[2024-07-19T06:17:41.637+0000] {logging_mixin.py:188} INFO - [2024-07-19T06:17:41.636+0000] {dagbag.py:545} INFO - Filling up the DagBag from /home/airflow/.local/lib/python3.12/site-packages/airflow/example_dags/example_latest_only_with_trigger.py
[2024-07-19T06:17:41.645+0000] {processor.py:840} INFO - DAG(s) 'latest_only_with_trigger' retrieved from /home/airflow/.local/lib/python3.12/site-packages/airflow/example_dags/example_latest_only_with_trigger.py
[2024-07-19T06:17:41.676+0000] {logging_mixin.py:188} INFO - [2024-07-19T06:17:41.676+0000] {dag.py:3089} INFO - Sync 1 DAGs
[2024-07-19T06:17:41.740+0000] {logging_mixin.py:188} INFO - [2024-07-19T06:17:41.739+0000] {dag.py:3947} INFO - Setting next_dagrun for latest_only_with_trigger to 2024-07-19 00:00:00+00:00, run_after=2024-07-19 04:00:00+00:00
[2024-07-19T06:17:41.760+0000] {processor.py:183} INFO - Processing /home/airflow/.local/lib/python3.12/site-packages/airflow/example_dags/example_latest_only_with_trigger.py took 0.135 seconds
[2024-07-19T06:18:11.898+0000] {processor.py:161} INFO - Started process (PID=6987) to work on /home/airflow/.local/lib/python3.12/site-packages/airflow/example_dags/example_latest_only_with_trigger.py
[2024-07-19T06:18:11.900+0000] {processor.py:830} INFO - Processing file /home/airflow/.local/lib/python3.12/site-packages/airflow/example_dags/example_latest_only_with_trigger.py for tasks to queue
[2024-07-19T06:18:11.901+0000] {logging_mixin.py:188} INFO - [2024-07-19T06:18:11.901+0000] {dagbag.py:545} INFO - Filling up the DagBag from /home/airflow/.local/lib/python3.12/site-packages/airflow/example_dags/example_latest_only_with_trigger.py
[2024-07-19T06:18:11.910+0000] {processor.py:840} INFO - DAG(s) 'latest_only_with_trigger' retrieved from /home/airflow/.local/lib/python3.12/site-packages/airflow/example_dags/example_latest_only_with_trigger.py
[2024-07-19T06:18:11.937+0000] {logging_mixin.py:188} INFO - [2024-07-19T06:18:11.936+0000] {dag.py:3089} INFO - Sync 1 DAGs
[2024-07-19T06:18:11.965+0000] {logging_mixin.py:188} INFO - [2024-07-19T06:18:11.964+0000] {dag.py:3947} INFO - Setting next_dagrun for latest_only_with_trigger to 2024-07-19 00:00:00+00:00, run_after=2024-07-19 04:00:00+00:00
[2024-07-19T06:18:11.993+0000] {processor.py:183} INFO - Processing /home/airflow/.local/lib/python3.12/site-packages/airflow/example_dags/example_latest_only_with_trigger.py took 0.103 seconds
[2024-07-19T06:18:42.643+0000] {processor.py:161} INFO - Started process (PID=7047) to work on /home/airflow/.local/lib/python3.12/site-packages/airflow/example_dags/example_latest_only_with_trigger.py
[2024-07-19T06:18:42.647+0000] {processor.py:830} INFO - Processing file /home/airflow/.local/lib/python3.12/site-packages/airflow/example_dags/example_latest_only_with_trigger.py for tasks to queue
[2024-07-19T06:18:42.651+0000] {logging_mixin.py:188} INFO - [2024-07-19T06:18:42.650+0000] {dagbag.py:545} INFO - Filling up the DagBag from /home/airflow/.local/lib/python3.12/site-packages/airflow/example_dags/example_latest_only_with_trigger.py
[2024-07-19T06:18:42.670+0000] {processor.py:840} INFO - DAG(s) 'latest_only_with_trigger' retrieved from /home/airflow/.local/lib/python3.12/site-packages/airflow/example_dags/example_latest_only_with_trigger.py
[2024-07-19T06:18:42.735+0000] {logging_mixin.py:188} INFO - [2024-07-19T06:18:42.734+0000] {dag.py:3089} INFO - Sync 1 DAGs
[2024-07-19T06:18:42.801+0000] {logging_mixin.py:188} INFO - [2024-07-19T06:18:42.800+0000] {dag.py:3947} INFO - Setting next_dagrun for latest_only_with_trigger to 2024-07-19 00:00:00+00:00, run_after=2024-07-19 04:00:00+00:00
[2024-07-19T06:18:42.852+0000] {processor.py:183} INFO - Processing /home/airflow/.local/lib/python3.12/site-packages/airflow/example_dags/example_latest_only_with_trigger.py took 0.225 seconds
[2024-07-19T06:19:13.141+0000] {processor.py:161} INFO - Started process (PID=7107) to work on /home/airflow/.local/lib/python3.12/site-packages/airflow/example_dags/example_latest_only_with_trigger.py
[2024-07-19T06:19:13.142+0000] {processor.py:830} INFO - Processing file /home/airflow/.local/lib/python3.12/site-packages/airflow/example_dags/example_latest_only_with_trigger.py for tasks to queue
[2024-07-19T06:19:13.144+0000] {logging_mixin.py:188} INFO - [2024-07-19T06:19:13.143+0000] {dagbag.py:545} INFO - Filling up the DagBag from /home/airflow/.local/lib/python3.12/site-packages/airflow/example_dags/example_latest_only_with_trigger.py
[2024-07-19T06:19:13.152+0000] {processor.py:840} INFO - DAG(s) 'latest_only_with_trigger' retrieved from /home/airflow/.local/lib/python3.12/site-packages/airflow/example_dags/example_latest_only_with_trigger.py
[2024-07-19T06:19:13.181+0000] {logging_mixin.py:188} INFO - [2024-07-19T06:19:13.181+0000] {dag.py:3089} INFO - Sync 1 DAGs
[2024-07-19T06:19:13.209+0000] {logging_mixin.py:188} INFO - [2024-07-19T06:19:13.208+0000] {dag.py:3947} INFO - Setting next_dagrun for latest_only_with_trigger to 2024-07-19 00:00:00+00:00, run_after=2024-07-19 04:00:00+00:00
[2024-07-19T06:19:13.232+0000] {processor.py:183} INFO - Processing /home/airflow/.local/lib/python3.12/site-packages/airflow/example_dags/example_latest_only_with_trigger.py took 0.100 seconds
[2024-07-19T06:19:43.495+0000] {processor.py:161} INFO - Started process (PID=7167) to work on /home/airflow/.local/lib/python3.12/site-packages/airflow/example_dags/example_latest_only_with_trigger.py
[2024-07-19T06:19:43.497+0000] {processor.py:830} INFO - Processing file /home/airflow/.local/lib/python3.12/site-packages/airflow/example_dags/example_latest_only_with_trigger.py for tasks to queue
[2024-07-19T06:19:43.498+0000] {logging_mixin.py:188} INFO - [2024-07-19T06:19:43.498+0000] {dagbag.py:545} INFO - Filling up the DagBag from /home/airflow/.local/lib/python3.12/site-packages/airflow/example_dags/example_latest_only_with_trigger.py
[2024-07-19T06:19:43.506+0000] {processor.py:840} INFO - DAG(s) 'latest_only_with_trigger' retrieved from /home/airflow/.local/lib/python3.12/site-packages/airflow/example_dags/example_latest_only_with_trigger.py
[2024-07-19T06:19:43.540+0000] {logging_mixin.py:188} INFO - [2024-07-19T06:19:43.539+0000] {dag.py:3089} INFO - Sync 1 DAGs
[2024-07-19T06:19:43.604+0000] {logging_mixin.py:188} INFO - [2024-07-19T06:19:43.603+0000] {dag.py:3947} INFO - Setting next_dagrun for latest_only_with_trigger to 2024-07-19 00:00:00+00:00, run_after=2024-07-19 04:00:00+00:00
[2024-07-19T06:19:43.630+0000] {processor.py:183} INFO - Processing /home/airflow/.local/lib/python3.12/site-packages/airflow/example_dags/example_latest_only_with_trigger.py took 0.143 seconds
[2024-07-19T06:20:14.118+0000] {processor.py:161} INFO - Started process (PID=7227) to work on /home/airflow/.local/lib/python3.12/site-packages/airflow/example_dags/example_latest_only_with_trigger.py
[2024-07-19T06:20:14.120+0000] {processor.py:830} INFO - Processing file /home/airflow/.local/lib/python3.12/site-packages/airflow/example_dags/example_latest_only_with_trigger.py for tasks to queue
[2024-07-19T06:20:14.121+0000] {logging_mixin.py:188} INFO - [2024-07-19T06:20:14.121+0000] {dagbag.py:545} INFO - Filling up the DagBag from /home/airflow/.local/lib/python3.12/site-packages/airflow/example_dags/example_latest_only_with_trigger.py
[2024-07-19T06:20:14.131+0000] {processor.py:840} INFO - DAG(s) 'latest_only_with_trigger' retrieved from /home/airflow/.local/lib/python3.12/site-packages/airflow/example_dags/example_latest_only_with_trigger.py
[2024-07-19T06:20:14.171+0000] {logging_mixin.py:188} INFO - [2024-07-19T06:20:14.170+0000] {dag.py:3089} INFO - Sync 1 DAGs
[2024-07-19T06:20:14.198+0000] {logging_mixin.py:188} INFO - [2024-07-19T06:20:14.198+0000] {dag.py:3947} INFO - Setting next_dagrun for latest_only_with_trigger to 2024-07-19 00:00:00+00:00, run_after=2024-07-19 04:00:00+00:00
[2024-07-19T06:20:14.221+0000] {processor.py:183} INFO - Processing /home/airflow/.local/lib/python3.12/site-packages/airflow/example_dags/example_latest_only_with_trigger.py took 0.114 seconds
[2024-07-19T06:20:45.129+0000] {processor.py:161} INFO - Started process (PID=7287) to work on /home/airflow/.local/lib/python3.12/site-packages/airflow/example_dags/example_latest_only_with_trigger.py
[2024-07-19T06:20:45.131+0000] {processor.py:830} INFO - Processing file /home/airflow/.local/lib/python3.12/site-packages/airflow/example_dags/example_latest_only_with_trigger.py for tasks to queue
[2024-07-19T06:20:45.132+0000] {logging_mixin.py:188} INFO - [2024-07-19T06:20:45.132+0000] {dagbag.py:545} INFO - Filling up the DagBag from /home/airflow/.local/lib/python3.12/site-packages/airflow/example_dags/example_latest_only_with_trigger.py
[2024-07-19T06:20:45.141+0000] {processor.py:840} INFO - DAG(s) 'latest_only_with_trigger' retrieved from /home/airflow/.local/lib/python3.12/site-packages/airflow/example_dags/example_latest_only_with_trigger.py
[2024-07-19T06:20:45.171+0000] {logging_mixin.py:188} INFO - [2024-07-19T06:20:45.171+0000] {dag.py:3089} INFO - Sync 1 DAGs
[2024-07-19T06:20:45.198+0000] {logging_mixin.py:188} INFO - [2024-07-19T06:20:45.197+0000] {dag.py:3947} INFO - Setting next_dagrun for latest_only_with_trigger to 2024-07-19 00:00:00+00:00, run_after=2024-07-19 04:00:00+00:00
[2024-07-19T06:20:45.220+0000] {processor.py:183} INFO - Processing /home/airflow/.local/lib/python3.12/site-packages/airflow/example_dags/example_latest_only_with_trigger.py took 0.100 seconds
[2024-07-19T06:21:15.655+0000] {processor.py:161} INFO - Started process (PID=7347) to work on /home/airflow/.local/lib/python3.12/site-packages/airflow/example_dags/example_latest_only_with_trigger.py
[2024-07-19T06:21:15.656+0000] {processor.py:830} INFO - Processing file /home/airflow/.local/lib/python3.12/site-packages/airflow/example_dags/example_latest_only_with_trigger.py for tasks to queue
[2024-07-19T06:21:15.658+0000] {logging_mixin.py:188} INFO - [2024-07-19T06:21:15.658+0000] {dagbag.py:545} INFO - Filling up the DagBag from /home/airflow/.local/lib/python3.12/site-packages/airflow/example_dags/example_latest_only_with_trigger.py
[2024-07-19T06:21:15.668+0000] {processor.py:840} INFO - DAG(s) 'latest_only_with_trigger' retrieved from /home/airflow/.local/lib/python3.12/site-packages/airflow/example_dags/example_latest_only_with_trigger.py
[2024-07-19T06:21:15.701+0000] {logging_mixin.py:188} INFO - [2024-07-19T06:21:15.701+0000] {dag.py:3089} INFO - Sync 1 DAGs
[2024-07-19T06:21:15.729+0000] {logging_mixin.py:188} INFO - [2024-07-19T06:21:15.728+0000] {dag.py:3947} INFO - Setting next_dagrun for latest_only_with_trigger to 2024-07-19 00:00:00+00:00, run_after=2024-07-19 04:00:00+00:00
[2024-07-19T06:21:15.752+0000] {processor.py:183} INFO - Processing /home/airflow/.local/lib/python3.12/site-packages/airflow/example_dags/example_latest_only_with_trigger.py took 0.106 seconds
[2024-07-19T06:21:46.733+0000] {processor.py:161} INFO - Started process (PID=7407) to work on /home/airflow/.local/lib/python3.12/site-packages/airflow/example_dags/example_latest_only_with_trigger.py
[2024-07-19T06:21:46.735+0000] {processor.py:830} INFO - Processing file /home/airflow/.local/lib/python3.12/site-packages/airflow/example_dags/example_latest_only_with_trigger.py for tasks to queue
[2024-07-19T06:21:46.736+0000] {logging_mixin.py:188} INFO - [2024-07-19T06:21:46.736+0000] {dagbag.py:545} INFO - Filling up the DagBag from /home/airflow/.local/lib/python3.12/site-packages/airflow/example_dags/example_latest_only_with_trigger.py
[2024-07-19T06:21:46.745+0000] {processor.py:840} INFO - DAG(s) 'latest_only_with_trigger' retrieved from /home/airflow/.local/lib/python3.12/site-packages/airflow/example_dags/example_latest_only_with_trigger.py
[2024-07-19T06:21:46.772+0000] {logging_mixin.py:188} INFO - [2024-07-19T06:21:46.771+0000] {dag.py:3089} INFO - Sync 1 DAGs
[2024-07-19T06:21:46.798+0000] {logging_mixin.py:188} INFO - [2024-07-19T06:21:46.798+0000] {dag.py:3947} INFO - Setting next_dagrun for latest_only_with_trigger to 2024-07-19 00:00:00+00:00, run_after=2024-07-19 04:00:00+00:00
[2024-07-19T06:21:46.820+0000] {processor.py:183} INFO - Processing /home/airflow/.local/lib/python3.12/site-packages/airflow/example_dags/example_latest_only_with_trigger.py took 0.097 seconds
[2024-07-19T06:22:17.147+0000] {processor.py:161} INFO - Started process (PID=7465) to work on /home/airflow/.local/lib/python3.12/site-packages/airflow/example_dags/example_latest_only_with_trigger.py
[2024-07-19T06:22:17.150+0000] {processor.py:830} INFO - Processing file /home/airflow/.local/lib/python3.12/site-packages/airflow/example_dags/example_latest_only_with_trigger.py for tasks to queue
[2024-07-19T06:22:17.151+0000] {logging_mixin.py:188} INFO - [2024-07-19T06:22:17.151+0000] {dagbag.py:545} INFO - Filling up the DagBag from /home/airflow/.local/lib/python3.12/site-packages/airflow/example_dags/example_latest_only_with_trigger.py
[2024-07-19T06:22:17.161+0000] {processor.py:840} INFO - DAG(s) 'latest_only_with_trigger' retrieved from /home/airflow/.local/lib/python3.12/site-packages/airflow/example_dags/example_latest_only_with_trigger.py
[2024-07-19T06:22:17.190+0000] {logging_mixin.py:188} INFO - [2024-07-19T06:22:17.190+0000] {dag.py:3089} INFO - Sync 1 DAGs
[2024-07-19T06:22:17.218+0000] {logging_mixin.py:188} INFO - [2024-07-19T06:22:17.218+0000] {dag.py:3947} INFO - Setting next_dagrun for latest_only_with_trigger to 2024-07-19 00:00:00+00:00, run_after=2024-07-19 04:00:00+00:00
[2024-07-19T06:22:17.243+0000] {processor.py:183} INFO - Processing /home/airflow/.local/lib/python3.12/site-packages/airflow/example_dags/example_latest_only_with_trigger.py took 0.105 seconds
[2024-07-19T06:22:47.465+0000] {processor.py:161} INFO - Started process (PID=7526) to work on /home/airflow/.local/lib/python3.12/site-packages/airflow/example_dags/example_latest_only_with_trigger.py
[2024-07-19T06:22:47.466+0000] {processor.py:830} INFO - Processing file /home/airflow/.local/lib/python3.12/site-packages/airflow/example_dags/example_latest_only_with_trigger.py for tasks to queue
[2024-07-19T06:22:47.467+0000] {logging_mixin.py:188} INFO - [2024-07-19T06:22:47.467+0000] {dagbag.py:545} INFO - Filling up the DagBag from /home/airflow/.local/lib/python3.12/site-packages/airflow/example_dags/example_latest_only_with_trigger.py
[2024-07-19T06:22:47.475+0000] {processor.py:840} INFO - DAG(s) 'latest_only_with_trigger' retrieved from /home/airflow/.local/lib/python3.12/site-packages/airflow/example_dags/example_latest_only_with_trigger.py
[2024-07-19T06:22:47.503+0000] {logging_mixin.py:188} INFO - [2024-07-19T06:22:47.503+0000] {dag.py:3089} INFO - Sync 1 DAGs
[2024-07-19T06:22:47.529+0000] {logging_mixin.py:188} INFO - [2024-07-19T06:22:47.529+0000] {dag.py:3947} INFO - Setting next_dagrun for latest_only_with_trigger to 2024-07-19 00:00:00+00:00, run_after=2024-07-19 04:00:00+00:00
[2024-07-19T06:22:47.552+0000] {processor.py:183} INFO - Processing /home/airflow/.local/lib/python3.12/site-packages/airflow/example_dags/example_latest_only_with_trigger.py took 0.095 seconds
[2024-07-19T06:23:18.186+0000] {processor.py:161} INFO - Started process (PID=7586) to work on /home/airflow/.local/lib/python3.12/site-packages/airflow/example_dags/example_latest_only_with_trigger.py
[2024-07-19T06:23:18.188+0000] {processor.py:830} INFO - Processing file /home/airflow/.local/lib/python3.12/site-packages/airflow/example_dags/example_latest_only_with_trigger.py for tasks to queue
[2024-07-19T06:23:18.189+0000] {logging_mixin.py:188} INFO - [2024-07-19T06:23:18.189+0000] {dagbag.py:545} INFO - Filling up the DagBag from /home/airflow/.local/lib/python3.12/site-packages/airflow/example_dags/example_latest_only_with_trigger.py
[2024-07-19T06:23:18.198+0000] {processor.py:840} INFO - DAG(s) 'latest_only_with_trigger' retrieved from /home/airflow/.local/lib/python3.12/site-packages/airflow/example_dags/example_latest_only_with_trigger.py
[2024-07-19T06:23:18.231+0000] {logging_mixin.py:188} INFO - [2024-07-19T06:23:18.230+0000] {dag.py:3089} INFO - Sync 1 DAGs
[2024-07-19T06:23:18.292+0000] {logging_mixin.py:188} INFO - [2024-07-19T06:23:18.292+0000] {dag.py:3947} INFO - Setting next_dagrun for latest_only_with_trigger to 2024-07-19 00:00:00+00:00, run_after=2024-07-19 04:00:00+00:00
[2024-07-19T06:23:18.314+0000] {processor.py:183} INFO - Processing /home/airflow/.local/lib/python3.12/site-packages/airflow/example_dags/example_latest_only_with_trigger.py took 0.135 seconds
[2024-07-19T06:23:48.964+0000] {processor.py:161} INFO - Started process (PID=7645) to work on /home/airflow/.local/lib/python3.12/site-packages/airflow/example_dags/example_latest_only_with_trigger.py
[2024-07-19T06:23:48.966+0000] {processor.py:830} INFO - Processing file /home/airflow/.local/lib/python3.12/site-packages/airflow/example_dags/example_latest_only_with_trigger.py for tasks to queue
[2024-07-19T06:23:48.967+0000] {logging_mixin.py:188} INFO - [2024-07-19T06:23:48.967+0000] {dagbag.py:545} INFO - Filling up the DagBag from /home/airflow/.local/lib/python3.12/site-packages/airflow/example_dags/example_latest_only_with_trigger.py
[2024-07-19T06:23:48.975+0000] {processor.py:840} INFO - DAG(s) 'latest_only_with_trigger' retrieved from /home/airflow/.local/lib/python3.12/site-packages/airflow/example_dags/example_latest_only_with_trigger.py
[2024-07-19T06:23:49.003+0000] {logging_mixin.py:188} INFO - [2024-07-19T06:23:49.003+0000] {dag.py:3089} INFO - Sync 1 DAGs
[2024-07-19T06:23:49.027+0000] {logging_mixin.py:188} INFO - [2024-07-19T06:23:49.027+0000] {dag.py:3947} INFO - Setting next_dagrun for latest_only_with_trigger to 2024-07-19 00:00:00+00:00, run_after=2024-07-19 04:00:00+00:00
[2024-07-19T06:23:49.049+0000] {processor.py:183} INFO - Processing /home/airflow/.local/lib/python3.12/site-packages/airflow/example_dags/example_latest_only_with_trigger.py took 0.093 seconds
[2024-07-19T06:24:19.844+0000] {processor.py:161} INFO - Started process (PID=7706) to work on /home/airflow/.local/lib/python3.12/site-packages/airflow/example_dags/example_latest_only_with_trigger.py
[2024-07-19T06:24:19.846+0000] {processor.py:830} INFO - Processing file /home/airflow/.local/lib/python3.12/site-packages/airflow/example_dags/example_latest_only_with_trigger.py for tasks to queue
[2024-07-19T06:24:19.848+0000] {logging_mixin.py:188} INFO - [2024-07-19T06:24:19.848+0000] {dagbag.py:545} INFO - Filling up the DagBag from /home/airflow/.local/lib/python3.12/site-packages/airflow/example_dags/example_latest_only_with_trigger.py
[2024-07-19T06:24:19.860+0000] {processor.py:840} INFO - DAG(s) 'latest_only_with_trigger' retrieved from /home/airflow/.local/lib/python3.12/site-packages/airflow/example_dags/example_latest_only_with_trigger.py
[2024-07-19T06:24:19.903+0000] {logging_mixin.py:188} INFO - [2024-07-19T06:24:19.902+0000] {dag.py:3089} INFO - Sync 1 DAGs
[2024-07-19T06:24:19.957+0000] {logging_mixin.py:188} INFO - [2024-07-19T06:24:19.956+0000] {dag.py:3947} INFO - Setting next_dagrun for latest_only_with_trigger to 2024-07-19 00:00:00+00:00, run_after=2024-07-19 04:00:00+00:00
[2024-07-19T06:24:20.013+0000] {processor.py:183} INFO - Processing /home/airflow/.local/lib/python3.12/site-packages/airflow/example_dags/example_latest_only_with_trigger.py took 0.182 seconds
[2024-07-19T06:24:50.096+0000] {processor.py:161} INFO - Started process (PID=7765) to work on /home/airflow/.local/lib/python3.12/site-packages/airflow/example_dags/example_latest_only_with_trigger.py
[2024-07-19T06:24:50.097+0000] {processor.py:830} INFO - Processing file /home/airflow/.local/lib/python3.12/site-packages/airflow/example_dags/example_latest_only_with_trigger.py for tasks to queue
[2024-07-19T06:24:50.099+0000] {logging_mixin.py:188} INFO - [2024-07-19T06:24:50.098+0000] {dagbag.py:545} INFO - Filling up the DagBag from /home/airflow/.local/lib/python3.12/site-packages/airflow/example_dags/example_latest_only_with_trigger.py
[2024-07-19T06:24:50.106+0000] {processor.py:840} INFO - DAG(s) 'latest_only_with_trigger' retrieved from /home/airflow/.local/lib/python3.12/site-packages/airflow/example_dags/example_latest_only_with_trigger.py
[2024-07-19T06:24:50.131+0000] {logging_mixin.py:188} INFO - [2024-07-19T06:24:50.131+0000] {dag.py:3089} INFO - Sync 1 DAGs
[2024-07-19T06:24:50.155+0000] {logging_mixin.py:188} INFO - [2024-07-19T06:24:50.155+0000] {dag.py:3947} INFO - Setting next_dagrun for latest_only_with_trigger to 2024-07-19 00:00:00+00:00, run_after=2024-07-19 04:00:00+00:00
[2024-07-19T06:24:50.180+0000] {processor.py:183} INFO - Processing /home/airflow/.local/lib/python3.12/site-packages/airflow/example_dags/example_latest_only_with_trigger.py took 0.091 seconds
[2024-07-19T06:25:20.790+0000] {processor.py:161} INFO - Started process (PID=7826) to work on /home/airflow/.local/lib/python3.12/site-packages/airflow/example_dags/example_latest_only_with_trigger.py
[2024-07-19T06:25:20.791+0000] {processor.py:830} INFO - Processing file /home/airflow/.local/lib/python3.12/site-packages/airflow/example_dags/example_latest_only_with_trigger.py for tasks to queue
[2024-07-19T06:25:20.792+0000] {logging_mixin.py:188} INFO - [2024-07-19T06:25:20.792+0000] {dagbag.py:545} INFO - Filling up the DagBag from /home/airflow/.local/lib/python3.12/site-packages/airflow/example_dags/example_latest_only_with_trigger.py
[2024-07-19T06:25:20.800+0000] {processor.py:840} INFO - DAG(s) 'latest_only_with_trigger' retrieved from /home/airflow/.local/lib/python3.12/site-packages/airflow/example_dags/example_latest_only_with_trigger.py
[2024-07-19T06:25:20.831+0000] {logging_mixin.py:188} INFO - [2024-07-19T06:25:20.831+0000] {dag.py:3089} INFO - Sync 1 DAGs
[2024-07-19T06:25:20.859+0000] {logging_mixin.py:188} INFO - [2024-07-19T06:25:20.858+0000] {dag.py:3947} INFO - Setting next_dagrun for latest_only_with_trigger to 2024-07-19 00:00:00+00:00, run_after=2024-07-19 04:00:00+00:00
[2024-07-19T06:25:20.882+0000] {processor.py:183} INFO - Processing /home/airflow/.local/lib/python3.12/site-packages/airflow/example_dags/example_latest_only_with_trigger.py took 0.100 seconds
[2024-07-19T06:25:51.099+0000] {processor.py:161} INFO - Started process (PID=7886) to work on /home/airflow/.local/lib/python3.12/site-packages/airflow/example_dags/example_latest_only_with_trigger.py
[2024-07-19T06:25:51.100+0000] {processor.py:830} INFO - Processing file /home/airflow/.local/lib/python3.12/site-packages/airflow/example_dags/example_latest_only_with_trigger.py for tasks to queue
[2024-07-19T06:25:51.102+0000] {logging_mixin.py:188} INFO - [2024-07-19T06:25:51.101+0000] {dagbag.py:545} INFO - Filling up the DagBag from /home/airflow/.local/lib/python3.12/site-packages/airflow/example_dags/example_latest_only_with_trigger.py
[2024-07-19T06:25:51.110+0000] {processor.py:840} INFO - DAG(s) 'latest_only_with_trigger' retrieved from /home/airflow/.local/lib/python3.12/site-packages/airflow/example_dags/example_latest_only_with_trigger.py
[2024-07-19T06:25:51.141+0000] {logging_mixin.py:188} INFO - [2024-07-19T06:25:51.141+0000] {dag.py:3089} INFO - Sync 1 DAGs
[2024-07-19T06:25:51.169+0000] {logging_mixin.py:188} INFO - [2024-07-19T06:25:51.168+0000] {dag.py:3947} INFO - Setting next_dagrun for latest_only_with_trigger to 2024-07-19 00:00:00+00:00, run_after=2024-07-19 04:00:00+00:00
[2024-07-19T06:25:51.191+0000] {processor.py:183} INFO - Processing /home/airflow/.local/lib/python3.12/site-packages/airflow/example_dags/example_latest_only_with_trigger.py took 0.099 seconds
[2024-07-19T06:26:21.618+0000] {processor.py:161} INFO - Started process (PID=7946) to work on /home/airflow/.local/lib/python3.12/site-packages/airflow/example_dags/example_latest_only_with_trigger.py
[2024-07-19T06:26:21.620+0000] {processor.py:830} INFO - Processing file /home/airflow/.local/lib/python3.12/site-packages/airflow/example_dags/example_latest_only_with_trigger.py for tasks to queue
[2024-07-19T06:26:21.622+0000] {logging_mixin.py:188} INFO - [2024-07-19T06:26:21.621+0000] {dagbag.py:545} INFO - Filling up the DagBag from /home/airflow/.local/lib/python3.12/site-packages/airflow/example_dags/example_latest_only_with_trigger.py
[2024-07-19T06:26:21.630+0000] {processor.py:840} INFO - DAG(s) 'latest_only_with_trigger' retrieved from /home/airflow/.local/lib/python3.12/site-packages/airflow/example_dags/example_latest_only_with_trigger.py
[2024-07-19T06:26:21.660+0000] {logging_mixin.py:188} INFO - [2024-07-19T06:26:21.660+0000] {dag.py:3089} INFO - Sync 1 DAGs
[2024-07-19T06:26:21.690+0000] {logging_mixin.py:188} INFO - [2024-07-19T06:26:21.690+0000] {dag.py:3947} INFO - Setting next_dagrun for latest_only_with_trigger to 2024-07-19 00:00:00+00:00, run_after=2024-07-19 04:00:00+00:00
[2024-07-19T06:26:21.713+0000] {processor.py:183} INFO - Processing /home/airflow/.local/lib/python3.12/site-packages/airflow/example_dags/example_latest_only_with_trigger.py took 0.103 seconds
[2024-07-19T06:26:51.833+0000] {processor.py:161} INFO - Started process (PID=8006) to work on /home/airflow/.local/lib/python3.12/site-packages/airflow/example_dags/example_latest_only_with_trigger.py
[2024-07-19T06:26:51.834+0000] {processor.py:830} INFO - Processing file /home/airflow/.local/lib/python3.12/site-packages/airflow/example_dags/example_latest_only_with_trigger.py for tasks to queue
[2024-07-19T06:26:51.836+0000] {logging_mixin.py:188} INFO - [2024-07-19T06:26:51.835+0000] {dagbag.py:545} INFO - Filling up the DagBag from /home/airflow/.local/lib/python3.12/site-packages/airflow/example_dags/example_latest_only_with_trigger.py
[2024-07-19T06:26:51.844+0000] {processor.py:840} INFO - DAG(s) 'latest_only_with_trigger' retrieved from /home/airflow/.local/lib/python3.12/site-packages/airflow/example_dags/example_latest_only_with_trigger.py
[2024-07-19T06:26:51.873+0000] {logging_mixin.py:188} INFO - [2024-07-19T06:26:51.873+0000] {dag.py:3089} INFO - Sync 1 DAGs
[2024-07-19T06:26:51.899+0000] {logging_mixin.py:188} INFO - [2024-07-19T06:26:51.898+0000] {dag.py:3947} INFO - Setting next_dagrun for latest_only_with_trigger to 2024-07-19 00:00:00+00:00, run_after=2024-07-19 04:00:00+00:00
[2024-07-19T06:26:51.921+0000] {processor.py:183} INFO - Processing /home/airflow/.local/lib/python3.12/site-packages/airflow/example_dags/example_latest_only_with_trigger.py took 0.096 seconds
[2024-07-19T06:27:22.695+0000] {processor.py:161} INFO - Started process (PID=8066) to work on /home/airflow/.local/lib/python3.12/site-packages/airflow/example_dags/example_latest_only_with_trigger.py
[2024-07-19T06:27:22.696+0000] {processor.py:830} INFO - Processing file /home/airflow/.local/lib/python3.12/site-packages/airflow/example_dags/example_latest_only_with_trigger.py for tasks to queue
[2024-07-19T06:27:22.697+0000] {logging_mixin.py:188} INFO - [2024-07-19T06:27:22.697+0000] {dagbag.py:545} INFO - Filling up the DagBag from /home/airflow/.local/lib/python3.12/site-packages/airflow/example_dags/example_latest_only_with_trigger.py
[2024-07-19T06:27:22.705+0000] {processor.py:840} INFO - DAG(s) 'latest_only_with_trigger' retrieved from /home/airflow/.local/lib/python3.12/site-packages/airflow/example_dags/example_latest_only_with_trigger.py
[2024-07-19T06:27:22.735+0000] {logging_mixin.py:188} INFO - [2024-07-19T06:27:22.734+0000] {dag.py:3089} INFO - Sync 1 DAGs
[2024-07-19T06:27:22.761+0000] {logging_mixin.py:188} INFO - [2024-07-19T06:27:22.761+0000] {dag.py:3947} INFO - Setting next_dagrun for latest_only_with_trigger to 2024-07-19 00:00:00+00:00, run_after=2024-07-19 04:00:00+00:00
[2024-07-19T06:27:22.785+0000] {processor.py:183} INFO - Processing /home/airflow/.local/lib/python3.12/site-packages/airflow/example_dags/example_latest_only_with_trigger.py took 0.098 seconds
[2024-07-19T06:27:52.968+0000] {processor.py:161} INFO - Started process (PID=8126) to work on /home/airflow/.local/lib/python3.12/site-packages/airflow/example_dags/example_latest_only_with_trigger.py
[2024-07-19T06:27:52.969+0000] {processor.py:830} INFO - Processing file /home/airflow/.local/lib/python3.12/site-packages/airflow/example_dags/example_latest_only_with_trigger.py for tasks to queue
[2024-07-19T06:27:52.971+0000] {logging_mixin.py:188} INFO - [2024-07-19T06:27:52.970+0000] {dagbag.py:545} INFO - Filling up the DagBag from /home/airflow/.local/lib/python3.12/site-packages/airflow/example_dags/example_latest_only_with_trigger.py
[2024-07-19T06:27:52.978+0000] {processor.py:840} INFO - DAG(s) 'latest_only_with_trigger' retrieved from /home/airflow/.local/lib/python3.12/site-packages/airflow/example_dags/example_latest_only_with_trigger.py
[2024-07-19T06:27:53.005+0000] {logging_mixin.py:188} INFO - [2024-07-19T06:27:53.005+0000] {dag.py:3089} INFO - Sync 1 DAGs
[2024-07-19T06:27:53.029+0000] {logging_mixin.py:188} INFO - [2024-07-19T06:27:53.029+0000] {dag.py:3947} INFO - Setting next_dagrun for latest_only_with_trigger to 2024-07-19 00:00:00+00:00, run_after=2024-07-19 04:00:00+00:00
[2024-07-19T06:27:53.051+0000] {processor.py:183} INFO - Processing /home/airflow/.local/lib/python3.12/site-packages/airflow/example_dags/example_latest_only_with_trigger.py took 0.090 seconds
[2024-07-19T06:28:23.737+0000] {processor.py:161} INFO - Started process (PID=8186) to work on /home/airflow/.local/lib/python3.12/site-packages/airflow/example_dags/example_latest_only_with_trigger.py
[2024-07-19T06:28:23.738+0000] {processor.py:830} INFO - Processing file /home/airflow/.local/lib/python3.12/site-packages/airflow/example_dags/example_latest_only_with_trigger.py for tasks to queue
[2024-07-19T06:28:23.740+0000] {logging_mixin.py:188} INFO - [2024-07-19T06:28:23.740+0000] {dagbag.py:545} INFO - Filling up the DagBag from /home/airflow/.local/lib/python3.12/site-packages/airflow/example_dags/example_latest_only_with_trigger.py
[2024-07-19T06:28:23.748+0000] {processor.py:840} INFO - DAG(s) 'latest_only_with_trigger' retrieved from /home/airflow/.local/lib/python3.12/site-packages/airflow/example_dags/example_latest_only_with_trigger.py
[2024-07-19T06:28:23.780+0000] {logging_mixin.py:188} INFO - [2024-07-19T06:28:23.780+0000] {dag.py:3089} INFO - Sync 1 DAGs
[2024-07-19T06:28:23.810+0000] {logging_mixin.py:188} INFO - [2024-07-19T06:28:23.810+0000] {dag.py:3947} INFO - Setting next_dagrun for latest_only_with_trigger to 2024-07-19 00:00:00+00:00, run_after=2024-07-19 04:00:00+00:00
[2024-07-19T06:28:23.902+0000] {processor.py:183} INFO - Processing /home/airflow/.local/lib/python3.12/site-packages/airflow/example_dags/example_latest_only_with_trigger.py took 0.173 seconds
[2024-07-19T06:28:54.269+0000] {processor.py:161} INFO - Started process (PID=8246) to work on /home/airflow/.local/lib/python3.12/site-packages/airflow/example_dags/example_latest_only_with_trigger.py
[2024-07-19T06:28:54.270+0000] {processor.py:830} INFO - Processing file /home/airflow/.local/lib/python3.12/site-packages/airflow/example_dags/example_latest_only_with_trigger.py for tasks to queue
[2024-07-19T06:28:54.272+0000] {logging_mixin.py:188} INFO - [2024-07-19T06:28:54.271+0000] {dagbag.py:545} INFO - Filling up the DagBag from /home/airflow/.local/lib/python3.12/site-packages/airflow/example_dags/example_latest_only_with_trigger.py
[2024-07-19T06:28:54.279+0000] {processor.py:840} INFO - DAG(s) 'latest_only_with_trigger' retrieved from /home/airflow/.local/lib/python3.12/site-packages/airflow/example_dags/example_latest_only_with_trigger.py
[2024-07-19T06:28:54.308+0000] {logging_mixin.py:188} INFO - [2024-07-19T06:28:54.307+0000] {dag.py:3089} INFO - Sync 1 DAGs
[2024-07-19T06:28:54.333+0000] {logging_mixin.py:188} INFO - [2024-07-19T06:28:54.332+0000] {dag.py:3947} INFO - Setting next_dagrun for latest_only_with_trigger to 2024-07-19 00:00:00+00:00, run_after=2024-07-19 04:00:00+00:00
[2024-07-19T06:28:54.355+0000] {processor.py:183} INFO - Processing /home/airflow/.local/lib/python3.12/site-packages/airflow/example_dags/example_latest_only_with_trigger.py took 0.095 seconds
[2024-07-19T06:29:24.769+0000] {processor.py:161} INFO - Started process (PID=8306) to work on /home/airflow/.local/lib/python3.12/site-packages/airflow/example_dags/example_latest_only_with_trigger.py
[2024-07-19T06:29:24.771+0000] {processor.py:830} INFO - Processing file /home/airflow/.local/lib/python3.12/site-packages/airflow/example_dags/example_latest_only_with_trigger.py for tasks to queue
[2024-07-19T06:29:24.773+0000] {logging_mixin.py:188} INFO - [2024-07-19T06:29:24.772+0000] {dagbag.py:545} INFO - Filling up the DagBag from /home/airflow/.local/lib/python3.12/site-packages/airflow/example_dags/example_latest_only_with_trigger.py
[2024-07-19T06:29:24.781+0000] {processor.py:840} INFO - DAG(s) 'latest_only_with_trigger' retrieved from /home/airflow/.local/lib/python3.12/site-packages/airflow/example_dags/example_latest_only_with_trigger.py
[2024-07-19T06:29:24.814+0000] {logging_mixin.py:188} INFO - [2024-07-19T06:29:24.814+0000] {dag.py:3089} INFO - Sync 1 DAGs
[2024-07-19T06:29:24.875+0000] {logging_mixin.py:188} INFO - [2024-07-19T06:29:24.875+0000] {dag.py:3947} INFO - Setting next_dagrun for latest_only_with_trigger to 2024-07-19 00:00:00+00:00, run_after=2024-07-19 04:00:00+00:00
[2024-07-19T06:29:24.896+0000] {processor.py:183} INFO - Processing /home/airflow/.local/lib/python3.12/site-packages/airflow/example_dags/example_latest_only_with_trigger.py took 0.135 seconds
[2024-07-19T06:29:55.742+0000] {processor.py:161} INFO - Started process (PID=8366) to work on /home/airflow/.local/lib/python3.12/site-packages/airflow/example_dags/example_latest_only_with_trigger.py
[2024-07-19T06:29:55.743+0000] {processor.py:830} INFO - Processing file /home/airflow/.local/lib/python3.12/site-packages/airflow/example_dags/example_latest_only_with_trigger.py for tasks to queue
[2024-07-19T06:29:55.744+0000] {logging_mixin.py:188} INFO - [2024-07-19T06:29:55.744+0000] {dagbag.py:545} INFO - Filling up the DagBag from /home/airflow/.local/lib/python3.12/site-packages/airflow/example_dags/example_latest_only_with_trigger.py
[2024-07-19T06:29:55.753+0000] {processor.py:840} INFO - DAG(s) 'latest_only_with_trigger' retrieved from /home/airflow/.local/lib/python3.12/site-packages/airflow/example_dags/example_latest_only_with_trigger.py
[2024-07-19T06:29:55.788+0000] {logging_mixin.py:188} INFO - [2024-07-19T06:29:55.787+0000] {dag.py:3089} INFO - Sync 1 DAGs
[2024-07-19T06:29:55.817+0000] {logging_mixin.py:188} INFO - [2024-07-19T06:29:55.817+0000] {dag.py:3947} INFO - Setting next_dagrun for latest_only_with_trigger to 2024-07-19 00:00:00+00:00, run_after=2024-07-19 04:00:00+00:00
[2024-07-19T06:29:55.840+0000] {processor.py:183} INFO - Processing /home/airflow/.local/lib/python3.12/site-packages/airflow/example_dags/example_latest_only_with_trigger.py took 0.106 seconds
[2024-07-19T06:30:25.999+0000] {processor.py:161} INFO - Started process (PID=8426) to work on /home/airflow/.local/lib/python3.12/site-packages/airflow/example_dags/example_latest_only_with_trigger.py
[2024-07-19T06:30:26.000+0000] {processor.py:830} INFO - Processing file /home/airflow/.local/lib/python3.12/site-packages/airflow/example_dags/example_latest_only_with_trigger.py for tasks to queue
[2024-07-19T06:30:26.001+0000] {logging_mixin.py:188} INFO - [2024-07-19T06:30:26.001+0000] {dagbag.py:545} INFO - Filling up the DagBag from /home/airflow/.local/lib/python3.12/site-packages/airflow/example_dags/example_latest_only_with_trigger.py
[2024-07-19T06:30:26.009+0000] {processor.py:840} INFO - DAG(s) 'latest_only_with_trigger' retrieved from /home/airflow/.local/lib/python3.12/site-packages/airflow/example_dags/example_latest_only_with_trigger.py
[2024-07-19T06:30:26.037+0000] {logging_mixin.py:188} INFO - [2024-07-19T06:30:26.036+0000] {dag.py:3089} INFO - Sync 1 DAGs
[2024-07-19T06:30:26.065+0000] {logging_mixin.py:188} INFO - [2024-07-19T06:30:26.064+0000] {dag.py:3947} INFO - Setting next_dagrun for latest_only_with_trigger to 2024-07-19 00:00:00+00:00, run_after=2024-07-19 04:00:00+00:00
[2024-07-19T06:30:26.092+0000] {processor.py:183} INFO - Processing /home/airflow/.local/lib/python3.12/site-packages/airflow/example_dags/example_latest_only_with_trigger.py took 0.100 seconds
[2024-07-19T06:30:56.370+0000] {processor.py:161} INFO - Started process (PID=8486) to work on /home/airflow/.local/lib/python3.12/site-packages/airflow/example_dags/example_latest_only_with_trigger.py
[2024-07-19T06:30:56.371+0000] {processor.py:830} INFO - Processing file /home/airflow/.local/lib/python3.12/site-packages/airflow/example_dags/example_latest_only_with_trigger.py for tasks to queue
[2024-07-19T06:30:56.372+0000] {logging_mixin.py:188} INFO - [2024-07-19T06:30:56.372+0000] {dagbag.py:545} INFO - Filling up the DagBag from /home/airflow/.local/lib/python3.12/site-packages/airflow/example_dags/example_latest_only_with_trigger.py
[2024-07-19T06:30:56.380+0000] {processor.py:840} INFO - DAG(s) 'latest_only_with_trigger' retrieved from /home/airflow/.local/lib/python3.12/site-packages/airflow/example_dags/example_latest_only_with_trigger.py
[2024-07-19T06:30:56.405+0000] {logging_mixin.py:188} INFO - [2024-07-19T06:30:56.405+0000] {dag.py:3089} INFO - Sync 1 DAGs
[2024-07-19T06:30:56.429+0000] {logging_mixin.py:188} INFO - [2024-07-19T06:30:56.428+0000] {dag.py:3947} INFO - Setting next_dagrun for latest_only_with_trigger to 2024-07-19 00:00:00+00:00, run_after=2024-07-19 04:00:00+00:00
[2024-07-19T06:30:56.450+0000] {processor.py:183} INFO - Processing /home/airflow/.local/lib/python3.12/site-packages/airflow/example_dags/example_latest_only_with_trigger.py took 0.087 seconds
[2024-07-19T06:31:27.217+0000] {processor.py:161} INFO - Started process (PID=8546) to work on /home/airflow/.local/lib/python3.12/site-packages/airflow/example_dags/example_latest_only_with_trigger.py
[2024-07-19T06:31:27.218+0000] {processor.py:830} INFO - Processing file /home/airflow/.local/lib/python3.12/site-packages/airflow/example_dags/example_latest_only_with_trigger.py for tasks to queue
[2024-07-19T06:31:27.219+0000] {logging_mixin.py:188} INFO - [2024-07-19T06:31:27.219+0000] {dagbag.py:545} INFO - Filling up the DagBag from /home/airflow/.local/lib/python3.12/site-packages/airflow/example_dags/example_latest_only_with_trigger.py
[2024-07-19T06:31:27.227+0000] {processor.py:840} INFO - DAG(s) 'latest_only_with_trigger' retrieved from /home/airflow/.local/lib/python3.12/site-packages/airflow/example_dags/example_latest_only_with_trigger.py
[2024-07-19T06:31:27.256+0000] {logging_mixin.py:188} INFO - [2024-07-19T06:31:27.256+0000] {dag.py:3089} INFO - Sync 1 DAGs
[2024-07-19T06:31:27.287+0000] {logging_mixin.py:188} INFO - [2024-07-19T06:31:27.287+0000] {dag.py:3947} INFO - Setting next_dagrun for latest_only_with_trigger to 2024-07-19 00:00:00+00:00, run_after=2024-07-19 04:00:00+00:00
[2024-07-19T06:31:27.315+0000] {processor.py:183} INFO - Processing /home/airflow/.local/lib/python3.12/site-packages/airflow/example_dags/example_latest_only_with_trigger.py took 0.106 seconds
[2024-07-19T06:31:57.924+0000] {processor.py:161} INFO - Started process (PID=8606) to work on /home/airflow/.local/lib/python3.12/site-packages/airflow/example_dags/example_latest_only_with_trigger.py
[2024-07-19T06:31:57.925+0000] {processor.py:830} INFO - Processing file /home/airflow/.local/lib/python3.12/site-packages/airflow/example_dags/example_latest_only_with_trigger.py for tasks to queue
[2024-07-19T06:31:57.927+0000] {logging_mixin.py:188} INFO - [2024-07-19T06:31:57.926+0000] {dagbag.py:545} INFO - Filling up the DagBag from /home/airflow/.local/lib/python3.12/site-packages/airflow/example_dags/example_latest_only_with_trigger.py
[2024-07-19T06:31:57.934+0000] {processor.py:840} INFO - DAG(s) 'latest_only_with_trigger' retrieved from /home/airflow/.local/lib/python3.12/site-packages/airflow/example_dags/example_latest_only_with_trigger.py
[2024-07-19T06:31:57.960+0000] {logging_mixin.py:188} INFO - [2024-07-19T06:31:57.960+0000] {dag.py:3089} INFO - Sync 1 DAGs
[2024-07-19T06:31:57.983+0000] {logging_mixin.py:188} INFO - [2024-07-19T06:31:57.983+0000] {dag.py:3947} INFO - Setting next_dagrun for latest_only_with_trigger to 2024-07-19 00:00:00+00:00, run_after=2024-07-19 04:00:00+00:00
[2024-07-19T06:31:58.002+0000] {processor.py:183} INFO - Processing /home/airflow/.local/lib/python3.12/site-packages/airflow/example_dags/example_latest_only_with_trigger.py took 0.085 seconds
[2024-07-19T06:32:28.698+0000] {processor.py:161} INFO - Started process (PID=8666) to work on /home/airflow/.local/lib/python3.12/site-packages/airflow/example_dags/example_latest_only_with_trigger.py
[2024-07-19T06:32:28.699+0000] {processor.py:830} INFO - Processing file /home/airflow/.local/lib/python3.12/site-packages/airflow/example_dags/example_latest_only_with_trigger.py for tasks to queue
[2024-07-19T06:32:28.700+0000] {logging_mixin.py:188} INFO - [2024-07-19T06:32:28.700+0000] {dagbag.py:545} INFO - Filling up the DagBag from /home/airflow/.local/lib/python3.12/site-packages/airflow/example_dags/example_latest_only_with_trigger.py
[2024-07-19T06:32:28.708+0000] {processor.py:840} INFO - DAG(s) 'latest_only_with_trigger' retrieved from /home/airflow/.local/lib/python3.12/site-packages/airflow/example_dags/example_latest_only_with_trigger.py
[2024-07-19T06:32:28.735+0000] {logging_mixin.py:188} INFO - [2024-07-19T06:32:28.734+0000] {dag.py:3089} INFO - Sync 1 DAGs
[2024-07-19T06:32:28.759+0000] {logging_mixin.py:188} INFO - [2024-07-19T06:32:28.759+0000] {dag.py:3947} INFO - Setting next_dagrun for latest_only_with_trigger to 2024-07-19 00:00:00+00:00, run_after=2024-07-19 04:00:00+00:00
[2024-07-19T06:32:28.781+0000] {processor.py:183} INFO - Processing /home/airflow/.local/lib/python3.12/site-packages/airflow/example_dags/example_latest_only_with_trigger.py took 0.090 seconds
[2024-07-19T06:32:59.566+0000] {processor.py:161} INFO - Started process (PID=8726) to work on /home/airflow/.local/lib/python3.12/site-packages/airflow/example_dags/example_latest_only_with_trigger.py
[2024-07-19T06:32:59.568+0000] {processor.py:830} INFO - Processing file /home/airflow/.local/lib/python3.12/site-packages/airflow/example_dags/example_latest_only_with_trigger.py for tasks to queue
[2024-07-19T06:32:59.569+0000] {logging_mixin.py:188} INFO - [2024-07-19T06:32:59.568+0000] {dagbag.py:545} INFO - Filling up the DagBag from /home/airflow/.local/lib/python3.12/site-packages/airflow/example_dags/example_latest_only_with_trigger.py
[2024-07-19T06:32:59.576+0000] {processor.py:840} INFO - DAG(s) 'latest_only_with_trigger' retrieved from /home/airflow/.local/lib/python3.12/site-packages/airflow/example_dags/example_latest_only_with_trigger.py
[2024-07-19T06:32:59.601+0000] {logging_mixin.py:188} INFO - [2024-07-19T06:32:59.601+0000] {dag.py:3089} INFO - Sync 1 DAGs
[2024-07-19T06:32:59.624+0000] {logging_mixin.py:188} INFO - [2024-07-19T06:32:59.623+0000] {dag.py:3947} INFO - Setting next_dagrun for latest_only_with_trigger to 2024-07-19 00:00:00+00:00, run_after=2024-07-19 04:00:00+00:00
[2024-07-19T06:32:59.645+0000] {processor.py:183} INFO - Processing /home/airflow/.local/lib/python3.12/site-packages/airflow/example_dags/example_latest_only_with_trigger.py took 0.085 seconds
[2024-07-19T06:33:30.050+0000] {processor.py:161} INFO - Started process (PID=8786) to work on /home/airflow/.local/lib/python3.12/site-packages/airflow/example_dags/example_latest_only_with_trigger.py
[2024-07-19T06:33:30.052+0000] {processor.py:830} INFO - Processing file /home/airflow/.local/lib/python3.12/site-packages/airflow/example_dags/example_latest_only_with_trigger.py for tasks to queue
[2024-07-19T06:33:30.053+0000] {logging_mixin.py:188} INFO - [2024-07-19T06:33:30.053+0000] {dagbag.py:545} INFO - Filling up the DagBag from /home/airflow/.local/lib/python3.12/site-packages/airflow/example_dags/example_latest_only_with_trigger.py
[2024-07-19T06:33:30.060+0000] {processor.py:840} INFO - DAG(s) 'latest_only_with_trigger' retrieved from /home/airflow/.local/lib/python3.12/site-packages/airflow/example_dags/example_latest_only_with_trigger.py
[2024-07-19T06:33:30.088+0000] {logging_mixin.py:188} INFO - [2024-07-19T06:33:30.088+0000] {dag.py:3089} INFO - Sync 1 DAGs
[2024-07-19T06:33:30.113+0000] {logging_mixin.py:188} INFO - [2024-07-19T06:33:30.112+0000] {dag.py:3947} INFO - Setting next_dagrun for latest_only_with_trigger to 2024-07-19 00:00:00+00:00, run_after=2024-07-19 04:00:00+00:00
[2024-07-19T06:33:30.138+0000] {processor.py:183} INFO - Processing /home/airflow/.local/lib/python3.12/site-packages/airflow/example_dags/example_latest_only_with_trigger.py took 0.094 seconds
[2024-07-19T06:34:00.772+0000] {processor.py:161} INFO - Started process (PID=8846) to work on /home/airflow/.local/lib/python3.12/site-packages/airflow/example_dags/example_latest_only_with_trigger.py
[2024-07-19T06:34:00.773+0000] {processor.py:830} INFO - Processing file /home/airflow/.local/lib/python3.12/site-packages/airflow/example_dags/example_latest_only_with_trigger.py for tasks to queue
[2024-07-19T06:34:00.775+0000] {logging_mixin.py:188} INFO - [2024-07-19T06:34:00.774+0000] {dagbag.py:545} INFO - Filling up the DagBag from /home/airflow/.local/lib/python3.12/site-packages/airflow/example_dags/example_latest_only_with_trigger.py
[2024-07-19T06:34:00.782+0000] {processor.py:840} INFO - DAG(s) 'latest_only_with_trigger' retrieved from /home/airflow/.local/lib/python3.12/site-packages/airflow/example_dags/example_latest_only_with_trigger.py
[2024-07-19T06:34:00.808+0000] {logging_mixin.py:188} INFO - [2024-07-19T06:34:00.808+0000] {dag.py:3089} INFO - Sync 1 DAGs
[2024-07-19T06:34:00.833+0000] {logging_mixin.py:188} INFO - [2024-07-19T06:34:00.832+0000] {dag.py:3947} INFO - Setting next_dagrun for latest_only_with_trigger to 2024-07-19 00:00:00+00:00, run_after=2024-07-19 04:00:00+00:00
[2024-07-19T06:34:00.856+0000] {processor.py:183} INFO - Processing /home/airflow/.local/lib/python3.12/site-packages/airflow/example_dags/example_latest_only_with_trigger.py took 0.091 seconds
[2024-07-19T06:34:31.680+0000] {processor.py:161} INFO - Started process (PID=8906) to work on /home/airflow/.local/lib/python3.12/site-packages/airflow/example_dags/example_latest_only_with_trigger.py
[2024-07-19T06:34:31.681+0000] {processor.py:830} INFO - Processing file /home/airflow/.local/lib/python3.12/site-packages/airflow/example_dags/example_latest_only_with_trigger.py for tasks to queue
[2024-07-19T06:34:31.682+0000] {logging_mixin.py:188} INFO - [2024-07-19T06:34:31.682+0000] {dagbag.py:545} INFO - Filling up the DagBag from /home/airflow/.local/lib/python3.12/site-packages/airflow/example_dags/example_latest_only_with_trigger.py
[2024-07-19T06:34:31.691+0000] {processor.py:840} INFO - DAG(s) 'latest_only_with_trigger' retrieved from /home/airflow/.local/lib/python3.12/site-packages/airflow/example_dags/example_latest_only_with_trigger.py
[2024-07-19T06:34:31.727+0000] {logging_mixin.py:188} INFO - [2024-07-19T06:34:31.726+0000] {dag.py:3089} INFO - Sync 1 DAGs
[2024-07-19T06:34:31.759+0000] {logging_mixin.py:188} INFO - [2024-07-19T06:34:31.759+0000] {dag.py:3947} INFO - Setting next_dagrun for latest_only_with_trigger to 2024-07-19 00:00:00+00:00, run_after=2024-07-19 04:00:00+00:00
[2024-07-19T06:34:31.787+0000] {processor.py:183} INFO - Processing /home/airflow/.local/lib/python3.12/site-packages/airflow/example_dags/example_latest_only_with_trigger.py took 0.116 seconds
[2024-07-19T06:35:02.010+0000] {processor.py:161} INFO - Started process (PID=8965) to work on /home/airflow/.local/lib/python3.12/site-packages/airflow/example_dags/example_latest_only_with_trigger.py
[2024-07-19T06:35:02.012+0000] {processor.py:830} INFO - Processing file /home/airflow/.local/lib/python3.12/site-packages/airflow/example_dags/example_latest_only_with_trigger.py for tasks to queue
[2024-07-19T06:35:02.013+0000] {logging_mixin.py:188} INFO - [2024-07-19T06:35:02.013+0000] {dagbag.py:545} INFO - Filling up the DagBag from /home/airflow/.local/lib/python3.12/site-packages/airflow/example_dags/example_latest_only_with_trigger.py
[2024-07-19T06:35:02.021+0000] {processor.py:840} INFO - DAG(s) 'latest_only_with_trigger' retrieved from /home/airflow/.local/lib/python3.12/site-packages/airflow/example_dags/example_latest_only_with_trigger.py
[2024-07-19T06:35:02.049+0000] {logging_mixin.py:188} INFO - [2024-07-19T06:35:02.048+0000] {dag.py:3089} INFO - Sync 1 DAGs
[2024-07-19T06:35:02.073+0000] {logging_mixin.py:188} INFO - [2024-07-19T06:35:02.072+0000] {dag.py:3947} INFO - Setting next_dagrun for latest_only_with_trigger to 2024-07-19 00:00:00+00:00, run_after=2024-07-19 04:00:00+00:00
[2024-07-19T06:35:02.095+0000] {processor.py:183} INFO - Processing /home/airflow/.local/lib/python3.12/site-packages/airflow/example_dags/example_latest_only_with_trigger.py took 0.092 seconds
[2024-07-19T06:35:32.938+0000] {processor.py:161} INFO - Started process (PID=9025) to work on /home/airflow/.local/lib/python3.12/site-packages/airflow/example_dags/example_latest_only_with_trigger.py
[2024-07-19T06:35:32.940+0000] {processor.py:830} INFO - Processing file /home/airflow/.local/lib/python3.12/site-packages/airflow/example_dags/example_latest_only_with_trigger.py for tasks to queue
[2024-07-19T06:35:32.941+0000] {logging_mixin.py:188} INFO - [2024-07-19T06:35:32.941+0000] {dagbag.py:545} INFO - Filling up the DagBag from /home/airflow/.local/lib/python3.12/site-packages/airflow/example_dags/example_latest_only_with_trigger.py
[2024-07-19T06:35:32.950+0000] {processor.py:840} INFO - DAG(s) 'latest_only_with_trigger' retrieved from /home/airflow/.local/lib/python3.12/site-packages/airflow/example_dags/example_latest_only_with_trigger.py
[2024-07-19T06:35:32.979+0000] {logging_mixin.py:188} INFO - [2024-07-19T06:35:32.979+0000] {dag.py:3089} INFO - Sync 1 DAGs
[2024-07-19T06:35:33.007+0000] {logging_mixin.py:188} INFO - [2024-07-19T06:35:33.007+0000] {dag.py:3947} INFO - Setting next_dagrun for latest_only_with_trigger to 2024-07-19 00:00:00+00:00, run_after=2024-07-19 04:00:00+00:00
[2024-07-19T06:35:33.033+0000] {processor.py:183} INFO - Processing /home/airflow/.local/lib/python3.12/site-packages/airflow/example_dags/example_latest_only_with_trigger.py took 0.104 seconds
[2024-07-19T06:36:04.236+0000] {processor.py:161} INFO - Started process (PID=9085) to work on /home/airflow/.local/lib/python3.12/site-packages/airflow/example_dags/example_latest_only_with_trigger.py
[2024-07-19T06:36:04.240+0000] {processor.py:830} INFO - Processing file /home/airflow/.local/lib/python3.12/site-packages/airflow/example_dags/example_latest_only_with_trigger.py for tasks to queue
[2024-07-19T06:36:04.244+0000] {logging_mixin.py:188} INFO - [2024-07-19T06:36:04.244+0000] {dagbag.py:545} INFO - Filling up the DagBag from /home/airflow/.local/lib/python3.12/site-packages/airflow/example_dags/example_latest_only_with_trigger.py
[2024-07-19T06:36:04.264+0000] {processor.py:840} INFO - DAG(s) 'latest_only_with_trigger' retrieved from /home/airflow/.local/lib/python3.12/site-packages/airflow/example_dags/example_latest_only_with_trigger.py
[2024-07-19T06:36:04.317+0000] {logging_mixin.py:188} INFO - [2024-07-19T06:36:04.317+0000] {dag.py:3089} INFO - Sync 1 DAGs
[2024-07-19T06:36:04.358+0000] {logging_mixin.py:188} INFO - [2024-07-19T06:36:04.357+0000] {dag.py:3947} INFO - Setting next_dagrun for latest_only_with_trigger to 2024-07-19 00:00:00+00:00, run_after=2024-07-19 04:00:00+00:00
[2024-07-19T06:36:04.383+0000] {processor.py:183} INFO - Processing /home/airflow/.local/lib/python3.12/site-packages/airflow/example_dags/example_latest_only_with_trigger.py took 0.163 seconds
[2024-07-19T06:36:34.876+0000] {processor.py:161} INFO - Started process (PID=9145) to work on /home/airflow/.local/lib/python3.12/site-packages/airflow/example_dags/example_latest_only_with_trigger.py
[2024-07-19T06:36:34.878+0000] {processor.py:830} INFO - Processing file /home/airflow/.local/lib/python3.12/site-packages/airflow/example_dags/example_latest_only_with_trigger.py for tasks to queue
[2024-07-19T06:36:34.879+0000] {logging_mixin.py:188} INFO - [2024-07-19T06:36:34.879+0000] {dagbag.py:545} INFO - Filling up the DagBag from /home/airflow/.local/lib/python3.12/site-packages/airflow/example_dags/example_latest_only_with_trigger.py
[2024-07-19T06:36:34.887+0000] {processor.py:840} INFO - DAG(s) 'latest_only_with_trigger' retrieved from /home/airflow/.local/lib/python3.12/site-packages/airflow/example_dags/example_latest_only_with_trigger.py
[2024-07-19T06:36:34.916+0000] {logging_mixin.py:188} INFO - [2024-07-19T06:36:34.916+0000] {dag.py:3089} INFO - Sync 1 DAGs
[2024-07-19T06:36:34.984+0000] {logging_mixin.py:188} INFO - [2024-07-19T06:36:34.984+0000] {dag.py:3947} INFO - Setting next_dagrun for latest_only_with_trigger to 2024-07-19 00:00:00+00:00, run_after=2024-07-19 04:00:00+00:00
[2024-07-19T06:36:35.008+0000] {processor.py:183} INFO - Processing /home/airflow/.local/lib/python3.12/site-packages/airflow/example_dags/example_latest_only_with_trigger.py took 0.140 seconds
[2024-07-19T06:37:05.593+0000] {processor.py:161} INFO - Started process (PID=9205) to work on /home/airflow/.local/lib/python3.12/site-packages/airflow/example_dags/example_latest_only_with_trigger.py
[2024-07-19T06:37:05.595+0000] {processor.py:830} INFO - Processing file /home/airflow/.local/lib/python3.12/site-packages/airflow/example_dags/example_latest_only_with_trigger.py for tasks to queue
[2024-07-19T06:37:05.596+0000] {logging_mixin.py:188} INFO - [2024-07-19T06:37:05.596+0000] {dagbag.py:545} INFO - Filling up the DagBag from /home/airflow/.local/lib/python3.12/site-packages/airflow/example_dags/example_latest_only_with_trigger.py
[2024-07-19T06:37:05.605+0000] {processor.py:840} INFO - DAG(s) 'latest_only_with_trigger' retrieved from /home/airflow/.local/lib/python3.12/site-packages/airflow/example_dags/example_latest_only_with_trigger.py
[2024-07-19T06:37:05.637+0000] {logging_mixin.py:188} INFO - [2024-07-19T06:37:05.636+0000] {dag.py:3089} INFO - Sync 1 DAGs
[2024-07-19T06:37:05.667+0000] {logging_mixin.py:188} INFO - [2024-07-19T06:37:05.667+0000] {dag.py:3947} INFO - Setting next_dagrun for latest_only_with_trigger to 2024-07-19 00:00:00+00:00, run_after=2024-07-19 04:00:00+00:00
[2024-07-19T06:37:05.694+0000] {processor.py:183} INFO - Processing /home/airflow/.local/lib/python3.12/site-packages/airflow/example_dags/example_latest_only_with_trigger.py took 0.109 seconds
[2024-07-19T06:37:36.018+0000] {processor.py:161} INFO - Started process (PID=9264) to work on /home/airflow/.local/lib/python3.12/site-packages/airflow/example_dags/example_latest_only_with_trigger.py
[2024-07-19T06:37:36.020+0000] {processor.py:830} INFO - Processing file /home/airflow/.local/lib/python3.12/site-packages/airflow/example_dags/example_latest_only_with_trigger.py for tasks to queue
[2024-07-19T06:37:36.021+0000] {logging_mixin.py:188} INFO - [2024-07-19T06:37:36.021+0000] {dagbag.py:545} INFO - Filling up the DagBag from /home/airflow/.local/lib/python3.12/site-packages/airflow/example_dags/example_latest_only_with_trigger.py
[2024-07-19T06:37:36.031+0000] {processor.py:840} INFO - DAG(s) 'latest_only_with_trigger' retrieved from /home/airflow/.local/lib/python3.12/site-packages/airflow/example_dags/example_latest_only_with_trigger.py
[2024-07-19T06:37:36.061+0000] {logging_mixin.py:188} INFO - [2024-07-19T06:37:36.060+0000] {dag.py:3089} INFO - Sync 1 DAGs
[2024-07-19T06:37:36.089+0000] {logging_mixin.py:188} INFO - [2024-07-19T06:37:36.088+0000] {dag.py:3947} INFO - Setting next_dagrun for latest_only_with_trigger to 2024-07-19 00:00:00+00:00, run_after=2024-07-19 04:00:00+00:00
[2024-07-19T06:37:36.114+0000] {processor.py:183} INFO - Processing /home/airflow/.local/lib/python3.12/site-packages/airflow/example_dags/example_latest_only_with_trigger.py took 0.105 seconds
[2024-07-19T06:38:07.217+0000] {processor.py:161} INFO - Started process (PID=9331) to work on /home/airflow/.local/lib/python3.12/site-packages/airflow/example_dags/example_latest_only_with_trigger.py
[2024-07-19T06:38:07.320+0000] {processor.py:830} INFO - Processing file /home/airflow/.local/lib/python3.12/site-packages/airflow/example_dags/example_latest_only_with_trigger.py for tasks to queue
[2024-07-19T06:38:07.324+0000] {logging_mixin.py:188} INFO - [2024-07-19T06:38:07.323+0000] {dagbag.py:545} INFO - Filling up the DagBag from /home/airflow/.local/lib/python3.12/site-packages/airflow/example_dags/example_latest_only_with_trigger.py
[2024-07-19T06:38:07.333+0000] {processor.py:840} INFO - DAG(s) 'latest_only_with_trigger' retrieved from /home/airflow/.local/lib/python3.12/site-packages/airflow/example_dags/example_latest_only_with_trigger.py
[2024-07-19T06:38:07.363+0000] {logging_mixin.py:188} INFO - [2024-07-19T06:38:07.363+0000] {dag.py:3089} INFO - Sync 1 DAGs
[2024-07-19T06:38:07.397+0000] {logging_mixin.py:188} INFO - [2024-07-19T06:38:07.397+0000] {dag.py:3947} INFO - Setting next_dagrun for latest_only_with_trigger to 2024-07-19 00:00:00+00:00, run_after=2024-07-19 04:00:00+00:00
[2024-07-19T06:38:07.424+0000] {processor.py:183} INFO - Processing /home/airflow/.local/lib/python3.12/site-packages/airflow/example_dags/example_latest_only_with_trigger.py took 0.216 seconds
[2024-07-19T06:38:37.557+0000] {processor.py:161} INFO - Started process (PID=9391) to work on /home/airflow/.local/lib/python3.12/site-packages/airflow/example_dags/example_latest_only_with_trigger.py
[2024-07-19T06:38:37.558+0000] {processor.py:830} INFO - Processing file /home/airflow/.local/lib/python3.12/site-packages/airflow/example_dags/example_latest_only_with_trigger.py for tasks to queue
[2024-07-19T06:38:37.563+0000] {logging_mixin.py:188} INFO - [2024-07-19T06:38:37.562+0000] {dagbag.py:545} INFO - Filling up the DagBag from /home/airflow/.local/lib/python3.12/site-packages/airflow/example_dags/example_latest_only_with_trigger.py
[2024-07-19T06:38:37.577+0000] {processor.py:840} INFO - DAG(s) 'latest_only_with_trigger' retrieved from /home/airflow/.local/lib/python3.12/site-packages/airflow/example_dags/example_latest_only_with_trigger.py
[2024-07-19T06:38:37.612+0000] {logging_mixin.py:188} INFO - [2024-07-19T06:38:37.612+0000] {dag.py:3089} INFO - Sync 1 DAGs
[2024-07-19T06:38:37.640+0000] {logging_mixin.py:188} INFO - [2024-07-19T06:38:37.640+0000] {dag.py:3947} INFO - Setting next_dagrun for latest_only_with_trigger to 2024-07-19 00:00:00+00:00, run_after=2024-07-19 04:00:00+00:00
[2024-07-19T06:38:37.664+0000] {processor.py:183} INFO - Processing /home/airflow/.local/lib/python3.12/site-packages/airflow/example_dags/example_latest_only_with_trigger.py took 0.118 seconds
[2024-07-19T06:39:07.733+0000] {processor.py:161} INFO - Started process (PID=9450) to work on /home/airflow/.local/lib/python3.12/site-packages/airflow/example_dags/example_latest_only_with_trigger.py
[2024-07-19T06:39:07.734+0000] {processor.py:830} INFO - Processing file /home/airflow/.local/lib/python3.12/site-packages/airflow/example_dags/example_latest_only_with_trigger.py for tasks to queue
[2024-07-19T06:39:07.735+0000] {logging_mixin.py:188} INFO - [2024-07-19T06:39:07.735+0000] {dagbag.py:545} INFO - Filling up the DagBag from /home/airflow/.local/lib/python3.12/site-packages/airflow/example_dags/example_latest_only_with_trigger.py
[2024-07-19T06:39:07.743+0000] {processor.py:840} INFO - DAG(s) 'latest_only_with_trigger' retrieved from /home/airflow/.local/lib/python3.12/site-packages/airflow/example_dags/example_latest_only_with_trigger.py
[2024-07-19T06:39:07.770+0000] {logging_mixin.py:188} INFO - [2024-07-19T06:39:07.770+0000] {dag.py:3089} INFO - Sync 1 DAGs
[2024-07-19T06:39:07.834+0000] {logging_mixin.py:188} INFO - [2024-07-19T06:39:07.834+0000] {dag.py:3947} INFO - Setting next_dagrun for latest_only_with_trigger to 2024-07-19 00:00:00+00:00, run_after=2024-07-19 04:00:00+00:00
[2024-07-19T06:39:07.853+0000] {processor.py:183} INFO - Processing /home/airflow/.local/lib/python3.12/site-packages/airflow/example_dags/example_latest_only_with_trigger.py took 0.128 seconds
