[2024-07-19T00:38:12.919+0000] {processor.py:161} INFO - Started process (PID=6072) to work on /home/airflow/.local/lib/python3.12/site-packages/airflow/example_dags/tutorial.py
[2024-07-19T00:38:12.921+0000] {processor.py:830} INFO - Processing file /home/airflow/.local/lib/python3.12/site-packages/airflow/example_dags/tutorial.py for tasks to queue
[2024-07-19T00:38:12.923+0000] {logging_mixin.py:188} INFO - [2024-07-19T00:38:12.923+0000] {dagbag.py:545} INFO - Filling up the DagBag from /home/airflow/.local/lib/python3.12/site-packages/airflow/example_dags/tutorial.py
[2024-07-19T00:38:12.931+0000] {processor.py:840} INFO - DAG(s) 'tutorial' retrieved from /home/airflow/.local/lib/python3.12/site-packages/airflow/example_dags/tutorial.py
[2024-07-19T00:38:12.958+0000] {logging_mixin.py:188} INFO - [2024-07-19T00:38:12.958+0000] {dag.py:3089} INFO - Sync 1 DAGs
[2024-07-19T00:38:13.002+0000] {logging_mixin.py:188} INFO - [2024-07-19T00:38:13.001+0000] {dag.py:3947} INFO - Setting next_dagrun for tutorial to 2024-07-18 00:00:00+00:00, run_after=2024-07-19 00:00:00+00:00
[2024-07-19T00:38:13.021+0000] {processor.py:183} INFO - Processing /home/airflow/.local/lib/python3.12/site-packages/airflow/example_dags/tutorial.py took 0.110 seconds
[2024-07-19T02:38:44.356+0000] {processor.py:161} INFO - Started process (PID=6132) to work on /home/airflow/.local/lib/python3.12/site-packages/airflow/example_dags/tutorial.py
[2024-07-19T02:38:44.364+0000] {processor.py:830} INFO - Processing file /home/airflow/.local/lib/python3.12/site-packages/airflow/example_dags/tutorial.py for tasks to queue
[2024-07-19T02:38:44.367+0000] {logging_mixin.py:188} INFO - [2024-07-19T02:38:44.366+0000] {dagbag.py:545} INFO - Filling up the DagBag from /home/airflow/.local/lib/python3.12/site-packages/airflow/example_dags/tutorial.py
[2024-07-19T02:38:44.393+0000] {processor.py:840} INFO - DAG(s) 'tutorial' retrieved from /home/airflow/.local/lib/python3.12/site-packages/airflow/example_dags/tutorial.py
[2024-07-19T02:38:44.433+0000] {logging_mixin.py:188} INFO - [2024-07-19T02:38:44.433+0000] {dag.py:3089} INFO - Sync 1 DAGs
[2024-07-19T02:38:44.467+0000] {logging_mixin.py:188} INFO - [2024-07-19T02:38:44.467+0000] {dag.py:3947} INFO - Setting next_dagrun for tutorial to 2024-07-18 00:00:00+00:00, run_after=2024-07-19 00:00:00+00:00
[2024-07-19T02:38:44.492+0000] {processor.py:183} INFO - Processing /home/airflow/.local/lib/python3.12/site-packages/airflow/example_dags/tutorial.py took 0.150 seconds
[2024-07-19T05:26:55.964+0000] {processor.py:161} INFO - Started process (PID=6192) to work on /home/airflow/.local/lib/python3.12/site-packages/airflow/example_dags/tutorial.py
[2024-07-19T05:26:55.965+0000] {processor.py:830} INFO - Processing file /home/airflow/.local/lib/python3.12/site-packages/airflow/example_dags/tutorial.py for tasks to queue
[2024-07-19T05:26:55.967+0000] {logging_mixin.py:188} INFO - [2024-07-19T05:26:55.966+0000] {dagbag.py:545} INFO - Filling up the DagBag from /home/airflow/.local/lib/python3.12/site-packages/airflow/example_dags/tutorial.py
[2024-07-19T05:26:55.976+0000] {processor.py:840} INFO - DAG(s) 'tutorial' retrieved from /home/airflow/.local/lib/python3.12/site-packages/airflow/example_dags/tutorial.py
[2024-07-19T05:26:56.002+0000] {logging_mixin.py:188} INFO - [2024-07-19T05:26:56.002+0000] {dag.py:3089} INFO - Sync 1 DAGs
[2024-07-19T05:26:56.028+0000] {logging_mixin.py:188} INFO - [2024-07-19T05:26:56.027+0000] {dag.py:3947} INFO - Setting next_dagrun for tutorial to 2024-07-18 00:00:00+00:00, run_after=2024-07-19 00:00:00+00:00
[2024-07-19T05:26:56.048+0000] {processor.py:183} INFO - Processing /home/airflow/.local/lib/python3.12/site-packages/airflow/example_dags/tutorial.py took 0.092 seconds
[2024-07-19T06:12:00.400+0000] {processor.py:161} INFO - Started process (PID=6246) to work on /home/airflow/.local/lib/python3.12/site-packages/airflow/example_dags/tutorial.py
[2024-07-19T06:12:00.401+0000] {processor.py:830} INFO - Processing file /home/airflow/.local/lib/python3.12/site-packages/airflow/example_dags/tutorial.py for tasks to queue
[2024-07-19T06:12:00.402+0000] {logging_mixin.py:188} INFO - [2024-07-19T06:12:00.402+0000] {dagbag.py:545} INFO - Filling up the DagBag from /home/airflow/.local/lib/python3.12/site-packages/airflow/example_dags/tutorial.py
[2024-07-19T06:12:00.410+0000] {processor.py:840} INFO - DAG(s) 'tutorial' retrieved from /home/airflow/.local/lib/python3.12/site-packages/airflow/example_dags/tutorial.py
[2024-07-19T06:12:00.438+0000] {logging_mixin.py:188} INFO - [2024-07-19T06:12:00.438+0000] {dag.py:3089} INFO - Sync 1 DAGs
[2024-07-19T06:12:00.460+0000] {logging_mixin.py:188} INFO - [2024-07-19T06:12:00.459+0000] {dag.py:3947} INFO - Setting next_dagrun for tutorial to 2024-07-18 00:00:00+00:00, run_after=2024-07-19 00:00:00+00:00
[2024-07-19T06:12:00.481+0000] {processor.py:183} INFO - Processing /home/airflow/.local/lib/python3.12/site-packages/airflow/example_dags/tutorial.py took 0.090 seconds
[2024-07-19T06:12:31.635+0000] {processor.py:161} INFO - Started process (PID=6306) to work on /home/airflow/.local/lib/python3.12/site-packages/airflow/example_dags/tutorial.py
[2024-07-19T06:12:31.637+0000] {processor.py:830} INFO - Processing file /home/airflow/.local/lib/python3.12/site-packages/airflow/example_dags/tutorial.py for tasks to queue
[2024-07-19T06:12:31.639+0000] {logging_mixin.py:188} INFO - [2024-07-19T06:12:31.638+0000] {dagbag.py:545} INFO - Filling up the DagBag from /home/airflow/.local/lib/python3.12/site-packages/airflow/example_dags/tutorial.py
[2024-07-19T06:12:31.647+0000] {processor.py:840} INFO - DAG(s) 'tutorial' retrieved from /home/airflow/.local/lib/python3.12/site-packages/airflow/example_dags/tutorial.py
[2024-07-19T06:12:31.675+0000] {logging_mixin.py:188} INFO - [2024-07-19T06:12:31.674+0000] {dag.py:3089} INFO - Sync 1 DAGs
[2024-07-19T06:12:31.702+0000] {logging_mixin.py:188} INFO - [2024-07-19T06:12:31.702+0000] {dag.py:3947} INFO - Setting next_dagrun for tutorial to 2024-07-18 00:00:00+00:00, run_after=2024-07-19 00:00:00+00:00
[2024-07-19T06:12:31.725+0000] {processor.py:183} INFO - Processing /home/airflow/.local/lib/python3.12/site-packages/airflow/example_dags/tutorial.py took 0.098 seconds
[2024-07-19T06:13:02.652+0000] {processor.py:161} INFO - Started process (PID=6366) to work on /home/airflow/.local/lib/python3.12/site-packages/airflow/example_dags/tutorial.py
[2024-07-19T06:13:02.654+0000] {processor.py:830} INFO - Processing file /home/airflow/.local/lib/python3.12/site-packages/airflow/example_dags/tutorial.py for tasks to queue
[2024-07-19T06:13:02.656+0000] {logging_mixin.py:188} INFO - [2024-07-19T06:13:02.655+0000] {dagbag.py:545} INFO - Filling up the DagBag from /home/airflow/.local/lib/python3.12/site-packages/airflow/example_dags/tutorial.py
[2024-07-19T06:13:02.667+0000] {processor.py:840} INFO - DAG(s) 'tutorial' retrieved from /home/airflow/.local/lib/python3.12/site-packages/airflow/example_dags/tutorial.py
[2024-07-19T06:13:02.697+0000] {logging_mixin.py:188} INFO - [2024-07-19T06:13:02.697+0000] {dag.py:3089} INFO - Sync 1 DAGs
[2024-07-19T06:13:02.724+0000] {logging_mixin.py:188} INFO - [2024-07-19T06:13:02.723+0000] {dag.py:3947} INFO - Setting next_dagrun for tutorial to 2024-07-18 00:00:00+00:00, run_after=2024-07-19 00:00:00+00:00
[2024-07-19T06:13:02.751+0000] {processor.py:183} INFO - Processing /home/airflow/.local/lib/python3.12/site-packages/airflow/example_dags/tutorial.py took 0.111 seconds
[2024-07-19T06:13:32.941+0000] {processor.py:161} INFO - Started process (PID=6426) to work on /home/airflow/.local/lib/python3.12/site-packages/airflow/example_dags/tutorial.py
[2024-07-19T06:13:32.943+0000] {processor.py:830} INFO - Processing file /home/airflow/.local/lib/python3.12/site-packages/airflow/example_dags/tutorial.py for tasks to queue
[2024-07-19T06:13:32.945+0000] {logging_mixin.py:188} INFO - [2024-07-19T06:13:32.944+0000] {dagbag.py:545} INFO - Filling up the DagBag from /home/airflow/.local/lib/python3.12/site-packages/airflow/example_dags/tutorial.py
[2024-07-19T06:13:32.953+0000] {processor.py:840} INFO - DAG(s) 'tutorial' retrieved from /home/airflow/.local/lib/python3.12/site-packages/airflow/example_dags/tutorial.py
[2024-07-19T06:13:32.980+0000] {logging_mixin.py:188} INFO - [2024-07-19T06:13:32.979+0000] {dag.py:3089} INFO - Sync 1 DAGs
[2024-07-19T06:13:33.006+0000] {logging_mixin.py:188} INFO - [2024-07-19T06:13:33.006+0000] {dag.py:3947} INFO - Setting next_dagrun for tutorial to 2024-07-18 00:00:00+00:00, run_after=2024-07-19 00:00:00+00:00
[2024-07-19T06:13:33.035+0000] {processor.py:183} INFO - Processing /home/airflow/.local/lib/python3.12/site-packages/airflow/example_dags/tutorial.py took 0.102 seconds
[2024-07-19T06:14:03.582+0000] {processor.py:161} INFO - Started process (PID=6486) to work on /home/airflow/.local/lib/python3.12/site-packages/airflow/example_dags/tutorial.py
[2024-07-19T06:14:03.583+0000] {processor.py:830} INFO - Processing file /home/airflow/.local/lib/python3.12/site-packages/airflow/example_dags/tutorial.py for tasks to queue
[2024-07-19T06:14:03.585+0000] {logging_mixin.py:188} INFO - [2024-07-19T06:14:03.584+0000] {dagbag.py:545} INFO - Filling up the DagBag from /home/airflow/.local/lib/python3.12/site-packages/airflow/example_dags/tutorial.py
[2024-07-19T06:14:03.595+0000] {processor.py:840} INFO - DAG(s) 'tutorial' retrieved from /home/airflow/.local/lib/python3.12/site-packages/airflow/example_dags/tutorial.py
[2024-07-19T06:14:03.636+0000] {logging_mixin.py:188} INFO - [2024-07-19T06:14:03.635+0000] {dag.py:3089} INFO - Sync 1 DAGs
[2024-07-19T06:14:03.689+0000] {logging_mixin.py:188} INFO - [2024-07-19T06:14:03.689+0000] {dag.py:3947} INFO - Setting next_dagrun for tutorial to 2024-07-18 00:00:00+00:00, run_after=2024-07-19 00:00:00+00:00
[2024-07-19T06:14:03.729+0000] {processor.py:183} INFO - Processing /home/airflow/.local/lib/python3.12/site-packages/airflow/example_dags/tutorial.py took 0.156 seconds
[2024-07-19T06:14:34.597+0000] {processor.py:161} INFO - Started process (PID=6552) to work on /home/airflow/.local/lib/python3.12/site-packages/airflow/example_dags/tutorial.py
[2024-07-19T06:14:34.599+0000] {processor.py:830} INFO - Processing file /home/airflow/.local/lib/python3.12/site-packages/airflow/example_dags/tutorial.py for tasks to queue
[2024-07-19T06:14:34.601+0000] {logging_mixin.py:188} INFO - [2024-07-19T06:14:34.600+0000] {dagbag.py:545} INFO - Filling up the DagBag from /home/airflow/.local/lib/python3.12/site-packages/airflow/example_dags/tutorial.py
[2024-07-19T06:14:34.608+0000] {processor.py:840} INFO - DAG(s) 'tutorial' retrieved from /home/airflow/.local/lib/python3.12/site-packages/airflow/example_dags/tutorial.py
[2024-07-19T06:14:34.634+0000] {logging_mixin.py:188} INFO - [2024-07-19T06:14:34.634+0000] {dag.py:3089} INFO - Sync 1 DAGs
[2024-07-19T06:14:34.662+0000] {logging_mixin.py:188} INFO - [2024-07-19T06:14:34.662+0000] {dag.py:3947} INFO - Setting next_dagrun for tutorial to 2024-07-18 00:00:00+00:00, run_after=2024-07-19 00:00:00+00:00
[2024-07-19T06:14:34.684+0000] {processor.py:183} INFO - Processing /home/airflow/.local/lib/python3.12/site-packages/airflow/example_dags/tutorial.py took 0.094 seconds
[2024-07-19T06:15:05.412+0000] {processor.py:161} INFO - Started process (PID=6612) to work on /home/airflow/.local/lib/python3.12/site-packages/airflow/example_dags/tutorial.py
[2024-07-19T06:15:05.414+0000] {processor.py:830} INFO - Processing file /home/airflow/.local/lib/python3.12/site-packages/airflow/example_dags/tutorial.py for tasks to queue
[2024-07-19T06:15:05.416+0000] {logging_mixin.py:188} INFO - [2024-07-19T06:15:05.415+0000] {dagbag.py:545} INFO - Filling up the DagBag from /home/airflow/.local/lib/python3.12/site-packages/airflow/example_dags/tutorial.py
[2024-07-19T06:15:05.425+0000] {processor.py:840} INFO - DAG(s) 'tutorial' retrieved from /home/airflow/.local/lib/python3.12/site-packages/airflow/example_dags/tutorial.py
[2024-07-19T06:15:05.456+0000] {logging_mixin.py:188} INFO - [2024-07-19T06:15:05.455+0000] {dag.py:3089} INFO - Sync 1 DAGs
[2024-07-19T06:15:05.485+0000] {logging_mixin.py:188} INFO - [2024-07-19T06:15:05.484+0000] {dag.py:3947} INFO - Setting next_dagrun for tutorial to 2024-07-18 00:00:00+00:00, run_after=2024-07-19 00:00:00+00:00
[2024-07-19T06:15:05.510+0000] {processor.py:183} INFO - Processing /home/airflow/.local/lib/python3.12/site-packages/airflow/example_dags/tutorial.py took 0.107 seconds
[2024-07-19T06:15:36.110+0000] {processor.py:161} INFO - Started process (PID=6672) to work on /home/airflow/.local/lib/python3.12/site-packages/airflow/example_dags/tutorial.py
[2024-07-19T06:15:36.112+0000] {processor.py:830} INFO - Processing file /home/airflow/.local/lib/python3.12/site-packages/airflow/example_dags/tutorial.py for tasks to queue
[2024-07-19T06:15:36.114+0000] {logging_mixin.py:188} INFO - [2024-07-19T06:15:36.113+0000] {dagbag.py:545} INFO - Filling up the DagBag from /home/airflow/.local/lib/python3.12/site-packages/airflow/example_dags/tutorial.py
[2024-07-19T06:15:36.126+0000] {processor.py:840} INFO - DAG(s) 'tutorial' retrieved from /home/airflow/.local/lib/python3.12/site-packages/airflow/example_dags/tutorial.py
[2024-07-19T06:15:36.160+0000] {logging_mixin.py:188} INFO - [2024-07-19T06:15:36.160+0000] {dag.py:3089} INFO - Sync 1 DAGs
[2024-07-19T06:15:36.188+0000] {logging_mixin.py:188} INFO - [2024-07-19T06:15:36.188+0000] {dag.py:3947} INFO - Setting next_dagrun for tutorial to 2024-07-18 00:00:00+00:00, run_after=2024-07-19 00:00:00+00:00
[2024-07-19T06:15:36.216+0000] {processor.py:183} INFO - Processing /home/airflow/.local/lib/python3.12/site-packages/airflow/example_dags/tutorial.py took 0.117 seconds
[2024-07-19T06:16:07.156+0000] {processor.py:161} INFO - Started process (PID=6732) to work on /home/airflow/.local/lib/python3.12/site-packages/airflow/example_dags/tutorial.py
[2024-07-19T06:16:07.157+0000] {processor.py:830} INFO - Processing file /home/airflow/.local/lib/python3.12/site-packages/airflow/example_dags/tutorial.py for tasks to queue
[2024-07-19T06:16:07.160+0000] {logging_mixin.py:188} INFO - [2024-07-19T06:16:07.159+0000] {dagbag.py:545} INFO - Filling up the DagBag from /home/airflow/.local/lib/python3.12/site-packages/airflow/example_dags/tutorial.py
[2024-07-19T06:16:07.176+0000] {processor.py:840} INFO - DAG(s) 'tutorial' retrieved from /home/airflow/.local/lib/python3.12/site-packages/airflow/example_dags/tutorial.py
[2024-07-19T06:16:07.236+0000] {logging_mixin.py:188} INFO - [2024-07-19T06:16:07.236+0000] {dag.py:3089} INFO - Sync 1 DAGs
[2024-07-19T06:16:07.290+0000] {logging_mixin.py:188} INFO - [2024-07-19T06:16:07.289+0000] {dag.py:3947} INFO - Setting next_dagrun for tutorial to 2024-07-18 00:00:00+00:00, run_after=2024-07-19 00:00:00+00:00
[2024-07-19T06:16:07.325+0000] {processor.py:183} INFO - Processing /home/airflow/.local/lib/python3.12/site-packages/airflow/example_dags/tutorial.py took 0.180 seconds
[2024-07-19T06:16:37.729+0000] {processor.py:161} INFO - Started process (PID=6792) to work on /home/airflow/.local/lib/python3.12/site-packages/airflow/example_dags/tutorial.py
[2024-07-19T06:16:37.732+0000] {processor.py:830} INFO - Processing file /home/airflow/.local/lib/python3.12/site-packages/airflow/example_dags/tutorial.py for tasks to queue
[2024-07-19T06:16:37.733+0000] {logging_mixin.py:188} INFO - [2024-07-19T06:16:37.733+0000] {dagbag.py:545} INFO - Filling up the DagBag from /home/airflow/.local/lib/python3.12/site-packages/airflow/example_dags/tutorial.py
[2024-07-19T06:16:37.741+0000] {processor.py:840} INFO - DAG(s) 'tutorial' retrieved from /home/airflow/.local/lib/python3.12/site-packages/airflow/example_dags/tutorial.py
[2024-07-19T06:16:37.769+0000] {logging_mixin.py:188} INFO - [2024-07-19T06:16:37.769+0000] {dag.py:3089} INFO - Sync 1 DAGs
[2024-07-19T06:16:37.798+0000] {logging_mixin.py:188} INFO - [2024-07-19T06:16:37.798+0000] {dag.py:3947} INFO - Setting next_dagrun for tutorial to 2024-07-18 00:00:00+00:00, run_after=2024-07-19 00:00:00+00:00
[2024-07-19T06:16:37.825+0000] {processor.py:183} INFO - Processing /home/airflow/.local/lib/python3.12/site-packages/airflow/example_dags/tutorial.py took 0.105 seconds
[2024-07-19T06:17:08.108+0000] {processor.py:161} INFO - Started process (PID=6852) to work on /home/airflow/.local/lib/python3.12/site-packages/airflow/example_dags/tutorial.py
[2024-07-19T06:17:08.110+0000] {processor.py:830} INFO - Processing file /home/airflow/.local/lib/python3.12/site-packages/airflow/example_dags/tutorial.py for tasks to queue
[2024-07-19T06:17:08.112+0000] {logging_mixin.py:188} INFO - [2024-07-19T06:17:08.111+0000] {dagbag.py:545} INFO - Filling up the DagBag from /home/airflow/.local/lib/python3.12/site-packages/airflow/example_dags/tutorial.py
[2024-07-19T06:17:08.121+0000] {processor.py:840} INFO - DAG(s) 'tutorial' retrieved from /home/airflow/.local/lib/python3.12/site-packages/airflow/example_dags/tutorial.py
[2024-07-19T06:17:08.149+0000] {logging_mixin.py:188} INFO - [2024-07-19T06:17:08.148+0000] {dag.py:3089} INFO - Sync 1 DAGs
[2024-07-19T06:17:08.175+0000] {logging_mixin.py:188} INFO - [2024-07-19T06:17:08.175+0000] {dag.py:3947} INFO - Setting next_dagrun for tutorial to 2024-07-18 00:00:00+00:00, run_after=2024-07-19 00:00:00+00:00
[2024-07-19T06:17:08.198+0000] {processor.py:183} INFO - Processing /home/airflow/.local/lib/python3.12/site-packages/airflow/example_dags/tutorial.py took 0.099 seconds
[2024-07-19T06:17:38.366+0000] {processor.py:161} INFO - Started process (PID=6912) to work on /home/airflow/.local/lib/python3.12/site-packages/airflow/example_dags/tutorial.py
[2024-07-19T06:17:38.367+0000] {processor.py:830} INFO - Processing file /home/airflow/.local/lib/python3.12/site-packages/airflow/example_dags/tutorial.py for tasks to queue
[2024-07-19T06:17:38.369+0000] {logging_mixin.py:188} INFO - [2024-07-19T06:17:38.368+0000] {dagbag.py:545} INFO - Filling up the DagBag from /home/airflow/.local/lib/python3.12/site-packages/airflow/example_dags/tutorial.py
[2024-07-19T06:17:38.377+0000] {processor.py:840} INFO - DAG(s) 'tutorial' retrieved from /home/airflow/.local/lib/python3.12/site-packages/airflow/example_dags/tutorial.py
[2024-07-19T06:17:38.405+0000] {logging_mixin.py:188} INFO - [2024-07-19T06:17:38.405+0000] {dag.py:3089} INFO - Sync 1 DAGs
[2024-07-19T06:17:38.434+0000] {logging_mixin.py:188} INFO - [2024-07-19T06:17:38.434+0000] {dag.py:3947} INFO - Setting next_dagrun for tutorial to 2024-07-18 00:00:00+00:00, run_after=2024-07-19 00:00:00+00:00
[2024-07-19T06:17:38.456+0000] {processor.py:183} INFO - Processing /home/airflow/.local/lib/python3.12/site-packages/airflow/example_dags/tutorial.py took 0.099 seconds
[2024-07-19T06:18:09.574+0000] {processor.py:161} INFO - Started process (PID=6972) to work on /home/airflow/.local/lib/python3.12/site-packages/airflow/example_dags/tutorial.py
[2024-07-19T06:18:09.575+0000] {processor.py:830} INFO - Processing file /home/airflow/.local/lib/python3.12/site-packages/airflow/example_dags/tutorial.py for tasks to queue
[2024-07-19T06:18:09.576+0000] {logging_mixin.py:188} INFO - [2024-07-19T06:18:09.576+0000] {dagbag.py:545} INFO - Filling up the DagBag from /home/airflow/.local/lib/python3.12/site-packages/airflow/example_dags/tutorial.py
[2024-07-19T06:18:09.585+0000] {processor.py:840} INFO - DAG(s) 'tutorial' retrieved from /home/airflow/.local/lib/python3.12/site-packages/airflow/example_dags/tutorial.py
[2024-07-19T06:18:09.611+0000] {logging_mixin.py:188} INFO - [2024-07-19T06:18:09.611+0000] {dag.py:3089} INFO - Sync 1 DAGs
[2024-07-19T06:18:09.637+0000] {logging_mixin.py:188} INFO - [2024-07-19T06:18:09.637+0000] {dag.py:3947} INFO - Setting next_dagrun for tutorial to 2024-07-18 00:00:00+00:00, run_after=2024-07-19 00:00:00+00:00
[2024-07-19T06:18:09.659+0000] {processor.py:183} INFO - Processing /home/airflow/.local/lib/python3.12/site-packages/airflow/example_dags/tutorial.py took 0.094 seconds
[2024-07-19T06:18:40.165+0000] {processor.py:161} INFO - Started process (PID=7032) to work on /home/airflow/.local/lib/python3.12/site-packages/airflow/example_dags/tutorial.py
[2024-07-19T06:18:40.167+0000] {processor.py:830} INFO - Processing file /home/airflow/.local/lib/python3.12/site-packages/airflow/example_dags/tutorial.py for tasks to queue
[2024-07-19T06:18:40.169+0000] {logging_mixin.py:188} INFO - [2024-07-19T06:18:40.168+0000] {dagbag.py:545} INFO - Filling up the DagBag from /home/airflow/.local/lib/python3.12/site-packages/airflow/example_dags/tutorial.py
[2024-07-19T06:18:40.178+0000] {processor.py:840} INFO - DAG(s) 'tutorial' retrieved from /home/airflow/.local/lib/python3.12/site-packages/airflow/example_dags/tutorial.py
[2024-07-19T06:18:40.208+0000] {logging_mixin.py:188} INFO - [2024-07-19T06:18:40.207+0000] {dag.py:3089} INFO - Sync 1 DAGs
[2024-07-19T06:18:40.233+0000] {logging_mixin.py:188} INFO - [2024-07-19T06:18:40.233+0000] {dag.py:3947} INFO - Setting next_dagrun for tutorial to 2024-07-18 00:00:00+00:00, run_after=2024-07-19 00:00:00+00:00
[2024-07-19T06:18:40.256+0000] {processor.py:183} INFO - Processing /home/airflow/.local/lib/python3.12/site-packages/airflow/example_dags/tutorial.py took 0.100 seconds
[2024-07-19T06:19:10.515+0000] {processor.py:161} INFO - Started process (PID=7092) to work on /home/airflow/.local/lib/python3.12/site-packages/airflow/example_dags/tutorial.py
[2024-07-19T06:19:10.516+0000] {processor.py:830} INFO - Processing file /home/airflow/.local/lib/python3.12/site-packages/airflow/example_dags/tutorial.py for tasks to queue
[2024-07-19T06:19:10.517+0000] {logging_mixin.py:188} INFO - [2024-07-19T06:19:10.517+0000] {dagbag.py:545} INFO - Filling up the DagBag from /home/airflow/.local/lib/python3.12/site-packages/airflow/example_dags/tutorial.py
[2024-07-19T06:19:10.528+0000] {processor.py:840} INFO - DAG(s) 'tutorial' retrieved from /home/airflow/.local/lib/python3.12/site-packages/airflow/example_dags/tutorial.py
[2024-07-19T06:19:10.558+0000] {logging_mixin.py:188} INFO - [2024-07-19T06:19:10.558+0000] {dag.py:3089} INFO - Sync 1 DAGs
[2024-07-19T06:19:10.593+0000] {logging_mixin.py:188} INFO - [2024-07-19T06:19:10.593+0000] {dag.py:3947} INFO - Setting next_dagrun for tutorial to 2024-07-18 00:00:00+00:00, run_after=2024-07-19 00:00:00+00:00
[2024-07-19T06:19:10.616+0000] {processor.py:183} INFO - Processing /home/airflow/.local/lib/python3.12/site-packages/airflow/example_dags/tutorial.py took 0.112 seconds
[2024-07-19T06:19:40.697+0000] {processor.py:161} INFO - Started process (PID=7150) to work on /home/airflow/.local/lib/python3.12/site-packages/airflow/example_dags/tutorial.py
[2024-07-19T06:19:40.698+0000] {processor.py:830} INFO - Processing file /home/airflow/.local/lib/python3.12/site-packages/airflow/example_dags/tutorial.py for tasks to queue
[2024-07-19T06:19:40.700+0000] {logging_mixin.py:188} INFO - [2024-07-19T06:19:40.699+0000] {dagbag.py:545} INFO - Filling up the DagBag from /home/airflow/.local/lib/python3.12/site-packages/airflow/example_dags/tutorial.py
[2024-07-19T06:19:40.708+0000] {processor.py:840} INFO - DAG(s) 'tutorial' retrieved from /home/airflow/.local/lib/python3.12/site-packages/airflow/example_dags/tutorial.py
[2024-07-19T06:19:40.740+0000] {logging_mixin.py:188} INFO - [2024-07-19T06:19:40.740+0000] {dag.py:3089} INFO - Sync 1 DAGs
[2024-07-19T06:19:40.772+0000] {logging_mixin.py:188} INFO - [2024-07-19T06:19:40.772+0000] {dag.py:3947} INFO - Setting next_dagrun for tutorial to 2024-07-18 00:00:00+00:00, run_after=2024-07-19 00:00:00+00:00
[2024-07-19T06:19:40.797+0000] {processor.py:183} INFO - Processing /home/airflow/.local/lib/python3.12/site-packages/airflow/example_dags/tutorial.py took 0.108 seconds
[2024-07-19T06:20:11.174+0000] {processor.py:161} INFO - Started process (PID=7210) to work on /home/airflow/.local/lib/python3.12/site-packages/airflow/example_dags/tutorial.py
[2024-07-19T06:20:11.175+0000] {processor.py:830} INFO - Processing file /home/airflow/.local/lib/python3.12/site-packages/airflow/example_dags/tutorial.py for tasks to queue
[2024-07-19T06:20:11.177+0000] {logging_mixin.py:188} INFO - [2024-07-19T06:20:11.176+0000] {dagbag.py:545} INFO - Filling up the DagBag from /home/airflow/.local/lib/python3.12/site-packages/airflow/example_dags/tutorial.py
[2024-07-19T06:20:11.185+0000] {processor.py:840} INFO - DAG(s) 'tutorial' retrieved from /home/airflow/.local/lib/python3.12/site-packages/airflow/example_dags/tutorial.py
[2024-07-19T06:20:11.213+0000] {logging_mixin.py:188} INFO - [2024-07-19T06:20:11.213+0000] {dag.py:3089} INFO - Sync 1 DAGs
[2024-07-19T06:20:11.243+0000] {logging_mixin.py:188} INFO - [2024-07-19T06:20:11.242+0000] {dag.py:3947} INFO - Setting next_dagrun for tutorial to 2024-07-18 00:00:00+00:00, run_after=2024-07-19 00:00:00+00:00
[2024-07-19T06:20:11.266+0000] {processor.py:183} INFO - Processing /home/airflow/.local/lib/python3.12/site-packages/airflow/example_dags/tutorial.py took 0.100 seconds
[2024-07-19T06:20:41.600+0000] {processor.py:161} INFO - Started process (PID=7270) to work on /home/airflow/.local/lib/python3.12/site-packages/airflow/example_dags/tutorial.py
[2024-07-19T06:20:41.602+0000] {processor.py:830} INFO - Processing file /home/airflow/.local/lib/python3.12/site-packages/airflow/example_dags/tutorial.py for tasks to queue
[2024-07-19T06:20:41.603+0000] {logging_mixin.py:188} INFO - [2024-07-19T06:20:41.603+0000] {dagbag.py:545} INFO - Filling up the DagBag from /home/airflow/.local/lib/python3.12/site-packages/airflow/example_dags/tutorial.py
[2024-07-19T06:20:41.612+0000] {processor.py:840} INFO - DAG(s) 'tutorial' retrieved from /home/airflow/.local/lib/python3.12/site-packages/airflow/example_dags/tutorial.py
[2024-07-19T06:20:41.643+0000] {logging_mixin.py:188} INFO - [2024-07-19T06:20:41.642+0000] {dag.py:3089} INFO - Sync 1 DAGs
[2024-07-19T06:20:41.671+0000] {logging_mixin.py:188} INFO - [2024-07-19T06:20:41.671+0000] {dag.py:3947} INFO - Setting next_dagrun for tutorial to 2024-07-18 00:00:00+00:00, run_after=2024-07-19 00:00:00+00:00
[2024-07-19T06:20:41.695+0000] {processor.py:183} INFO - Processing /home/airflow/.local/lib/python3.12/site-packages/airflow/example_dags/tutorial.py took 0.103 seconds
[2024-07-19T06:21:11.924+0000] {processor.py:161} INFO - Started process (PID=7330) to work on /home/airflow/.local/lib/python3.12/site-packages/airflow/example_dags/tutorial.py
[2024-07-19T06:21:11.926+0000] {processor.py:830} INFO - Processing file /home/airflow/.local/lib/python3.12/site-packages/airflow/example_dags/tutorial.py for tasks to queue
[2024-07-19T06:21:11.927+0000] {logging_mixin.py:188} INFO - [2024-07-19T06:21:11.927+0000] {dagbag.py:545} INFO - Filling up the DagBag from /home/airflow/.local/lib/python3.12/site-packages/airflow/example_dags/tutorial.py
[2024-07-19T06:21:11.937+0000] {processor.py:840} INFO - DAG(s) 'tutorial' retrieved from /home/airflow/.local/lib/python3.12/site-packages/airflow/example_dags/tutorial.py
[2024-07-19T06:21:11.966+0000] {logging_mixin.py:188} INFO - [2024-07-19T06:21:11.965+0000] {dag.py:3089} INFO - Sync 1 DAGs
[2024-07-19T06:21:11.994+0000] {logging_mixin.py:188} INFO - [2024-07-19T06:21:11.994+0000] {dag.py:3947} INFO - Setting next_dagrun for tutorial to 2024-07-18 00:00:00+00:00, run_after=2024-07-19 00:00:00+00:00
[2024-07-19T06:21:12.018+0000] {processor.py:183} INFO - Processing /home/airflow/.local/lib/python3.12/site-packages/airflow/example_dags/tutorial.py took 0.103 seconds
[2024-07-19T06:21:42.312+0000] {processor.py:161} INFO - Started process (PID=7390) to work on /home/airflow/.local/lib/python3.12/site-packages/airflow/example_dags/tutorial.py
[2024-07-19T06:21:42.313+0000] {processor.py:830} INFO - Processing file /home/airflow/.local/lib/python3.12/site-packages/airflow/example_dags/tutorial.py for tasks to queue
[2024-07-19T06:21:42.315+0000] {logging_mixin.py:188} INFO - [2024-07-19T06:21:42.314+0000] {dagbag.py:545} INFO - Filling up the DagBag from /home/airflow/.local/lib/python3.12/site-packages/airflow/example_dags/tutorial.py
[2024-07-19T06:21:42.325+0000] {processor.py:840} INFO - DAG(s) 'tutorial' retrieved from /home/airflow/.local/lib/python3.12/site-packages/airflow/example_dags/tutorial.py
[2024-07-19T06:21:42.352+0000] {logging_mixin.py:188} INFO - [2024-07-19T06:21:42.351+0000] {dag.py:3089} INFO - Sync 1 DAGs
[2024-07-19T06:21:42.378+0000] {logging_mixin.py:188} INFO - [2024-07-19T06:21:42.378+0000] {dag.py:3947} INFO - Setting next_dagrun for tutorial to 2024-07-18 00:00:00+00:00, run_after=2024-07-19 00:00:00+00:00
[2024-07-19T06:21:42.404+0000] {processor.py:183} INFO - Processing /home/airflow/.local/lib/python3.12/site-packages/airflow/example_dags/tutorial.py took 0.102 seconds
[2024-07-19T06:22:12.756+0000] {processor.py:161} INFO - Started process (PID=7450) to work on /home/airflow/.local/lib/python3.12/site-packages/airflow/example_dags/tutorial.py
[2024-07-19T06:22:12.758+0000] {processor.py:830} INFO - Processing file /home/airflow/.local/lib/python3.12/site-packages/airflow/example_dags/tutorial.py for tasks to queue
[2024-07-19T06:22:12.759+0000] {logging_mixin.py:188} INFO - [2024-07-19T06:22:12.759+0000] {dagbag.py:545} INFO - Filling up the DagBag from /home/airflow/.local/lib/python3.12/site-packages/airflow/example_dags/tutorial.py
[2024-07-19T06:22:12.769+0000] {processor.py:840} INFO - DAG(s) 'tutorial' retrieved from /home/airflow/.local/lib/python3.12/site-packages/airflow/example_dags/tutorial.py
[2024-07-19T06:22:12.808+0000] {logging_mixin.py:188} INFO - [2024-07-19T06:22:12.808+0000] {dag.py:3089} INFO - Sync 1 DAGs
[2024-07-19T06:22:12.841+0000] {logging_mixin.py:188} INFO - [2024-07-19T06:22:12.840+0000] {dag.py:3947} INFO - Setting next_dagrun for tutorial to 2024-07-18 00:00:00+00:00, run_after=2024-07-19 00:00:00+00:00
[2024-07-19T06:22:12.874+0000] {processor.py:183} INFO - Processing /home/airflow/.local/lib/python3.12/site-packages/airflow/example_dags/tutorial.py took 0.127 seconds
[2024-07-19T06:22:43.168+0000] {processor.py:161} INFO - Started process (PID=7511) to work on /home/airflow/.local/lib/python3.12/site-packages/airflow/example_dags/tutorial.py
[2024-07-19T06:22:43.169+0000] {processor.py:830} INFO - Processing file /home/airflow/.local/lib/python3.12/site-packages/airflow/example_dags/tutorial.py for tasks to queue
[2024-07-19T06:22:43.170+0000] {logging_mixin.py:188} INFO - [2024-07-19T06:22:43.170+0000] {dagbag.py:545} INFO - Filling up the DagBag from /home/airflow/.local/lib/python3.12/site-packages/airflow/example_dags/tutorial.py
[2024-07-19T06:22:43.179+0000] {processor.py:840} INFO - DAG(s) 'tutorial' retrieved from /home/airflow/.local/lib/python3.12/site-packages/airflow/example_dags/tutorial.py
[2024-07-19T06:22:43.207+0000] {logging_mixin.py:188} INFO - [2024-07-19T06:22:43.206+0000] {dag.py:3089} INFO - Sync 1 DAGs
[2024-07-19T06:22:43.233+0000] {logging_mixin.py:188} INFO - [2024-07-19T06:22:43.233+0000] {dag.py:3947} INFO - Setting next_dagrun for tutorial to 2024-07-18 00:00:00+00:00, run_after=2024-07-19 00:00:00+00:00
[2024-07-19T06:22:43.256+0000] {processor.py:183} INFO - Processing /home/airflow/.local/lib/python3.12/site-packages/airflow/example_dags/tutorial.py took 0.097 seconds
[2024-07-19T06:23:13.913+0000] {processor.py:161} INFO - Started process (PID=7571) to work on /home/airflow/.local/lib/python3.12/site-packages/airflow/example_dags/tutorial.py
[2024-07-19T06:23:13.915+0000] {processor.py:830} INFO - Processing file /home/airflow/.local/lib/python3.12/site-packages/airflow/example_dags/tutorial.py for tasks to queue
[2024-07-19T06:23:13.916+0000] {logging_mixin.py:188} INFO - [2024-07-19T06:23:13.916+0000] {dagbag.py:545} INFO - Filling up the DagBag from /home/airflow/.local/lib/python3.12/site-packages/airflow/example_dags/tutorial.py
[2024-07-19T06:23:13.925+0000] {processor.py:840} INFO - DAG(s) 'tutorial' retrieved from /home/airflow/.local/lib/python3.12/site-packages/airflow/example_dags/tutorial.py
[2024-07-19T06:23:13.951+0000] {logging_mixin.py:188} INFO - [2024-07-19T06:23:13.951+0000] {dag.py:3089} INFO - Sync 1 DAGs
[2024-07-19T06:23:13.977+0000] {logging_mixin.py:188} INFO - [2024-07-19T06:23:13.977+0000] {dag.py:3947} INFO - Setting next_dagrun for tutorial to 2024-07-18 00:00:00+00:00, run_after=2024-07-19 00:00:00+00:00
[2024-07-19T06:23:14.003+0000] {processor.py:183} INFO - Processing /home/airflow/.local/lib/python3.12/site-packages/airflow/example_dags/tutorial.py took 0.098 seconds
[2024-07-19T06:23:44.789+0000] {processor.py:161} INFO - Started process (PID=7630) to work on /home/airflow/.local/lib/python3.12/site-packages/airflow/example_dags/tutorial.py
[2024-07-19T06:23:44.790+0000] {processor.py:830} INFO - Processing file /home/airflow/.local/lib/python3.12/site-packages/airflow/example_dags/tutorial.py for tasks to queue
[2024-07-19T06:23:44.792+0000] {logging_mixin.py:188} INFO - [2024-07-19T06:23:44.791+0000] {dagbag.py:545} INFO - Filling up the DagBag from /home/airflow/.local/lib/python3.12/site-packages/airflow/example_dags/tutorial.py
[2024-07-19T06:23:44.800+0000] {processor.py:840} INFO - DAG(s) 'tutorial' retrieved from /home/airflow/.local/lib/python3.12/site-packages/airflow/example_dags/tutorial.py
[2024-07-19T06:23:44.827+0000] {logging_mixin.py:188} INFO - [2024-07-19T06:23:44.826+0000] {dag.py:3089} INFO - Sync 1 DAGs
[2024-07-19T06:23:44.855+0000] {logging_mixin.py:188} INFO - [2024-07-19T06:23:44.854+0000] {dag.py:3947} INFO - Setting next_dagrun for tutorial to 2024-07-18 00:00:00+00:00, run_after=2024-07-19 00:00:00+00:00
[2024-07-19T06:23:44.878+0000] {processor.py:183} INFO - Processing /home/airflow/.local/lib/python3.12/site-packages/airflow/example_dags/tutorial.py took 0.097 seconds
[2024-07-19T06:24:15.028+0000] {processor.py:161} INFO - Started process (PID=7691) to work on /home/airflow/.local/lib/python3.12/site-packages/airflow/example_dags/tutorial.py
[2024-07-19T06:24:15.040+0000] {processor.py:830} INFO - Processing file /home/airflow/.local/lib/python3.12/site-packages/airflow/example_dags/tutorial.py for tasks to queue
[2024-07-19T06:24:15.041+0000] {logging_mixin.py:188} INFO - [2024-07-19T06:24:15.041+0000] {dagbag.py:545} INFO - Filling up the DagBag from /home/airflow/.local/lib/python3.12/site-packages/airflow/example_dags/tutorial.py
[2024-07-19T06:24:15.050+0000] {processor.py:840} INFO - DAG(s) 'tutorial' retrieved from /home/airflow/.local/lib/python3.12/site-packages/airflow/example_dags/tutorial.py
[2024-07-19T06:24:15.081+0000] {logging_mixin.py:188} INFO - [2024-07-19T06:24:15.080+0000] {dag.py:3089} INFO - Sync 1 DAGs
[2024-07-19T06:24:15.110+0000] {logging_mixin.py:188} INFO - [2024-07-19T06:24:15.110+0000] {dag.py:3947} INFO - Setting next_dagrun for tutorial to 2024-07-18 00:00:00+00:00, run_after=2024-07-19 00:00:00+00:00
[2024-07-19T06:24:15.135+0000] {processor.py:183} INFO - Processing /home/airflow/.local/lib/python3.12/site-packages/airflow/example_dags/tutorial.py took 0.117 seconds
[2024-07-19T06:24:45.676+0000] {processor.py:161} INFO - Started process (PID=7751) to work on /home/airflow/.local/lib/python3.12/site-packages/airflow/example_dags/tutorial.py
[2024-07-19T06:24:45.677+0000] {processor.py:830} INFO - Processing file /home/airflow/.local/lib/python3.12/site-packages/airflow/example_dags/tutorial.py for tasks to queue
[2024-07-19T06:24:45.679+0000] {logging_mixin.py:188} INFO - [2024-07-19T06:24:45.679+0000] {dagbag.py:545} INFO - Filling up the DagBag from /home/airflow/.local/lib/python3.12/site-packages/airflow/example_dags/tutorial.py
[2024-07-19T06:24:45.687+0000] {processor.py:840} INFO - DAG(s) 'tutorial' retrieved from /home/airflow/.local/lib/python3.12/site-packages/airflow/example_dags/tutorial.py
[2024-07-19T06:24:45.712+0000] {logging_mixin.py:188} INFO - [2024-07-19T06:24:45.712+0000] {dag.py:3089} INFO - Sync 1 DAGs
[2024-07-19T06:24:45.741+0000] {logging_mixin.py:188} INFO - [2024-07-19T06:24:45.740+0000] {dag.py:3947} INFO - Setting next_dagrun for tutorial to 2024-07-18 00:00:00+00:00, run_after=2024-07-19 00:00:00+00:00
[2024-07-19T06:24:45.766+0000] {processor.py:183} INFO - Processing /home/airflow/.local/lib/python3.12/site-packages/airflow/example_dags/tutorial.py took 0.099 seconds
[2024-07-19T06:25:16.600+0000] {processor.py:161} INFO - Started process (PID=7811) to work on /home/airflow/.local/lib/python3.12/site-packages/airflow/example_dags/tutorial.py
[2024-07-19T06:25:16.602+0000] {processor.py:830} INFO - Processing file /home/airflow/.local/lib/python3.12/site-packages/airflow/example_dags/tutorial.py for tasks to queue
[2024-07-19T06:25:16.603+0000] {logging_mixin.py:188} INFO - [2024-07-19T06:25:16.603+0000] {dagbag.py:545} INFO - Filling up the DagBag from /home/airflow/.local/lib/python3.12/site-packages/airflow/example_dags/tutorial.py
[2024-07-19T06:25:16.612+0000] {processor.py:840} INFO - DAG(s) 'tutorial' retrieved from /home/airflow/.local/lib/python3.12/site-packages/airflow/example_dags/tutorial.py
[2024-07-19T06:25:16.641+0000] {logging_mixin.py:188} INFO - [2024-07-19T06:25:16.641+0000] {dag.py:3089} INFO - Sync 1 DAGs
[2024-07-19T06:25:16.672+0000] {logging_mixin.py:188} INFO - [2024-07-19T06:25:16.671+0000] {dag.py:3947} INFO - Setting next_dagrun for tutorial to 2024-07-18 00:00:00+00:00, run_after=2024-07-19 00:00:00+00:00
[2024-07-19T06:25:16.697+0000] {processor.py:183} INFO - Processing /home/airflow/.local/lib/python3.12/site-packages/airflow/example_dags/tutorial.py took 0.105 seconds
[2024-07-19T06:25:46.947+0000] {processor.py:161} INFO - Started process (PID=7871) to work on /home/airflow/.local/lib/python3.12/site-packages/airflow/example_dags/tutorial.py
[2024-07-19T06:25:46.949+0000] {processor.py:830} INFO - Processing file /home/airflow/.local/lib/python3.12/site-packages/airflow/example_dags/tutorial.py for tasks to queue
[2024-07-19T06:25:46.953+0000] {logging_mixin.py:188} INFO - [2024-07-19T06:25:46.953+0000] {dagbag.py:545} INFO - Filling up the DagBag from /home/airflow/.local/lib/python3.12/site-packages/airflow/example_dags/tutorial.py
[2024-07-19T06:25:46.963+0000] {processor.py:840} INFO - DAG(s) 'tutorial' retrieved from /home/airflow/.local/lib/python3.12/site-packages/airflow/example_dags/tutorial.py
[2024-07-19T06:25:46.990+0000] {logging_mixin.py:188} INFO - [2024-07-19T06:25:46.990+0000] {dag.py:3089} INFO - Sync 1 DAGs
[2024-07-19T06:25:47.015+0000] {logging_mixin.py:188} INFO - [2024-07-19T06:25:47.015+0000] {dag.py:3947} INFO - Setting next_dagrun for tutorial to 2024-07-18 00:00:00+00:00, run_after=2024-07-19 00:00:00+00:00
[2024-07-19T06:25:47.038+0000] {processor.py:183} INFO - Processing /home/airflow/.local/lib/python3.12/site-packages/airflow/example_dags/tutorial.py took 0.099 seconds
[2024-07-19T06:26:17.516+0000] {processor.py:161} INFO - Started process (PID=7931) to work on /home/airflow/.local/lib/python3.12/site-packages/airflow/example_dags/tutorial.py
[2024-07-19T06:26:17.517+0000] {processor.py:830} INFO - Processing file /home/airflow/.local/lib/python3.12/site-packages/airflow/example_dags/tutorial.py for tasks to queue
[2024-07-19T06:26:17.519+0000] {logging_mixin.py:188} INFO - [2024-07-19T06:26:17.519+0000] {dagbag.py:545} INFO - Filling up the DagBag from /home/airflow/.local/lib/python3.12/site-packages/airflow/example_dags/tutorial.py
[2024-07-19T06:26:17.530+0000] {processor.py:840} INFO - DAG(s) 'tutorial' retrieved from /home/airflow/.local/lib/python3.12/site-packages/airflow/example_dags/tutorial.py
[2024-07-19T06:26:17.565+0000] {logging_mixin.py:188} INFO - [2024-07-19T06:26:17.564+0000] {dag.py:3089} INFO - Sync 1 DAGs
[2024-07-19T06:26:17.596+0000] {logging_mixin.py:188} INFO - [2024-07-19T06:26:17.596+0000] {dag.py:3947} INFO - Setting next_dagrun for tutorial to 2024-07-18 00:00:00+00:00, run_after=2024-07-19 00:00:00+00:00
[2024-07-19T06:26:17.621+0000] {processor.py:183} INFO - Processing /home/airflow/.local/lib/python3.12/site-packages/airflow/example_dags/tutorial.py took 0.114 seconds
[2024-07-19T06:26:47.725+0000] {processor.py:161} INFO - Started process (PID=7991) to work on /home/airflow/.local/lib/python3.12/site-packages/airflow/example_dags/tutorial.py
[2024-07-19T06:26:47.726+0000] {processor.py:830} INFO - Processing file /home/airflow/.local/lib/python3.12/site-packages/airflow/example_dags/tutorial.py for tasks to queue
[2024-07-19T06:26:47.728+0000] {logging_mixin.py:188} INFO - [2024-07-19T06:26:47.727+0000] {dagbag.py:545} INFO - Filling up the DagBag from /home/airflow/.local/lib/python3.12/site-packages/airflow/example_dags/tutorial.py
[2024-07-19T06:26:47.736+0000] {processor.py:840} INFO - DAG(s) 'tutorial' retrieved from /home/airflow/.local/lib/python3.12/site-packages/airflow/example_dags/tutorial.py
[2024-07-19T06:26:47.760+0000] {logging_mixin.py:188} INFO - [2024-07-19T06:26:47.760+0000] {dag.py:3089} INFO - Sync 1 DAGs
[2024-07-19T06:26:47.785+0000] {logging_mixin.py:188} INFO - [2024-07-19T06:26:47.785+0000] {dag.py:3947} INFO - Setting next_dagrun for tutorial to 2024-07-18 00:00:00+00:00, run_after=2024-07-19 00:00:00+00:00
[2024-07-19T06:26:47.806+0000] {processor.py:183} INFO - Processing /home/airflow/.local/lib/python3.12/site-packages/airflow/example_dags/tutorial.py took 0.089 seconds
[2024-07-19T06:27:18.714+0000] {processor.py:161} INFO - Started process (PID=8051) to work on /home/airflow/.local/lib/python3.12/site-packages/airflow/example_dags/tutorial.py
[2024-07-19T06:27:18.715+0000] {processor.py:830} INFO - Processing file /home/airflow/.local/lib/python3.12/site-packages/airflow/example_dags/tutorial.py for tasks to queue
[2024-07-19T06:27:18.717+0000] {logging_mixin.py:188} INFO - [2024-07-19T06:27:18.716+0000] {dagbag.py:545} INFO - Filling up the DagBag from /home/airflow/.local/lib/python3.12/site-packages/airflow/example_dags/tutorial.py
[2024-07-19T06:27:18.725+0000] {processor.py:840} INFO - DAG(s) 'tutorial' retrieved from /home/airflow/.local/lib/python3.12/site-packages/airflow/example_dags/tutorial.py
[2024-07-19T06:27:18.751+0000] {logging_mixin.py:188} INFO - [2024-07-19T06:27:18.751+0000] {dag.py:3089} INFO - Sync 1 DAGs
[2024-07-19T06:27:18.774+0000] {logging_mixin.py:188} INFO - [2024-07-19T06:27:18.774+0000] {dag.py:3947} INFO - Setting next_dagrun for tutorial to 2024-07-18 00:00:00+00:00, run_after=2024-07-19 00:00:00+00:00
[2024-07-19T06:27:18.793+0000] {processor.py:183} INFO - Processing /home/airflow/.local/lib/python3.12/site-packages/airflow/example_dags/tutorial.py took 0.087 seconds
[2024-07-19T06:27:48.929+0000] {processor.py:161} INFO - Started process (PID=8111) to work on /home/airflow/.local/lib/python3.12/site-packages/airflow/example_dags/tutorial.py
[2024-07-19T06:27:48.930+0000] {processor.py:830} INFO - Processing file /home/airflow/.local/lib/python3.12/site-packages/airflow/example_dags/tutorial.py for tasks to queue
[2024-07-19T06:27:48.932+0000] {logging_mixin.py:188} INFO - [2024-07-19T06:27:48.931+0000] {dagbag.py:545} INFO - Filling up the DagBag from /home/airflow/.local/lib/python3.12/site-packages/airflow/example_dags/tutorial.py
[2024-07-19T06:27:48.941+0000] {processor.py:840} INFO - DAG(s) 'tutorial' retrieved from /home/airflow/.local/lib/python3.12/site-packages/airflow/example_dags/tutorial.py
[2024-07-19T06:27:48.969+0000] {logging_mixin.py:188} INFO - [2024-07-19T06:27:48.969+0000] {dag.py:3089} INFO - Sync 1 DAGs
[2024-07-19T06:27:48.995+0000] {logging_mixin.py:188} INFO - [2024-07-19T06:27:48.995+0000] {dag.py:3947} INFO - Setting next_dagrun for tutorial to 2024-07-18 00:00:00+00:00, run_after=2024-07-19 00:00:00+00:00
[2024-07-19T06:27:49.017+0000] {processor.py:183} INFO - Processing /home/airflow/.local/lib/python3.12/site-packages/airflow/example_dags/tutorial.py took 0.097 seconds
[2024-07-19T06:28:19.632+0000] {processor.py:161} INFO - Started process (PID=8171) to work on /home/airflow/.local/lib/python3.12/site-packages/airflow/example_dags/tutorial.py
[2024-07-19T06:28:19.634+0000] {processor.py:830} INFO - Processing file /home/airflow/.local/lib/python3.12/site-packages/airflow/example_dags/tutorial.py for tasks to queue
[2024-07-19T06:28:19.635+0000] {logging_mixin.py:188} INFO - [2024-07-19T06:28:19.635+0000] {dagbag.py:545} INFO - Filling up the DagBag from /home/airflow/.local/lib/python3.12/site-packages/airflow/example_dags/tutorial.py
[2024-07-19T06:28:19.644+0000] {processor.py:840} INFO - DAG(s) 'tutorial' retrieved from /home/airflow/.local/lib/python3.12/site-packages/airflow/example_dags/tutorial.py
[2024-07-19T06:28:19.671+0000] {logging_mixin.py:188} INFO - [2024-07-19T06:28:19.671+0000] {dag.py:3089} INFO - Sync 1 DAGs
[2024-07-19T06:28:19.697+0000] {logging_mixin.py:188} INFO - [2024-07-19T06:28:19.697+0000] {dag.py:3947} INFO - Setting next_dagrun for tutorial to 2024-07-18 00:00:00+00:00, run_after=2024-07-19 00:00:00+00:00
[2024-07-19T06:28:19.720+0000] {processor.py:183} INFO - Processing /home/airflow/.local/lib/python3.12/site-packages/airflow/example_dags/tutorial.py took 0.095 seconds
[2024-07-19T06:28:50.012+0000] {processor.py:161} INFO - Started process (PID=8231) to work on /home/airflow/.local/lib/python3.12/site-packages/airflow/example_dags/tutorial.py
[2024-07-19T06:28:50.014+0000] {processor.py:830} INFO - Processing file /home/airflow/.local/lib/python3.12/site-packages/airflow/example_dags/tutorial.py for tasks to queue
[2024-07-19T06:28:50.015+0000] {logging_mixin.py:188} INFO - [2024-07-19T06:28:50.014+0000] {dagbag.py:545} INFO - Filling up the DagBag from /home/airflow/.local/lib/python3.12/site-packages/airflow/example_dags/tutorial.py
[2024-07-19T06:28:50.023+0000] {processor.py:840} INFO - DAG(s) 'tutorial' retrieved from /home/airflow/.local/lib/python3.12/site-packages/airflow/example_dags/tutorial.py
[2024-07-19T06:28:50.051+0000] {logging_mixin.py:188} INFO - [2024-07-19T06:28:50.051+0000] {dag.py:3089} INFO - Sync 1 DAGs
[2024-07-19T06:28:50.078+0000] {logging_mixin.py:188} INFO - [2024-07-19T06:28:50.078+0000] {dag.py:3947} INFO - Setting next_dagrun for tutorial to 2024-07-18 00:00:00+00:00, run_after=2024-07-19 00:00:00+00:00
[2024-07-19T06:28:50.102+0000] {processor.py:183} INFO - Processing /home/airflow/.local/lib/python3.12/site-packages/airflow/example_dags/tutorial.py took 0.099 seconds
[2024-07-19T06:29:20.591+0000] {processor.py:161} INFO - Started process (PID=8291) to work on /home/airflow/.local/lib/python3.12/site-packages/airflow/example_dags/tutorial.py
[2024-07-19T06:29:20.592+0000] {processor.py:830} INFO - Processing file /home/airflow/.local/lib/python3.12/site-packages/airflow/example_dags/tutorial.py for tasks to queue
[2024-07-19T06:29:20.593+0000] {logging_mixin.py:188} INFO - [2024-07-19T06:29:20.593+0000] {dagbag.py:545} INFO - Filling up the DagBag from /home/airflow/.local/lib/python3.12/site-packages/airflow/example_dags/tutorial.py
[2024-07-19T06:29:20.602+0000] {processor.py:840} INFO - DAG(s) 'tutorial' retrieved from /home/airflow/.local/lib/python3.12/site-packages/airflow/example_dags/tutorial.py
[2024-07-19T06:29:20.628+0000] {logging_mixin.py:188} INFO - [2024-07-19T06:29:20.627+0000] {dag.py:3089} INFO - Sync 1 DAGs
[2024-07-19T06:29:20.653+0000] {logging_mixin.py:188} INFO - [2024-07-19T06:29:20.652+0000] {dag.py:3947} INFO - Setting next_dagrun for tutorial to 2024-07-18 00:00:00+00:00, run_after=2024-07-19 00:00:00+00:00
[2024-07-19T06:29:20.674+0000] {processor.py:183} INFO - Processing /home/airflow/.local/lib/python3.12/site-packages/airflow/example_dags/tutorial.py took 0.092 seconds
[2024-07-19T06:29:51.557+0000] {processor.py:161} INFO - Started process (PID=8351) to work on /home/airflow/.local/lib/python3.12/site-packages/airflow/example_dags/tutorial.py
[2024-07-19T06:29:51.558+0000] {processor.py:830} INFO - Processing file /home/airflow/.local/lib/python3.12/site-packages/airflow/example_dags/tutorial.py for tasks to queue
[2024-07-19T06:29:51.560+0000] {logging_mixin.py:188} INFO - [2024-07-19T06:29:51.559+0000] {dagbag.py:545} INFO - Filling up the DagBag from /home/airflow/.local/lib/python3.12/site-packages/airflow/example_dags/tutorial.py
[2024-07-19T06:29:51.568+0000] {processor.py:840} INFO - DAG(s) 'tutorial' retrieved from /home/airflow/.local/lib/python3.12/site-packages/airflow/example_dags/tutorial.py
[2024-07-19T06:29:51.596+0000] {logging_mixin.py:188} INFO - [2024-07-19T06:29:51.596+0000] {dag.py:3089} INFO - Sync 1 DAGs
[2024-07-19T06:29:51.621+0000] {logging_mixin.py:188} INFO - [2024-07-19T06:29:51.621+0000] {dag.py:3947} INFO - Setting next_dagrun for tutorial to 2024-07-18 00:00:00+00:00, run_after=2024-07-19 00:00:00+00:00
[2024-07-19T06:29:51.643+0000] {processor.py:183} INFO - Processing /home/airflow/.local/lib/python3.12/site-packages/airflow/example_dags/tutorial.py took 0.094 seconds
[2024-07-19T06:30:21.851+0000] {processor.py:161} INFO - Started process (PID=8411) to work on /home/airflow/.local/lib/python3.12/site-packages/airflow/example_dags/tutorial.py
[2024-07-19T06:30:21.854+0000] {processor.py:830} INFO - Processing file /home/airflow/.local/lib/python3.12/site-packages/airflow/example_dags/tutorial.py for tasks to queue
[2024-07-19T06:30:21.855+0000] {logging_mixin.py:188} INFO - [2024-07-19T06:30:21.855+0000] {dagbag.py:545} INFO - Filling up the DagBag from /home/airflow/.local/lib/python3.12/site-packages/airflow/example_dags/tutorial.py
[2024-07-19T06:30:21.865+0000] {processor.py:840} INFO - DAG(s) 'tutorial' retrieved from /home/airflow/.local/lib/python3.12/site-packages/airflow/example_dags/tutorial.py
[2024-07-19T06:30:21.893+0000] {logging_mixin.py:188} INFO - [2024-07-19T06:30:21.893+0000] {dag.py:3089} INFO - Sync 1 DAGs
[2024-07-19T06:30:21.921+0000] {logging_mixin.py:188} INFO - [2024-07-19T06:30:21.921+0000] {dag.py:3947} INFO - Setting next_dagrun for tutorial to 2024-07-18 00:00:00+00:00, run_after=2024-07-19 00:00:00+00:00
[2024-07-19T06:30:21.944+0000] {processor.py:183} INFO - Processing /home/airflow/.local/lib/python3.12/site-packages/airflow/example_dags/tutorial.py took 0.102 seconds
[2024-07-19T06:30:53.243+0000] {processor.py:161} INFO - Started process (PID=8471) to work on /home/airflow/.local/lib/python3.12/site-packages/airflow/example_dags/tutorial.py
[2024-07-19T06:30:53.244+0000] {processor.py:830} INFO - Processing file /home/airflow/.local/lib/python3.12/site-packages/airflow/example_dags/tutorial.py for tasks to queue
[2024-07-19T06:30:53.246+0000] {logging_mixin.py:188} INFO - [2024-07-19T06:30:53.245+0000] {dagbag.py:545} INFO - Filling up the DagBag from /home/airflow/.local/lib/python3.12/site-packages/airflow/example_dags/tutorial.py
[2024-07-19T06:30:53.255+0000] {processor.py:840} INFO - DAG(s) 'tutorial' retrieved from /home/airflow/.local/lib/python3.12/site-packages/airflow/example_dags/tutorial.py
[2024-07-19T06:30:53.281+0000] {logging_mixin.py:188} INFO - [2024-07-19T06:30:53.281+0000] {dag.py:3089} INFO - Sync 1 DAGs
[2024-07-19T06:30:53.306+0000] {logging_mixin.py:188} INFO - [2024-07-19T06:30:53.306+0000] {dag.py:3947} INFO - Setting next_dagrun for tutorial to 2024-07-18 00:00:00+00:00, run_after=2024-07-19 00:00:00+00:00
[2024-07-19T06:30:53.328+0000] {processor.py:183} INFO - Processing /home/airflow/.local/lib/python3.12/site-packages/airflow/example_dags/tutorial.py took 0.094 seconds
[2024-07-19T06:31:24.408+0000] {processor.py:161} INFO - Started process (PID=8531) to work on /home/airflow/.local/lib/python3.12/site-packages/airflow/example_dags/tutorial.py
[2024-07-19T06:31:24.410+0000] {processor.py:830} INFO - Processing file /home/airflow/.local/lib/python3.12/site-packages/airflow/example_dags/tutorial.py for tasks to queue
[2024-07-19T06:31:24.411+0000] {logging_mixin.py:188} INFO - [2024-07-19T06:31:24.411+0000] {dagbag.py:545} INFO - Filling up the DagBag from /home/airflow/.local/lib/python3.12/site-packages/airflow/example_dags/tutorial.py
[2024-07-19T06:31:24.420+0000] {processor.py:840} INFO - DAG(s) 'tutorial' retrieved from /home/airflow/.local/lib/python3.12/site-packages/airflow/example_dags/tutorial.py
[2024-07-19T06:31:24.451+0000] {logging_mixin.py:188} INFO - [2024-07-19T06:31:24.451+0000] {dag.py:3089} INFO - Sync 1 DAGs
[2024-07-19T06:31:24.480+0000] {logging_mixin.py:188} INFO - [2024-07-19T06:31:24.479+0000] {dag.py:3947} INFO - Setting next_dagrun for tutorial to 2024-07-18 00:00:00+00:00, run_after=2024-07-19 00:00:00+00:00
[2024-07-19T06:31:24.505+0000] {processor.py:183} INFO - Processing /home/airflow/.local/lib/python3.12/site-packages/airflow/example_dags/tutorial.py took 0.105 seconds
[2024-07-19T06:31:54.535+0000] {processor.py:161} INFO - Started process (PID=8590) to work on /home/airflow/.local/lib/python3.12/site-packages/airflow/example_dags/tutorial.py
[2024-07-19T06:31:54.537+0000] {processor.py:830} INFO - Processing file /home/airflow/.local/lib/python3.12/site-packages/airflow/example_dags/tutorial.py for tasks to queue
[2024-07-19T06:31:54.538+0000] {logging_mixin.py:188} INFO - [2024-07-19T06:31:54.538+0000] {dagbag.py:545} INFO - Filling up the DagBag from /home/airflow/.local/lib/python3.12/site-packages/airflow/example_dags/tutorial.py
[2024-07-19T06:31:54.547+0000] {processor.py:840} INFO - DAG(s) 'tutorial' retrieved from /home/airflow/.local/lib/python3.12/site-packages/airflow/example_dags/tutorial.py
[2024-07-19T06:31:54.572+0000] {logging_mixin.py:188} INFO - [2024-07-19T06:31:54.572+0000] {dag.py:3089} INFO - Sync 1 DAGs
[2024-07-19T06:31:54.602+0000] {logging_mixin.py:188} INFO - [2024-07-19T06:31:54.602+0000] {dag.py:3947} INFO - Setting next_dagrun for tutorial to 2024-07-18 00:00:00+00:00, run_after=2024-07-19 00:00:00+00:00
[2024-07-19T06:31:54.631+0000] {processor.py:183} INFO - Processing /home/airflow/.local/lib/python3.12/site-packages/airflow/example_dags/tutorial.py took 0.106 seconds
[2024-07-19T06:32:25.275+0000] {processor.py:161} INFO - Started process (PID=8650) to work on /home/airflow/.local/lib/python3.12/site-packages/airflow/example_dags/tutorial.py
[2024-07-19T06:32:25.277+0000] {processor.py:830} INFO - Processing file /home/airflow/.local/lib/python3.12/site-packages/airflow/example_dags/tutorial.py for tasks to queue
[2024-07-19T06:32:25.278+0000] {logging_mixin.py:188} INFO - [2024-07-19T06:32:25.278+0000] {dagbag.py:545} INFO - Filling up the DagBag from /home/airflow/.local/lib/python3.12/site-packages/airflow/example_dags/tutorial.py
[2024-07-19T06:32:25.288+0000] {processor.py:840} INFO - DAG(s) 'tutorial' retrieved from /home/airflow/.local/lib/python3.12/site-packages/airflow/example_dags/tutorial.py
[2024-07-19T06:32:25.313+0000] {logging_mixin.py:188} INFO - [2024-07-19T06:32:25.313+0000] {dag.py:3089} INFO - Sync 1 DAGs
[2024-07-19T06:32:25.338+0000] {logging_mixin.py:188} INFO - [2024-07-19T06:32:25.337+0000] {dag.py:3947} INFO - Setting next_dagrun for tutorial to 2024-07-18 00:00:00+00:00, run_after=2024-07-19 00:00:00+00:00
[2024-07-19T06:32:25.365+0000] {processor.py:183} INFO - Processing /home/airflow/.local/lib/python3.12/site-packages/airflow/example_dags/tutorial.py took 0.099 seconds
[2024-07-19T06:32:56.250+0000] {processor.py:161} INFO - Started process (PID=8710) to work on /home/airflow/.local/lib/python3.12/site-packages/airflow/example_dags/tutorial.py
[2024-07-19T06:32:56.252+0000] {processor.py:830} INFO - Processing file /home/airflow/.local/lib/python3.12/site-packages/airflow/example_dags/tutorial.py for tasks to queue
[2024-07-19T06:32:56.253+0000] {logging_mixin.py:188} INFO - [2024-07-19T06:32:56.253+0000] {dagbag.py:545} INFO - Filling up the DagBag from /home/airflow/.local/lib/python3.12/site-packages/airflow/example_dags/tutorial.py
[2024-07-19T06:32:56.262+0000] {processor.py:840} INFO - DAG(s) 'tutorial' retrieved from /home/airflow/.local/lib/python3.12/site-packages/airflow/example_dags/tutorial.py
[2024-07-19T06:32:56.287+0000] {logging_mixin.py:188} INFO - [2024-07-19T06:32:56.287+0000] {dag.py:3089} INFO - Sync 1 DAGs
[2024-07-19T06:32:56.311+0000] {logging_mixin.py:188} INFO - [2024-07-19T06:32:56.311+0000] {dag.py:3947} INFO - Setting next_dagrun for tutorial to 2024-07-18 00:00:00+00:00, run_after=2024-07-19 00:00:00+00:00
[2024-07-19T06:32:56.333+0000] {processor.py:183} INFO - Processing /home/airflow/.local/lib/python3.12/site-packages/airflow/example_dags/tutorial.py took 0.091 seconds
[2024-07-19T06:33:26.497+0000] {processor.py:161} INFO - Started process (PID=8770) to work on /home/airflow/.local/lib/python3.12/site-packages/airflow/example_dags/tutorial.py
[2024-07-19T06:33:26.499+0000] {processor.py:830} INFO - Processing file /home/airflow/.local/lib/python3.12/site-packages/airflow/example_dags/tutorial.py for tasks to queue
[2024-07-19T06:33:26.500+0000] {logging_mixin.py:188} INFO - [2024-07-19T06:33:26.500+0000] {dagbag.py:545} INFO - Filling up the DagBag from /home/airflow/.local/lib/python3.12/site-packages/airflow/example_dags/tutorial.py
[2024-07-19T06:33:26.509+0000] {processor.py:840} INFO - DAG(s) 'tutorial' retrieved from /home/airflow/.local/lib/python3.12/site-packages/airflow/example_dags/tutorial.py
[2024-07-19T06:33:26.534+0000] {logging_mixin.py:188} INFO - [2024-07-19T06:33:26.533+0000] {dag.py:3089} INFO - Sync 1 DAGs
[2024-07-19T06:33:26.557+0000] {logging_mixin.py:188} INFO - [2024-07-19T06:33:26.556+0000] {dag.py:3947} INFO - Setting next_dagrun for tutorial to 2024-07-18 00:00:00+00:00, run_after=2024-07-19 00:00:00+00:00
[2024-07-19T06:33:26.577+0000] {processor.py:183} INFO - Processing /home/airflow/.local/lib/python3.12/site-packages/airflow/example_dags/tutorial.py took 0.088 seconds
[2024-07-19T06:33:57.129+0000] {processor.py:161} INFO - Started process (PID=8830) to work on /home/airflow/.local/lib/python3.12/site-packages/airflow/example_dags/tutorial.py
[2024-07-19T06:33:57.130+0000] {processor.py:830} INFO - Processing file /home/airflow/.local/lib/python3.12/site-packages/airflow/example_dags/tutorial.py for tasks to queue
[2024-07-19T06:33:57.132+0000] {logging_mixin.py:188} INFO - [2024-07-19T06:33:57.132+0000] {dagbag.py:545} INFO - Filling up the DagBag from /home/airflow/.local/lib/python3.12/site-packages/airflow/example_dags/tutorial.py
[2024-07-19T06:33:57.141+0000] {processor.py:840} INFO - DAG(s) 'tutorial' retrieved from /home/airflow/.local/lib/python3.12/site-packages/airflow/example_dags/tutorial.py
[2024-07-19T06:33:57.171+0000] {logging_mixin.py:188} INFO - [2024-07-19T06:33:57.171+0000] {dag.py:3089} INFO - Sync 1 DAGs
[2024-07-19T06:33:57.202+0000] {logging_mixin.py:188} INFO - [2024-07-19T06:33:57.202+0000] {dag.py:3947} INFO - Setting next_dagrun for tutorial to 2024-07-18 00:00:00+00:00, run_after=2024-07-19 00:00:00+00:00
[2024-07-19T06:33:57.226+0000] {processor.py:183} INFO - Processing /home/airflow/.local/lib/python3.12/site-packages/airflow/example_dags/tutorial.py took 0.106 seconds
[2024-07-19T06:34:27.297+0000] {processor.py:161} INFO - Started process (PID=8890) to work on /home/airflow/.local/lib/python3.12/site-packages/airflow/example_dags/tutorial.py
[2024-07-19T06:34:27.298+0000] {processor.py:830} INFO - Processing file /home/airflow/.local/lib/python3.12/site-packages/airflow/example_dags/tutorial.py for tasks to queue
[2024-07-19T06:34:27.300+0000] {logging_mixin.py:188} INFO - [2024-07-19T06:34:27.300+0000] {dagbag.py:545} INFO - Filling up the DagBag from /home/airflow/.local/lib/python3.12/site-packages/airflow/example_dags/tutorial.py
[2024-07-19T06:34:27.310+0000] {processor.py:840} INFO - DAG(s) 'tutorial' retrieved from /home/airflow/.local/lib/python3.12/site-packages/airflow/example_dags/tutorial.py
[2024-07-19T06:34:27.337+0000] {logging_mixin.py:188} INFO - [2024-07-19T06:34:27.337+0000] {dag.py:3089} INFO - Sync 1 DAGs
[2024-07-19T06:34:27.364+0000] {logging_mixin.py:188} INFO - [2024-07-19T06:34:27.364+0000] {dag.py:3947} INFO - Setting next_dagrun for tutorial to 2024-07-18 00:00:00+00:00, run_after=2024-07-19 00:00:00+00:00
[2024-07-19T06:34:27.388+0000] {processor.py:183} INFO - Processing /home/airflow/.local/lib/python3.12/site-packages/airflow/example_dags/tutorial.py took 0.100 seconds
[2024-07-19T06:34:57.593+0000] {processor.py:161} INFO - Started process (PID=8949) to work on /home/airflow/.local/lib/python3.12/site-packages/airflow/example_dags/tutorial.py
[2024-07-19T06:34:57.595+0000] {processor.py:830} INFO - Processing file /home/airflow/.local/lib/python3.12/site-packages/airflow/example_dags/tutorial.py for tasks to queue
[2024-07-19T06:34:57.596+0000] {logging_mixin.py:188} INFO - [2024-07-19T06:34:57.595+0000] {dagbag.py:545} INFO - Filling up the DagBag from /home/airflow/.local/lib/python3.12/site-packages/airflow/example_dags/tutorial.py
[2024-07-19T06:34:57.604+0000] {processor.py:840} INFO - DAG(s) 'tutorial' retrieved from /home/airflow/.local/lib/python3.12/site-packages/airflow/example_dags/tutorial.py
[2024-07-19T06:34:57.626+0000] {logging_mixin.py:188} INFO - [2024-07-19T06:34:57.626+0000] {dag.py:3089} INFO - Sync 1 DAGs
[2024-07-19T06:34:57.648+0000] {logging_mixin.py:188} INFO - [2024-07-19T06:34:57.647+0000] {dag.py:3947} INFO - Setting next_dagrun for tutorial to 2024-07-18 00:00:00+00:00, run_after=2024-07-19 00:00:00+00:00
[2024-07-19T06:34:57.667+0000] {processor.py:183} INFO - Processing /home/airflow/.local/lib/python3.12/site-packages/airflow/example_dags/tutorial.py took 0.081 seconds
[2024-07-19T06:35:28.302+0000] {processor.py:161} INFO - Started process (PID=9009) to work on /home/airflow/.local/lib/python3.12/site-packages/airflow/example_dags/tutorial.py
[2024-07-19T06:35:28.304+0000] {processor.py:830} INFO - Processing file /home/airflow/.local/lib/python3.12/site-packages/airflow/example_dags/tutorial.py for tasks to queue
[2024-07-19T06:35:28.305+0000] {logging_mixin.py:188} INFO - [2024-07-19T06:35:28.305+0000] {dagbag.py:545} INFO - Filling up the DagBag from /home/airflow/.local/lib/python3.12/site-packages/airflow/example_dags/tutorial.py
[2024-07-19T06:35:28.315+0000] {processor.py:840} INFO - DAG(s) 'tutorial' retrieved from /home/airflow/.local/lib/python3.12/site-packages/airflow/example_dags/tutorial.py
[2024-07-19T06:35:28.342+0000] {logging_mixin.py:188} INFO - [2024-07-19T06:35:28.342+0000] {dag.py:3089} INFO - Sync 1 DAGs
[2024-07-19T06:35:28.370+0000] {logging_mixin.py:188} INFO - [2024-07-19T06:35:28.370+0000] {dag.py:3947} INFO - Setting next_dagrun for tutorial to 2024-07-18 00:00:00+00:00, run_after=2024-07-19 00:00:00+00:00
[2024-07-19T06:35:28.395+0000] {processor.py:183} INFO - Processing /home/airflow/.local/lib/python3.12/site-packages/airflow/example_dags/tutorial.py took 0.104 seconds
[2024-07-19T06:35:58.545+0000] {processor.py:161} INFO - Started process (PID=9069) to work on /home/airflow/.local/lib/python3.12/site-packages/airflow/example_dags/tutorial.py
[2024-07-19T06:35:58.549+0000] {processor.py:830} INFO - Processing file /home/airflow/.local/lib/python3.12/site-packages/airflow/example_dags/tutorial.py for tasks to queue
[2024-07-19T06:35:58.552+0000] {logging_mixin.py:188} INFO - [2024-07-19T06:35:58.551+0000] {dagbag.py:545} INFO - Filling up the DagBag from /home/airflow/.local/lib/python3.12/site-packages/airflow/example_dags/tutorial.py
[2024-07-19T06:35:58.565+0000] {processor.py:840} INFO - DAG(s) 'tutorial' retrieved from /home/airflow/.local/lib/python3.12/site-packages/airflow/example_dags/tutorial.py
[2024-07-19T06:35:58.617+0000] {logging_mixin.py:188} INFO - [2024-07-19T06:35:58.617+0000] {dag.py:3089} INFO - Sync 1 DAGs
[2024-07-19T06:35:58.664+0000] {logging_mixin.py:188} INFO - [2024-07-19T06:35:58.663+0000] {dag.py:3947} INFO - Setting next_dagrun for tutorial to 2024-07-18 00:00:00+00:00, run_after=2024-07-19 00:00:00+00:00
[2024-07-19T06:35:58.710+0000] {processor.py:183} INFO - Processing /home/airflow/.local/lib/python3.12/site-packages/airflow/example_dags/tutorial.py took 0.184 seconds
[2024-07-19T06:36:28.862+0000] {processor.py:161} INFO - Started process (PID=9129) to work on /home/airflow/.local/lib/python3.12/site-packages/airflow/example_dags/tutorial.py
[2024-07-19T06:36:28.864+0000] {processor.py:830} INFO - Processing file /home/airflow/.local/lib/python3.12/site-packages/airflow/example_dags/tutorial.py for tasks to queue
[2024-07-19T06:36:28.865+0000] {logging_mixin.py:188} INFO - [2024-07-19T06:36:28.865+0000] {dagbag.py:545} INFO - Filling up the DagBag from /home/airflow/.local/lib/python3.12/site-packages/airflow/example_dags/tutorial.py
[2024-07-19T06:36:28.874+0000] {processor.py:840} INFO - DAG(s) 'tutorial' retrieved from /home/airflow/.local/lib/python3.12/site-packages/airflow/example_dags/tutorial.py
[2024-07-19T06:36:28.902+0000] {logging_mixin.py:188} INFO - [2024-07-19T06:36:28.901+0000] {dag.py:3089} INFO - Sync 1 DAGs
[2024-07-19T06:36:28.930+0000] {logging_mixin.py:188} INFO - [2024-07-19T06:36:28.930+0000] {dag.py:3947} INFO - Setting next_dagrun for tutorial to 2024-07-18 00:00:00+00:00, run_after=2024-07-19 00:00:00+00:00
[2024-07-19T06:36:28.955+0000] {processor.py:183} INFO - Processing /home/airflow/.local/lib/python3.12/site-packages/airflow/example_dags/tutorial.py took 0.101 seconds
[2024-07-19T06:36:59.273+0000] {processor.py:161} INFO - Started process (PID=9189) to work on /home/airflow/.local/lib/python3.12/site-packages/airflow/example_dags/tutorial.py
[2024-07-19T06:36:59.275+0000] {processor.py:830} INFO - Processing file /home/airflow/.local/lib/python3.12/site-packages/airflow/example_dags/tutorial.py for tasks to queue
[2024-07-19T06:36:59.276+0000] {logging_mixin.py:188} INFO - [2024-07-19T06:36:59.276+0000] {dagbag.py:545} INFO - Filling up the DagBag from /home/airflow/.local/lib/python3.12/site-packages/airflow/example_dags/tutorial.py
[2024-07-19T06:36:59.285+0000] {processor.py:840} INFO - DAG(s) 'tutorial' retrieved from /home/airflow/.local/lib/python3.12/site-packages/airflow/example_dags/tutorial.py
[2024-07-19T06:36:59.315+0000] {logging_mixin.py:188} INFO - [2024-07-19T06:36:59.315+0000] {dag.py:3089} INFO - Sync 1 DAGs
[2024-07-19T06:36:59.344+0000] {logging_mixin.py:188} INFO - [2024-07-19T06:36:59.343+0000] {dag.py:3947} INFO - Setting next_dagrun for tutorial to 2024-07-18 00:00:00+00:00, run_after=2024-07-19 00:00:00+00:00
[2024-07-19T06:36:59.367+0000] {processor.py:183} INFO - Processing /home/airflow/.local/lib/python3.12/site-packages/airflow/example_dags/tutorial.py took 0.103 seconds
[2024-07-19T06:37:29.937+0000] {processor.py:161} INFO - Started process (PID=9249) to work on /home/airflow/.local/lib/python3.12/site-packages/airflow/example_dags/tutorial.py
[2024-07-19T06:37:29.940+0000] {processor.py:830} INFO - Processing file /home/airflow/.local/lib/python3.12/site-packages/airflow/example_dags/tutorial.py for tasks to queue
[2024-07-19T06:37:29.942+0000] {logging_mixin.py:188} INFO - [2024-07-19T06:37:29.941+0000] {dagbag.py:545} INFO - Filling up the DagBag from /home/airflow/.local/lib/python3.12/site-packages/airflow/example_dags/tutorial.py
[2024-07-19T06:37:29.953+0000] {processor.py:840} INFO - DAG(s) 'tutorial' retrieved from /home/airflow/.local/lib/python3.12/site-packages/airflow/example_dags/tutorial.py
[2024-07-19T06:37:29.989+0000] {logging_mixin.py:188} INFO - [2024-07-19T06:37:29.989+0000] {dag.py:3089} INFO - Sync 1 DAGs
[2024-07-19T06:37:30.026+0000] {logging_mixin.py:188} INFO - [2024-07-19T06:37:30.026+0000] {dag.py:3947} INFO - Setting next_dagrun for tutorial to 2024-07-18 00:00:00+00:00, run_after=2024-07-19 00:00:00+00:00
[2024-07-19T06:37:30.058+0000] {processor.py:183} INFO - Processing /home/airflow/.local/lib/python3.12/site-packages/airflow/example_dags/tutorial.py took 0.133 seconds
[2024-07-19T06:38:02.435+0000] {processor.py:161} INFO - Started process (PID=9309) to work on /home/airflow/.local/lib/python3.12/site-packages/airflow/example_dags/tutorial.py
[2024-07-19T06:38:02.438+0000] {processor.py:830} INFO - Processing file /home/airflow/.local/lib/python3.12/site-packages/airflow/example_dags/tutorial.py for tasks to queue
[2024-07-19T06:38:02.442+0000] {logging_mixin.py:188} INFO - [2024-07-19T06:38:02.440+0000] {dagbag.py:545} INFO - Filling up the DagBag from /home/airflow/.local/lib/python3.12/site-packages/airflow/example_dags/tutorial.py
[2024-07-19T06:38:02.454+0000] {processor.py:840} INFO - DAG(s) 'tutorial' retrieved from /home/airflow/.local/lib/python3.12/site-packages/airflow/example_dags/tutorial.py
[2024-07-19T06:38:02.722+0000] {logging_mixin.py:188} INFO - [2024-07-19T06:38:02.721+0000] {dag.py:3089} INFO - Sync 1 DAGs
[2024-07-19T06:38:02.773+0000] {logging_mixin.py:188} INFO - [2024-07-19T06:38:02.773+0000] {dag.py:3947} INFO - Setting next_dagrun for tutorial to 2024-07-18 00:00:00+00:00, run_after=2024-07-19 00:00:00+00:00
[2024-07-19T06:38:02.827+0000] {processor.py:183} INFO - Processing /home/airflow/.local/lib/python3.12/site-packages/airflow/example_dags/tutorial.py took 0.403 seconds
[2024-07-19T06:38:33.198+0000] {processor.py:161} INFO - Started process (PID=9369) to work on /home/airflow/.local/lib/python3.12/site-packages/airflow/example_dags/tutorial.py
[2024-07-19T06:38:33.199+0000] {processor.py:830} INFO - Processing file /home/airflow/.local/lib/python3.12/site-packages/airflow/example_dags/tutorial.py for tasks to queue
[2024-07-19T06:38:33.200+0000] {logging_mixin.py:188} INFO - [2024-07-19T06:38:33.200+0000] {dagbag.py:545} INFO - Filling up the DagBag from /home/airflow/.local/lib/python3.12/site-packages/airflow/example_dags/tutorial.py
[2024-07-19T06:38:33.209+0000] {processor.py:840} INFO - DAG(s) 'tutorial' retrieved from /home/airflow/.local/lib/python3.12/site-packages/airflow/example_dags/tutorial.py
[2024-07-19T06:38:33.233+0000] {logging_mixin.py:188} INFO - [2024-07-19T06:38:33.232+0000] {dag.py:3089} INFO - Sync 1 DAGs
[2024-07-19T06:38:33.256+0000] {logging_mixin.py:188} INFO - [2024-07-19T06:38:33.256+0000] {dag.py:3947} INFO - Setting next_dagrun for tutorial to 2024-07-18 00:00:00+00:00, run_after=2024-07-19 00:00:00+00:00
[2024-07-19T06:38:33.278+0000] {processor.py:183} INFO - Processing /home/airflow/.local/lib/python3.12/site-packages/airflow/example_dags/tutorial.py took 0.089 seconds
[2024-07-19T06:39:03.818+0000] {processor.py:161} INFO - Started process (PID=9429) to work on /home/airflow/.local/lib/python3.12/site-packages/airflow/example_dags/tutorial.py
[2024-07-19T06:39:03.820+0000] {processor.py:830} INFO - Processing file /home/airflow/.local/lib/python3.12/site-packages/airflow/example_dags/tutorial.py for tasks to queue
[2024-07-19T06:39:03.822+0000] {logging_mixin.py:188} INFO - [2024-07-19T06:39:03.821+0000] {dagbag.py:545} INFO - Filling up the DagBag from /home/airflow/.local/lib/python3.12/site-packages/airflow/example_dags/tutorial.py
[2024-07-19T06:39:03.830+0000] {processor.py:840} INFO - DAG(s) 'tutorial' retrieved from /home/airflow/.local/lib/python3.12/site-packages/airflow/example_dags/tutorial.py
[2024-07-19T06:39:03.854+0000] {logging_mixin.py:188} INFO - [2024-07-19T06:39:03.853+0000] {dag.py:3089} INFO - Sync 1 DAGs
[2024-07-19T06:39:03.877+0000] {logging_mixin.py:188} INFO - [2024-07-19T06:39:03.877+0000] {dag.py:3947} INFO - Setting next_dagrun for tutorial to 2024-07-18 00:00:00+00:00, run_after=2024-07-19 00:00:00+00:00
[2024-07-19T06:39:03.897+0000] {processor.py:183} INFO - Processing /home/airflow/.local/lib/python3.12/site-packages/airflow/example_dags/tutorial.py took 0.087 seconds
