[2024-07-18T01:27:57.643+0000] {processor.py:161} INFO - Started process (PID=4432) to work on /home/airflow/.local/lib/python3.12/site-packages/airflow/example_dags/example_short_circuit_operator.py
[2024-07-18T01:27:57.645+0000] {processor.py:830} INFO - Processing file /home/airflow/.local/lib/python3.12/site-packages/airflow/example_dags/example_short_circuit_operator.py for tasks to queue
[2024-07-18T01:27:57.646+0000] {logging_mixin.py:188} INFO - [2024-07-18T01:27:57.646+0000] {dagbag.py:545} INFO - Filling up the DagBag from /home/airflow/.local/lib/python3.12/site-packages/airflow/example_dags/example_short_circuit_operator.py
[2024-07-18T01:27:57.661+0000] {processor.py:840} INFO - DAG(s) 'example_short_circuit_operator' retrieved from /home/airflow/.local/lib/python3.12/site-packages/airflow/example_dags/example_short_circuit_operator.py
[2024-07-18T01:27:57.767+0000] {logging_mixin.py:188} INFO - [2024-07-18T01:27:57.767+0000] {dag.py:3089} INFO - Sync 1 DAGs
[2024-07-18T01:27:57.827+0000] {logging_mixin.py:188} INFO - [2024-07-18T01:27:57.827+0000] {dag.py:3947} INFO - Setting next_dagrun for example_short_circuit_operator to 2024-07-17 00:00:00+00:00, run_after=2024-07-18 00:00:00+00:00
[2024-07-18T01:27:57.853+0000] {processor.py:183} INFO - Processing /home/airflow/.local/lib/python3.12/site-packages/airflow/example_dags/example_short_circuit_operator.py took 0.217 seconds
[2024-07-18T02:47:26.138+0000] {processor.py:161} INFO - Started process (PID=4492) to work on /home/airflow/.local/lib/python3.12/site-packages/airflow/example_dags/example_short_circuit_operator.py
[2024-07-18T02:47:26.139+0000] {processor.py:830} INFO - Processing file /home/airflow/.local/lib/python3.12/site-packages/airflow/example_dags/example_short_circuit_operator.py for tasks to queue
[2024-07-18T02:47:26.141+0000] {logging_mixin.py:188} INFO - [2024-07-18T02:47:26.140+0000] {dagbag.py:545} INFO - Filling up the DagBag from /home/airflow/.local/lib/python3.12/site-packages/airflow/example_dags/example_short_circuit_operator.py
[2024-07-18T02:47:26.149+0000] {processor.py:840} INFO - DAG(s) 'example_short_circuit_operator' retrieved from /home/airflow/.local/lib/python3.12/site-packages/airflow/example_dags/example_short_circuit_operator.py
[2024-07-18T02:47:26.181+0000] {logging_mixin.py:188} INFO - [2024-07-18T02:47:26.181+0000] {dag.py:3089} INFO - Sync 1 DAGs
[2024-07-18T02:47:26.219+0000] {logging_mixin.py:188} INFO - [2024-07-18T02:47:26.219+0000] {dag.py:3947} INFO - Setting next_dagrun for example_short_circuit_operator to 2024-07-17 00:00:00+00:00, run_after=2024-07-18 00:00:00+00:00
[2024-07-18T02:47:26.248+0000] {processor.py:183} INFO - Processing /home/airflow/.local/lib/python3.12/site-packages/airflow/example_dags/example_short_circuit_operator.py took 0.118 seconds
[2024-07-18T03:28:37.917+0000] {processor.py:161} INFO - Started process (PID=4552) to work on /home/airflow/.local/lib/python3.12/site-packages/airflow/example_dags/example_short_circuit_operator.py
[2024-07-18T03:28:37.919+0000] {processor.py:830} INFO - Processing file /home/airflow/.local/lib/python3.12/site-packages/airflow/example_dags/example_short_circuit_operator.py for tasks to queue
[2024-07-18T03:28:37.920+0000] {logging_mixin.py:188} INFO - [2024-07-18T03:28:37.920+0000] {dagbag.py:545} INFO - Filling up the DagBag from /home/airflow/.local/lib/python3.12/site-packages/airflow/example_dags/example_short_circuit_operator.py
[2024-07-18T03:28:37.926+0000] {processor.py:840} INFO - DAG(s) 'example_short_circuit_operator' retrieved from /home/airflow/.local/lib/python3.12/site-packages/airflow/example_dags/example_short_circuit_operator.py
[2024-07-18T03:28:37.952+0000] {logging_mixin.py:188} INFO - [2024-07-18T03:28:37.952+0000] {dag.py:3089} INFO - Sync 1 DAGs
[2024-07-18T03:28:37.977+0000] {logging_mixin.py:188} INFO - [2024-07-18T03:28:37.977+0000] {dag.py:3947} INFO - Setting next_dagrun for example_short_circuit_operator to 2024-07-17 00:00:00+00:00, run_after=2024-07-18 00:00:00+00:00
[2024-07-18T03:28:37.997+0000] {processor.py:183} INFO - Processing /home/airflow/.local/lib/python3.12/site-packages/airflow/example_dags/example_short_circuit_operator.py took 0.086 seconds
[2024-07-18T15:23:45.990+0000] {processor.py:161} INFO - Started process (PID=4612) to work on /home/airflow/.local/lib/python3.12/site-packages/airflow/example_dags/example_short_circuit_operator.py
[2024-07-18T15:23:45.992+0000] {processor.py:830} INFO - Processing file /home/airflow/.local/lib/python3.12/site-packages/airflow/example_dags/example_short_circuit_operator.py for tasks to queue
[2024-07-18T15:23:45.993+0000] {logging_mixin.py:188} INFO - [2024-07-18T15:23:45.993+0000] {dagbag.py:545} INFO - Filling up the DagBag from /home/airflow/.local/lib/python3.12/site-packages/airflow/example_dags/example_short_circuit_operator.py
[2024-07-18T15:23:45.999+0000] {processor.py:840} INFO - DAG(s) 'example_short_circuit_operator' retrieved from /home/airflow/.local/lib/python3.12/site-packages/airflow/example_dags/example_short_circuit_operator.py
[2024-07-18T15:23:46.024+0000] {logging_mixin.py:188} INFO - [2024-07-18T15:23:46.024+0000] {dag.py:3089} INFO - Sync 1 DAGs
[2024-07-18T15:23:46.047+0000] {logging_mixin.py:188} INFO - [2024-07-18T15:23:46.046+0000] {dag.py:3947} INFO - Setting next_dagrun for example_short_circuit_operator to 2024-07-17 00:00:00+00:00, run_after=2024-07-18 00:00:00+00:00
[2024-07-18T15:23:46.063+0000] {processor.py:183} INFO - Processing /home/airflow/.local/lib/python3.12/site-packages/airflow/example_dags/example_short_circuit_operator.py took 0.079 seconds
[2024-07-18T17:19:39.316+0000] {processor.py:161} INFO - Started process (PID=4672) to work on /home/airflow/.local/lib/python3.12/site-packages/airflow/example_dags/example_short_circuit_operator.py
[2024-07-18T17:19:39.318+0000] {processor.py:830} INFO - Processing file /home/airflow/.local/lib/python3.12/site-packages/airflow/example_dags/example_short_circuit_operator.py for tasks to queue
[2024-07-18T17:19:39.319+0000] {logging_mixin.py:188} INFO - [2024-07-18T17:19:39.319+0000] {dagbag.py:545} INFO - Filling up the DagBag from /home/airflow/.local/lib/python3.12/site-packages/airflow/example_dags/example_short_circuit_operator.py
[2024-07-18T17:19:39.327+0000] {processor.py:840} INFO - DAG(s) 'example_short_circuit_operator' retrieved from /home/airflow/.local/lib/python3.12/site-packages/airflow/example_dags/example_short_circuit_operator.py
[2024-07-18T17:19:39.397+0000] {logging_mixin.py:188} INFO - [2024-07-18T17:19:39.397+0000] {dag.py:3089} INFO - Sync 1 DAGs
[2024-07-18T17:19:39.423+0000] {logging_mixin.py:188} INFO - [2024-07-18T17:19:39.423+0000] {dag.py:3947} INFO - Setting next_dagrun for example_short_circuit_operator to 2024-07-17 00:00:00+00:00, run_after=2024-07-18 00:00:00+00:00
[2024-07-18T17:19:39.446+0000] {processor.py:183} INFO - Processing /home/airflow/.local/lib/python3.12/site-packages/airflow/example_dags/example_short_circuit_operator.py took 0.138 seconds
[2024-07-18T17:20:10.061+0000] {processor.py:161} INFO - Started process (PID=4732) to work on /home/airflow/.local/lib/python3.12/site-packages/airflow/example_dags/example_short_circuit_operator.py
[2024-07-18T17:20:10.063+0000] {processor.py:830} INFO - Processing file /home/airflow/.local/lib/python3.12/site-packages/airflow/example_dags/example_short_circuit_operator.py for tasks to queue
[2024-07-18T17:20:10.064+0000] {logging_mixin.py:188} INFO - [2024-07-18T17:20:10.064+0000] {dagbag.py:545} INFO - Filling up the DagBag from /home/airflow/.local/lib/python3.12/site-packages/airflow/example_dags/example_short_circuit_operator.py
[2024-07-18T17:20:10.073+0000] {processor.py:840} INFO - DAG(s) 'example_short_circuit_operator' retrieved from /home/airflow/.local/lib/python3.12/site-packages/airflow/example_dags/example_short_circuit_operator.py
[2024-07-18T17:20:10.110+0000] {logging_mixin.py:188} INFO - [2024-07-18T17:20:10.110+0000] {dag.py:3089} INFO - Sync 1 DAGs
[2024-07-18T17:20:10.186+0000] {logging_mixin.py:188} INFO - [2024-07-18T17:20:10.186+0000] {dag.py:3947} INFO - Setting next_dagrun for example_short_circuit_operator to 2024-07-17 00:00:00+00:00, run_after=2024-07-18 00:00:00+00:00
[2024-07-18T17:20:10.213+0000] {processor.py:183} INFO - Processing /home/airflow/.local/lib/python3.12/site-packages/airflow/example_dags/example_short_circuit_operator.py took 0.160 seconds
[2024-07-18T17:20:40.654+0000] {processor.py:161} INFO - Started process (PID=4791) to work on /home/airflow/.local/lib/python3.12/site-packages/airflow/example_dags/example_short_circuit_operator.py
[2024-07-18T17:20:40.656+0000] {processor.py:830} INFO - Processing file /home/airflow/.local/lib/python3.12/site-packages/airflow/example_dags/example_short_circuit_operator.py for tasks to queue
[2024-07-18T17:20:40.658+0000] {logging_mixin.py:188} INFO - [2024-07-18T17:20:40.657+0000] {dagbag.py:545} INFO - Filling up the DagBag from /home/airflow/.local/lib/python3.12/site-packages/airflow/example_dags/example_short_circuit_operator.py
[2024-07-18T17:20:40.669+0000] {processor.py:840} INFO - DAG(s) 'example_short_circuit_operator' retrieved from /home/airflow/.local/lib/python3.12/site-packages/airflow/example_dags/example_short_circuit_operator.py
[2024-07-18T17:20:40.784+0000] {logging_mixin.py:188} INFO - [2024-07-18T17:20:40.783+0000] {dag.py:3089} INFO - Sync 1 DAGs
[2024-07-18T17:20:40.808+0000] {logging_mixin.py:188} INFO - [2024-07-18T17:20:40.808+0000] {dag.py:3947} INFO - Setting next_dagrun for example_short_circuit_operator to 2024-07-17 00:00:00+00:00, run_after=2024-07-18 00:00:00+00:00
[2024-07-18T17:20:40.829+0000] {processor.py:183} INFO - Processing /home/airflow/.local/lib/python3.12/site-packages/airflow/example_dags/example_short_circuit_operator.py took 0.187 seconds
[2024-07-18T17:21:11.034+0000] {processor.py:161} INFO - Started process (PID=4851) to work on /home/airflow/.local/lib/python3.12/site-packages/airflow/example_dags/example_short_circuit_operator.py
[2024-07-18T17:21:11.035+0000] {processor.py:830} INFO - Processing file /home/airflow/.local/lib/python3.12/site-packages/airflow/example_dags/example_short_circuit_operator.py for tasks to queue
[2024-07-18T17:21:11.036+0000] {logging_mixin.py:188} INFO - [2024-07-18T17:21:11.036+0000] {dagbag.py:545} INFO - Filling up the DagBag from /home/airflow/.local/lib/python3.12/site-packages/airflow/example_dags/example_short_circuit_operator.py
[2024-07-18T17:21:11.043+0000] {processor.py:840} INFO - DAG(s) 'example_short_circuit_operator' retrieved from /home/airflow/.local/lib/python3.12/site-packages/airflow/example_dags/example_short_circuit_operator.py
[2024-07-18T17:21:11.072+0000] {logging_mixin.py:188} INFO - [2024-07-18T17:21:11.072+0000] {dag.py:3089} INFO - Sync 1 DAGs
[2024-07-18T17:21:11.094+0000] {logging_mixin.py:188} INFO - [2024-07-18T17:21:11.094+0000] {dag.py:3947} INFO - Setting next_dagrun for example_short_circuit_operator to 2024-07-17 00:00:00+00:00, run_after=2024-07-18 00:00:00+00:00
[2024-07-18T17:21:11.113+0000] {processor.py:183} INFO - Processing /home/airflow/.local/lib/python3.12/site-packages/airflow/example_dags/example_short_circuit_operator.py took 0.087 seconds
[2024-07-18T17:21:41.304+0000] {processor.py:161} INFO - Started process (PID=4911) to work on /home/airflow/.local/lib/python3.12/site-packages/airflow/example_dags/example_short_circuit_operator.py
[2024-07-18T17:21:41.305+0000] {processor.py:830} INFO - Processing file /home/airflow/.local/lib/python3.12/site-packages/airflow/example_dags/example_short_circuit_operator.py for tasks to queue
[2024-07-18T17:21:41.306+0000] {logging_mixin.py:188} INFO - [2024-07-18T17:21:41.306+0000] {dagbag.py:545} INFO - Filling up the DagBag from /home/airflow/.local/lib/python3.12/site-packages/airflow/example_dags/example_short_circuit_operator.py
[2024-07-18T17:21:41.313+0000] {processor.py:840} INFO - DAG(s) 'example_short_circuit_operator' retrieved from /home/airflow/.local/lib/python3.12/site-packages/airflow/example_dags/example_short_circuit_operator.py
[2024-07-18T17:21:41.342+0000] {logging_mixin.py:188} INFO - [2024-07-18T17:21:41.341+0000] {dag.py:3089} INFO - Sync 1 DAGs
[2024-07-18T17:21:41.365+0000] {logging_mixin.py:188} INFO - [2024-07-18T17:21:41.365+0000] {dag.py:3947} INFO - Setting next_dagrun for example_short_circuit_operator to 2024-07-17 00:00:00+00:00, run_after=2024-07-18 00:00:00+00:00
[2024-07-18T17:21:41.385+0000] {processor.py:183} INFO - Processing /home/airflow/.local/lib/python3.12/site-packages/airflow/example_dags/example_short_circuit_operator.py took 0.088 seconds
[2024-07-18T17:22:12.354+0000] {processor.py:161} INFO - Started process (PID=4971) to work on /home/airflow/.local/lib/python3.12/site-packages/airflow/example_dags/example_short_circuit_operator.py
[2024-07-18T17:22:12.356+0000] {processor.py:830} INFO - Processing file /home/airflow/.local/lib/python3.12/site-packages/airflow/example_dags/example_short_circuit_operator.py for tasks to queue
[2024-07-18T17:22:12.357+0000] {logging_mixin.py:188} INFO - [2024-07-18T17:22:12.357+0000] {dagbag.py:545} INFO - Filling up the DagBag from /home/airflow/.local/lib/python3.12/site-packages/airflow/example_dags/example_short_circuit_operator.py
[2024-07-18T17:22:12.364+0000] {processor.py:840} INFO - DAG(s) 'example_short_circuit_operator' retrieved from /home/airflow/.local/lib/python3.12/site-packages/airflow/example_dags/example_short_circuit_operator.py
[2024-07-18T17:22:12.393+0000] {logging_mixin.py:188} INFO - [2024-07-18T17:22:12.393+0000] {dag.py:3089} INFO - Sync 1 DAGs
[2024-07-18T17:22:12.517+0000] {logging_mixin.py:188} INFO - [2024-07-18T17:22:12.517+0000] {dag.py:3947} INFO - Setting next_dagrun for example_short_circuit_operator to 2024-07-17 00:00:00+00:00, run_after=2024-07-18 00:00:00+00:00
[2024-07-18T17:22:12.633+0000] {processor.py:183} INFO - Processing /home/airflow/.local/lib/python3.12/site-packages/airflow/example_dags/example_short_circuit_operator.py took 0.285 seconds
[2024-07-18T17:22:43.576+0000] {processor.py:161} INFO - Started process (PID=5030) to work on /home/airflow/.local/lib/python3.12/site-packages/airflow/example_dags/example_short_circuit_operator.py
[2024-07-18T17:22:43.577+0000] {processor.py:830} INFO - Processing file /home/airflow/.local/lib/python3.12/site-packages/airflow/example_dags/example_short_circuit_operator.py for tasks to queue
[2024-07-18T17:22:43.578+0000] {logging_mixin.py:188} INFO - [2024-07-18T17:22:43.578+0000] {dagbag.py:545} INFO - Filling up the DagBag from /home/airflow/.local/lib/python3.12/site-packages/airflow/example_dags/example_short_circuit_operator.py
[2024-07-18T17:22:43.585+0000] {processor.py:840} INFO - DAG(s) 'example_short_circuit_operator' retrieved from /home/airflow/.local/lib/python3.12/site-packages/airflow/example_dags/example_short_circuit_operator.py
[2024-07-18T17:22:43.610+0000] {logging_mixin.py:188} INFO - [2024-07-18T17:22:43.610+0000] {dag.py:3089} INFO - Sync 1 DAGs
[2024-07-18T17:22:43.629+0000] {logging_mixin.py:188} INFO - [2024-07-18T17:22:43.629+0000] {dag.py:3947} INFO - Setting next_dagrun for example_short_circuit_operator to 2024-07-17 00:00:00+00:00, run_after=2024-07-18 00:00:00+00:00
[2024-07-18T17:22:43.647+0000] {processor.py:183} INFO - Processing /home/airflow/.local/lib/python3.12/site-packages/airflow/example_dags/example_short_circuit_operator.py took 0.078 seconds
[2024-07-18T17:23:14.540+0000] {processor.py:161} INFO - Started process (PID=5090) to work on /home/airflow/.local/lib/python3.12/site-packages/airflow/example_dags/example_short_circuit_operator.py
[2024-07-18T17:23:14.541+0000] {processor.py:830} INFO - Processing file /home/airflow/.local/lib/python3.12/site-packages/airflow/example_dags/example_short_circuit_operator.py for tasks to queue
[2024-07-18T17:23:14.542+0000] {logging_mixin.py:188} INFO - [2024-07-18T17:23:14.542+0000] {dagbag.py:545} INFO - Filling up the DagBag from /home/airflow/.local/lib/python3.12/site-packages/airflow/example_dags/example_short_circuit_operator.py
[2024-07-18T17:23:14.550+0000] {processor.py:840} INFO - DAG(s) 'example_short_circuit_operator' retrieved from /home/airflow/.local/lib/python3.12/site-packages/airflow/example_dags/example_short_circuit_operator.py
[2024-07-18T17:23:14.580+0000] {logging_mixin.py:188} INFO - [2024-07-18T17:23:14.579+0000] {dag.py:3089} INFO - Sync 1 DAGs
[2024-07-18T17:23:14.669+0000] {logging_mixin.py:188} INFO - [2024-07-18T17:23:14.669+0000] {dag.py:3947} INFO - Setting next_dagrun for example_short_circuit_operator to 2024-07-17 00:00:00+00:00, run_after=2024-07-18 00:00:00+00:00
[2024-07-18T17:23:14.699+0000] {processor.py:183} INFO - Processing /home/airflow/.local/lib/python3.12/site-packages/airflow/example_dags/example_short_circuit_operator.py took 0.167 seconds
[2024-07-18T17:23:45.048+0000] {processor.py:161} INFO - Started process (PID=5150) to work on /home/airflow/.local/lib/python3.12/site-packages/airflow/example_dags/example_short_circuit_operator.py
[2024-07-18T17:23:45.052+0000] {processor.py:830} INFO - Processing file /home/airflow/.local/lib/python3.12/site-packages/airflow/example_dags/example_short_circuit_operator.py for tasks to queue
[2024-07-18T17:23:45.053+0000] {logging_mixin.py:188} INFO - [2024-07-18T17:23:45.053+0000] {dagbag.py:545} INFO - Filling up the DagBag from /home/airflow/.local/lib/python3.12/site-packages/airflow/example_dags/example_short_circuit_operator.py
[2024-07-18T17:23:45.061+0000] {processor.py:840} INFO - DAG(s) 'example_short_circuit_operator' retrieved from /home/airflow/.local/lib/python3.12/site-packages/airflow/example_dags/example_short_circuit_operator.py
[2024-07-18T17:23:45.089+0000] {logging_mixin.py:188} INFO - [2024-07-18T17:23:45.088+0000] {dag.py:3089} INFO - Sync 1 DAGs
[2024-07-18T17:23:45.111+0000] {logging_mixin.py:188} INFO - [2024-07-18T17:23:45.110+0000] {dag.py:3947} INFO - Setting next_dagrun for example_short_circuit_operator to 2024-07-17 00:00:00+00:00, run_after=2024-07-18 00:00:00+00:00
[2024-07-18T17:23:45.129+0000] {processor.py:183} INFO - Processing /home/airflow/.local/lib/python3.12/site-packages/airflow/example_dags/example_short_circuit_operator.py took 0.088 seconds
[2024-07-18T17:33:23.892+0000] {processor.py:161} INFO - Started process (PID=5211) to work on /home/airflow/.local/lib/python3.12/site-packages/airflow/example_dags/example_short_circuit_operator.py
[2024-07-18T17:33:23.893+0000] {processor.py:830} INFO - Processing file /home/airflow/.local/lib/python3.12/site-packages/airflow/example_dags/example_short_circuit_operator.py for tasks to queue
[2024-07-18T17:33:23.894+0000] {logging_mixin.py:188} INFO - [2024-07-18T17:33:23.894+0000] {dagbag.py:545} INFO - Filling up the DagBag from /home/airflow/.local/lib/python3.12/site-packages/airflow/example_dags/example_short_circuit_operator.py
[2024-07-18T17:33:23.901+0000] {processor.py:840} INFO - DAG(s) 'example_short_circuit_operator' retrieved from /home/airflow/.local/lib/python3.12/site-packages/airflow/example_dags/example_short_circuit_operator.py
[2024-07-18T17:33:23.970+0000] {logging_mixin.py:188} INFO - [2024-07-18T17:33:23.970+0000] {dag.py:3089} INFO - Sync 1 DAGs
[2024-07-18T17:33:24.007+0000] {logging_mixin.py:188} INFO - [2024-07-18T17:33:24.007+0000] {dag.py:3947} INFO - Setting next_dagrun for example_short_circuit_operator to 2024-07-17 00:00:00+00:00, run_after=2024-07-18 00:00:00+00:00
[2024-07-18T17:33:24.040+0000] {processor.py:183} INFO - Processing /home/airflow/.local/lib/python3.12/site-packages/airflow/example_dags/example_short_circuit_operator.py took 0.155 seconds
[2024-07-18T17:34:00.597+0000] {processor.py:161} INFO - Started process (PID=5271) to work on /home/airflow/.local/lib/python3.12/site-packages/airflow/example_dags/example_short_circuit_operator.py
[2024-07-18T17:34:00.637+0000] {processor.py:830} INFO - Processing file /home/airflow/.local/lib/python3.12/site-packages/airflow/example_dags/example_short_circuit_operator.py for tasks to queue
[2024-07-18T17:34:00.638+0000] {logging_mixin.py:188} INFO - [2024-07-18T17:34:00.638+0000] {dagbag.py:545} INFO - Filling up the DagBag from /home/airflow/.local/lib/python3.12/site-packages/airflow/example_dags/example_short_circuit_operator.py
[2024-07-18T17:34:00.646+0000] {processor.py:840} INFO - DAG(s) 'example_short_circuit_operator' retrieved from /home/airflow/.local/lib/python3.12/site-packages/airflow/example_dags/example_short_circuit_operator.py
[2024-07-18T17:34:00.674+0000] {logging_mixin.py:188} INFO - [2024-07-18T17:34:00.674+0000] {dag.py:3089} INFO - Sync 1 DAGs
[2024-07-18T17:34:00.696+0000] {logging_mixin.py:188} INFO - [2024-07-18T17:34:00.696+0000] {dag.py:3947} INFO - Setting next_dagrun for example_short_circuit_operator to 2024-07-17 00:00:00+00:00, run_after=2024-07-18 00:00:00+00:00
[2024-07-18T17:34:00.717+0000] {processor.py:183} INFO - Processing /home/airflow/.local/lib/python3.12/site-packages/airflow/example_dags/example_short_circuit_operator.py took 0.130 seconds
[2024-07-18T17:34:46.337+0000] {processor.py:161} INFO - Started process (PID=5330) to work on /home/airflow/.local/lib/python3.12/site-packages/airflow/example_dags/example_short_circuit_operator.py
[2024-07-18T17:34:46.339+0000] {processor.py:830} INFO - Processing file /home/airflow/.local/lib/python3.12/site-packages/airflow/example_dags/example_short_circuit_operator.py for tasks to queue
[2024-07-18T17:34:46.341+0000] {logging_mixin.py:188} INFO - [2024-07-18T17:34:46.340+0000] {dagbag.py:545} INFO - Filling up the DagBag from /home/airflow/.local/lib/python3.12/site-packages/airflow/example_dags/example_short_circuit_operator.py
[2024-07-18T17:34:46.350+0000] {processor.py:840} INFO - DAG(s) 'example_short_circuit_operator' retrieved from /home/airflow/.local/lib/python3.12/site-packages/airflow/example_dags/example_short_circuit_operator.py
[2024-07-18T17:34:46.382+0000] {logging_mixin.py:188} INFO - [2024-07-18T17:34:46.381+0000] {dag.py:3089} INFO - Sync 1 DAGs
[2024-07-18T17:34:46.416+0000] {logging_mixin.py:188} INFO - [2024-07-18T17:34:46.416+0000] {dag.py:3947} INFO - Setting next_dagrun for example_short_circuit_operator to 2024-07-17 00:00:00+00:00, run_after=2024-07-18 00:00:00+00:00
[2024-07-18T17:34:46.448+0000] {processor.py:183} INFO - Processing /home/airflow/.local/lib/python3.12/site-packages/airflow/example_dags/example_short_circuit_operator.py took 0.120 seconds
[2024-07-18T17:35:22.039+0000] {processor.py:161} INFO - Started process (PID=5396) to work on /home/airflow/.local/lib/python3.12/site-packages/airflow/example_dags/example_short_circuit_operator.py
[2024-07-18T17:35:22.040+0000] {processor.py:830} INFO - Processing file /home/airflow/.local/lib/python3.12/site-packages/airflow/example_dags/example_short_circuit_operator.py for tasks to queue
[2024-07-18T17:35:22.042+0000] {logging_mixin.py:188} INFO - [2024-07-18T17:35:22.041+0000] {dagbag.py:545} INFO - Filling up the DagBag from /home/airflow/.local/lib/python3.12/site-packages/airflow/example_dags/example_short_circuit_operator.py
[2024-07-18T17:35:22.049+0000] {processor.py:840} INFO - DAG(s) 'example_short_circuit_operator' retrieved from /home/airflow/.local/lib/python3.12/site-packages/airflow/example_dags/example_short_circuit_operator.py
[2024-07-18T17:35:22.079+0000] {logging_mixin.py:188} INFO - [2024-07-18T17:35:22.079+0000] {dag.py:3089} INFO - Sync 1 DAGs
[2024-07-18T17:35:22.101+0000] {logging_mixin.py:188} INFO - [2024-07-18T17:35:22.101+0000] {dag.py:3947} INFO - Setting next_dagrun for example_short_circuit_operator to 2024-07-17 00:00:00+00:00, run_after=2024-07-18 00:00:00+00:00
[2024-07-18T17:35:22.121+0000] {processor.py:183} INFO - Processing /home/airflow/.local/lib/python3.12/site-packages/airflow/example_dags/example_short_circuit_operator.py took 0.089 seconds
[2024-07-18T17:41:27.708+0000] {processor.py:161} INFO - Started process (PID=5456) to work on /home/airflow/.local/lib/python3.12/site-packages/airflow/example_dags/example_short_circuit_operator.py
[2024-07-18T17:41:27.709+0000] {processor.py:830} INFO - Processing file /home/airflow/.local/lib/python3.12/site-packages/airflow/example_dags/example_short_circuit_operator.py for tasks to queue
[2024-07-18T17:41:27.710+0000] {logging_mixin.py:188} INFO - [2024-07-18T17:41:27.710+0000] {dagbag.py:545} INFO - Filling up the DagBag from /home/airflow/.local/lib/python3.12/site-packages/airflow/example_dags/example_short_circuit_operator.py
[2024-07-18T17:41:27.718+0000] {processor.py:840} INFO - DAG(s) 'example_short_circuit_operator' retrieved from /home/airflow/.local/lib/python3.12/site-packages/airflow/example_dags/example_short_circuit_operator.py
[2024-07-18T17:41:27.748+0000] {logging_mixin.py:188} INFO - [2024-07-18T17:41:27.748+0000] {dag.py:3089} INFO - Sync 1 DAGs
[2024-07-18T17:41:27.771+0000] {logging_mixin.py:188} INFO - [2024-07-18T17:41:27.771+0000] {dag.py:3947} INFO - Setting next_dagrun for example_short_circuit_operator to 2024-07-17 00:00:00+00:00, run_after=2024-07-18 00:00:00+00:00
[2024-07-18T17:41:27.792+0000] {processor.py:183} INFO - Processing /home/airflow/.local/lib/python3.12/site-packages/airflow/example_dags/example_short_circuit_operator.py took 0.091 seconds
[2024-07-18T17:44:41.957+0000] {processor.py:161} INFO - Started process (PID=5521) to work on /home/airflow/.local/lib/python3.12/site-packages/airflow/example_dags/example_short_circuit_operator.py
[2024-07-18T17:44:41.958+0000] {processor.py:830} INFO - Processing file /home/airflow/.local/lib/python3.12/site-packages/airflow/example_dags/example_short_circuit_operator.py for tasks to queue
[2024-07-18T17:44:41.960+0000] {logging_mixin.py:188} INFO - [2024-07-18T17:44:41.959+0000] {dagbag.py:545} INFO - Filling up the DagBag from /home/airflow/.local/lib/python3.12/site-packages/airflow/example_dags/example_short_circuit_operator.py
[2024-07-18T17:44:41.969+0000] {processor.py:840} INFO - DAG(s) 'example_short_circuit_operator' retrieved from /home/airflow/.local/lib/python3.12/site-packages/airflow/example_dags/example_short_circuit_operator.py
[2024-07-18T17:44:42.001+0000] {logging_mixin.py:188} INFO - [2024-07-18T17:44:42.001+0000] {dag.py:3089} INFO - Sync 1 DAGs
[2024-07-18T17:44:42.053+0000] {logging_mixin.py:188} INFO - [2024-07-18T17:44:42.053+0000] {dag.py:3947} INFO - Setting next_dagrun for example_short_circuit_operator to 2024-07-17 00:00:00+00:00, run_after=2024-07-18 00:00:00+00:00
[2024-07-18T17:44:42.085+0000] {processor.py:183} INFO - Processing /home/airflow/.local/lib/python3.12/site-packages/airflow/example_dags/example_short_circuit_operator.py took 0.136 seconds
[2024-07-18T17:47:01.766+0000] {processor.py:161} INFO - Started process (PID=5581) to work on /home/airflow/.local/lib/python3.12/site-packages/airflow/example_dags/example_short_circuit_operator.py
[2024-07-18T17:47:01.767+0000] {processor.py:830} INFO - Processing file /home/airflow/.local/lib/python3.12/site-packages/airflow/example_dags/example_short_circuit_operator.py for tasks to queue
[2024-07-18T17:47:01.768+0000] {logging_mixin.py:188} INFO - [2024-07-18T17:47:01.768+0000] {dagbag.py:545} INFO - Filling up the DagBag from /home/airflow/.local/lib/python3.12/site-packages/airflow/example_dags/example_short_circuit_operator.py
[2024-07-18T17:47:01.776+0000] {processor.py:840} INFO - DAG(s) 'example_short_circuit_operator' retrieved from /home/airflow/.local/lib/python3.12/site-packages/airflow/example_dags/example_short_circuit_operator.py
[2024-07-18T17:47:01.807+0000] {logging_mixin.py:188} INFO - [2024-07-18T17:47:01.807+0000] {dag.py:3089} INFO - Sync 1 DAGs
[2024-07-18T17:47:01.830+0000] {logging_mixin.py:188} INFO - [2024-07-18T17:47:01.829+0000] {dag.py:3947} INFO - Setting next_dagrun for example_short_circuit_operator to 2024-07-17 00:00:00+00:00, run_after=2024-07-18 00:00:00+00:00
[2024-07-18T17:47:01.852+0000] {processor.py:183} INFO - Processing /home/airflow/.local/lib/python3.12/site-packages/airflow/example_dags/example_short_circuit_operator.py took 0.094 seconds
[2024-07-18T17:53:31.187+0000] {processor.py:161} INFO - Started process (PID=5641) to work on /home/airflow/.local/lib/python3.12/site-packages/airflow/example_dags/example_short_circuit_operator.py
[2024-07-18T17:53:31.188+0000] {processor.py:830} INFO - Processing file /home/airflow/.local/lib/python3.12/site-packages/airflow/example_dags/example_short_circuit_operator.py for tasks to queue
[2024-07-18T17:53:31.189+0000] {logging_mixin.py:188} INFO - [2024-07-18T17:53:31.189+0000] {dagbag.py:545} INFO - Filling up the DagBag from /home/airflow/.local/lib/python3.12/site-packages/airflow/example_dags/example_short_circuit_operator.py
[2024-07-18T17:53:31.197+0000] {processor.py:840} INFO - DAG(s) 'example_short_circuit_operator' retrieved from /home/airflow/.local/lib/python3.12/site-packages/airflow/example_dags/example_short_circuit_operator.py
[2024-07-18T17:53:31.227+0000] {logging_mixin.py:188} INFO - [2024-07-18T17:53:31.226+0000] {dag.py:3089} INFO - Sync 1 DAGs
[2024-07-18T17:53:31.248+0000] {logging_mixin.py:188} INFO - [2024-07-18T17:53:31.248+0000] {dag.py:3947} INFO - Setting next_dagrun for example_short_circuit_operator to 2024-07-17 00:00:00+00:00, run_after=2024-07-18 00:00:00+00:00
[2024-07-18T17:53:31.270+0000] {processor.py:183} INFO - Processing /home/airflow/.local/lib/python3.12/site-packages/airflow/example_dags/example_short_circuit_operator.py took 0.090 seconds
[2024-07-18T18:42:29.672+0000] {processor.py:161} INFO - Started process (PID=5701) to work on /home/airflow/.local/lib/python3.12/site-packages/airflow/example_dags/example_short_circuit_operator.py
[2024-07-18T18:42:29.673+0000] {processor.py:830} INFO - Processing file /home/airflow/.local/lib/python3.12/site-packages/airflow/example_dags/example_short_circuit_operator.py for tasks to queue
[2024-07-18T18:42:29.674+0000] {logging_mixin.py:188} INFO - [2024-07-18T18:42:29.674+0000] {dagbag.py:545} INFO - Filling up the DagBag from /home/airflow/.local/lib/python3.12/site-packages/airflow/example_dags/example_short_circuit_operator.py
[2024-07-18T18:42:29.682+0000] {processor.py:840} INFO - DAG(s) 'example_short_circuit_operator' retrieved from /home/airflow/.local/lib/python3.12/site-packages/airflow/example_dags/example_short_circuit_operator.py
[2024-07-18T18:42:29.712+0000] {logging_mixin.py:188} INFO - [2024-07-18T18:42:29.712+0000] {dag.py:3089} INFO - Sync 1 DAGs
[2024-07-18T18:42:29.737+0000] {logging_mixin.py:188} INFO - [2024-07-18T18:42:29.736+0000] {dag.py:3947} INFO - Setting next_dagrun for example_short_circuit_operator to 2024-07-17 00:00:00+00:00, run_after=2024-07-18 00:00:00+00:00
[2024-07-18T18:42:29.757+0000] {processor.py:183} INFO - Processing /home/airflow/.local/lib/python3.12/site-packages/airflow/example_dags/example_short_circuit_operator.py took 0.093 seconds
[2024-07-18T21:44:06.278+0000] {processor.py:161} INFO - Started process (PID=5769) to work on /home/airflow/.local/lib/python3.12/site-packages/airflow/example_dags/example_short_circuit_operator.py
[2024-07-18T21:44:06.298+0000] {processor.py:830} INFO - Processing file /home/airflow/.local/lib/python3.12/site-packages/airflow/example_dags/example_short_circuit_operator.py for tasks to queue
[2024-07-18T21:44:06.300+0000] {logging_mixin.py:188} INFO - [2024-07-18T21:44:06.299+0000] {dagbag.py:545} INFO - Filling up the DagBag from /home/airflow/.local/lib/python3.12/site-packages/airflow/example_dags/example_short_circuit_operator.py
[2024-07-18T21:44:06.318+0000] {processor.py:840} INFO - DAG(s) 'example_short_circuit_operator' retrieved from /home/airflow/.local/lib/python3.12/site-packages/airflow/example_dags/example_short_circuit_operator.py
[2024-07-18T21:44:06.369+0000] {logging_mixin.py:188} INFO - [2024-07-18T21:44:06.368+0000] {dag.py:3089} INFO - Sync 1 DAGs
[2024-07-18T21:44:06.394+0000] {logging_mixin.py:188} INFO - [2024-07-18T21:44:06.394+0000] {dag.py:3947} INFO - Setting next_dagrun for example_short_circuit_operator to 2024-07-17 00:00:00+00:00, run_after=2024-07-18 00:00:00+00:00
[2024-07-18T21:44:06.423+0000] {processor.py:183} INFO - Processing /home/airflow/.local/lib/python3.12/site-packages/airflow/example_dags/example_short_circuit_operator.py took 0.165 seconds
[2024-07-18T22:38:01.526+0000] {processor.py:161} INFO - Started process (PID=5992) to work on /home/airflow/.local/lib/python3.12/site-packages/airflow/example_dags/example_short_circuit_operator.py
[2024-07-18T22:38:01.527+0000] {processor.py:830} INFO - Processing file /home/airflow/.local/lib/python3.12/site-packages/airflow/example_dags/example_short_circuit_operator.py for tasks to queue
[2024-07-18T22:38:01.529+0000] {logging_mixin.py:188} INFO - [2024-07-18T22:38:01.528+0000] {dagbag.py:545} INFO - Filling up the DagBag from /home/airflow/.local/lib/python3.12/site-packages/airflow/example_dags/example_short_circuit_operator.py
[2024-07-18T22:38:01.537+0000] {processor.py:840} INFO - DAG(s) 'example_short_circuit_operator' retrieved from /home/airflow/.local/lib/python3.12/site-packages/airflow/example_dags/example_short_circuit_operator.py
[2024-07-18T22:38:01.567+0000] {logging_mixin.py:188} INFO - [2024-07-18T22:38:01.567+0000] {dag.py:3089} INFO - Sync 1 DAGs
[2024-07-18T22:38:01.590+0000] {logging_mixin.py:188} INFO - [2024-07-18T22:38:01.590+0000] {dag.py:3947} INFO - Setting next_dagrun for example_short_circuit_operator to 2024-07-17 00:00:00+00:00, run_after=2024-07-18 00:00:00+00:00
[2024-07-18T22:38:01.610+0000] {processor.py:183} INFO - Processing /home/airflow/.local/lib/python3.12/site-packages/airflow/example_dags/example_short_circuit_operator.py took 0.092 seconds
