[2024-07-18T01:27:55.703+0000] {processor.py:161} INFO - Started process (PID=4413) to work on /home/airflow/.local/lib/python3.12/site-packages/airflow/example_dags/example_branch_operator_decorator.py
[2024-07-18T01:27:55.737+0000] {processor.py:830} INFO - Processing file /home/airflow/.local/lib/python3.12/site-packages/airflow/example_dags/example_branch_operator_decorator.py for tasks to queue
[2024-07-18T01:27:55.739+0000] {logging_mixin.py:188} INFO - [2024-07-18T01:27:55.739+0000] {dagbag.py:545} INFO - Filling up the DagBag from /home/airflow/.local/lib/python3.12/site-packages/airflow/example_dags/example_branch_operator_decorator.py
[2024-07-18T01:27:55.764+0000] {processor.py:840} INFO - DAG(s) 'example_branch_python_operator_decorator' retrieved from /home/airflow/.local/lib/python3.12/site-packages/airflow/example_dags/example_branch_operator_decorator.py
[2024-07-18T01:27:55.800+0000] {logging_mixin.py:188} INFO - [2024-07-18T01:27:55.800+0000] {dag.py:3089} INFO - Sync 1 DAGs
[2024-07-18T01:27:55.826+0000] {logging_mixin.py:188} INFO - [2024-07-18T01:27:55.825+0000] {dag.py:3947} INFO - Setting next_dagrun for example_branch_python_operator_decorator to 2024-07-17 00:00:00+00:00, run_after=2024-07-18 00:00:00+00:00
[2024-07-18T01:27:55.844+0000] {processor.py:183} INFO - Processing /home/airflow/.local/lib/python3.12/site-packages/airflow/example_dags/example_branch_operator_decorator.py took 0.148 seconds
[2024-07-18T02:47:24.459+0000] {processor.py:161} INFO - Started process (PID=4473) to work on /home/airflow/.local/lib/python3.12/site-packages/airflow/example_dags/example_branch_operator_decorator.py
[2024-07-18T02:47:24.461+0000] {processor.py:830} INFO - Processing file /home/airflow/.local/lib/python3.12/site-packages/airflow/example_dags/example_branch_operator_decorator.py for tasks to queue
[2024-07-18T02:47:24.463+0000] {logging_mixin.py:188} INFO - [2024-07-18T02:47:24.462+0000] {dagbag.py:545} INFO - Filling up the DagBag from /home/airflow/.local/lib/python3.12/site-packages/airflow/example_dags/example_branch_operator_decorator.py
[2024-07-18T02:47:24.492+0000] {processor.py:840} INFO - DAG(s) 'example_branch_python_operator_decorator' retrieved from /home/airflow/.local/lib/python3.12/site-packages/airflow/example_dags/example_branch_operator_decorator.py
[2024-07-18T02:47:24.534+0000] {logging_mixin.py:188} INFO - [2024-07-18T02:47:24.534+0000] {dag.py:3089} INFO - Sync 1 DAGs
[2024-07-18T02:47:24.572+0000] {logging_mixin.py:188} INFO - [2024-07-18T02:47:24.571+0000] {dag.py:3947} INFO - Setting next_dagrun for example_branch_python_operator_decorator to 2024-07-17 00:00:00+00:00, run_after=2024-07-18 00:00:00+00:00
[2024-07-18T02:47:24.603+0000] {processor.py:183} INFO - Processing /home/airflow/.local/lib/python3.12/site-packages/airflow/example_dags/example_branch_operator_decorator.py took 0.151 seconds
[2024-07-18T03:28:36.308+0000] {processor.py:161} INFO - Started process (PID=4527) to work on /home/airflow/.local/lib/python3.12/site-packages/airflow/example_dags/example_branch_operator_decorator.py
[2024-07-18T03:28:36.310+0000] {processor.py:830} INFO - Processing file /home/airflow/.local/lib/python3.12/site-packages/airflow/example_dags/example_branch_operator_decorator.py for tasks to queue
[2024-07-18T03:28:36.311+0000] {logging_mixin.py:188} INFO - [2024-07-18T03:28:36.310+0000] {dagbag.py:545} INFO - Filling up the DagBag from /home/airflow/.local/lib/python3.12/site-packages/airflow/example_dags/example_branch_operator_decorator.py
[2024-07-18T03:28:36.338+0000] {processor.py:840} INFO - DAG(s) 'example_branch_python_operator_decorator' retrieved from /home/airflow/.local/lib/python3.12/site-packages/airflow/example_dags/example_branch_operator_decorator.py
[2024-07-18T03:28:36.379+0000] {logging_mixin.py:188} INFO - [2024-07-18T03:28:36.379+0000] {dag.py:3089} INFO - Sync 1 DAGs
[2024-07-18T03:28:36.412+0000] {logging_mixin.py:188} INFO - [2024-07-18T03:28:36.412+0000] {dag.py:3947} INFO - Setting next_dagrun for example_branch_python_operator_decorator to 2024-07-17 00:00:00+00:00, run_after=2024-07-18 00:00:00+00:00
[2024-07-18T03:28:36.446+0000] {processor.py:183} INFO - Processing /home/airflow/.local/lib/python3.12/site-packages/airflow/example_dags/example_branch_operator_decorator.py took 0.145 seconds
[2024-07-18T15:23:44.350+0000] {processor.py:161} INFO - Started process (PID=4587) to work on /home/airflow/.local/lib/python3.12/site-packages/airflow/example_dags/example_branch_operator_decorator.py
[2024-07-18T15:23:44.351+0000] {processor.py:830} INFO - Processing file /home/airflow/.local/lib/python3.12/site-packages/airflow/example_dags/example_branch_operator_decorator.py for tasks to queue
[2024-07-18T15:23:44.352+0000] {logging_mixin.py:188} INFO - [2024-07-18T15:23:44.352+0000] {dagbag.py:545} INFO - Filling up the DagBag from /home/airflow/.local/lib/python3.12/site-packages/airflow/example_dags/example_branch_operator_decorator.py
[2024-07-18T15:23:44.384+0000] {processor.py:840} INFO - DAG(s) 'example_branch_python_operator_decorator' retrieved from /home/airflow/.local/lib/python3.12/site-packages/airflow/example_dags/example_branch_operator_decorator.py
[2024-07-18T15:23:44.427+0000] {logging_mixin.py:188} INFO - [2024-07-18T15:23:44.427+0000] {dag.py:3089} INFO - Sync 1 DAGs
[2024-07-18T15:23:44.461+0000] {logging_mixin.py:188} INFO - [2024-07-18T15:23:44.461+0000] {dag.py:3947} INFO - Setting next_dagrun for example_branch_python_operator_decorator to 2024-07-17 00:00:00+00:00, run_after=2024-07-18 00:00:00+00:00
[2024-07-18T15:23:44.503+0000] {processor.py:183} INFO - Processing /home/airflow/.local/lib/python3.12/site-packages/airflow/example_dags/example_branch_operator_decorator.py took 0.161 seconds
[2024-07-18T17:19:37.549+0000] {processor.py:161} INFO - Started process (PID=4653) to work on /home/airflow/.local/lib/python3.12/site-packages/airflow/example_dags/example_branch_operator_decorator.py
[2024-07-18T17:19:37.550+0000] {processor.py:830} INFO - Processing file /home/airflow/.local/lib/python3.12/site-packages/airflow/example_dags/example_branch_operator_decorator.py for tasks to queue
[2024-07-18T17:19:37.552+0000] {logging_mixin.py:188} INFO - [2024-07-18T17:19:37.551+0000] {dagbag.py:545} INFO - Filling up the DagBag from /home/airflow/.local/lib/python3.12/site-packages/airflow/example_dags/example_branch_operator_decorator.py
[2024-07-18T17:19:37.579+0000] {processor.py:840} INFO - DAG(s) 'example_branch_python_operator_decorator' retrieved from /home/airflow/.local/lib/python3.12/site-packages/airflow/example_dags/example_branch_operator_decorator.py
[2024-07-18T17:19:37.631+0000] {logging_mixin.py:188} INFO - [2024-07-18T17:19:37.631+0000] {dag.py:3089} INFO - Sync 1 DAGs
[2024-07-18T17:19:37.657+0000] {logging_mixin.py:188} INFO - [2024-07-18T17:19:37.657+0000] {dag.py:3947} INFO - Setting next_dagrun for example_branch_python_operator_decorator to 2024-07-17 00:00:00+00:00, run_after=2024-07-18 00:00:00+00:00
[2024-07-18T17:19:37.676+0000] {processor.py:183} INFO - Processing /home/airflow/.local/lib/python3.12/site-packages/airflow/example_dags/example_branch_operator_decorator.py took 0.134 seconds
[2024-07-18T17:20:08.110+0000] {processor.py:161} INFO - Started process (PID=4713) to work on /home/airflow/.local/lib/python3.12/site-packages/airflow/example_dags/example_branch_operator_decorator.py
[2024-07-18T17:20:08.112+0000] {processor.py:830} INFO - Processing file /home/airflow/.local/lib/python3.12/site-packages/airflow/example_dags/example_branch_operator_decorator.py for tasks to queue
[2024-07-18T17:20:08.114+0000] {logging_mixin.py:188} INFO - [2024-07-18T17:20:08.113+0000] {dagbag.py:545} INFO - Filling up the DagBag from /home/airflow/.local/lib/python3.12/site-packages/airflow/example_dags/example_branch_operator_decorator.py
[2024-07-18T17:20:08.142+0000] {processor.py:840} INFO - DAG(s) 'example_branch_python_operator_decorator' retrieved from /home/airflow/.local/lib/python3.12/site-packages/airflow/example_dags/example_branch_operator_decorator.py
[2024-07-18T17:20:08.181+0000] {logging_mixin.py:188} INFO - [2024-07-18T17:20:08.181+0000] {dag.py:3089} INFO - Sync 1 DAGs
[2024-07-18T17:20:08.208+0000] {logging_mixin.py:188} INFO - [2024-07-18T17:20:08.208+0000] {dag.py:3947} INFO - Setting next_dagrun for example_branch_python_operator_decorator to 2024-07-17 00:00:00+00:00, run_after=2024-07-18 00:00:00+00:00
[2024-07-18T17:20:08.233+0000] {processor.py:183} INFO - Processing /home/airflow/.local/lib/python3.12/site-packages/airflow/example_dags/example_branch_operator_decorator.py took 0.135 seconds
[2024-07-18T17:20:39.008+0000] {processor.py:161} INFO - Started process (PID=4771) to work on /home/airflow/.local/lib/python3.12/site-packages/airflow/example_dags/example_branch_operator_decorator.py
[2024-07-18T17:20:39.009+0000] {processor.py:830} INFO - Processing file /home/airflow/.local/lib/python3.12/site-packages/airflow/example_dags/example_branch_operator_decorator.py for tasks to queue
[2024-07-18T17:20:39.010+0000] {logging_mixin.py:188} INFO - [2024-07-18T17:20:39.009+0000] {dagbag.py:545} INFO - Filling up the DagBag from /home/airflow/.local/lib/python3.12/site-packages/airflow/example_dags/example_branch_operator_decorator.py
[2024-07-18T17:20:39.030+0000] {processor.py:840} INFO - DAG(s) 'example_branch_python_operator_decorator' retrieved from /home/airflow/.local/lib/python3.12/site-packages/airflow/example_dags/example_branch_operator_decorator.py
[2024-07-18T17:20:39.060+0000] {logging_mixin.py:188} INFO - [2024-07-18T17:20:39.060+0000] {dag.py:3089} INFO - Sync 1 DAGs
[2024-07-18T17:20:39.081+0000] {logging_mixin.py:188} INFO - [2024-07-18T17:20:39.080+0000] {dag.py:3947} INFO - Setting next_dagrun for example_branch_python_operator_decorator to 2024-07-17 00:00:00+00:00, run_after=2024-07-18 00:00:00+00:00
[2024-07-18T17:20:39.107+0000] {processor.py:183} INFO - Processing /home/airflow/.local/lib/python3.12/site-packages/airflow/example_dags/example_branch_operator_decorator.py took 0.104 seconds
[2024-07-18T17:21:09.346+0000] {processor.py:161} INFO - Started process (PID=4830) to work on /home/airflow/.local/lib/python3.12/site-packages/airflow/example_dags/example_branch_operator_decorator.py
[2024-07-18T17:21:09.347+0000] {processor.py:830} INFO - Processing file /home/airflow/.local/lib/python3.12/site-packages/airflow/example_dags/example_branch_operator_decorator.py for tasks to queue
[2024-07-18T17:21:09.348+0000] {logging_mixin.py:188} INFO - [2024-07-18T17:21:09.348+0000] {dagbag.py:545} INFO - Filling up the DagBag from /home/airflow/.local/lib/python3.12/site-packages/airflow/example_dags/example_branch_operator_decorator.py
[2024-07-18T17:21:09.371+0000] {processor.py:840} INFO - DAG(s) 'example_branch_python_operator_decorator' retrieved from /home/airflow/.local/lib/python3.12/site-packages/airflow/example_dags/example_branch_operator_decorator.py
[2024-07-18T17:21:09.403+0000] {logging_mixin.py:188} INFO - [2024-07-18T17:21:09.402+0000] {dag.py:3089} INFO - Sync 1 DAGs
[2024-07-18T17:21:09.426+0000] {logging_mixin.py:188} INFO - [2024-07-18T17:21:09.425+0000] {dag.py:3947} INFO - Setting next_dagrun for example_branch_python_operator_decorator to 2024-07-17 00:00:00+00:00, run_after=2024-07-18 00:00:00+00:00
[2024-07-18T17:21:09.446+0000] {processor.py:183} INFO - Processing /home/airflow/.local/lib/python3.12/site-packages/airflow/example_dags/example_branch_operator_decorator.py took 0.107 seconds
[2024-07-18T17:21:39.740+0000] {processor.py:161} INFO - Started process (PID=4890) to work on /home/airflow/.local/lib/python3.12/site-packages/airflow/example_dags/example_branch_operator_decorator.py
[2024-07-18T17:21:39.741+0000] {processor.py:830} INFO - Processing file /home/airflow/.local/lib/python3.12/site-packages/airflow/example_dags/example_branch_operator_decorator.py for tasks to queue
[2024-07-18T17:21:39.742+0000] {logging_mixin.py:188} INFO - [2024-07-18T17:21:39.742+0000] {dagbag.py:545} INFO - Filling up the DagBag from /home/airflow/.local/lib/python3.12/site-packages/airflow/example_dags/example_branch_operator_decorator.py
[2024-07-18T17:21:39.766+0000] {processor.py:840} INFO - DAG(s) 'example_branch_python_operator_decorator' retrieved from /home/airflow/.local/lib/python3.12/site-packages/airflow/example_dags/example_branch_operator_decorator.py
[2024-07-18T17:21:39.797+0000] {logging_mixin.py:188} INFO - [2024-07-18T17:21:39.797+0000] {dag.py:3089} INFO - Sync 1 DAGs
[2024-07-18T17:21:39.816+0000] {logging_mixin.py:188} INFO - [2024-07-18T17:21:39.815+0000] {dag.py:3947} INFO - Setting next_dagrun for example_branch_python_operator_decorator to 2024-07-17 00:00:00+00:00, run_after=2024-07-18 00:00:00+00:00
[2024-07-18T17:21:39.834+0000] {processor.py:183} INFO - Processing /home/airflow/.local/lib/python3.12/site-packages/airflow/example_dags/example_branch_operator_decorator.py took 0.101 seconds
[2024-07-18T17:22:09.901+0000] {processor.py:161} INFO - Started process (PID=4950) to work on /home/airflow/.local/lib/python3.12/site-packages/airflow/example_dags/example_branch_operator_decorator.py
[2024-07-18T17:22:09.902+0000] {processor.py:830} INFO - Processing file /home/airflow/.local/lib/python3.12/site-packages/airflow/example_dags/example_branch_operator_decorator.py for tasks to queue
[2024-07-18T17:22:09.903+0000] {logging_mixin.py:188} INFO - [2024-07-18T17:22:09.903+0000] {dagbag.py:545} INFO - Filling up the DagBag from /home/airflow/.local/lib/python3.12/site-packages/airflow/example_dags/example_branch_operator_decorator.py
[2024-07-18T17:22:09.923+0000] {processor.py:840} INFO - DAG(s) 'example_branch_python_operator_decorator' retrieved from /home/airflow/.local/lib/python3.12/site-packages/airflow/example_dags/example_branch_operator_decorator.py
[2024-07-18T17:22:09.955+0000] {logging_mixin.py:188} INFO - [2024-07-18T17:22:09.954+0000] {dag.py:3089} INFO - Sync 1 DAGs
[2024-07-18T17:22:09.975+0000] {logging_mixin.py:188} INFO - [2024-07-18T17:22:09.975+0000] {dag.py:3947} INFO - Setting next_dagrun for example_branch_python_operator_decorator to 2024-07-17 00:00:00+00:00, run_after=2024-07-18 00:00:00+00:00
[2024-07-18T17:22:09.991+0000] {processor.py:183} INFO - Processing /home/airflow/.local/lib/python3.12/site-packages/airflow/example_dags/example_branch_operator_decorator.py took 0.097 seconds
[2024-07-18T17:22:40.678+0000] {processor.py:161} INFO - Started process (PID=5009) to work on /home/airflow/.local/lib/python3.12/site-packages/airflow/example_dags/example_branch_operator_decorator.py
[2024-07-18T17:22:40.679+0000] {processor.py:830} INFO - Processing file /home/airflow/.local/lib/python3.12/site-packages/airflow/example_dags/example_branch_operator_decorator.py for tasks to queue
[2024-07-18T17:22:40.680+0000] {logging_mixin.py:188} INFO - [2024-07-18T17:22:40.679+0000] {dagbag.py:545} INFO - Filling up the DagBag from /home/airflow/.local/lib/python3.12/site-packages/airflow/example_dags/example_branch_operator_decorator.py
[2024-07-18T17:22:40.704+0000] {processor.py:840} INFO - DAG(s) 'example_branch_python_operator_decorator' retrieved from /home/airflow/.local/lib/python3.12/site-packages/airflow/example_dags/example_branch_operator_decorator.py
[2024-07-18T17:22:40.738+0000] {logging_mixin.py:188} INFO - [2024-07-18T17:22:40.737+0000] {dag.py:3089} INFO - Sync 1 DAGs
[2024-07-18T17:22:40.760+0000] {logging_mixin.py:188} INFO - [2024-07-18T17:22:40.760+0000] {dag.py:3947} INFO - Setting next_dagrun for example_branch_python_operator_decorator to 2024-07-17 00:00:00+00:00, run_after=2024-07-18 00:00:00+00:00
[2024-07-18T17:22:40.779+0000] {processor.py:183} INFO - Processing /home/airflow/.local/lib/python3.12/site-packages/airflow/example_dags/example_branch_operator_decorator.py took 0.108 seconds
[2024-07-18T17:23:11.201+0000] {processor.py:161} INFO - Started process (PID=5069) to work on /home/airflow/.local/lib/python3.12/site-packages/airflow/example_dags/example_branch_operator_decorator.py
[2024-07-18T17:23:11.202+0000] {processor.py:830} INFO - Processing file /home/airflow/.local/lib/python3.12/site-packages/airflow/example_dags/example_branch_operator_decorator.py for tasks to queue
[2024-07-18T17:23:11.204+0000] {logging_mixin.py:188} INFO - [2024-07-18T17:23:11.203+0000] {dagbag.py:545} INFO - Filling up the DagBag from /home/airflow/.local/lib/python3.12/site-packages/airflow/example_dags/example_branch_operator_decorator.py
[2024-07-18T17:23:11.226+0000] {processor.py:840} INFO - DAG(s) 'example_branch_python_operator_decorator' retrieved from /home/airflow/.local/lib/python3.12/site-packages/airflow/example_dags/example_branch_operator_decorator.py
[2024-07-18T17:23:11.254+0000] {logging_mixin.py:188} INFO - [2024-07-18T17:23:11.254+0000] {dag.py:3089} INFO - Sync 1 DAGs
[2024-07-18T17:23:11.272+0000] {logging_mixin.py:188} INFO - [2024-07-18T17:23:11.272+0000] {dag.py:3947} INFO - Setting next_dagrun for example_branch_python_operator_decorator to 2024-07-17 00:00:00+00:00, run_after=2024-07-18 00:00:00+00:00
[2024-07-18T17:23:11.292+0000] {processor.py:183} INFO - Processing /home/airflow/.local/lib/python3.12/site-packages/airflow/example_dags/example_branch_operator_decorator.py took 0.097 seconds
[2024-07-18T17:23:41.403+0000] {processor.py:161} INFO - Started process (PID=5129) to work on /home/airflow/.local/lib/python3.12/site-packages/airflow/example_dags/example_branch_operator_decorator.py
[2024-07-18T17:23:41.404+0000] {processor.py:830} INFO - Processing file /home/airflow/.local/lib/python3.12/site-packages/airflow/example_dags/example_branch_operator_decorator.py for tasks to queue
[2024-07-18T17:23:41.405+0000] {logging_mixin.py:188} INFO - [2024-07-18T17:23:41.405+0000] {dagbag.py:545} INFO - Filling up the DagBag from /home/airflow/.local/lib/python3.12/site-packages/airflow/example_dags/example_branch_operator_decorator.py
[2024-07-18T17:23:41.427+0000] {processor.py:840} INFO - DAG(s) 'example_branch_python_operator_decorator' retrieved from /home/airflow/.local/lib/python3.12/site-packages/airflow/example_dags/example_branch_operator_decorator.py
[2024-07-18T17:23:41.456+0000] {logging_mixin.py:188} INFO - [2024-07-18T17:23:41.456+0000] {dag.py:3089} INFO - Sync 1 DAGs
[2024-07-18T17:23:41.474+0000] {logging_mixin.py:188} INFO - [2024-07-18T17:23:41.474+0000] {dag.py:3947} INFO - Setting next_dagrun for example_branch_python_operator_decorator to 2024-07-17 00:00:00+00:00, run_after=2024-07-18 00:00:00+00:00
[2024-07-18T17:23:41.489+0000] {processor.py:183} INFO - Processing /home/airflow/.local/lib/python3.12/site-packages/airflow/example_dags/example_branch_operator_decorator.py took 0.093 seconds
[2024-07-18T17:33:22.177+0000] {processor.py:161} INFO - Started process (PID=5192) to work on /home/airflow/.local/lib/python3.12/site-packages/airflow/example_dags/example_branch_operator_decorator.py
[2024-07-18T17:33:22.178+0000] {processor.py:830} INFO - Processing file /home/airflow/.local/lib/python3.12/site-packages/airflow/example_dags/example_branch_operator_decorator.py for tasks to queue
[2024-07-18T17:33:22.180+0000] {logging_mixin.py:188} INFO - [2024-07-18T17:33:22.179+0000] {dagbag.py:545} INFO - Filling up the DagBag from /home/airflow/.local/lib/python3.12/site-packages/airflow/example_dags/example_branch_operator_decorator.py
[2024-07-18T17:33:22.214+0000] {processor.py:840} INFO - DAG(s) 'example_branch_python_operator_decorator' retrieved from /home/airflow/.local/lib/python3.12/site-packages/airflow/example_dags/example_branch_operator_decorator.py
[2024-07-18T17:33:22.283+0000] {logging_mixin.py:188} INFO - [2024-07-18T17:33:22.283+0000] {dag.py:3089} INFO - Sync 1 DAGs
[2024-07-18T17:33:22.316+0000] {logging_mixin.py:188} INFO - [2024-07-18T17:33:22.315+0000] {dag.py:3947} INFO - Setting next_dagrun for example_branch_python_operator_decorator to 2024-07-17 00:00:00+00:00, run_after=2024-07-18 00:00:00+00:00
[2024-07-18T17:33:22.346+0000] {processor.py:183} INFO - Processing /home/airflow/.local/lib/python3.12/site-packages/airflow/example_dags/example_branch_operator_decorator.py took 0.179 seconds
[2024-07-18T17:33:58.863+0000] {processor.py:161} INFO - Started process (PID=5252) to work on /home/airflow/.local/lib/python3.12/site-packages/airflow/example_dags/example_branch_operator_decorator.py
[2024-07-18T17:33:58.864+0000] {processor.py:830} INFO - Processing file /home/airflow/.local/lib/python3.12/site-packages/airflow/example_dags/example_branch_operator_decorator.py for tasks to queue
[2024-07-18T17:33:58.866+0000] {logging_mixin.py:188} INFO - [2024-07-18T17:33:58.865+0000] {dagbag.py:545} INFO - Filling up the DagBag from /home/airflow/.local/lib/python3.12/site-packages/airflow/example_dags/example_branch_operator_decorator.py
[2024-07-18T17:33:58.892+0000] {processor.py:840} INFO - DAG(s) 'example_branch_python_operator_decorator' retrieved from /home/airflow/.local/lib/python3.12/site-packages/airflow/example_dags/example_branch_operator_decorator.py
[2024-07-18T17:33:58.928+0000] {logging_mixin.py:188} INFO - [2024-07-18T17:33:58.928+0000] {dag.py:3089} INFO - Sync 1 DAGs
[2024-07-18T17:33:58.954+0000] {logging_mixin.py:188} INFO - [2024-07-18T17:33:58.954+0000] {dag.py:3947} INFO - Setting next_dagrun for example_branch_python_operator_decorator to 2024-07-17 00:00:00+00:00, run_after=2024-07-18 00:00:00+00:00
[2024-07-18T17:33:58.975+0000] {processor.py:183} INFO - Processing /home/airflow/.local/lib/python3.12/site-packages/airflow/example_dags/example_branch_operator_decorator.py took 0.120 seconds
[2024-07-18T17:34:44.551+0000] {processor.py:161} INFO - Started process (PID=5311) to work on /home/airflow/.local/lib/python3.12/site-packages/airflow/example_dags/example_branch_operator_decorator.py
[2024-07-18T17:34:44.553+0000] {processor.py:830} INFO - Processing file /home/airflow/.local/lib/python3.12/site-packages/airflow/example_dags/example_branch_operator_decorator.py for tasks to queue
[2024-07-18T17:34:44.554+0000] {logging_mixin.py:188} INFO - [2024-07-18T17:34:44.553+0000] {dagbag.py:545} INFO - Filling up the DagBag from /home/airflow/.local/lib/python3.12/site-packages/airflow/example_dags/example_branch_operator_decorator.py
[2024-07-18T17:34:44.580+0000] {processor.py:840} INFO - DAG(s) 'example_branch_python_operator_decorator' retrieved from /home/airflow/.local/lib/python3.12/site-packages/airflow/example_dags/example_branch_operator_decorator.py
[2024-07-18T17:34:44.615+0000] {logging_mixin.py:188} INFO - [2024-07-18T17:34:44.615+0000] {dag.py:3089} INFO - Sync 1 DAGs
[2024-07-18T17:34:44.639+0000] {logging_mixin.py:188} INFO - [2024-07-18T17:34:44.639+0000] {dag.py:3947} INFO - Setting next_dagrun for example_branch_python_operator_decorator to 2024-07-17 00:00:00+00:00, run_after=2024-07-18 00:00:00+00:00
[2024-07-18T17:34:44.663+0000] {processor.py:183} INFO - Processing /home/airflow/.local/lib/python3.12/site-packages/airflow/example_dags/example_branch_operator_decorator.py took 0.119 seconds
[2024-07-18T17:35:17.556+0000] {processor.py:161} INFO - Started process (PID=5371) to work on /home/airflow/.local/lib/python3.12/site-packages/airflow/example_dags/example_branch_operator_decorator.py
[2024-07-18T17:35:17.563+0000] {processor.py:830} INFO - Processing file /home/airflow/.local/lib/python3.12/site-packages/airflow/example_dags/example_branch_operator_decorator.py for tasks to queue
[2024-07-18T17:35:17.570+0000] {logging_mixin.py:188} INFO - [2024-07-18T17:35:17.568+0000] {dagbag.py:545} INFO - Filling up the DagBag from /home/airflow/.local/lib/python3.12/site-packages/airflow/example_dags/example_branch_operator_decorator.py
[2024-07-18T17:35:19.975+0000] {logging_mixin.py:188} INFO - [2024-07-18T17:35:19.974+0000] {timeout.py:68} ERROR - Process timed out, PID: 5371
[2024-07-18T17:41:25.929+0000] {processor.py:161} INFO - Started process (PID=5437) to work on /home/airflow/.local/lib/python3.12/site-packages/airflow/example_dags/example_branch_operator_decorator.py
[2024-07-18T17:41:25.934+0000] {processor.py:830} INFO - Processing file /home/airflow/.local/lib/python3.12/site-packages/airflow/example_dags/example_branch_operator_decorator.py for tasks to queue
[2024-07-18T17:41:25.936+0000] {logging_mixin.py:188} INFO - [2024-07-18T17:41:25.935+0000] {dagbag.py:545} INFO - Filling up the DagBag from /home/airflow/.local/lib/python3.12/site-packages/airflow/example_dags/example_branch_operator_decorator.py
[2024-07-18T17:41:25.966+0000] {processor.py:840} INFO - DAG(s) 'example_branch_python_operator_decorator' retrieved from /home/airflow/.local/lib/python3.12/site-packages/airflow/example_dags/example_branch_operator_decorator.py
[2024-07-18T17:41:26.002+0000] {logging_mixin.py:188} INFO - [2024-07-18T17:41:26.002+0000] {dag.py:3089} INFO - Sync 1 DAGs
[2024-07-18T17:41:26.027+0000] {logging_mixin.py:188} INFO - [2024-07-18T17:41:26.027+0000] {dag.py:3947} INFO - Setting next_dagrun for example_branch_python_operator_decorator to 2024-07-17 00:00:00+00:00, run_after=2024-07-18 00:00:00+00:00
[2024-07-18T17:41:26.093+0000] {processor.py:183} INFO - Processing /home/airflow/.local/lib/python3.12/site-packages/airflow/example_dags/example_branch_operator_decorator.py took 0.171 seconds
[2024-07-18T17:44:40.378+0000] {processor.py:161} INFO - Started process (PID=5502) to work on /home/airflow/.local/lib/python3.12/site-packages/airflow/example_dags/example_branch_operator_decorator.py
[2024-07-18T17:44:40.380+0000] {processor.py:830} INFO - Processing file /home/airflow/.local/lib/python3.12/site-packages/airflow/example_dags/example_branch_operator_decorator.py for tasks to queue
[2024-07-18T17:44:40.382+0000] {logging_mixin.py:188} INFO - [2024-07-18T17:44:40.381+0000] {dagbag.py:545} INFO - Filling up the DagBag from /home/airflow/.local/lib/python3.12/site-packages/airflow/example_dags/example_branch_operator_decorator.py
[2024-07-18T17:44:40.414+0000] {processor.py:840} INFO - DAG(s) 'example_branch_python_operator_decorator' retrieved from /home/airflow/.local/lib/python3.12/site-packages/airflow/example_dags/example_branch_operator_decorator.py
[2024-07-18T17:44:40.460+0000] {logging_mixin.py:188} INFO - [2024-07-18T17:44:40.460+0000] {dag.py:3089} INFO - Sync 1 DAGs
[2024-07-18T17:44:40.501+0000] {logging_mixin.py:188} INFO - [2024-07-18T17:44:40.501+0000] {dag.py:3947} INFO - Setting next_dagrun for example_branch_python_operator_decorator to 2024-07-17 00:00:00+00:00, run_after=2024-07-18 00:00:00+00:00
[2024-07-18T17:44:40.563+0000] {processor.py:183} INFO - Processing /home/airflow/.local/lib/python3.12/site-packages/airflow/example_dags/example_branch_operator_decorator.py took 0.197 seconds
[2024-07-18T17:47:00.100+0000] {processor.py:161} INFO - Started process (PID=5562) to work on /home/airflow/.local/lib/python3.12/site-packages/airflow/example_dags/example_branch_operator_decorator.py
[2024-07-18T17:47:00.101+0000] {processor.py:830} INFO - Processing file /home/airflow/.local/lib/python3.12/site-packages/airflow/example_dags/example_branch_operator_decorator.py for tasks to queue
[2024-07-18T17:47:00.103+0000] {logging_mixin.py:188} INFO - [2024-07-18T17:47:00.103+0000] {dagbag.py:545} INFO - Filling up the DagBag from /home/airflow/.local/lib/python3.12/site-packages/airflow/example_dags/example_branch_operator_decorator.py
[2024-07-18T17:47:00.142+0000] {processor.py:840} INFO - DAG(s) 'example_branch_python_operator_decorator' retrieved from /home/airflow/.local/lib/python3.12/site-packages/airflow/example_dags/example_branch_operator_decorator.py
[2024-07-18T17:47:00.191+0000] {logging_mixin.py:188} INFO - [2024-07-18T17:47:00.191+0000] {dag.py:3089} INFO - Sync 1 DAGs
[2024-07-18T17:47:00.225+0000] {logging_mixin.py:188} INFO - [2024-07-18T17:47:00.225+0000] {dag.py:3947} INFO - Setting next_dagrun for example_branch_python_operator_decorator to 2024-07-17 00:00:00+00:00, run_after=2024-07-18 00:00:00+00:00
[2024-07-18T17:47:00.251+0000] {processor.py:183} INFO - Processing /home/airflow/.local/lib/python3.12/site-packages/airflow/example_dags/example_branch_operator_decorator.py took 0.161 seconds
[2024-07-18T17:53:29.523+0000] {processor.py:161} INFO - Started process (PID=5622) to work on /home/airflow/.local/lib/python3.12/site-packages/airflow/example_dags/example_branch_operator_decorator.py
[2024-07-18T17:53:29.526+0000] {processor.py:830} INFO - Processing file /home/airflow/.local/lib/python3.12/site-packages/airflow/example_dags/example_branch_operator_decorator.py for tasks to queue
[2024-07-18T17:53:29.528+0000] {logging_mixin.py:188} INFO - [2024-07-18T17:53:29.527+0000] {dagbag.py:545} INFO - Filling up the DagBag from /home/airflow/.local/lib/python3.12/site-packages/airflow/example_dags/example_branch_operator_decorator.py
[2024-07-18T17:53:29.555+0000] {processor.py:840} INFO - DAG(s) 'example_branch_python_operator_decorator' retrieved from /home/airflow/.local/lib/python3.12/site-packages/airflow/example_dags/example_branch_operator_decorator.py
[2024-07-18T17:53:29.620+0000] {logging_mixin.py:188} INFO - [2024-07-18T17:53:29.620+0000] {dag.py:3089} INFO - Sync 1 DAGs
[2024-07-18T17:53:29.655+0000] {logging_mixin.py:188} INFO - [2024-07-18T17:53:29.655+0000] {dag.py:3947} INFO - Setting next_dagrun for example_branch_python_operator_decorator to 2024-07-17 00:00:00+00:00, run_after=2024-07-18 00:00:00+00:00
[2024-07-18T17:53:29.682+0000] {processor.py:183} INFO - Processing /home/airflow/.local/lib/python3.12/site-packages/airflow/example_dags/example_branch_operator_decorator.py took 0.166 seconds
[2024-07-18T18:42:27.874+0000] {processor.py:161} INFO - Started process (PID=5682) to work on /home/airflow/.local/lib/python3.12/site-packages/airflow/example_dags/example_branch_operator_decorator.py
[2024-07-18T18:42:27.876+0000] {processor.py:830} INFO - Processing file /home/airflow/.local/lib/python3.12/site-packages/airflow/example_dags/example_branch_operator_decorator.py for tasks to queue
[2024-07-18T18:42:27.878+0000] {logging_mixin.py:188} INFO - [2024-07-18T18:42:27.877+0000] {dagbag.py:545} INFO - Filling up the DagBag from /home/airflow/.local/lib/python3.12/site-packages/airflow/example_dags/example_branch_operator_decorator.py
[2024-07-18T18:42:27.915+0000] {processor.py:840} INFO - DAG(s) 'example_branch_python_operator_decorator' retrieved from /home/airflow/.local/lib/python3.12/site-packages/airflow/example_dags/example_branch_operator_decorator.py
[2024-07-18T18:42:27.960+0000] {logging_mixin.py:188} INFO - [2024-07-18T18:42:27.960+0000] {dag.py:3089} INFO - Sync 1 DAGs
[2024-07-18T18:42:28.012+0000] {logging_mixin.py:188} INFO - [2024-07-18T18:42:28.011+0000] {dag.py:3947} INFO - Setting next_dagrun for example_branch_python_operator_decorator to 2024-07-17 00:00:00+00:00, run_after=2024-07-18 00:00:00+00:00
[2024-07-18T18:42:28.046+0000] {processor.py:183} INFO - Processing /home/airflow/.local/lib/python3.12/site-packages/airflow/example_dags/example_branch_operator_decorator.py took 0.183 seconds
[2024-07-18T21:44:02.942+0000] {processor.py:161} INFO - Started process (PID=5750) to work on /home/airflow/.local/lib/python3.12/site-packages/airflow/example_dags/example_branch_operator_decorator.py
[2024-07-18T21:44:02.947+0000] {processor.py:830} INFO - Processing file /home/airflow/.local/lib/python3.12/site-packages/airflow/example_dags/example_branch_operator_decorator.py for tasks to queue
[2024-07-18T21:44:02.950+0000] {logging_mixin.py:188} INFO - [2024-07-18T21:44:02.949+0000] {dagbag.py:545} INFO - Filling up the DagBag from /home/airflow/.local/lib/python3.12/site-packages/airflow/example_dags/example_branch_operator_decorator.py
[2024-07-18T21:44:03.040+0000] {processor.py:840} INFO - DAG(s) 'example_branch_python_operator_decorator' retrieved from /home/airflow/.local/lib/python3.12/site-packages/airflow/example_dags/example_branch_operator_decorator.py
[2024-07-18T21:44:03.208+0000] {logging_mixin.py:188} INFO - [2024-07-18T21:44:03.208+0000] {dag.py:3089} INFO - Sync 1 DAGs
[2024-07-18T21:44:03.256+0000] {logging_mixin.py:188} INFO - [2024-07-18T21:44:03.256+0000] {dag.py:3947} INFO - Setting next_dagrun for example_branch_python_operator_decorator to 2024-07-17 00:00:00+00:00, run_after=2024-07-18 00:00:00+00:00
[2024-07-18T21:44:03.358+0000] {processor.py:183} INFO - Processing /home/airflow/.local/lib/python3.12/site-packages/airflow/example_dags/example_branch_operator_decorator.py took 0.445 seconds
[2024-07-18T22:37:59.426+0000] {processor.py:161} INFO - Started process (PID=5973) to work on /home/airflow/.local/lib/python3.12/site-packages/airflow/example_dags/example_branch_operator_decorator.py
[2024-07-18T22:37:59.574+0000] {processor.py:830} INFO - Processing file /home/airflow/.local/lib/python3.12/site-packages/airflow/example_dags/example_branch_operator_decorator.py for tasks to queue
[2024-07-18T22:37:59.576+0000] {logging_mixin.py:188} INFO - [2024-07-18T22:37:59.575+0000] {dagbag.py:545} INFO - Filling up the DagBag from /home/airflow/.local/lib/python3.12/site-packages/airflow/example_dags/example_branch_operator_decorator.py
[2024-07-18T22:37:59.630+0000] {processor.py:840} INFO - DAG(s) 'example_branch_python_operator_decorator' retrieved from /home/airflow/.local/lib/python3.12/site-packages/airflow/example_dags/example_branch_operator_decorator.py
[2024-07-18T22:37:59.684+0000] {logging_mixin.py:188} INFO - [2024-07-18T22:37:59.684+0000] {dag.py:3089} INFO - Sync 1 DAGs
[2024-07-18T22:37:59.742+0000] {logging_mixin.py:188} INFO - [2024-07-18T22:37:59.742+0000] {dag.py:3947} INFO - Setting next_dagrun for example_branch_python_operator_decorator to 2024-07-17 00:00:00+00:00, run_after=2024-07-18 00:00:00+00:00
[2024-07-18T22:37:59.767+0000] {processor.py:183} INFO - Processing /home/airflow/.local/lib/python3.12/site-packages/airflow/example_dags/example_branch_operator_decorator.py took 0.354 seconds
[2024-07-18T22:38:30.560+0000] {processor.py:161} INFO - Started process (PID=6033) to work on /home/airflow/.local/lib/python3.12/site-packages/airflow/example_dags/example_branch_operator_decorator.py
[2024-07-18T22:38:30.566+0000] {processor.py:830} INFO - Processing file /home/airflow/.local/lib/python3.12/site-packages/airflow/example_dags/example_branch_operator_decorator.py for tasks to queue
[2024-07-18T22:38:30.571+0000] {logging_mixin.py:188} INFO - [2024-07-18T22:38:30.570+0000] {dagbag.py:545} INFO - Filling up the DagBag from /home/airflow/.local/lib/python3.12/site-packages/airflow/example_dags/example_branch_operator_decorator.py
[2024-07-18T22:38:30.702+0000] {processor.py:840} INFO - DAG(s) 'example_branch_python_operator_decorator' retrieved from /home/airflow/.local/lib/python3.12/site-packages/airflow/example_dags/example_branch_operator_decorator.py
[2024-07-18T22:38:30.872+0000] {logging_mixin.py:188} INFO - [2024-07-18T22:38:30.871+0000] {dag.py:3089} INFO - Sync 1 DAGs
[2024-07-18T22:38:31.127+0000] {logging_mixin.py:188} INFO - [2024-07-18T22:38:31.126+0000] {dag.py:3947} INFO - Setting next_dagrun for example_branch_python_operator_decorator to 2024-07-17 00:00:00+00:00, run_after=2024-07-18 00:00:00+00:00
[2024-07-18T22:38:31.212+0000] {processor.py:183} INFO - Processing /home/airflow/.local/lib/python3.12/site-packages/airflow/example_dags/example_branch_operator_decorator.py took 0.695 seconds
