[2024-07-18T01:27:56.749+0000] {processor.py:161} INFO - Started process (PID=4421) to work on /home/airflow/.local/lib/python3.12/site-packages/airflow/example_dags/example_trigger_target_dag.py
[2024-07-18T01:27:56.751+0000] {processor.py:830} INFO - Processing file /home/airflow/.local/lib/python3.12/site-packages/airflow/example_dags/example_trigger_target_dag.py for tasks to queue
[2024-07-18T01:27:56.752+0000] {logging_mixin.py:188} INFO - [2024-07-18T01:27:56.751+0000] {dagbag.py:545} INFO - Filling up the DagBag from /home/airflow/.local/lib/python3.12/site-packages/airflow/example_dags/example_trigger_target_dag.py
[2024-07-18T01:27:56.758+0000] {processor.py:840} INFO - DAG(s) 'example_trigger_target_dag' retrieved from /home/airflow/.local/lib/python3.12/site-packages/airflow/example_dags/example_trigger_target_dag.py
[2024-07-18T01:27:56.784+0000] {logging_mixin.py:188} INFO - [2024-07-18T01:27:56.783+0000] {dag.py:3089} INFO - Sync 1 DAGs
[2024-07-18T01:27:56.802+0000] {logging_mixin.py:188} INFO - [2024-07-18T01:27:56.801+0000] {dag.py:3947} INFO - Setting next_dagrun for example_trigger_target_dag to None, run_after=None
[2024-07-18T01:27:56.836+0000] {processor.py:183} INFO - Processing /home/airflow/.local/lib/python3.12/site-packages/airflow/example_dags/example_trigger_target_dag.py took 0.094 seconds
[2024-07-18T02:47:25.222+0000] {processor.py:161} INFO - Started process (PID=4481) to work on /home/airflow/.local/lib/python3.12/site-packages/airflow/example_dags/example_trigger_target_dag.py
[2024-07-18T02:47:25.224+0000] {processor.py:830} INFO - Processing file /home/airflow/.local/lib/python3.12/site-packages/airflow/example_dags/example_trigger_target_dag.py for tasks to queue
[2024-07-18T02:47:25.225+0000] {logging_mixin.py:188} INFO - [2024-07-18T02:47:25.225+0000] {dagbag.py:545} INFO - Filling up the DagBag from /home/airflow/.local/lib/python3.12/site-packages/airflow/example_dags/example_trigger_target_dag.py
[2024-07-18T02:47:25.232+0000] {processor.py:840} INFO - DAG(s) 'example_trigger_target_dag' retrieved from /home/airflow/.local/lib/python3.12/site-packages/airflow/example_dags/example_trigger_target_dag.py
[2024-07-18T02:47:25.260+0000] {logging_mixin.py:188} INFO - [2024-07-18T02:47:25.259+0000] {dag.py:3089} INFO - Sync 1 DAGs
[2024-07-18T02:47:25.276+0000] {logging_mixin.py:188} INFO - [2024-07-18T02:47:25.276+0000] {dag.py:3947} INFO - Setting next_dagrun for example_trigger_target_dag to None, run_after=None
[2024-07-18T02:47:25.305+0000] {processor.py:183} INFO - Processing /home/airflow/.local/lib/python3.12/site-packages/airflow/example_dags/example_trigger_target_dag.py took 0.091 seconds
[2024-07-18T03:28:37.050+0000] {processor.py:161} INFO - Started process (PID=4541) to work on /home/airflow/.local/lib/python3.12/site-packages/airflow/example_dags/example_trigger_target_dag.py
[2024-07-18T03:28:37.052+0000] {processor.py:830} INFO - Processing file /home/airflow/.local/lib/python3.12/site-packages/airflow/example_dags/example_trigger_target_dag.py for tasks to queue
[2024-07-18T03:28:37.054+0000] {logging_mixin.py:188} INFO - [2024-07-18T03:28:37.054+0000] {dagbag.py:545} INFO - Filling up the DagBag from /home/airflow/.local/lib/python3.12/site-packages/airflow/example_dags/example_trigger_target_dag.py
[2024-07-18T03:28:37.063+0000] {processor.py:840} INFO - DAG(s) 'example_trigger_target_dag' retrieved from /home/airflow/.local/lib/python3.12/site-packages/airflow/example_dags/example_trigger_target_dag.py
[2024-07-18T03:28:37.091+0000] {logging_mixin.py:188} INFO - [2024-07-18T03:28:37.090+0000] {dag.py:3089} INFO - Sync 1 DAGs
[2024-07-18T03:28:37.163+0000] {logging_mixin.py:188} INFO - [2024-07-18T03:28:37.163+0000] {dag.py:3947} INFO - Setting next_dagrun for example_trigger_target_dag to None, run_after=None
[2024-07-18T03:28:37.186+0000] {processor.py:183} INFO - Processing /home/airflow/.local/lib/python3.12/site-packages/airflow/example_dags/example_trigger_target_dag.py took 0.145 seconds
[2024-07-18T15:23:45.292+0000] {processor.py:161} INFO - Started process (PID=4601) to work on /home/airflow/.local/lib/python3.12/site-packages/airflow/example_dags/example_trigger_target_dag.py
[2024-07-18T15:23:45.294+0000] {processor.py:830} INFO - Processing file /home/airflow/.local/lib/python3.12/site-packages/airflow/example_dags/example_trigger_target_dag.py for tasks to queue
[2024-07-18T15:23:45.295+0000] {logging_mixin.py:188} INFO - [2024-07-18T15:23:45.295+0000] {dagbag.py:545} INFO - Filling up the DagBag from /home/airflow/.local/lib/python3.12/site-packages/airflow/example_dags/example_trigger_target_dag.py
[2024-07-18T15:23:45.302+0000] {processor.py:840} INFO - DAG(s) 'example_trigger_target_dag' retrieved from /home/airflow/.local/lib/python3.12/site-packages/airflow/example_dags/example_trigger_target_dag.py
[2024-07-18T15:23:45.323+0000] {logging_mixin.py:188} INFO - [2024-07-18T15:23:45.323+0000] {dag.py:3089} INFO - Sync 1 DAGs
[2024-07-18T15:23:45.368+0000] {logging_mixin.py:188} INFO - [2024-07-18T15:23:45.368+0000] {dag.py:3947} INFO - Setting next_dagrun for example_trigger_target_dag to None, run_after=None
[2024-07-18T15:23:45.386+0000] {processor.py:183} INFO - Processing /home/airflow/.local/lib/python3.12/site-packages/airflow/example_dags/example_trigger_target_dag.py took 0.100 seconds
[2024-07-18T17:19:38.216+0000] {processor.py:161} INFO - Started process (PID=4661) to work on /home/airflow/.local/lib/python3.12/site-packages/airflow/example_dags/example_trigger_target_dag.py
[2024-07-18T17:19:38.218+0000] {processor.py:830} INFO - Processing file /home/airflow/.local/lib/python3.12/site-packages/airflow/example_dags/example_trigger_target_dag.py for tasks to queue
[2024-07-18T17:19:38.314+0000] {logging_mixin.py:188} INFO - [2024-07-18T17:19:38.313+0000] {dagbag.py:545} INFO - Filling up the DagBag from /home/airflow/.local/lib/python3.12/site-packages/airflow/example_dags/example_trigger_target_dag.py
[2024-07-18T17:19:38.320+0000] {processor.py:840} INFO - DAG(s) 'example_trigger_target_dag' retrieved from /home/airflow/.local/lib/python3.12/site-packages/airflow/example_dags/example_trigger_target_dag.py
[2024-07-18T17:19:38.348+0000] {logging_mixin.py:188} INFO - [2024-07-18T17:19:38.348+0000] {dag.py:3089} INFO - Sync 1 DAGs
[2024-07-18T17:19:38.365+0000] {logging_mixin.py:188} INFO - [2024-07-18T17:19:38.365+0000] {dag.py:3947} INFO - Setting next_dagrun for example_trigger_target_dag to None, run_after=None
[2024-07-18T17:19:38.431+0000] {processor.py:183} INFO - Processing /home/airflow/.local/lib/python3.12/site-packages/airflow/example_dags/example_trigger_target_dag.py took 0.223 seconds
[2024-07-18T17:20:08.850+0000] {processor.py:161} INFO - Started process (PID=4721) to work on /home/airflow/.local/lib/python3.12/site-packages/airflow/example_dags/example_trigger_target_dag.py
[2024-07-18T17:20:08.917+0000] {processor.py:830} INFO - Processing file /home/airflow/.local/lib/python3.12/site-packages/airflow/example_dags/example_trigger_target_dag.py for tasks to queue
[2024-07-18T17:20:08.918+0000] {logging_mixin.py:188} INFO - [2024-07-18T17:20:08.918+0000] {dagbag.py:545} INFO - Filling up the DagBag from /home/airflow/.local/lib/python3.12/site-packages/airflow/example_dags/example_trigger_target_dag.py
[2024-07-18T17:20:08.927+0000] {processor.py:840} INFO - DAG(s) 'example_trigger_target_dag' retrieved from /home/airflow/.local/lib/python3.12/site-packages/airflow/example_dags/example_trigger_target_dag.py
[2024-07-18T17:20:08.949+0000] {logging_mixin.py:188} INFO - [2024-07-18T17:20:08.948+0000] {dag.py:3089} INFO - Sync 1 DAGs
[2024-07-18T17:20:08.966+0000] {logging_mixin.py:188} INFO - [2024-07-18T17:20:08.966+0000] {dag.py:3947} INFO - Setting next_dagrun for example_trigger_target_dag to None, run_after=None
[2024-07-18T17:20:08.995+0000] {processor.py:183} INFO - Processing /home/airflow/.local/lib/python3.12/site-packages/airflow/example_dags/example_trigger_target_dag.py took 0.154 seconds
[2024-07-18T17:20:39.803+0000] {processor.py:161} INFO - Started process (PID=4780) to work on /home/airflow/.local/lib/python3.12/site-packages/airflow/example_dags/example_trigger_target_dag.py
[2024-07-18T17:20:39.804+0000] {processor.py:830} INFO - Processing file /home/airflow/.local/lib/python3.12/site-packages/airflow/example_dags/example_trigger_target_dag.py for tasks to queue
[2024-07-18T17:20:39.806+0000] {logging_mixin.py:188} INFO - [2024-07-18T17:20:39.805+0000] {dagbag.py:545} INFO - Filling up the DagBag from /home/airflow/.local/lib/python3.12/site-packages/airflow/example_dags/example_trigger_target_dag.py
[2024-07-18T17:20:39.813+0000] {processor.py:840} INFO - DAG(s) 'example_trigger_target_dag' retrieved from /home/airflow/.local/lib/python3.12/site-packages/airflow/example_dags/example_trigger_target_dag.py
[2024-07-18T17:20:39.838+0000] {logging_mixin.py:188} INFO - [2024-07-18T17:20:39.838+0000] {dag.py:3089} INFO - Sync 1 DAGs
[2024-07-18T17:20:39.855+0000] {logging_mixin.py:188} INFO - [2024-07-18T17:20:39.854+0000] {dag.py:3947} INFO - Setting next_dagrun for example_trigger_target_dag to None, run_after=None
[2024-07-18T17:20:39.878+0000] {processor.py:183} INFO - Processing /home/airflow/.local/lib/python3.12/site-packages/airflow/example_dags/example_trigger_target_dag.py took 0.083 seconds
[2024-07-18T17:21:10.230+0000] {processor.py:161} INFO - Started process (PID=4840) to work on /home/airflow/.local/lib/python3.12/site-packages/airflow/example_dags/example_trigger_target_dag.py
[2024-07-18T17:21:10.231+0000] {processor.py:830} INFO - Processing file /home/airflow/.local/lib/python3.12/site-packages/airflow/example_dags/example_trigger_target_dag.py for tasks to queue
[2024-07-18T17:21:10.232+0000] {logging_mixin.py:188} INFO - [2024-07-18T17:21:10.231+0000] {dagbag.py:545} INFO - Filling up the DagBag from /home/airflow/.local/lib/python3.12/site-packages/airflow/example_dags/example_trigger_target_dag.py
[2024-07-18T17:21:10.237+0000] {processor.py:840} INFO - DAG(s) 'example_trigger_target_dag' retrieved from /home/airflow/.local/lib/python3.12/site-packages/airflow/example_dags/example_trigger_target_dag.py
[2024-07-18T17:21:10.257+0000] {logging_mixin.py:188} INFO - [2024-07-18T17:21:10.257+0000] {dag.py:3089} INFO - Sync 1 DAGs
[2024-07-18T17:21:10.269+0000] {logging_mixin.py:188} INFO - [2024-07-18T17:21:10.269+0000] {dag.py:3947} INFO - Setting next_dagrun for example_trigger_target_dag to None, run_after=None
[2024-07-18T17:21:10.289+0000] {processor.py:183} INFO - Processing /home/airflow/.local/lib/python3.12/site-packages/airflow/example_dags/example_trigger_target_dag.py took 0.066 seconds
[2024-07-18T17:21:40.643+0000] {processor.py:161} INFO - Started process (PID=4900) to work on /home/airflow/.local/lib/python3.12/site-packages/airflow/example_dags/example_trigger_target_dag.py
[2024-07-18T17:21:40.644+0000] {processor.py:830} INFO - Processing file /home/airflow/.local/lib/python3.12/site-packages/airflow/example_dags/example_trigger_target_dag.py for tasks to queue
[2024-07-18T17:21:40.646+0000] {logging_mixin.py:188} INFO - [2024-07-18T17:21:40.645+0000] {dagbag.py:545} INFO - Filling up the DagBag from /home/airflow/.local/lib/python3.12/site-packages/airflow/example_dags/example_trigger_target_dag.py
[2024-07-18T17:21:40.652+0000] {processor.py:840} INFO - DAG(s) 'example_trigger_target_dag' retrieved from /home/airflow/.local/lib/python3.12/site-packages/airflow/example_dags/example_trigger_target_dag.py
[2024-07-18T17:21:40.674+0000] {logging_mixin.py:188} INFO - [2024-07-18T17:21:40.674+0000] {dag.py:3089} INFO - Sync 1 DAGs
[2024-07-18T17:21:40.688+0000] {logging_mixin.py:188} INFO - [2024-07-18T17:21:40.688+0000] {dag.py:3947} INFO - Setting next_dagrun for example_trigger_target_dag to None, run_after=None
[2024-07-18T17:21:40.707+0000] {processor.py:183} INFO - Processing /home/airflow/.local/lib/python3.12/site-packages/airflow/example_dags/example_trigger_target_dag.py took 0.070 seconds
[2024-07-18T17:22:11.775+0000] {processor.py:161} INFO - Started process (PID=4960) to work on /home/airflow/.local/lib/python3.12/site-packages/airflow/example_dags/example_trigger_target_dag.py
[2024-07-18T17:22:11.776+0000] {processor.py:830} INFO - Processing file /home/airflow/.local/lib/python3.12/site-packages/airflow/example_dags/example_trigger_target_dag.py for tasks to queue
[2024-07-18T17:22:11.777+0000] {logging_mixin.py:188} INFO - [2024-07-18T17:22:11.777+0000] {dagbag.py:545} INFO - Filling up the DagBag from /home/airflow/.local/lib/python3.12/site-packages/airflow/example_dags/example_trigger_target_dag.py
[2024-07-18T17:22:11.783+0000] {processor.py:840} INFO - DAG(s) 'example_trigger_target_dag' retrieved from /home/airflow/.local/lib/python3.12/site-packages/airflow/example_dags/example_trigger_target_dag.py
[2024-07-18T17:22:11.804+0000] {logging_mixin.py:188} INFO - [2024-07-18T17:22:11.804+0000] {dag.py:3089} INFO - Sync 1 DAGs
[2024-07-18T17:22:11.818+0000] {logging_mixin.py:188} INFO - [2024-07-18T17:22:11.818+0000] {dag.py:3947} INFO - Setting next_dagrun for example_trigger_target_dag to None, run_after=None
[2024-07-18T17:22:11.837+0000] {processor.py:183} INFO - Processing /home/airflow/.local/lib/python3.12/site-packages/airflow/example_dags/example_trigger_target_dag.py took 0.069 seconds
[2024-07-18T17:22:42.645+0000] {processor.py:161} INFO - Started process (PID=5019) to work on /home/airflow/.local/lib/python3.12/site-packages/airflow/example_dags/example_trigger_target_dag.py
[2024-07-18T17:22:42.647+0000] {processor.py:830} INFO - Processing file /home/airflow/.local/lib/python3.12/site-packages/airflow/example_dags/example_trigger_target_dag.py for tasks to queue
[2024-07-18T17:22:42.648+0000] {logging_mixin.py:188} INFO - [2024-07-18T17:22:42.648+0000] {dagbag.py:545} INFO - Filling up the DagBag from /home/airflow/.local/lib/python3.12/site-packages/airflow/example_dags/example_trigger_target_dag.py
[2024-07-18T17:22:42.656+0000] {processor.py:840} INFO - DAG(s) 'example_trigger_target_dag' retrieved from /home/airflow/.local/lib/python3.12/site-packages/airflow/example_dags/example_trigger_target_dag.py
[2024-07-18T17:22:42.683+0000] {logging_mixin.py:188} INFO - [2024-07-18T17:22:42.682+0000] {dag.py:3089} INFO - Sync 1 DAGs
[2024-07-18T17:22:42.728+0000] {logging_mixin.py:188} INFO - [2024-07-18T17:22:42.728+0000] {dag.py:3947} INFO - Setting next_dagrun for example_trigger_target_dag to None, run_after=None
[2024-07-18T17:22:42.747+0000] {processor.py:183} INFO - Processing /home/airflow/.local/lib/python3.12/site-packages/airflow/example_dags/example_trigger_target_dag.py took 0.115 seconds
[2024-07-18T17:23:12.936+0000] {processor.py:161} INFO - Started process (PID=5079) to work on /home/airflow/.local/lib/python3.12/site-packages/airflow/example_dags/example_trigger_target_dag.py
[2024-07-18T17:23:12.937+0000] {processor.py:830} INFO - Processing file /home/airflow/.local/lib/python3.12/site-packages/airflow/example_dags/example_trigger_target_dag.py for tasks to queue
[2024-07-18T17:23:12.938+0000] {logging_mixin.py:188} INFO - [2024-07-18T17:23:12.938+0000] {dagbag.py:545} INFO - Filling up the DagBag from /home/airflow/.local/lib/python3.12/site-packages/airflow/example_dags/example_trigger_target_dag.py
[2024-07-18T17:23:12.945+0000] {processor.py:840} INFO - DAG(s) 'example_trigger_target_dag' retrieved from /home/airflow/.local/lib/python3.12/site-packages/airflow/example_dags/example_trigger_target_dag.py
[2024-07-18T17:23:12.968+0000] {logging_mixin.py:188} INFO - [2024-07-18T17:23:12.967+0000] {dag.py:3089} INFO - Sync 1 DAGs
[2024-07-18T17:23:12.982+0000] {logging_mixin.py:188} INFO - [2024-07-18T17:23:12.982+0000] {dag.py:3947} INFO - Setting next_dagrun for example_trigger_target_dag to None, run_after=None
[2024-07-18T17:23:13.001+0000] {processor.py:183} INFO - Processing /home/airflow/.local/lib/python3.12/site-packages/airflow/example_dags/example_trigger_target_dag.py took 0.072 seconds
[2024-07-18T17:23:43.361+0000] {processor.py:161} INFO - Started process (PID=5139) to work on /home/airflow/.local/lib/python3.12/site-packages/airflow/example_dags/example_trigger_target_dag.py
[2024-07-18T17:23:43.363+0000] {processor.py:830} INFO - Processing file /home/airflow/.local/lib/python3.12/site-packages/airflow/example_dags/example_trigger_target_dag.py for tasks to queue
[2024-07-18T17:23:43.364+0000] {logging_mixin.py:188} INFO - [2024-07-18T17:23:43.364+0000] {dagbag.py:545} INFO - Filling up the DagBag from /home/airflow/.local/lib/python3.12/site-packages/airflow/example_dags/example_trigger_target_dag.py
[2024-07-18T17:23:43.370+0000] {processor.py:840} INFO - DAG(s) 'example_trigger_target_dag' retrieved from /home/airflow/.local/lib/python3.12/site-packages/airflow/example_dags/example_trigger_target_dag.py
[2024-07-18T17:23:43.392+0000] {logging_mixin.py:188} INFO - [2024-07-18T17:23:43.392+0000] {dag.py:3089} INFO - Sync 1 DAGs
[2024-07-18T17:23:43.405+0000] {logging_mixin.py:188} INFO - [2024-07-18T17:23:43.405+0000] {dag.py:3947} INFO - Setting next_dagrun for example_trigger_target_dag to None, run_after=None
[2024-07-18T17:23:43.424+0000] {processor.py:183} INFO - Processing /home/airflow/.local/lib/python3.12/site-packages/airflow/example_dags/example_trigger_target_dag.py took 0.070 seconds
[2024-07-18T17:33:22.984+0000] {processor.py:161} INFO - Started process (PID=5200) to work on /home/airflow/.local/lib/python3.12/site-packages/airflow/example_dags/example_trigger_target_dag.py
[2024-07-18T17:33:22.985+0000] {processor.py:830} INFO - Processing file /home/airflow/.local/lib/python3.12/site-packages/airflow/example_dags/example_trigger_target_dag.py for tasks to queue
[2024-07-18T17:33:22.986+0000] {logging_mixin.py:188} INFO - [2024-07-18T17:33:22.986+0000] {dagbag.py:545} INFO - Filling up the DagBag from /home/airflow/.local/lib/python3.12/site-packages/airflow/example_dags/example_trigger_target_dag.py
[2024-07-18T17:33:22.993+0000] {processor.py:840} INFO - DAG(s) 'example_trigger_target_dag' retrieved from /home/airflow/.local/lib/python3.12/site-packages/airflow/example_dags/example_trigger_target_dag.py
[2024-07-18T17:33:23.028+0000] {logging_mixin.py:188} INFO - [2024-07-18T17:33:23.027+0000] {dag.py:3089} INFO - Sync 1 DAGs
[2024-07-18T17:33:23.042+0000] {logging_mixin.py:188} INFO - [2024-07-18T17:33:23.042+0000] {dag.py:3947} INFO - Setting next_dagrun for example_trigger_target_dag to None, run_after=None
[2024-07-18T17:33:23.064+0000] {processor.py:183} INFO - Processing /home/airflow/.local/lib/python3.12/site-packages/airflow/example_dags/example_trigger_target_dag.py took 0.086 seconds
[2024-07-18T17:33:59.496+0000] {processor.py:161} INFO - Started process (PID=5260) to work on /home/airflow/.local/lib/python3.12/site-packages/airflow/example_dags/example_trigger_target_dag.py
[2024-07-18T17:33:59.602+0000] {processor.py:830} INFO - Processing file /home/airflow/.local/lib/python3.12/site-packages/airflow/example_dags/example_trigger_target_dag.py for tasks to queue
[2024-07-18T17:33:59.603+0000] {logging_mixin.py:188} INFO - [2024-07-18T17:33:59.603+0000] {dagbag.py:545} INFO - Filling up the DagBag from /home/airflow/.local/lib/python3.12/site-packages/airflow/example_dags/example_trigger_target_dag.py
[2024-07-18T17:33:59.609+0000] {processor.py:840} INFO - DAG(s) 'example_trigger_target_dag' retrieved from /home/airflow/.local/lib/python3.12/site-packages/airflow/example_dags/example_trigger_target_dag.py
[2024-07-18T17:33:59.634+0000] {logging_mixin.py:188} INFO - [2024-07-18T17:33:59.634+0000] {dag.py:3089} INFO - Sync 1 DAGs
[2024-07-18T17:33:59.651+0000] {logging_mixin.py:188} INFO - [2024-07-18T17:33:59.650+0000] {dag.py:3947} INFO - Setting next_dagrun for example_trigger_target_dag to None, run_after=None
[2024-07-18T17:33:59.673+0000] {processor.py:183} INFO - Processing /home/airflow/.local/lib/python3.12/site-packages/airflow/example_dags/example_trigger_target_dag.py took 0.185 seconds
[2024-07-18T17:34:45.452+0000] {processor.py:161} INFO - Started process (PID=5319) to work on /home/airflow/.local/lib/python3.12/site-packages/airflow/example_dags/example_trigger_target_dag.py
[2024-07-18T17:34:45.454+0000] {processor.py:830} INFO - Processing file /home/airflow/.local/lib/python3.12/site-packages/airflow/example_dags/example_trigger_target_dag.py for tasks to queue
[2024-07-18T17:34:45.455+0000] {logging_mixin.py:188} INFO - [2024-07-18T17:34:45.455+0000] {dagbag.py:545} INFO - Filling up the DagBag from /home/airflow/.local/lib/python3.12/site-packages/airflow/example_dags/example_trigger_target_dag.py
[2024-07-18T17:34:45.462+0000] {processor.py:840} INFO - DAG(s) 'example_trigger_target_dag' retrieved from /home/airflow/.local/lib/python3.12/site-packages/airflow/example_dags/example_trigger_target_dag.py
[2024-07-18T17:34:45.487+0000] {logging_mixin.py:188} INFO - [2024-07-18T17:34:45.487+0000] {dag.py:3089} INFO - Sync 1 DAGs
[2024-07-18T17:34:45.502+0000] {logging_mixin.py:188} INFO - [2024-07-18T17:34:45.501+0000] {dag.py:3947} INFO - Setting next_dagrun for example_trigger_target_dag to None, run_after=None
[2024-07-18T17:34:45.525+0000] {processor.py:183} INFO - Processing /home/airflow/.local/lib/python3.12/site-packages/airflow/example_dags/example_trigger_target_dag.py took 0.080 seconds
[2024-07-18T17:35:21.035+0000] {processor.py:161} INFO - Started process (PID=5385) to work on /home/airflow/.local/lib/python3.12/site-packages/airflow/example_dags/example_trigger_target_dag.py
[2024-07-18T17:35:21.036+0000] {processor.py:830} INFO - Processing file /home/airflow/.local/lib/python3.12/site-packages/airflow/example_dags/example_trigger_target_dag.py for tasks to queue
[2024-07-18T17:35:21.037+0000] {logging_mixin.py:188} INFO - [2024-07-18T17:35:21.037+0000] {dagbag.py:545} INFO - Filling up the DagBag from /home/airflow/.local/lib/python3.12/site-packages/airflow/example_dags/example_trigger_target_dag.py
[2024-07-18T17:35:21.043+0000] {processor.py:840} INFO - DAG(s) 'example_trigger_target_dag' retrieved from /home/airflow/.local/lib/python3.12/site-packages/airflow/example_dags/example_trigger_target_dag.py
[2024-07-18T17:35:21.066+0000] {logging_mixin.py:188} INFO - [2024-07-18T17:35:21.066+0000] {dag.py:3089} INFO - Sync 1 DAGs
[2024-07-18T17:35:21.082+0000] {logging_mixin.py:188} INFO - [2024-07-18T17:35:21.081+0000] {dag.py:3947} INFO - Setting next_dagrun for example_trigger_target_dag to None, run_after=None
[2024-07-18T17:35:21.102+0000] {processor.py:183} INFO - Processing /home/airflow/.local/lib/python3.12/site-packages/airflow/example_dags/example_trigger_target_dag.py took 0.074 seconds
[2024-07-18T17:41:26.683+0000] {processor.py:161} INFO - Started process (PID=5445) to work on /home/airflow/.local/lib/python3.12/site-packages/airflow/example_dags/example_trigger_target_dag.py
[2024-07-18T17:41:26.684+0000] {processor.py:830} INFO - Processing file /home/airflow/.local/lib/python3.12/site-packages/airflow/example_dags/example_trigger_target_dag.py for tasks to queue
[2024-07-18T17:41:26.685+0000] {logging_mixin.py:188} INFO - [2024-07-18T17:41:26.685+0000] {dagbag.py:545} INFO - Filling up the DagBag from /home/airflow/.local/lib/python3.12/site-packages/airflow/example_dags/example_trigger_target_dag.py
[2024-07-18T17:41:26.692+0000] {processor.py:840} INFO - DAG(s) 'example_trigger_target_dag' retrieved from /home/airflow/.local/lib/python3.12/site-packages/airflow/example_dags/example_trigger_target_dag.py
[2024-07-18T17:41:26.716+0000] {logging_mixin.py:188} INFO - [2024-07-18T17:41:26.716+0000] {dag.py:3089} INFO - Sync 1 DAGs
[2024-07-18T17:41:26.731+0000] {logging_mixin.py:188} INFO - [2024-07-18T17:41:26.730+0000] {dag.py:3947} INFO - Setting next_dagrun for example_trigger_target_dag to None, run_after=None
[2024-07-18T17:41:26.752+0000] {processor.py:183} INFO - Processing /home/airflow/.local/lib/python3.12/site-packages/airflow/example_dags/example_trigger_target_dag.py took 0.076 seconds
[2024-07-18T17:44:41.187+0000] {processor.py:161} INFO - Started process (PID=5510) to work on /home/airflow/.local/lib/python3.12/site-packages/airflow/example_dags/example_trigger_target_dag.py
[2024-07-18T17:44:41.188+0000] {processor.py:830} INFO - Processing file /home/airflow/.local/lib/python3.12/site-packages/airflow/example_dags/example_trigger_target_dag.py for tasks to queue
[2024-07-18T17:44:41.189+0000] {logging_mixin.py:188} INFO - [2024-07-18T17:44:41.189+0000] {dagbag.py:545} INFO - Filling up the DagBag from /home/airflow/.local/lib/python3.12/site-packages/airflow/example_dags/example_trigger_target_dag.py
[2024-07-18T17:44:41.198+0000] {processor.py:840} INFO - DAG(s) 'example_trigger_target_dag' retrieved from /home/airflow/.local/lib/python3.12/site-packages/airflow/example_dags/example_trigger_target_dag.py
[2024-07-18T17:44:41.224+0000] {logging_mixin.py:188} INFO - [2024-07-18T17:44:41.224+0000] {dag.py:3089} INFO - Sync 1 DAGs
[2024-07-18T17:44:41.266+0000] {logging_mixin.py:188} INFO - [2024-07-18T17:44:41.265+0000] {dag.py:3947} INFO - Setting next_dagrun for example_trigger_target_dag to None, run_after=None
[2024-07-18T17:44:41.288+0000] {processor.py:183} INFO - Processing /home/airflow/.local/lib/python3.12/site-packages/airflow/example_dags/example_trigger_target_dag.py took 0.108 seconds
[2024-07-18T17:47:00.829+0000] {processor.py:161} INFO - Started process (PID=5570) to work on /home/airflow/.local/lib/python3.12/site-packages/airflow/example_dags/example_trigger_target_dag.py
[2024-07-18T17:47:00.830+0000] {processor.py:830} INFO - Processing file /home/airflow/.local/lib/python3.12/site-packages/airflow/example_dags/example_trigger_target_dag.py for tasks to queue
[2024-07-18T17:47:00.831+0000] {logging_mixin.py:188} INFO - [2024-07-18T17:47:00.831+0000] {dagbag.py:545} INFO - Filling up the DagBag from /home/airflow/.local/lib/python3.12/site-packages/airflow/example_dags/example_trigger_target_dag.py
[2024-07-18T17:47:00.838+0000] {processor.py:840} INFO - DAG(s) 'example_trigger_target_dag' retrieved from /home/airflow/.local/lib/python3.12/site-packages/airflow/example_dags/example_trigger_target_dag.py
[2024-07-18T17:47:00.864+0000] {logging_mixin.py:188} INFO - [2024-07-18T17:47:00.863+0000] {dag.py:3089} INFO - Sync 1 DAGs
[2024-07-18T17:47:00.878+0000] {logging_mixin.py:188} INFO - [2024-07-18T17:47:00.878+0000] {dag.py:3947} INFO - Setting next_dagrun for example_trigger_target_dag to None, run_after=None
[2024-07-18T17:47:00.899+0000] {processor.py:183} INFO - Processing /home/airflow/.local/lib/python3.12/site-packages/airflow/example_dags/example_trigger_target_dag.py took 0.078 seconds
[2024-07-18T17:53:30.312+0000] {processor.py:161} INFO - Started process (PID=5630) to work on /home/airflow/.local/lib/python3.12/site-packages/airflow/example_dags/example_trigger_target_dag.py
[2024-07-18T17:53:30.314+0000] {processor.py:830} INFO - Processing file /home/airflow/.local/lib/python3.12/site-packages/airflow/example_dags/example_trigger_target_dag.py for tasks to queue
[2024-07-18T17:53:30.315+0000] {logging_mixin.py:188} INFO - [2024-07-18T17:53:30.315+0000] {dagbag.py:545} INFO - Filling up the DagBag from /home/airflow/.local/lib/python3.12/site-packages/airflow/example_dags/example_trigger_target_dag.py
[2024-07-18T17:53:30.322+0000] {processor.py:840} INFO - DAG(s) 'example_trigger_target_dag' retrieved from /home/airflow/.local/lib/python3.12/site-packages/airflow/example_dags/example_trigger_target_dag.py
[2024-07-18T17:53:30.346+0000] {logging_mixin.py:188} INFO - [2024-07-18T17:53:30.346+0000] {dag.py:3089} INFO - Sync 1 DAGs
[2024-07-18T17:53:30.365+0000] {logging_mixin.py:188} INFO - [2024-07-18T17:53:30.365+0000] {dag.py:3947} INFO - Setting next_dagrun for example_trigger_target_dag to None, run_after=None
[2024-07-18T17:53:30.388+0000] {processor.py:183} INFO - Processing /home/airflow/.local/lib/python3.12/site-packages/airflow/example_dags/example_trigger_target_dag.py took 0.083 seconds
[2024-07-18T18:42:28.943+0000] {processor.py:161} INFO - Started process (PID=5690) to work on /home/airflow/.local/lib/python3.12/site-packages/airflow/example_dags/example_trigger_target_dag.py
[2024-07-18T18:42:28.945+0000] {processor.py:830} INFO - Processing file /home/airflow/.local/lib/python3.12/site-packages/airflow/example_dags/example_trigger_target_dag.py for tasks to queue
[2024-07-18T18:42:28.947+0000] {logging_mixin.py:188} INFO - [2024-07-18T18:42:28.946+0000] {dagbag.py:545} INFO - Filling up the DagBag from /home/airflow/.local/lib/python3.12/site-packages/airflow/example_dags/example_trigger_target_dag.py
[2024-07-18T18:42:28.956+0000] {processor.py:840} INFO - DAG(s) 'example_trigger_target_dag' retrieved from /home/airflow/.local/lib/python3.12/site-packages/airflow/example_dags/example_trigger_target_dag.py
[2024-07-18T18:42:28.984+0000] {logging_mixin.py:188} INFO - [2024-07-18T18:42:28.984+0000] {dag.py:3089} INFO - Sync 1 DAGs
[2024-07-18T18:42:29.041+0000] {logging_mixin.py:188} INFO - [2024-07-18T18:42:29.040+0000] {dag.py:3947} INFO - Setting next_dagrun for example_trigger_target_dag to None, run_after=None
[2024-07-18T18:42:29.065+0000] {processor.py:183} INFO - Processing /home/airflow/.local/lib/python3.12/site-packages/airflow/example_dags/example_trigger_target_dag.py took 0.131 seconds
[2024-07-18T21:44:04.637+0000] {processor.py:161} INFO - Started process (PID=5758) to work on /home/airflow/.local/lib/python3.12/site-packages/airflow/example_dags/example_trigger_target_dag.py
[2024-07-18T21:44:04.639+0000] {processor.py:830} INFO - Processing file /home/airflow/.local/lib/python3.12/site-packages/airflow/example_dags/example_trigger_target_dag.py for tasks to queue
[2024-07-18T21:44:04.641+0000] {logging_mixin.py:188} INFO - [2024-07-18T21:44:04.641+0000] {dagbag.py:545} INFO - Filling up the DagBag from /home/airflow/.local/lib/python3.12/site-packages/airflow/example_dags/example_trigger_target_dag.py
[2024-07-18T21:44:04.652+0000] {processor.py:840} INFO - DAG(s) 'example_trigger_target_dag' retrieved from /home/airflow/.local/lib/python3.12/site-packages/airflow/example_dags/example_trigger_target_dag.py
[2024-07-18T21:44:04.712+0000] {logging_mixin.py:188} INFO - [2024-07-18T21:44:04.711+0000] {dag.py:3089} INFO - Sync 1 DAGs
[2024-07-18T21:44:04.820+0000] {logging_mixin.py:188} INFO - [2024-07-18T21:44:04.819+0000] {dag.py:3947} INFO - Setting next_dagrun for example_trigger_target_dag to None, run_after=None
[2024-07-18T21:44:04.856+0000] {processor.py:183} INFO - Processing /home/airflow/.local/lib/python3.12/site-packages/airflow/example_dags/example_trigger_target_dag.py took 0.231 seconds
[2024-07-18T22:38:00.546+0000] {processor.py:161} INFO - Started process (PID=5981) to work on /home/airflow/.local/lib/python3.12/site-packages/airflow/example_dags/example_trigger_target_dag.py
[2024-07-18T22:38:00.547+0000] {processor.py:830} INFO - Processing file /home/airflow/.local/lib/python3.12/site-packages/airflow/example_dags/example_trigger_target_dag.py for tasks to queue
[2024-07-18T22:38:00.549+0000] {logging_mixin.py:188} INFO - [2024-07-18T22:38:00.548+0000] {dagbag.py:545} INFO - Filling up the DagBag from /home/airflow/.local/lib/python3.12/site-packages/airflow/example_dags/example_trigger_target_dag.py
[2024-07-18T22:38:00.557+0000] {processor.py:840} INFO - DAG(s) 'example_trigger_target_dag' retrieved from /home/airflow/.local/lib/python3.12/site-packages/airflow/example_dags/example_trigger_target_dag.py
[2024-07-18T22:38:00.591+0000] {logging_mixin.py:188} INFO - [2024-07-18T22:38:00.590+0000] {dag.py:3089} INFO - Sync 1 DAGs
[2024-07-18T22:38:00.650+0000] {logging_mixin.py:188} INFO - [2024-07-18T22:38:00.650+0000] {dag.py:3947} INFO - Setting next_dagrun for example_trigger_target_dag to None, run_after=None
[2024-07-18T22:38:00.674+0000] {processor.py:183} INFO - Processing /home/airflow/.local/lib/python3.12/site-packages/airflow/example_dags/example_trigger_target_dag.py took 0.137 seconds
