[2024-07-18T01:27:55.170+0000] {processor.py:161} INFO - Started process (PID=4410) to work on /home/airflow/.local/lib/python3.12/site-packages/airflow/example_dags/example_skip_dag.py
[2024-07-18T01:27:55.171+0000] {processor.py:830} INFO - Processing file /home/airflow/.local/lib/python3.12/site-packages/airflow/example_dags/example_skip_dag.py for tasks to queue
[2024-07-18T01:27:55.173+0000] {logging_mixin.py:188} INFO - [2024-07-18T01:27:55.172+0000] {dagbag.py:545} INFO - Filling up the DagBag from /home/airflow/.local/lib/python3.12/site-packages/airflow/example_dags/example_skip_dag.py
[2024-07-18T01:27:55.180+0000] {processor.py:840} INFO - DAG(s) 'example_skip_dag' retrieved from /home/airflow/.local/lib/python3.12/site-packages/airflow/example_dags/example_skip_dag.py
[2024-07-18T01:27:55.216+0000] {logging_mixin.py:188} INFO - [2024-07-18T01:27:55.215+0000] {dag.py:3089} INFO - Sync 1 DAGs
[2024-07-18T01:27:55.261+0000] {logging_mixin.py:188} INFO - [2024-07-18T01:27:55.261+0000] {dag.py:3947} INFO - Setting next_dagrun for example_skip_dag to 2024-07-17 00:00:00+00:00, run_after=2024-07-18 00:00:00+00:00
[2024-07-18T01:27:55.291+0000] {processor.py:183} INFO - Processing /home/airflow/.local/lib/python3.12/site-packages/airflow/example_dags/example_skip_dag.py took 0.128 seconds
[2024-07-18T02:47:23.993+0000] {processor.py:161} INFO - Started process (PID=4467) to work on /home/airflow/.local/lib/python3.12/site-packages/airflow/example_dags/example_skip_dag.py
[2024-07-18T02:47:23.995+0000] {processor.py:830} INFO - Processing file /home/airflow/.local/lib/python3.12/site-packages/airflow/example_dags/example_skip_dag.py for tasks to queue
[2024-07-18T02:47:23.998+0000] {logging_mixin.py:188} INFO - [2024-07-18T02:47:23.997+0000] {dagbag.py:545} INFO - Filling up the DagBag from /home/airflow/.local/lib/python3.12/site-packages/airflow/example_dags/example_skip_dag.py
[2024-07-18T02:47:24.007+0000] {processor.py:840} INFO - DAG(s) 'example_skip_dag' retrieved from /home/airflow/.local/lib/python3.12/site-packages/airflow/example_dags/example_skip_dag.py
[2024-07-18T02:47:24.045+0000] {logging_mixin.py:188} INFO - [2024-07-18T02:47:24.045+0000] {dag.py:3089} INFO - Sync 1 DAGs
[2024-07-18T02:47:24.095+0000] {logging_mixin.py:188} INFO - [2024-07-18T02:47:24.095+0000] {dag.py:3947} INFO - Setting next_dagrun for example_skip_dag to 2024-07-17 00:00:00+00:00, run_after=2024-07-18 00:00:00+00:00
[2024-07-18T02:47:24.139+0000] {processor.py:183} INFO - Processing /home/airflow/.local/lib/python3.12/site-packages/airflow/example_dags/example_skip_dag.py took 0.154 seconds
[2024-07-18T03:28:35.948+0000] {processor.py:161} INFO - Started process (PID=4524) to work on /home/airflow/.local/lib/python3.12/site-packages/airflow/example_dags/example_skip_dag.py
[2024-07-18T03:28:35.950+0000] {processor.py:830} INFO - Processing file /home/airflow/.local/lib/python3.12/site-packages/airflow/example_dags/example_skip_dag.py for tasks to queue
[2024-07-18T03:28:35.951+0000] {logging_mixin.py:188} INFO - [2024-07-18T03:28:35.951+0000] {dagbag.py:545} INFO - Filling up the DagBag from /home/airflow/.local/lib/python3.12/site-packages/airflow/example_dags/example_skip_dag.py
[2024-07-18T03:28:35.959+0000] {processor.py:840} INFO - DAG(s) 'example_skip_dag' retrieved from /home/airflow/.local/lib/python3.12/site-packages/airflow/example_dags/example_skip_dag.py
[2024-07-18T03:28:35.987+0000] {logging_mixin.py:188} INFO - [2024-07-18T03:28:35.986+0000] {dag.py:3089} INFO - Sync 1 DAGs
[2024-07-18T03:28:36.017+0000] {logging_mixin.py:188} INFO - [2024-07-18T03:28:36.016+0000] {dag.py:3947} INFO - Setting next_dagrun for example_skip_dag to 2024-07-17 00:00:00+00:00, run_after=2024-07-18 00:00:00+00:00
[2024-07-18T03:28:36.044+0000] {processor.py:183} INFO - Processing /home/airflow/.local/lib/python3.12/site-packages/airflow/example_dags/example_skip_dag.py took 0.104 seconds
[2024-07-18T15:23:43.896+0000] {processor.py:161} INFO - Started process (PID=4584) to work on /home/airflow/.local/lib/python3.12/site-packages/airflow/example_dags/example_skip_dag.py
[2024-07-18T15:23:43.898+0000] {processor.py:830} INFO - Processing file /home/airflow/.local/lib/python3.12/site-packages/airflow/example_dags/example_skip_dag.py for tasks to queue
[2024-07-18T15:23:43.900+0000] {logging_mixin.py:188} INFO - [2024-07-18T15:23:43.899+0000] {dagbag.py:545} INFO - Filling up the DagBag from /home/airflow/.local/lib/python3.12/site-packages/airflow/example_dags/example_skip_dag.py
[2024-07-18T15:23:43.908+0000] {processor.py:840} INFO - DAG(s) 'example_skip_dag' retrieved from /home/airflow/.local/lib/python3.12/site-packages/airflow/example_dags/example_skip_dag.py
[2024-07-18T15:23:43.944+0000] {logging_mixin.py:188} INFO - [2024-07-18T15:23:43.944+0000] {dag.py:3089} INFO - Sync 1 DAGs
[2024-07-18T15:23:43.975+0000] {logging_mixin.py:188} INFO - [2024-07-18T15:23:43.975+0000] {dag.py:3947} INFO - Setting next_dagrun for example_skip_dag to 2024-07-17 00:00:00+00:00, run_after=2024-07-18 00:00:00+00:00
[2024-07-18T15:23:43.999+0000] {processor.py:183} INFO - Processing /home/airflow/.local/lib/python3.12/site-packages/airflow/example_dags/example_skip_dag.py took 0.110 seconds
[2024-07-18T17:19:37.043+0000] {processor.py:161} INFO - Started process (PID=4644) to work on /home/airflow/.local/lib/python3.12/site-packages/airflow/example_dags/example_skip_dag.py
[2024-07-18T17:19:37.045+0000] {processor.py:830} INFO - Processing file /home/airflow/.local/lib/python3.12/site-packages/airflow/example_dags/example_skip_dag.py for tasks to queue
[2024-07-18T17:19:37.046+0000] {logging_mixin.py:188} INFO - [2024-07-18T17:19:37.046+0000] {dagbag.py:545} INFO - Filling up the DagBag from /home/airflow/.local/lib/python3.12/site-packages/airflow/example_dags/example_skip_dag.py
[2024-07-18T17:19:37.053+0000] {processor.py:840} INFO - DAG(s) 'example_skip_dag' retrieved from /home/airflow/.local/lib/python3.12/site-packages/airflow/example_dags/example_skip_dag.py
[2024-07-18T17:19:37.086+0000] {logging_mixin.py:188} INFO - [2024-07-18T17:19:37.086+0000] {dag.py:3089} INFO - Sync 1 DAGs
[2024-07-18T17:19:37.138+0000] {logging_mixin.py:188} INFO - [2024-07-18T17:19:37.137+0000] {dag.py:3947} INFO - Setting next_dagrun for example_skip_dag to 2024-07-17 00:00:00+00:00, run_after=2024-07-18 00:00:00+00:00
[2024-07-18T17:19:37.171+0000] {processor.py:183} INFO - Processing /home/airflow/.local/lib/python3.12/site-packages/airflow/example_dags/example_skip_dag.py took 0.135 seconds
[2024-07-18T17:20:07.288+0000] {processor.py:161} INFO - Started process (PID=4702) to work on /home/airflow/.local/lib/python3.12/site-packages/airflow/example_dags/example_skip_dag.py
[2024-07-18T17:20:07.289+0000] {processor.py:830} INFO - Processing file /home/airflow/.local/lib/python3.12/site-packages/airflow/example_dags/example_skip_dag.py for tasks to queue
[2024-07-18T17:20:07.290+0000] {logging_mixin.py:188} INFO - [2024-07-18T17:20:07.290+0000] {dagbag.py:545} INFO - Filling up the DagBag from /home/airflow/.local/lib/python3.12/site-packages/airflow/example_dags/example_skip_dag.py
[2024-07-18T17:20:07.297+0000] {processor.py:840} INFO - DAG(s) 'example_skip_dag' retrieved from /home/airflow/.local/lib/python3.12/site-packages/airflow/example_dags/example_skip_dag.py
[2024-07-18T17:20:07.324+0000] {logging_mixin.py:188} INFO - [2024-07-18T17:20:07.323+0000] {dag.py:3089} INFO - Sync 1 DAGs
[2024-07-18T17:20:07.346+0000] {logging_mixin.py:188} INFO - [2024-07-18T17:20:07.346+0000] {dag.py:3947} INFO - Setting next_dagrun for example_skip_dag to 2024-07-17 00:00:00+00:00, run_after=2024-07-18 00:00:00+00:00
[2024-07-18T17:20:07.367+0000] {processor.py:183} INFO - Processing /home/airflow/.local/lib/python3.12/site-packages/airflow/example_dags/example_skip_dag.py took 0.087 seconds
[2024-07-18T17:20:37.756+0000] {processor.py:161} INFO - Started process (PID=4767) to work on /home/airflow/.local/lib/python3.12/site-packages/airflow/example_dags/example_skip_dag.py
[2024-07-18T17:20:37.758+0000] {processor.py:830} INFO - Processing file /home/airflow/.local/lib/python3.12/site-packages/airflow/example_dags/example_skip_dag.py for tasks to queue
[2024-07-18T17:20:37.759+0000] {logging_mixin.py:188} INFO - [2024-07-18T17:20:37.759+0000] {dagbag.py:545} INFO - Filling up the DagBag from /home/airflow/.local/lib/python3.12/site-packages/airflow/example_dags/example_skip_dag.py
[2024-07-18T17:20:37.767+0000] {processor.py:840} INFO - DAG(s) 'example_skip_dag' retrieved from /home/airflow/.local/lib/python3.12/site-packages/airflow/example_dags/example_skip_dag.py
[2024-07-18T17:20:37.794+0000] {logging_mixin.py:188} INFO - [2024-07-18T17:20:37.793+0000] {dag.py:3089} INFO - Sync 1 DAGs
[2024-07-18T17:20:37.818+0000] {logging_mixin.py:188} INFO - [2024-07-18T17:20:37.818+0000] {dag.py:3947} INFO - Setting next_dagrun for example_skip_dag to 2024-07-17 00:00:00+00:00, run_after=2024-07-18 00:00:00+00:00
[2024-07-18T17:20:37.841+0000] {processor.py:183} INFO - Processing /home/airflow/.local/lib/python3.12/site-packages/airflow/example_dags/example_skip_dag.py took 0.092 seconds
[2024-07-18T17:21:08.124+0000] {processor.py:161} INFO - Started process (PID=4827) to work on /home/airflow/.local/lib/python3.12/site-packages/airflow/example_dags/example_skip_dag.py
[2024-07-18T17:21:08.125+0000] {processor.py:830} INFO - Processing file /home/airflow/.local/lib/python3.12/site-packages/airflow/example_dags/example_skip_dag.py for tasks to queue
[2024-07-18T17:21:08.126+0000] {logging_mixin.py:188} INFO - [2024-07-18T17:21:08.126+0000] {dagbag.py:545} INFO - Filling up the DagBag from /home/airflow/.local/lib/python3.12/site-packages/airflow/example_dags/example_skip_dag.py
[2024-07-18T17:21:08.133+0000] {processor.py:840} INFO - DAG(s) 'example_skip_dag' retrieved from /home/airflow/.local/lib/python3.12/site-packages/airflow/example_dags/example_skip_dag.py
[2024-07-18T17:21:08.157+0000] {logging_mixin.py:188} INFO - [2024-07-18T17:21:08.156+0000] {dag.py:3089} INFO - Sync 1 DAGs
[2024-07-18T17:21:08.180+0000] {logging_mixin.py:188} INFO - [2024-07-18T17:21:08.180+0000] {dag.py:3947} INFO - Setting next_dagrun for example_skip_dag to 2024-07-17 00:00:00+00:00, run_after=2024-07-18 00:00:00+00:00
[2024-07-18T17:21:08.199+0000] {processor.py:183} INFO - Processing /home/airflow/.local/lib/python3.12/site-packages/airflow/example_dags/example_skip_dag.py took 0.082 seconds
[2024-07-18T17:21:38.472+0000] {processor.py:161} INFO - Started process (PID=4887) to work on /home/airflow/.local/lib/python3.12/site-packages/airflow/example_dags/example_skip_dag.py
[2024-07-18T17:21:38.474+0000] {processor.py:830} INFO - Processing file /home/airflow/.local/lib/python3.12/site-packages/airflow/example_dags/example_skip_dag.py for tasks to queue
[2024-07-18T17:21:38.475+0000] {logging_mixin.py:188} INFO - [2024-07-18T17:21:38.475+0000] {dagbag.py:545} INFO - Filling up the DagBag from /home/airflow/.local/lib/python3.12/site-packages/airflow/example_dags/example_skip_dag.py
[2024-07-18T17:21:38.484+0000] {processor.py:840} INFO - DAG(s) 'example_skip_dag' retrieved from /home/airflow/.local/lib/python3.12/site-packages/airflow/example_dags/example_skip_dag.py
[2024-07-18T17:21:38.513+0000] {logging_mixin.py:188} INFO - [2024-07-18T17:21:38.513+0000] {dag.py:3089} INFO - Sync 1 DAGs
[2024-07-18T17:21:38.539+0000] {logging_mixin.py:188} INFO - [2024-07-18T17:21:38.539+0000] {dag.py:3947} INFO - Setting next_dagrun for example_skip_dag to 2024-07-17 00:00:00+00:00, run_after=2024-07-18 00:00:00+00:00
[2024-07-18T17:21:38.563+0000] {processor.py:183} INFO - Processing /home/airflow/.local/lib/python3.12/site-packages/airflow/example_dags/example_skip_dag.py took 0.098 seconds
[2024-07-18T17:22:08.640+0000] {processor.py:161} INFO - Started process (PID=4947) to work on /home/airflow/.local/lib/python3.12/site-packages/airflow/example_dags/example_skip_dag.py
[2024-07-18T17:22:08.642+0000] {processor.py:830} INFO - Processing file /home/airflow/.local/lib/python3.12/site-packages/airflow/example_dags/example_skip_dag.py for tasks to queue
[2024-07-18T17:22:08.643+0000] {logging_mixin.py:188} INFO - [2024-07-18T17:22:08.643+0000] {dagbag.py:545} INFO - Filling up the DagBag from /home/airflow/.local/lib/python3.12/site-packages/airflow/example_dags/example_skip_dag.py
[2024-07-18T17:22:08.651+0000] {processor.py:840} INFO - DAG(s) 'example_skip_dag' retrieved from /home/airflow/.local/lib/python3.12/site-packages/airflow/example_dags/example_skip_dag.py
[2024-07-18T17:22:08.678+0000] {logging_mixin.py:188} INFO - [2024-07-18T17:22:08.677+0000] {dag.py:3089} INFO - Sync 1 DAGs
[2024-07-18T17:22:08.699+0000] {logging_mixin.py:188} INFO - [2024-07-18T17:22:08.699+0000] {dag.py:3947} INFO - Setting next_dagrun for example_skip_dag to 2024-07-17 00:00:00+00:00, run_after=2024-07-18 00:00:00+00:00
[2024-07-18T17:22:08.726+0000] {processor.py:183} INFO - Processing /home/airflow/.local/lib/python3.12/site-packages/airflow/example_dags/example_skip_dag.py took 0.093 seconds
[2024-07-18T17:22:39.391+0000] {processor.py:161} INFO - Started process (PID=5006) to work on /home/airflow/.local/lib/python3.12/site-packages/airflow/example_dags/example_skip_dag.py
[2024-07-18T17:22:39.393+0000] {processor.py:830} INFO - Processing file /home/airflow/.local/lib/python3.12/site-packages/airflow/example_dags/example_skip_dag.py for tasks to queue
[2024-07-18T17:22:39.394+0000] {logging_mixin.py:188} INFO - [2024-07-18T17:22:39.394+0000] {dagbag.py:545} INFO - Filling up the DagBag from /home/airflow/.local/lib/python3.12/site-packages/airflow/example_dags/example_skip_dag.py
[2024-07-18T17:22:39.403+0000] {processor.py:840} INFO - DAG(s) 'example_skip_dag' retrieved from /home/airflow/.local/lib/python3.12/site-packages/airflow/example_dags/example_skip_dag.py
[2024-07-18T17:22:39.439+0000] {logging_mixin.py:188} INFO - [2024-07-18T17:22:39.438+0000] {dag.py:3089} INFO - Sync 1 DAGs
[2024-07-18T17:22:39.462+0000] {logging_mixin.py:188} INFO - [2024-07-18T17:22:39.462+0000] {dag.py:3947} INFO - Setting next_dagrun for example_skip_dag to 2024-07-17 00:00:00+00:00, run_after=2024-07-18 00:00:00+00:00
[2024-07-18T17:22:39.484+0000] {processor.py:183} INFO - Processing /home/airflow/.local/lib/python3.12/site-packages/airflow/example_dags/example_skip_dag.py took 0.103 seconds
[2024-07-18T17:23:09.966+0000] {processor.py:161} INFO - Started process (PID=5066) to work on /home/airflow/.local/lib/python3.12/site-packages/airflow/example_dags/example_skip_dag.py
[2024-07-18T17:23:09.967+0000] {processor.py:830} INFO - Processing file /home/airflow/.local/lib/python3.12/site-packages/airflow/example_dags/example_skip_dag.py for tasks to queue
[2024-07-18T17:23:09.968+0000] {logging_mixin.py:188} INFO - [2024-07-18T17:23:09.968+0000] {dagbag.py:545} INFO - Filling up the DagBag from /home/airflow/.local/lib/python3.12/site-packages/airflow/example_dags/example_skip_dag.py
[2024-07-18T17:23:09.976+0000] {processor.py:840} INFO - DAG(s) 'example_skip_dag' retrieved from /home/airflow/.local/lib/python3.12/site-packages/airflow/example_dags/example_skip_dag.py
[2024-07-18T17:23:10.003+0000] {logging_mixin.py:188} INFO - [2024-07-18T17:23:10.003+0000] {dag.py:3089} INFO - Sync 1 DAGs
[2024-07-18T17:23:10.025+0000] {logging_mixin.py:188} INFO - [2024-07-18T17:23:10.025+0000] {dag.py:3947} INFO - Setting next_dagrun for example_skip_dag to 2024-07-17 00:00:00+00:00, run_after=2024-07-18 00:00:00+00:00
[2024-07-18T17:23:10.045+0000] {processor.py:183} INFO - Processing /home/airflow/.local/lib/python3.12/site-packages/airflow/example_dags/example_skip_dag.py took 0.087 seconds
[2024-07-18T17:23:40.160+0000] {processor.py:161} INFO - Started process (PID=5126) to work on /home/airflow/.local/lib/python3.12/site-packages/airflow/example_dags/example_skip_dag.py
[2024-07-18T17:23:40.161+0000] {processor.py:830} INFO - Processing file /home/airflow/.local/lib/python3.12/site-packages/airflow/example_dags/example_skip_dag.py for tasks to queue
[2024-07-18T17:23:40.162+0000] {logging_mixin.py:188} INFO - [2024-07-18T17:23:40.162+0000] {dagbag.py:545} INFO - Filling up the DagBag from /home/airflow/.local/lib/python3.12/site-packages/airflow/example_dags/example_skip_dag.py
[2024-07-18T17:23:40.169+0000] {processor.py:840} INFO - DAG(s) 'example_skip_dag' retrieved from /home/airflow/.local/lib/python3.12/site-packages/airflow/example_dags/example_skip_dag.py
[2024-07-18T17:23:40.194+0000] {logging_mixin.py:188} INFO - [2024-07-18T17:23:40.194+0000] {dag.py:3089} INFO - Sync 1 DAGs
[2024-07-18T17:23:40.215+0000] {logging_mixin.py:188} INFO - [2024-07-18T17:23:40.215+0000] {dag.py:3947} INFO - Setting next_dagrun for example_skip_dag to 2024-07-17 00:00:00+00:00, run_after=2024-07-18 00:00:00+00:00
[2024-07-18T17:23:40.234+0000] {processor.py:183} INFO - Processing /home/airflow/.local/lib/python3.12/site-packages/airflow/example_dags/example_skip_dag.py took 0.081 seconds
[2024-07-18T17:33:21.724+0000] {processor.py:161} INFO - Started process (PID=5189) to work on /home/airflow/.local/lib/python3.12/site-packages/airflow/example_dags/example_skip_dag.py
[2024-07-18T17:33:21.725+0000] {processor.py:830} INFO - Processing file /home/airflow/.local/lib/python3.12/site-packages/airflow/example_dags/example_skip_dag.py for tasks to queue
[2024-07-18T17:33:21.726+0000] {logging_mixin.py:188} INFO - [2024-07-18T17:33:21.726+0000] {dagbag.py:545} INFO - Filling up the DagBag from /home/airflow/.local/lib/python3.12/site-packages/airflow/example_dags/example_skip_dag.py
[2024-07-18T17:33:21.733+0000] {processor.py:840} INFO - DAG(s) 'example_skip_dag' retrieved from /home/airflow/.local/lib/python3.12/site-packages/airflow/example_dags/example_skip_dag.py
[2024-07-18T17:33:21.776+0000] {logging_mixin.py:188} INFO - [2024-07-18T17:33:21.776+0000] {dag.py:3089} INFO - Sync 1 DAGs
[2024-07-18T17:33:21.835+0000] {logging_mixin.py:188} INFO - [2024-07-18T17:33:21.834+0000] {dag.py:3947} INFO - Setting next_dagrun for example_skip_dag to 2024-07-17 00:00:00+00:00, run_after=2024-07-18 00:00:00+00:00
[2024-07-18T17:33:21.853+0000] {processor.py:183} INFO - Processing /home/airflow/.local/lib/python3.12/site-packages/airflow/example_dags/example_skip_dag.py took 0.136 seconds
[2024-07-18T17:33:58.396+0000] {processor.py:161} INFO - Started process (PID=5249) to work on /home/airflow/.local/lib/python3.12/site-packages/airflow/example_dags/example_skip_dag.py
[2024-07-18T17:33:58.398+0000] {processor.py:830} INFO - Processing file /home/airflow/.local/lib/python3.12/site-packages/airflow/example_dags/example_skip_dag.py for tasks to queue
[2024-07-18T17:33:58.400+0000] {logging_mixin.py:188} INFO - [2024-07-18T17:33:58.399+0000] {dagbag.py:545} INFO - Filling up the DagBag from /home/airflow/.local/lib/python3.12/site-packages/airflow/example_dags/example_skip_dag.py
[2024-07-18T17:33:58.426+0000] {processor.py:840} INFO - DAG(s) 'example_skip_dag' retrieved from /home/airflow/.local/lib/python3.12/site-packages/airflow/example_dags/example_skip_dag.py
[2024-07-18T17:33:58.478+0000] {logging_mixin.py:188} INFO - [2024-07-18T17:33:58.478+0000] {dag.py:3089} INFO - Sync 1 DAGs
[2024-07-18T17:33:58.507+0000] {logging_mixin.py:188} INFO - [2024-07-18T17:33:58.506+0000] {dag.py:3947} INFO - Setting next_dagrun for example_skip_dag to 2024-07-17 00:00:00+00:00, run_after=2024-07-18 00:00:00+00:00
[2024-07-18T17:33:58.539+0000] {processor.py:183} INFO - Processing /home/airflow/.local/lib/python3.12/site-packages/airflow/example_dags/example_skip_dag.py took 0.154 seconds
[2024-07-18T17:34:44.164+0000] {processor.py:161} INFO - Started process (PID=5308) to work on /home/airflow/.local/lib/python3.12/site-packages/airflow/example_dags/example_skip_dag.py
[2024-07-18T17:34:44.185+0000] {processor.py:830} INFO - Processing file /home/airflow/.local/lib/python3.12/site-packages/airflow/example_dags/example_skip_dag.py for tasks to queue
[2024-07-18T17:34:44.187+0000] {logging_mixin.py:188} INFO - [2024-07-18T17:34:44.186+0000] {dagbag.py:545} INFO - Filling up the DagBag from /home/airflow/.local/lib/python3.12/site-packages/airflow/example_dags/example_skip_dag.py
[2024-07-18T17:34:44.200+0000] {processor.py:840} INFO - DAG(s) 'example_skip_dag' retrieved from /home/airflow/.local/lib/python3.12/site-packages/airflow/example_dags/example_skip_dag.py
[2024-07-18T17:34:44.245+0000] {logging_mixin.py:188} INFO - [2024-07-18T17:34:44.245+0000] {dag.py:3089} INFO - Sync 1 DAGs
[2024-07-18T17:34:44.295+0000] {logging_mixin.py:188} INFO - [2024-07-18T17:34:44.295+0000] {dag.py:3947} INFO - Setting next_dagrun for example_skip_dag to 2024-07-17 00:00:00+00:00, run_after=2024-07-18 00:00:00+00:00
[2024-07-18T17:34:44.324+0000] {processor.py:183} INFO - Processing /home/airflow/.local/lib/python3.12/site-packages/airflow/example_dags/example_skip_dag.py took 0.175 seconds
[2024-07-18T17:35:15.489+0000] {processor.py:161} INFO - Started process (PID=5368) to work on /home/airflow/.local/lib/python3.12/site-packages/airflow/example_dags/example_skip_dag.py
[2024-07-18T17:35:15.497+0000] {processor.py:830} INFO - Processing file /home/airflow/.local/lib/python3.12/site-packages/airflow/example_dags/example_skip_dag.py for tasks to queue
[2024-07-18T17:35:15.504+0000] {logging_mixin.py:188} INFO - [2024-07-18T17:35:15.502+0000] {dagbag.py:545} INFO - Filling up the DagBag from /home/airflow/.local/lib/python3.12/site-packages/airflow/example_dags/example_skip_dag.py
[2024-07-18T17:35:15.544+0000] {processor.py:840} INFO - DAG(s) 'example_skip_dag' retrieved from /home/airflow/.local/lib/python3.12/site-packages/airflow/example_dags/example_skip_dag.py
[2024-07-18T17:35:15.682+0000] {logging_mixin.py:188} INFO - [2024-07-18T17:35:15.681+0000] {dag.py:3089} INFO - Sync 1 DAGs
[2024-07-18T17:35:15.835+0000] {logging_mixin.py:188} INFO - [2024-07-18T17:35:15.829+0000] {dag.py:3947} INFO - Setting next_dagrun for example_skip_dag to 2024-07-17 00:00:00+00:00, run_after=2024-07-18 00:00:00+00:00
[2024-07-18T17:35:16.120+0000] {processor.py:183} INFO - Processing /home/airflow/.local/lib/python3.12/site-packages/airflow/example_dags/example_skip_dag.py took 0.694 seconds
[2024-07-18T17:41:25.606+0000] {processor.py:161} INFO - Started process (PID=5434) to work on /home/airflow/.local/lib/python3.12/site-packages/airflow/example_dags/example_skip_dag.py
[2024-07-18T17:41:25.608+0000] {processor.py:830} INFO - Processing file /home/airflow/.local/lib/python3.12/site-packages/airflow/example_dags/example_skip_dag.py for tasks to queue
[2024-07-18T17:41:25.610+0000] {logging_mixin.py:188} INFO - [2024-07-18T17:41:25.609+0000] {dagbag.py:545} INFO - Filling up the DagBag from /home/airflow/.local/lib/python3.12/site-packages/airflow/example_dags/example_skip_dag.py
[2024-07-18T17:41:25.619+0000] {processor.py:840} INFO - DAG(s) 'example_skip_dag' retrieved from /home/airflow/.local/lib/python3.12/site-packages/airflow/example_dags/example_skip_dag.py
[2024-07-18T17:41:25.652+0000] {logging_mixin.py:188} INFO - [2024-07-18T17:41:25.651+0000] {dag.py:3089} INFO - Sync 1 DAGs
[2024-07-18T17:41:25.681+0000] {logging_mixin.py:188} INFO - [2024-07-18T17:41:25.680+0000] {dag.py:3947} INFO - Setting next_dagrun for example_skip_dag to 2024-07-17 00:00:00+00:00, run_after=2024-07-18 00:00:00+00:00
[2024-07-18T17:41:25.703+0000] {processor.py:183} INFO - Processing /home/airflow/.local/lib/python3.12/site-packages/airflow/example_dags/example_skip_dag.py took 0.120 seconds
[2024-07-18T17:44:39.874+0000] {processor.py:161} INFO - Started process (PID=5499) to work on /home/airflow/.local/lib/python3.12/site-packages/airflow/example_dags/example_skip_dag.py
[2024-07-18T17:44:39.877+0000] {processor.py:830} INFO - Processing file /home/airflow/.local/lib/python3.12/site-packages/airflow/example_dags/example_skip_dag.py for tasks to queue
[2024-07-18T17:44:39.881+0000] {logging_mixin.py:188} INFO - [2024-07-18T17:44:39.881+0000] {dagbag.py:545} INFO - Filling up the DagBag from /home/airflow/.local/lib/python3.12/site-packages/airflow/example_dags/example_skip_dag.py
[2024-07-18T17:44:39.900+0000] {processor.py:840} INFO - DAG(s) 'example_skip_dag' retrieved from /home/airflow/.local/lib/python3.12/site-packages/airflow/example_dags/example_skip_dag.py
[2024-07-18T17:44:39.957+0000] {logging_mixin.py:188} INFO - [2024-07-18T17:44:39.956+0000] {dag.py:3089} INFO - Sync 1 DAGs
[2024-07-18T17:44:40.007+0000] {logging_mixin.py:188} INFO - [2024-07-18T17:44:40.007+0000] {dag.py:3947} INFO - Setting next_dagrun for example_skip_dag to 2024-07-17 00:00:00+00:00, run_after=2024-07-18 00:00:00+00:00
[2024-07-18T17:44:40.061+0000] {processor.py:183} INFO - Processing /home/airflow/.local/lib/python3.12/site-packages/airflow/example_dags/example_skip_dag.py took 0.216 seconds
[2024-07-18T17:46:59.493+0000] {processor.py:161} INFO - Started process (PID=5559) to work on /home/airflow/.local/lib/python3.12/site-packages/airflow/example_dags/example_skip_dag.py
[2024-07-18T17:46:59.495+0000] {processor.py:830} INFO - Processing file /home/airflow/.local/lib/python3.12/site-packages/airflow/example_dags/example_skip_dag.py for tasks to queue
[2024-07-18T17:46:59.498+0000] {logging_mixin.py:188} INFO - [2024-07-18T17:46:59.497+0000] {dagbag.py:545} INFO - Filling up the DagBag from /home/airflow/.local/lib/python3.12/site-packages/airflow/example_dags/example_skip_dag.py
[2024-07-18T17:46:59.513+0000] {processor.py:840} INFO - DAG(s) 'example_skip_dag' retrieved from /home/airflow/.local/lib/python3.12/site-packages/airflow/example_dags/example_skip_dag.py
[2024-07-18T17:46:59.565+0000] {logging_mixin.py:188} INFO - [2024-07-18T17:46:59.565+0000] {dag.py:3089} INFO - Sync 1 DAGs
[2024-07-18T17:46:59.602+0000] {logging_mixin.py:188} INFO - [2024-07-18T17:46:59.601+0000] {dag.py:3947} INFO - Setting next_dagrun for example_skip_dag to 2024-07-17 00:00:00+00:00, run_after=2024-07-18 00:00:00+00:00
[2024-07-18T17:46:59.657+0000] {processor.py:183} INFO - Processing /home/airflow/.local/lib/python3.12/site-packages/airflow/example_dags/example_skip_dag.py took 0.192 seconds
[2024-07-18T17:53:29.125+0000] {processor.py:161} INFO - Started process (PID=5619) to work on /home/airflow/.local/lib/python3.12/site-packages/airflow/example_dags/example_skip_dag.py
[2024-07-18T17:53:29.127+0000] {processor.py:830} INFO - Processing file /home/airflow/.local/lib/python3.12/site-packages/airflow/example_dags/example_skip_dag.py for tasks to queue
[2024-07-18T17:53:29.130+0000] {logging_mixin.py:188} INFO - [2024-07-18T17:53:29.129+0000] {dagbag.py:545} INFO - Filling up the DagBag from /home/airflow/.local/lib/python3.12/site-packages/airflow/example_dags/example_skip_dag.py
[2024-07-18T17:53:29.152+0000] {processor.py:840} INFO - DAG(s) 'example_skip_dag' retrieved from /home/airflow/.local/lib/python3.12/site-packages/airflow/example_dags/example_skip_dag.py
[2024-07-18T17:53:29.185+0000] {logging_mixin.py:188} INFO - [2024-07-18T17:53:29.185+0000] {dag.py:3089} INFO - Sync 1 DAGs
[2024-07-18T17:53:29.213+0000] {logging_mixin.py:188} INFO - [2024-07-18T17:53:29.213+0000] {dag.py:3947} INFO - Setting next_dagrun for example_skip_dag to 2024-07-17 00:00:00+00:00, run_after=2024-07-18 00:00:00+00:00
[2024-07-18T17:53:29.234+0000] {processor.py:183} INFO - Processing /home/airflow/.local/lib/python3.12/site-packages/airflow/example_dags/example_skip_dag.py took 0.119 seconds
[2024-07-18T18:42:27.355+0000] {processor.py:161} INFO - Started process (PID=5679) to work on /home/airflow/.local/lib/python3.12/site-packages/airflow/example_dags/example_skip_dag.py
[2024-07-18T18:42:27.357+0000] {processor.py:830} INFO - Processing file /home/airflow/.local/lib/python3.12/site-packages/airflow/example_dags/example_skip_dag.py for tasks to queue
[2024-07-18T18:42:27.359+0000] {logging_mixin.py:188} INFO - [2024-07-18T18:42:27.359+0000] {dagbag.py:545} INFO - Filling up the DagBag from /home/airflow/.local/lib/python3.12/site-packages/airflow/example_dags/example_skip_dag.py
[2024-07-18T18:42:27.371+0000] {processor.py:840} INFO - DAG(s) 'example_skip_dag' retrieved from /home/airflow/.local/lib/python3.12/site-packages/airflow/example_dags/example_skip_dag.py
[2024-07-18T18:42:27.414+0000] {logging_mixin.py:188} INFO - [2024-07-18T18:42:27.414+0000] {dag.py:3089} INFO - Sync 1 DAGs
[2024-07-18T18:42:27.452+0000] {logging_mixin.py:188} INFO - [2024-07-18T18:42:27.452+0000] {dag.py:3947} INFO - Setting next_dagrun for example_skip_dag to 2024-07-17 00:00:00+00:00, run_after=2024-07-18 00:00:00+00:00
[2024-07-18T18:42:27.480+0000] {processor.py:183} INFO - Processing /home/airflow/.local/lib/python3.12/site-packages/airflow/example_dags/example_skip_dag.py took 0.139 seconds
[2024-07-18T21:44:02.071+0000] {processor.py:161} INFO - Started process (PID=5747) to work on /home/airflow/.local/lib/python3.12/site-packages/airflow/example_dags/example_skip_dag.py
[2024-07-18T21:44:02.075+0000] {processor.py:830} INFO - Processing file /home/airflow/.local/lib/python3.12/site-packages/airflow/example_dags/example_skip_dag.py for tasks to queue
[2024-07-18T21:44:02.077+0000] {logging_mixin.py:188} INFO - [2024-07-18T21:44:02.076+0000] {dagbag.py:545} INFO - Filling up the DagBag from /home/airflow/.local/lib/python3.12/site-packages/airflow/example_dags/example_skip_dag.py
[2024-07-18T21:44:02.092+0000] {processor.py:840} INFO - DAG(s) 'example_skip_dag' retrieved from /home/airflow/.local/lib/python3.12/site-packages/airflow/example_dags/example_skip_dag.py
[2024-07-18T21:44:02.162+0000] {logging_mixin.py:188} INFO - [2024-07-18T21:44:02.162+0000] {dag.py:3089} INFO - Sync 1 DAGs
[2024-07-18T21:44:02.234+0000] {logging_mixin.py:188} INFO - [2024-07-18T21:44:02.233+0000] {dag.py:3947} INFO - Setting next_dagrun for example_skip_dag to 2024-07-17 00:00:00+00:00, run_after=2024-07-18 00:00:00+00:00
[2024-07-18T21:44:02.344+0000] {processor.py:183} INFO - Processing /home/airflow/.local/lib/python3.12/site-packages/airflow/example_dags/example_skip_dag.py took 0.288 seconds
[2024-07-18T22:37:58.796+0000] {processor.py:161} INFO - Started process (PID=5970) to work on /home/airflow/.local/lib/python3.12/site-packages/airflow/example_dags/example_skip_dag.py
[2024-07-18T22:37:58.799+0000] {processor.py:830} INFO - Processing file /home/airflow/.local/lib/python3.12/site-packages/airflow/example_dags/example_skip_dag.py for tasks to queue
[2024-07-18T22:37:58.801+0000] {logging_mixin.py:188} INFO - [2024-07-18T22:37:58.800+0000] {dagbag.py:545} INFO - Filling up the DagBag from /home/airflow/.local/lib/python3.12/site-packages/airflow/example_dags/example_skip_dag.py
[2024-07-18T22:37:58.814+0000] {processor.py:840} INFO - DAG(s) 'example_skip_dag' retrieved from /home/airflow/.local/lib/python3.12/site-packages/airflow/example_dags/example_skip_dag.py
[2024-07-18T22:37:58.858+0000] {logging_mixin.py:188} INFO - [2024-07-18T22:37:58.858+0000] {dag.py:3089} INFO - Sync 1 DAGs
[2024-07-18T22:37:58.889+0000] {logging_mixin.py:188} INFO - [2024-07-18T22:37:58.889+0000] {dag.py:3947} INFO - Setting next_dagrun for example_skip_dag to 2024-07-17 00:00:00+00:00, run_after=2024-07-18 00:00:00+00:00
[2024-07-18T22:37:58.924+0000] {processor.py:183} INFO - Processing /home/airflow/.local/lib/python3.12/site-packages/airflow/example_dags/example_skip_dag.py took 0.139 seconds
[2024-07-18T22:38:29.087+0000] {processor.py:161} INFO - Started process (PID=6029) to work on /home/airflow/.local/lib/python3.12/site-packages/airflow/example_dags/example_skip_dag.py
[2024-07-18T22:38:29.093+0000] {processor.py:830} INFO - Processing file /home/airflow/.local/lib/python3.12/site-packages/airflow/example_dags/example_skip_dag.py for tasks to queue
[2024-07-18T22:38:29.101+0000] {logging_mixin.py:188} INFO - [2024-07-18T22:38:29.099+0000] {dagbag.py:545} INFO - Filling up the DagBag from /home/airflow/.local/lib/python3.12/site-packages/airflow/example_dags/example_skip_dag.py
[2024-07-18T22:38:29.141+0000] {processor.py:840} INFO - DAG(s) 'example_skip_dag' retrieved from /home/airflow/.local/lib/python3.12/site-packages/airflow/example_dags/example_skip_dag.py
[2024-07-18T22:38:29.306+0000] {logging_mixin.py:188} INFO - [2024-07-18T22:38:29.305+0000] {dag.py:3089} INFO - Sync 1 DAGs
[2024-07-18T22:38:29.427+0000] {logging_mixin.py:188} INFO - [2024-07-18T22:38:29.426+0000] {dag.py:3947} INFO - Setting next_dagrun for example_skip_dag to 2024-07-17 00:00:00+00:00, run_after=2024-07-18 00:00:00+00:00
[2024-07-18T22:38:29.524+0000] {processor.py:183} INFO - Processing /home/airflow/.local/lib/python3.12/site-packages/airflow/example_dags/example_skip_dag.py took 0.474 seconds
