[2024-07-18T01:27:59.638+0000] {processor.py:161} INFO - Started process (PID=4451) to work on /home/airflow/.local/lib/python3.12/site-packages/airflow/example_dags/example_latest_only_with_trigger.py
[2024-07-18T01:27:59.639+0000] {processor.py:830} INFO - Processing file /home/airflow/.local/lib/python3.12/site-packages/airflow/example_dags/example_latest_only_with_trigger.py for tasks to queue
[2024-07-18T01:27:59.641+0000] {logging_mixin.py:188} INFO - [2024-07-18T01:27:59.640+0000] {dagbag.py:545} INFO - Filling up the DagBag from /home/airflow/.local/lib/python3.12/site-packages/airflow/example_dags/example_latest_only_with_trigger.py
[2024-07-18T01:27:59.648+0000] {processor.py:840} INFO - DAG(s) 'latest_only_with_trigger' retrieved from /home/airflow/.local/lib/python3.12/site-packages/airflow/example_dags/example_latest_only_with_trigger.py
[2024-07-18T01:27:59.675+0000] {logging_mixin.py:188} INFO - [2024-07-18T01:27:59.675+0000] {dag.py:3089} INFO - Sync 1 DAGs
[2024-07-18T01:27:59.725+0000] {logging_mixin.py:188} INFO - [2024-07-18T01:27:59.725+0000] {dag.py:3947} INFO - Setting next_dagrun for latest_only_with_trigger to 2024-07-17 20:00:00+00:00, run_after=2024-07-18 00:00:00+00:00
[2024-07-18T01:27:59.745+0000] {processor.py:183} INFO - Processing /home/airflow/.local/lib/python3.12/site-packages/airflow/example_dags/example_latest_only_with_trigger.py took 0.116 seconds
[2024-07-18T02:47:27.659+0000] {processor.py:161} INFO - Started process (PID=4511) to work on /home/airflow/.local/lib/python3.12/site-packages/airflow/example_dags/example_latest_only_with_trigger.py
[2024-07-18T02:47:27.660+0000] {processor.py:830} INFO - Processing file /home/airflow/.local/lib/python3.12/site-packages/airflow/example_dags/example_latest_only_with_trigger.py for tasks to queue
[2024-07-18T02:47:27.661+0000] {logging_mixin.py:188} INFO - [2024-07-18T02:47:27.661+0000] {dagbag.py:545} INFO - Filling up the DagBag from /home/airflow/.local/lib/python3.12/site-packages/airflow/example_dags/example_latest_only_with_trigger.py
[2024-07-18T02:47:27.668+0000] {processor.py:840} INFO - DAG(s) 'latest_only_with_trigger' retrieved from /home/airflow/.local/lib/python3.12/site-packages/airflow/example_dags/example_latest_only_with_trigger.py
[2024-07-18T02:47:27.692+0000] {logging_mixin.py:188} INFO - [2024-07-18T02:47:27.691+0000] {dag.py:3089} INFO - Sync 1 DAGs
[2024-07-18T02:47:27.713+0000] {logging_mixin.py:188} INFO - [2024-07-18T02:47:27.712+0000] {dag.py:3947} INFO - Setting next_dagrun for latest_only_with_trigger to 2024-07-17 20:00:00+00:00, run_after=2024-07-18 00:00:00+00:00
[2024-07-18T02:47:27.732+0000] {processor.py:183} INFO - Processing /home/airflow/.local/lib/python3.12/site-packages/airflow/example_dags/example_latest_only_with_trigger.py took 0.080 seconds
[2024-07-18T03:28:39.415+0000] {processor.py:161} INFO - Started process (PID=4571) to work on /home/airflow/.local/lib/python3.12/site-packages/airflow/example_dags/example_latest_only_with_trigger.py
[2024-07-18T03:28:39.417+0000] {processor.py:830} INFO - Processing file /home/airflow/.local/lib/python3.12/site-packages/airflow/example_dags/example_latest_only_with_trigger.py for tasks to queue
[2024-07-18T03:28:39.418+0000] {logging_mixin.py:188} INFO - [2024-07-18T03:28:39.418+0000] {dagbag.py:545} INFO - Filling up the DagBag from /home/airflow/.local/lib/python3.12/site-packages/airflow/example_dags/example_latest_only_with_trigger.py
[2024-07-18T03:28:39.425+0000] {processor.py:840} INFO - DAG(s) 'latest_only_with_trigger' retrieved from /home/airflow/.local/lib/python3.12/site-packages/airflow/example_dags/example_latest_only_with_trigger.py
[2024-07-18T03:28:39.450+0000] {logging_mixin.py:188} INFO - [2024-07-18T03:28:39.450+0000] {dag.py:3089} INFO - Sync 1 DAGs
[2024-07-18T03:28:39.471+0000] {logging_mixin.py:188} INFO - [2024-07-18T03:28:39.471+0000] {dag.py:3947} INFO - Setting next_dagrun for latest_only_with_trigger to 2024-07-17 20:00:00+00:00, run_after=2024-07-18 00:00:00+00:00
[2024-07-18T03:28:39.489+0000] {processor.py:183} INFO - Processing /home/airflow/.local/lib/python3.12/site-packages/airflow/example_dags/example_latest_only_with_trigger.py took 0.081 seconds
[2024-07-18T15:23:47.409+0000] {processor.py:161} INFO - Started process (PID=4631) to work on /home/airflow/.local/lib/python3.12/site-packages/airflow/example_dags/example_latest_only_with_trigger.py
[2024-07-18T15:23:47.411+0000] {processor.py:830} INFO - Processing file /home/airflow/.local/lib/python3.12/site-packages/airflow/example_dags/example_latest_only_with_trigger.py for tasks to queue
[2024-07-18T15:23:47.412+0000] {logging_mixin.py:188} INFO - [2024-07-18T15:23:47.412+0000] {dagbag.py:545} INFO - Filling up the DagBag from /home/airflow/.local/lib/python3.12/site-packages/airflow/example_dags/example_latest_only_with_trigger.py
[2024-07-18T15:23:47.419+0000] {processor.py:840} INFO - DAG(s) 'latest_only_with_trigger' retrieved from /home/airflow/.local/lib/python3.12/site-packages/airflow/example_dags/example_latest_only_with_trigger.py
[2024-07-18T15:23:47.443+0000] {logging_mixin.py:188} INFO - [2024-07-18T15:23:47.443+0000] {dag.py:3089} INFO - Sync 1 DAGs
[2024-07-18T15:23:47.490+0000] {logging_mixin.py:188} INFO - [2024-07-18T15:23:47.490+0000] {dag.py:3947} INFO - Setting next_dagrun for latest_only_with_trigger to 2024-07-18 08:00:00+00:00, run_after=2024-07-18 12:00:00+00:00
[2024-07-18T15:23:47.506+0000] {processor.py:183} INFO - Processing /home/airflow/.local/lib/python3.12/site-packages/airflow/example_dags/example_latest_only_with_trigger.py took 0.104 seconds
[2024-07-18T17:19:41.211+0000] {processor.py:161} INFO - Started process (PID=4691) to work on /home/airflow/.local/lib/python3.12/site-packages/airflow/example_dags/example_latest_only_with_trigger.py
[2024-07-18T17:19:41.212+0000] {processor.py:830} INFO - Processing file /home/airflow/.local/lib/python3.12/site-packages/airflow/example_dags/example_latest_only_with_trigger.py for tasks to queue
[2024-07-18T17:19:41.214+0000] {logging_mixin.py:188} INFO - [2024-07-18T17:19:41.213+0000] {dagbag.py:545} INFO - Filling up the DagBag from /home/airflow/.local/lib/python3.12/site-packages/airflow/example_dags/example_latest_only_with_trigger.py
[2024-07-18T17:19:41.221+0000] {processor.py:840} INFO - DAG(s) 'latest_only_with_trigger' retrieved from /home/airflow/.local/lib/python3.12/site-packages/airflow/example_dags/example_latest_only_with_trigger.py
[2024-07-18T17:19:41.249+0000] {logging_mixin.py:188} INFO - [2024-07-18T17:19:41.249+0000] {dag.py:3089} INFO - Sync 1 DAGs
[2024-07-18T17:19:41.330+0000] {logging_mixin.py:188} INFO - [2024-07-18T17:19:41.329+0000] {dag.py:3947} INFO - Setting next_dagrun for latest_only_with_trigger to 2024-07-18 12:00:00+00:00, run_after=2024-07-18 16:00:00+00:00
[2024-07-18T17:19:41.350+0000] {processor.py:183} INFO - Processing /home/airflow/.local/lib/python3.12/site-packages/airflow/example_dags/example_latest_only_with_trigger.py took 0.148 seconds
[2024-07-18T17:20:12.025+0000] {processor.py:161} INFO - Started process (PID=4751) to work on /home/airflow/.local/lib/python3.12/site-packages/airflow/example_dags/example_latest_only_with_trigger.py
[2024-07-18T17:20:12.027+0000] {processor.py:830} INFO - Processing file /home/airflow/.local/lib/python3.12/site-packages/airflow/example_dags/example_latest_only_with_trigger.py for tasks to queue
[2024-07-18T17:20:12.029+0000] {logging_mixin.py:188} INFO - [2024-07-18T17:20:12.029+0000] {dagbag.py:545} INFO - Filling up the DagBag from /home/airflow/.local/lib/python3.12/site-packages/airflow/example_dags/example_latest_only_with_trigger.py
[2024-07-18T17:20:12.038+0000] {processor.py:840} INFO - DAG(s) 'latest_only_with_trigger' retrieved from /home/airflow/.local/lib/python3.12/site-packages/airflow/example_dags/example_latest_only_with_trigger.py
[2024-07-18T17:20:12.071+0000] {logging_mixin.py:188} INFO - [2024-07-18T17:20:12.070+0000] {dag.py:3089} INFO - Sync 1 DAGs
[2024-07-18T17:20:12.098+0000] {logging_mixin.py:188} INFO - [2024-07-18T17:20:12.098+0000] {dag.py:3947} INFO - Setting next_dagrun for latest_only_with_trigger to 2024-07-18 12:00:00+00:00, run_after=2024-07-18 16:00:00+00:00
[2024-07-18T17:20:12.274+0000] {processor.py:183} INFO - Processing /home/airflow/.local/lib/python3.12/site-packages/airflow/example_dags/example_latest_only_with_trigger.py took 0.259 seconds
[2024-07-18T17:20:42.596+0000] {processor.py:161} INFO - Started process (PID=4810) to work on /home/airflow/.local/lib/python3.12/site-packages/airflow/example_dags/example_latest_only_with_trigger.py
[2024-07-18T17:20:42.597+0000] {processor.py:830} INFO - Processing file /home/airflow/.local/lib/python3.12/site-packages/airflow/example_dags/example_latest_only_with_trigger.py for tasks to queue
[2024-07-18T17:20:42.598+0000] {logging_mixin.py:188} INFO - [2024-07-18T17:20:42.598+0000] {dagbag.py:545} INFO - Filling up the DagBag from /home/airflow/.local/lib/python3.12/site-packages/airflow/example_dags/example_latest_only_with_trigger.py
[2024-07-18T17:20:42.605+0000] {processor.py:840} INFO - DAG(s) 'latest_only_with_trigger' retrieved from /home/airflow/.local/lib/python3.12/site-packages/airflow/example_dags/example_latest_only_with_trigger.py
[2024-07-18T17:20:42.631+0000] {logging_mixin.py:188} INFO - [2024-07-18T17:20:42.631+0000] {dag.py:3089} INFO - Sync 1 DAGs
[2024-07-18T17:20:42.654+0000] {logging_mixin.py:188} INFO - [2024-07-18T17:20:42.653+0000] {dag.py:3947} INFO - Setting next_dagrun for latest_only_with_trigger to 2024-07-18 12:00:00+00:00, run_after=2024-07-18 16:00:00+00:00
[2024-07-18T17:20:42.673+0000] {processor.py:183} INFO - Processing /home/airflow/.local/lib/python3.12/site-packages/airflow/example_dags/example_latest_only_with_trigger.py took 0.084 seconds
[2024-07-18T17:21:12.875+0000] {processor.py:161} INFO - Started process (PID=4870) to work on /home/airflow/.local/lib/python3.12/site-packages/airflow/example_dags/example_latest_only_with_trigger.py
[2024-07-18T17:21:12.876+0000] {processor.py:830} INFO - Processing file /home/airflow/.local/lib/python3.12/site-packages/airflow/example_dags/example_latest_only_with_trigger.py for tasks to queue
[2024-07-18T17:21:12.878+0000] {logging_mixin.py:188} INFO - [2024-07-18T17:21:12.877+0000] {dagbag.py:545} INFO - Filling up the DagBag from /home/airflow/.local/lib/python3.12/site-packages/airflow/example_dags/example_latest_only_with_trigger.py
[2024-07-18T17:21:12.884+0000] {processor.py:840} INFO - DAG(s) 'latest_only_with_trigger' retrieved from /home/airflow/.local/lib/python3.12/site-packages/airflow/example_dags/example_latest_only_with_trigger.py
[2024-07-18T17:21:12.908+0000] {logging_mixin.py:188} INFO - [2024-07-18T17:21:12.907+0000] {dag.py:3089} INFO - Sync 1 DAGs
[2024-07-18T17:21:12.928+0000] {logging_mixin.py:188} INFO - [2024-07-18T17:21:12.928+0000] {dag.py:3947} INFO - Setting next_dagrun for latest_only_with_trigger to 2024-07-18 12:00:00+00:00, run_after=2024-07-18 16:00:00+00:00
[2024-07-18T17:21:12.948+0000] {processor.py:183} INFO - Processing /home/airflow/.local/lib/python3.12/site-packages/airflow/example_dags/example_latest_only_with_trigger.py took 0.079 seconds
[2024-07-18T17:21:43.807+0000] {processor.py:161} INFO - Started process (PID=4930) to work on /home/airflow/.local/lib/python3.12/site-packages/airflow/example_dags/example_latest_only_with_trigger.py
[2024-07-18T17:21:43.808+0000] {processor.py:830} INFO - Processing file /home/airflow/.local/lib/python3.12/site-packages/airflow/example_dags/example_latest_only_with_trigger.py for tasks to queue
[2024-07-18T17:21:43.809+0000] {logging_mixin.py:188} INFO - [2024-07-18T17:21:43.809+0000] {dagbag.py:545} INFO - Filling up the DagBag from /home/airflow/.local/lib/python3.12/site-packages/airflow/example_dags/example_latest_only_with_trigger.py
[2024-07-18T17:21:43.816+0000] {processor.py:840} INFO - DAG(s) 'latest_only_with_trigger' retrieved from /home/airflow/.local/lib/python3.12/site-packages/airflow/example_dags/example_latest_only_with_trigger.py
[2024-07-18T17:21:43.841+0000] {logging_mixin.py:188} INFO - [2024-07-18T17:21:43.840+0000] {dag.py:3089} INFO - Sync 1 DAGs
[2024-07-18T17:21:43.864+0000] {logging_mixin.py:188} INFO - [2024-07-18T17:21:43.864+0000] {dag.py:3947} INFO - Setting next_dagrun for latest_only_with_trigger to 2024-07-18 12:00:00+00:00, run_after=2024-07-18 16:00:00+00:00
[2024-07-18T17:21:43.884+0000] {processor.py:183} INFO - Processing /home/airflow/.local/lib/python3.12/site-packages/airflow/example_dags/example_latest_only_with_trigger.py took 0.084 seconds
[2024-07-18T17:22:14.876+0000] {processor.py:161} INFO - Started process (PID=4990) to work on /home/airflow/.local/lib/python3.12/site-packages/airflow/example_dags/example_latest_only_with_trigger.py
[2024-07-18T17:22:14.877+0000] {processor.py:830} INFO - Processing file /home/airflow/.local/lib/python3.12/site-packages/airflow/example_dags/example_latest_only_with_trigger.py for tasks to queue
[2024-07-18T17:22:14.878+0000] {logging_mixin.py:188} INFO - [2024-07-18T17:22:14.878+0000] {dagbag.py:545} INFO - Filling up the DagBag from /home/airflow/.local/lib/python3.12/site-packages/airflow/example_dags/example_latest_only_with_trigger.py
[2024-07-18T17:22:14.885+0000] {processor.py:840} INFO - DAG(s) 'latest_only_with_trigger' retrieved from /home/airflow/.local/lib/python3.12/site-packages/airflow/example_dags/example_latest_only_with_trigger.py
[2024-07-18T17:22:14.909+0000] {logging_mixin.py:188} INFO - [2024-07-18T17:22:14.909+0000] {dag.py:3089} INFO - Sync 1 DAGs
[2024-07-18T17:22:14.932+0000] {logging_mixin.py:188} INFO - [2024-07-18T17:22:14.932+0000] {dag.py:3947} INFO - Setting next_dagrun for latest_only_with_trigger to 2024-07-18 12:00:00+00:00, run_after=2024-07-18 16:00:00+00:00
[2024-07-18T17:22:14.951+0000] {processor.py:183} INFO - Processing /home/airflow/.local/lib/python3.12/site-packages/airflow/example_dags/example_latest_only_with_trigger.py took 0.082 seconds
[2024-07-18T17:22:45.377+0000] {processor.py:161} INFO - Started process (PID=5049) to work on /home/airflow/.local/lib/python3.12/site-packages/airflow/example_dags/example_latest_only_with_trigger.py
[2024-07-18T17:22:45.378+0000] {processor.py:830} INFO - Processing file /home/airflow/.local/lib/python3.12/site-packages/airflow/example_dags/example_latest_only_with_trigger.py for tasks to queue
[2024-07-18T17:22:45.380+0000] {logging_mixin.py:188} INFO - [2024-07-18T17:22:45.380+0000] {dagbag.py:545} INFO - Filling up the DagBag from /home/airflow/.local/lib/python3.12/site-packages/airflow/example_dags/example_latest_only_with_trigger.py
[2024-07-18T17:22:45.388+0000] {processor.py:840} INFO - DAG(s) 'latest_only_with_trigger' retrieved from /home/airflow/.local/lib/python3.12/site-packages/airflow/example_dags/example_latest_only_with_trigger.py
[2024-07-18T17:22:45.420+0000] {logging_mixin.py:188} INFO - [2024-07-18T17:22:45.420+0000] {dag.py:3089} INFO - Sync 1 DAGs
[2024-07-18T17:22:45.493+0000] {logging_mixin.py:188} INFO - [2024-07-18T17:22:45.492+0000] {dag.py:3947} INFO - Setting next_dagrun for latest_only_with_trigger to 2024-07-18 12:00:00+00:00, run_after=2024-07-18 16:00:00+00:00
[2024-07-18T17:22:45.512+0000] {processor.py:183} INFO - Processing /home/airflow/.local/lib/python3.12/site-packages/airflow/example_dags/example_latest_only_with_trigger.py took 0.145 seconds
[2024-07-18T17:23:16.082+0000] {processor.py:161} INFO - Started process (PID=5109) to work on /home/airflow/.local/lib/python3.12/site-packages/airflow/example_dags/example_latest_only_with_trigger.py
[2024-07-18T17:23:16.083+0000] {processor.py:830} INFO - Processing file /home/airflow/.local/lib/python3.12/site-packages/airflow/example_dags/example_latest_only_with_trigger.py for tasks to queue
[2024-07-18T17:23:16.085+0000] {logging_mixin.py:188} INFO - [2024-07-18T17:23:16.084+0000] {dagbag.py:545} INFO - Filling up the DagBag from /home/airflow/.local/lib/python3.12/site-packages/airflow/example_dags/example_latest_only_with_trigger.py
[2024-07-18T17:23:16.092+0000] {processor.py:840} INFO - DAG(s) 'latest_only_with_trigger' retrieved from /home/airflow/.local/lib/python3.12/site-packages/airflow/example_dags/example_latest_only_with_trigger.py
[2024-07-18T17:23:16.116+0000] {logging_mixin.py:188} INFO - [2024-07-18T17:23:16.116+0000] {dag.py:3089} INFO - Sync 1 DAGs
[2024-07-18T17:23:16.136+0000] {logging_mixin.py:188} INFO - [2024-07-18T17:23:16.136+0000] {dag.py:3947} INFO - Setting next_dagrun for latest_only_with_trigger to 2024-07-18 12:00:00+00:00, run_after=2024-07-18 16:00:00+00:00
[2024-07-18T17:23:16.153+0000] {processor.py:183} INFO - Processing /home/airflow/.local/lib/python3.12/site-packages/airflow/example_dags/example_latest_only_with_trigger.py took 0.078 seconds
[2024-07-18T17:23:46.457+0000] {processor.py:161} INFO - Started process (PID=5169) to work on /home/airflow/.local/lib/python3.12/site-packages/airflow/example_dags/example_latest_only_with_trigger.py
[2024-07-18T17:23:46.459+0000] {processor.py:830} INFO - Processing file /home/airflow/.local/lib/python3.12/site-packages/airflow/example_dags/example_latest_only_with_trigger.py for tasks to queue
[2024-07-18T17:23:46.460+0000] {logging_mixin.py:188} INFO - [2024-07-18T17:23:46.460+0000] {dagbag.py:545} INFO - Filling up the DagBag from /home/airflow/.local/lib/python3.12/site-packages/airflow/example_dags/example_latest_only_with_trigger.py
[2024-07-18T17:23:46.468+0000] {processor.py:840} INFO - DAG(s) 'latest_only_with_trigger' retrieved from /home/airflow/.local/lib/python3.12/site-packages/airflow/example_dags/example_latest_only_with_trigger.py
[2024-07-18T17:23:46.492+0000] {logging_mixin.py:188} INFO - [2024-07-18T17:23:46.492+0000] {dag.py:3089} INFO - Sync 1 DAGs
[2024-07-18T17:23:46.649+0000] {logging_mixin.py:188} INFO - [2024-07-18T17:23:46.649+0000] {dag.py:3947} INFO - Setting next_dagrun for latest_only_with_trigger to 2024-07-18 12:00:00+00:00, run_after=2024-07-18 16:00:00+00:00
[2024-07-18T17:23:46.665+0000] {processor.py:183} INFO - Processing /home/airflow/.local/lib/python3.12/site-packages/airflow/example_dags/example_latest_only_with_trigger.py took 0.216 seconds
[2024-07-18T17:33:25.598+0000] {processor.py:161} INFO - Started process (PID=5230) to work on /home/airflow/.local/lib/python3.12/site-packages/airflow/example_dags/example_latest_only_with_trigger.py
[2024-07-18T17:33:25.599+0000] {processor.py:830} INFO - Processing file /home/airflow/.local/lib/python3.12/site-packages/airflow/example_dags/example_latest_only_with_trigger.py for tasks to queue
[2024-07-18T17:33:25.601+0000] {logging_mixin.py:188} INFO - [2024-07-18T17:33:25.600+0000] {dagbag.py:545} INFO - Filling up the DagBag from /home/airflow/.local/lib/python3.12/site-packages/airflow/example_dags/example_latest_only_with_trigger.py
[2024-07-18T17:33:25.608+0000] {processor.py:840} INFO - DAG(s) 'latest_only_with_trigger' retrieved from /home/airflow/.local/lib/python3.12/site-packages/airflow/example_dags/example_latest_only_with_trigger.py
[2024-07-18T17:33:25.633+0000] {logging_mixin.py:188} INFO - [2024-07-18T17:33:25.633+0000] {dag.py:3089} INFO - Sync 1 DAGs
[2024-07-18T17:33:25.656+0000] {logging_mixin.py:188} INFO - [2024-07-18T17:33:25.656+0000] {dag.py:3947} INFO - Setting next_dagrun for latest_only_with_trigger to 2024-07-18 12:00:00+00:00, run_after=2024-07-18 16:00:00+00:00
[2024-07-18T17:33:25.674+0000] {processor.py:183} INFO - Processing /home/airflow/.local/lib/python3.12/site-packages/airflow/example_dags/example_latest_only_with_trigger.py took 0.084 seconds
[2024-07-18T17:34:02.407+0000] {processor.py:161} INFO - Started process (PID=5290) to work on /home/airflow/.local/lib/python3.12/site-packages/airflow/example_dags/example_latest_only_with_trigger.py
[2024-07-18T17:34:02.408+0000] {processor.py:830} INFO - Processing file /home/airflow/.local/lib/python3.12/site-packages/airflow/example_dags/example_latest_only_with_trigger.py for tasks to queue
[2024-07-18T17:34:02.409+0000] {logging_mixin.py:188} INFO - [2024-07-18T17:34:02.409+0000] {dagbag.py:545} INFO - Filling up the DagBag from /home/airflow/.local/lib/python3.12/site-packages/airflow/example_dags/example_latest_only_with_trigger.py
[2024-07-18T17:34:02.416+0000] {processor.py:840} INFO - DAG(s) 'latest_only_with_trigger' retrieved from /home/airflow/.local/lib/python3.12/site-packages/airflow/example_dags/example_latest_only_with_trigger.py
[2024-07-18T17:34:02.445+0000] {logging_mixin.py:188} INFO - [2024-07-18T17:34:02.444+0000] {dag.py:3089} INFO - Sync 1 DAGs
[2024-07-18T17:34:02.469+0000] {logging_mixin.py:188} INFO - [2024-07-18T17:34:02.469+0000] {dag.py:3947} INFO - Setting next_dagrun for latest_only_with_trigger to 2024-07-18 12:00:00+00:00, run_after=2024-07-18 16:00:00+00:00
[2024-07-18T17:34:02.489+0000] {processor.py:183} INFO - Processing /home/airflow/.local/lib/python3.12/site-packages/airflow/example_dags/example_latest_only_with_trigger.py took 0.092 seconds
[2024-07-18T17:34:47.979+0000] {processor.py:161} INFO - Started process (PID=5349) to work on /home/airflow/.local/lib/python3.12/site-packages/airflow/example_dags/example_latest_only_with_trigger.py
[2024-07-18T17:34:47.980+0000] {processor.py:830} INFO - Processing file /home/airflow/.local/lib/python3.12/site-packages/airflow/example_dags/example_latest_only_with_trigger.py for tasks to queue
[2024-07-18T17:34:47.981+0000] {logging_mixin.py:188} INFO - [2024-07-18T17:34:47.981+0000] {dagbag.py:545} INFO - Filling up the DagBag from /home/airflow/.local/lib/python3.12/site-packages/airflow/example_dags/example_latest_only_with_trigger.py
[2024-07-18T17:34:47.989+0000] {processor.py:840} INFO - DAG(s) 'latest_only_with_trigger' retrieved from /home/airflow/.local/lib/python3.12/site-packages/airflow/example_dags/example_latest_only_with_trigger.py
[2024-07-18T17:34:48.012+0000] {logging_mixin.py:188} INFO - [2024-07-18T17:34:48.012+0000] {dag.py:3089} INFO - Sync 1 DAGs
[2024-07-18T17:34:48.033+0000] {logging_mixin.py:188} INFO - [2024-07-18T17:34:48.033+0000] {dag.py:3947} INFO - Setting next_dagrun for latest_only_with_trigger to 2024-07-18 12:00:00+00:00, run_after=2024-07-18 16:00:00+00:00
[2024-07-18T17:34:48.053+0000] {processor.py:183} INFO - Processing /home/airflow/.local/lib/python3.12/site-packages/airflow/example_dags/example_latest_only_with_trigger.py took 0.081 seconds
[2024-07-18T17:35:23.827+0000] {processor.py:161} INFO - Started process (PID=5415) to work on /home/airflow/.local/lib/python3.12/site-packages/airflow/example_dags/example_latest_only_with_trigger.py
[2024-07-18T17:35:23.828+0000] {processor.py:830} INFO - Processing file /home/airflow/.local/lib/python3.12/site-packages/airflow/example_dags/example_latest_only_with_trigger.py for tasks to queue
[2024-07-18T17:35:23.830+0000] {logging_mixin.py:188} INFO - [2024-07-18T17:35:23.829+0000] {dagbag.py:545} INFO - Filling up the DagBag from /home/airflow/.local/lib/python3.12/site-packages/airflow/example_dags/example_latest_only_with_trigger.py
[2024-07-18T17:35:23.839+0000] {processor.py:840} INFO - DAG(s) 'latest_only_with_trigger' retrieved from /home/airflow/.local/lib/python3.12/site-packages/airflow/example_dags/example_latest_only_with_trigger.py
[2024-07-18T17:35:23.869+0000] {logging_mixin.py:188} INFO - [2024-07-18T17:35:23.869+0000] {dag.py:3089} INFO - Sync 1 DAGs
[2024-07-18T17:35:23.896+0000] {logging_mixin.py:188} INFO - [2024-07-18T17:35:23.895+0000] {dag.py:3947} INFO - Setting next_dagrun for latest_only_with_trigger to 2024-07-18 12:00:00+00:00, run_after=2024-07-18 16:00:00+00:00
[2024-07-18T17:35:23.918+0000] {processor.py:183} INFO - Processing /home/airflow/.local/lib/python3.12/site-packages/airflow/example_dags/example_latest_only_with_trigger.py took 0.099 seconds
[2024-07-18T17:41:29.338+0000] {processor.py:161} INFO - Started process (PID=5475) to work on /home/airflow/.local/lib/python3.12/site-packages/airflow/example_dags/example_latest_only_with_trigger.py
[2024-07-18T17:41:29.339+0000] {processor.py:830} INFO - Processing file /home/airflow/.local/lib/python3.12/site-packages/airflow/example_dags/example_latest_only_with_trigger.py for tasks to queue
[2024-07-18T17:41:29.340+0000] {logging_mixin.py:188} INFO - [2024-07-18T17:41:29.339+0000] {dagbag.py:545} INFO - Filling up the DagBag from /home/airflow/.local/lib/python3.12/site-packages/airflow/example_dags/example_latest_only_with_trigger.py
[2024-07-18T17:41:29.347+0000] {processor.py:840} INFO - DAG(s) 'latest_only_with_trigger' retrieved from /home/airflow/.local/lib/python3.12/site-packages/airflow/example_dags/example_latest_only_with_trigger.py
[2024-07-18T17:41:29.370+0000] {logging_mixin.py:188} INFO - [2024-07-18T17:41:29.370+0000] {dag.py:3089} INFO - Sync 1 DAGs
[2024-07-18T17:41:29.391+0000] {logging_mixin.py:188} INFO - [2024-07-18T17:41:29.391+0000] {dag.py:3947} INFO - Setting next_dagrun for latest_only_with_trigger to 2024-07-18 12:00:00+00:00, run_after=2024-07-18 16:00:00+00:00
[2024-07-18T17:41:29.409+0000] {processor.py:183} INFO - Processing /home/airflow/.local/lib/python3.12/site-packages/airflow/example_dags/example_latest_only_with_trigger.py took 0.078 seconds
[2024-07-18T17:44:43.577+0000] {processor.py:161} INFO - Started process (PID=5540) to work on /home/airflow/.local/lib/python3.12/site-packages/airflow/example_dags/example_latest_only_with_trigger.py
[2024-07-18T17:44:43.578+0000] {processor.py:830} INFO - Processing file /home/airflow/.local/lib/python3.12/site-packages/airflow/example_dags/example_latest_only_with_trigger.py for tasks to queue
[2024-07-18T17:44:43.579+0000] {logging_mixin.py:188} INFO - [2024-07-18T17:44:43.579+0000] {dagbag.py:545} INFO - Filling up the DagBag from /home/airflow/.local/lib/python3.12/site-packages/airflow/example_dags/example_latest_only_with_trigger.py
[2024-07-18T17:44:43.587+0000] {processor.py:840} INFO - DAG(s) 'latest_only_with_trigger' retrieved from /home/airflow/.local/lib/python3.12/site-packages/airflow/example_dags/example_latest_only_with_trigger.py
[2024-07-18T17:44:43.613+0000] {logging_mixin.py:188} INFO - [2024-07-18T17:44:43.613+0000] {dag.py:3089} INFO - Sync 1 DAGs
[2024-07-18T17:44:43.635+0000] {logging_mixin.py:188} INFO - [2024-07-18T17:44:43.635+0000] {dag.py:3947} INFO - Setting next_dagrun for latest_only_with_trigger to 2024-07-18 12:00:00+00:00, run_after=2024-07-18 16:00:00+00:00
[2024-07-18T17:44:43.655+0000] {processor.py:183} INFO - Processing /home/airflow/.local/lib/python3.12/site-packages/airflow/example_dags/example_latest_only_with_trigger.py took 0.086 seconds
[2024-07-18T17:47:03.323+0000] {processor.py:161} INFO - Started process (PID=5600) to work on /home/airflow/.local/lib/python3.12/site-packages/airflow/example_dags/example_latest_only_with_trigger.py
[2024-07-18T17:47:03.413+0000] {processor.py:830} INFO - Processing file /home/airflow/.local/lib/python3.12/site-packages/airflow/example_dags/example_latest_only_with_trigger.py for tasks to queue
[2024-07-18T17:47:03.414+0000] {logging_mixin.py:188} INFO - [2024-07-18T17:47:03.414+0000] {dagbag.py:545} INFO - Filling up the DagBag from /home/airflow/.local/lib/python3.12/site-packages/airflow/example_dags/example_latest_only_with_trigger.py
[2024-07-18T17:47:03.420+0000] {processor.py:840} INFO - DAG(s) 'latest_only_with_trigger' retrieved from /home/airflow/.local/lib/python3.12/site-packages/airflow/example_dags/example_latest_only_with_trigger.py
[2024-07-18T17:47:03.441+0000] {logging_mixin.py:188} INFO - [2024-07-18T17:47:03.441+0000] {dag.py:3089} INFO - Sync 1 DAGs
[2024-07-18T17:47:03.463+0000] {logging_mixin.py:188} INFO - [2024-07-18T17:47:03.463+0000] {dag.py:3947} INFO - Setting next_dagrun for latest_only_with_trigger to 2024-07-18 12:00:00+00:00, run_after=2024-07-18 16:00:00+00:00
[2024-07-18T17:47:03.482+0000] {processor.py:183} INFO - Processing /home/airflow/.local/lib/python3.12/site-packages/airflow/example_dags/example_latest_only_with_trigger.py took 0.167 seconds
[2024-07-18T17:53:32.749+0000] {processor.py:161} INFO - Started process (PID=5660) to work on /home/airflow/.local/lib/python3.12/site-packages/airflow/example_dags/example_latest_only_with_trigger.py
[2024-07-18T17:53:32.750+0000] {processor.py:830} INFO - Processing file /home/airflow/.local/lib/python3.12/site-packages/airflow/example_dags/example_latest_only_with_trigger.py for tasks to queue
[2024-07-18T17:53:32.752+0000] {logging_mixin.py:188} INFO - [2024-07-18T17:53:32.751+0000] {dagbag.py:545} INFO - Filling up the DagBag from /home/airflow/.local/lib/python3.12/site-packages/airflow/example_dags/example_latest_only_with_trigger.py
[2024-07-18T17:53:32.759+0000] {processor.py:840} INFO - DAG(s) 'latest_only_with_trigger' retrieved from /home/airflow/.local/lib/python3.12/site-packages/airflow/example_dags/example_latest_only_with_trigger.py
[2024-07-18T17:53:32.783+0000] {logging_mixin.py:188} INFO - [2024-07-18T17:53:32.783+0000] {dag.py:3089} INFO - Sync 1 DAGs
[2024-07-18T17:53:32.805+0000] {logging_mixin.py:188} INFO - [2024-07-18T17:53:32.805+0000] {dag.py:3947} INFO - Setting next_dagrun for latest_only_with_trigger to 2024-07-18 12:00:00+00:00, run_after=2024-07-18 16:00:00+00:00
[2024-07-18T17:53:32.824+0000] {processor.py:183} INFO - Processing /home/airflow/.local/lib/python3.12/site-packages/airflow/example_dags/example_latest_only_with_trigger.py took 0.082 seconds
[2024-07-18T18:42:31.424+0000] {processor.py:161} INFO - Started process (PID=5720) to work on /home/airflow/.local/lib/python3.12/site-packages/airflow/example_dags/example_latest_only_with_trigger.py
[2024-07-18T18:42:31.425+0000] {processor.py:830} INFO - Processing file /home/airflow/.local/lib/python3.12/site-packages/airflow/example_dags/example_latest_only_with_trigger.py for tasks to queue
[2024-07-18T18:42:31.427+0000] {logging_mixin.py:188} INFO - [2024-07-18T18:42:31.427+0000] {dagbag.py:545} INFO - Filling up the DagBag from /home/airflow/.local/lib/python3.12/site-packages/airflow/example_dags/example_latest_only_with_trigger.py
[2024-07-18T18:42:31.434+0000] {processor.py:840} INFO - DAG(s) 'latest_only_with_trigger' retrieved from /home/airflow/.local/lib/python3.12/site-packages/airflow/example_dags/example_latest_only_with_trigger.py
[2024-07-18T18:42:31.490+0000] {logging_mixin.py:188} INFO - [2024-07-18T18:42:31.489+0000] {dag.py:3089} INFO - Sync 1 DAGs
[2024-07-18T18:42:31.508+0000] {logging_mixin.py:188} INFO - [2024-07-18T18:42:31.508+0000] {dag.py:3947} INFO - Setting next_dagrun for latest_only_with_trigger to 2024-07-18 12:00:00+00:00, run_after=2024-07-18 16:00:00+00:00
[2024-07-18T18:42:31.525+0000] {processor.py:183} INFO - Processing /home/airflow/.local/lib/python3.12/site-packages/airflow/example_dags/example_latest_only_with_trigger.py took 0.109 seconds
[2024-07-18T21:44:08.097+0000] {processor.py:161} INFO - Started process (PID=5788) to work on /home/airflow/.local/lib/python3.12/site-packages/airflow/example_dags/example_latest_only_with_trigger.py
[2024-07-18T21:44:08.098+0000] {processor.py:830} INFO - Processing file /home/airflow/.local/lib/python3.12/site-packages/airflow/example_dags/example_latest_only_with_trigger.py for tasks to queue
[2024-07-18T21:44:08.100+0000] {logging_mixin.py:188} INFO - [2024-07-18T21:44:08.099+0000] {dagbag.py:545} INFO - Filling up the DagBag from /home/airflow/.local/lib/python3.12/site-packages/airflow/example_dags/example_latest_only_with_trigger.py
[2024-07-18T21:44:08.107+0000] {processor.py:840} INFO - DAG(s) 'latest_only_with_trigger' retrieved from /home/airflow/.local/lib/python3.12/site-packages/airflow/example_dags/example_latest_only_with_trigger.py
[2024-07-18T21:44:08.130+0000] {logging_mixin.py:188} INFO - [2024-07-18T21:44:08.130+0000] {dag.py:3089} INFO - Sync 1 DAGs
[2024-07-18T21:44:08.150+0000] {logging_mixin.py:188} INFO - [2024-07-18T21:44:08.150+0000] {dag.py:3947} INFO - Setting next_dagrun for latest_only_with_trigger to 2024-07-18 16:00:00+00:00, run_after=2024-07-18 20:00:00+00:00
[2024-07-18T21:44:08.167+0000] {processor.py:183} INFO - Processing /home/airflow/.local/lib/python3.12/site-packages/airflow/example_dags/example_latest_only_with_trigger.py took 0.077 seconds
[2024-07-18T22:38:03.062+0000] {processor.py:161} INFO - Started process (PID=6011) to work on /home/airflow/.local/lib/python3.12/site-packages/airflow/example_dags/example_latest_only_with_trigger.py
[2024-07-18T22:38:03.063+0000] {processor.py:830} INFO - Processing file /home/airflow/.local/lib/python3.12/site-packages/airflow/example_dags/example_latest_only_with_trigger.py for tasks to queue
[2024-07-18T22:38:03.065+0000] {logging_mixin.py:188} INFO - [2024-07-18T22:38:03.064+0000] {dagbag.py:545} INFO - Filling up the DagBag from /home/airflow/.local/lib/python3.12/site-packages/airflow/example_dags/example_latest_only_with_trigger.py
[2024-07-18T22:38:03.072+0000] {processor.py:840} INFO - DAG(s) 'latest_only_with_trigger' retrieved from /home/airflow/.local/lib/python3.12/site-packages/airflow/example_dags/example_latest_only_with_trigger.py
[2024-07-18T22:38:03.097+0000] {logging_mixin.py:188} INFO - [2024-07-18T22:38:03.096+0000] {dag.py:3089} INFO - Sync 1 DAGs
[2024-07-18T22:38:03.121+0000] {logging_mixin.py:188} INFO - [2024-07-18T22:38:03.121+0000] {dag.py:3947} INFO - Setting next_dagrun for latest_only_with_trigger to 2024-07-18 16:00:00+00:00, run_after=2024-07-18 20:00:00+00:00
[2024-07-18T22:38:03.192+0000] {processor.py:183} INFO - Processing /home/airflow/.local/lib/python3.12/site-packages/airflow/example_dags/example_latest_only_with_trigger.py took 0.138 seconds
