[2024-07-18T01:27:56.753+0000] {processor.py:161} INFO - Started process (PID=4422) to work on /home/airflow/.local/lib/python3.12/site-packages/airflow/example_dags/example_branch_python_dop_operator_3.py
[2024-07-18T01:27:56.754+0000] {processor.py:830} INFO - Processing file /home/airflow/.local/lib/python3.12/site-packages/airflow/example_dags/example_branch_python_dop_operator_3.py for tasks to queue
[2024-07-18T01:27:56.755+0000] {logging_mixin.py:188} INFO - [2024-07-18T01:27:56.755+0000] {dagbag.py:545} INFO - Filling up the DagBag from /home/airflow/.local/lib/python3.12/site-packages/airflow/example_dags/example_branch_python_dop_operator_3.py
[2024-07-18T01:27:56.765+0000] {processor.py:840} INFO - DAG(s) 'example_branch_dop_operator_v3' retrieved from /home/airflow/.local/lib/python3.12/site-packages/airflow/example_dags/example_branch_python_dop_operator_3.py
[2024-07-18T01:27:56.792+0000] {logging_mixin.py:188} INFO - [2024-07-18T01:27:56.792+0000] {dag.py:3089} INFO - Sync 1 DAGs
[2024-07-18T01:27:56.841+0000] {logging_mixin.py:188} INFO - [2024-07-18T01:27:56.841+0000] {dag.py:3947} INFO - Setting next_dagrun for example_branch_dop_operator_v3 to 2024-07-18 01:26:00+00:00, run_after=2024-07-18 01:27:00+00:00
[2024-07-18T01:27:56.867+0000] {processor.py:183} INFO - Processing /home/airflow/.local/lib/python3.12/site-packages/airflow/example_dags/example_branch_python_dop_operator_3.py took 0.121 seconds
[2024-07-18T02:47:25.267+0000] {processor.py:161} INFO - Started process (PID=4482) to work on /home/airflow/.local/lib/python3.12/site-packages/airflow/example_dags/example_branch_python_dop_operator_3.py
[2024-07-18T02:47:25.269+0000] {processor.py:830} INFO - Processing file /home/airflow/.local/lib/python3.12/site-packages/airflow/example_dags/example_branch_python_dop_operator_3.py for tasks to queue
[2024-07-18T02:47:25.270+0000] {logging_mixin.py:188} INFO - [2024-07-18T02:47:25.270+0000] {dagbag.py:545} INFO - Filling up the DagBag from /home/airflow/.local/lib/python3.12/site-packages/airflow/example_dags/example_branch_python_dop_operator_3.py
[2024-07-18T02:47:25.290+0000] {processor.py:840} INFO - DAG(s) 'example_branch_dop_operator_v3' retrieved from /home/airflow/.local/lib/python3.12/site-packages/airflow/example_dags/example_branch_python_dop_operator_3.py
[2024-07-18T02:47:25.326+0000] {logging_mixin.py:188} INFO - [2024-07-18T02:47:25.326+0000] {dag.py:3089} INFO - Sync 1 DAGs
[2024-07-18T02:47:25.362+0000] {logging_mixin.py:188} INFO - [2024-07-18T02:47:25.362+0000] {dag.py:3947} INFO - Setting next_dagrun for example_branch_dop_operator_v3 to 2024-07-18 02:46:00+00:00, run_after=2024-07-18 02:47:00+00:00
[2024-07-18T02:47:25.389+0000] {processor.py:183} INFO - Processing /home/airflow/.local/lib/python3.12/site-packages/airflow/example_dags/example_branch_python_dop_operator_3.py took 0.129 seconds
[2024-07-18T03:28:37.179+0000] {processor.py:161} INFO - Started process (PID=4542) to work on /home/airflow/.local/lib/python3.12/site-packages/airflow/example_dags/example_branch_python_dop_operator_3.py
[2024-07-18T03:28:37.181+0000] {processor.py:830} INFO - Processing file /home/airflow/.local/lib/python3.12/site-packages/airflow/example_dags/example_branch_python_dop_operator_3.py for tasks to queue
[2024-07-18T03:28:37.182+0000] {logging_mixin.py:188} INFO - [2024-07-18T03:28:37.182+0000] {dagbag.py:545} INFO - Filling up the DagBag from /home/airflow/.local/lib/python3.12/site-packages/airflow/example_dags/example_branch_python_dop_operator_3.py
[2024-07-18T03:28:37.193+0000] {processor.py:840} INFO - DAG(s) 'example_branch_dop_operator_v3' retrieved from /home/airflow/.local/lib/python3.12/site-packages/airflow/example_dags/example_branch_python_dop_operator_3.py
[2024-07-18T03:28:37.216+0000] {logging_mixin.py:188} INFO - [2024-07-18T03:28:37.216+0000] {dag.py:3089} INFO - Sync 1 DAGs
[2024-07-18T03:28:37.243+0000] {logging_mixin.py:188} INFO - [2024-07-18T03:28:37.243+0000] {dag.py:3947} INFO - Setting next_dagrun for example_branch_dop_operator_v3 to 2024-07-18 03:27:00+00:00, run_after=2024-07-18 03:28:00+00:00
[2024-07-18T03:28:37.263+0000] {processor.py:183} INFO - Processing /home/airflow/.local/lib/python3.12/site-packages/airflow/example_dags/example_branch_python_dop_operator_3.py took 0.091 seconds
[2024-07-18T15:23:45.327+0000] {processor.py:161} INFO - Started process (PID=4602) to work on /home/airflow/.local/lib/python3.12/site-packages/airflow/example_dags/example_branch_python_dop_operator_3.py
[2024-07-18T15:23:45.356+0000] {processor.py:830} INFO - Processing file /home/airflow/.local/lib/python3.12/site-packages/airflow/example_dags/example_branch_python_dop_operator_3.py for tasks to queue
[2024-07-18T15:23:45.357+0000] {logging_mixin.py:188} INFO - [2024-07-18T15:23:45.357+0000] {dagbag.py:545} INFO - Filling up the DagBag from /home/airflow/.local/lib/python3.12/site-packages/airflow/example_dags/example_branch_python_dop_operator_3.py
[2024-07-18T15:23:45.366+0000] {processor.py:840} INFO - DAG(s) 'example_branch_dop_operator_v3' retrieved from /home/airflow/.local/lib/python3.12/site-packages/airflow/example_dags/example_branch_python_dop_operator_3.py
[2024-07-18T15:23:45.388+0000] {logging_mixin.py:188} INFO - [2024-07-18T15:23:45.387+0000] {dag.py:3089} INFO - Sync 1 DAGs
[2024-07-18T15:23:45.417+0000] {logging_mixin.py:188} INFO - [2024-07-18T15:23:45.417+0000] {dag.py:3947} INFO - Setting next_dagrun for example_branch_dop_operator_v3 to 2024-07-18 15:22:00+00:00, run_after=2024-07-18 15:23:00+00:00
[2024-07-18T15:23:45.443+0000] {processor.py:183} INFO - Processing /home/airflow/.local/lib/python3.12/site-packages/airflow/example_dags/example_branch_python_dop_operator_3.py took 0.123 seconds
[2024-07-18T17:19:38.439+0000] {processor.py:161} INFO - Started process (PID=4662) to work on /home/airflow/.local/lib/python3.12/site-packages/airflow/example_dags/example_branch_python_dop_operator_3.py
[2024-07-18T17:19:38.442+0000] {processor.py:830} INFO - Processing file /home/airflow/.local/lib/python3.12/site-packages/airflow/example_dags/example_branch_python_dop_operator_3.py for tasks to queue
[2024-07-18T17:19:38.443+0000] {logging_mixin.py:188} INFO - [2024-07-18T17:19:38.443+0000] {dagbag.py:545} INFO - Filling up the DagBag from /home/airflow/.local/lib/python3.12/site-packages/airflow/example_dags/example_branch_python_dop_operator_3.py
[2024-07-18T17:19:38.460+0000] {processor.py:840} INFO - DAG(s) 'example_branch_dop_operator_v3' retrieved from /home/airflow/.local/lib/python3.12/site-packages/airflow/example_dags/example_branch_python_dop_operator_3.py
[2024-07-18T17:19:38.503+0000] {logging_mixin.py:188} INFO - [2024-07-18T17:19:38.502+0000] {dag.py:3089} INFO - Sync 1 DAGs
[2024-07-18T17:19:38.541+0000] {logging_mixin.py:188} INFO - [2024-07-18T17:19:38.540+0000] {dag.py:3947} INFO - Setting next_dagrun for example_branch_dop_operator_v3 to 2024-07-18 17:18:00+00:00, run_after=2024-07-18 17:19:00+00:00
[2024-07-18T17:19:38.610+0000] {processor.py:183} INFO - Processing /home/airflow/.local/lib/python3.12/site-packages/airflow/example_dags/example_branch_python_dop_operator_3.py took 0.183 seconds
[2024-07-18T17:20:09.004+0000] {processor.py:161} INFO - Started process (PID=4722) to work on /home/airflow/.local/lib/python3.12/site-packages/airflow/example_dags/example_branch_python_dop_operator_3.py
[2024-07-18T17:20:09.006+0000] {processor.py:830} INFO - Processing file /home/airflow/.local/lib/python3.12/site-packages/airflow/example_dags/example_branch_python_dop_operator_3.py for tasks to queue
[2024-07-18T17:20:09.007+0000] {logging_mixin.py:188} INFO - [2024-07-18T17:20:09.007+0000] {dagbag.py:545} INFO - Filling up the DagBag from /home/airflow/.local/lib/python3.12/site-packages/airflow/example_dags/example_branch_python_dop_operator_3.py
[2024-07-18T17:20:09.021+0000] {processor.py:840} INFO - DAG(s) 'example_branch_dop_operator_v3' retrieved from /home/airflow/.local/lib/python3.12/site-packages/airflow/example_dags/example_branch_python_dop_operator_3.py
[2024-07-18T17:20:09.052+0000] {logging_mixin.py:188} INFO - [2024-07-18T17:20:09.051+0000] {dag.py:3089} INFO - Sync 1 DAGs
[2024-07-18T17:20:09.162+0000] {logging_mixin.py:188} INFO - [2024-07-18T17:20:09.162+0000] {dag.py:3947} INFO - Setting next_dagrun for example_branch_dop_operator_v3 to 2024-07-18 17:19:00+00:00, run_after=2024-07-18 17:20:00+00:00
[2024-07-18T17:20:09.185+0000] {processor.py:183} INFO - Processing /home/airflow/.local/lib/python3.12/site-packages/airflow/example_dags/example_branch_python_dop_operator_3.py took 0.189 seconds
[2024-07-18T17:20:39.898+0000] {processor.py:161} INFO - Started process (PID=4781) to work on /home/airflow/.local/lib/python3.12/site-packages/airflow/example_dags/example_branch_python_dop_operator_3.py
[2024-07-18T17:20:39.899+0000] {processor.py:830} INFO - Processing file /home/airflow/.local/lib/python3.12/site-packages/airflow/example_dags/example_branch_python_dop_operator_3.py for tasks to queue
[2024-07-18T17:20:39.901+0000] {logging_mixin.py:188} INFO - [2024-07-18T17:20:39.901+0000] {dagbag.py:545} INFO - Filling up the DagBag from /home/airflow/.local/lib/python3.12/site-packages/airflow/example_dags/example_branch_python_dop_operator_3.py
[2024-07-18T17:20:39.913+0000] {processor.py:840} INFO - DAG(s) 'example_branch_dop_operator_v3' retrieved from /home/airflow/.local/lib/python3.12/site-packages/airflow/example_dags/example_branch_python_dop_operator_3.py
[2024-07-18T17:20:40.013+0000] {logging_mixin.py:188} INFO - [2024-07-18T17:20:40.013+0000] {dag.py:3089} INFO - Sync 1 DAGs
[2024-07-18T17:20:40.041+0000] {logging_mixin.py:188} INFO - [2024-07-18T17:20:40.041+0000] {dag.py:3947} INFO - Setting next_dagrun for example_branch_dop_operator_v3 to 2024-07-18 17:19:00+00:00, run_after=2024-07-18 17:20:00+00:00
[2024-07-18T17:20:40.062+0000] {processor.py:183} INFO - Processing /home/airflow/.local/lib/python3.12/site-packages/airflow/example_dags/example_branch_python_dop_operator_3.py took 0.172 seconds
[2024-07-18T17:21:10.296+0000] {processor.py:161} INFO - Started process (PID=4841) to work on /home/airflow/.local/lib/python3.12/site-packages/airflow/example_dags/example_branch_python_dop_operator_3.py
[2024-07-18T17:21:10.297+0000] {processor.py:830} INFO - Processing file /home/airflow/.local/lib/python3.12/site-packages/airflow/example_dags/example_branch_python_dop_operator_3.py for tasks to queue
[2024-07-18T17:21:10.298+0000] {logging_mixin.py:188} INFO - [2024-07-18T17:21:10.298+0000] {dagbag.py:545} INFO - Filling up the DagBag from /home/airflow/.local/lib/python3.12/site-packages/airflow/example_dags/example_branch_python_dop_operator_3.py
[2024-07-18T17:21:10.306+0000] {processor.py:840} INFO - DAG(s) 'example_branch_dop_operator_v3' retrieved from /home/airflow/.local/lib/python3.12/site-packages/airflow/example_dags/example_branch_python_dop_operator_3.py
[2024-07-18T17:21:10.326+0000] {logging_mixin.py:188} INFO - [2024-07-18T17:21:10.325+0000] {dag.py:3089} INFO - Sync 1 DAGs
[2024-07-18T17:21:10.348+0000] {logging_mixin.py:188} INFO - [2024-07-18T17:21:10.347+0000] {dag.py:3947} INFO - Setting next_dagrun for example_branch_dop_operator_v3 to 2024-07-18 17:20:00+00:00, run_after=2024-07-18 17:21:00+00:00
[2024-07-18T17:21:10.364+0000] {processor.py:183} INFO - Processing /home/airflow/.local/lib/python3.12/site-packages/airflow/example_dags/example_branch_python_dop_operator_3.py took 0.075 seconds
[2024-07-18T17:21:40.648+0000] {processor.py:161} INFO - Started process (PID=4901) to work on /home/airflow/.local/lib/python3.12/site-packages/airflow/example_dags/example_branch_python_dop_operator_3.py
[2024-07-18T17:21:40.649+0000] {processor.py:830} INFO - Processing file /home/airflow/.local/lib/python3.12/site-packages/airflow/example_dags/example_branch_python_dop_operator_3.py for tasks to queue
[2024-07-18T17:21:40.651+0000] {logging_mixin.py:188} INFO - [2024-07-18T17:21:40.650+0000] {dagbag.py:545} INFO - Filling up the DagBag from /home/airflow/.local/lib/python3.12/site-packages/airflow/example_dags/example_branch_python_dop_operator_3.py
[2024-07-18T17:21:40.660+0000] {processor.py:840} INFO - DAG(s) 'example_branch_dop_operator_v3' retrieved from /home/airflow/.local/lib/python3.12/site-packages/airflow/example_dags/example_branch_python_dop_operator_3.py
[2024-07-18T17:21:40.684+0000] {logging_mixin.py:188} INFO - [2024-07-18T17:21:40.683+0000] {dag.py:3089} INFO - Sync 1 DAGs
[2024-07-18T17:21:40.709+0000] {logging_mixin.py:188} INFO - [2024-07-18T17:21:40.709+0000] {dag.py:3947} INFO - Setting next_dagrun for example_branch_dop_operator_v3 to 2024-07-18 17:20:00+00:00, run_after=2024-07-18 17:21:00+00:00
[2024-07-18T17:21:40.729+0000] {processor.py:183} INFO - Processing /home/airflow/.local/lib/python3.12/site-packages/airflow/example_dags/example_branch_python_dop_operator_3.py took 0.088 seconds
[2024-07-18T17:22:11.779+0000] {processor.py:161} INFO - Started process (PID=4961) to work on /home/airflow/.local/lib/python3.12/site-packages/airflow/example_dags/example_branch_python_dop_operator_3.py
[2024-07-18T17:22:11.781+0000] {processor.py:830} INFO - Processing file /home/airflow/.local/lib/python3.12/site-packages/airflow/example_dags/example_branch_python_dop_operator_3.py for tasks to queue
[2024-07-18T17:22:11.782+0000] {logging_mixin.py:188} INFO - [2024-07-18T17:22:11.781+0000] {dagbag.py:545} INFO - Filling up the DagBag from /home/airflow/.local/lib/python3.12/site-packages/airflow/example_dags/example_branch_python_dop_operator_3.py
[2024-07-18T17:22:11.791+0000] {processor.py:840} INFO - DAG(s) 'example_branch_dop_operator_v3' retrieved from /home/airflow/.local/lib/python3.12/site-packages/airflow/example_dags/example_branch_python_dop_operator_3.py
[2024-07-18T17:22:11.813+0000] {logging_mixin.py:188} INFO - [2024-07-18T17:22:11.812+0000] {dag.py:3089} INFO - Sync 1 DAGs
[2024-07-18T17:22:11.838+0000] {logging_mixin.py:188} INFO - [2024-07-18T17:22:11.838+0000] {dag.py:3947} INFO - Setting next_dagrun for example_branch_dop_operator_v3 to 2024-07-18 17:21:00+00:00, run_after=2024-07-18 17:22:00+00:00
[2024-07-18T17:22:11.859+0000] {processor.py:183} INFO - Processing /home/airflow/.local/lib/python3.12/site-packages/airflow/example_dags/example_branch_python_dop_operator_3.py took 0.086 seconds
[2024-07-18T17:22:42.772+0000] {processor.py:161} INFO - Started process (PID=5020) to work on /home/airflow/.local/lib/python3.12/site-packages/airflow/example_dags/example_branch_python_dop_operator_3.py
[2024-07-18T17:22:42.773+0000] {processor.py:830} INFO - Processing file /home/airflow/.local/lib/python3.12/site-packages/airflow/example_dags/example_branch_python_dop_operator_3.py for tasks to queue
[2024-07-18T17:22:42.774+0000] {logging_mixin.py:188} INFO - [2024-07-18T17:22:42.774+0000] {dagbag.py:545} INFO - Filling up the DagBag from /home/airflow/.local/lib/python3.12/site-packages/airflow/example_dags/example_branch_python_dop_operator_3.py
[2024-07-18T17:22:42.783+0000] {processor.py:840} INFO - DAG(s) 'example_branch_dop_operator_v3' retrieved from /home/airflow/.local/lib/python3.12/site-packages/airflow/example_dags/example_branch_python_dop_operator_3.py
[2024-07-18T17:22:42.806+0000] {logging_mixin.py:188} INFO - [2024-07-18T17:22:42.805+0000] {dag.py:3089} INFO - Sync 1 DAGs
[2024-07-18T17:22:42.830+0000] {logging_mixin.py:188} INFO - [2024-07-18T17:22:42.830+0000] {dag.py:3947} INFO - Setting next_dagrun for example_branch_dop_operator_v3 to 2024-07-18 17:21:00+00:00, run_after=2024-07-18 17:22:00+00:00
[2024-07-18T17:22:42.849+0000] {processor.py:183} INFO - Processing /home/airflow/.local/lib/python3.12/site-packages/airflow/example_dags/example_branch_python_dop_operator_3.py took 0.084 seconds
[2024-07-18T17:23:12.976+0000] {processor.py:161} INFO - Started process (PID=5080) to work on /home/airflow/.local/lib/python3.12/site-packages/airflow/example_dags/example_branch_python_dop_operator_3.py
[2024-07-18T17:23:12.977+0000] {processor.py:830} INFO - Processing file /home/airflow/.local/lib/python3.12/site-packages/airflow/example_dags/example_branch_python_dop_operator_3.py for tasks to queue
[2024-07-18T17:23:12.979+0000] {logging_mixin.py:188} INFO - [2024-07-18T17:23:12.978+0000] {dagbag.py:545} INFO - Filling up the DagBag from /home/airflow/.local/lib/python3.12/site-packages/airflow/example_dags/example_branch_python_dop_operator_3.py
[2024-07-18T17:23:12.988+0000] {processor.py:840} INFO - DAG(s) 'example_branch_dop_operator_v3' retrieved from /home/airflow/.local/lib/python3.12/site-packages/airflow/example_dags/example_branch_python_dop_operator_3.py
[2024-07-18T17:23:13.012+0000] {logging_mixin.py:188} INFO - [2024-07-18T17:23:13.011+0000] {dag.py:3089} INFO - Sync 1 DAGs
[2024-07-18T17:23:13.039+0000] {logging_mixin.py:188} INFO - [2024-07-18T17:23:13.038+0000] {dag.py:3947} INFO - Setting next_dagrun for example_branch_dop_operator_v3 to 2024-07-18 17:22:00+00:00, run_after=2024-07-18 17:23:00+00:00
[2024-07-18T17:23:13.058+0000] {processor.py:183} INFO - Processing /home/airflow/.local/lib/python3.12/site-packages/airflow/example_dags/example_branch_python_dop_operator_3.py took 0.089 seconds
[2024-07-18T17:23:43.439+0000] {processor.py:161} INFO - Started process (PID=5140) to work on /home/airflow/.local/lib/python3.12/site-packages/airflow/example_dags/example_branch_python_dop_operator_3.py
[2024-07-18T17:23:43.440+0000] {processor.py:830} INFO - Processing file /home/airflow/.local/lib/python3.12/site-packages/airflow/example_dags/example_branch_python_dop_operator_3.py for tasks to queue
[2024-07-18T17:23:43.442+0000] {logging_mixin.py:188} INFO - [2024-07-18T17:23:43.441+0000] {dagbag.py:545} INFO - Filling up the DagBag from /home/airflow/.local/lib/python3.12/site-packages/airflow/example_dags/example_branch_python_dop_operator_3.py
[2024-07-18T17:23:43.451+0000] {processor.py:840} INFO - DAG(s) 'example_branch_dop_operator_v3' retrieved from /home/airflow/.local/lib/python3.12/site-packages/airflow/example_dags/example_branch_python_dop_operator_3.py
[2024-07-18T17:23:43.474+0000] {logging_mixin.py:188} INFO - [2024-07-18T17:23:43.474+0000] {dag.py:3089} INFO - Sync 1 DAGs
[2024-07-18T17:23:43.539+0000] {logging_mixin.py:188} INFO - [2024-07-18T17:23:43.538+0000] {dag.py:3947} INFO - Setting next_dagrun for example_branch_dop_operator_v3 to 2024-07-18 17:22:00+00:00, run_after=2024-07-18 17:23:00+00:00
[2024-07-18T17:23:43.555+0000] {processor.py:183} INFO - Processing /home/airflow/.local/lib/python3.12/site-packages/airflow/example_dags/example_branch_python_dop_operator_3.py took 0.123 seconds
[2024-07-18T17:33:23.053+0000] {processor.py:161} INFO - Started process (PID=5201) to work on /home/airflow/.local/lib/python3.12/site-packages/airflow/example_dags/example_branch_python_dop_operator_3.py
[2024-07-18T17:33:23.055+0000] {processor.py:830} INFO - Processing file /home/airflow/.local/lib/python3.12/site-packages/airflow/example_dags/example_branch_python_dop_operator_3.py for tasks to queue
[2024-07-18T17:33:23.056+0000] {logging_mixin.py:188} INFO - [2024-07-18T17:33:23.055+0000] {dagbag.py:545} INFO - Filling up the DagBag from /home/airflow/.local/lib/python3.12/site-packages/airflow/example_dags/example_branch_python_dop_operator_3.py
[2024-07-18T17:33:23.066+0000] {processor.py:840} INFO - DAG(s) 'example_branch_dop_operator_v3' retrieved from /home/airflow/.local/lib/python3.12/site-packages/airflow/example_dags/example_branch_python_dop_operator_3.py
[2024-07-18T17:33:23.107+0000] {logging_mixin.py:188} INFO - [2024-07-18T17:33:23.106+0000] {dag.py:3089} INFO - Sync 1 DAGs
[2024-07-18T17:33:23.179+0000] {logging_mixin.py:188} INFO - [2024-07-18T17:33:23.179+0000] {dag.py:3947} INFO - Setting next_dagrun for example_branch_dop_operator_v3 to 2024-07-18 17:32:00+00:00, run_after=2024-07-18 17:33:00+00:00
[2024-07-18T17:33:23.211+0000] {processor.py:183} INFO - Processing /home/airflow/.local/lib/python3.12/site-packages/airflow/example_dags/example_branch_python_dop_operator_3.py took 0.165 seconds
[2024-07-18T17:33:59.647+0000] {processor.py:161} INFO - Started process (PID=5261) to work on /home/airflow/.local/lib/python3.12/site-packages/airflow/example_dags/example_branch_python_dop_operator_3.py
[2024-07-18T17:33:59.649+0000] {processor.py:830} INFO - Processing file /home/airflow/.local/lib/python3.12/site-packages/airflow/example_dags/example_branch_python_dop_operator_3.py for tasks to queue
[2024-07-18T17:33:59.650+0000] {logging_mixin.py:188} INFO - [2024-07-18T17:33:59.650+0000] {dagbag.py:545} INFO - Filling up the DagBag from /home/airflow/.local/lib/python3.12/site-packages/airflow/example_dags/example_branch_python_dop_operator_3.py
[2024-07-18T17:33:59.661+0000] {processor.py:840} INFO - DAG(s) 'example_branch_dop_operator_v3' retrieved from /home/airflow/.local/lib/python3.12/site-packages/airflow/example_dags/example_branch_python_dop_operator_3.py
[2024-07-18T17:33:59.686+0000] {logging_mixin.py:188} INFO - [2024-07-18T17:33:59.686+0000] {dag.py:3089} INFO - Sync 1 DAGs
[2024-07-18T17:33:59.717+0000] {logging_mixin.py:188} INFO - [2024-07-18T17:33:59.717+0000] {dag.py:3947} INFO - Setting next_dagrun for example_branch_dop_operator_v3 to 2024-07-18 17:32:00+00:00, run_after=2024-07-18 17:33:00+00:00
[2024-07-18T17:33:59.746+0000] {processor.py:183} INFO - Processing /home/airflow/.local/lib/python3.12/site-packages/airflow/example_dags/example_branch_python_dop_operator_3.py took 0.107 seconds
[2024-07-18T17:34:45.458+0000] {processor.py:161} INFO - Started process (PID=5320) to work on /home/airflow/.local/lib/python3.12/site-packages/airflow/example_dags/example_branch_python_dop_operator_3.py
[2024-07-18T17:34:45.459+0000] {processor.py:830} INFO - Processing file /home/airflow/.local/lib/python3.12/site-packages/airflow/example_dags/example_branch_python_dop_operator_3.py for tasks to queue
[2024-07-18T17:34:45.461+0000] {logging_mixin.py:188} INFO - [2024-07-18T17:34:45.460+0000] {dagbag.py:545} INFO - Filling up the DagBag from /home/airflow/.local/lib/python3.12/site-packages/airflow/example_dags/example_branch_python_dop_operator_3.py
[2024-07-18T17:34:45.472+0000] {processor.py:840} INFO - DAG(s) 'example_branch_dop_operator_v3' retrieved from /home/airflow/.local/lib/python3.12/site-packages/airflow/example_dags/example_branch_python_dop_operator_3.py
[2024-07-18T17:34:45.496+0000] {logging_mixin.py:188} INFO - [2024-07-18T17:34:45.496+0000] {dag.py:3089} INFO - Sync 1 DAGs
[2024-07-18T17:34:45.525+0000] {logging_mixin.py:188} INFO - [2024-07-18T17:34:45.525+0000] {dag.py:3947} INFO - Setting next_dagrun for example_branch_dop_operator_v3 to 2024-07-18 17:33:00+00:00, run_after=2024-07-18 17:34:00+00:00
[2024-07-18T17:34:45.558+0000] {processor.py:183} INFO - Processing /home/airflow/.local/lib/python3.12/site-packages/airflow/example_dags/example_branch_python_dop_operator_3.py took 0.107 seconds
[2024-07-18T17:35:21.130+0000] {processor.py:161} INFO - Started process (PID=5386) to work on /home/airflow/.local/lib/python3.12/site-packages/airflow/example_dags/example_branch_python_dop_operator_3.py
[2024-07-18T17:35:21.132+0000] {processor.py:830} INFO - Processing file /home/airflow/.local/lib/python3.12/site-packages/airflow/example_dags/example_branch_python_dop_operator_3.py for tasks to queue
[2024-07-18T17:35:21.133+0000] {logging_mixin.py:188} INFO - [2024-07-18T17:35:21.133+0000] {dagbag.py:545} INFO - Filling up the DagBag from /home/airflow/.local/lib/python3.12/site-packages/airflow/example_dags/example_branch_python_dop_operator_3.py
[2024-07-18T17:35:21.146+0000] {processor.py:840} INFO - DAG(s) 'example_branch_dop_operator_v3' retrieved from /home/airflow/.local/lib/python3.12/site-packages/airflow/example_dags/example_branch_python_dop_operator_3.py
[2024-07-18T17:35:21.261+0000] {logging_mixin.py:188} INFO - [2024-07-18T17:35:21.260+0000] {dag.py:3089} INFO - Sync 1 DAGs
[2024-07-18T17:35:21.286+0000] {logging_mixin.py:188} INFO - [2024-07-18T17:35:21.285+0000] {dag.py:3947} INFO - Setting next_dagrun for example_branch_dop_operator_v3 to 2024-07-18 17:34:00+00:00, run_after=2024-07-18 17:35:00+00:00
[2024-07-18T17:35:21.306+0000] {processor.py:183} INFO - Processing /home/airflow/.local/lib/python3.12/site-packages/airflow/example_dags/example_branch_python_dop_operator_3.py took 0.184 seconds
[2024-07-18T17:41:26.778+0000] {processor.py:161} INFO - Started process (PID=5446) to work on /home/airflow/.local/lib/python3.12/site-packages/airflow/example_dags/example_branch_python_dop_operator_3.py
[2024-07-18T17:41:26.779+0000] {processor.py:830} INFO - Processing file /home/airflow/.local/lib/python3.12/site-packages/airflow/example_dags/example_branch_python_dop_operator_3.py for tasks to queue
[2024-07-18T17:41:26.781+0000] {logging_mixin.py:188} INFO - [2024-07-18T17:41:26.780+0000] {dagbag.py:545} INFO - Filling up the DagBag from /home/airflow/.local/lib/python3.12/site-packages/airflow/example_dags/example_branch_python_dop_operator_3.py
[2024-07-18T17:41:26.791+0000] {processor.py:840} INFO - DAG(s) 'example_branch_dop_operator_v3' retrieved from /home/airflow/.local/lib/python3.12/site-packages/airflow/example_dags/example_branch_python_dop_operator_3.py
[2024-07-18T17:41:26.815+0000] {logging_mixin.py:188} INFO - [2024-07-18T17:41:26.815+0000] {dag.py:3089} INFO - Sync 1 DAGs
[2024-07-18T17:41:26.842+0000] {logging_mixin.py:188} INFO - [2024-07-18T17:41:26.842+0000] {dag.py:3947} INFO - Setting next_dagrun for example_branch_dop_operator_v3 to 2024-07-18 17:40:00+00:00, run_after=2024-07-18 17:41:00+00:00
[2024-07-18T17:41:26.862+0000] {processor.py:183} INFO - Processing /home/airflow/.local/lib/python3.12/site-packages/airflow/example_dags/example_branch_python_dop_operator_3.py took 0.092 seconds
[2024-07-18T17:44:41.262+0000] {processor.py:161} INFO - Started process (PID=5511) to work on /home/airflow/.local/lib/python3.12/site-packages/airflow/example_dags/example_branch_python_dop_operator_3.py
[2024-07-18T17:44:41.263+0000] {processor.py:830} INFO - Processing file /home/airflow/.local/lib/python3.12/site-packages/airflow/example_dags/example_branch_python_dop_operator_3.py for tasks to queue
[2024-07-18T17:44:41.264+0000] {logging_mixin.py:188} INFO - [2024-07-18T17:44:41.264+0000] {dagbag.py:545} INFO - Filling up the DagBag from /home/airflow/.local/lib/python3.12/site-packages/airflow/example_dags/example_branch_python_dop_operator_3.py
[2024-07-18T17:44:41.275+0000] {processor.py:840} INFO - DAG(s) 'example_branch_dop_operator_v3' retrieved from /home/airflow/.local/lib/python3.12/site-packages/airflow/example_dags/example_branch_python_dop_operator_3.py
[2024-07-18T17:44:41.300+0000] {logging_mixin.py:188} INFO - [2024-07-18T17:44:41.300+0000] {dag.py:3089} INFO - Sync 1 DAGs
[2024-07-18T17:44:41.332+0000] {logging_mixin.py:188} INFO - [2024-07-18T17:44:41.332+0000] {dag.py:3947} INFO - Setting next_dagrun for example_branch_dop_operator_v3 to 2024-07-18 17:43:00+00:00, run_after=2024-07-18 17:44:00+00:00
[2024-07-18T17:44:41.357+0000] {processor.py:183} INFO - Processing /home/airflow/.local/lib/python3.12/site-packages/airflow/example_dags/example_branch_python_dop_operator_3.py took 0.104 seconds
[2024-07-18T17:47:00.926+0000] {processor.py:161} INFO - Started process (PID=5571) to work on /home/airflow/.local/lib/python3.12/site-packages/airflow/example_dags/example_branch_python_dop_operator_3.py
[2024-07-18T17:47:00.927+0000] {processor.py:830} INFO - Processing file /home/airflow/.local/lib/python3.12/site-packages/airflow/example_dags/example_branch_python_dop_operator_3.py for tasks to queue
[2024-07-18T17:47:00.929+0000] {logging_mixin.py:188} INFO - [2024-07-18T17:47:00.928+0000] {dagbag.py:545} INFO - Filling up the DagBag from /home/airflow/.local/lib/python3.12/site-packages/airflow/example_dags/example_branch_python_dop_operator_3.py
[2024-07-18T17:47:00.940+0000] {processor.py:840} INFO - DAG(s) 'example_branch_dop_operator_v3' retrieved from /home/airflow/.local/lib/python3.12/site-packages/airflow/example_dags/example_branch_python_dop_operator_3.py
[2024-07-18T17:47:00.968+0000] {logging_mixin.py:188} INFO - [2024-07-18T17:47:00.967+0000] {dag.py:3089} INFO - Sync 1 DAGs
[2024-07-18T17:47:00.997+0000] {logging_mixin.py:188} INFO - [2024-07-18T17:47:00.997+0000] {dag.py:3947} INFO - Setting next_dagrun for example_branch_dop_operator_v3 to 2024-07-18 17:46:00+00:00, run_after=2024-07-18 17:47:00+00:00
[2024-07-18T17:47:01.023+0000] {processor.py:183} INFO - Processing /home/airflow/.local/lib/python3.12/site-packages/airflow/example_dags/example_branch_python_dop_operator_3.py took 0.105 seconds
[2024-07-18T17:53:30.356+0000] {processor.py:161} INFO - Started process (PID=5631) to work on /home/airflow/.local/lib/python3.12/site-packages/airflow/example_dags/example_branch_python_dop_operator_3.py
[2024-07-18T17:53:30.358+0000] {processor.py:830} INFO - Processing file /home/airflow/.local/lib/python3.12/site-packages/airflow/example_dags/example_branch_python_dop_operator_3.py for tasks to queue
[2024-07-18T17:53:30.359+0000] {logging_mixin.py:188} INFO - [2024-07-18T17:53:30.359+0000] {dagbag.py:545} INFO - Filling up the DagBag from /home/airflow/.local/lib/python3.12/site-packages/airflow/example_dags/example_branch_python_dop_operator_3.py
[2024-07-18T17:53:30.370+0000] {processor.py:840} INFO - DAG(s) 'example_branch_dop_operator_v3' retrieved from /home/airflow/.local/lib/python3.12/site-packages/airflow/example_dags/example_branch_python_dop_operator_3.py
[2024-07-18T17:53:30.398+0000] {logging_mixin.py:188} INFO - [2024-07-18T17:53:30.397+0000] {dag.py:3089} INFO - Sync 1 DAGs
[2024-07-18T17:53:30.458+0000] {logging_mixin.py:188} INFO - [2024-07-18T17:53:30.458+0000] {dag.py:3947} INFO - Setting next_dagrun for example_branch_dop_operator_v3 to 2024-07-18 17:52:00+00:00, run_after=2024-07-18 17:53:00+00:00
[2024-07-18T17:53:30.479+0000] {processor.py:183} INFO - Processing /home/airflow/.local/lib/python3.12/site-packages/airflow/example_dags/example_branch_python_dop_operator_3.py took 0.132 seconds
[2024-07-18T18:42:28.951+0000] {processor.py:161} INFO - Started process (PID=5691) to work on /home/airflow/.local/lib/python3.12/site-packages/airflow/example_dags/example_branch_python_dop_operator_3.py
[2024-07-18T18:42:28.953+0000] {processor.py:830} INFO - Processing file /home/airflow/.local/lib/python3.12/site-packages/airflow/example_dags/example_branch_python_dop_operator_3.py for tasks to queue
[2024-07-18T18:42:28.955+0000] {logging_mixin.py:188} INFO - [2024-07-18T18:42:28.954+0000] {dagbag.py:545} INFO - Filling up the DagBag from /home/airflow/.local/lib/python3.12/site-packages/airflow/example_dags/example_branch_python_dop_operator_3.py
[2024-07-18T18:42:28.967+0000] {processor.py:840} INFO - DAG(s) 'example_branch_dop_operator_v3' retrieved from /home/airflow/.local/lib/python3.12/site-packages/airflow/example_dags/example_branch_python_dop_operator_3.py
[2024-07-18T18:42:28.997+0000] {logging_mixin.py:188} INFO - [2024-07-18T18:42:28.996+0000] {dag.py:3089} INFO - Sync 1 DAGs
[2024-07-18T18:42:29.056+0000] {logging_mixin.py:188} INFO - [2024-07-18T18:42:29.055+0000] {dag.py:3947} INFO - Setting next_dagrun for example_branch_dop_operator_v3 to 2024-07-18 18:41:00+00:00, run_after=2024-07-18 18:42:00+00:00
[2024-07-18T18:42:29.082+0000] {processor.py:183} INFO - Processing /home/airflow/.local/lib/python3.12/site-packages/airflow/example_dags/example_branch_python_dop_operator_3.py took 0.140 seconds
[2024-07-18T21:44:04.902+0000] {processor.py:161} INFO - Started process (PID=5759) to work on /home/airflow/.local/lib/python3.12/site-packages/airflow/example_dags/example_branch_python_dop_operator_3.py
[2024-07-18T21:44:04.904+0000] {processor.py:830} INFO - Processing file /home/airflow/.local/lib/python3.12/site-packages/airflow/example_dags/example_branch_python_dop_operator_3.py for tasks to queue
[2024-07-18T21:44:04.907+0000] {logging_mixin.py:188} INFO - [2024-07-18T21:44:04.906+0000] {dagbag.py:545} INFO - Filling up the DagBag from /home/airflow/.local/lib/python3.12/site-packages/airflow/example_dags/example_branch_python_dop_operator_3.py
[2024-07-18T21:44:04.923+0000] {processor.py:840} INFO - DAG(s) 'example_branch_dop_operator_v3' retrieved from /home/airflow/.local/lib/python3.12/site-packages/airflow/example_dags/example_branch_python_dop_operator_3.py
[2024-07-18T21:44:04.980+0000] {logging_mixin.py:188} INFO - [2024-07-18T21:44:04.979+0000] {dag.py:3089} INFO - Sync 1 DAGs
[2024-07-18T21:44:05.031+0000] {logging_mixin.py:188} INFO - [2024-07-18T21:44:05.031+0000] {dag.py:3947} INFO - Setting next_dagrun for example_branch_dop_operator_v3 to 2024-07-18 21:43:00+00:00, run_after=2024-07-18 21:44:00+00:00
[2024-07-18T21:44:05.119+0000] {processor.py:183} INFO - Processing /home/airflow/.local/lib/python3.12/site-packages/airflow/example_dags/example_branch_python_dop_operator_3.py took 0.230 seconds
[2024-07-18T22:38:00.705+0000] {processor.py:161} INFO - Started process (PID=5982) to work on /home/airflow/.local/lib/python3.12/site-packages/airflow/example_dags/example_branch_python_dop_operator_3.py
[2024-07-18T22:38:00.710+0000] {processor.py:830} INFO - Processing file /home/airflow/.local/lib/python3.12/site-packages/airflow/example_dags/example_branch_python_dop_operator_3.py for tasks to queue
[2024-07-18T22:38:00.712+0000] {logging_mixin.py:188} INFO - [2024-07-18T22:38:00.711+0000] {dagbag.py:545} INFO - Filling up the DagBag from /home/airflow/.local/lib/python3.12/site-packages/airflow/example_dags/example_branch_python_dop_operator_3.py
[2024-07-18T22:38:00.723+0000] {processor.py:840} INFO - DAG(s) 'example_branch_dop_operator_v3' retrieved from /home/airflow/.local/lib/python3.12/site-packages/airflow/example_dags/example_branch_python_dop_operator_3.py
[2024-07-18T22:38:00.749+0000] {logging_mixin.py:188} INFO - [2024-07-18T22:38:00.749+0000] {dag.py:3089} INFO - Sync 1 DAGs
[2024-07-18T22:38:00.812+0000] {logging_mixin.py:188} INFO - [2024-07-18T22:38:00.811+0000] {dag.py:3947} INFO - Setting next_dagrun for example_branch_dop_operator_v3 to 2024-07-18 22:37:00+00:00, run_after=2024-07-18 22:38:00+00:00
[2024-07-18T22:38:00.833+0000] {processor.py:183} INFO - Processing /home/airflow/.local/lib/python3.12/site-packages/airflow/example_dags/example_branch_python_dop_operator_3.py took 0.136 seconds
