[2024-07-18T01:27:56.450+0000] {processor.py:161} INFO - Started process (PID=4420) to work on /home/airflow/.local/lib/python3.12/site-packages/airflow/example_dags/example_branch_datetime_operator.py
[2024-07-18T01:27:56.451+0000] {processor.py:830} INFO - Processing file /home/airflow/.local/lib/python3.12/site-packages/airflow/example_dags/example_branch_datetime_operator.py for tasks to queue
[2024-07-18T01:27:56.453+0000] {logging_mixin.py:188} INFO - [2024-07-18T01:27:56.453+0000] {dagbag.py:545} INFO - Filling up the DagBag from /home/airflow/.local/lib/python3.12/site-packages/airflow/example_dags/example_branch_datetime_operator.py
[2024-07-18T01:27:56.465+0000] {processor.py:840} INFO - DAG(s) 'example_branch_datetime_operator_2', 'example_branch_datetime_operator', 'example_branch_datetime_operator_3' retrieved from /home/airflow/.local/lib/python3.12/site-packages/airflow/example_dags/example_branch_datetime_operator.py
[2024-07-18T01:27:56.579+0000] {logging_mixin.py:188} INFO - [2024-07-18T01:27:56.579+0000] {dag.py:3089} INFO - Sync 3 DAGs
[2024-07-18T01:27:56.605+0000] {logging_mixin.py:188} INFO - [2024-07-18T01:27:56.605+0000] {dag.py:3947} INFO - Setting next_dagrun for example_branch_datetime_operator to 2024-07-17 00:00:00+00:00, run_after=2024-07-18 00:00:00+00:00
[2024-07-18T01:27:56.618+0000] {logging_mixin.py:188} INFO - [2024-07-18T01:27:56.618+0000] {dag.py:3947} INFO - Setting next_dagrun for example_branch_datetime_operator_2 to 2024-07-17 00:00:00+00:00, run_after=2024-07-18 00:00:00+00:00
[2024-07-18T01:27:56.631+0000] {logging_mixin.py:188} INFO - [2024-07-18T01:27:56.631+0000] {dag.py:3947} INFO - Setting next_dagrun for example_branch_datetime_operator_3 to 2024-07-17 00:00:00+00:00, run_after=2024-07-18 00:00:00+00:00
[2024-07-18T01:27:56.681+0000] {processor.py:183} INFO - Processing /home/airflow/.local/lib/python3.12/site-packages/airflow/example_dags/example_branch_datetime_operator.py took 0.239 seconds
[2024-07-18T02:47:25.136+0000] {processor.py:161} INFO - Started process (PID=4480) to work on /home/airflow/.local/lib/python3.12/site-packages/airflow/example_dags/example_branch_datetime_operator.py
[2024-07-18T02:47:25.137+0000] {processor.py:830} INFO - Processing file /home/airflow/.local/lib/python3.12/site-packages/airflow/example_dags/example_branch_datetime_operator.py for tasks to queue
[2024-07-18T02:47:25.139+0000] {logging_mixin.py:188} INFO - [2024-07-18T02:47:25.138+0000] {dagbag.py:545} INFO - Filling up the DagBag from /home/airflow/.local/lib/python3.12/site-packages/airflow/example_dags/example_branch_datetime_operator.py
[2024-07-18T02:47:25.150+0000] {processor.py:840} INFO - DAG(s) 'example_branch_datetime_operator_2', 'example_branch_datetime_operator', 'example_branch_datetime_operator_3' retrieved from /home/airflow/.local/lib/python3.12/site-packages/airflow/example_dags/example_branch_datetime_operator.py
[2024-07-18T02:47:25.183+0000] {logging_mixin.py:188} INFO - [2024-07-18T02:47:25.183+0000] {dag.py:3089} INFO - Sync 3 DAGs
[2024-07-18T02:47:25.210+0000] {logging_mixin.py:188} INFO - [2024-07-18T02:47:25.210+0000] {dag.py:3947} INFO - Setting next_dagrun for example_branch_datetime_operator to 2024-07-17 00:00:00+00:00, run_after=2024-07-18 00:00:00+00:00
[2024-07-18T02:47:25.216+0000] {logging_mixin.py:188} INFO - [2024-07-18T02:47:25.216+0000] {dag.py:3947} INFO - Setting next_dagrun for example_branch_datetime_operator_2 to 2024-07-17 00:00:00+00:00, run_after=2024-07-18 00:00:00+00:00
[2024-07-18T02:47:25.220+0000] {logging_mixin.py:188} INFO - [2024-07-18T02:47:25.220+0000] {dag.py:3947} INFO - Setting next_dagrun for example_branch_datetime_operator_3 to 2024-07-17 00:00:00+00:00, run_after=2024-07-18 00:00:00+00:00
[2024-07-18T02:47:25.240+0000] {processor.py:183} INFO - Processing /home/airflow/.local/lib/python3.12/site-packages/airflow/example_dags/example_branch_datetime_operator.py took 0.111 seconds
[2024-07-18T03:28:36.946+0000] {processor.py:161} INFO - Started process (PID=4540) to work on /home/airflow/.local/lib/python3.12/site-packages/airflow/example_dags/example_branch_datetime_operator.py
[2024-07-18T03:28:36.948+0000] {processor.py:830} INFO - Processing file /home/airflow/.local/lib/python3.12/site-packages/airflow/example_dags/example_branch_datetime_operator.py for tasks to queue
[2024-07-18T03:28:36.949+0000] {logging_mixin.py:188} INFO - [2024-07-18T03:28:36.949+0000] {dagbag.py:545} INFO - Filling up the DagBag from /home/airflow/.local/lib/python3.12/site-packages/airflow/example_dags/example_branch_datetime_operator.py
[2024-07-18T03:28:36.961+0000] {processor.py:840} INFO - DAG(s) 'example_branch_datetime_operator_3', 'example_branch_datetime_operator_2', 'example_branch_datetime_operator' retrieved from /home/airflow/.local/lib/python3.12/site-packages/airflow/example_dags/example_branch_datetime_operator.py
[2024-07-18T03:28:37.013+0000] {logging_mixin.py:188} INFO - [2024-07-18T03:28:37.013+0000] {dag.py:3089} INFO - Sync 3 DAGs
[2024-07-18T03:28:37.045+0000] {logging_mixin.py:188} INFO - [2024-07-18T03:28:37.044+0000] {dag.py:3947} INFO - Setting next_dagrun for example_branch_datetime_operator to 2024-07-17 00:00:00+00:00, run_after=2024-07-18 00:00:00+00:00
[2024-07-18T03:28:37.055+0000] {logging_mixin.py:188} INFO - [2024-07-18T03:28:37.054+0000] {dag.py:3947} INFO - Setting next_dagrun for example_branch_datetime_operator_2 to 2024-07-17 00:00:00+00:00, run_after=2024-07-18 00:00:00+00:00
[2024-07-18T03:28:37.059+0000] {logging_mixin.py:188} INFO - [2024-07-18T03:28:37.059+0000] {dag.py:3947} INFO - Setting next_dagrun for example_branch_datetime_operator_3 to 2024-07-17 00:00:00+00:00, run_after=2024-07-18 00:00:00+00:00
[2024-07-18T03:28:37.083+0000] {processor.py:183} INFO - Processing /home/airflow/.local/lib/python3.12/site-packages/airflow/example_dags/example_branch_datetime_operator.py took 0.145 seconds
[2024-07-18T15:23:45.166+0000] {processor.py:161} INFO - Started process (PID=4600) to work on /home/airflow/.local/lib/python3.12/site-packages/airflow/example_dags/example_branch_datetime_operator.py
[2024-07-18T15:23:45.168+0000] {processor.py:830} INFO - Processing file /home/airflow/.local/lib/python3.12/site-packages/airflow/example_dags/example_branch_datetime_operator.py for tasks to queue
[2024-07-18T15:23:45.169+0000] {logging_mixin.py:188} INFO - [2024-07-18T15:23:45.169+0000] {dagbag.py:545} INFO - Filling up the DagBag from /home/airflow/.local/lib/python3.12/site-packages/airflow/example_dags/example_branch_datetime_operator.py
[2024-07-18T15:23:45.182+0000] {processor.py:840} INFO - DAG(s) 'example_branch_datetime_operator_2', 'example_branch_datetime_operator_3', 'example_branch_datetime_operator' retrieved from /home/airflow/.local/lib/python3.12/site-packages/airflow/example_dags/example_branch_datetime_operator.py
[2024-07-18T15:23:45.218+0000] {logging_mixin.py:188} INFO - [2024-07-18T15:23:45.218+0000] {dag.py:3089} INFO - Sync 3 DAGs
[2024-07-18T15:23:45.274+0000] {logging_mixin.py:188} INFO - [2024-07-18T15:23:45.274+0000] {dag.py:3947} INFO - Setting next_dagrun for example_branch_datetime_operator to 2024-07-17 00:00:00+00:00, run_after=2024-07-18 00:00:00+00:00
[2024-07-18T15:23:45.279+0000] {logging_mixin.py:188} INFO - [2024-07-18T15:23:45.279+0000] {dag.py:3947} INFO - Setting next_dagrun for example_branch_datetime_operator_2 to 2024-07-17 00:00:00+00:00, run_after=2024-07-18 00:00:00+00:00
[2024-07-18T15:23:45.282+0000] {logging_mixin.py:188} INFO - [2024-07-18T15:23:45.282+0000] {dag.py:3947} INFO - Setting next_dagrun for example_branch_datetime_operator_3 to 2024-07-17 00:00:00+00:00, run_after=2024-07-18 00:00:00+00:00
[2024-07-18T15:23:45.301+0000] {processor.py:183} INFO - Processing /home/airflow/.local/lib/python3.12/site-packages/airflow/example_dags/example_branch_datetime_operator.py took 0.142 seconds
[2024-07-18T17:19:38.175+0000] {processor.py:161} INFO - Started process (PID=4660) to work on /home/airflow/.local/lib/python3.12/site-packages/airflow/example_dags/example_branch_datetime_operator.py
[2024-07-18T17:19:38.176+0000] {processor.py:830} INFO - Processing file /home/airflow/.local/lib/python3.12/site-packages/airflow/example_dags/example_branch_datetime_operator.py for tasks to queue
[2024-07-18T17:19:38.178+0000] {logging_mixin.py:188} INFO - [2024-07-18T17:19:38.178+0000] {dagbag.py:545} INFO - Filling up the DagBag from /home/airflow/.local/lib/python3.12/site-packages/airflow/example_dags/example_branch_datetime_operator.py
[2024-07-18T17:19:38.190+0000] {processor.py:840} INFO - DAG(s) 'example_branch_datetime_operator', 'example_branch_datetime_operator_3', 'example_branch_datetime_operator_2' retrieved from /home/airflow/.local/lib/python3.12/site-packages/airflow/example_dags/example_branch_datetime_operator.py
[2024-07-18T17:19:38.226+0000] {logging_mixin.py:188} INFO - [2024-07-18T17:19:38.226+0000] {dag.py:3089} INFO - Sync 3 DAGs
[2024-07-18T17:19:38.343+0000] {logging_mixin.py:188} INFO - [2024-07-18T17:19:38.343+0000] {dag.py:3947} INFO - Setting next_dagrun for example_branch_datetime_operator to 2024-07-17 00:00:00+00:00, run_after=2024-07-18 00:00:00+00:00
[2024-07-18T17:19:38.351+0000] {logging_mixin.py:188} INFO - [2024-07-18T17:19:38.350+0000] {dag.py:3947} INFO - Setting next_dagrun for example_branch_datetime_operator_2 to 2024-07-17 00:00:00+00:00, run_after=2024-07-18 00:00:00+00:00
[2024-07-18T17:19:38.355+0000] {logging_mixin.py:188} INFO - [2024-07-18T17:19:38.355+0000] {dag.py:3947} INFO - Setting next_dagrun for example_branch_datetime_operator_3 to 2024-07-17 00:00:00+00:00, run_after=2024-07-18 00:00:00+00:00
[2024-07-18T17:19:38.376+0000] {processor.py:183} INFO - Processing /home/airflow/.local/lib/python3.12/site-packages/airflow/example_dags/example_branch_datetime_operator.py took 0.209 seconds
[2024-07-18T17:20:08.810+0000] {processor.py:161} INFO - Started process (PID=4720) to work on /home/airflow/.local/lib/python3.12/site-packages/airflow/example_dags/example_branch_datetime_operator.py
[2024-07-18T17:20:08.811+0000] {processor.py:830} INFO - Processing file /home/airflow/.local/lib/python3.12/site-packages/airflow/example_dags/example_branch_datetime_operator.py for tasks to queue
[2024-07-18T17:20:08.813+0000] {logging_mixin.py:188} INFO - [2024-07-18T17:20:08.813+0000] {dagbag.py:545} INFO - Filling up the DagBag from /home/airflow/.local/lib/python3.12/site-packages/airflow/example_dags/example_branch_datetime_operator.py
[2024-07-18T17:20:08.835+0000] {processor.py:840} INFO - DAG(s) 'example_branch_datetime_operator_3', 'example_branch_datetime_operator', 'example_branch_datetime_operator_2' retrieved from /home/airflow/.local/lib/python3.12/site-packages/airflow/example_dags/example_branch_datetime_operator.py
[2024-07-18T17:20:08.873+0000] {logging_mixin.py:188} INFO - [2024-07-18T17:20:08.873+0000] {dag.py:3089} INFO - Sync 3 DAGs
[2024-07-18T17:20:08.940+0000] {logging_mixin.py:188} INFO - [2024-07-18T17:20:08.939+0000] {dag.py:3947} INFO - Setting next_dagrun for example_branch_datetime_operator to 2024-07-17 00:00:00+00:00, run_after=2024-07-18 00:00:00+00:00
[2024-07-18T17:20:08.945+0000] {logging_mixin.py:188} INFO - [2024-07-18T17:20:08.944+0000] {dag.py:3947} INFO - Setting next_dagrun for example_branch_datetime_operator_2 to 2024-07-17 00:00:00+00:00, run_after=2024-07-18 00:00:00+00:00
[2024-07-18T17:20:08.948+0000] {logging_mixin.py:188} INFO - [2024-07-18T17:20:08.948+0000] {dag.py:3947} INFO - Setting next_dagrun for example_branch_datetime_operator_3 to 2024-07-17 00:00:00+00:00, run_after=2024-07-18 00:00:00+00:00
[2024-07-18T17:20:08.970+0000] {processor.py:183} INFO - Processing /home/airflow/.local/lib/python3.12/site-packages/airflow/example_dags/example_branch_datetime_operator.py took 0.171 seconds
[2024-07-18T17:20:39.756+0000] {processor.py:161} INFO - Started process (PID=4779) to work on /home/airflow/.local/lib/python3.12/site-packages/airflow/example_dags/example_branch_datetime_operator.py
[2024-07-18T17:20:39.757+0000] {processor.py:830} INFO - Processing file /home/airflow/.local/lib/python3.12/site-packages/airflow/example_dags/example_branch_datetime_operator.py for tasks to queue
[2024-07-18T17:20:39.758+0000] {logging_mixin.py:188} INFO - [2024-07-18T17:20:39.758+0000] {dagbag.py:545} INFO - Filling up the DagBag from /home/airflow/.local/lib/python3.12/site-packages/airflow/example_dags/example_branch_datetime_operator.py
[2024-07-18T17:20:39.772+0000] {processor.py:840} INFO - DAG(s) 'example_branch_datetime_operator', 'example_branch_datetime_operator_3', 'example_branch_datetime_operator_2' retrieved from /home/airflow/.local/lib/python3.12/site-packages/airflow/example_dags/example_branch_datetime_operator.py
[2024-07-18T17:20:39.809+0000] {logging_mixin.py:188} INFO - [2024-07-18T17:20:39.809+0000] {dag.py:3089} INFO - Sync 3 DAGs
[2024-07-18T17:20:39.836+0000] {logging_mixin.py:188} INFO - [2024-07-18T17:20:39.836+0000] {dag.py:3947} INFO - Setting next_dagrun for example_branch_datetime_operator to 2024-07-17 00:00:00+00:00, run_after=2024-07-18 00:00:00+00:00
[2024-07-18T17:20:39.843+0000] {logging_mixin.py:188} INFO - [2024-07-18T17:20:39.842+0000] {dag.py:3947} INFO - Setting next_dagrun for example_branch_datetime_operator_2 to 2024-07-17 00:00:00+00:00, run_after=2024-07-18 00:00:00+00:00
[2024-07-18T17:20:39.846+0000] {logging_mixin.py:188} INFO - [2024-07-18T17:20:39.846+0000] {dag.py:3947} INFO - Setting next_dagrun for example_branch_datetime_operator_3 to 2024-07-17 00:00:00+00:00, run_after=2024-07-18 00:00:00+00:00
[2024-07-18T17:20:39.868+0000] {processor.py:183} INFO - Processing /home/airflow/.local/lib/python3.12/site-packages/airflow/example_dags/example_branch_datetime_operator.py took 0.120 seconds
[2024-07-18T17:21:10.184+0000] {processor.py:161} INFO - Started process (PID=4839) to work on /home/airflow/.local/lib/python3.12/site-packages/airflow/example_dags/example_branch_datetime_operator.py
[2024-07-18T17:21:10.185+0000] {processor.py:830} INFO - Processing file /home/airflow/.local/lib/python3.12/site-packages/airflow/example_dags/example_branch_datetime_operator.py for tasks to queue
[2024-07-18T17:21:10.186+0000] {logging_mixin.py:188} INFO - [2024-07-18T17:21:10.186+0000] {dagbag.py:545} INFO - Filling up the DagBag from /home/airflow/.local/lib/python3.12/site-packages/airflow/example_dags/example_branch_datetime_operator.py
[2024-07-18T17:21:10.197+0000] {processor.py:840} INFO - DAG(s) 'example_branch_datetime_operator_2', 'example_branch_datetime_operator', 'example_branch_datetime_operator_3' retrieved from /home/airflow/.local/lib/python3.12/site-packages/airflow/example_dags/example_branch_datetime_operator.py
[2024-07-18T17:21:10.227+0000] {logging_mixin.py:188} INFO - [2024-07-18T17:21:10.227+0000] {dag.py:3089} INFO - Sync 3 DAGs
[2024-07-18T17:21:10.249+0000] {logging_mixin.py:188} INFO - [2024-07-18T17:21:10.249+0000] {dag.py:3947} INFO - Setting next_dagrun for example_branch_datetime_operator to 2024-07-17 00:00:00+00:00, run_after=2024-07-18 00:00:00+00:00
[2024-07-18T17:21:10.254+0000] {logging_mixin.py:188} INFO - [2024-07-18T17:21:10.254+0000] {dag.py:3947} INFO - Setting next_dagrun for example_branch_datetime_operator_2 to 2024-07-17 00:00:00+00:00, run_after=2024-07-18 00:00:00+00:00
[2024-07-18T17:21:10.257+0000] {logging_mixin.py:188} INFO - [2024-07-18T17:21:10.257+0000] {dag.py:3947} INFO - Setting next_dagrun for example_branch_datetime_operator_3 to 2024-07-17 00:00:00+00:00, run_after=2024-07-18 00:00:00+00:00
[2024-07-18T17:21:10.272+0000] {processor.py:183} INFO - Processing /home/airflow/.local/lib/python3.12/site-packages/airflow/example_dags/example_branch_datetime_operator.py took 0.095 seconds
[2024-07-18T17:21:40.533+0000] {processor.py:161} INFO - Started process (PID=4899) to work on /home/airflow/.local/lib/python3.12/site-packages/airflow/example_dags/example_branch_datetime_operator.py
[2024-07-18T17:21:40.535+0000] {processor.py:830} INFO - Processing file /home/airflow/.local/lib/python3.12/site-packages/airflow/example_dags/example_branch_datetime_operator.py for tasks to queue
[2024-07-18T17:21:40.536+0000] {logging_mixin.py:188} INFO - [2024-07-18T17:21:40.536+0000] {dagbag.py:545} INFO - Filling up the DagBag from /home/airflow/.local/lib/python3.12/site-packages/airflow/example_dags/example_branch_datetime_operator.py
[2024-07-18T17:21:40.548+0000] {processor.py:840} INFO - DAG(s) 'example_branch_datetime_operator_3', 'example_branch_datetime_operator_2', 'example_branch_datetime_operator' retrieved from /home/airflow/.local/lib/python3.12/site-packages/airflow/example_dags/example_branch_datetime_operator.py
[2024-07-18T17:21:40.578+0000] {logging_mixin.py:188} INFO - [2024-07-18T17:21:40.578+0000] {dag.py:3089} INFO - Sync 3 DAGs
[2024-07-18T17:21:40.599+0000] {logging_mixin.py:188} INFO - [2024-07-18T17:21:40.599+0000] {dag.py:3947} INFO - Setting next_dagrun for example_branch_datetime_operator to 2024-07-17 00:00:00+00:00, run_after=2024-07-18 00:00:00+00:00
[2024-07-18T17:21:40.603+0000] {logging_mixin.py:188} INFO - [2024-07-18T17:21:40.603+0000] {dag.py:3947} INFO - Setting next_dagrun for example_branch_datetime_operator_2 to 2024-07-17 00:00:00+00:00, run_after=2024-07-18 00:00:00+00:00
[2024-07-18T17:21:40.606+0000] {logging_mixin.py:188} INFO - [2024-07-18T17:21:40.606+0000] {dag.py:3947} INFO - Setting next_dagrun for example_branch_datetime_operator_3 to 2024-07-17 00:00:00+00:00, run_after=2024-07-18 00:00:00+00:00
[2024-07-18T17:21:40.621+0000] {processor.py:183} INFO - Processing /home/airflow/.local/lib/python3.12/site-packages/airflow/example_dags/example_branch_datetime_operator.py took 0.094 seconds
[2024-07-18T17:22:11.604+0000] {processor.py:161} INFO - Started process (PID=4959) to work on /home/airflow/.local/lib/python3.12/site-packages/airflow/example_dags/example_branch_datetime_operator.py
[2024-07-18T17:22:11.605+0000] {processor.py:830} INFO - Processing file /home/airflow/.local/lib/python3.12/site-packages/airflow/example_dags/example_branch_datetime_operator.py for tasks to queue
[2024-07-18T17:22:11.607+0000] {logging_mixin.py:188} INFO - [2024-07-18T17:22:11.606+0000] {dagbag.py:545} INFO - Filling up the DagBag from /home/airflow/.local/lib/python3.12/site-packages/airflow/example_dags/example_branch_datetime_operator.py
[2024-07-18T17:22:11.619+0000] {processor.py:840} INFO - DAG(s) 'example_branch_datetime_operator_3', 'example_branch_datetime_operator', 'example_branch_datetime_operator_2' retrieved from /home/airflow/.local/lib/python3.12/site-packages/airflow/example_dags/example_branch_datetime_operator.py
[2024-07-18T17:22:11.652+0000] {logging_mixin.py:188} INFO - [2024-07-18T17:22:11.652+0000] {dag.py:3089} INFO - Sync 3 DAGs
[2024-07-18T17:22:11.731+0000] {logging_mixin.py:188} INFO - [2024-07-18T17:22:11.730+0000] {dag.py:3947} INFO - Setting next_dagrun for example_branch_datetime_operator to 2024-07-17 00:00:00+00:00, run_after=2024-07-18 00:00:00+00:00
[2024-07-18T17:22:11.735+0000] {logging_mixin.py:188} INFO - [2024-07-18T17:22:11.735+0000] {dag.py:3947} INFO - Setting next_dagrun for example_branch_datetime_operator_2 to 2024-07-17 00:00:00+00:00, run_after=2024-07-18 00:00:00+00:00
[2024-07-18T17:22:11.738+0000] {logging_mixin.py:188} INFO - [2024-07-18T17:22:11.737+0000] {dag.py:3947} INFO - Setting next_dagrun for example_branch_datetime_operator_3 to 2024-07-17 00:00:00+00:00, run_after=2024-07-18 00:00:00+00:00
[2024-07-18T17:22:11.752+0000] {processor.py:183} INFO - Processing /home/airflow/.local/lib/python3.12/site-packages/airflow/example_dags/example_branch_datetime_operator.py took 0.156 seconds
[2024-07-18T17:22:42.635+0000] {processor.py:161} INFO - Started process (PID=5018) to work on /home/airflow/.local/lib/python3.12/site-packages/airflow/example_dags/example_branch_datetime_operator.py
[2024-07-18T17:22:42.637+0000] {processor.py:830} INFO - Processing file /home/airflow/.local/lib/python3.12/site-packages/airflow/example_dags/example_branch_datetime_operator.py for tasks to queue
[2024-07-18T17:22:42.639+0000] {logging_mixin.py:188} INFO - [2024-07-18T17:22:42.638+0000] {dagbag.py:545} INFO - Filling up the DagBag from /home/airflow/.local/lib/python3.12/site-packages/airflow/example_dags/example_branch_datetime_operator.py
[2024-07-18T17:22:42.655+0000] {processor.py:840} INFO - DAG(s) 'example_branch_datetime_operator_3', 'example_branch_datetime_operator', 'example_branch_datetime_operator_2' retrieved from /home/airflow/.local/lib/python3.12/site-packages/airflow/example_dags/example_branch_datetime_operator.py
[2024-07-18T17:22:42.694+0000] {logging_mixin.py:188} INFO - [2024-07-18T17:22:42.694+0000] {dag.py:3089} INFO - Sync 3 DAGs
[2024-07-18T17:22:42.738+0000] {logging_mixin.py:188} INFO - [2024-07-18T17:22:42.738+0000] {dag.py:3947} INFO - Setting next_dagrun for example_branch_datetime_operator to 2024-07-17 00:00:00+00:00, run_after=2024-07-18 00:00:00+00:00
[2024-07-18T17:22:42.743+0000] {logging_mixin.py:188} INFO - [2024-07-18T17:22:42.743+0000] {dag.py:3947} INFO - Setting next_dagrun for example_branch_datetime_operator_2 to 2024-07-17 00:00:00+00:00, run_after=2024-07-18 00:00:00+00:00
[2024-07-18T17:22:42.746+0000] {logging_mixin.py:188} INFO - [2024-07-18T17:22:42.746+0000] {dag.py:3947} INFO - Setting next_dagrun for example_branch_datetime_operator_3 to 2024-07-17 00:00:00+00:00, run_after=2024-07-18 00:00:00+00:00
[2024-07-18T17:22:42.763+0000] {processor.py:183} INFO - Processing /home/airflow/.local/lib/python3.12/site-packages/airflow/example_dags/example_branch_datetime_operator.py took 0.139 seconds
[2024-07-18T17:23:12.854+0000] {processor.py:161} INFO - Started process (PID=5078) to work on /home/airflow/.local/lib/python3.12/site-packages/airflow/example_dags/example_branch_datetime_operator.py
[2024-07-18T17:23:12.856+0000] {processor.py:830} INFO - Processing file /home/airflow/.local/lib/python3.12/site-packages/airflow/example_dags/example_branch_datetime_operator.py for tasks to queue
[2024-07-18T17:23:12.857+0000] {logging_mixin.py:188} INFO - [2024-07-18T17:23:12.856+0000] {dagbag.py:545} INFO - Filling up the DagBag from /home/airflow/.local/lib/python3.12/site-packages/airflow/example_dags/example_branch_datetime_operator.py
[2024-07-18T17:23:12.869+0000] {processor.py:840} INFO - DAG(s) 'example_branch_datetime_operator_2', 'example_branch_datetime_operator', 'example_branch_datetime_operator_3' retrieved from /home/airflow/.local/lib/python3.12/site-packages/airflow/example_dags/example_branch_datetime_operator.py
[2024-07-18T17:23:12.900+0000] {logging_mixin.py:188} INFO - [2024-07-18T17:23:12.899+0000] {dag.py:3089} INFO - Sync 3 DAGs
[2024-07-18T17:23:12.924+0000] {logging_mixin.py:188} INFO - [2024-07-18T17:23:12.924+0000] {dag.py:3947} INFO - Setting next_dagrun for example_branch_datetime_operator to 2024-07-17 00:00:00+00:00, run_after=2024-07-18 00:00:00+00:00
[2024-07-18T17:23:12.930+0000] {logging_mixin.py:188} INFO - [2024-07-18T17:23:12.930+0000] {dag.py:3947} INFO - Setting next_dagrun for example_branch_datetime_operator_2 to 2024-07-17 00:00:00+00:00, run_after=2024-07-18 00:00:00+00:00
[2024-07-18T17:23:12.933+0000] {logging_mixin.py:188} INFO - [2024-07-18T17:23:12.933+0000] {dag.py:3947} INFO - Setting next_dagrun for example_branch_datetime_operator_3 to 2024-07-17 00:00:00+00:00, run_after=2024-07-18 00:00:00+00:00
[2024-07-18T17:23:12.951+0000] {processor.py:183} INFO - Processing /home/airflow/.local/lib/python3.12/site-packages/airflow/example_dags/example_branch_datetime_operator.py took 0.103 seconds
[2024-07-18T17:23:43.319+0000] {processor.py:161} INFO - Started process (PID=5138) to work on /home/airflow/.local/lib/python3.12/site-packages/airflow/example_dags/example_branch_datetime_operator.py
[2024-07-18T17:23:43.320+0000] {processor.py:830} INFO - Processing file /home/airflow/.local/lib/python3.12/site-packages/airflow/example_dags/example_branch_datetime_operator.py for tasks to queue
[2024-07-18T17:23:43.321+0000] {logging_mixin.py:188} INFO - [2024-07-18T17:23:43.321+0000] {dagbag.py:545} INFO - Filling up the DagBag from /home/airflow/.local/lib/python3.12/site-packages/airflow/example_dags/example_branch_datetime_operator.py
[2024-07-18T17:23:43.333+0000] {processor.py:840} INFO - DAG(s) 'example_branch_datetime_operator_2', 'example_branch_datetime_operator', 'example_branch_datetime_operator_3' retrieved from /home/airflow/.local/lib/python3.12/site-packages/airflow/example_dags/example_branch_datetime_operator.py
[2024-07-18T17:23:43.365+0000] {logging_mixin.py:188} INFO - [2024-07-18T17:23:43.365+0000] {dag.py:3089} INFO - Sync 3 DAGs
[2024-07-18T17:23:43.389+0000] {logging_mixin.py:188} INFO - [2024-07-18T17:23:43.389+0000] {dag.py:3947} INFO - Setting next_dagrun for example_branch_datetime_operator to 2024-07-17 00:00:00+00:00, run_after=2024-07-18 00:00:00+00:00
[2024-07-18T17:23:43.395+0000] {logging_mixin.py:188} INFO - [2024-07-18T17:23:43.394+0000] {dag.py:3947} INFO - Setting next_dagrun for example_branch_datetime_operator_2 to 2024-07-17 00:00:00+00:00, run_after=2024-07-18 00:00:00+00:00
[2024-07-18T17:23:43.397+0000] {logging_mixin.py:188} INFO - [2024-07-18T17:23:43.397+0000] {dag.py:3947} INFO - Setting next_dagrun for example_branch_datetime_operator_3 to 2024-07-17 00:00:00+00:00, run_after=2024-07-18 00:00:00+00:00
[2024-07-18T17:23:43.414+0000] {processor.py:183} INFO - Processing /home/airflow/.local/lib/python3.12/site-packages/airflow/example_dags/example_branch_datetime_operator.py took 0.103 seconds
[2024-07-18T17:33:22.880+0000] {processor.py:161} INFO - Started process (PID=5199) to work on /home/airflow/.local/lib/python3.12/site-packages/airflow/example_dags/example_branch_datetime_operator.py
[2024-07-18T17:33:22.882+0000] {processor.py:830} INFO - Processing file /home/airflow/.local/lib/python3.12/site-packages/airflow/example_dags/example_branch_datetime_operator.py for tasks to queue
[2024-07-18T17:33:22.883+0000] {logging_mixin.py:188} INFO - [2024-07-18T17:33:22.883+0000] {dagbag.py:545} INFO - Filling up the DagBag from /home/airflow/.local/lib/python3.12/site-packages/airflow/example_dags/example_branch_datetime_operator.py
[2024-07-18T17:33:22.895+0000] {processor.py:840} INFO - DAG(s) 'example_branch_datetime_operator_2', 'example_branch_datetime_operator_3', 'example_branch_datetime_operator' retrieved from /home/airflow/.local/lib/python3.12/site-packages/airflow/example_dags/example_branch_datetime_operator.py
[2024-07-18T17:33:22.942+0000] {logging_mixin.py:188} INFO - [2024-07-18T17:33:22.941+0000] {dag.py:3089} INFO - Sync 3 DAGs
[2024-07-18T17:33:22.999+0000] {logging_mixin.py:188} INFO - [2024-07-18T17:33:22.999+0000] {dag.py:3947} INFO - Setting next_dagrun for example_branch_datetime_operator to 2024-07-17 00:00:00+00:00, run_after=2024-07-18 00:00:00+00:00
[2024-07-18T17:33:23.005+0000] {logging_mixin.py:188} INFO - [2024-07-18T17:33:23.004+0000] {dag.py:3947} INFO - Setting next_dagrun for example_branch_datetime_operator_2 to 2024-07-17 00:00:00+00:00, run_after=2024-07-18 00:00:00+00:00
[2024-07-18T17:33:23.008+0000] {logging_mixin.py:188} INFO - [2024-07-18T17:33:23.008+0000] {dag.py:3947} INFO - Setting next_dagrun for example_branch_datetime_operator_3 to 2024-07-17 00:00:00+00:00, run_after=2024-07-18 00:00:00+00:00
[2024-07-18T17:33:23.026+0000] {processor.py:183} INFO - Processing /home/airflow/.local/lib/python3.12/site-packages/airflow/example_dags/example_branch_datetime_operator.py took 0.153 seconds
[2024-07-18T17:33:59.417+0000] {processor.py:161} INFO - Started process (PID=5259) to work on /home/airflow/.local/lib/python3.12/site-packages/airflow/example_dags/example_branch_datetime_operator.py
[2024-07-18T17:33:59.418+0000] {processor.py:830} INFO - Processing file /home/airflow/.local/lib/python3.12/site-packages/airflow/example_dags/example_branch_datetime_operator.py for tasks to queue
[2024-07-18T17:33:59.420+0000] {logging_mixin.py:188} INFO - [2024-07-18T17:33:59.419+0000] {dagbag.py:545} INFO - Filling up the DagBag from /home/airflow/.local/lib/python3.12/site-packages/airflow/example_dags/example_branch_datetime_operator.py
[2024-07-18T17:33:59.432+0000] {processor.py:840} INFO - DAG(s) 'example_branch_datetime_operator_3', 'example_branch_datetime_operator_2', 'example_branch_datetime_operator' retrieved from /home/airflow/.local/lib/python3.12/site-packages/airflow/example_dags/example_branch_datetime_operator.py
[2024-07-18T17:33:59.465+0000] {logging_mixin.py:188} INFO - [2024-07-18T17:33:59.465+0000] {dag.py:3089} INFO - Sync 3 DAGs
[2024-07-18T17:33:59.493+0000] {logging_mixin.py:188} INFO - [2024-07-18T17:33:59.493+0000] {dag.py:3947} INFO - Setting next_dagrun for example_branch_datetime_operator to 2024-07-17 00:00:00+00:00, run_after=2024-07-18 00:00:00+00:00
[2024-07-18T17:33:59.500+0000] {logging_mixin.py:188} INFO - [2024-07-18T17:33:59.500+0000] {dag.py:3947} INFO - Setting next_dagrun for example_branch_datetime_operator_2 to 2024-07-17 00:00:00+00:00, run_after=2024-07-18 00:00:00+00:00
[2024-07-18T17:33:59.604+0000] {logging_mixin.py:188} INFO - [2024-07-18T17:33:59.604+0000] {dag.py:3947} INFO - Setting next_dagrun for example_branch_datetime_operator_3 to 2024-07-17 00:00:00+00:00, run_after=2024-07-18 00:00:00+00:00
[2024-07-18T17:33:59.620+0000] {processor.py:183} INFO - Processing /home/airflow/.local/lib/python3.12/site-packages/airflow/example_dags/example_branch_datetime_operator.py took 0.211 seconds
[2024-07-18T17:34:45.340+0000] {processor.py:161} INFO - Started process (PID=5318) to work on /home/airflow/.local/lib/python3.12/site-packages/airflow/example_dags/example_branch_datetime_operator.py
[2024-07-18T17:34:45.341+0000] {processor.py:830} INFO - Processing file /home/airflow/.local/lib/python3.12/site-packages/airflow/example_dags/example_branch_datetime_operator.py for tasks to queue
[2024-07-18T17:34:45.343+0000] {logging_mixin.py:188} INFO - [2024-07-18T17:34:45.343+0000] {dagbag.py:545} INFO - Filling up the DagBag from /home/airflow/.local/lib/python3.12/site-packages/airflow/example_dags/example_branch_datetime_operator.py
[2024-07-18T17:34:45.355+0000] {processor.py:840} INFO - DAG(s) 'example_branch_datetime_operator_2', 'example_branch_datetime_operator', 'example_branch_datetime_operator_3' retrieved from /home/airflow/.local/lib/python3.12/site-packages/airflow/example_dags/example_branch_datetime_operator.py
[2024-07-18T17:34:45.383+0000] {logging_mixin.py:188} INFO - [2024-07-18T17:34:45.383+0000] {dag.py:3089} INFO - Sync 3 DAGs
[2024-07-18T17:34:45.405+0000] {logging_mixin.py:188} INFO - [2024-07-18T17:34:45.404+0000] {dag.py:3947} INFO - Setting next_dagrun for example_branch_datetime_operator to 2024-07-17 00:00:00+00:00, run_after=2024-07-18 00:00:00+00:00
[2024-07-18T17:34:45.410+0000] {logging_mixin.py:188} INFO - [2024-07-18T17:34:45.410+0000] {dag.py:3947} INFO - Setting next_dagrun for example_branch_datetime_operator_2 to 2024-07-17 00:00:00+00:00, run_after=2024-07-18 00:00:00+00:00
[2024-07-18T17:34:45.413+0000] {logging_mixin.py:188} INFO - [2024-07-18T17:34:45.413+0000] {dag.py:3947} INFO - Setting next_dagrun for example_branch_datetime_operator_3 to 2024-07-17 00:00:00+00:00, run_after=2024-07-18 00:00:00+00:00
[2024-07-18T17:34:45.429+0000] {processor.py:183} INFO - Processing /home/airflow/.local/lib/python3.12/site-packages/airflow/example_dags/example_branch_datetime_operator.py took 0.097 seconds
[2024-07-18T17:35:21.029+0000] {processor.py:161} INFO - Started process (PID=5384) to work on /home/airflow/.local/lib/python3.12/site-packages/airflow/example_dags/example_branch_datetime_operator.py
[2024-07-18T17:35:21.031+0000] {processor.py:830} INFO - Processing file /home/airflow/.local/lib/python3.12/site-packages/airflow/example_dags/example_branch_datetime_operator.py for tasks to queue
[2024-07-18T17:35:21.032+0000] {logging_mixin.py:188} INFO - [2024-07-18T17:35:21.031+0000] {dagbag.py:545} INFO - Filling up the DagBag from /home/airflow/.local/lib/python3.12/site-packages/airflow/example_dags/example_branch_datetime_operator.py
[2024-07-18T17:35:21.043+0000] {processor.py:840} INFO - DAG(s) 'example_branch_datetime_operator_2', 'example_branch_datetime_operator_3', 'example_branch_datetime_operator' retrieved from /home/airflow/.local/lib/python3.12/site-packages/airflow/example_dags/example_branch_datetime_operator.py
[2024-07-18T17:35:21.075+0000] {logging_mixin.py:188} INFO - [2024-07-18T17:35:21.075+0000] {dag.py:3089} INFO - Sync 3 DAGs
[2024-07-18T17:35:21.101+0000] {logging_mixin.py:188} INFO - [2024-07-18T17:35:21.101+0000] {dag.py:3947} INFO - Setting next_dagrun for example_branch_datetime_operator to 2024-07-17 00:00:00+00:00, run_after=2024-07-18 00:00:00+00:00
[2024-07-18T17:35:21.107+0000] {logging_mixin.py:188} INFO - [2024-07-18T17:35:21.107+0000] {dag.py:3947} INFO - Setting next_dagrun for example_branch_datetime_operator_2 to 2024-07-17 00:00:00+00:00, run_after=2024-07-18 00:00:00+00:00
[2024-07-18T17:35:21.111+0000] {logging_mixin.py:188} INFO - [2024-07-18T17:35:21.110+0000] {dag.py:3947} INFO - Setting next_dagrun for example_branch_datetime_operator_3 to 2024-07-17 00:00:00+00:00, run_after=2024-07-18 00:00:00+00:00
[2024-07-18T17:35:21.133+0000] {processor.py:183} INFO - Processing /home/airflow/.local/lib/python3.12/site-packages/airflow/example_dags/example_branch_datetime_operator.py took 0.110 seconds
[2024-07-18T17:41:26.659+0000] {processor.py:161} INFO - Started process (PID=5444) to work on /home/airflow/.local/lib/python3.12/site-packages/airflow/example_dags/example_branch_datetime_operator.py
[2024-07-18T17:41:26.660+0000] {processor.py:830} INFO - Processing file /home/airflow/.local/lib/python3.12/site-packages/airflow/example_dags/example_branch_datetime_operator.py for tasks to queue
[2024-07-18T17:41:26.662+0000] {logging_mixin.py:188} INFO - [2024-07-18T17:41:26.661+0000] {dagbag.py:545} INFO - Filling up the DagBag from /home/airflow/.local/lib/python3.12/site-packages/airflow/example_dags/example_branch_datetime_operator.py
[2024-07-18T17:41:26.675+0000] {processor.py:840} INFO - DAG(s) 'example_branch_datetime_operator_2', 'example_branch_datetime_operator', 'example_branch_datetime_operator_3' retrieved from /home/airflow/.local/lib/python3.12/site-packages/airflow/example_dags/example_branch_datetime_operator.py
[2024-07-18T17:41:26.709+0000] {logging_mixin.py:188} INFO - [2024-07-18T17:41:26.708+0000] {dag.py:3089} INFO - Sync 3 DAGs
[2024-07-18T17:41:26.733+0000] {logging_mixin.py:188} INFO - [2024-07-18T17:41:26.733+0000] {dag.py:3947} INFO - Setting next_dagrun for example_branch_datetime_operator to 2024-07-17 00:00:00+00:00, run_after=2024-07-18 00:00:00+00:00
[2024-07-18T17:41:26.738+0000] {logging_mixin.py:188} INFO - [2024-07-18T17:41:26.738+0000] {dag.py:3947} INFO - Setting next_dagrun for example_branch_datetime_operator_2 to 2024-07-17 00:00:00+00:00, run_after=2024-07-18 00:00:00+00:00
[2024-07-18T17:41:26.742+0000] {logging_mixin.py:188} INFO - [2024-07-18T17:41:26.742+0000] {dag.py:3947} INFO - Setting next_dagrun for example_branch_datetime_operator_3 to 2024-07-17 00:00:00+00:00, run_after=2024-07-18 00:00:00+00:00
[2024-07-18T17:41:26.761+0000] {processor.py:183} INFO - Processing /home/airflow/.local/lib/python3.12/site-packages/airflow/example_dags/example_branch_datetime_operator.py took 0.110 seconds
[2024-07-18T17:44:41.087+0000] {processor.py:161} INFO - Started process (PID=5509) to work on /home/airflow/.local/lib/python3.12/site-packages/airflow/example_dags/example_branch_datetime_operator.py
[2024-07-18T17:44:41.089+0000] {processor.py:830} INFO - Processing file /home/airflow/.local/lib/python3.12/site-packages/airflow/example_dags/example_branch_datetime_operator.py for tasks to queue
[2024-07-18T17:44:41.091+0000] {logging_mixin.py:188} INFO - [2024-07-18T17:44:41.090+0000] {dagbag.py:545} INFO - Filling up the DagBag from /home/airflow/.local/lib/python3.12/site-packages/airflow/example_dags/example_branch_datetime_operator.py
[2024-07-18T17:44:41.104+0000] {processor.py:840} INFO - DAG(s) 'example_branch_datetime_operator', 'example_branch_datetime_operator_2', 'example_branch_datetime_operator_3' retrieved from /home/airflow/.local/lib/python3.12/site-packages/airflow/example_dags/example_branch_datetime_operator.py
[2024-07-18T17:44:41.136+0000] {logging_mixin.py:188} INFO - [2024-07-18T17:44:41.136+0000] {dag.py:3089} INFO - Sync 3 DAGs
[2024-07-18T17:44:41.162+0000] {logging_mixin.py:188} INFO - [2024-07-18T17:44:41.161+0000] {dag.py:3947} INFO - Setting next_dagrun for example_branch_datetime_operator to 2024-07-17 00:00:00+00:00, run_after=2024-07-18 00:00:00+00:00
[2024-07-18T17:44:41.168+0000] {logging_mixin.py:188} INFO - [2024-07-18T17:44:41.167+0000] {dag.py:3947} INFO - Setting next_dagrun for example_branch_datetime_operator_2 to 2024-07-17 00:00:00+00:00, run_after=2024-07-18 00:00:00+00:00
[2024-07-18T17:44:41.171+0000] {logging_mixin.py:188} INFO - [2024-07-18T17:44:41.171+0000] {dag.py:3947} INFO - Setting next_dagrun for example_branch_datetime_operator_3 to 2024-07-17 00:00:00+00:00, run_after=2024-07-18 00:00:00+00:00
[2024-07-18T17:44:41.192+0000] {processor.py:183} INFO - Processing /home/airflow/.local/lib/python3.12/site-packages/airflow/example_dags/example_branch_datetime_operator.py took 0.112 seconds
[2024-07-18T17:47:00.812+0000] {processor.py:161} INFO - Started process (PID=5569) to work on /home/airflow/.local/lib/python3.12/site-packages/airflow/example_dags/example_branch_datetime_operator.py
[2024-07-18T17:47:00.813+0000] {processor.py:830} INFO - Processing file /home/airflow/.local/lib/python3.12/site-packages/airflow/example_dags/example_branch_datetime_operator.py for tasks to queue
[2024-07-18T17:47:00.814+0000] {logging_mixin.py:188} INFO - [2024-07-18T17:47:00.814+0000] {dagbag.py:545} INFO - Filling up the DagBag from /home/airflow/.local/lib/python3.12/site-packages/airflow/example_dags/example_branch_datetime_operator.py
[2024-07-18T17:47:00.827+0000] {processor.py:840} INFO - DAG(s) 'example_branch_datetime_operator_3', 'example_branch_datetime_operator', 'example_branch_datetime_operator_2' retrieved from /home/airflow/.local/lib/python3.12/site-packages/airflow/example_dags/example_branch_datetime_operator.py
[2024-07-18T17:47:00.864+0000] {logging_mixin.py:188} INFO - [2024-07-18T17:47:00.864+0000] {dag.py:3089} INFO - Sync 3 DAGs
[2024-07-18T17:47:00.889+0000] {logging_mixin.py:188} INFO - [2024-07-18T17:47:00.889+0000] {dag.py:3947} INFO - Setting next_dagrun for example_branch_datetime_operator to 2024-07-17 00:00:00+00:00, run_after=2024-07-18 00:00:00+00:00
[2024-07-18T17:47:00.895+0000] {logging_mixin.py:188} INFO - [2024-07-18T17:47:00.895+0000] {dag.py:3947} INFO - Setting next_dagrun for example_branch_datetime_operator_2 to 2024-07-17 00:00:00+00:00, run_after=2024-07-18 00:00:00+00:00
[2024-07-18T17:47:00.899+0000] {logging_mixin.py:188} INFO - [2024-07-18T17:47:00.898+0000] {dag.py:3947} INFO - Setting next_dagrun for example_branch_datetime_operator_3 to 2024-07-17 00:00:00+00:00, run_after=2024-07-18 00:00:00+00:00
[2024-07-18T17:47:00.922+0000] {processor.py:183} INFO - Processing /home/airflow/.local/lib/python3.12/site-packages/airflow/example_dags/example_branch_datetime_operator.py took 0.117 seconds
[2024-07-18T17:53:30.221+0000] {processor.py:161} INFO - Started process (PID=5629) to work on /home/airflow/.local/lib/python3.12/site-packages/airflow/example_dags/example_branch_datetime_operator.py
[2024-07-18T17:53:30.223+0000] {processor.py:830} INFO - Processing file /home/airflow/.local/lib/python3.12/site-packages/airflow/example_dags/example_branch_datetime_operator.py for tasks to queue
[2024-07-18T17:53:30.224+0000] {logging_mixin.py:188} INFO - [2024-07-18T17:53:30.224+0000] {dagbag.py:545} INFO - Filling up the DagBag from /home/airflow/.local/lib/python3.12/site-packages/airflow/example_dags/example_branch_datetime_operator.py
[2024-07-18T17:53:30.236+0000] {processor.py:840} INFO - DAG(s) 'example_branch_datetime_operator', 'example_branch_datetime_operator_2', 'example_branch_datetime_operator_3' retrieved from /home/airflow/.local/lib/python3.12/site-packages/airflow/example_dags/example_branch_datetime_operator.py
[2024-07-18T17:53:30.269+0000] {logging_mixin.py:188} INFO - [2024-07-18T17:53:30.269+0000] {dag.py:3089} INFO - Sync 3 DAGs
[2024-07-18T17:53:30.296+0000] {logging_mixin.py:188} INFO - [2024-07-18T17:53:30.296+0000] {dag.py:3947} INFO - Setting next_dagrun for example_branch_datetime_operator to 2024-07-17 00:00:00+00:00, run_after=2024-07-18 00:00:00+00:00
[2024-07-18T17:53:30.304+0000] {logging_mixin.py:188} INFO - [2024-07-18T17:53:30.304+0000] {dag.py:3947} INFO - Setting next_dagrun for example_branch_datetime_operator_2 to 2024-07-17 00:00:00+00:00, run_after=2024-07-18 00:00:00+00:00
[2024-07-18T17:53:30.308+0000] {logging_mixin.py:188} INFO - [2024-07-18T17:53:30.308+0000] {dag.py:3947} INFO - Setting next_dagrun for example_branch_datetime_operator_3 to 2024-07-17 00:00:00+00:00, run_after=2024-07-18 00:00:00+00:00
[2024-07-18T17:53:30.327+0000] {processor.py:183} INFO - Processing /home/airflow/.local/lib/python3.12/site-packages/airflow/example_dags/example_branch_datetime_operator.py took 0.113 seconds
[2024-07-18T18:42:28.807+0000] {processor.py:161} INFO - Started process (PID=5689) to work on /home/airflow/.local/lib/python3.12/site-packages/airflow/example_dags/example_branch_datetime_operator.py
[2024-07-18T18:42:28.808+0000] {processor.py:830} INFO - Processing file /home/airflow/.local/lib/python3.12/site-packages/airflow/example_dags/example_branch_datetime_operator.py for tasks to queue
[2024-07-18T18:42:28.810+0000] {logging_mixin.py:188} INFO - [2024-07-18T18:42:28.809+0000] {dagbag.py:545} INFO - Filling up the DagBag from /home/airflow/.local/lib/python3.12/site-packages/airflow/example_dags/example_branch_datetime_operator.py
[2024-07-18T18:42:28.823+0000] {processor.py:840} INFO - DAG(s) 'example_branch_datetime_operator_3', 'example_branch_datetime_operator_2', 'example_branch_datetime_operator' retrieved from /home/airflow/.local/lib/python3.12/site-packages/airflow/example_dags/example_branch_datetime_operator.py
[2024-07-18T18:42:28.857+0000] {logging_mixin.py:188} INFO - [2024-07-18T18:42:28.856+0000] {dag.py:3089} INFO - Sync 3 DAGs
[2024-07-18T18:42:28.882+0000] {logging_mixin.py:188} INFO - [2024-07-18T18:42:28.882+0000] {dag.py:3947} INFO - Setting next_dagrun for example_branch_datetime_operator to 2024-07-17 00:00:00+00:00, run_after=2024-07-18 00:00:00+00:00
[2024-07-18T18:42:28.888+0000] {logging_mixin.py:188} INFO - [2024-07-18T18:42:28.888+0000] {dag.py:3947} INFO - Setting next_dagrun for example_branch_datetime_operator_2 to 2024-07-17 00:00:00+00:00, run_after=2024-07-18 00:00:00+00:00
[2024-07-18T18:42:28.891+0000] {logging_mixin.py:188} INFO - [2024-07-18T18:42:28.891+0000] {dag.py:3947} INFO - Setting next_dagrun for example_branch_datetime_operator_3 to 2024-07-17 00:00:00+00:00, run_after=2024-07-18 00:00:00+00:00
[2024-07-18T18:42:28.912+0000] {processor.py:183} INFO - Processing /home/airflow/.local/lib/python3.12/site-packages/airflow/example_dags/example_branch_datetime_operator.py took 0.113 seconds
[2024-07-18T21:44:04.628+0000] {processor.py:161} INFO - Started process (PID=5757) to work on /home/airflow/.local/lib/python3.12/site-packages/airflow/example_dags/example_branch_datetime_operator.py
[2024-07-18T21:44:04.630+0000] {processor.py:830} INFO - Processing file /home/airflow/.local/lib/python3.12/site-packages/airflow/example_dags/example_branch_datetime_operator.py for tasks to queue
[2024-07-18T21:44:04.632+0000] {logging_mixin.py:188} INFO - [2024-07-18T21:44:04.632+0000] {dagbag.py:545} INFO - Filling up the DagBag from /home/airflow/.local/lib/python3.12/site-packages/airflow/example_dags/example_branch_datetime_operator.py
[2024-07-18T21:44:04.655+0000] {processor.py:840} INFO - DAG(s) 'example_branch_datetime_operator', 'example_branch_datetime_operator_2', 'example_branch_datetime_operator_3' retrieved from /home/airflow/.local/lib/python3.12/site-packages/airflow/example_dags/example_branch_datetime_operator.py
[2024-07-18T21:44:04.731+0000] {logging_mixin.py:188} INFO - [2024-07-18T21:44:04.730+0000] {dag.py:3089} INFO - Sync 3 DAGs
[2024-07-18T21:44:04.839+0000] {logging_mixin.py:188} INFO - [2024-07-18T21:44:04.839+0000] {dag.py:3947} INFO - Setting next_dagrun for example_branch_datetime_operator to 2024-07-17 00:00:00+00:00, run_after=2024-07-18 00:00:00+00:00
[2024-07-18T21:44:04.849+0000] {logging_mixin.py:188} INFO - [2024-07-18T21:44:04.849+0000] {dag.py:3947} INFO - Setting next_dagrun for example_branch_datetime_operator_2 to 2024-07-17 00:00:00+00:00, run_after=2024-07-18 00:00:00+00:00
[2024-07-18T21:44:04.856+0000] {logging_mixin.py:188} INFO - [2024-07-18T21:44:04.856+0000] {dag.py:3947} INFO - Setting next_dagrun for example_branch_datetime_operator_3 to 2024-07-17 00:00:00+00:00, run_after=2024-07-18 00:00:00+00:00
[2024-07-18T21:44:04.893+0000] {processor.py:183} INFO - Processing /home/airflow/.local/lib/python3.12/site-packages/airflow/example_dags/example_branch_datetime_operator.py took 0.277 seconds
[2024-07-18T22:38:00.541+0000] {processor.py:161} INFO - Started process (PID=5980) to work on /home/airflow/.local/lib/python3.12/site-packages/airflow/example_dags/example_branch_datetime_operator.py
[2024-07-18T22:38:00.543+0000] {processor.py:830} INFO - Processing file /home/airflow/.local/lib/python3.12/site-packages/airflow/example_dags/example_branch_datetime_operator.py for tasks to queue
[2024-07-18T22:38:00.544+0000] {logging_mixin.py:188} INFO - [2024-07-18T22:38:00.544+0000] {dagbag.py:545} INFO - Filling up the DagBag from /home/airflow/.local/lib/python3.12/site-packages/airflow/example_dags/example_branch_datetime_operator.py
[2024-07-18T22:38:00.558+0000] {processor.py:840} INFO - DAG(s) 'example_branch_datetime_operator_3', 'example_branch_datetime_operator_2', 'example_branch_datetime_operator' retrieved from /home/airflow/.local/lib/python3.12/site-packages/airflow/example_dags/example_branch_datetime_operator.py
[2024-07-18T22:38:00.603+0000] {logging_mixin.py:188} INFO - [2024-07-18T22:38:00.603+0000] {dag.py:3089} INFO - Sync 3 DAGs
[2024-07-18T22:38:00.661+0000] {logging_mixin.py:188} INFO - [2024-07-18T22:38:00.661+0000] {dag.py:3947} INFO - Setting next_dagrun for example_branch_datetime_operator to 2024-07-17 00:00:00+00:00, run_after=2024-07-18 00:00:00+00:00
[2024-07-18T22:38:00.668+0000] {logging_mixin.py:188} INFO - [2024-07-18T22:38:00.668+0000] {dag.py:3947} INFO - Setting next_dagrun for example_branch_datetime_operator_2 to 2024-07-17 00:00:00+00:00, run_after=2024-07-18 00:00:00+00:00
[2024-07-18T22:38:00.672+0000] {logging_mixin.py:188} INFO - [2024-07-18T22:38:00.671+0000] {dag.py:3947} INFO - Setting next_dagrun for example_branch_datetime_operator_3 to 2024-07-17 00:00:00+00:00, run_after=2024-07-18 00:00:00+00:00
[2024-07-18T22:38:00.693+0000] {processor.py:183} INFO - Processing /home/airflow/.local/lib/python3.12/site-packages/airflow/example_dags/example_branch_datetime_operator.py took 0.161 seconds
