[2024-07-18T01:27:55.556+0000] {processor.py:161} INFO - Started process (PID=4412) to work on /home/airflow/.local/lib/python3.12/site-packages/airflow/example_dags/example_sla_dag.py
[2024-07-18T01:27:55.557+0000] {processor.py:830} INFO - Processing file /home/airflow/.local/lib/python3.12/site-packages/airflow/example_dags/example_sla_dag.py for tasks to queue
[2024-07-18T01:27:55.559+0000] {logging_mixin.py:188} INFO - [2024-07-18T01:27:55.558+0000] {dagbag.py:545} INFO - Filling up the DagBag from /home/airflow/.local/lib/python3.12/site-packages/airflow/example_dags/example_sla_dag.py
[2024-07-18T01:27:55.570+0000] {processor.py:840} INFO - DAG(s) 'example_sla_dag' retrieved from /home/airflow/.local/lib/python3.12/site-packages/airflow/example_dags/example_sla_dag.py
[2024-07-18T01:27:55.606+0000] {logging_mixin.py:188} INFO - [2024-07-18T01:27:55.606+0000] {dag.py:3089} INFO - Sync 1 DAGs
[2024-07-18T01:27:55.646+0000] {logging_mixin.py:188} INFO - [2024-07-18T01:27:55.646+0000] {dag.py:3947} INFO - Setting next_dagrun for example_sla_dag to 2024-07-18 01:24:00+00:00, run_after=2024-07-18 01:26:00+00:00
[2024-07-18T01:27:55.670+0000] {processor.py:183} INFO - Processing /home/airflow/.local/lib/python3.12/site-packages/airflow/example_dags/example_sla_dag.py took 0.120 seconds
[2024-07-18T02:47:24.291+0000] {processor.py:161} INFO - Started process (PID=4472) to work on /home/airflow/.local/lib/python3.12/site-packages/airflow/example_dags/example_sla_dag.py
[2024-07-18T02:47:24.292+0000] {processor.py:830} INFO - Processing file /home/airflow/.local/lib/python3.12/site-packages/airflow/example_dags/example_sla_dag.py for tasks to queue
[2024-07-18T02:47:24.294+0000] {logging_mixin.py:188} INFO - [2024-07-18T02:47:24.293+0000] {dagbag.py:545} INFO - Filling up the DagBag from /home/airflow/.local/lib/python3.12/site-packages/airflow/example_dags/example_sla_dag.py
[2024-07-18T02:47:24.305+0000] {processor.py:840} INFO - DAG(s) 'example_sla_dag' retrieved from /home/airflow/.local/lib/python3.12/site-packages/airflow/example_dags/example_sla_dag.py
[2024-07-18T02:47:24.350+0000] {logging_mixin.py:188} INFO - [2024-07-18T02:47:24.350+0000] {dag.py:3089} INFO - Sync 1 DAGs
[2024-07-18T02:47:24.397+0000] {logging_mixin.py:188} INFO - [2024-07-18T02:47:24.397+0000] {dag.py:3947} INFO - Setting next_dagrun for example_sla_dag to 2024-07-18 02:44:00+00:00, run_after=2024-07-18 02:46:00+00:00
[2024-07-18T02:47:24.431+0000] {processor.py:183} INFO - Processing /home/airflow/.local/lib/python3.12/site-packages/airflow/example_dags/example_sla_dag.py took 0.148 seconds
[2024-07-18T03:28:36.180+0000] {processor.py:161} INFO - Started process (PID=4526) to work on /home/airflow/.local/lib/python3.12/site-packages/airflow/example_dags/example_sla_dag.py
[2024-07-18T03:28:36.181+0000] {processor.py:830} INFO - Processing file /home/airflow/.local/lib/python3.12/site-packages/airflow/example_dags/example_sla_dag.py for tasks to queue
[2024-07-18T03:28:36.182+0000] {logging_mixin.py:188} INFO - [2024-07-18T03:28:36.182+0000] {dagbag.py:545} INFO - Filling up the DagBag from /home/airflow/.local/lib/python3.12/site-packages/airflow/example_dags/example_sla_dag.py
[2024-07-18T03:28:36.192+0000] {processor.py:840} INFO - DAG(s) 'example_sla_dag' retrieved from /home/airflow/.local/lib/python3.12/site-packages/airflow/example_dags/example_sla_dag.py
[2024-07-18T03:28:36.220+0000] {logging_mixin.py:188} INFO - [2024-07-18T03:28:36.220+0000] {dag.py:3089} INFO - Sync 1 DAGs
[2024-07-18T03:28:36.251+0000] {logging_mixin.py:188} INFO - [2024-07-18T03:28:36.251+0000] {dag.py:3947} INFO - Setting next_dagrun for example_sla_dag to 2024-07-18 03:26:00+00:00, run_after=2024-07-18 03:28:00+00:00
[2024-07-18T03:28:36.281+0000] {processor.py:183} INFO - Processing /home/airflow/.local/lib/python3.12/site-packages/airflow/example_dags/example_sla_dag.py took 0.108 seconds
[2024-07-18T15:23:44.225+0000] {processor.py:161} INFO - Started process (PID=4586) to work on /home/airflow/.local/lib/python3.12/site-packages/airflow/example_dags/example_sla_dag.py
[2024-07-18T15:23:44.227+0000] {processor.py:830} INFO - Processing file /home/airflow/.local/lib/python3.12/site-packages/airflow/example_dags/example_sla_dag.py for tasks to queue
[2024-07-18T15:23:44.229+0000] {logging_mixin.py:188} INFO - [2024-07-18T15:23:44.228+0000] {dagbag.py:545} INFO - Filling up the DagBag from /home/airflow/.local/lib/python3.12/site-packages/airflow/example_dags/example_sla_dag.py
[2024-07-18T15:23:44.243+0000] {processor.py:840} INFO - DAG(s) 'example_sla_dag' retrieved from /home/airflow/.local/lib/python3.12/site-packages/airflow/example_dags/example_sla_dag.py
[2024-07-18T15:23:44.272+0000] {logging_mixin.py:188} INFO - [2024-07-18T15:23:44.271+0000] {dag.py:3089} INFO - Sync 1 DAGs
[2024-07-18T15:23:44.301+0000] {logging_mixin.py:188} INFO - [2024-07-18T15:23:44.301+0000] {dag.py:3947} INFO - Setting next_dagrun for example_sla_dag to 2024-07-18 15:20:00+00:00, run_after=2024-07-18 15:22:00+00:00
[2024-07-18T15:23:44.322+0000] {processor.py:183} INFO - Processing /home/airflow/.local/lib/python3.12/site-packages/airflow/example_dags/example_sla_dag.py took 0.109 seconds
[2024-07-18T17:19:37.341+0000] {processor.py:161} INFO - Started process (PID=4646) to work on /home/airflow/.local/lib/python3.12/site-packages/airflow/example_dags/example_sla_dag.py
[2024-07-18T17:19:37.343+0000] {processor.py:830} INFO - Processing file /home/airflow/.local/lib/python3.12/site-packages/airflow/example_dags/example_sla_dag.py for tasks to queue
[2024-07-18T17:19:37.344+0000] {logging_mixin.py:188} INFO - [2024-07-18T17:19:37.344+0000] {dagbag.py:545} INFO - Filling up the DagBag from /home/airflow/.local/lib/python3.12/site-packages/airflow/example_dags/example_sla_dag.py
[2024-07-18T17:19:37.353+0000] {processor.py:840} INFO - DAG(s) 'example_sla_dag' retrieved from /home/airflow/.local/lib/python3.12/site-packages/airflow/example_dags/example_sla_dag.py
[2024-07-18T17:19:37.388+0000] {logging_mixin.py:188} INFO - [2024-07-18T17:19:37.388+0000] {dag.py:3089} INFO - Sync 1 DAGs
[2024-07-18T17:19:37.436+0000] {logging_mixin.py:188} INFO - [2024-07-18T17:19:37.436+0000] {dag.py:3947} INFO - Setting next_dagrun for example_sla_dag to 2024-07-18 17:16:00+00:00, run_after=2024-07-18 17:18:00+00:00
[2024-07-18T17:19:37.464+0000] {processor.py:183} INFO - Processing /home/airflow/.local/lib/python3.12/site-packages/airflow/example_dags/example_sla_dag.py took 0.129 seconds
[2024-07-18T17:20:07.500+0000] {processor.py:161} INFO - Started process (PID=4704) to work on /home/airflow/.local/lib/python3.12/site-packages/airflow/example_dags/example_sla_dag.py
[2024-07-18T17:20:07.502+0000] {processor.py:830} INFO - Processing file /home/airflow/.local/lib/python3.12/site-packages/airflow/example_dags/example_sla_dag.py for tasks to queue
[2024-07-18T17:20:07.503+0000] {logging_mixin.py:188} INFO - [2024-07-18T17:20:07.503+0000] {dagbag.py:545} INFO - Filling up the DagBag from /home/airflow/.local/lib/python3.12/site-packages/airflow/example_dags/example_sla_dag.py
[2024-07-18T17:20:07.512+0000] {processor.py:840} INFO - DAG(s) 'example_sla_dag' retrieved from /home/airflow/.local/lib/python3.12/site-packages/airflow/example_dags/example_sla_dag.py
[2024-07-18T17:20:07.542+0000] {logging_mixin.py:188} INFO - [2024-07-18T17:20:07.542+0000] {dag.py:3089} INFO - Sync 1 DAGs
[2024-07-18T17:20:07.572+0000] {logging_mixin.py:188} INFO - [2024-07-18T17:20:07.572+0000] {dag.py:3947} INFO - Setting next_dagrun for example_sla_dag to 2024-07-18 17:18:00+00:00, run_after=2024-07-18 17:20:00+00:00
[2024-07-18T17:20:07.654+0000] {processor.py:183} INFO - Processing /home/airflow/.local/lib/python3.12/site-packages/airflow/example_dags/example_sla_dag.py took 0.161 seconds
[2024-07-18T17:20:37.873+0000] {processor.py:161} INFO - Started process (PID=4769) to work on /home/airflow/.local/lib/python3.12/site-packages/airflow/example_dags/example_sla_dag.py
[2024-07-18T17:20:37.874+0000] {processor.py:830} INFO - Processing file /home/airflow/.local/lib/python3.12/site-packages/airflow/example_dags/example_sla_dag.py for tasks to queue
[2024-07-18T17:20:37.876+0000] {logging_mixin.py:188} INFO - [2024-07-18T17:20:37.875+0000] {dagbag.py:545} INFO - Filling up the DagBag from /home/airflow/.local/lib/python3.12/site-packages/airflow/example_dags/example_sla_dag.py
[2024-07-18T17:20:37.887+0000] {processor.py:840} INFO - DAG(s) 'example_sla_dag' retrieved from /home/airflow/.local/lib/python3.12/site-packages/airflow/example_dags/example_sla_dag.py
[2024-07-18T17:20:37.912+0000] {logging_mixin.py:188} INFO - [2024-07-18T17:20:37.911+0000] {dag.py:3089} INFO - Sync 1 DAGs
[2024-07-18T17:20:37.940+0000] {logging_mixin.py:188} INFO - [2024-07-18T17:20:37.940+0000] {dag.py:3947} INFO - Setting next_dagrun for example_sla_dag to 2024-07-18 17:18:00+00:00, run_after=2024-07-18 17:20:00+00:00
[2024-07-18T17:20:37.963+0000] {processor.py:183} INFO - Processing /home/airflow/.local/lib/python3.12/site-packages/airflow/example_dags/example_sla_dag.py took 0.098 seconds
[2024-07-18T17:21:08.227+0000] {processor.py:161} INFO - Started process (PID=4829) to work on /home/airflow/.local/lib/python3.12/site-packages/airflow/example_dags/example_sla_dag.py
[2024-07-18T17:21:08.228+0000] {processor.py:830} INFO - Processing file /home/airflow/.local/lib/python3.12/site-packages/airflow/example_dags/example_sla_dag.py for tasks to queue
[2024-07-18T17:21:08.229+0000] {logging_mixin.py:188} INFO - [2024-07-18T17:21:08.229+0000] {dagbag.py:545} INFO - Filling up the DagBag from /home/airflow/.local/lib/python3.12/site-packages/airflow/example_dags/example_sla_dag.py
[2024-07-18T17:21:08.238+0000] {processor.py:840} INFO - DAG(s) 'example_sla_dag' retrieved from /home/airflow/.local/lib/python3.12/site-packages/airflow/example_dags/example_sla_dag.py
[2024-07-18T17:21:08.258+0000] {logging_mixin.py:188} INFO - [2024-07-18T17:21:08.258+0000] {dag.py:3089} INFO - Sync 1 DAGs
[2024-07-18T17:21:08.283+0000] {logging_mixin.py:188} INFO - [2024-07-18T17:21:08.282+0000] {dag.py:3947} INFO - Setting next_dagrun for example_sla_dag to 2024-07-18 17:18:00+00:00, run_after=2024-07-18 17:20:00+00:00
[2024-07-18T17:21:08.300+0000] {processor.py:183} INFO - Processing /home/airflow/.local/lib/python3.12/site-packages/airflow/example_dags/example_sla_dag.py took 0.081 seconds
[2024-07-18T17:21:38.594+0000] {processor.py:161} INFO - Started process (PID=4889) to work on /home/airflow/.local/lib/python3.12/site-packages/airflow/example_dags/example_sla_dag.py
[2024-07-18T17:21:38.596+0000] {processor.py:830} INFO - Processing file /home/airflow/.local/lib/python3.12/site-packages/airflow/example_dags/example_sla_dag.py for tasks to queue
[2024-07-18T17:21:38.597+0000] {logging_mixin.py:188} INFO - [2024-07-18T17:21:38.597+0000] {dagbag.py:545} INFO - Filling up the DagBag from /home/airflow/.local/lib/python3.12/site-packages/airflow/example_dags/example_sla_dag.py
[2024-07-18T17:21:38.608+0000] {processor.py:840} INFO - DAG(s) 'example_sla_dag' retrieved from /home/airflow/.local/lib/python3.12/site-packages/airflow/example_dags/example_sla_dag.py
[2024-07-18T17:21:38.634+0000] {logging_mixin.py:188} INFO - [2024-07-18T17:21:38.634+0000] {dag.py:3089} INFO - Sync 1 DAGs
[2024-07-18T17:21:38.663+0000] {logging_mixin.py:188} INFO - [2024-07-18T17:21:38.663+0000] {dag.py:3947} INFO - Setting next_dagrun for example_sla_dag to 2024-07-18 17:18:00+00:00, run_after=2024-07-18 17:20:00+00:00
[2024-07-18T17:21:38.687+0000] {processor.py:183} INFO - Processing /home/airflow/.local/lib/python3.12/site-packages/airflow/example_dags/example_sla_dag.py took 0.101 seconds
[2024-07-18T17:22:08.754+0000] {processor.py:161} INFO - Started process (PID=4949) to work on /home/airflow/.local/lib/python3.12/site-packages/airflow/example_dags/example_sla_dag.py
[2024-07-18T17:22:08.756+0000] {processor.py:830} INFO - Processing file /home/airflow/.local/lib/python3.12/site-packages/airflow/example_dags/example_sla_dag.py for tasks to queue
[2024-07-18T17:22:08.757+0000] {logging_mixin.py:188} INFO - [2024-07-18T17:22:08.756+0000] {dagbag.py:545} INFO - Filling up the DagBag from /home/airflow/.local/lib/python3.12/site-packages/airflow/example_dags/example_sla_dag.py
[2024-07-18T17:22:08.766+0000] {processor.py:840} INFO - DAG(s) 'example_sla_dag' retrieved from /home/airflow/.local/lib/python3.12/site-packages/airflow/example_dags/example_sla_dag.py
[2024-07-18T17:22:08.789+0000] {logging_mixin.py:188} INFO - [2024-07-18T17:22:08.789+0000] {dag.py:3089} INFO - Sync 1 DAGs
[2024-07-18T17:22:08.815+0000] {logging_mixin.py:188} INFO - [2024-07-18T17:22:08.815+0000] {dag.py:3947} INFO - Setting next_dagrun for example_sla_dag to 2024-07-18 17:20:00+00:00, run_after=2024-07-18 17:22:00+00:00
[2024-07-18T17:22:08.838+0000] {processor.py:183} INFO - Processing /home/airflow/.local/lib/python3.12/site-packages/airflow/example_dags/example_sla_dag.py took 0.092 seconds
[2024-07-18T17:22:39.520+0000] {processor.py:161} INFO - Started process (PID=5008) to work on /home/airflow/.local/lib/python3.12/site-packages/airflow/example_dags/example_sla_dag.py
[2024-07-18T17:22:39.522+0000] {processor.py:830} INFO - Processing file /home/airflow/.local/lib/python3.12/site-packages/airflow/example_dags/example_sla_dag.py for tasks to queue
[2024-07-18T17:22:39.524+0000] {logging_mixin.py:188} INFO - [2024-07-18T17:22:39.523+0000] {dagbag.py:545} INFO - Filling up the DagBag from /home/airflow/.local/lib/python3.12/site-packages/airflow/example_dags/example_sla_dag.py
[2024-07-18T17:22:39.539+0000] {processor.py:840} INFO - DAG(s) 'example_sla_dag' retrieved from /home/airflow/.local/lib/python3.12/site-packages/airflow/example_dags/example_sla_dag.py
[2024-07-18T17:22:39.575+0000] {logging_mixin.py:188} INFO - [2024-07-18T17:22:39.574+0000] {dag.py:3089} INFO - Sync 1 DAGs
[2024-07-18T17:22:39.609+0000] {logging_mixin.py:188} INFO - [2024-07-18T17:22:39.609+0000] {dag.py:3947} INFO - Setting next_dagrun for example_sla_dag to 2024-07-18 17:20:00+00:00, run_after=2024-07-18 17:22:00+00:00
[2024-07-18T17:22:39.633+0000] {processor.py:183} INFO - Processing /home/airflow/.local/lib/python3.12/site-packages/airflow/example_dags/example_sla_dag.py took 0.122 seconds
[2024-07-18T17:23:10.072+0000] {processor.py:161} INFO - Started process (PID=5068) to work on /home/airflow/.local/lib/python3.12/site-packages/airflow/example_dags/example_sla_dag.py
[2024-07-18T17:23:10.073+0000] {processor.py:830} INFO - Processing file /home/airflow/.local/lib/python3.12/site-packages/airflow/example_dags/example_sla_dag.py for tasks to queue
[2024-07-18T17:23:10.074+0000] {logging_mixin.py:188} INFO - [2024-07-18T17:23:10.074+0000] {dagbag.py:545} INFO - Filling up the DagBag from /home/airflow/.local/lib/python3.12/site-packages/airflow/example_dags/example_sla_dag.py
[2024-07-18T17:23:10.084+0000] {processor.py:840} INFO - DAG(s) 'example_sla_dag' retrieved from /home/airflow/.local/lib/python3.12/site-packages/airflow/example_dags/example_sla_dag.py
[2024-07-18T17:23:10.106+0000] {logging_mixin.py:188} INFO - [2024-07-18T17:23:10.106+0000] {dag.py:3089} INFO - Sync 1 DAGs
[2024-07-18T17:23:10.130+0000] {logging_mixin.py:188} INFO - [2024-07-18T17:23:10.130+0000] {dag.py:3947} INFO - Setting next_dagrun for example_sla_dag to 2024-07-18 17:20:00+00:00, run_after=2024-07-18 17:22:00+00:00
[2024-07-18T17:23:10.149+0000] {processor.py:183} INFO - Processing /home/airflow/.local/lib/python3.12/site-packages/airflow/example_dags/example_sla_dag.py took 0.084 seconds
[2024-07-18T17:23:40.259+0000] {processor.py:161} INFO - Started process (PID=5128) to work on /home/airflow/.local/lib/python3.12/site-packages/airflow/example_dags/example_sla_dag.py
[2024-07-18T17:23:40.260+0000] {processor.py:830} INFO - Processing file /home/airflow/.local/lib/python3.12/site-packages/airflow/example_dags/example_sla_dag.py for tasks to queue
[2024-07-18T17:23:40.261+0000] {logging_mixin.py:188} INFO - [2024-07-18T17:23:40.261+0000] {dagbag.py:545} INFO - Filling up the DagBag from /home/airflow/.local/lib/python3.12/site-packages/airflow/example_dags/example_sla_dag.py
[2024-07-18T17:23:40.270+0000] {processor.py:840} INFO - DAG(s) 'example_sla_dag' retrieved from /home/airflow/.local/lib/python3.12/site-packages/airflow/example_dags/example_sla_dag.py
[2024-07-18T17:23:40.292+0000] {logging_mixin.py:188} INFO - [2024-07-18T17:23:40.292+0000] {dag.py:3089} INFO - Sync 1 DAGs
[2024-07-18T17:23:40.316+0000] {logging_mixin.py:188} INFO - [2024-07-18T17:23:40.316+0000] {dag.py:3947} INFO - Setting next_dagrun for example_sla_dag to 2024-07-18 17:20:00+00:00, run_after=2024-07-18 17:22:00+00:00
[2024-07-18T17:23:40.334+0000] {processor.py:183} INFO - Processing /home/airflow/.local/lib/python3.12/site-packages/airflow/example_dags/example_sla_dag.py took 0.082 seconds
[2024-07-18T17:33:22.017+0000] {processor.py:161} INFO - Started process (PID=5191) to work on /home/airflow/.local/lib/python3.12/site-packages/airflow/example_dags/example_sla_dag.py
[2024-07-18T17:33:22.018+0000] {processor.py:830} INFO - Processing file /home/airflow/.local/lib/python3.12/site-packages/airflow/example_dags/example_sla_dag.py for tasks to queue
[2024-07-18T17:33:22.020+0000] {logging_mixin.py:188} INFO - [2024-07-18T17:33:22.019+0000] {dagbag.py:545} INFO - Filling up the DagBag from /home/airflow/.local/lib/python3.12/site-packages/airflow/example_dags/example_sla_dag.py
[2024-07-18T17:33:22.032+0000] {processor.py:840} INFO - DAG(s) 'example_sla_dag' retrieved from /home/airflow/.local/lib/python3.12/site-packages/airflow/example_dags/example_sla_dag.py
[2024-07-18T17:33:22.074+0000] {logging_mixin.py:188} INFO - [2024-07-18T17:33:22.074+0000] {dag.py:3089} INFO - Sync 1 DAGs
[2024-07-18T17:33:22.113+0000] {logging_mixin.py:188} INFO - [2024-07-18T17:33:22.113+0000] {dag.py:3947} INFO - Setting next_dagrun for example_sla_dag to 2024-07-18 17:30:00+00:00, run_after=2024-07-18 17:32:00+00:00
[2024-07-18T17:33:22.140+0000] {processor.py:183} INFO - Processing /home/airflow/.local/lib/python3.12/site-packages/airflow/example_dags/example_sla_dag.py took 0.131 seconds
[2024-07-18T17:33:58.701+0000] {processor.py:161} INFO - Started process (PID=5251) to work on /home/airflow/.local/lib/python3.12/site-packages/airflow/example_dags/example_sla_dag.py
[2024-07-18T17:33:58.702+0000] {processor.py:830} INFO - Processing file /home/airflow/.local/lib/python3.12/site-packages/airflow/example_dags/example_sla_dag.py for tasks to queue
[2024-07-18T17:33:58.704+0000] {logging_mixin.py:188} INFO - [2024-07-18T17:33:58.703+0000] {dagbag.py:545} INFO - Filling up the DagBag from /home/airflow/.local/lib/python3.12/site-packages/airflow/example_dags/example_sla_dag.py
[2024-07-18T17:33:58.713+0000] {processor.py:840} INFO - DAG(s) 'example_sla_dag' retrieved from /home/airflow/.local/lib/python3.12/site-packages/airflow/example_dags/example_sla_dag.py
[2024-07-18T17:33:58.738+0000] {logging_mixin.py:188} INFO - [2024-07-18T17:33:58.738+0000] {dag.py:3089} INFO - Sync 1 DAGs
[2024-07-18T17:33:58.811+0000] {logging_mixin.py:188} INFO - [2024-07-18T17:33:58.810+0000] {dag.py:3947} INFO - Setting next_dagrun for example_sla_dag to 2024-07-18 17:30:00+00:00, run_after=2024-07-18 17:32:00+00:00
[2024-07-18T17:33:58.835+0000] {processor.py:183} INFO - Processing /home/airflow/.local/lib/python3.12/site-packages/airflow/example_dags/example_sla_dag.py took 0.142 seconds
[2024-07-18T17:34:44.412+0000] {processor.py:161} INFO - Started process (PID=5310) to work on /home/airflow/.local/lib/python3.12/site-packages/airflow/example_dags/example_sla_dag.py
[2024-07-18T17:34:44.413+0000] {processor.py:830} INFO - Processing file /home/airflow/.local/lib/python3.12/site-packages/airflow/example_dags/example_sla_dag.py for tasks to queue
[2024-07-18T17:34:44.415+0000] {logging_mixin.py:188} INFO - [2024-07-18T17:34:44.415+0000] {dagbag.py:545} INFO - Filling up the DagBag from /home/airflow/.local/lib/python3.12/site-packages/airflow/example_dags/example_sla_dag.py
[2024-07-18T17:34:44.426+0000] {processor.py:840} INFO - DAG(s) 'example_sla_dag' retrieved from /home/airflow/.local/lib/python3.12/site-packages/airflow/example_dags/example_sla_dag.py
[2024-07-18T17:34:44.450+0000] {logging_mixin.py:188} INFO - [2024-07-18T17:34:44.450+0000] {dag.py:3089} INFO - Sync 1 DAGs
[2024-07-18T17:34:44.489+0000] {logging_mixin.py:188} INFO - [2024-07-18T17:34:44.489+0000] {dag.py:3947} INFO - Setting next_dagrun for example_sla_dag to 2024-07-18 17:32:00+00:00, run_after=2024-07-18 17:34:00+00:00
[2024-07-18T17:34:44.562+0000] {processor.py:183} INFO - Processing /home/airflow/.local/lib/python3.12/site-packages/airflow/example_dags/example_sla_dag.py took 0.158 seconds
[2024-07-18T17:35:16.943+0000] {processor.py:161} INFO - Started process (PID=5370) to work on /home/airflow/.local/lib/python3.12/site-packages/airflow/example_dags/example_sla_dag.py
[2024-07-18T17:35:16.948+0000] {processor.py:830} INFO - Processing file /home/airflow/.local/lib/python3.12/site-packages/airflow/example_dags/example_sla_dag.py for tasks to queue
[2024-07-18T17:35:16.955+0000] {logging_mixin.py:188} INFO - [2024-07-18T17:35:16.953+0000] {dagbag.py:545} INFO - Filling up the DagBag from /home/airflow/.local/lib/python3.12/site-packages/airflow/example_dags/example_sla_dag.py
[2024-07-18T17:35:16.998+0000] {processor.py:840} INFO - DAG(s) 'example_sla_dag' retrieved from /home/airflow/.local/lib/python3.12/site-packages/airflow/example_dags/example_sla_dag.py
[2024-07-18T17:35:17.105+0000] {logging_mixin.py:188} INFO - [2024-07-18T17:35:17.104+0000] {dag.py:3089} INFO - Sync 1 DAGs
[2024-07-18T17:35:17.237+0000] {logging_mixin.py:188} INFO - [2024-07-18T17:35:17.236+0000] {dag.py:3947} INFO - Setting next_dagrun for example_sla_dag to 2024-07-18 17:32:00+00:00, run_after=2024-07-18 17:34:00+00:00
[2024-07-18T17:35:17.328+0000] {processor.py:183} INFO - Processing /home/airflow/.local/lib/python3.12/site-packages/airflow/example_dags/example_sla_dag.py took 0.418 seconds
[2024-07-18T17:41:25.766+0000] {processor.py:161} INFO - Started process (PID=5436) to work on /home/airflow/.local/lib/python3.12/site-packages/airflow/example_dags/example_sla_dag.py
[2024-07-18T17:41:25.767+0000] {processor.py:830} INFO - Processing file /home/airflow/.local/lib/python3.12/site-packages/airflow/example_dags/example_sla_dag.py for tasks to queue
[2024-07-18T17:41:25.769+0000] {logging_mixin.py:188} INFO - [2024-07-18T17:41:25.768+0000] {dagbag.py:545} INFO - Filling up the DagBag from /home/airflow/.local/lib/python3.12/site-packages/airflow/example_dags/example_sla_dag.py
[2024-07-18T17:41:25.779+0000] {processor.py:840} INFO - DAG(s) 'example_sla_dag' retrieved from /home/airflow/.local/lib/python3.12/site-packages/airflow/example_dags/example_sla_dag.py
[2024-07-18T17:41:25.880+0000] {logging_mixin.py:188} INFO - [2024-07-18T17:41:25.880+0000] {dag.py:3089} INFO - Sync 1 DAGs
[2024-07-18T17:41:25.908+0000] {logging_mixin.py:188} INFO - [2024-07-18T17:41:25.907+0000] {dag.py:3947} INFO - Setting next_dagrun for example_sla_dag to 2024-07-18 17:38:00+00:00, run_after=2024-07-18 17:40:00+00:00
[2024-07-18T17:41:25.929+0000] {processor.py:183} INFO - Processing /home/airflow/.local/lib/python3.12/site-packages/airflow/example_dags/example_sla_dag.py took 0.171 seconds
[2024-07-18T17:44:40.340+0000] {processor.py:161} INFO - Started process (PID=5501) to work on /home/airflow/.local/lib/python3.12/site-packages/airflow/example_dags/example_sla_dag.py
[2024-07-18T17:44:40.344+0000] {processor.py:830} INFO - Processing file /home/airflow/.local/lib/python3.12/site-packages/airflow/example_dags/example_sla_dag.py for tasks to queue
[2024-07-18T17:44:40.346+0000] {logging_mixin.py:188} INFO - [2024-07-18T17:44:40.346+0000] {dagbag.py:545} INFO - Filling up the DagBag from /home/airflow/.local/lib/python3.12/site-packages/airflow/example_dags/example_sla_dag.py
[2024-07-18T17:44:40.359+0000] {processor.py:840} INFO - DAG(s) 'example_sla_dag' retrieved from /home/airflow/.local/lib/python3.12/site-packages/airflow/example_dags/example_sla_dag.py
[2024-07-18T17:44:40.391+0000] {logging_mixin.py:188} INFO - [2024-07-18T17:44:40.391+0000] {dag.py:3089} INFO - Sync 1 DAGs
[2024-07-18T17:44:40.427+0000] {logging_mixin.py:188} INFO - [2024-07-18T17:44:40.427+0000] {dag.py:3947} INFO - Setting next_dagrun for example_sla_dag to 2024-07-18 17:42:00+00:00, run_after=2024-07-18 17:44:00+00:00
[2024-07-18T17:44:40.453+0000] {processor.py:183} INFO - Processing /home/airflow/.local/lib/python3.12/site-packages/airflow/example_dags/example_sla_dag.py took 0.124 seconds
[2024-07-18T17:46:59.931+0000] {processor.py:161} INFO - Started process (PID=5561) to work on /home/airflow/.local/lib/python3.12/site-packages/airflow/example_dags/example_sla_dag.py
[2024-07-18T17:46:59.933+0000] {processor.py:830} INFO - Processing file /home/airflow/.local/lib/python3.12/site-packages/airflow/example_dags/example_sla_dag.py for tasks to queue
[2024-07-18T17:46:59.935+0000] {logging_mixin.py:188} INFO - [2024-07-18T17:46:59.934+0000] {dagbag.py:545} INFO - Filling up the DagBag from /home/airflow/.local/lib/python3.12/site-packages/airflow/example_dags/example_sla_dag.py
[2024-07-18T17:46:59.948+0000] {processor.py:840} INFO - DAG(s) 'example_sla_dag' retrieved from /home/airflow/.local/lib/python3.12/site-packages/airflow/example_dags/example_sla_dag.py
[2024-07-18T17:46:59.983+0000] {logging_mixin.py:188} INFO - [2024-07-18T17:46:59.982+0000] {dag.py:3089} INFO - Sync 1 DAGs
[2024-07-18T17:47:00.029+0000] {logging_mixin.py:188} INFO - [2024-07-18T17:47:00.029+0000] {dag.py:3947} INFO - Setting next_dagrun for example_sla_dag to 2024-07-18 17:44:00+00:00, run_after=2024-07-18 17:46:00+00:00
[2024-07-18T17:47:00.064+0000] {processor.py:183} INFO - Processing /home/airflow/.local/lib/python3.12/site-packages/airflow/example_dags/example_sla_dag.py took 0.147 seconds
[2024-07-18T17:53:29.419+0000] {processor.py:161} INFO - Started process (PID=5621) to work on /home/airflow/.local/lib/python3.12/site-packages/airflow/example_dags/example_sla_dag.py
[2024-07-18T17:53:29.420+0000] {processor.py:830} INFO - Processing file /home/airflow/.local/lib/python3.12/site-packages/airflow/example_dags/example_sla_dag.py for tasks to queue
[2024-07-18T17:53:29.422+0000] {logging_mixin.py:188} INFO - [2024-07-18T17:53:29.421+0000] {dagbag.py:545} INFO - Filling up the DagBag from /home/airflow/.local/lib/python3.12/site-packages/airflow/example_dags/example_sla_dag.py
[2024-07-18T17:53:29.431+0000] {processor.py:840} INFO - DAG(s) 'example_sla_dag' retrieved from /home/airflow/.local/lib/python3.12/site-packages/airflow/example_dags/example_sla_dag.py
[2024-07-18T17:53:29.455+0000] {logging_mixin.py:188} INFO - [2024-07-18T17:53:29.454+0000] {dag.py:3089} INFO - Sync 1 DAGs
[2024-07-18T17:53:29.481+0000] {logging_mixin.py:188} INFO - [2024-07-18T17:53:29.480+0000] {dag.py:3947} INFO - Setting next_dagrun for example_sla_dag to 2024-07-18 17:50:00+00:00, run_after=2024-07-18 17:52:00+00:00
[2024-07-18T17:53:29.503+0000] {processor.py:183} INFO - Processing /home/airflow/.local/lib/python3.12/site-packages/airflow/example_dags/example_sla_dag.py took 0.092 seconds
[2024-07-18T18:42:27.672+0000] {processor.py:161} INFO - Started process (PID=5681) to work on /home/airflow/.local/lib/python3.12/site-packages/airflow/example_dags/example_sla_dag.py
[2024-07-18T18:42:27.674+0000] {processor.py:830} INFO - Processing file /home/airflow/.local/lib/python3.12/site-packages/airflow/example_dags/example_sla_dag.py for tasks to queue
[2024-07-18T18:42:27.675+0000] {logging_mixin.py:188} INFO - [2024-07-18T18:42:27.675+0000] {dagbag.py:545} INFO - Filling up the DagBag from /home/airflow/.local/lib/python3.12/site-packages/airflow/example_dags/example_sla_dag.py
[2024-07-18T18:42:27.688+0000] {processor.py:840} INFO - DAG(s) 'example_sla_dag' retrieved from /home/airflow/.local/lib/python3.12/site-packages/airflow/example_dags/example_sla_dag.py
[2024-07-18T18:42:27.724+0000] {logging_mixin.py:188} INFO - [2024-07-18T18:42:27.724+0000] {dag.py:3089} INFO - Sync 1 DAGs
[2024-07-18T18:42:27.808+0000] {logging_mixin.py:188} INFO - [2024-07-18T18:42:27.807+0000] {dag.py:3947} INFO - Setting next_dagrun for example_sla_dag to 2024-07-18 18:40:00+00:00, run_after=2024-07-18 18:42:00+00:00
[2024-07-18T18:42:27.834+0000] {processor.py:183} INFO - Processing /home/airflow/.local/lib/python3.12/site-packages/airflow/example_dags/example_sla_dag.py took 0.173 seconds
[2024-07-18T21:44:02.673+0000] {processor.py:161} INFO - Started process (PID=5749) to work on /home/airflow/.local/lib/python3.12/site-packages/airflow/example_dags/example_sla_dag.py
[2024-07-18T21:44:02.675+0000] {processor.py:830} INFO - Processing file /home/airflow/.local/lib/python3.12/site-packages/airflow/example_dags/example_sla_dag.py for tasks to queue
[2024-07-18T21:44:02.677+0000] {logging_mixin.py:188} INFO - [2024-07-18T21:44:02.677+0000] {dagbag.py:545} INFO - Filling up the DagBag from /home/airflow/.local/lib/python3.12/site-packages/airflow/example_dags/example_sla_dag.py
[2024-07-18T21:44:02.695+0000] {processor.py:840} INFO - DAG(s) 'example_sla_dag' retrieved from /home/airflow/.local/lib/python3.12/site-packages/airflow/example_dags/example_sla_dag.py
[2024-07-18T21:44:02.757+0000] {logging_mixin.py:188} INFO - [2024-07-18T21:44:02.756+0000] {dag.py:3089} INFO - Sync 1 DAGs
[2024-07-18T21:44:02.820+0000] {logging_mixin.py:188} INFO - [2024-07-18T21:44:02.820+0000] {dag.py:3947} INFO - Setting next_dagrun for example_sla_dag to 2024-07-18 21:42:00+00:00, run_after=2024-07-18 21:44:00+00:00
[2024-07-18T21:44:02.878+0000] {processor.py:183} INFO - Processing /home/airflow/.local/lib/python3.12/site-packages/airflow/example_dags/example_sla_dag.py took 0.217 seconds
[2024-07-18T22:37:59.166+0000] {processor.py:161} INFO - Started process (PID=5972) to work on /home/airflow/.local/lib/python3.12/site-packages/airflow/example_dags/example_sla_dag.py
[2024-07-18T22:37:59.167+0000] {processor.py:830} INFO - Processing file /home/airflow/.local/lib/python3.12/site-packages/airflow/example_dags/example_sla_dag.py for tasks to queue
[2024-07-18T22:37:59.169+0000] {logging_mixin.py:188} INFO - [2024-07-18T22:37:59.168+0000] {dagbag.py:545} INFO - Filling up the DagBag from /home/airflow/.local/lib/python3.12/site-packages/airflow/example_dags/example_sla_dag.py
[2024-07-18T22:37:59.184+0000] {processor.py:840} INFO - DAG(s) 'example_sla_dag' retrieved from /home/airflow/.local/lib/python3.12/site-packages/airflow/example_dags/example_sla_dag.py
[2024-07-18T22:37:59.220+0000] {logging_mixin.py:188} INFO - [2024-07-18T22:37:59.219+0000] {dag.py:3089} INFO - Sync 1 DAGs
[2024-07-18T22:37:59.261+0000] {logging_mixin.py:188} INFO - [2024-07-18T22:37:59.261+0000] {dag.py:3947} INFO - Setting next_dagrun for example_sla_dag to 2024-07-18 22:34:00+00:00, run_after=2024-07-18 22:36:00+00:00
[2024-07-18T22:37:59.375+0000] {processor.py:183} INFO - Processing /home/airflow/.local/lib/python3.12/site-packages/airflow/example_dags/example_sla_dag.py took 0.220 seconds
[2024-07-18T22:38:29.677+0000] {processor.py:161} INFO - Started process (PID=6031) to work on /home/airflow/.local/lib/python3.12/site-packages/airflow/example_dags/example_sla_dag.py
[2024-07-18T22:38:29.685+0000] {processor.py:830} INFO - Processing file /home/airflow/.local/lib/python3.12/site-packages/airflow/example_dags/example_sla_dag.py for tasks to queue
[2024-07-18T22:38:29.691+0000] {logging_mixin.py:188} INFO - [2024-07-18T22:38:29.690+0000] {dagbag.py:545} INFO - Filling up the DagBag from /home/airflow/.local/lib/python3.12/site-packages/airflow/example_dags/example_sla_dag.py
[2024-07-18T22:38:29.742+0000] {processor.py:840} INFO - DAG(s) 'example_sla_dag' retrieved from /home/airflow/.local/lib/python3.12/site-packages/airflow/example_dags/example_sla_dag.py
[2024-07-18T22:38:29.857+0000] {logging_mixin.py:188} INFO - [2024-07-18T22:38:29.856+0000] {dag.py:3089} INFO - Sync 1 DAGs
[2024-07-18T22:38:29.998+0000] {logging_mixin.py:188} INFO - [2024-07-18T22:38:29.996+0000] {dag.py:3947} INFO - Setting next_dagrun for example_sla_dag to 2024-07-18 22:36:00+00:00, run_after=2024-07-18 22:38:00+00:00
[2024-07-18T22:38:30.161+0000] {processor.py:183} INFO - Processing /home/airflow/.local/lib/python3.12/site-packages/airflow/example_dags/example_sla_dag.py took 0.521 seconds
