[2024-07-18T01:27:57.889+0000] {processor.py:161} INFO - Started process (PID=4434) to work on /home/airflow/.local/lib/python3.12/site-packages/airflow/example_dags/example_branch_operator.py
[2024-07-18T01:27:57.891+0000] {processor.py:830} INFO - Processing file /home/airflow/.local/lib/python3.12/site-packages/airflow/example_dags/example_branch_operator.py for tasks to queue
[2024-07-18T01:27:57.894+0000] {logging_mixin.py:188} INFO - [2024-07-18T01:27:57.893+0000] {dagbag.py:545} INFO - Filling up the DagBag from /home/airflow/.local/lib/python3.12/site-packages/airflow/example_dags/example_branch_operator.py
[2024-07-18T01:27:57.918+0000] {processor.py:840} INFO - DAG(s) 'example_branch_operator' retrieved from /home/airflow/.local/lib/python3.12/site-packages/airflow/example_dags/example_branch_operator.py
[2024-07-18T01:27:57.958+0000] {logging_mixin.py:188} INFO - [2024-07-18T01:27:57.958+0000] {dag.py:3089} INFO - Sync 1 DAGs
[2024-07-18T01:27:58.013+0000] {logging_mixin.py:188} INFO - [2024-07-18T01:27:58.012+0000] {dag.py:3947} INFO - Setting next_dagrun for example_branch_operator to 2024-07-17 00:00:00+00:00, run_after=2024-07-18 00:00:00+00:00
[2024-07-18T01:27:58.049+0000] {processor.py:183} INFO - Processing /home/airflow/.local/lib/python3.12/site-packages/airflow/example_dags/example_branch_operator.py took 0.168 seconds
[2024-07-18T02:47:26.277+0000] {processor.py:161} INFO - Started process (PID=4494) to work on /home/airflow/.local/lib/python3.12/site-packages/airflow/example_dags/example_branch_operator.py
[2024-07-18T02:47:26.279+0000] {processor.py:830} INFO - Processing file /home/airflow/.local/lib/python3.12/site-packages/airflow/example_dags/example_branch_operator.py for tasks to queue
[2024-07-18T02:47:26.280+0000] {logging_mixin.py:188} INFO - [2024-07-18T02:47:26.280+0000] {dagbag.py:545} INFO - Filling up the DagBag from /home/airflow/.local/lib/python3.12/site-packages/airflow/example_dags/example_branch_operator.py
[2024-07-18T02:47:26.301+0000] {processor.py:840} INFO - DAG(s) 'example_branch_operator' retrieved from /home/airflow/.local/lib/python3.12/site-packages/airflow/example_dags/example_branch_operator.py
[2024-07-18T02:47:26.338+0000] {logging_mixin.py:188} INFO - [2024-07-18T02:47:26.338+0000] {dag.py:3089} INFO - Sync 1 DAGs
[2024-07-18T02:47:26.467+0000] {logging_mixin.py:188} INFO - [2024-07-18T02:47:26.467+0000] {dag.py:3947} INFO - Setting next_dagrun for example_branch_operator to 2024-07-17 00:00:00+00:00, run_after=2024-07-18 00:00:00+00:00
[2024-07-18T02:47:26.491+0000] {processor.py:183} INFO - Processing /home/airflow/.local/lib/python3.12/site-packages/airflow/example_dags/example_branch_operator.py took 0.221 seconds
[2024-07-18T03:28:38.024+0000] {processor.py:161} INFO - Started process (PID=4554) to work on /home/airflow/.local/lib/python3.12/site-packages/airflow/example_dags/example_branch_operator.py
[2024-07-18T03:28:38.026+0000] {processor.py:830} INFO - Processing file /home/airflow/.local/lib/python3.12/site-packages/airflow/example_dags/example_branch_operator.py for tasks to queue
[2024-07-18T03:28:38.027+0000] {logging_mixin.py:188} INFO - [2024-07-18T03:28:38.027+0000] {dagbag.py:545} INFO - Filling up the DagBag from /home/airflow/.local/lib/python3.12/site-packages/airflow/example_dags/example_branch_operator.py
[2024-07-18T03:28:38.047+0000] {processor.py:840} INFO - DAG(s) 'example_branch_operator' retrieved from /home/airflow/.local/lib/python3.12/site-packages/airflow/example_dags/example_branch_operator.py
[2024-07-18T03:28:38.082+0000] {logging_mixin.py:188} INFO - [2024-07-18T03:28:38.082+0000] {dag.py:3089} INFO - Sync 1 DAGs
[2024-07-18T03:28:38.105+0000] {logging_mixin.py:188} INFO - [2024-07-18T03:28:38.105+0000] {dag.py:3947} INFO - Setting next_dagrun for example_branch_operator to 2024-07-17 00:00:00+00:00, run_after=2024-07-18 00:00:00+00:00
[2024-07-18T03:28:38.125+0000] {processor.py:183} INFO - Processing /home/airflow/.local/lib/python3.12/site-packages/airflow/example_dags/example_branch_operator.py took 0.107 seconds
[2024-07-18T15:23:46.088+0000] {processor.py:161} INFO - Started process (PID=4614) to work on /home/airflow/.local/lib/python3.12/site-packages/airflow/example_dags/example_branch_operator.py
[2024-07-18T15:23:46.089+0000] {processor.py:830} INFO - Processing file /home/airflow/.local/lib/python3.12/site-packages/airflow/example_dags/example_branch_operator.py for tasks to queue
[2024-07-18T15:23:46.090+0000] {logging_mixin.py:188} INFO - [2024-07-18T15:23:46.090+0000] {dagbag.py:545} INFO - Filling up the DagBag from /home/airflow/.local/lib/python3.12/site-packages/airflow/example_dags/example_branch_operator.py
[2024-07-18T15:23:46.108+0000] {processor.py:840} INFO - DAG(s) 'example_branch_operator' retrieved from /home/airflow/.local/lib/python3.12/site-packages/airflow/example_dags/example_branch_operator.py
[2024-07-18T15:23:46.139+0000] {logging_mixin.py:188} INFO - [2024-07-18T15:23:46.139+0000] {dag.py:3089} INFO - Sync 1 DAGs
[2024-07-18T15:23:46.160+0000] {logging_mixin.py:188} INFO - [2024-07-18T15:23:46.160+0000] {dag.py:3947} INFO - Setting next_dagrun for example_branch_operator to 2024-07-17 00:00:00+00:00, run_after=2024-07-18 00:00:00+00:00
[2024-07-18T15:23:46.178+0000] {processor.py:183} INFO - Processing /home/airflow/.local/lib/python3.12/site-packages/airflow/example_dags/example_branch_operator.py took 0.097 seconds
[2024-07-18T17:19:39.480+0000] {processor.py:161} INFO - Started process (PID=4674) to work on /home/airflow/.local/lib/python3.12/site-packages/airflow/example_dags/example_branch_operator.py
[2024-07-18T17:19:39.481+0000] {processor.py:830} INFO - Processing file /home/airflow/.local/lib/python3.12/site-packages/airflow/example_dags/example_branch_operator.py for tasks to queue
[2024-07-18T17:19:39.483+0000] {logging_mixin.py:188} INFO - [2024-07-18T17:19:39.482+0000] {dagbag.py:545} INFO - Filling up the DagBag from /home/airflow/.local/lib/python3.12/site-packages/airflow/example_dags/example_branch_operator.py
[2024-07-18T17:19:39.507+0000] {processor.py:840} INFO - DAG(s) 'example_branch_operator' retrieved from /home/airflow/.local/lib/python3.12/site-packages/airflow/example_dags/example_branch_operator.py
[2024-07-18T17:19:39.550+0000] {logging_mixin.py:188} INFO - [2024-07-18T17:19:39.549+0000] {dag.py:3089} INFO - Sync 1 DAGs
[2024-07-18T17:19:39.582+0000] {logging_mixin.py:188} INFO - [2024-07-18T17:19:39.582+0000] {dag.py:3947} INFO - Setting next_dagrun for example_branch_operator to 2024-07-17 00:00:00+00:00, run_after=2024-07-18 00:00:00+00:00
[2024-07-18T17:19:39.607+0000] {processor.py:183} INFO - Processing /home/airflow/.local/lib/python3.12/site-packages/airflow/example_dags/example_branch_operator.py took 0.135 seconds
[2024-07-18T17:20:10.240+0000] {processor.py:161} INFO - Started process (PID=4734) to work on /home/airflow/.local/lib/python3.12/site-packages/airflow/example_dags/example_branch_operator.py
[2024-07-18T17:20:10.242+0000] {processor.py:830} INFO - Processing file /home/airflow/.local/lib/python3.12/site-packages/airflow/example_dags/example_branch_operator.py for tasks to queue
[2024-07-18T17:20:10.244+0000] {logging_mixin.py:188} INFO - [2024-07-18T17:20:10.243+0000] {dagbag.py:545} INFO - Filling up the DagBag from /home/airflow/.local/lib/python3.12/site-packages/airflow/example_dags/example_branch_operator.py
[2024-07-18T17:20:10.271+0000] {processor.py:840} INFO - DAG(s) 'example_branch_operator' retrieved from /home/airflow/.local/lib/python3.12/site-packages/airflow/example_dags/example_branch_operator.py
[2024-07-18T17:20:10.327+0000] {logging_mixin.py:188} INFO - [2024-07-18T17:20:10.326+0000] {dag.py:3089} INFO - Sync 1 DAGs
[2024-07-18T17:20:10.408+0000] {logging_mixin.py:188} INFO - [2024-07-18T17:20:10.407+0000] {dag.py:3947} INFO - Setting next_dagrun for example_branch_operator to 2024-07-17 00:00:00+00:00, run_after=2024-07-18 00:00:00+00:00
[2024-07-18T17:20:10.434+0000] {processor.py:183} INFO - Processing /home/airflow/.local/lib/python3.12/site-packages/airflow/example_dags/example_branch_operator.py took 0.204 seconds
[2024-07-18T17:20:40.861+0000] {processor.py:161} INFO - Started process (PID=4793) to work on /home/airflow/.local/lib/python3.12/site-packages/airflow/example_dags/example_branch_operator.py
[2024-07-18T17:20:40.863+0000] {processor.py:830} INFO - Processing file /home/airflow/.local/lib/python3.12/site-packages/airflow/example_dags/example_branch_operator.py for tasks to queue
[2024-07-18T17:20:40.865+0000] {logging_mixin.py:188} INFO - [2024-07-18T17:20:40.865+0000] {dagbag.py:545} INFO - Filling up the DagBag from /home/airflow/.local/lib/python3.12/site-packages/airflow/example_dags/example_branch_operator.py
[2024-07-18T17:20:40.892+0000] {processor.py:840} INFO - DAG(s) 'example_branch_operator' retrieved from /home/airflow/.local/lib/python3.12/site-packages/airflow/example_dags/example_branch_operator.py
[2024-07-18T17:20:40.942+0000] {logging_mixin.py:188} INFO - [2024-07-18T17:20:40.942+0000] {dag.py:3089} INFO - Sync 1 DAGs
[2024-07-18T17:20:41.031+0000] {logging_mixin.py:188} INFO - [2024-07-18T17:20:41.030+0000] {dag.py:3947} INFO - Setting next_dagrun for example_branch_operator to 2024-07-17 00:00:00+00:00, run_after=2024-07-18 00:00:00+00:00
[2024-07-18T17:20:41.052+0000] {processor.py:183} INFO - Processing /home/airflow/.local/lib/python3.12/site-packages/airflow/example_dags/example_branch_operator.py took 0.201 seconds
[2024-07-18T17:21:11.133+0000] {processor.py:161} INFO - Started process (PID=4853) to work on /home/airflow/.local/lib/python3.12/site-packages/airflow/example_dags/example_branch_operator.py
[2024-07-18T17:21:11.134+0000] {processor.py:830} INFO - Processing file /home/airflow/.local/lib/python3.12/site-packages/airflow/example_dags/example_branch_operator.py for tasks to queue
[2024-07-18T17:21:11.135+0000] {logging_mixin.py:188} INFO - [2024-07-18T17:21:11.135+0000] {dagbag.py:545} INFO - Filling up the DagBag from /home/airflow/.local/lib/python3.12/site-packages/airflow/example_dags/example_branch_operator.py
[2024-07-18T17:21:11.155+0000] {processor.py:840} INFO - DAG(s) 'example_branch_operator' retrieved from /home/airflow/.local/lib/python3.12/site-packages/airflow/example_dags/example_branch_operator.py
[2024-07-18T17:21:11.188+0000] {logging_mixin.py:188} INFO - [2024-07-18T17:21:11.188+0000] {dag.py:3089} INFO - Sync 1 DAGs
[2024-07-18T17:21:11.277+0000] {logging_mixin.py:188} INFO - [2024-07-18T17:21:11.276+0000] {dag.py:3947} INFO - Setting next_dagrun for example_branch_operator to 2024-07-17 00:00:00+00:00, run_after=2024-07-18 00:00:00+00:00
[2024-07-18T17:21:11.293+0000] {processor.py:183} INFO - Processing /home/airflow/.local/lib/python3.12/site-packages/airflow/example_dags/example_branch_operator.py took 0.168 seconds
[2024-07-18T17:21:41.412+0000] {processor.py:161} INFO - Started process (PID=4913) to work on /home/airflow/.local/lib/python3.12/site-packages/airflow/example_dags/example_branch_operator.py
[2024-07-18T17:21:41.413+0000] {processor.py:830} INFO - Processing file /home/airflow/.local/lib/python3.12/site-packages/airflow/example_dags/example_branch_operator.py for tasks to queue
[2024-07-18T17:21:41.415+0000] {logging_mixin.py:188} INFO - [2024-07-18T17:21:41.414+0000] {dagbag.py:545} INFO - Filling up the DagBag from /home/airflow/.local/lib/python3.12/site-packages/airflow/example_dags/example_branch_operator.py
[2024-07-18T17:21:41.434+0000] {processor.py:840} INFO - DAG(s) 'example_branch_operator' retrieved from /home/airflow/.local/lib/python3.12/site-packages/airflow/example_dags/example_branch_operator.py
[2024-07-18T17:21:41.473+0000] {logging_mixin.py:188} INFO - [2024-07-18T17:21:41.472+0000] {dag.py:3089} INFO - Sync 1 DAGs
[2024-07-18T17:21:41.498+0000] {logging_mixin.py:188} INFO - [2024-07-18T17:21:41.498+0000] {dag.py:3947} INFO - Setting next_dagrun for example_branch_operator to 2024-07-17 00:00:00+00:00, run_after=2024-07-18 00:00:00+00:00
[2024-07-18T17:21:41.517+0000] {processor.py:183} INFO - Processing /home/airflow/.local/lib/python3.12/site-packages/airflow/example_dags/example_branch_operator.py took 0.112 seconds
[2024-07-18T17:22:12.659+0000] {processor.py:161} INFO - Started process (PID=4973) to work on /home/airflow/.local/lib/python3.12/site-packages/airflow/example_dags/example_branch_operator.py
[2024-07-18T17:22:12.661+0000] {processor.py:830} INFO - Processing file /home/airflow/.local/lib/python3.12/site-packages/airflow/example_dags/example_branch_operator.py for tasks to queue
[2024-07-18T17:22:12.662+0000] {logging_mixin.py:188} INFO - [2024-07-18T17:22:12.661+0000] {dagbag.py:545} INFO - Filling up the DagBag from /home/airflow/.local/lib/python3.12/site-packages/airflow/example_dags/example_branch_operator.py
[2024-07-18T17:22:12.681+0000] {processor.py:840} INFO - DAG(s) 'example_branch_operator' retrieved from /home/airflow/.local/lib/python3.12/site-packages/airflow/example_dags/example_branch_operator.py
[2024-07-18T17:22:12.717+0000] {logging_mixin.py:188} INFO - [2024-07-18T17:22:12.717+0000] {dag.py:3089} INFO - Sync 1 DAGs
[2024-07-18T17:22:12.741+0000] {logging_mixin.py:188} INFO - [2024-07-18T17:22:12.741+0000] {dag.py:3947} INFO - Setting next_dagrun for example_branch_operator to 2024-07-17 00:00:00+00:00, run_after=2024-07-18 00:00:00+00:00
[2024-07-18T17:22:12.786+0000] {processor.py:183} INFO - Processing /home/airflow/.local/lib/python3.12/site-packages/airflow/example_dags/example_branch_operator.py took 0.134 seconds
[2024-07-18T17:22:43.675+0000] {processor.py:161} INFO - Started process (PID=5032) to work on /home/airflow/.local/lib/python3.12/site-packages/airflow/example_dags/example_branch_operator.py
[2024-07-18T17:22:43.677+0000] {processor.py:830} INFO - Processing file /home/airflow/.local/lib/python3.12/site-packages/airflow/example_dags/example_branch_operator.py for tasks to queue
[2024-07-18T17:22:43.678+0000] {logging_mixin.py:188} INFO - [2024-07-18T17:22:43.678+0000] {dagbag.py:545} INFO - Filling up the DagBag from /home/airflow/.local/lib/python3.12/site-packages/airflow/example_dags/example_branch_operator.py
[2024-07-18T17:22:43.701+0000] {processor.py:840} INFO - DAG(s) 'example_branch_operator' retrieved from /home/airflow/.local/lib/python3.12/site-packages/airflow/example_dags/example_branch_operator.py
[2024-07-18T17:22:43.770+0000] {logging_mixin.py:188} INFO - [2024-07-18T17:22:43.770+0000] {dag.py:3089} INFO - Sync 1 DAGs
[2024-07-18T17:22:43.795+0000] {logging_mixin.py:188} INFO - [2024-07-18T17:22:43.795+0000] {dag.py:3947} INFO - Setting next_dagrun for example_branch_operator to 2024-07-17 00:00:00+00:00, run_after=2024-07-18 00:00:00+00:00
[2024-07-18T17:22:43.814+0000] {processor.py:183} INFO - Processing /home/airflow/.local/lib/python3.12/site-packages/airflow/example_dags/example_branch_operator.py took 0.147 seconds
[2024-07-18T17:23:14.722+0000] {processor.py:161} INFO - Started process (PID=5092) to work on /home/airflow/.local/lib/python3.12/site-packages/airflow/example_dags/example_branch_operator.py
[2024-07-18T17:23:14.724+0000] {processor.py:830} INFO - Processing file /home/airflow/.local/lib/python3.12/site-packages/airflow/example_dags/example_branch_operator.py for tasks to queue
[2024-07-18T17:23:14.725+0000] {logging_mixin.py:188} INFO - [2024-07-18T17:23:14.725+0000] {dagbag.py:545} INFO - Filling up the DagBag from /home/airflow/.local/lib/python3.12/site-packages/airflow/example_dags/example_branch_operator.py
[2024-07-18T17:23:14.745+0000] {processor.py:840} INFO - DAG(s) 'example_branch_operator' retrieved from /home/airflow/.local/lib/python3.12/site-packages/airflow/example_dags/example_branch_operator.py
[2024-07-18T17:23:14.782+0000] {logging_mixin.py:188} INFO - [2024-07-18T17:23:14.781+0000] {dag.py:3089} INFO - Sync 1 DAGs
[2024-07-18T17:23:14.802+0000] {logging_mixin.py:188} INFO - [2024-07-18T17:23:14.802+0000] {dag.py:3947} INFO - Setting next_dagrun for example_branch_operator to 2024-07-17 00:00:00+00:00, run_after=2024-07-18 00:00:00+00:00
[2024-07-18T17:23:14.824+0000] {processor.py:183} INFO - Processing /home/airflow/.local/lib/python3.12/site-packages/airflow/example_dags/example_branch_operator.py took 0.110 seconds
[2024-07-18T17:23:45.156+0000] {processor.py:161} INFO - Started process (PID=5152) to work on /home/airflow/.local/lib/python3.12/site-packages/airflow/example_dags/example_branch_operator.py
[2024-07-18T17:23:45.157+0000] {processor.py:830} INFO - Processing file /home/airflow/.local/lib/python3.12/site-packages/airflow/example_dags/example_branch_operator.py for tasks to queue
[2024-07-18T17:23:45.158+0000] {logging_mixin.py:188} INFO - [2024-07-18T17:23:45.158+0000] {dagbag.py:545} INFO - Filling up the DagBag from /home/airflow/.local/lib/python3.12/site-packages/airflow/example_dags/example_branch_operator.py
[2024-07-18T17:23:45.177+0000] {processor.py:840} INFO - DAG(s) 'example_branch_operator' retrieved from /home/airflow/.local/lib/python3.12/site-packages/airflow/example_dags/example_branch_operator.py
[2024-07-18T17:23:45.209+0000] {logging_mixin.py:188} INFO - [2024-07-18T17:23:45.209+0000] {dag.py:3089} INFO - Sync 1 DAGs
[2024-07-18T17:23:45.228+0000] {logging_mixin.py:188} INFO - [2024-07-18T17:23:45.228+0000] {dag.py:3947} INFO - Setting next_dagrun for example_branch_operator to 2024-07-17 00:00:00+00:00, run_after=2024-07-18 00:00:00+00:00
[2024-07-18T17:23:45.245+0000] {processor.py:183} INFO - Processing /home/airflow/.local/lib/python3.12/site-packages/airflow/example_dags/example_branch_operator.py took 0.096 seconds
[2024-07-18T17:33:24.375+0000] {processor.py:161} INFO - Started process (PID=5213) to work on /home/airflow/.local/lib/python3.12/site-packages/airflow/example_dags/example_branch_operator.py
[2024-07-18T17:33:24.376+0000] {processor.py:830} INFO - Processing file /home/airflow/.local/lib/python3.12/site-packages/airflow/example_dags/example_branch_operator.py for tasks to queue
[2024-07-18T17:33:24.378+0000] {logging_mixin.py:188} INFO - [2024-07-18T17:33:24.377+0000] {dagbag.py:545} INFO - Filling up the DagBag from /home/airflow/.local/lib/python3.12/site-packages/airflow/example_dags/example_branch_operator.py
[2024-07-18T17:33:24.404+0000] {processor.py:840} INFO - DAG(s) 'example_branch_operator' retrieved from /home/airflow/.local/lib/python3.12/site-packages/airflow/example_dags/example_branch_operator.py
[2024-07-18T17:33:24.448+0000] {logging_mixin.py:188} INFO - [2024-07-18T17:33:24.448+0000] {dag.py:3089} INFO - Sync 1 DAGs
[2024-07-18T17:33:24.472+0000] {logging_mixin.py:188} INFO - [2024-07-18T17:33:24.472+0000] {dag.py:3947} INFO - Setting next_dagrun for example_branch_operator to 2024-07-17 00:00:00+00:00, run_after=2024-07-18 00:00:00+00:00
[2024-07-18T17:33:24.494+0000] {processor.py:183} INFO - Processing /home/airflow/.local/lib/python3.12/site-packages/airflow/example_dags/example_branch_operator.py took 0.127 seconds
[2024-07-18T17:34:00.731+0000] {processor.py:161} INFO - Started process (PID=5273) to work on /home/airflow/.local/lib/python3.12/site-packages/airflow/example_dags/example_branch_operator.py
[2024-07-18T17:34:00.732+0000] {processor.py:830} INFO - Processing file /home/airflow/.local/lib/python3.12/site-packages/airflow/example_dags/example_branch_operator.py for tasks to queue
[2024-07-18T17:34:00.734+0000] {logging_mixin.py:188} INFO - [2024-07-18T17:34:00.733+0000] {dagbag.py:545} INFO - Filling up the DagBag from /home/airflow/.local/lib/python3.12/site-packages/airflow/example_dags/example_branch_operator.py
[2024-07-18T17:34:00.755+0000] {processor.py:840} INFO - DAG(s) 'example_branch_operator' retrieved from /home/airflow/.local/lib/python3.12/site-packages/airflow/example_dags/example_branch_operator.py
[2024-07-18T17:34:00.790+0000] {logging_mixin.py:188} INFO - [2024-07-18T17:34:00.790+0000] {dag.py:3089} INFO - Sync 1 DAGs
[2024-07-18T17:34:00.815+0000] {logging_mixin.py:188} INFO - [2024-07-18T17:34:00.815+0000] {dag.py:3947} INFO - Setting next_dagrun for example_branch_operator to 2024-07-17 00:00:00+00:00, run_after=2024-07-18 00:00:00+00:00
[2024-07-18T17:34:00.838+0000] {processor.py:183} INFO - Processing /home/airflow/.local/lib/python3.12/site-packages/airflow/example_dags/example_branch_operator.py took 0.114 seconds
[2024-07-18T17:34:46.531+0000] {processor.py:161} INFO - Started process (PID=5332) to work on /home/airflow/.local/lib/python3.12/site-packages/airflow/example_dags/example_branch_operator.py
[2024-07-18T17:34:46.533+0000] {processor.py:830} INFO - Processing file /home/airflow/.local/lib/python3.12/site-packages/airflow/example_dags/example_branch_operator.py for tasks to queue
[2024-07-18T17:34:46.534+0000] {logging_mixin.py:188} INFO - [2024-07-18T17:34:46.534+0000] {dagbag.py:545} INFO - Filling up the DagBag from /home/airflow/.local/lib/python3.12/site-packages/airflow/example_dags/example_branch_operator.py
[2024-07-18T17:34:46.564+0000] {processor.py:840} INFO - DAG(s) 'example_branch_operator' retrieved from /home/airflow/.local/lib/python3.12/site-packages/airflow/example_dags/example_branch_operator.py
[2024-07-18T17:34:46.602+0000] {logging_mixin.py:188} INFO - [2024-07-18T17:34:46.602+0000] {dag.py:3089} INFO - Sync 1 DAGs
[2024-07-18T17:34:46.633+0000] {logging_mixin.py:188} INFO - [2024-07-18T17:34:46.632+0000] {dag.py:3947} INFO - Setting next_dagrun for example_branch_operator to 2024-07-17 00:00:00+00:00, run_after=2024-07-18 00:00:00+00:00
[2024-07-18T17:34:46.659+0000] {processor.py:183} INFO - Processing /home/airflow/.local/lib/python3.12/site-packages/airflow/example_dags/example_branch_operator.py took 0.139 seconds
[2024-07-18T17:35:22.143+0000] {processor.py:161} INFO - Started process (PID=5398) to work on /home/airflow/.local/lib/python3.12/site-packages/airflow/example_dags/example_branch_operator.py
[2024-07-18T17:35:22.144+0000] {processor.py:830} INFO - Processing file /home/airflow/.local/lib/python3.12/site-packages/airflow/example_dags/example_branch_operator.py for tasks to queue
[2024-07-18T17:35:22.146+0000] {logging_mixin.py:188} INFO - [2024-07-18T17:35:22.145+0000] {dagbag.py:545} INFO - Filling up the DagBag from /home/airflow/.local/lib/python3.12/site-packages/airflow/example_dags/example_branch_operator.py
[2024-07-18T17:35:22.171+0000] {processor.py:840} INFO - DAG(s) 'example_branch_operator' retrieved from /home/airflow/.local/lib/python3.12/site-packages/airflow/example_dags/example_branch_operator.py
[2024-07-18T17:35:22.209+0000] {logging_mixin.py:188} INFO - [2024-07-18T17:35:22.209+0000] {dag.py:3089} INFO - Sync 1 DAGs
[2024-07-18T17:35:22.233+0000] {logging_mixin.py:188} INFO - [2024-07-18T17:35:22.233+0000] {dag.py:3947} INFO - Setting next_dagrun for example_branch_operator to 2024-07-17 00:00:00+00:00, run_after=2024-07-18 00:00:00+00:00
[2024-07-18T17:35:22.256+0000] {processor.py:183} INFO - Processing /home/airflow/.local/lib/python3.12/site-packages/airflow/example_dags/example_branch_operator.py took 0.121 seconds
[2024-07-18T17:41:27.824+0000] {processor.py:161} INFO - Started process (PID=5458) to work on /home/airflow/.local/lib/python3.12/site-packages/airflow/example_dags/example_branch_operator.py
[2024-07-18T17:41:27.880+0000] {processor.py:830} INFO - Processing file /home/airflow/.local/lib/python3.12/site-packages/airflow/example_dags/example_branch_operator.py for tasks to queue
[2024-07-18T17:41:27.881+0000] {logging_mixin.py:188} INFO - [2024-07-18T17:41:27.881+0000] {dagbag.py:545} INFO - Filling up the DagBag from /home/airflow/.local/lib/python3.12/site-packages/airflow/example_dags/example_branch_operator.py
[2024-07-18T17:41:27.908+0000] {processor.py:840} INFO - DAG(s) 'example_branch_operator' retrieved from /home/airflow/.local/lib/python3.12/site-packages/airflow/example_dags/example_branch_operator.py
[2024-07-18T17:41:27.949+0000] {logging_mixin.py:188} INFO - [2024-07-18T17:41:27.948+0000] {dag.py:3089} INFO - Sync 1 DAGs
[2024-07-18T17:41:28.034+0000] {logging_mixin.py:188} INFO - [2024-07-18T17:41:28.034+0000] {dag.py:3947} INFO - Setting next_dagrun for example_branch_operator to 2024-07-17 00:00:00+00:00, run_after=2024-07-18 00:00:00+00:00
[2024-07-18T17:41:28.140+0000] {processor.py:183} INFO - Processing /home/airflow/.local/lib/python3.12/site-packages/airflow/example_dags/example_branch_operator.py took 0.323 seconds
[2024-07-18T17:44:42.165+0000] {processor.py:161} INFO - Started process (PID=5523) to work on /home/airflow/.local/lib/python3.12/site-packages/airflow/example_dags/example_branch_operator.py
[2024-07-18T17:44:42.166+0000] {processor.py:830} INFO - Processing file /home/airflow/.local/lib/python3.12/site-packages/airflow/example_dags/example_branch_operator.py for tasks to queue
[2024-07-18T17:44:42.168+0000] {logging_mixin.py:188} INFO - [2024-07-18T17:44:42.167+0000] {dagbag.py:545} INFO - Filling up the DagBag from /home/airflow/.local/lib/python3.12/site-packages/airflow/example_dags/example_branch_operator.py
[2024-07-18T17:44:42.188+0000] {processor.py:840} INFO - DAG(s) 'example_branch_operator' retrieved from /home/airflow/.local/lib/python3.12/site-packages/airflow/example_dags/example_branch_operator.py
[2024-07-18T17:44:42.224+0000] {logging_mixin.py:188} INFO - [2024-07-18T17:44:42.224+0000] {dag.py:3089} INFO - Sync 1 DAGs
[2024-07-18T17:44:42.249+0000] {logging_mixin.py:188} INFO - [2024-07-18T17:44:42.248+0000] {dag.py:3947} INFO - Setting next_dagrun for example_branch_operator to 2024-07-17 00:00:00+00:00, run_after=2024-07-18 00:00:00+00:00
[2024-07-18T17:44:42.269+0000] {processor.py:183} INFO - Processing /home/airflow/.local/lib/python3.12/site-packages/airflow/example_dags/example_branch_operator.py took 0.111 seconds
[2024-07-18T17:47:01.937+0000] {processor.py:161} INFO - Started process (PID=5583) to work on /home/airflow/.local/lib/python3.12/site-packages/airflow/example_dags/example_branch_operator.py
[2024-07-18T17:47:01.939+0000] {processor.py:830} INFO - Processing file /home/airflow/.local/lib/python3.12/site-packages/airflow/example_dags/example_branch_operator.py for tasks to queue
[2024-07-18T17:47:01.940+0000] {logging_mixin.py:188} INFO - [2024-07-18T17:47:01.939+0000] {dagbag.py:545} INFO - Filling up the DagBag from /home/airflow/.local/lib/python3.12/site-packages/airflow/example_dags/example_branch_operator.py
[2024-07-18T17:47:01.960+0000] {processor.py:840} INFO - DAG(s) 'example_branch_operator' retrieved from /home/airflow/.local/lib/python3.12/site-packages/airflow/example_dags/example_branch_operator.py
[2024-07-18T17:47:01.996+0000] {logging_mixin.py:188} INFO - [2024-07-18T17:47:01.995+0000] {dag.py:3089} INFO - Sync 1 DAGs
[2024-07-18T17:47:02.019+0000] {logging_mixin.py:188} INFO - [2024-07-18T17:47:02.019+0000] {dag.py:3947} INFO - Setting next_dagrun for example_branch_operator to 2024-07-17 00:00:00+00:00, run_after=2024-07-18 00:00:00+00:00
[2024-07-18T17:47:02.039+0000] {processor.py:183} INFO - Processing /home/airflow/.local/lib/python3.12/site-packages/airflow/example_dags/example_branch_operator.py took 0.108 seconds
[2024-07-18T17:53:31.359+0000] {processor.py:161} INFO - Started process (PID=5643) to work on /home/airflow/.local/lib/python3.12/site-packages/airflow/example_dags/example_branch_operator.py
[2024-07-18T17:53:31.360+0000] {processor.py:830} INFO - Processing file /home/airflow/.local/lib/python3.12/site-packages/airflow/example_dags/example_branch_operator.py for tasks to queue
[2024-07-18T17:53:31.362+0000] {logging_mixin.py:188} INFO - [2024-07-18T17:53:31.361+0000] {dagbag.py:545} INFO - Filling up the DagBag from /home/airflow/.local/lib/python3.12/site-packages/airflow/example_dags/example_branch_operator.py
[2024-07-18T17:53:31.380+0000] {processor.py:840} INFO - DAG(s) 'example_branch_operator' retrieved from /home/airflow/.local/lib/python3.12/site-packages/airflow/example_dags/example_branch_operator.py
[2024-07-18T17:53:31.414+0000] {logging_mixin.py:188} INFO - [2024-07-18T17:53:31.414+0000] {dag.py:3089} INFO - Sync 1 DAGs
[2024-07-18T17:53:31.439+0000] {logging_mixin.py:188} INFO - [2024-07-18T17:53:31.439+0000] {dag.py:3947} INFO - Setting next_dagrun for example_branch_operator to 2024-07-17 00:00:00+00:00, run_after=2024-07-18 00:00:00+00:00
[2024-07-18T17:53:31.462+0000] {processor.py:183} INFO - Processing /home/airflow/.local/lib/python3.12/site-packages/airflow/example_dags/example_branch_operator.py took 0.109 seconds
[2024-07-18T18:42:29.785+0000] {processor.py:161} INFO - Started process (PID=5703) to work on /home/airflow/.local/lib/python3.12/site-packages/airflow/example_dags/example_branch_operator.py
[2024-07-18T18:42:29.787+0000] {processor.py:830} INFO - Processing file /home/airflow/.local/lib/python3.12/site-packages/airflow/example_dags/example_branch_operator.py for tasks to queue
[2024-07-18T18:42:29.788+0000] {logging_mixin.py:188} INFO - [2024-07-18T18:42:29.788+0000] {dagbag.py:545} INFO - Filling up the DagBag from /home/airflow/.local/lib/python3.12/site-packages/airflow/example_dags/example_branch_operator.py
[2024-07-18T18:42:29.809+0000] {processor.py:840} INFO - DAG(s) 'example_branch_operator' retrieved from /home/airflow/.local/lib/python3.12/site-packages/airflow/example_dags/example_branch_operator.py
[2024-07-18T18:42:29.845+0000] {logging_mixin.py:188} INFO - [2024-07-18T18:42:29.845+0000] {dag.py:3089} INFO - Sync 1 DAGs
[2024-07-18T18:42:29.869+0000] {logging_mixin.py:188} INFO - [2024-07-18T18:42:29.868+0000] {dag.py:3947} INFO - Setting next_dagrun for example_branch_operator to 2024-07-17 00:00:00+00:00, run_after=2024-07-18 00:00:00+00:00
[2024-07-18T18:42:29.889+0000] {processor.py:183} INFO - Processing /home/airflow/.local/lib/python3.12/site-packages/airflow/example_dags/example_branch_operator.py took 0.111 seconds
[2024-07-18T21:44:06.637+0000] {processor.py:161} INFO - Started process (PID=5771) to work on /home/airflow/.local/lib/python3.12/site-packages/airflow/example_dags/example_branch_operator.py
[2024-07-18T21:44:06.638+0000] {processor.py:830} INFO - Processing file /home/airflow/.local/lib/python3.12/site-packages/airflow/example_dags/example_branch_operator.py for tasks to queue
[2024-07-18T21:44:06.640+0000] {logging_mixin.py:188} INFO - [2024-07-18T21:44:06.640+0000] {dagbag.py:545} INFO - Filling up the DagBag from /home/airflow/.local/lib/python3.12/site-packages/airflow/example_dags/example_branch_operator.py
[2024-07-18T21:44:06.678+0000] {processor.py:840} INFO - DAG(s) 'example_branch_operator' retrieved from /home/airflow/.local/lib/python3.12/site-packages/airflow/example_dags/example_branch_operator.py
[2024-07-18T21:44:06.747+0000] {logging_mixin.py:188} INFO - [2024-07-18T21:44:06.747+0000] {dag.py:3089} INFO - Sync 1 DAGs
[2024-07-18T21:44:06.792+0000] {logging_mixin.py:188} INFO - [2024-07-18T21:44:06.792+0000] {dag.py:3947} INFO - Setting next_dagrun for example_branch_operator to 2024-07-17 00:00:00+00:00, run_after=2024-07-18 00:00:00+00:00
[2024-07-18T21:44:06.937+0000] {processor.py:183} INFO - Processing /home/airflow/.local/lib/python3.12/site-packages/airflow/example_dags/example_branch_operator.py took 0.309 seconds
[2024-07-18T22:38:01.644+0000] {processor.py:161} INFO - Started process (PID=5994) to work on /home/airflow/.local/lib/python3.12/site-packages/airflow/example_dags/example_branch_operator.py
[2024-07-18T22:38:01.645+0000] {processor.py:830} INFO - Processing file /home/airflow/.local/lib/python3.12/site-packages/airflow/example_dags/example_branch_operator.py for tasks to queue
[2024-07-18T22:38:01.647+0000] {logging_mixin.py:188} INFO - [2024-07-18T22:38:01.646+0000] {dagbag.py:545} INFO - Filling up the DagBag from /home/airflow/.local/lib/python3.12/site-packages/airflow/example_dags/example_branch_operator.py
[2024-07-18T22:38:01.668+0000] {processor.py:840} INFO - DAG(s) 'example_branch_operator' retrieved from /home/airflow/.local/lib/python3.12/site-packages/airflow/example_dags/example_branch_operator.py
[2024-07-18T22:38:01.780+0000] {logging_mixin.py:188} INFO - [2024-07-18T22:38:01.780+0000] {dag.py:3089} INFO - Sync 1 DAGs
[2024-07-18T22:38:01.809+0000] {logging_mixin.py:188} INFO - [2024-07-18T22:38:01.808+0000] {dag.py:3947} INFO - Setting next_dagrun for example_branch_operator to 2024-07-17 00:00:00+00:00, run_after=2024-07-18 00:00:00+00:00
[2024-07-18T22:38:01.832+0000] {processor.py:183} INFO - Processing /home/airflow/.local/lib/python3.12/site-packages/airflow/example_dags/example_branch_operator.py took 0.195 seconds
