[2024-07-18T01:27:58.969+0000] {processor.py:161} INFO - Started process (PID=4444) to work on /home/airflow/.local/lib/python3.12/site-packages/airflow/example_dags/example_datasets.py
[2024-07-18T01:27:58.970+0000] {processor.py:830} INFO - Processing file /home/airflow/.local/lib/python3.12/site-packages/airflow/example_dags/example_datasets.py for tasks to queue
[2024-07-18T01:27:58.971+0000] {logging_mixin.py:188} INFO - [2024-07-18T01:27:58.971+0000] {dagbag.py:545} INFO - Filling up the DagBag from /home/airflow/.local/lib/python3.12/site-packages/airflow/example_dags/example_datasets.py
[2024-07-18T01:27:58.993+0000] {processor.py:840} INFO - DAG(s) 'dataset_produces_1', 'dataset_consumes_1_and_2', 'dataset_consumes_1_never_scheduled', 'dataset_consumes_1', 'consume_1_and_2_with_dataset_expressions', 'consume_1_or_both_2_and_3_with_dataset_expressions', 'conditional_dataset_and_time_based_timetable', 'dataset_produces_2', 'consume_1_or_2_with_dataset_expressions', 'dataset_consumes_unknown_never_scheduled' retrieved from /home/airflow/.local/lib/python3.12/site-packages/airflow/example_dags/example_datasets.py
[2024-07-18T01:27:59.049+0000] {logging_mixin.py:188} INFO - [2024-07-18T01:27:59.048+0000] {dag.py:3089} INFO - Sync 10 DAGs
[2024-07-18T01:27:59.075+0000] {logging_mixin.py:188} INFO - [2024-07-18T01:27:59.075+0000] {dag.py:3947} INFO - Setting next_dagrun for conditional_dataset_and_time_based_timetable to 2024-07-17 01:00:00+00:00, run_after=2024-07-17 01:00:00+00:00
[2024-07-18T01:27:59.079+0000] {logging_mixin.py:188} INFO - [2024-07-18T01:27:59.079+0000] {dag.py:3947} INFO - Setting next_dagrun for consume_1_and_2_with_dataset_expressions to None, run_after=None
[2024-07-18T01:27:59.081+0000] {logging_mixin.py:188} INFO - [2024-07-18T01:27:59.081+0000] {dag.py:3947} INFO - Setting next_dagrun for consume_1_or_2_with_dataset_expressions to None, run_after=None
[2024-07-18T01:27:59.083+0000] {logging_mixin.py:188} INFO - [2024-07-18T01:27:59.083+0000] {dag.py:3947} INFO - Setting next_dagrun for consume_1_or_both_2_and_3_with_dataset_expressions to None, run_after=None
[2024-07-18T01:27:59.085+0000] {logging_mixin.py:188} INFO - [2024-07-18T01:27:59.085+0000] {dag.py:3947} INFO - Setting next_dagrun for dataset_consumes_1 to None, run_after=None
[2024-07-18T01:27:59.087+0000] {logging_mixin.py:188} INFO - [2024-07-18T01:27:59.086+0000] {dag.py:3947} INFO - Setting next_dagrun for dataset_consumes_1_and_2 to None, run_after=None
[2024-07-18T01:27:59.088+0000] {logging_mixin.py:188} INFO - [2024-07-18T01:27:59.088+0000] {dag.py:3947} INFO - Setting next_dagrun for dataset_consumes_1_never_scheduled to None, run_after=None
[2024-07-18T01:27:59.090+0000] {logging_mixin.py:188} INFO - [2024-07-18T01:27:59.090+0000] {dag.py:3947} INFO - Setting next_dagrun for dataset_consumes_unknown_never_scheduled to None, run_after=None
[2024-07-18T01:27:59.093+0000] {logging_mixin.py:188} INFO - [2024-07-18T01:27:59.093+0000] {dag.py:3947} INFO - Setting next_dagrun for dataset_produces_1 to 2024-07-17 00:00:00+00:00, run_after=2024-07-18 00:00:00+00:00
[2024-07-18T01:27:59.095+0000] {logging_mixin.py:188} INFO - [2024-07-18T01:27:59.095+0000] {dag.py:3947} INFO - Setting next_dagrun for dataset_produces_2 to None, run_after=None
[2024-07-18T01:27:59.139+0000] {processor.py:183} INFO - Processing /home/airflow/.local/lib/python3.12/site-packages/airflow/example_dags/example_datasets.py took 0.177 seconds
[2024-07-18T02:47:27.059+0000] {processor.py:161} INFO - Started process (PID=4504) to work on /home/airflow/.local/lib/python3.12/site-packages/airflow/example_dags/example_datasets.py
[2024-07-18T02:47:27.061+0000] {processor.py:830} INFO - Processing file /home/airflow/.local/lib/python3.12/site-packages/airflow/example_dags/example_datasets.py for tasks to queue
[2024-07-18T02:47:27.062+0000] {logging_mixin.py:188} INFO - [2024-07-18T02:47:27.062+0000] {dagbag.py:545} INFO - Filling up the DagBag from /home/airflow/.local/lib/python3.12/site-packages/airflow/example_dags/example_datasets.py
[2024-07-18T02:47:27.083+0000] {processor.py:840} INFO - DAG(s) 'dataset_consumes_unknown_never_scheduled', 'consume_1_or_2_with_dataset_expressions', 'conditional_dataset_and_time_based_timetable', 'dataset_produces_2', 'dataset_produces_1', 'dataset_consumes_1_and_2', 'dataset_consumes_1_never_scheduled', 'consume_1_and_2_with_dataset_expressions', 'consume_1_or_both_2_and_3_with_dataset_expressions', 'dataset_consumes_1' retrieved from /home/airflow/.local/lib/python3.12/site-packages/airflow/example_dags/example_datasets.py
[2024-07-18T02:47:27.241+0000] {logging_mixin.py:188} INFO - [2024-07-18T02:47:27.241+0000] {dag.py:3089} INFO - Sync 10 DAGs
[2024-07-18T02:47:27.263+0000] {logging_mixin.py:188} INFO - [2024-07-18T02:47:27.263+0000] {dag.py:3947} INFO - Setting next_dagrun for conditional_dataset_and_time_based_timetable to 2024-07-17 01:00:00+00:00, run_after=2024-07-17 01:00:00+00:00
[2024-07-18T02:47:27.267+0000] {logging_mixin.py:188} INFO - [2024-07-18T02:47:27.266+0000] {dag.py:3947} INFO - Setting next_dagrun for consume_1_and_2_with_dataset_expressions to None, run_after=None
[2024-07-18T02:47:27.268+0000] {logging_mixin.py:188} INFO - [2024-07-18T02:47:27.268+0000] {dag.py:3947} INFO - Setting next_dagrun for consume_1_or_2_with_dataset_expressions to None, run_after=None
[2024-07-18T02:47:27.269+0000] {logging_mixin.py:188} INFO - [2024-07-18T02:47:27.269+0000] {dag.py:3947} INFO - Setting next_dagrun for consume_1_or_both_2_and_3_with_dataset_expressions to None, run_after=None
[2024-07-18T02:47:27.271+0000] {logging_mixin.py:188} INFO - [2024-07-18T02:47:27.271+0000] {dag.py:3947} INFO - Setting next_dagrun for dataset_consumes_1 to None, run_after=None
[2024-07-18T02:47:27.272+0000] {logging_mixin.py:188} INFO - [2024-07-18T02:47:27.272+0000] {dag.py:3947} INFO - Setting next_dagrun for dataset_consumes_1_and_2 to None, run_after=None
[2024-07-18T02:47:27.274+0000] {logging_mixin.py:188} INFO - [2024-07-18T02:47:27.274+0000] {dag.py:3947} INFO - Setting next_dagrun for dataset_consumes_1_never_scheduled to None, run_after=None
[2024-07-18T02:47:27.276+0000] {logging_mixin.py:188} INFO - [2024-07-18T02:47:27.276+0000] {dag.py:3947} INFO - Setting next_dagrun for dataset_consumes_unknown_never_scheduled to None, run_after=None
[2024-07-18T02:47:27.280+0000] {logging_mixin.py:188} INFO - [2024-07-18T02:47:27.280+0000] {dag.py:3947} INFO - Setting next_dagrun for dataset_produces_1 to 2024-07-17 00:00:00+00:00, run_after=2024-07-18 00:00:00+00:00
[2024-07-18T02:47:27.282+0000] {logging_mixin.py:188} INFO - [2024-07-18T02:47:27.281+0000] {dag.py:3947} INFO - Setting next_dagrun for dataset_produces_2 to None, run_after=None
[2024-07-18T02:47:27.322+0000] {processor.py:183} INFO - Processing /home/airflow/.local/lib/python3.12/site-packages/airflow/example_dags/example_datasets.py took 0.271 seconds
[2024-07-18T03:28:38.854+0000] {processor.py:161} INFO - Started process (PID=4564) to work on /home/airflow/.local/lib/python3.12/site-packages/airflow/example_dags/example_datasets.py
[2024-07-18T03:28:38.856+0000] {processor.py:830} INFO - Processing file /home/airflow/.local/lib/python3.12/site-packages/airflow/example_dags/example_datasets.py for tasks to queue
[2024-07-18T03:28:38.857+0000] {logging_mixin.py:188} INFO - [2024-07-18T03:28:38.857+0000] {dagbag.py:545} INFO - Filling up the DagBag from /home/airflow/.local/lib/python3.12/site-packages/airflow/example_dags/example_datasets.py
[2024-07-18T03:28:38.880+0000] {processor.py:840} INFO - DAG(s) 'dataset_consumes_1', 'dataset_consumes_1_never_scheduled', 'dataset_produces_1', 'conditional_dataset_and_time_based_timetable', 'consume_1_and_2_with_dataset_expressions', 'consume_1_or_2_with_dataset_expressions', 'dataset_consumes_1_and_2', 'consume_1_or_both_2_and_3_with_dataset_expressions', 'dataset_consumes_unknown_never_scheduled', 'dataset_produces_2' retrieved from /home/airflow/.local/lib/python3.12/site-packages/airflow/example_dags/example_datasets.py
[2024-07-18T03:28:38.939+0000] {logging_mixin.py:188} INFO - [2024-07-18T03:28:38.938+0000] {dag.py:3089} INFO - Sync 10 DAGs
[2024-07-18T03:28:38.967+0000] {logging_mixin.py:188} INFO - [2024-07-18T03:28:38.967+0000] {dag.py:3947} INFO - Setting next_dagrun for conditional_dataset_and_time_based_timetable to 2024-07-17 01:00:00+00:00, run_after=2024-07-17 01:00:00+00:00
[2024-07-18T03:28:38.971+0000] {logging_mixin.py:188} INFO - [2024-07-18T03:28:38.971+0000] {dag.py:3947} INFO - Setting next_dagrun for consume_1_and_2_with_dataset_expressions to None, run_after=None
[2024-07-18T03:28:38.973+0000] {logging_mixin.py:188} INFO - [2024-07-18T03:28:38.973+0000] {dag.py:3947} INFO - Setting next_dagrun for consume_1_or_2_with_dataset_expressions to None, run_after=None
[2024-07-18T03:28:38.975+0000] {logging_mixin.py:188} INFO - [2024-07-18T03:28:38.975+0000] {dag.py:3947} INFO - Setting next_dagrun for consume_1_or_both_2_and_3_with_dataset_expressions to None, run_after=None
[2024-07-18T03:28:38.977+0000] {logging_mixin.py:188} INFO - [2024-07-18T03:28:38.977+0000] {dag.py:3947} INFO - Setting next_dagrun for dataset_consumes_1 to None, run_after=None
[2024-07-18T03:28:38.979+0000] {logging_mixin.py:188} INFO - [2024-07-18T03:28:38.979+0000] {dag.py:3947} INFO - Setting next_dagrun for dataset_consumes_1_and_2 to None, run_after=None
[2024-07-18T03:28:38.981+0000] {logging_mixin.py:188} INFO - [2024-07-18T03:28:38.980+0000] {dag.py:3947} INFO - Setting next_dagrun for dataset_consumes_1_never_scheduled to None, run_after=None
[2024-07-18T03:28:38.982+0000] {logging_mixin.py:188} INFO - [2024-07-18T03:28:38.982+0000] {dag.py:3947} INFO - Setting next_dagrun for dataset_consumes_unknown_never_scheduled to None, run_after=None
[2024-07-18T03:28:38.985+0000] {logging_mixin.py:188} INFO - [2024-07-18T03:28:38.985+0000] {dag.py:3947} INFO - Setting next_dagrun for dataset_produces_1 to 2024-07-17 00:00:00+00:00, run_after=2024-07-18 00:00:00+00:00
[2024-07-18T03:28:38.987+0000] {logging_mixin.py:188} INFO - [2024-07-18T03:28:38.987+0000] {dag.py:3947} INFO - Setting next_dagrun for dataset_produces_2 to None, run_after=None
[2024-07-18T03:28:39.027+0000] {processor.py:183} INFO - Processing /home/airflow/.local/lib/python3.12/site-packages/airflow/example_dags/example_datasets.py took 0.181 seconds
[2024-07-18T15:23:46.928+0000] {processor.py:161} INFO - Started process (PID=4624) to work on /home/airflow/.local/lib/python3.12/site-packages/airflow/example_dags/example_datasets.py
[2024-07-18T15:23:46.930+0000] {processor.py:830} INFO - Processing file /home/airflow/.local/lib/python3.12/site-packages/airflow/example_dags/example_datasets.py for tasks to queue
[2024-07-18T15:23:46.931+0000] {logging_mixin.py:188} INFO - [2024-07-18T15:23:46.931+0000] {dagbag.py:545} INFO - Filling up the DagBag from /home/airflow/.local/lib/python3.12/site-packages/airflow/example_dags/example_datasets.py
[2024-07-18T15:23:46.949+0000] {processor.py:840} INFO - DAG(s) 'consume_1_and_2_with_dataset_expressions', 'dataset_produces_2', 'dataset_consumes_unknown_never_scheduled', 'consume_1_or_2_with_dataset_expressions', 'dataset_consumes_1', 'dataset_produces_1', 'dataset_consumes_1_and_2', 'consume_1_or_both_2_and_3_with_dataset_expressions', 'dataset_consumes_1_never_scheduled', 'conditional_dataset_and_time_based_timetable' retrieved from /home/airflow/.local/lib/python3.12/site-packages/airflow/example_dags/example_datasets.py
[2024-07-18T15:23:46.996+0000] {logging_mixin.py:188} INFO - [2024-07-18T15:23:46.996+0000] {dag.py:3089} INFO - Sync 10 DAGs
[2024-07-18T15:23:47.021+0000] {logging_mixin.py:188} INFO - [2024-07-18T15:23:47.020+0000] {dag.py:3947} INFO - Setting next_dagrun for conditional_dataset_and_time_based_timetable to 2024-07-17 01:00:00+00:00, run_after=2024-07-17 01:00:00+00:00
[2024-07-18T15:23:47.025+0000] {logging_mixin.py:188} INFO - [2024-07-18T15:23:47.025+0000] {dag.py:3947} INFO - Setting next_dagrun for consume_1_and_2_with_dataset_expressions to None, run_after=None
[2024-07-18T15:23:47.027+0000] {logging_mixin.py:188} INFO - [2024-07-18T15:23:47.026+0000] {dag.py:3947} INFO - Setting next_dagrun for consume_1_or_2_with_dataset_expressions to None, run_after=None
[2024-07-18T15:23:47.029+0000] {logging_mixin.py:188} INFO - [2024-07-18T15:23:47.029+0000] {dag.py:3947} INFO - Setting next_dagrun for consume_1_or_both_2_and_3_with_dataset_expressions to None, run_after=None
[2024-07-18T15:23:47.031+0000] {logging_mixin.py:188} INFO - [2024-07-18T15:23:47.030+0000] {dag.py:3947} INFO - Setting next_dagrun for dataset_consumes_1 to None, run_after=None
[2024-07-18T15:23:47.032+0000] {logging_mixin.py:188} INFO - [2024-07-18T15:23:47.032+0000] {dag.py:3947} INFO - Setting next_dagrun for dataset_consumes_1_and_2 to None, run_after=None
[2024-07-18T15:23:47.034+0000] {logging_mixin.py:188} INFO - [2024-07-18T15:23:47.034+0000] {dag.py:3947} INFO - Setting next_dagrun for dataset_consumes_1_never_scheduled to None, run_after=None
[2024-07-18T15:23:47.036+0000] {logging_mixin.py:188} INFO - [2024-07-18T15:23:47.036+0000] {dag.py:3947} INFO - Setting next_dagrun for dataset_consumes_unknown_never_scheduled to None, run_after=None
[2024-07-18T15:23:47.040+0000] {logging_mixin.py:188} INFO - [2024-07-18T15:23:47.039+0000] {dag.py:3947} INFO - Setting next_dagrun for dataset_produces_1 to 2024-07-17 00:00:00+00:00, run_after=2024-07-18 00:00:00+00:00
[2024-07-18T15:23:47.042+0000] {logging_mixin.py:188} INFO - [2024-07-18T15:23:47.041+0000] {dag.py:3947} INFO - Setting next_dagrun for dataset_produces_2 to None, run_after=None
[2024-07-18T15:23:47.081+0000] {processor.py:183} INFO - Processing /home/airflow/.local/lib/python3.12/site-packages/airflow/example_dags/example_datasets.py took 0.159 seconds
[2024-07-18T17:19:40.371+0000] {processor.py:161} INFO - Started process (PID=4684) to work on /home/airflow/.local/lib/python3.12/site-packages/airflow/example_dags/example_datasets.py
[2024-07-18T17:19:40.372+0000] {processor.py:830} INFO - Processing file /home/airflow/.local/lib/python3.12/site-packages/airflow/example_dags/example_datasets.py for tasks to queue
[2024-07-18T17:19:40.373+0000] {logging_mixin.py:188} INFO - [2024-07-18T17:19:40.373+0000] {dagbag.py:545} INFO - Filling up the DagBag from /home/airflow/.local/lib/python3.12/site-packages/airflow/example_dags/example_datasets.py
[2024-07-18T17:19:40.394+0000] {processor.py:840} INFO - DAG(s) 'dataset_consumes_1', 'consume_1_or_both_2_and_3_with_dataset_expressions', 'dataset_produces_2', 'consume_1_or_2_with_dataset_expressions', 'dataset_consumes_1_never_scheduled', 'consume_1_and_2_with_dataset_expressions', 'dataset_produces_1', 'conditional_dataset_and_time_based_timetable', 'dataset_consumes_unknown_never_scheduled', 'dataset_consumes_1_and_2' retrieved from /home/airflow/.local/lib/python3.12/site-packages/airflow/example_dags/example_datasets.py
[2024-07-18T17:19:40.487+0000] {logging_mixin.py:188} INFO - [2024-07-18T17:19:40.487+0000] {dag.py:3089} INFO - Sync 10 DAGs
[2024-07-18T17:19:40.586+0000] {logging_mixin.py:188} INFO - [2024-07-18T17:19:40.586+0000] {dag.py:3947} INFO - Setting next_dagrun for conditional_dataset_and_time_based_timetable to 2024-07-17 01:00:00+00:00, run_after=2024-07-17 01:00:00+00:00
[2024-07-18T17:19:40.590+0000] {logging_mixin.py:188} INFO - [2024-07-18T17:19:40.590+0000] {dag.py:3947} INFO - Setting next_dagrun for consume_1_and_2_with_dataset_expressions to None, run_after=None
[2024-07-18T17:19:40.592+0000] {logging_mixin.py:188} INFO - [2024-07-18T17:19:40.592+0000] {dag.py:3947} INFO - Setting next_dagrun for consume_1_or_2_with_dataset_expressions to None, run_after=None
[2024-07-18T17:19:40.594+0000] {logging_mixin.py:188} INFO - [2024-07-18T17:19:40.593+0000] {dag.py:3947} INFO - Setting next_dagrun for consume_1_or_both_2_and_3_with_dataset_expressions to None, run_after=None
[2024-07-18T17:19:40.595+0000] {logging_mixin.py:188} INFO - [2024-07-18T17:19:40.595+0000] {dag.py:3947} INFO - Setting next_dagrun for dataset_consumes_1 to None, run_after=None
[2024-07-18T17:19:40.597+0000] {logging_mixin.py:188} INFO - [2024-07-18T17:19:40.597+0000] {dag.py:3947} INFO - Setting next_dagrun for dataset_consumes_1_and_2 to None, run_after=None
[2024-07-18T17:19:40.599+0000] {logging_mixin.py:188} INFO - [2024-07-18T17:19:40.598+0000] {dag.py:3947} INFO - Setting next_dagrun for dataset_consumes_1_never_scheduled to None, run_after=None
[2024-07-18T17:19:40.600+0000] {logging_mixin.py:188} INFO - [2024-07-18T17:19:40.600+0000] {dag.py:3947} INFO - Setting next_dagrun for dataset_consumes_unknown_never_scheduled to None, run_after=None
[2024-07-18T17:19:40.604+0000] {logging_mixin.py:188} INFO - [2024-07-18T17:19:40.603+0000] {dag.py:3947} INFO - Setting next_dagrun for dataset_produces_1 to 2024-07-17 00:00:00+00:00, run_after=2024-07-18 00:00:00+00:00
[2024-07-18T17:19:40.605+0000] {logging_mixin.py:188} INFO - [2024-07-18T17:19:40.605+0000] {dag.py:3947} INFO - Setting next_dagrun for dataset_produces_2 to None, run_after=None
[2024-07-18T17:19:40.646+0000] {processor.py:183} INFO - Processing /home/airflow/.local/lib/python3.12/site-packages/airflow/example_dags/example_datasets.py took 0.283 seconds
[2024-07-18T17:20:11.230+0000] {processor.py:161} INFO - Started process (PID=4744) to work on /home/airflow/.local/lib/python3.12/site-packages/airflow/example_dags/example_datasets.py
[2024-07-18T17:20:11.231+0000] {processor.py:830} INFO - Processing file /home/airflow/.local/lib/python3.12/site-packages/airflow/example_dags/example_datasets.py for tasks to queue
[2024-07-18T17:20:11.233+0000] {logging_mixin.py:188} INFO - [2024-07-18T17:20:11.233+0000] {dagbag.py:545} INFO - Filling up the DagBag from /home/airflow/.local/lib/python3.12/site-packages/airflow/example_dags/example_datasets.py
[2024-07-18T17:20:11.253+0000] {processor.py:840} INFO - DAG(s) 'conditional_dataset_and_time_based_timetable', 'dataset_produces_2', 'consume_1_and_2_with_dataset_expressions', 'consume_1_or_both_2_and_3_with_dataset_expressions', 'consume_1_or_2_with_dataset_expressions', 'dataset_consumes_unknown_never_scheduled', 'dataset_consumes_1_never_scheduled', 'dataset_consumes_1', 'dataset_produces_1', 'dataset_consumes_1_and_2' retrieved from /home/airflow/.local/lib/python3.12/site-packages/airflow/example_dags/example_datasets.py
[2024-07-18T17:20:11.331+0000] {logging_mixin.py:188} INFO - [2024-07-18T17:20:11.330+0000] {dag.py:3089} INFO - Sync 10 DAGs
[2024-07-18T17:20:11.476+0000] {logging_mixin.py:188} INFO - [2024-07-18T17:20:11.476+0000] {dag.py:3947} INFO - Setting next_dagrun for conditional_dataset_and_time_based_timetable to 2024-07-17 01:00:00+00:00, run_after=2024-07-17 01:00:00+00:00
[2024-07-18T17:20:11.480+0000] {logging_mixin.py:188} INFO - [2024-07-18T17:20:11.480+0000] {dag.py:3947} INFO - Setting next_dagrun for consume_1_and_2_with_dataset_expressions to None, run_after=None
[2024-07-18T17:20:11.483+0000] {logging_mixin.py:188} INFO - [2024-07-18T17:20:11.482+0000] {dag.py:3947} INFO - Setting next_dagrun for consume_1_or_2_with_dataset_expressions to None, run_after=None
[2024-07-18T17:20:11.485+0000] {logging_mixin.py:188} INFO - [2024-07-18T17:20:11.485+0000] {dag.py:3947} INFO - Setting next_dagrun for consume_1_or_both_2_and_3_with_dataset_expressions to None, run_after=None
[2024-07-18T17:20:11.487+0000] {logging_mixin.py:188} INFO - [2024-07-18T17:20:11.486+0000] {dag.py:3947} INFO - Setting next_dagrun for dataset_consumes_1 to None, run_after=None
[2024-07-18T17:20:11.489+0000] {logging_mixin.py:188} INFO - [2024-07-18T17:20:11.489+0000] {dag.py:3947} INFO - Setting next_dagrun for dataset_consumes_1_and_2 to None, run_after=None
[2024-07-18T17:20:11.491+0000] {logging_mixin.py:188} INFO - [2024-07-18T17:20:11.491+0000] {dag.py:3947} INFO - Setting next_dagrun for dataset_consumes_1_never_scheduled to None, run_after=None
[2024-07-18T17:20:11.494+0000] {logging_mixin.py:188} INFO - [2024-07-18T17:20:11.493+0000] {dag.py:3947} INFO - Setting next_dagrun for dataset_consumes_unknown_never_scheduled to None, run_after=None
[2024-07-18T17:20:11.498+0000] {logging_mixin.py:188} INFO - [2024-07-18T17:20:11.497+0000] {dag.py:3947} INFO - Setting next_dagrun for dataset_produces_1 to 2024-07-17 00:00:00+00:00, run_after=2024-07-18 00:00:00+00:00
[2024-07-18T17:20:11.501+0000] {logging_mixin.py:188} INFO - [2024-07-18T17:20:11.500+0000] {dag.py:3947} INFO - Setting next_dagrun for dataset_produces_2 to None, run_after=None
[2024-07-18T17:20:11.571+0000] {processor.py:183} INFO - Processing /home/airflow/.local/lib/python3.12/site-packages/airflow/example_dags/example_datasets.py took 0.349 seconds
[2024-07-18T17:20:41.841+0000] {processor.py:161} INFO - Started process (PID=4803) to work on /home/airflow/.local/lib/python3.12/site-packages/airflow/example_dags/example_datasets.py
[2024-07-18T17:20:41.842+0000] {processor.py:830} INFO - Processing file /home/airflow/.local/lib/python3.12/site-packages/airflow/example_dags/example_datasets.py for tasks to queue
[2024-07-18T17:20:41.843+0000] {logging_mixin.py:188} INFO - [2024-07-18T17:20:41.843+0000] {dagbag.py:545} INFO - Filling up the DagBag from /home/airflow/.local/lib/python3.12/site-packages/airflow/example_dags/example_datasets.py
[2024-07-18T17:20:41.863+0000] {processor.py:840} INFO - DAG(s) 'dataset_consumes_1_and_2', 'consume_1_and_2_with_dataset_expressions', 'dataset_produces_2', 'dataset_produces_1', 'conditional_dataset_and_time_based_timetable', 'dataset_consumes_1_never_scheduled', 'consume_1_or_both_2_and_3_with_dataset_expressions', 'consume_1_or_2_with_dataset_expressions', 'dataset_consumes_unknown_never_scheduled', 'dataset_consumes_1' retrieved from /home/airflow/.local/lib/python3.12/site-packages/airflow/example_dags/example_datasets.py
[2024-07-18T17:20:41.938+0000] {logging_mixin.py:188} INFO - [2024-07-18T17:20:41.938+0000] {dag.py:3089} INFO - Sync 10 DAGs
[2024-07-18T17:20:41.972+0000] {logging_mixin.py:188} INFO - [2024-07-18T17:20:41.972+0000] {dag.py:3947} INFO - Setting next_dagrun for conditional_dataset_and_time_based_timetable to 2024-07-17 01:00:00+00:00, run_after=2024-07-17 01:00:00+00:00
[2024-07-18T17:20:42.004+0000] {logging_mixin.py:188} INFO - [2024-07-18T17:20:42.003+0000] {dag.py:3947} INFO - Setting next_dagrun for consume_1_and_2_with_dataset_expressions to None, run_after=None
[2024-07-18T17:20:42.006+0000] {logging_mixin.py:188} INFO - [2024-07-18T17:20:42.006+0000] {dag.py:3947} INFO - Setting next_dagrun for consume_1_or_2_with_dataset_expressions to None, run_after=None
[2024-07-18T17:20:42.008+0000] {logging_mixin.py:188} INFO - [2024-07-18T17:20:42.008+0000] {dag.py:3947} INFO - Setting next_dagrun for consume_1_or_both_2_and_3_with_dataset_expressions to None, run_after=None
[2024-07-18T17:20:42.010+0000] {logging_mixin.py:188} INFO - [2024-07-18T17:20:42.010+0000] {dag.py:3947} INFO - Setting next_dagrun for dataset_consumes_1 to None, run_after=None
[2024-07-18T17:20:42.013+0000] {logging_mixin.py:188} INFO - [2024-07-18T17:20:42.012+0000] {dag.py:3947} INFO - Setting next_dagrun for dataset_consumes_1_and_2 to None, run_after=None
[2024-07-18T17:20:42.015+0000] {logging_mixin.py:188} INFO - [2024-07-18T17:20:42.014+0000] {dag.py:3947} INFO - Setting next_dagrun for dataset_consumes_1_never_scheduled to None, run_after=None
[2024-07-18T17:20:42.017+0000] {logging_mixin.py:188} INFO - [2024-07-18T17:20:42.017+0000] {dag.py:3947} INFO - Setting next_dagrun for dataset_consumes_unknown_never_scheduled to None, run_after=None
[2024-07-18T17:20:42.022+0000] {logging_mixin.py:188} INFO - [2024-07-18T17:20:42.021+0000] {dag.py:3947} INFO - Setting next_dagrun for dataset_produces_1 to 2024-07-17 00:00:00+00:00, run_after=2024-07-18 00:00:00+00:00
[2024-07-18T17:20:42.024+0000] {logging_mixin.py:188} INFO - [2024-07-18T17:20:42.024+0000] {dag.py:3947} INFO - Setting next_dagrun for dataset_produces_2 to None, run_after=None
[2024-07-18T17:20:42.081+0000] {processor.py:183} INFO - Processing /home/airflow/.local/lib/python3.12/site-packages/airflow/example_dags/example_datasets.py took 0.247 seconds
[2024-07-18T17:21:12.313+0000] {processor.py:161} INFO - Started process (PID=4864) to work on /home/airflow/.local/lib/python3.12/site-packages/airflow/example_dags/example_datasets.py
[2024-07-18T17:21:12.314+0000] {processor.py:830} INFO - Processing file /home/airflow/.local/lib/python3.12/site-packages/airflow/example_dags/example_datasets.py for tasks to queue
[2024-07-18T17:21:12.315+0000] {logging_mixin.py:188} INFO - [2024-07-18T17:21:12.315+0000] {dagbag.py:545} INFO - Filling up the DagBag from /home/airflow/.local/lib/python3.12/site-packages/airflow/example_dags/example_datasets.py
[2024-07-18T17:21:12.329+0000] {processor.py:840} INFO - DAG(s) 'dataset_consumes_1', 'dataset_produces_2', 'dataset_consumes_unknown_never_scheduled', 'consume_1_or_2_with_dataset_expressions', 'dataset_consumes_1_never_scheduled', 'conditional_dataset_and_time_based_timetable', 'consume_1_or_both_2_and_3_with_dataset_expressions', 'dataset_produces_1', 'dataset_consumes_1_and_2', 'consume_1_and_2_with_dataset_expressions' retrieved from /home/airflow/.local/lib/python3.12/site-packages/airflow/example_dags/example_datasets.py
[2024-07-18T17:21:12.374+0000] {logging_mixin.py:188} INFO - [2024-07-18T17:21:12.373+0000] {dag.py:3089} INFO - Sync 10 DAGs
[2024-07-18T17:21:12.395+0000] {logging_mixin.py:188} INFO - [2024-07-18T17:21:12.395+0000] {dag.py:3947} INFO - Setting next_dagrun for conditional_dataset_and_time_based_timetable to 2024-07-17 01:00:00+00:00, run_after=2024-07-17 01:00:00+00:00
[2024-07-18T17:21:12.398+0000] {logging_mixin.py:188} INFO - [2024-07-18T17:21:12.398+0000] {dag.py:3947} INFO - Setting next_dagrun for consume_1_and_2_with_dataset_expressions to None, run_after=None
[2024-07-18T17:21:12.399+0000] {logging_mixin.py:188} INFO - [2024-07-18T17:21:12.399+0000] {dag.py:3947} INFO - Setting next_dagrun for consume_1_or_2_with_dataset_expressions to None, run_after=None
[2024-07-18T17:21:12.400+0000] {logging_mixin.py:188} INFO - [2024-07-18T17:21:12.400+0000] {dag.py:3947} INFO - Setting next_dagrun for consume_1_or_both_2_and_3_with_dataset_expressions to None, run_after=None
[2024-07-18T17:21:12.402+0000] {logging_mixin.py:188} INFO - [2024-07-18T17:21:12.402+0000] {dag.py:3947} INFO - Setting next_dagrun for dataset_consumes_1 to None, run_after=None
[2024-07-18T17:21:12.403+0000] {logging_mixin.py:188} INFO - [2024-07-18T17:21:12.403+0000] {dag.py:3947} INFO - Setting next_dagrun for dataset_consumes_1_and_2 to None, run_after=None
[2024-07-18T17:21:12.404+0000] {logging_mixin.py:188} INFO - [2024-07-18T17:21:12.404+0000] {dag.py:3947} INFO - Setting next_dagrun for dataset_consumes_1_never_scheduled to None, run_after=None
[2024-07-18T17:21:12.406+0000] {logging_mixin.py:188} INFO - [2024-07-18T17:21:12.406+0000] {dag.py:3947} INFO - Setting next_dagrun for dataset_consumes_unknown_never_scheduled to None, run_after=None
[2024-07-18T17:21:12.408+0000] {logging_mixin.py:188} INFO - [2024-07-18T17:21:12.408+0000] {dag.py:3947} INFO - Setting next_dagrun for dataset_produces_1 to 2024-07-17 00:00:00+00:00, run_after=2024-07-18 00:00:00+00:00
[2024-07-18T17:21:12.409+0000] {logging_mixin.py:188} INFO - [2024-07-18T17:21:12.409+0000] {dag.py:3947} INFO - Setting next_dagrun for dataset_produces_2 to None, run_after=None
[2024-07-18T17:21:12.441+0000] {processor.py:183} INFO - Processing /home/airflow/.local/lib/python3.12/site-packages/airflow/example_dags/example_datasets.py took 0.135 seconds
[2024-07-18T17:21:43.472+0000] {processor.py:161} INFO - Started process (PID=4924) to work on /home/airflow/.local/lib/python3.12/site-packages/airflow/example_dags/example_datasets.py
[2024-07-18T17:21:43.474+0000] {processor.py:830} INFO - Processing file /home/airflow/.local/lib/python3.12/site-packages/airflow/example_dags/example_datasets.py for tasks to queue
[2024-07-18T17:21:43.475+0000] {logging_mixin.py:188} INFO - [2024-07-18T17:21:43.475+0000] {dagbag.py:545} INFO - Filling up the DagBag from /home/airflow/.local/lib/python3.12/site-packages/airflow/example_dags/example_datasets.py
[2024-07-18T17:21:43.491+0000] {processor.py:840} INFO - DAG(s) 'consume_1_or_both_2_and_3_with_dataset_expressions', 'consume_1_and_2_with_dataset_expressions', 'dataset_consumes_unknown_never_scheduled', 'dataset_consumes_1', 'dataset_produces_2', 'dataset_consumes_1_and_2', 'dataset_consumes_1_never_scheduled', 'dataset_produces_1', 'consume_1_or_2_with_dataset_expressions', 'conditional_dataset_and_time_based_timetable' retrieved from /home/airflow/.local/lib/python3.12/site-packages/airflow/example_dags/example_datasets.py
[2024-07-18T17:21:43.543+0000] {logging_mixin.py:188} INFO - [2024-07-18T17:21:43.543+0000] {dag.py:3089} INFO - Sync 10 DAGs
[2024-07-18T17:21:43.570+0000] {logging_mixin.py:188} INFO - [2024-07-18T17:21:43.569+0000] {dag.py:3947} INFO - Setting next_dagrun for conditional_dataset_and_time_based_timetable to 2024-07-17 01:00:00+00:00, run_after=2024-07-17 01:00:00+00:00
[2024-07-18T17:21:43.574+0000] {logging_mixin.py:188} INFO - [2024-07-18T17:21:43.573+0000] {dag.py:3947} INFO - Setting next_dagrun for consume_1_and_2_with_dataset_expressions to None, run_after=None
[2024-07-18T17:21:43.575+0000] {logging_mixin.py:188} INFO - [2024-07-18T17:21:43.575+0000] {dag.py:3947} INFO - Setting next_dagrun for consume_1_or_2_with_dataset_expressions to None, run_after=None
[2024-07-18T17:21:43.577+0000] {logging_mixin.py:188} INFO - [2024-07-18T17:21:43.577+0000] {dag.py:3947} INFO - Setting next_dagrun for consume_1_or_both_2_and_3_with_dataset_expressions to None, run_after=None
[2024-07-18T17:21:43.579+0000] {logging_mixin.py:188} INFO - [2024-07-18T17:21:43.578+0000] {dag.py:3947} INFO - Setting next_dagrun for dataset_consumes_1 to None, run_after=None
[2024-07-18T17:21:43.580+0000] {logging_mixin.py:188} INFO - [2024-07-18T17:21:43.580+0000] {dag.py:3947} INFO - Setting next_dagrun for dataset_consumes_1_and_2 to None, run_after=None
[2024-07-18T17:21:43.582+0000] {logging_mixin.py:188} INFO - [2024-07-18T17:21:43.582+0000] {dag.py:3947} INFO - Setting next_dagrun for dataset_consumes_1_never_scheduled to None, run_after=None
[2024-07-18T17:21:43.583+0000] {logging_mixin.py:188} INFO - [2024-07-18T17:21:43.583+0000] {dag.py:3947} INFO - Setting next_dagrun for dataset_consumes_unknown_never_scheduled to None, run_after=None
[2024-07-18T17:21:43.586+0000] {logging_mixin.py:188} INFO - [2024-07-18T17:21:43.586+0000] {dag.py:3947} INFO - Setting next_dagrun for dataset_produces_1 to 2024-07-17 00:00:00+00:00, run_after=2024-07-18 00:00:00+00:00
[2024-07-18T17:21:43.588+0000] {logging_mixin.py:188} INFO - [2024-07-18T17:21:43.588+0000] {dag.py:3947} INFO - Setting next_dagrun for dataset_produces_2 to None, run_after=None
[2024-07-18T17:21:43.623+0000] {processor.py:183} INFO - Processing /home/airflow/.local/lib/python3.12/site-packages/airflow/example_dags/example_datasets.py took 0.157 seconds
[2024-07-18T17:22:14.485+0000] {processor.py:161} INFO - Started process (PID=4984) to work on /home/airflow/.local/lib/python3.12/site-packages/airflow/example_dags/example_datasets.py
[2024-07-18T17:22:14.486+0000] {processor.py:830} INFO - Processing file /home/airflow/.local/lib/python3.12/site-packages/airflow/example_dags/example_datasets.py for tasks to queue
[2024-07-18T17:22:14.487+0000] {logging_mixin.py:188} INFO - [2024-07-18T17:22:14.487+0000] {dagbag.py:545} INFO - Filling up the DagBag from /home/airflow/.local/lib/python3.12/site-packages/airflow/example_dags/example_datasets.py
[2024-07-18T17:22:14.504+0000] {processor.py:840} INFO - DAG(s) 'dataset_consumes_1', 'dataset_produces_1', 'dataset_produces_2', 'consume_1_or_both_2_and_3_with_dataset_expressions', 'dataset_consumes_1_and_2', 'conditional_dataset_and_time_based_timetable', 'dataset_consumes_1_never_scheduled', 'consume_1_or_2_with_dataset_expressions', 'consume_1_and_2_with_dataset_expressions', 'dataset_consumes_unknown_never_scheduled' retrieved from /home/airflow/.local/lib/python3.12/site-packages/airflow/example_dags/example_datasets.py
[2024-07-18T17:22:14.553+0000] {logging_mixin.py:188} INFO - [2024-07-18T17:22:14.553+0000] {dag.py:3089} INFO - Sync 10 DAGs
[2024-07-18T17:22:14.579+0000] {logging_mixin.py:188} INFO - [2024-07-18T17:22:14.579+0000] {dag.py:3947} INFO - Setting next_dagrun for conditional_dataset_and_time_based_timetable to 2024-07-17 01:00:00+00:00, run_after=2024-07-17 01:00:00+00:00
[2024-07-18T17:22:14.584+0000] {logging_mixin.py:188} INFO - [2024-07-18T17:22:14.583+0000] {dag.py:3947} INFO - Setting next_dagrun for consume_1_and_2_with_dataset_expressions to None, run_after=None
[2024-07-18T17:22:14.586+0000] {logging_mixin.py:188} INFO - [2024-07-18T17:22:14.586+0000] {dag.py:3947} INFO - Setting next_dagrun for consume_1_or_2_with_dataset_expressions to None, run_after=None
[2024-07-18T17:22:14.588+0000] {logging_mixin.py:188} INFO - [2024-07-18T17:22:14.588+0000] {dag.py:3947} INFO - Setting next_dagrun for consume_1_or_both_2_and_3_with_dataset_expressions to None, run_after=None
[2024-07-18T17:22:14.590+0000] {logging_mixin.py:188} INFO - [2024-07-18T17:22:14.590+0000] {dag.py:3947} INFO - Setting next_dagrun for dataset_consumes_1 to None, run_after=None
[2024-07-18T17:22:14.592+0000] {logging_mixin.py:188} INFO - [2024-07-18T17:22:14.592+0000] {dag.py:3947} INFO - Setting next_dagrun for dataset_consumes_1_and_2 to None, run_after=None
[2024-07-18T17:22:14.594+0000] {logging_mixin.py:188} INFO - [2024-07-18T17:22:14.594+0000] {dag.py:3947} INFO - Setting next_dagrun for dataset_consumes_1_never_scheduled to None, run_after=None
[2024-07-18T17:22:14.596+0000] {logging_mixin.py:188} INFO - [2024-07-18T17:22:14.596+0000] {dag.py:3947} INFO - Setting next_dagrun for dataset_consumes_unknown_never_scheduled to None, run_after=None
[2024-07-18T17:22:14.600+0000] {logging_mixin.py:188} INFO - [2024-07-18T17:22:14.599+0000] {dag.py:3947} INFO - Setting next_dagrun for dataset_produces_1 to 2024-07-17 00:00:00+00:00, run_after=2024-07-18 00:00:00+00:00
[2024-07-18T17:22:14.601+0000] {logging_mixin.py:188} INFO - [2024-07-18T17:22:14.601+0000] {dag.py:3947} INFO - Setting next_dagrun for dataset_produces_2 to None, run_after=None
[2024-07-18T17:22:14.641+0000] {processor.py:183} INFO - Processing /home/airflow/.local/lib/python3.12/site-packages/airflow/example_dags/example_datasets.py took 0.164 seconds
[2024-07-18T17:22:44.807+0000] {processor.py:161} INFO - Started process (PID=5044) to work on /home/airflow/.local/lib/python3.12/site-packages/airflow/example_dags/example_datasets.py
[2024-07-18T17:22:44.808+0000] {processor.py:830} INFO - Processing file /home/airflow/.local/lib/python3.12/site-packages/airflow/example_dags/example_datasets.py for tasks to queue
[2024-07-18T17:22:44.809+0000] {logging_mixin.py:188} INFO - [2024-07-18T17:22:44.809+0000] {dagbag.py:545} INFO - Filling up the DagBag from /home/airflow/.local/lib/python3.12/site-packages/airflow/example_dags/example_datasets.py
[2024-07-18T17:22:44.824+0000] {processor.py:840} INFO - DAG(s) 'dataset_produces_1', 'dataset_produces_2', 'dataset_consumes_1', 'dataset_consumes_1_never_scheduled', 'consume_1_or_2_with_dataset_expressions', 'dataset_consumes_1_and_2', 'conditional_dataset_and_time_based_timetable', 'consume_1_or_both_2_and_3_with_dataset_expressions', 'dataset_consumes_unknown_never_scheduled', 'consume_1_and_2_with_dataset_expressions' retrieved from /home/airflow/.local/lib/python3.12/site-packages/airflow/example_dags/example_datasets.py
[2024-07-18T17:22:44.879+0000] {logging_mixin.py:188} INFO - [2024-07-18T17:22:44.879+0000] {dag.py:3089} INFO - Sync 10 DAGs
[2024-07-18T17:22:44.904+0000] {logging_mixin.py:188} INFO - [2024-07-18T17:22:44.903+0000] {dag.py:3947} INFO - Setting next_dagrun for conditional_dataset_and_time_based_timetable to 2024-07-17 01:00:00+00:00, run_after=2024-07-17 01:00:00+00:00
[2024-07-18T17:22:44.907+0000] {logging_mixin.py:188} INFO - [2024-07-18T17:22:44.907+0000] {dag.py:3947} INFO - Setting next_dagrun for consume_1_and_2_with_dataset_expressions to None, run_after=None
[2024-07-18T17:22:44.909+0000] {logging_mixin.py:188} INFO - [2024-07-18T17:22:44.909+0000] {dag.py:3947} INFO - Setting next_dagrun for consume_1_or_2_with_dataset_expressions to None, run_after=None
[2024-07-18T17:22:44.911+0000] {logging_mixin.py:188} INFO - [2024-07-18T17:22:44.910+0000] {dag.py:3947} INFO - Setting next_dagrun for consume_1_or_both_2_and_3_with_dataset_expressions to None, run_after=None
[2024-07-18T17:22:44.912+0000] {logging_mixin.py:188} INFO - [2024-07-18T17:22:44.912+0000] {dag.py:3947} INFO - Setting next_dagrun for dataset_consumes_1 to None, run_after=None
[2024-07-18T17:22:44.914+0000] {logging_mixin.py:188} INFO - [2024-07-18T17:22:44.913+0000] {dag.py:3947} INFO - Setting next_dagrun for dataset_consumes_1_and_2 to None, run_after=None
[2024-07-18T17:22:44.915+0000] {logging_mixin.py:188} INFO - [2024-07-18T17:22:44.915+0000] {dag.py:3947} INFO - Setting next_dagrun for dataset_consumes_1_never_scheduled to None, run_after=None
[2024-07-18T17:22:44.917+0000] {logging_mixin.py:188} INFO - [2024-07-18T17:22:44.917+0000] {dag.py:3947} INFO - Setting next_dagrun for dataset_consumes_unknown_never_scheduled to None, run_after=None
[2024-07-18T17:22:44.921+0000] {logging_mixin.py:188} INFO - [2024-07-18T17:22:44.921+0000] {dag.py:3947} INFO - Setting next_dagrun for dataset_produces_1 to 2024-07-17 00:00:00+00:00, run_after=2024-07-18 00:00:00+00:00
[2024-07-18T17:22:44.923+0000] {logging_mixin.py:188} INFO - [2024-07-18T17:22:44.923+0000] {dag.py:3947} INFO - Setting next_dagrun for dataset_produces_2 to None, run_after=None
[2024-07-18T17:22:44.962+0000] {processor.py:183} INFO - Processing /home/airflow/.local/lib/python3.12/site-packages/airflow/example_dags/example_datasets.py took 0.161 seconds
[2024-07-18T17:23:15.455+0000] {processor.py:161} INFO - Started process (PID=5102) to work on /home/airflow/.local/lib/python3.12/site-packages/airflow/example_dags/example_datasets.py
[2024-07-18T17:23:15.457+0000] {processor.py:830} INFO - Processing file /home/airflow/.local/lib/python3.12/site-packages/airflow/example_dags/example_datasets.py for tasks to queue
[2024-07-18T17:23:15.458+0000] {logging_mixin.py:188} INFO - [2024-07-18T17:23:15.458+0000] {dagbag.py:545} INFO - Filling up the DagBag from /home/airflow/.local/lib/python3.12/site-packages/airflow/example_dags/example_datasets.py
[2024-07-18T17:23:15.476+0000] {processor.py:840} INFO - DAG(s) 'consume_1_or_both_2_and_3_with_dataset_expressions', 'dataset_consumes_unknown_never_scheduled', 'dataset_consumes_1_and_2', 'dataset_consumes_1', 'dataset_produces_1', 'dataset_produces_2', 'conditional_dataset_and_time_based_timetable', 'consume_1_or_2_with_dataset_expressions', 'dataset_consumes_1_never_scheduled', 'consume_1_and_2_with_dataset_expressions' retrieved from /home/airflow/.local/lib/python3.12/site-packages/airflow/example_dags/example_datasets.py
[2024-07-18T17:23:15.534+0000] {logging_mixin.py:188} INFO - [2024-07-18T17:23:15.534+0000] {dag.py:3089} INFO - Sync 10 DAGs
[2024-07-18T17:23:15.606+0000] {logging_mixin.py:188} INFO - [2024-07-18T17:23:15.606+0000] {dag.py:3947} INFO - Setting next_dagrun for conditional_dataset_and_time_based_timetable to 2024-07-17 01:00:00+00:00, run_after=2024-07-17 01:00:00+00:00
[2024-07-18T17:23:15.610+0000] {logging_mixin.py:188} INFO - [2024-07-18T17:23:15.610+0000] {dag.py:3947} INFO - Setting next_dagrun for consume_1_and_2_with_dataset_expressions to None, run_after=None
[2024-07-18T17:23:15.612+0000] {logging_mixin.py:188} INFO - [2024-07-18T17:23:15.611+0000] {dag.py:3947} INFO - Setting next_dagrun for consume_1_or_2_with_dataset_expressions to None, run_after=None
[2024-07-18T17:23:15.613+0000] {logging_mixin.py:188} INFO - [2024-07-18T17:23:15.613+0000] {dag.py:3947} INFO - Setting next_dagrun for consume_1_or_both_2_and_3_with_dataset_expressions to None, run_after=None
[2024-07-18T17:23:15.614+0000] {logging_mixin.py:188} INFO - [2024-07-18T17:23:15.614+0000] {dag.py:3947} INFO - Setting next_dagrun for dataset_consumes_1 to None, run_after=None
[2024-07-18T17:23:15.616+0000] {logging_mixin.py:188} INFO - [2024-07-18T17:23:15.616+0000] {dag.py:3947} INFO - Setting next_dagrun for dataset_consumes_1_and_2 to None, run_after=None
[2024-07-18T17:23:15.617+0000] {logging_mixin.py:188} INFO - [2024-07-18T17:23:15.617+0000] {dag.py:3947} INFO - Setting next_dagrun for dataset_consumes_1_never_scheduled to None, run_after=None
[2024-07-18T17:23:15.619+0000] {logging_mixin.py:188} INFO - [2024-07-18T17:23:15.619+0000] {dag.py:3947} INFO - Setting next_dagrun for dataset_consumes_unknown_never_scheduled to None, run_after=None
[2024-07-18T17:23:15.622+0000] {logging_mixin.py:188} INFO - [2024-07-18T17:23:15.621+0000] {dag.py:3947} INFO - Setting next_dagrun for dataset_produces_1 to 2024-07-17 00:00:00+00:00, run_after=2024-07-18 00:00:00+00:00
[2024-07-18T17:23:15.623+0000] {logging_mixin.py:188} INFO - [2024-07-18T17:23:15.623+0000] {dag.py:3947} INFO - Setting next_dagrun for dataset_produces_2 to None, run_after=None
[2024-07-18T17:23:15.656+0000] {processor.py:183} INFO - Processing /home/airflow/.local/lib/python3.12/site-packages/airflow/example_dags/example_datasets.py took 0.208 seconds
[2024-07-18T17:23:45.936+0000] {processor.py:161} INFO - Started process (PID=5162) to work on /home/airflow/.local/lib/python3.12/site-packages/airflow/example_dags/example_datasets.py
[2024-07-18T17:23:45.938+0000] {processor.py:830} INFO - Processing file /home/airflow/.local/lib/python3.12/site-packages/airflow/example_dags/example_datasets.py for tasks to queue
[2024-07-18T17:23:45.939+0000] {logging_mixin.py:188} INFO - [2024-07-18T17:23:45.939+0000] {dagbag.py:545} INFO - Filling up the DagBag from /home/airflow/.local/lib/python3.12/site-packages/airflow/example_dags/example_datasets.py
[2024-07-18T17:23:45.958+0000] {processor.py:840} INFO - DAG(s) 'conditional_dataset_and_time_based_timetable', 'dataset_consumes_1_never_scheduled', 'dataset_consumes_unknown_never_scheduled', 'consume_1_or_2_with_dataset_expressions', 'dataset_consumes_1_and_2', 'consume_1_or_both_2_and_3_with_dataset_expressions', 'dataset_consumes_1', 'dataset_produces_2', 'dataset_produces_1', 'consume_1_and_2_with_dataset_expressions' retrieved from /home/airflow/.local/lib/python3.12/site-packages/airflow/example_dags/example_datasets.py
[2024-07-18T17:23:46.013+0000] {logging_mixin.py:188} INFO - [2024-07-18T17:23:46.013+0000] {dag.py:3089} INFO - Sync 10 DAGs
[2024-07-18T17:23:46.075+0000] {logging_mixin.py:188} INFO - [2024-07-18T17:23:46.075+0000] {dag.py:3947} INFO - Setting next_dagrun for conditional_dataset_and_time_based_timetable to 2024-07-17 01:00:00+00:00, run_after=2024-07-17 01:00:00+00:00
[2024-07-18T17:23:46.078+0000] {logging_mixin.py:188} INFO - [2024-07-18T17:23:46.078+0000] {dag.py:3947} INFO - Setting next_dagrun for consume_1_and_2_with_dataset_expressions to None, run_after=None
[2024-07-18T17:23:46.080+0000] {logging_mixin.py:188} INFO - [2024-07-18T17:23:46.080+0000] {dag.py:3947} INFO - Setting next_dagrun for consume_1_or_2_with_dataset_expressions to None, run_after=None
[2024-07-18T17:23:46.081+0000] {logging_mixin.py:188} INFO - [2024-07-18T17:23:46.081+0000] {dag.py:3947} INFO - Setting next_dagrun for consume_1_or_both_2_and_3_with_dataset_expressions to None, run_after=None
[2024-07-18T17:23:46.083+0000] {logging_mixin.py:188} INFO - [2024-07-18T17:23:46.082+0000] {dag.py:3947} INFO - Setting next_dagrun for dataset_consumes_1 to None, run_after=None
[2024-07-18T17:23:46.084+0000] {logging_mixin.py:188} INFO - [2024-07-18T17:23:46.084+0000] {dag.py:3947} INFO - Setting next_dagrun for dataset_consumes_1_and_2 to None, run_after=None
[2024-07-18T17:23:46.085+0000] {logging_mixin.py:188} INFO - [2024-07-18T17:23:46.085+0000] {dag.py:3947} INFO - Setting next_dagrun for dataset_consumes_1_never_scheduled to None, run_after=None
[2024-07-18T17:23:46.087+0000] {logging_mixin.py:188} INFO - [2024-07-18T17:23:46.087+0000] {dag.py:3947} INFO - Setting next_dagrun for dataset_consumes_unknown_never_scheduled to None, run_after=None
[2024-07-18T17:23:46.089+0000] {logging_mixin.py:188} INFO - [2024-07-18T17:23:46.089+0000] {dag.py:3947} INFO - Setting next_dagrun for dataset_produces_1 to 2024-07-17 00:00:00+00:00, run_after=2024-07-18 00:00:00+00:00
[2024-07-18T17:23:46.091+0000] {logging_mixin.py:188} INFO - [2024-07-18T17:23:46.090+0000] {dag.py:3947} INFO - Setting next_dagrun for dataset_produces_2 to None, run_after=None
[2024-07-18T17:23:46.127+0000] {processor.py:183} INFO - Processing /home/airflow/.local/lib/python3.12/site-packages/airflow/example_dags/example_datasets.py took 0.198 seconds
[2024-07-18T17:33:25.124+0000] {processor.py:161} INFO - Started process (PID=5223) to work on /home/airflow/.local/lib/python3.12/site-packages/airflow/example_dags/example_datasets.py
[2024-07-18T17:33:25.125+0000] {processor.py:830} INFO - Processing file /home/airflow/.local/lib/python3.12/site-packages/airflow/example_dags/example_datasets.py for tasks to queue
[2024-07-18T17:33:25.127+0000] {logging_mixin.py:188} INFO - [2024-07-18T17:33:25.126+0000] {dagbag.py:545} INFO - Filling up the DagBag from /home/airflow/.local/lib/python3.12/site-packages/airflow/example_dags/example_datasets.py
[2024-07-18T17:33:25.145+0000] {processor.py:840} INFO - DAG(s) 'dataset_produces_1', 'dataset_produces_2', 'dataset_consumes_1_and_2', 'consume_1_or_2_with_dataset_expressions', 'dataset_consumes_1_never_scheduled', 'dataset_consumes_1', 'conditional_dataset_and_time_based_timetable', 'consume_1_or_both_2_and_3_with_dataset_expressions', 'dataset_consumes_unknown_never_scheduled', 'consume_1_and_2_with_dataset_expressions' retrieved from /home/airflow/.local/lib/python3.12/site-packages/airflow/example_dags/example_datasets.py
[2024-07-18T17:33:25.248+0000] {logging_mixin.py:188} INFO - [2024-07-18T17:33:25.248+0000] {dag.py:3089} INFO - Sync 10 DAGs
[2024-07-18T17:33:25.271+0000] {logging_mixin.py:188} INFO - [2024-07-18T17:33:25.270+0000] {dag.py:3947} INFO - Setting next_dagrun for conditional_dataset_and_time_based_timetable to 2024-07-17 01:00:00+00:00, run_after=2024-07-17 01:00:00+00:00
[2024-07-18T17:33:25.274+0000] {logging_mixin.py:188} INFO - [2024-07-18T17:33:25.274+0000] {dag.py:3947} INFO - Setting next_dagrun for consume_1_and_2_with_dataset_expressions to None, run_after=None
[2024-07-18T17:33:25.276+0000] {logging_mixin.py:188} INFO - [2024-07-18T17:33:25.276+0000] {dag.py:3947} INFO - Setting next_dagrun for consume_1_or_2_with_dataset_expressions to None, run_after=None
[2024-07-18T17:33:25.277+0000] {logging_mixin.py:188} INFO - [2024-07-18T17:33:25.277+0000] {dag.py:3947} INFO - Setting next_dagrun for consume_1_or_both_2_and_3_with_dataset_expressions to None, run_after=None
[2024-07-18T17:33:25.279+0000] {logging_mixin.py:188} INFO - [2024-07-18T17:33:25.279+0000] {dag.py:3947} INFO - Setting next_dagrun for dataset_consumes_1 to None, run_after=None
[2024-07-18T17:33:25.281+0000] {logging_mixin.py:188} INFO - [2024-07-18T17:33:25.280+0000] {dag.py:3947} INFO - Setting next_dagrun for dataset_consumes_1_and_2 to None, run_after=None
[2024-07-18T17:33:25.283+0000] {logging_mixin.py:188} INFO - [2024-07-18T17:33:25.282+0000] {dag.py:3947} INFO - Setting next_dagrun for dataset_consumes_1_never_scheduled to None, run_after=None
[2024-07-18T17:33:25.284+0000] {logging_mixin.py:188} INFO - [2024-07-18T17:33:25.284+0000] {dag.py:3947} INFO - Setting next_dagrun for dataset_consumes_unknown_never_scheduled to None, run_after=None
[2024-07-18T17:33:25.287+0000] {logging_mixin.py:188} INFO - [2024-07-18T17:33:25.287+0000] {dag.py:3947} INFO - Setting next_dagrun for dataset_produces_1 to 2024-07-17 00:00:00+00:00, run_after=2024-07-18 00:00:00+00:00
[2024-07-18T17:33:25.288+0000] {logging_mixin.py:188} INFO - [2024-07-18T17:33:25.288+0000] {dag.py:3947} INFO - Setting next_dagrun for dataset_produces_2 to None, run_after=None
[2024-07-18T17:33:25.327+0000] {processor.py:183} INFO - Processing /home/airflow/.local/lib/python3.12/site-packages/airflow/example_dags/example_datasets.py took 0.211 seconds
[2024-07-18T17:34:01.541+0000] {processor.py:161} INFO - Started process (PID=5283) to work on /home/airflow/.local/lib/python3.12/site-packages/airflow/example_dags/example_datasets.py
[2024-07-18T17:34:01.542+0000] {processor.py:830} INFO - Processing file /home/airflow/.local/lib/python3.12/site-packages/airflow/example_dags/example_datasets.py for tasks to queue
[2024-07-18T17:34:01.544+0000] {logging_mixin.py:188} INFO - [2024-07-18T17:34:01.544+0000] {dagbag.py:545} INFO - Filling up the DagBag from /home/airflow/.local/lib/python3.12/site-packages/airflow/example_dags/example_datasets.py
[2024-07-18T17:34:01.568+0000] {processor.py:840} INFO - DAG(s) 'consume_1_and_2_with_dataset_expressions', 'consume_1_or_both_2_and_3_with_dataset_expressions', 'dataset_consumes_1_and_2', 'dataset_produces_2', 'conditional_dataset_and_time_based_timetable', 'dataset_consumes_unknown_never_scheduled', 'dataset_consumes_1', 'dataset_produces_1', 'dataset_consumes_1_never_scheduled', 'consume_1_or_2_with_dataset_expressions' retrieved from /home/airflow/.local/lib/python3.12/site-packages/airflow/example_dags/example_datasets.py
[2024-07-18T17:34:01.660+0000] {logging_mixin.py:188} INFO - [2024-07-18T17:34:01.660+0000] {dag.py:3089} INFO - Sync 10 DAGs
[2024-07-18T17:34:01.742+0000] {logging_mixin.py:188} INFO - [2024-07-18T17:34:01.742+0000] {dag.py:3947} INFO - Setting next_dagrun for conditional_dataset_and_time_based_timetable to 2024-07-17 01:00:00+00:00, run_after=2024-07-17 01:00:00+00:00
[2024-07-18T17:34:01.749+0000] {logging_mixin.py:188} INFO - [2024-07-18T17:34:01.749+0000] {dag.py:3947} INFO - Setting next_dagrun for consume_1_and_2_with_dataset_expressions to None, run_after=None
[2024-07-18T17:34:01.753+0000] {logging_mixin.py:188} INFO - [2024-07-18T17:34:01.752+0000] {dag.py:3947} INFO - Setting next_dagrun for consume_1_or_2_with_dataset_expressions to None, run_after=None
[2024-07-18T17:34:01.756+0000] {logging_mixin.py:188} INFO - [2024-07-18T17:34:01.756+0000] {dag.py:3947} INFO - Setting next_dagrun for consume_1_or_both_2_and_3_with_dataset_expressions to None, run_after=None
[2024-07-18T17:34:01.760+0000] {logging_mixin.py:188} INFO - [2024-07-18T17:34:01.759+0000] {dag.py:3947} INFO - Setting next_dagrun for dataset_consumes_1 to None, run_after=None
[2024-07-18T17:34:01.763+0000] {logging_mixin.py:188} INFO - [2024-07-18T17:34:01.762+0000] {dag.py:3947} INFO - Setting next_dagrun for dataset_consumes_1_and_2 to None, run_after=None
[2024-07-18T17:34:01.766+0000] {logging_mixin.py:188} INFO - [2024-07-18T17:34:01.766+0000] {dag.py:3947} INFO - Setting next_dagrun for dataset_consumes_1_never_scheduled to None, run_after=None
[2024-07-18T17:34:01.769+0000] {logging_mixin.py:188} INFO - [2024-07-18T17:34:01.768+0000] {dag.py:3947} INFO - Setting next_dagrun for dataset_consumes_unknown_never_scheduled to None, run_after=None
[2024-07-18T17:34:01.879+0000] {logging_mixin.py:188} INFO - [2024-07-18T17:34:01.879+0000] {dag.py:3947} INFO - Setting next_dagrun for dataset_produces_1 to 2024-07-17 00:00:00+00:00, run_after=2024-07-18 00:00:00+00:00
[2024-07-18T17:34:01.881+0000] {logging_mixin.py:188} INFO - [2024-07-18T17:34:01.881+0000] {dag.py:3947} INFO - Setting next_dagrun for dataset_produces_2 to None, run_after=None
[2024-07-18T17:34:01.927+0000] {processor.py:183} INFO - Processing /home/airflow/.local/lib/python3.12/site-packages/airflow/example_dags/example_datasets.py took 0.394 seconds
[2024-07-18T17:34:47.320+0000] {processor.py:161} INFO - Started process (PID=5342) to work on /home/airflow/.local/lib/python3.12/site-packages/airflow/example_dags/example_datasets.py
[2024-07-18T17:34:47.321+0000] {processor.py:830} INFO - Processing file /home/airflow/.local/lib/python3.12/site-packages/airflow/example_dags/example_datasets.py for tasks to queue
[2024-07-18T17:34:47.323+0000] {logging_mixin.py:188} INFO - [2024-07-18T17:34:47.323+0000] {dagbag.py:545} INFO - Filling up the DagBag from /home/airflow/.local/lib/python3.12/site-packages/airflow/example_dags/example_datasets.py
[2024-07-18T17:34:47.345+0000] {processor.py:840} INFO - DAG(s) 'dataset_produces_2', 'dataset_consumes_1_never_scheduled', 'consume_1_or_2_with_dataset_expressions', 'conditional_dataset_and_time_based_timetable', 'dataset_consumes_1', 'dataset_consumes_1_and_2', 'dataset_produces_1', 'consume_1_or_both_2_and_3_with_dataset_expressions', 'consume_1_and_2_with_dataset_expressions', 'dataset_consumes_unknown_never_scheduled' retrieved from /home/airflow/.local/lib/python3.12/site-packages/airflow/example_dags/example_datasets.py
[2024-07-18T17:34:47.415+0000] {logging_mixin.py:188} INFO - [2024-07-18T17:34:47.414+0000] {dag.py:3089} INFO - Sync 10 DAGs
[2024-07-18T17:34:47.448+0000] {logging_mixin.py:188} INFO - [2024-07-18T17:34:47.447+0000] {dag.py:3947} INFO - Setting next_dagrun for conditional_dataset_and_time_based_timetable to 2024-07-17 01:00:00+00:00, run_after=2024-07-17 01:00:00+00:00
[2024-07-18T17:34:47.453+0000] {logging_mixin.py:188} INFO - [2024-07-18T17:34:47.453+0000] {dag.py:3947} INFO - Setting next_dagrun for consume_1_and_2_with_dataset_expressions to None, run_after=None
[2024-07-18T17:34:47.456+0000] {logging_mixin.py:188} INFO - [2024-07-18T17:34:47.456+0000] {dag.py:3947} INFO - Setting next_dagrun for consume_1_or_2_with_dataset_expressions to None, run_after=None
[2024-07-18T17:34:47.458+0000] {logging_mixin.py:188} INFO - [2024-07-18T17:34:47.458+0000] {dag.py:3947} INFO - Setting next_dagrun for consume_1_or_both_2_and_3_with_dataset_expressions to None, run_after=None
[2024-07-18T17:34:47.461+0000] {logging_mixin.py:188} INFO - [2024-07-18T17:34:47.460+0000] {dag.py:3947} INFO - Setting next_dagrun for dataset_consumes_1 to None, run_after=None
[2024-07-18T17:34:47.464+0000] {logging_mixin.py:188} INFO - [2024-07-18T17:34:47.463+0000] {dag.py:3947} INFO - Setting next_dagrun for dataset_consumes_1_and_2 to None, run_after=None
[2024-07-18T17:34:47.467+0000] {logging_mixin.py:188} INFO - [2024-07-18T17:34:47.466+0000] {dag.py:3947} INFO - Setting next_dagrun for dataset_consumes_1_never_scheduled to None, run_after=None
[2024-07-18T17:34:47.469+0000] {logging_mixin.py:188} INFO - [2024-07-18T17:34:47.469+0000] {dag.py:3947} INFO - Setting next_dagrun for dataset_consumes_unknown_never_scheduled to None, run_after=None
[2024-07-18T17:34:47.473+0000] {logging_mixin.py:188} INFO - [2024-07-18T17:34:47.473+0000] {dag.py:3947} INFO - Setting next_dagrun for dataset_produces_1 to 2024-07-17 00:00:00+00:00, run_after=2024-07-18 00:00:00+00:00
[2024-07-18T17:34:47.476+0000] {logging_mixin.py:188} INFO - [2024-07-18T17:34:47.476+0000] {dag.py:3947} INFO - Setting next_dagrun for dataset_produces_2 to None, run_after=None
[2024-07-18T17:34:47.707+0000] {processor.py:183} INFO - Processing /home/airflow/.local/lib/python3.12/site-packages/airflow/example_dags/example_datasets.py took 0.396 seconds
[2024-07-18T17:35:23.089+0000] {processor.py:161} INFO - Started process (PID=5409) to work on /home/airflow/.local/lib/python3.12/site-packages/airflow/example_dags/example_datasets.py
[2024-07-18T17:35:23.090+0000] {processor.py:830} INFO - Processing file /home/airflow/.local/lib/python3.12/site-packages/airflow/example_dags/example_datasets.py for tasks to queue
[2024-07-18T17:35:23.092+0000] {logging_mixin.py:188} INFO - [2024-07-18T17:35:23.091+0000] {dagbag.py:545} INFO - Filling up the DagBag from /home/airflow/.local/lib/python3.12/site-packages/airflow/example_dags/example_datasets.py
[2024-07-18T17:35:23.110+0000] {processor.py:840} INFO - DAG(s) 'dataset_consumes_unknown_never_scheduled', 'consume_1_or_both_2_and_3_with_dataset_expressions', 'dataset_consumes_1_and_2', 'dataset_consumes_1_never_scheduled', 'dataset_produces_2', 'conditional_dataset_and_time_based_timetable', 'dataset_produces_1', 'dataset_consumes_1', 'consume_1_or_2_with_dataset_expressions', 'consume_1_and_2_with_dataset_expressions' retrieved from /home/airflow/.local/lib/python3.12/site-packages/airflow/example_dags/example_datasets.py
[2024-07-18T17:35:23.166+0000] {logging_mixin.py:188} INFO - [2024-07-18T17:35:23.166+0000] {dag.py:3089} INFO - Sync 10 DAGs
[2024-07-18T17:35:23.194+0000] {logging_mixin.py:188} INFO - [2024-07-18T17:35:23.193+0000] {dag.py:3947} INFO - Setting next_dagrun for conditional_dataset_and_time_based_timetable to 2024-07-17 01:00:00+00:00, run_after=2024-07-17 01:00:00+00:00
[2024-07-18T17:35:23.199+0000] {logging_mixin.py:188} INFO - [2024-07-18T17:35:23.198+0000] {dag.py:3947} INFO - Setting next_dagrun for consume_1_and_2_with_dataset_expressions to None, run_after=None
[2024-07-18T17:35:23.202+0000] {logging_mixin.py:188} INFO - [2024-07-18T17:35:23.201+0000] {dag.py:3947} INFO - Setting next_dagrun for consume_1_or_2_with_dataset_expressions to None, run_after=None
[2024-07-18T17:35:23.204+0000] {logging_mixin.py:188} INFO - [2024-07-18T17:35:23.204+0000] {dag.py:3947} INFO - Setting next_dagrun for consume_1_or_both_2_and_3_with_dataset_expressions to None, run_after=None
[2024-07-18T17:35:23.207+0000] {logging_mixin.py:188} INFO - [2024-07-18T17:35:23.207+0000] {dag.py:3947} INFO - Setting next_dagrun for dataset_consumes_1 to None, run_after=None
[2024-07-18T17:35:23.209+0000] {logging_mixin.py:188} INFO - [2024-07-18T17:35:23.209+0000] {dag.py:3947} INFO - Setting next_dagrun for dataset_consumes_1_and_2 to None, run_after=None
[2024-07-18T17:35:23.307+0000] {logging_mixin.py:188} INFO - [2024-07-18T17:35:23.306+0000] {dag.py:3947} INFO - Setting next_dagrun for dataset_consumes_1_never_scheduled to None, run_after=None
[2024-07-18T17:35:23.311+0000] {logging_mixin.py:188} INFO - [2024-07-18T17:35:23.311+0000] {dag.py:3947} INFO - Setting next_dagrun for dataset_consumes_unknown_never_scheduled to None, run_after=None
[2024-07-18T17:35:23.316+0000] {logging_mixin.py:188} INFO - [2024-07-18T17:35:23.315+0000] {dag.py:3947} INFO - Setting next_dagrun for dataset_produces_1 to 2024-07-17 00:00:00+00:00, run_after=2024-07-18 00:00:00+00:00
[2024-07-18T17:35:23.319+0000] {logging_mixin.py:188} INFO - [2024-07-18T17:35:23.318+0000] {dag.py:3947} INFO - Setting next_dagrun for dataset_produces_2 to None, run_after=None
[2024-07-18T17:35:23.370+0000] {processor.py:183} INFO - Processing /home/airflow/.local/lib/python3.12/site-packages/airflow/example_dags/example_datasets.py took 0.288 seconds
[2024-07-18T17:41:28.668+0000] {processor.py:161} INFO - Started process (PID=5468) to work on /home/airflow/.local/lib/python3.12/site-packages/airflow/example_dags/example_datasets.py
[2024-07-18T17:41:28.669+0000] {processor.py:830} INFO - Processing file /home/airflow/.local/lib/python3.12/site-packages/airflow/example_dags/example_datasets.py for tasks to queue
[2024-07-18T17:41:28.671+0000] {logging_mixin.py:188} INFO - [2024-07-18T17:41:28.670+0000] {dagbag.py:545} INFO - Filling up the DagBag from /home/airflow/.local/lib/python3.12/site-packages/airflow/example_dags/example_datasets.py
[2024-07-18T17:41:28.693+0000] {processor.py:840} INFO - DAG(s) 'consume_1_or_both_2_and_3_with_dataset_expressions', 'dataset_consumes_1_never_scheduled', 'conditional_dataset_and_time_based_timetable', 'dataset_consumes_1_and_2', 'dataset_consumes_unknown_never_scheduled', 'dataset_consumes_1', 'consume_1_or_2_with_dataset_expressions', 'consume_1_and_2_with_dataset_expressions', 'dataset_produces_2', 'dataset_produces_1' retrieved from /home/airflow/.local/lib/python3.12/site-packages/airflow/example_dags/example_datasets.py
[2024-07-18T17:41:28.760+0000] {logging_mixin.py:188} INFO - [2024-07-18T17:41:28.759+0000] {dag.py:3089} INFO - Sync 10 DAGs
[2024-07-18T17:41:28.793+0000] {logging_mixin.py:188} INFO - [2024-07-18T17:41:28.793+0000] {dag.py:3947} INFO - Setting next_dagrun for conditional_dataset_and_time_based_timetable to 2024-07-17 01:00:00+00:00, run_after=2024-07-17 01:00:00+00:00
[2024-07-18T17:41:28.902+0000] {logging_mixin.py:188} INFO - [2024-07-18T17:41:28.901+0000] {dag.py:3947} INFO - Setting next_dagrun for consume_1_and_2_with_dataset_expressions to None, run_after=None
[2024-07-18T17:41:28.905+0000] {logging_mixin.py:188} INFO - [2024-07-18T17:41:28.904+0000] {dag.py:3947} INFO - Setting next_dagrun for consume_1_or_2_with_dataset_expressions to None, run_after=None
[2024-07-18T17:41:28.909+0000] {logging_mixin.py:188} INFO - [2024-07-18T17:41:28.909+0000] {dag.py:3947} INFO - Setting next_dagrun for consume_1_or_both_2_and_3_with_dataset_expressions to None, run_after=None
[2024-07-18T17:41:28.913+0000] {logging_mixin.py:188} INFO - [2024-07-18T17:41:28.913+0000] {dag.py:3947} INFO - Setting next_dagrun for dataset_consumes_1 to None, run_after=None
[2024-07-18T17:41:28.916+0000] {logging_mixin.py:188} INFO - [2024-07-18T17:41:28.915+0000] {dag.py:3947} INFO - Setting next_dagrun for dataset_consumes_1_and_2 to None, run_after=None
[2024-07-18T17:41:28.919+0000] {logging_mixin.py:188} INFO - [2024-07-18T17:41:28.918+0000] {dag.py:3947} INFO - Setting next_dagrun for dataset_consumes_1_never_scheduled to None, run_after=None
[2024-07-18T17:41:28.921+0000] {logging_mixin.py:188} INFO - [2024-07-18T17:41:28.921+0000] {dag.py:3947} INFO - Setting next_dagrun for dataset_consumes_unknown_never_scheduled to None, run_after=None
[2024-07-18T17:41:28.925+0000] {logging_mixin.py:188} INFO - [2024-07-18T17:41:28.924+0000] {dag.py:3947} INFO - Setting next_dagrun for dataset_produces_1 to 2024-07-17 00:00:00+00:00, run_after=2024-07-18 00:00:00+00:00
[2024-07-18T17:41:28.927+0000] {logging_mixin.py:188} INFO - [2024-07-18T17:41:28.927+0000] {dag.py:3947} INFO - Setting next_dagrun for dataset_produces_2 to None, run_after=None
[2024-07-18T17:41:28.974+0000] {processor.py:183} INFO - Processing /home/airflow/.local/lib/python3.12/site-packages/airflow/example_dags/example_datasets.py took 0.315 seconds
[2024-07-18T17:44:42.907+0000] {processor.py:161} INFO - Started process (PID=5533) to work on /home/airflow/.local/lib/python3.12/site-packages/airflow/example_dags/example_datasets.py
[2024-07-18T17:44:42.908+0000] {processor.py:830} INFO - Processing file /home/airflow/.local/lib/python3.12/site-packages/airflow/example_dags/example_datasets.py for tasks to queue
[2024-07-18T17:44:42.909+0000] {logging_mixin.py:188} INFO - [2024-07-18T17:44:42.909+0000] {dagbag.py:545} INFO - Filling up the DagBag from /home/airflow/.local/lib/python3.12/site-packages/airflow/example_dags/example_datasets.py
[2024-07-18T17:44:42.927+0000] {processor.py:840} INFO - DAG(s) 'consume_1_and_2_with_dataset_expressions', 'dataset_produces_1', 'dataset_consumes_1_and_2', 'dataset_produces_2', 'conditional_dataset_and_time_based_timetable', 'consume_1_or_2_with_dataset_expressions', 'dataset_consumes_1_never_scheduled', 'dataset_consumes_1', 'dataset_consumes_unknown_never_scheduled', 'consume_1_or_both_2_and_3_with_dataset_expressions' retrieved from /home/airflow/.local/lib/python3.12/site-packages/airflow/example_dags/example_datasets.py
[2024-07-18T17:44:42.988+0000] {logging_mixin.py:188} INFO - [2024-07-18T17:44:42.988+0000] {dag.py:3089} INFO - Sync 10 DAGs
[2024-07-18T17:44:43.016+0000] {logging_mixin.py:188} INFO - [2024-07-18T17:44:43.015+0000] {dag.py:3947} INFO - Setting next_dagrun for conditional_dataset_and_time_based_timetable to 2024-07-17 01:00:00+00:00, run_after=2024-07-17 01:00:00+00:00
[2024-07-18T17:44:43.052+0000] {logging_mixin.py:188} INFO - [2024-07-18T17:44:43.051+0000] {dag.py:3947} INFO - Setting next_dagrun for consume_1_and_2_with_dataset_expressions to None, run_after=None
[2024-07-18T17:44:43.054+0000] {logging_mixin.py:188} INFO - [2024-07-18T17:44:43.054+0000] {dag.py:3947} INFO - Setting next_dagrun for consume_1_or_2_with_dataset_expressions to None, run_after=None
[2024-07-18T17:44:43.057+0000] {logging_mixin.py:188} INFO - [2024-07-18T17:44:43.056+0000] {dag.py:3947} INFO - Setting next_dagrun for consume_1_or_both_2_and_3_with_dataset_expressions to None, run_after=None
[2024-07-18T17:44:43.059+0000] {logging_mixin.py:188} INFO - [2024-07-18T17:44:43.059+0000] {dag.py:3947} INFO - Setting next_dagrun for dataset_consumes_1 to None, run_after=None
[2024-07-18T17:44:43.062+0000] {logging_mixin.py:188} INFO - [2024-07-18T17:44:43.061+0000] {dag.py:3947} INFO - Setting next_dagrun for dataset_consumes_1_and_2 to None, run_after=None
[2024-07-18T17:44:43.064+0000] {logging_mixin.py:188} INFO - [2024-07-18T17:44:43.064+0000] {dag.py:3947} INFO - Setting next_dagrun for dataset_consumes_1_never_scheduled to None, run_after=None
[2024-07-18T17:44:43.067+0000] {logging_mixin.py:188} INFO - [2024-07-18T17:44:43.066+0000] {dag.py:3947} INFO - Setting next_dagrun for dataset_consumes_unknown_never_scheduled to None, run_after=None
[2024-07-18T17:44:43.071+0000] {logging_mixin.py:188} INFO - [2024-07-18T17:44:43.071+0000] {dag.py:3947} INFO - Setting next_dagrun for dataset_produces_1 to 2024-07-17 00:00:00+00:00, run_after=2024-07-18 00:00:00+00:00
[2024-07-18T17:44:43.073+0000] {logging_mixin.py:188} INFO - [2024-07-18T17:44:43.073+0000] {dag.py:3947} INFO - Setting next_dagrun for dataset_produces_2 to None, run_after=None
[2024-07-18T17:44:43.121+0000] {processor.py:183} INFO - Processing /home/airflow/.local/lib/python3.12/site-packages/airflow/example_dags/example_datasets.py took 0.222 seconds
[2024-07-18T17:47:02.760+0000] {processor.py:161} INFO - Started process (PID=5593) to work on /home/airflow/.local/lib/python3.12/site-packages/airflow/example_dags/example_datasets.py
[2024-07-18T17:47:02.761+0000] {processor.py:830} INFO - Processing file /home/airflow/.local/lib/python3.12/site-packages/airflow/example_dags/example_datasets.py for tasks to queue
[2024-07-18T17:47:02.763+0000] {logging_mixin.py:188} INFO - [2024-07-18T17:47:02.763+0000] {dagbag.py:545} INFO - Filling up the DagBag from /home/airflow/.local/lib/python3.12/site-packages/airflow/example_dags/example_datasets.py
[2024-07-18T17:47:02.786+0000] {processor.py:840} INFO - DAG(s) 'consume_1_and_2_with_dataset_expressions', 'consume_1_or_2_with_dataset_expressions', 'dataset_produces_1', 'conditional_dataset_and_time_based_timetable', 'dataset_produces_2', 'dataset_consumes_unknown_never_scheduled', 'dataset_consumes_1', 'dataset_consumes_1_and_2', 'dataset_consumes_1_never_scheduled', 'consume_1_or_both_2_and_3_with_dataset_expressions' retrieved from /home/airflow/.local/lib/python3.12/site-packages/airflow/example_dags/example_datasets.py
[2024-07-18T17:47:02.859+0000] {logging_mixin.py:188} INFO - [2024-07-18T17:47:02.859+0000] {dag.py:3089} INFO - Sync 10 DAGs
[2024-07-18T17:47:02.971+0000] {logging_mixin.py:188} INFO - [2024-07-18T17:47:02.971+0000] {dag.py:3947} INFO - Setting next_dagrun for conditional_dataset_and_time_based_timetable to 2024-07-17 01:00:00+00:00, run_after=2024-07-17 01:00:00+00:00
[2024-07-18T17:47:02.976+0000] {logging_mixin.py:188} INFO - [2024-07-18T17:47:02.975+0000] {dag.py:3947} INFO - Setting next_dagrun for consume_1_and_2_with_dataset_expressions to None, run_after=None
[2024-07-18T17:47:02.977+0000] {logging_mixin.py:188} INFO - [2024-07-18T17:47:02.977+0000] {dag.py:3947} INFO - Setting next_dagrun for consume_1_or_2_with_dataset_expressions to None, run_after=None
[2024-07-18T17:47:02.979+0000] {logging_mixin.py:188} INFO - [2024-07-18T17:47:02.979+0000] {dag.py:3947} INFO - Setting next_dagrun for consume_1_or_both_2_and_3_with_dataset_expressions to None, run_after=None
[2024-07-18T17:47:02.981+0000] {logging_mixin.py:188} INFO - [2024-07-18T17:47:02.981+0000] {dag.py:3947} INFO - Setting next_dagrun for dataset_consumes_1 to None, run_after=None
[2024-07-18T17:47:02.983+0000] {logging_mixin.py:188} INFO - [2024-07-18T17:47:02.983+0000] {dag.py:3947} INFO - Setting next_dagrun for dataset_consumes_1_and_2 to None, run_after=None
[2024-07-18T17:47:02.986+0000] {logging_mixin.py:188} INFO - [2024-07-18T17:47:02.985+0000] {dag.py:3947} INFO - Setting next_dagrun for dataset_consumes_1_never_scheduled to None, run_after=None
[2024-07-18T17:47:02.987+0000] {logging_mixin.py:188} INFO - [2024-07-18T17:47:02.987+0000] {dag.py:3947} INFO - Setting next_dagrun for dataset_consumes_unknown_never_scheduled to None, run_after=None
[2024-07-18T17:47:02.991+0000] {logging_mixin.py:188} INFO - [2024-07-18T17:47:02.991+0000] {dag.py:3947} INFO - Setting next_dagrun for dataset_produces_1 to 2024-07-17 00:00:00+00:00, run_after=2024-07-18 00:00:00+00:00
[2024-07-18T17:47:02.993+0000] {logging_mixin.py:188} INFO - [2024-07-18T17:47:02.993+0000] {dag.py:3947} INFO - Setting next_dagrun for dataset_produces_2 to None, run_after=None
[2024-07-18T17:47:03.038+0000] {processor.py:183} INFO - Processing /home/airflow/.local/lib/python3.12/site-packages/airflow/example_dags/example_datasets.py took 0.287 seconds
[2024-07-18T17:53:32.182+0000] {processor.py:161} INFO - Started process (PID=5653) to work on /home/airflow/.local/lib/python3.12/site-packages/airflow/example_dags/example_datasets.py
[2024-07-18T17:53:32.184+0000] {processor.py:830} INFO - Processing file /home/airflow/.local/lib/python3.12/site-packages/airflow/example_dags/example_datasets.py for tasks to queue
[2024-07-18T17:53:32.186+0000] {logging_mixin.py:188} INFO - [2024-07-18T17:53:32.185+0000] {dagbag.py:545} INFO - Filling up the DagBag from /home/airflow/.local/lib/python3.12/site-packages/airflow/example_dags/example_datasets.py
[2024-07-18T17:53:32.207+0000] {processor.py:840} INFO - DAG(s) 'dataset_produces_1', 'consume_1_or_both_2_and_3_with_dataset_expressions', 'dataset_consumes_unknown_never_scheduled', 'dataset_produces_2', 'dataset_consumes_1', 'consume_1_or_2_with_dataset_expressions', 'dataset_consumes_1_never_scheduled', 'conditional_dataset_and_time_based_timetable', 'consume_1_and_2_with_dataset_expressions', 'dataset_consumes_1_and_2' retrieved from /home/airflow/.local/lib/python3.12/site-packages/airflow/example_dags/example_datasets.py
[2024-07-18T17:53:32.313+0000] {logging_mixin.py:188} INFO - [2024-07-18T17:53:32.313+0000] {dag.py:3089} INFO - Sync 10 DAGs
[2024-07-18T17:53:32.396+0000] {logging_mixin.py:188} INFO - [2024-07-18T17:53:32.395+0000] {dag.py:3947} INFO - Setting next_dagrun for conditional_dataset_and_time_based_timetable to 2024-07-17 01:00:00+00:00, run_after=2024-07-17 01:00:00+00:00
[2024-07-18T17:53:32.400+0000] {logging_mixin.py:188} INFO - [2024-07-18T17:53:32.400+0000] {dag.py:3947} INFO - Setting next_dagrun for consume_1_and_2_with_dataset_expressions to None, run_after=None
[2024-07-18T17:53:32.402+0000] {logging_mixin.py:188} INFO - [2024-07-18T17:53:32.402+0000] {dag.py:3947} INFO - Setting next_dagrun for consume_1_or_2_with_dataset_expressions to None, run_after=None
[2024-07-18T17:53:32.404+0000] {logging_mixin.py:188} INFO - [2024-07-18T17:53:32.404+0000] {dag.py:3947} INFO - Setting next_dagrun for consume_1_or_both_2_and_3_with_dataset_expressions to None, run_after=None
[2024-07-18T17:53:32.406+0000] {logging_mixin.py:188} INFO - [2024-07-18T17:53:32.406+0000] {dag.py:3947} INFO - Setting next_dagrun for dataset_consumes_1 to None, run_after=None
[2024-07-18T17:53:32.408+0000] {logging_mixin.py:188} INFO - [2024-07-18T17:53:32.408+0000] {dag.py:3947} INFO - Setting next_dagrun for dataset_consumes_1_and_2 to None, run_after=None
[2024-07-18T17:53:32.410+0000] {logging_mixin.py:188} INFO - [2024-07-18T17:53:32.410+0000] {dag.py:3947} INFO - Setting next_dagrun for dataset_consumes_1_never_scheduled to None, run_after=None
[2024-07-18T17:53:32.412+0000] {logging_mixin.py:188} INFO - [2024-07-18T17:53:32.412+0000] {dag.py:3947} INFO - Setting next_dagrun for dataset_consumes_unknown_never_scheduled to None, run_after=None
[2024-07-18T17:53:32.416+0000] {logging_mixin.py:188} INFO - [2024-07-18T17:53:32.416+0000] {dag.py:3947} INFO - Setting next_dagrun for dataset_produces_1 to 2024-07-17 00:00:00+00:00, run_after=2024-07-18 00:00:00+00:00
[2024-07-18T17:53:32.418+0000] {logging_mixin.py:188} INFO - [2024-07-18T17:53:32.418+0000] {dag.py:3947} INFO - Setting next_dagrun for dataset_produces_2 to None, run_after=None
[2024-07-18T17:53:32.464+0000] {processor.py:183} INFO - Processing /home/airflow/.local/lib/python3.12/site-packages/airflow/example_dags/example_datasets.py took 0.291 seconds
[2024-07-18T18:42:30.931+0000] {processor.py:161} INFO - Started process (PID=5713) to work on /home/airflow/.local/lib/python3.12/site-packages/airflow/example_dags/example_datasets.py
[2024-07-18T18:42:30.932+0000] {processor.py:830} INFO - Processing file /home/airflow/.local/lib/python3.12/site-packages/airflow/example_dags/example_datasets.py for tasks to queue
[2024-07-18T18:42:30.934+0000] {logging_mixin.py:188} INFO - [2024-07-18T18:42:30.933+0000] {dagbag.py:545} INFO - Filling up the DagBag from /home/airflow/.local/lib/python3.12/site-packages/airflow/example_dags/example_datasets.py
[2024-07-18T18:42:30.955+0000] {processor.py:840} INFO - DAG(s) 'dataset_consumes_1_and_2', 'dataset_produces_2', 'dataset_consumes_1', 'dataset_consumes_1_never_scheduled', 'dataset_consumes_unknown_never_scheduled', 'consume_1_or_2_with_dataset_expressions', 'consume_1_or_both_2_and_3_with_dataset_expressions', 'dataset_produces_1', 'conditional_dataset_and_time_based_timetable', 'consume_1_and_2_with_dataset_expressions' retrieved from /home/airflow/.local/lib/python3.12/site-packages/airflow/example_dags/example_datasets.py
[2024-07-18T18:42:31.036+0000] {logging_mixin.py:188} INFO - [2024-07-18T18:42:31.036+0000] {dag.py:3089} INFO - Sync 10 DAGs
[2024-07-18T18:42:31.123+0000] {logging_mixin.py:188} INFO - [2024-07-18T18:42:31.122+0000] {dag.py:3947} INFO - Setting next_dagrun for conditional_dataset_and_time_based_timetable to 2024-07-17 01:00:00+00:00, run_after=2024-07-17 01:00:00+00:00
[2024-07-18T18:42:31.126+0000] {logging_mixin.py:188} INFO - [2024-07-18T18:42:31.126+0000] {dag.py:3947} INFO - Setting next_dagrun for consume_1_and_2_with_dataset_expressions to None, run_after=None
[2024-07-18T18:42:31.128+0000] {logging_mixin.py:188} INFO - [2024-07-18T18:42:31.128+0000] {dag.py:3947} INFO - Setting next_dagrun for consume_1_or_2_with_dataset_expressions to None, run_after=None
[2024-07-18T18:42:31.130+0000] {logging_mixin.py:188} INFO - [2024-07-18T18:42:31.130+0000] {dag.py:3947} INFO - Setting next_dagrun for consume_1_or_both_2_and_3_with_dataset_expressions to None, run_after=None
[2024-07-18T18:42:31.131+0000] {logging_mixin.py:188} INFO - [2024-07-18T18:42:31.131+0000] {dag.py:3947} INFO - Setting next_dagrun for dataset_consumes_1 to None, run_after=None
[2024-07-18T18:42:31.133+0000] {logging_mixin.py:188} INFO - [2024-07-18T18:42:31.133+0000] {dag.py:3947} INFO - Setting next_dagrun for dataset_consumes_1_and_2 to None, run_after=None
[2024-07-18T18:42:31.135+0000] {logging_mixin.py:188} INFO - [2024-07-18T18:42:31.135+0000] {dag.py:3947} INFO - Setting next_dagrun for dataset_consumes_1_never_scheduled to None, run_after=None
[2024-07-18T18:42:31.137+0000] {logging_mixin.py:188} INFO - [2024-07-18T18:42:31.137+0000] {dag.py:3947} INFO - Setting next_dagrun for dataset_consumes_unknown_never_scheduled to None, run_after=None
[2024-07-18T18:42:31.140+0000] {logging_mixin.py:188} INFO - [2024-07-18T18:42:31.140+0000] {dag.py:3947} INFO - Setting next_dagrun for dataset_produces_1 to 2024-07-17 00:00:00+00:00, run_after=2024-07-18 00:00:00+00:00
[2024-07-18T18:42:31.142+0000] {logging_mixin.py:188} INFO - [2024-07-18T18:42:31.142+0000] {dag.py:3947} INFO - Setting next_dagrun for dataset_produces_2 to None, run_after=None
[2024-07-18T18:42:31.176+0000] {processor.py:183} INFO - Processing /home/airflow/.local/lib/python3.12/site-packages/airflow/example_dags/example_datasets.py took 0.254 seconds
[2024-07-18T21:44:07.593+0000] {processor.py:161} INFO - Started process (PID=5781) to work on /home/airflow/.local/lib/python3.12/site-packages/airflow/example_dags/example_datasets.py
[2024-07-18T21:44:07.594+0000] {processor.py:830} INFO - Processing file /home/airflow/.local/lib/python3.12/site-packages/airflow/example_dags/example_datasets.py for tasks to queue
[2024-07-18T21:44:07.595+0000] {logging_mixin.py:188} INFO - [2024-07-18T21:44:07.595+0000] {dagbag.py:545} INFO - Filling up the DagBag from /home/airflow/.local/lib/python3.12/site-packages/airflow/example_dags/example_datasets.py
[2024-07-18T21:44:07.610+0000] {processor.py:840} INFO - DAG(s) 'consume_1_and_2_with_dataset_expressions', 'dataset_consumes_1_and_2', 'dataset_consumes_1', 'consume_1_or_both_2_and_3_with_dataset_expressions', 'conditional_dataset_and_time_based_timetable', 'dataset_consumes_unknown_never_scheduled', 'dataset_produces_2', 'dataset_produces_1', 'consume_1_or_2_with_dataset_expressions', 'dataset_consumes_1_never_scheduled' retrieved from /home/airflow/.local/lib/python3.12/site-packages/airflow/example_dags/example_datasets.py
[2024-07-18T21:44:07.671+0000] {logging_mixin.py:188} INFO - [2024-07-18T21:44:07.671+0000] {dag.py:3089} INFO - Sync 10 DAGs
[2024-07-18T21:44:07.694+0000] {logging_mixin.py:188} INFO - [2024-07-18T21:44:07.694+0000] {dag.py:3947} INFO - Setting next_dagrun for conditional_dataset_and_time_based_timetable to 2024-07-17 01:00:00+00:00, run_after=2024-07-17 01:00:00+00:00
[2024-07-18T21:44:07.698+0000] {logging_mixin.py:188} INFO - [2024-07-18T21:44:07.697+0000] {dag.py:3947} INFO - Setting next_dagrun for consume_1_and_2_with_dataset_expressions to None, run_after=None
[2024-07-18T21:44:07.699+0000] {logging_mixin.py:188} INFO - [2024-07-18T21:44:07.699+0000] {dag.py:3947} INFO - Setting next_dagrun for consume_1_or_2_with_dataset_expressions to None, run_after=None
[2024-07-18T21:44:07.701+0000] {logging_mixin.py:188} INFO - [2024-07-18T21:44:07.701+0000] {dag.py:3947} INFO - Setting next_dagrun for consume_1_or_both_2_and_3_with_dataset_expressions to None, run_after=None
[2024-07-18T21:44:07.702+0000] {logging_mixin.py:188} INFO - [2024-07-18T21:44:07.702+0000] {dag.py:3947} INFO - Setting next_dagrun for dataset_consumes_1 to None, run_after=None
[2024-07-18T21:44:07.703+0000] {logging_mixin.py:188} INFO - [2024-07-18T21:44:07.703+0000] {dag.py:3947} INFO - Setting next_dagrun for dataset_consumes_1_and_2 to None, run_after=None
[2024-07-18T21:44:07.705+0000] {logging_mixin.py:188} INFO - [2024-07-18T21:44:07.705+0000] {dag.py:3947} INFO - Setting next_dagrun for dataset_consumes_1_never_scheduled to None, run_after=None
[2024-07-18T21:44:07.706+0000] {logging_mixin.py:188} INFO - [2024-07-18T21:44:07.706+0000] {dag.py:3947} INFO - Setting next_dagrun for dataset_consumes_unknown_never_scheduled to None, run_after=None
[2024-07-18T21:44:07.709+0000] {logging_mixin.py:188} INFO - [2024-07-18T21:44:07.709+0000] {dag.py:3947} INFO - Setting next_dagrun for dataset_produces_1 to 2024-07-17 00:00:00+00:00, run_after=2024-07-18 00:00:00+00:00
[2024-07-18T21:44:07.711+0000] {logging_mixin.py:188} INFO - [2024-07-18T21:44:07.711+0000] {dag.py:3947} INFO - Setting next_dagrun for dataset_produces_2 to None, run_after=None
[2024-07-18T21:44:07.750+0000] {processor.py:183} INFO - Processing /home/airflow/.local/lib/python3.12/site-packages/airflow/example_dags/example_datasets.py took 0.164 seconds
[2024-07-18T22:38:02.530+0000] {processor.py:161} INFO - Started process (PID=6004) to work on /home/airflow/.local/lib/python3.12/site-packages/airflow/example_dags/example_datasets.py
[2024-07-18T22:38:02.531+0000] {processor.py:830} INFO - Processing file /home/airflow/.local/lib/python3.12/site-packages/airflow/example_dags/example_datasets.py for tasks to queue
[2024-07-18T22:38:02.533+0000] {logging_mixin.py:188} INFO - [2024-07-18T22:38:02.532+0000] {dagbag.py:545} INFO - Filling up the DagBag from /home/airflow/.local/lib/python3.12/site-packages/airflow/example_dags/example_datasets.py
[2024-07-18T22:38:02.557+0000] {processor.py:840} INFO - DAG(s) 'dataset_consumes_1_and_2', 'consume_1_or_both_2_and_3_with_dataset_expressions', 'dataset_consumes_1', 'dataset_consumes_unknown_never_scheduled', 'dataset_produces_2', 'dataset_consumes_1_never_scheduled', 'consume_1_or_2_with_dataset_expressions', 'conditional_dataset_and_time_based_timetable', 'consume_1_and_2_with_dataset_expressions', 'dataset_produces_1' retrieved from /home/airflow/.local/lib/python3.12/site-packages/airflow/example_dags/example_datasets.py
[2024-07-18T22:38:02.624+0000] {logging_mixin.py:188} INFO - [2024-07-18T22:38:02.624+0000] {dag.py:3089} INFO - Sync 10 DAGs
[2024-07-18T22:38:02.655+0000] {logging_mixin.py:188} INFO - [2024-07-18T22:38:02.655+0000] {dag.py:3947} INFO - Setting next_dagrun for conditional_dataset_and_time_based_timetable to 2024-07-17 01:00:00+00:00, run_after=2024-07-17 01:00:00+00:00
[2024-07-18T22:38:02.696+0000] {logging_mixin.py:188} INFO - [2024-07-18T22:38:02.696+0000] {dag.py:3947} INFO - Setting next_dagrun for consume_1_and_2_with_dataset_expressions to None, run_after=None
[2024-07-18T22:38:02.698+0000] {logging_mixin.py:188} INFO - [2024-07-18T22:38:02.698+0000] {dag.py:3947} INFO - Setting next_dagrun for consume_1_or_2_with_dataset_expressions to None, run_after=None
[2024-07-18T22:38:02.700+0000] {logging_mixin.py:188} INFO - [2024-07-18T22:38:02.700+0000] {dag.py:3947} INFO - Setting next_dagrun for consume_1_or_both_2_and_3_with_dataset_expressions to None, run_after=None
[2024-07-18T22:38:02.702+0000] {logging_mixin.py:188} INFO - [2024-07-18T22:38:02.702+0000] {dag.py:3947} INFO - Setting next_dagrun for dataset_consumes_1 to None, run_after=None
[2024-07-18T22:38:02.704+0000] {logging_mixin.py:188} INFO - [2024-07-18T22:38:02.704+0000] {dag.py:3947} INFO - Setting next_dagrun for dataset_consumes_1_and_2 to None, run_after=None
[2024-07-18T22:38:02.705+0000] {logging_mixin.py:188} INFO - [2024-07-18T22:38:02.705+0000] {dag.py:3947} INFO - Setting next_dagrun for dataset_consumes_1_never_scheduled to None, run_after=None
[2024-07-18T22:38:02.707+0000] {logging_mixin.py:188} INFO - [2024-07-18T22:38:02.707+0000] {dag.py:3947} INFO - Setting next_dagrun for dataset_consumes_unknown_never_scheduled to None, run_after=None
[2024-07-18T22:38:02.710+0000] {logging_mixin.py:188} INFO - [2024-07-18T22:38:02.709+0000] {dag.py:3947} INFO - Setting next_dagrun for dataset_produces_1 to 2024-07-17 00:00:00+00:00, run_after=2024-07-18 00:00:00+00:00
[2024-07-18T22:38:02.711+0000] {logging_mixin.py:188} INFO - [2024-07-18T22:38:02.711+0000] {dag.py:3947} INFO - Setting next_dagrun for dataset_produces_2 to None, run_after=None
[2024-07-18T22:38:02.750+0000] {processor.py:183} INFO - Processing /home/airflow/.local/lib/python3.12/site-packages/airflow/example_dags/example_datasets.py took 0.227 seconds
