[2024-07-18T01:27:58.114+0000] {processor.py:161} INFO - Started process (PID=4436) to work on /home/airflow/.local/lib/python3.12/site-packages/airflow/example_dags/tutorial.py
[2024-07-18T01:27:58.115+0000] {processor.py:830} INFO - Processing file /home/airflow/.local/lib/python3.12/site-packages/airflow/example_dags/tutorial.py for tasks to queue
[2024-07-18T01:27:58.117+0000] {logging_mixin.py:188} INFO - [2024-07-18T01:27:58.117+0000] {dagbag.py:545} INFO - Filling up the DagBag from /home/airflow/.local/lib/python3.12/site-packages/airflow/example_dags/tutorial.py
[2024-07-18T01:27:58.126+0000] {processor.py:840} INFO - DAG(s) 'tutorial' retrieved from /home/airflow/.local/lib/python3.12/site-packages/airflow/example_dags/tutorial.py
[2024-07-18T01:27:58.215+0000] {logging_mixin.py:188} INFO - [2024-07-18T01:27:58.214+0000] {dag.py:3089} INFO - Sync 1 DAGs
[2024-07-18T01:27:58.244+0000] {logging_mixin.py:188} INFO - [2024-07-18T01:27:58.244+0000] {dag.py:3947} INFO - Setting next_dagrun for tutorial to 2024-07-17 00:00:00+00:00, run_after=2024-07-18 00:00:00+00:00
[2024-07-18T01:27:58.276+0000] {processor.py:183} INFO - Processing /home/airflow/.local/lib/python3.12/site-packages/airflow/example_dags/tutorial.py took 0.170 seconds
[2024-07-18T02:47:26.507+0000] {processor.py:161} INFO - Started process (PID=4496) to work on /home/airflow/.local/lib/python3.12/site-packages/airflow/example_dags/tutorial.py
[2024-07-18T02:47:26.508+0000] {processor.py:830} INFO - Processing file /home/airflow/.local/lib/python3.12/site-packages/airflow/example_dags/tutorial.py for tasks to queue
[2024-07-18T02:47:26.511+0000] {logging_mixin.py:188} INFO - [2024-07-18T02:47:26.510+0000] {dagbag.py:545} INFO - Filling up the DagBag from /home/airflow/.local/lib/python3.12/site-packages/airflow/example_dags/tutorial.py
[2024-07-18T02:47:26.519+0000] {processor.py:840} INFO - DAG(s) 'tutorial' retrieved from /home/airflow/.local/lib/python3.12/site-packages/airflow/example_dags/tutorial.py
[2024-07-18T02:47:26.588+0000] {logging_mixin.py:188} INFO - [2024-07-18T02:47:26.588+0000] {dag.py:3089} INFO - Sync 1 DAGs
[2024-07-18T02:47:26.613+0000] {logging_mixin.py:188} INFO - [2024-07-18T02:47:26.612+0000] {dag.py:3947} INFO - Setting next_dagrun for tutorial to 2024-07-17 00:00:00+00:00, run_after=2024-07-18 00:00:00+00:00
[2024-07-18T02:47:26.632+0000] {processor.py:183} INFO - Processing /home/airflow/.local/lib/python3.12/site-packages/airflow/example_dags/tutorial.py took 0.133 seconds
[2024-07-18T03:28:38.150+0000] {processor.py:161} INFO - Started process (PID=4556) to work on /home/airflow/.local/lib/python3.12/site-packages/airflow/example_dags/tutorial.py
[2024-07-18T03:28:38.152+0000] {processor.py:830} INFO - Processing file /home/airflow/.local/lib/python3.12/site-packages/airflow/example_dags/tutorial.py for tasks to queue
[2024-07-18T03:28:38.153+0000] {logging_mixin.py:188} INFO - [2024-07-18T03:28:38.153+0000] {dagbag.py:545} INFO - Filling up the DagBag from /home/airflow/.local/lib/python3.12/site-packages/airflow/example_dags/tutorial.py
[2024-07-18T03:28:38.161+0000] {processor.py:840} INFO - DAG(s) 'tutorial' retrieved from /home/airflow/.local/lib/python3.12/site-packages/airflow/example_dags/tutorial.py
[2024-07-18T03:28:38.185+0000] {logging_mixin.py:188} INFO - [2024-07-18T03:28:38.184+0000] {dag.py:3089} INFO - Sync 1 DAGs
[2024-07-18T03:28:38.206+0000] {logging_mixin.py:188} INFO - [2024-07-18T03:28:38.206+0000] {dag.py:3947} INFO - Setting next_dagrun for tutorial to 2024-07-17 00:00:00+00:00, run_after=2024-07-18 00:00:00+00:00
[2024-07-18T03:28:38.225+0000] {processor.py:183} INFO - Processing /home/airflow/.local/lib/python3.12/site-packages/airflow/example_dags/tutorial.py took 0.082 seconds
[2024-07-18T15:23:46.202+0000] {processor.py:161} INFO - Started process (PID=4616) to work on /home/airflow/.local/lib/python3.12/site-packages/airflow/example_dags/tutorial.py
[2024-07-18T15:23:46.203+0000] {processor.py:830} INFO - Processing file /home/airflow/.local/lib/python3.12/site-packages/airflow/example_dags/tutorial.py for tasks to queue
[2024-07-18T15:23:46.204+0000] {logging_mixin.py:188} INFO - [2024-07-18T15:23:46.204+0000] {dagbag.py:545} INFO - Filling up the DagBag from /home/airflow/.local/lib/python3.12/site-packages/airflow/example_dags/tutorial.py
[2024-07-18T15:23:46.211+0000] {processor.py:840} INFO - DAG(s) 'tutorial' retrieved from /home/airflow/.local/lib/python3.12/site-packages/airflow/example_dags/tutorial.py
[2024-07-18T15:23:46.233+0000] {logging_mixin.py:188} INFO - [2024-07-18T15:23:46.233+0000] {dag.py:3089} INFO - Sync 1 DAGs
[2024-07-18T15:23:46.285+0000] {logging_mixin.py:188} INFO - [2024-07-18T15:23:46.284+0000] {dag.py:3947} INFO - Setting next_dagrun for tutorial to 2024-07-17 00:00:00+00:00, run_after=2024-07-18 00:00:00+00:00
[2024-07-18T15:23:46.301+0000] {processor.py:183} INFO - Processing /home/airflow/.local/lib/python3.12/site-packages/airflow/example_dags/tutorial.py took 0.106 seconds
[2024-07-18T17:19:39.672+0000] {processor.py:161} INFO - Started process (PID=4676) to work on /home/airflow/.local/lib/python3.12/site-packages/airflow/example_dags/tutorial.py
[2024-07-18T17:19:39.674+0000] {processor.py:830} INFO - Processing file /home/airflow/.local/lib/python3.12/site-packages/airflow/example_dags/tutorial.py for tasks to queue
[2024-07-18T17:19:39.675+0000] {logging_mixin.py:188} INFO - [2024-07-18T17:19:39.675+0000] {dagbag.py:545} INFO - Filling up the DagBag from /home/airflow/.local/lib/python3.12/site-packages/airflow/example_dags/tutorial.py
[2024-07-18T17:19:39.684+0000] {processor.py:840} INFO - DAG(s) 'tutorial' retrieved from /home/airflow/.local/lib/python3.12/site-packages/airflow/example_dags/tutorial.py
[2024-07-18T17:19:39.711+0000] {logging_mixin.py:188} INFO - [2024-07-18T17:19:39.711+0000] {dag.py:3089} INFO - Sync 1 DAGs
[2024-07-18T17:19:39.737+0000] {logging_mixin.py:188} INFO - [2024-07-18T17:19:39.736+0000] {dag.py:3947} INFO - Setting next_dagrun for tutorial to 2024-07-17 00:00:00+00:00, run_after=2024-07-18 00:00:00+00:00
[2024-07-18T17:19:39.837+0000] {processor.py:183} INFO - Processing /home/airflow/.local/lib/python3.12/site-packages/airflow/example_dags/tutorial.py took 0.172 seconds
[2024-07-18T17:20:10.469+0000] {processor.py:161} INFO - Started process (PID=4736) to work on /home/airflow/.local/lib/python3.12/site-packages/airflow/example_dags/tutorial.py
[2024-07-18T17:20:10.471+0000] {processor.py:830} INFO - Processing file /home/airflow/.local/lib/python3.12/site-packages/airflow/example_dags/tutorial.py for tasks to queue
[2024-07-18T17:20:10.472+0000] {logging_mixin.py:188} INFO - [2024-07-18T17:20:10.472+0000] {dagbag.py:545} INFO - Filling up the DagBag from /home/airflow/.local/lib/python3.12/site-packages/airflow/example_dags/tutorial.py
[2024-07-18T17:20:10.480+0000] {processor.py:840} INFO - DAG(s) 'tutorial' retrieved from /home/airflow/.local/lib/python3.12/site-packages/airflow/example_dags/tutorial.py
[2024-07-18T17:20:10.507+0000] {logging_mixin.py:188} INFO - [2024-07-18T17:20:10.507+0000] {dag.py:3089} INFO - Sync 1 DAGs
[2024-07-18T17:20:10.537+0000] {logging_mixin.py:188} INFO - [2024-07-18T17:20:10.537+0000] {dag.py:3947} INFO - Setting next_dagrun for tutorial to 2024-07-17 00:00:00+00:00, run_after=2024-07-18 00:00:00+00:00
[2024-07-18T17:20:10.562+0000] {processor.py:183} INFO - Processing /home/airflow/.local/lib/python3.12/site-packages/airflow/example_dags/tutorial.py took 0.101 seconds
[2024-07-18T17:20:41.087+0000] {processor.py:161} INFO - Started process (PID=4795) to work on /home/airflow/.local/lib/python3.12/site-packages/airflow/example_dags/tutorial.py
[2024-07-18T17:20:41.089+0000] {processor.py:830} INFO - Processing file /home/airflow/.local/lib/python3.12/site-packages/airflow/example_dags/tutorial.py for tasks to queue
[2024-07-18T17:20:41.090+0000] {logging_mixin.py:188} INFO - [2024-07-18T17:20:41.090+0000] {dagbag.py:545} INFO - Filling up the DagBag from /home/airflow/.local/lib/python3.12/site-packages/airflow/example_dags/tutorial.py
[2024-07-18T17:20:41.098+0000] {processor.py:840} INFO - DAG(s) 'tutorial' retrieved from /home/airflow/.local/lib/python3.12/site-packages/airflow/example_dags/tutorial.py
[2024-07-18T17:20:41.125+0000] {logging_mixin.py:188} INFO - [2024-07-18T17:20:41.125+0000] {dag.py:3089} INFO - Sync 1 DAGs
[2024-07-18T17:20:41.243+0000] {logging_mixin.py:188} INFO - [2024-07-18T17:20:41.243+0000] {dag.py:3947} INFO - Setting next_dagrun for tutorial to 2024-07-17 00:00:00+00:00, run_after=2024-07-18 00:00:00+00:00
[2024-07-18T17:20:41.266+0000] {processor.py:183} INFO - Processing /home/airflow/.local/lib/python3.12/site-packages/airflow/example_dags/tutorial.py took 0.187 seconds
[2024-07-18T17:21:11.330+0000] {processor.py:161} INFO - Started process (PID=4855) to work on /home/airflow/.local/lib/python3.12/site-packages/airflow/example_dags/tutorial.py
[2024-07-18T17:21:11.332+0000] {processor.py:830} INFO - Processing file /home/airflow/.local/lib/python3.12/site-packages/airflow/example_dags/tutorial.py for tasks to queue
[2024-07-18T17:21:11.333+0000] {logging_mixin.py:188} INFO - [2024-07-18T17:21:11.332+0000] {dagbag.py:545} INFO - Filling up the DagBag from /home/airflow/.local/lib/python3.12/site-packages/airflow/example_dags/tutorial.py
[2024-07-18T17:21:11.340+0000] {processor.py:840} INFO - DAG(s) 'tutorial' retrieved from /home/airflow/.local/lib/python3.12/site-packages/airflow/example_dags/tutorial.py
[2024-07-18T17:21:11.371+0000] {logging_mixin.py:188} INFO - [2024-07-18T17:21:11.371+0000] {dag.py:3089} INFO - Sync 1 DAGs
[2024-07-18T17:21:11.433+0000] {logging_mixin.py:188} INFO - [2024-07-18T17:21:11.433+0000] {dag.py:3947} INFO - Setting next_dagrun for tutorial to 2024-07-17 00:00:00+00:00, run_after=2024-07-18 00:00:00+00:00
[2024-07-18T17:21:11.454+0000] {processor.py:183} INFO - Processing /home/airflow/.local/lib/python3.12/site-packages/airflow/example_dags/tutorial.py took 0.131 seconds
[2024-07-18T17:21:41.548+0000] {processor.py:161} INFO - Started process (PID=4915) to work on /home/airflow/.local/lib/python3.12/site-packages/airflow/example_dags/tutorial.py
[2024-07-18T17:21:41.550+0000] {processor.py:830} INFO - Processing file /home/airflow/.local/lib/python3.12/site-packages/airflow/example_dags/tutorial.py for tasks to queue
[2024-07-18T17:21:41.552+0000] {logging_mixin.py:188} INFO - [2024-07-18T17:21:41.552+0000] {dagbag.py:545} INFO - Filling up the DagBag from /home/airflow/.local/lib/python3.12/site-packages/airflow/example_dags/tutorial.py
[2024-07-18T17:21:41.563+0000] {processor.py:840} INFO - DAG(s) 'tutorial' retrieved from /home/airflow/.local/lib/python3.12/site-packages/airflow/example_dags/tutorial.py
[2024-07-18T17:21:41.587+0000] {logging_mixin.py:188} INFO - [2024-07-18T17:21:41.587+0000] {dag.py:3089} INFO - Sync 1 DAGs
[2024-07-18T17:21:41.741+0000] {logging_mixin.py:188} INFO - [2024-07-18T17:21:41.740+0000] {dag.py:3947} INFO - Setting next_dagrun for tutorial to 2024-07-17 00:00:00+00:00, run_after=2024-07-18 00:00:00+00:00
[2024-07-18T17:21:41.757+0000] {processor.py:183} INFO - Processing /home/airflow/.local/lib/python3.12/site-packages/airflow/example_dags/tutorial.py took 0.218 seconds
[2024-07-18T17:22:12.810+0000] {processor.py:161} INFO - Started process (PID=4975) to work on /home/airflow/.local/lib/python3.12/site-packages/airflow/example_dags/tutorial.py
[2024-07-18T17:22:12.811+0000] {processor.py:830} INFO - Processing file /home/airflow/.local/lib/python3.12/site-packages/airflow/example_dags/tutorial.py for tasks to queue
[2024-07-18T17:22:12.812+0000] {logging_mixin.py:188} INFO - [2024-07-18T17:22:12.812+0000] {dagbag.py:545} INFO - Filling up the DagBag from /home/airflow/.local/lib/python3.12/site-packages/airflow/example_dags/tutorial.py
[2024-07-18T17:22:12.819+0000] {processor.py:840} INFO - DAG(s) 'tutorial' retrieved from /home/airflow/.local/lib/python3.12/site-packages/airflow/example_dags/tutorial.py
[2024-07-18T17:22:12.842+0000] {logging_mixin.py:188} INFO - [2024-07-18T17:22:12.842+0000] {dag.py:3089} INFO - Sync 1 DAGs
[2024-07-18T17:22:12.865+0000] {logging_mixin.py:188} INFO - [2024-07-18T17:22:12.865+0000] {dag.py:3947} INFO - Setting next_dagrun for tutorial to 2024-07-17 00:00:00+00:00, run_after=2024-07-18 00:00:00+00:00
[2024-07-18T17:22:12.885+0000] {processor.py:183} INFO - Processing /home/airflow/.local/lib/python3.12/site-packages/airflow/example_dags/tutorial.py took 0.082 seconds
[2024-07-18T17:22:43.839+0000] {processor.py:161} INFO - Started process (PID=5034) to work on /home/airflow/.local/lib/python3.12/site-packages/airflow/example_dags/tutorial.py
[2024-07-18T17:22:43.840+0000] {processor.py:830} INFO - Processing file /home/airflow/.local/lib/python3.12/site-packages/airflow/example_dags/tutorial.py for tasks to queue
[2024-07-18T17:22:43.841+0000] {logging_mixin.py:188} INFO - [2024-07-18T17:22:43.840+0000] {dagbag.py:545} INFO - Filling up the DagBag from /home/airflow/.local/lib/python3.12/site-packages/airflow/example_dags/tutorial.py
[2024-07-18T17:22:43.848+0000] {processor.py:840} INFO - DAG(s) 'tutorial' retrieved from /home/airflow/.local/lib/python3.12/site-packages/airflow/example_dags/tutorial.py
[2024-07-18T17:22:43.870+0000] {logging_mixin.py:188} INFO - [2024-07-18T17:22:43.870+0000] {dag.py:3089} INFO - Sync 1 DAGs
[2024-07-18T17:22:43.893+0000] {logging_mixin.py:188} INFO - [2024-07-18T17:22:43.893+0000] {dag.py:3947} INFO - Setting next_dagrun for tutorial to 2024-07-17 00:00:00+00:00, run_after=2024-07-18 00:00:00+00:00
[2024-07-18T17:22:43.917+0000] {processor.py:183} INFO - Processing /home/airflow/.local/lib/python3.12/site-packages/airflow/example_dags/tutorial.py took 0.085 seconds
[2024-07-18T17:23:14.945+0000] {processor.py:161} INFO - Started process (PID=5094) to work on /home/airflow/.local/lib/python3.12/site-packages/airflow/example_dags/tutorial.py
[2024-07-18T17:23:14.946+0000] {processor.py:830} INFO - Processing file /home/airflow/.local/lib/python3.12/site-packages/airflow/example_dags/tutorial.py for tasks to queue
[2024-07-18T17:23:14.948+0000] {logging_mixin.py:188} INFO - [2024-07-18T17:23:14.947+0000] {dagbag.py:545} INFO - Filling up the DagBag from /home/airflow/.local/lib/python3.12/site-packages/airflow/example_dags/tutorial.py
[2024-07-18T17:23:14.955+0000] {processor.py:840} INFO - DAG(s) 'tutorial' retrieved from /home/airflow/.local/lib/python3.12/site-packages/airflow/example_dags/tutorial.py
[2024-07-18T17:23:14.978+0000] {logging_mixin.py:188} INFO - [2024-07-18T17:23:14.978+0000] {dag.py:3089} INFO - Sync 1 DAGs
[2024-07-18T17:23:15.000+0000] {logging_mixin.py:188} INFO - [2024-07-18T17:23:15.000+0000] {dag.py:3947} INFO - Setting next_dagrun for tutorial to 2024-07-17 00:00:00+00:00, run_after=2024-07-18 00:00:00+00:00
[2024-07-18T17:23:15.019+0000] {processor.py:183} INFO - Processing /home/airflow/.local/lib/python3.12/site-packages/airflow/example_dags/tutorial.py took 0.081 seconds
[2024-07-18T17:23:45.273+0000] {processor.py:161} INFO - Started process (PID=5154) to work on /home/airflow/.local/lib/python3.12/site-packages/airflow/example_dags/tutorial.py
[2024-07-18T17:23:45.274+0000] {processor.py:830} INFO - Processing file /home/airflow/.local/lib/python3.12/site-packages/airflow/example_dags/tutorial.py for tasks to queue
[2024-07-18T17:23:45.275+0000] {logging_mixin.py:188} INFO - [2024-07-18T17:23:45.275+0000] {dagbag.py:545} INFO - Filling up the DagBag from /home/airflow/.local/lib/python3.12/site-packages/airflow/example_dags/tutorial.py
[2024-07-18T17:23:45.282+0000] {processor.py:840} INFO - DAG(s) 'tutorial' retrieved from /home/airflow/.local/lib/python3.12/site-packages/airflow/example_dags/tutorial.py
[2024-07-18T17:23:45.304+0000] {logging_mixin.py:188} INFO - [2024-07-18T17:23:45.304+0000] {dag.py:3089} INFO - Sync 1 DAGs
[2024-07-18T17:23:45.325+0000] {logging_mixin.py:188} INFO - [2024-07-18T17:23:45.325+0000] {dag.py:3947} INFO - Setting next_dagrun for tutorial to 2024-07-17 00:00:00+00:00, run_after=2024-07-18 00:00:00+00:00
[2024-07-18T17:23:45.345+0000] {processor.py:183} INFO - Processing /home/airflow/.local/lib/python3.12/site-packages/airflow/example_dags/tutorial.py took 0.079 seconds
[2024-07-18T17:33:24.503+0000] {processor.py:161} INFO - Started process (PID=5215) to work on /home/airflow/.local/lib/python3.12/site-packages/airflow/example_dags/tutorial.py
[2024-07-18T17:33:24.504+0000] {processor.py:830} INFO - Processing file /home/airflow/.local/lib/python3.12/site-packages/airflow/example_dags/tutorial.py for tasks to queue
[2024-07-18T17:33:24.506+0000] {logging_mixin.py:188} INFO - [2024-07-18T17:33:24.505+0000] {dagbag.py:545} INFO - Filling up the DagBag from /home/airflow/.local/lib/python3.12/site-packages/airflow/example_dags/tutorial.py
[2024-07-18T17:33:24.515+0000] {processor.py:840} INFO - DAG(s) 'tutorial' retrieved from /home/airflow/.local/lib/python3.12/site-packages/airflow/example_dags/tutorial.py
[2024-07-18T17:33:24.548+0000] {logging_mixin.py:188} INFO - [2024-07-18T17:33:24.547+0000] {dag.py:3089} INFO - Sync 1 DAGs
[2024-07-18T17:33:24.616+0000] {logging_mixin.py:188} INFO - [2024-07-18T17:33:24.616+0000] {dag.py:3947} INFO - Setting next_dagrun for tutorial to 2024-07-17 00:00:00+00:00, run_after=2024-07-18 00:00:00+00:00
[2024-07-18T17:33:24.636+0000] {processor.py:183} INFO - Processing /home/airflow/.local/lib/python3.12/site-packages/airflow/example_dags/tutorial.py took 0.141 seconds
[2024-07-18T17:34:00.898+0000] {processor.py:161} INFO - Started process (PID=5275) to work on /home/airflow/.local/lib/python3.12/site-packages/airflow/example_dags/tutorial.py
[2024-07-18T17:34:00.899+0000] {processor.py:830} INFO - Processing file /home/airflow/.local/lib/python3.12/site-packages/airflow/example_dags/tutorial.py for tasks to queue
[2024-07-18T17:34:00.901+0000] {logging_mixin.py:188} INFO - [2024-07-18T17:34:00.900+0000] {dagbag.py:545} INFO - Filling up the DagBag from /home/airflow/.local/lib/python3.12/site-packages/airflow/example_dags/tutorial.py
[2024-07-18T17:34:00.910+0000] {processor.py:840} INFO - DAG(s) 'tutorial' retrieved from /home/airflow/.local/lib/python3.12/site-packages/airflow/example_dags/tutorial.py
[2024-07-18T17:34:00.938+0000] {logging_mixin.py:188} INFO - [2024-07-18T17:34:00.938+0000] {dag.py:3089} INFO - Sync 1 DAGs
[2024-07-18T17:34:00.967+0000] {logging_mixin.py:188} INFO - [2024-07-18T17:34:00.967+0000] {dag.py:3947} INFO - Setting next_dagrun for tutorial to 2024-07-17 00:00:00+00:00, run_after=2024-07-18 00:00:00+00:00
[2024-07-18T17:34:01.038+0000] {processor.py:183} INFO - Processing /home/airflow/.local/lib/python3.12/site-packages/airflow/example_dags/tutorial.py took 0.148 seconds
[2024-07-18T17:34:46.732+0000] {processor.py:161} INFO - Started process (PID=5334) to work on /home/airflow/.local/lib/python3.12/site-packages/airflow/example_dags/tutorial.py
[2024-07-18T17:34:46.733+0000] {processor.py:830} INFO - Processing file /home/airflow/.local/lib/python3.12/site-packages/airflow/example_dags/tutorial.py for tasks to queue
[2024-07-18T17:34:46.735+0000] {logging_mixin.py:188} INFO - [2024-07-18T17:34:46.734+0000] {dagbag.py:545} INFO - Filling up the DagBag from /home/airflow/.local/lib/python3.12/site-packages/airflow/example_dags/tutorial.py
[2024-07-18T17:34:46.745+0000] {processor.py:840} INFO - DAG(s) 'tutorial' retrieved from /home/airflow/.local/lib/python3.12/site-packages/airflow/example_dags/tutorial.py
[2024-07-18T17:34:46.772+0000] {logging_mixin.py:188} INFO - [2024-07-18T17:34:46.771+0000] {dag.py:3089} INFO - Sync 1 DAGs
[2024-07-18T17:34:46.797+0000] {logging_mixin.py:188} INFO - [2024-07-18T17:34:46.797+0000] {dag.py:3947} INFO - Setting next_dagrun for tutorial to 2024-07-17 00:00:00+00:00, run_after=2024-07-18 00:00:00+00:00
[2024-07-18T17:34:46.820+0000] {processor.py:183} INFO - Processing /home/airflow/.local/lib/python3.12/site-packages/airflow/example_dags/tutorial.py took 0.097 seconds
[2024-07-18T17:35:22.344+0000] {processor.py:161} INFO - Started process (PID=5400) to work on /home/airflow/.local/lib/python3.12/site-packages/airflow/example_dags/tutorial.py
[2024-07-18T17:35:22.346+0000] {processor.py:830} INFO - Processing file /home/airflow/.local/lib/python3.12/site-packages/airflow/example_dags/tutorial.py for tasks to queue
[2024-07-18T17:35:22.347+0000] {logging_mixin.py:188} INFO - [2024-07-18T17:35:22.347+0000] {dagbag.py:545} INFO - Filling up the DagBag from /home/airflow/.local/lib/python3.12/site-packages/airflow/example_dags/tutorial.py
[2024-07-18T17:35:22.354+0000] {processor.py:840} INFO - DAG(s) 'tutorial' retrieved from /home/airflow/.local/lib/python3.12/site-packages/airflow/example_dags/tutorial.py
[2024-07-18T17:35:22.378+0000] {logging_mixin.py:188} INFO - [2024-07-18T17:35:22.378+0000] {dag.py:3089} INFO - Sync 1 DAGs
[2024-07-18T17:35:22.404+0000] {logging_mixin.py:188} INFO - [2024-07-18T17:35:22.404+0000] {dag.py:3947} INFO - Setting next_dagrun for tutorial to 2024-07-17 00:00:00+00:00, run_after=2024-07-18 00:00:00+00:00
[2024-07-18T17:35:22.424+0000] {processor.py:183} INFO - Processing /home/airflow/.local/lib/python3.12/site-packages/airflow/example_dags/tutorial.py took 0.086 seconds
[2024-07-18T17:41:28.166+0000] {processor.py:161} INFO - Started process (PID=5460) to work on /home/airflow/.local/lib/python3.12/site-packages/airflow/example_dags/tutorial.py
[2024-07-18T17:41:28.167+0000] {processor.py:830} INFO - Processing file /home/airflow/.local/lib/python3.12/site-packages/airflow/example_dags/tutorial.py for tasks to queue
[2024-07-18T17:41:28.169+0000] {logging_mixin.py:188} INFO - [2024-07-18T17:41:28.168+0000] {dagbag.py:545} INFO - Filling up the DagBag from /home/airflow/.local/lib/python3.12/site-packages/airflow/example_dags/tutorial.py
[2024-07-18T17:41:28.176+0000] {processor.py:840} INFO - DAG(s) 'tutorial' retrieved from /home/airflow/.local/lib/python3.12/site-packages/airflow/example_dags/tutorial.py
[2024-07-18T17:41:28.200+0000] {logging_mixin.py:188} INFO - [2024-07-18T17:41:28.200+0000] {dag.py:3089} INFO - Sync 1 DAGs
[2024-07-18T17:41:28.222+0000] {logging_mixin.py:188} INFO - [2024-07-18T17:41:28.222+0000] {dag.py:3947} INFO - Setting next_dagrun for tutorial to 2024-07-17 00:00:00+00:00, run_after=2024-07-18 00:00:00+00:00
[2024-07-18T17:41:28.242+0000] {processor.py:183} INFO - Processing /home/airflow/.local/lib/python3.12/site-packages/airflow/example_dags/tutorial.py took 0.082 seconds
[2024-07-18T17:44:42.296+0000] {processor.py:161} INFO - Started process (PID=5525) to work on /home/airflow/.local/lib/python3.12/site-packages/airflow/example_dags/tutorial.py
[2024-07-18T17:44:42.297+0000] {processor.py:830} INFO - Processing file /home/airflow/.local/lib/python3.12/site-packages/airflow/example_dags/tutorial.py for tasks to queue
[2024-07-18T17:44:42.298+0000] {logging_mixin.py:188} INFO - [2024-07-18T17:44:42.298+0000] {dagbag.py:545} INFO - Filling up the DagBag from /home/airflow/.local/lib/python3.12/site-packages/airflow/example_dags/tutorial.py
[2024-07-18T17:44:42.306+0000] {processor.py:840} INFO - DAG(s) 'tutorial' retrieved from /home/airflow/.local/lib/python3.12/site-packages/airflow/example_dags/tutorial.py
[2024-07-18T17:44:42.330+0000] {logging_mixin.py:188} INFO - [2024-07-18T17:44:42.330+0000] {dag.py:3089} INFO - Sync 1 DAGs
[2024-07-18T17:44:42.354+0000] {logging_mixin.py:188} INFO - [2024-07-18T17:44:42.354+0000] {dag.py:3947} INFO - Setting next_dagrun for tutorial to 2024-07-17 00:00:00+00:00, run_after=2024-07-18 00:00:00+00:00
[2024-07-18T17:44:42.375+0000] {processor.py:183} INFO - Processing /home/airflow/.local/lib/python3.12/site-packages/airflow/example_dags/tutorial.py took 0.086 seconds
[2024-07-18T17:47:02.067+0000] {processor.py:161} INFO - Started process (PID=5585) to work on /home/airflow/.local/lib/python3.12/site-packages/airflow/example_dags/tutorial.py
[2024-07-18T17:47:02.068+0000] {processor.py:830} INFO - Processing file /home/airflow/.local/lib/python3.12/site-packages/airflow/example_dags/tutorial.py for tasks to queue
[2024-07-18T17:47:02.070+0000] {logging_mixin.py:188} INFO - [2024-07-18T17:47:02.069+0000] {dagbag.py:545} INFO - Filling up the DagBag from /home/airflow/.local/lib/python3.12/site-packages/airflow/example_dags/tutorial.py
[2024-07-18T17:47:02.078+0000] {processor.py:840} INFO - DAG(s) 'tutorial' retrieved from /home/airflow/.local/lib/python3.12/site-packages/airflow/example_dags/tutorial.py
[2024-07-18T17:47:02.194+0000] {logging_mixin.py:188} INFO - [2024-07-18T17:47:02.194+0000] {dag.py:3089} INFO - Sync 1 DAGs
[2024-07-18T17:47:02.219+0000] {logging_mixin.py:188} INFO - [2024-07-18T17:47:02.218+0000] {dag.py:3947} INFO - Setting next_dagrun for tutorial to 2024-07-17 00:00:00+00:00, run_after=2024-07-18 00:00:00+00:00
[2024-07-18T17:47:02.242+0000] {processor.py:183} INFO - Processing /home/airflow/.local/lib/python3.12/site-packages/airflow/example_dags/tutorial.py took 0.183 seconds
[2024-07-18T17:53:31.490+0000] {processor.py:161} INFO - Started process (PID=5645) to work on /home/airflow/.local/lib/python3.12/site-packages/airflow/example_dags/tutorial.py
[2024-07-18T17:53:31.491+0000] {processor.py:830} INFO - Processing file /home/airflow/.local/lib/python3.12/site-packages/airflow/example_dags/tutorial.py for tasks to queue
[2024-07-18T17:53:31.492+0000] {logging_mixin.py:188} INFO - [2024-07-18T17:53:31.492+0000] {dagbag.py:545} INFO - Filling up the DagBag from /home/airflow/.local/lib/python3.12/site-packages/airflow/example_dags/tutorial.py
[2024-07-18T17:53:31.501+0000] {processor.py:840} INFO - DAG(s) 'tutorial' retrieved from /home/airflow/.local/lib/python3.12/site-packages/airflow/example_dags/tutorial.py
[2024-07-18T17:53:31.528+0000] {logging_mixin.py:188} INFO - [2024-07-18T17:53:31.528+0000] {dag.py:3089} INFO - Sync 1 DAGs
[2024-07-18T17:53:31.553+0000] {logging_mixin.py:188} INFO - [2024-07-18T17:53:31.553+0000] {dag.py:3947} INFO - Setting next_dagrun for tutorial to 2024-07-17 00:00:00+00:00, run_after=2024-07-18 00:00:00+00:00
[2024-07-18T17:53:31.579+0000] {processor.py:183} INFO - Processing /home/airflow/.local/lib/python3.12/site-packages/airflow/example_dags/tutorial.py took 0.097 seconds
[2024-07-18T18:42:29.918+0000] {processor.py:161} INFO - Started process (PID=5705) to work on /home/airflow/.local/lib/python3.12/site-packages/airflow/example_dags/tutorial.py
[2024-07-18T18:42:30.008+0000] {processor.py:830} INFO - Processing file /home/airflow/.local/lib/python3.12/site-packages/airflow/example_dags/tutorial.py for tasks to queue
[2024-07-18T18:42:30.010+0000] {logging_mixin.py:188} INFO - [2024-07-18T18:42:30.009+0000] {dagbag.py:545} INFO - Filling up the DagBag from /home/airflow/.local/lib/python3.12/site-packages/airflow/example_dags/tutorial.py
[2024-07-18T18:42:30.016+0000] {processor.py:840} INFO - DAG(s) 'tutorial' retrieved from /home/airflow/.local/lib/python3.12/site-packages/airflow/example_dags/tutorial.py
[2024-07-18T18:42:30.040+0000] {logging_mixin.py:188} INFO - [2024-07-18T18:42:30.039+0000] {dag.py:3089} INFO - Sync 1 DAGs
[2024-07-18T18:42:30.063+0000] {logging_mixin.py:188} INFO - [2024-07-18T18:42:30.062+0000] {dag.py:3947} INFO - Setting next_dagrun for tutorial to 2024-07-17 00:00:00+00:00, run_after=2024-07-18 00:00:00+00:00
[2024-07-18T18:42:30.084+0000] {processor.py:183} INFO - Processing /home/airflow/.local/lib/python3.12/site-packages/airflow/example_dags/tutorial.py took 0.174 seconds
[2024-07-18T21:44:06.983+0000] {processor.py:161} INFO - Started process (PID=5773) to work on /home/airflow/.local/lib/python3.12/site-packages/airflow/example_dags/tutorial.py
[2024-07-18T21:44:06.985+0000] {processor.py:830} INFO - Processing file /home/airflow/.local/lib/python3.12/site-packages/airflow/example_dags/tutorial.py for tasks to queue
[2024-07-18T21:44:06.988+0000] {logging_mixin.py:188} INFO - [2024-07-18T21:44:06.987+0000] {dagbag.py:545} INFO - Filling up the DagBag from /home/airflow/.local/lib/python3.12/site-packages/airflow/example_dags/tutorial.py
[2024-07-18T21:44:07.004+0000] {processor.py:840} INFO - DAG(s) 'tutorial' retrieved from /home/airflow/.local/lib/python3.12/site-packages/airflow/example_dags/tutorial.py
[2024-07-18T21:44:07.051+0000] {logging_mixin.py:188} INFO - [2024-07-18T21:44:07.050+0000] {dag.py:3089} INFO - Sync 1 DAGs
[2024-07-18T21:44:07.080+0000] {logging_mixin.py:188} INFO - [2024-07-18T21:44:07.080+0000] {dag.py:3947} INFO - Setting next_dagrun for tutorial to 2024-07-17 00:00:00+00:00, run_after=2024-07-18 00:00:00+00:00
[2024-07-18T21:44:07.103+0000] {processor.py:183} INFO - Processing /home/airflow/.local/lib/python3.12/site-packages/airflow/example_dags/tutorial.py took 0.133 seconds
[2024-07-18T22:38:01.860+0000] {processor.py:161} INFO - Started process (PID=5996) to work on /home/airflow/.local/lib/python3.12/site-packages/airflow/example_dags/tutorial.py
[2024-07-18T22:38:01.861+0000] {processor.py:830} INFO - Processing file /home/airflow/.local/lib/python3.12/site-packages/airflow/example_dags/tutorial.py for tasks to queue
[2024-07-18T22:38:01.862+0000] {logging_mixin.py:188} INFO - [2024-07-18T22:38:01.862+0000] {dagbag.py:545} INFO - Filling up the DagBag from /home/airflow/.local/lib/python3.12/site-packages/airflow/example_dags/tutorial.py
[2024-07-18T22:38:01.870+0000] {processor.py:840} INFO - DAG(s) 'tutorial' retrieved from /home/airflow/.local/lib/python3.12/site-packages/airflow/example_dags/tutorial.py
[2024-07-18T22:38:01.895+0000] {logging_mixin.py:188} INFO - [2024-07-18T22:38:01.894+0000] {dag.py:3089} INFO - Sync 1 DAGs
[2024-07-18T22:38:01.920+0000] {logging_mixin.py:188} INFO - [2024-07-18T22:38:01.920+0000] {dag.py:3947} INFO - Setting next_dagrun for tutorial to 2024-07-17 00:00:00+00:00, run_after=2024-07-18 00:00:00+00:00
[2024-07-18T22:38:01.940+0000] {processor.py:183} INFO - Processing /home/airflow/.local/lib/python3.12/site-packages/airflow/example_dags/tutorial.py took 0.087 seconds
