[2024-07-18T01:27:57.505+0000] {processor.py:161} INFO - Started process (PID=4430) to work on /home/airflow/.local/lib/python3.12/site-packages/airflow/example_dags/tutorial_dag.py
[2024-07-18T01:27:57.506+0000] {processor.py:830} INFO - Processing file /home/airflow/.local/lib/python3.12/site-packages/airflow/example_dags/tutorial_dag.py for tasks to queue
[2024-07-18T01:27:57.508+0000] {logging_mixin.py:188} INFO - [2024-07-18T01:27:57.507+0000] {dagbag.py:545} INFO - Filling up the DagBag from /home/airflow/.local/lib/python3.12/site-packages/airflow/example_dags/tutorial_dag.py
[2024-07-18T01:27:57.514+0000] {processor.py:840} INFO - DAG(s) 'tutorial_dag' retrieved from /home/airflow/.local/lib/python3.12/site-packages/airflow/example_dags/tutorial_dag.py
[2024-07-18T01:27:57.568+0000] {logging_mixin.py:188} INFO - [2024-07-18T01:27:57.568+0000] {dag.py:3089} INFO - Sync 1 DAGs
[2024-07-18T01:27:57.588+0000] {logging_mixin.py:188} INFO - [2024-07-18T01:27:57.587+0000] {dag.py:3947} INFO - Setting next_dagrun for tutorial_dag to None, run_after=None
[2024-07-18T01:27:57.612+0000] {processor.py:183} INFO - Processing /home/airflow/.local/lib/python3.12/site-packages/airflow/example_dags/tutorial_dag.py took 0.120 seconds
[2024-07-18T02:47:25.995+0000] {processor.py:161} INFO - Started process (PID=4490) to work on /home/airflow/.local/lib/python3.12/site-packages/airflow/example_dags/tutorial_dag.py
[2024-07-18T02:47:25.997+0000] {processor.py:830} INFO - Processing file /home/airflow/.local/lib/python3.12/site-packages/airflow/example_dags/tutorial_dag.py for tasks to queue
[2024-07-18T02:47:25.998+0000] {logging_mixin.py:188} INFO - [2024-07-18T02:47:25.998+0000] {dagbag.py:545} INFO - Filling up the DagBag from /home/airflow/.local/lib/python3.12/site-packages/airflow/example_dags/tutorial_dag.py
[2024-07-18T02:47:26.005+0000] {processor.py:840} INFO - DAG(s) 'tutorial_dag' retrieved from /home/airflow/.local/lib/python3.12/site-packages/airflow/example_dags/tutorial_dag.py
[2024-07-18T02:47:26.032+0000] {logging_mixin.py:188} INFO - [2024-07-18T02:47:26.032+0000] {dag.py:3089} INFO - Sync 1 DAGs
[2024-07-18T02:47:26.048+0000] {logging_mixin.py:188} INFO - [2024-07-18T02:47:26.048+0000] {dag.py:3947} INFO - Setting next_dagrun for tutorial_dag to None, run_after=None
[2024-07-18T02:47:26.109+0000] {processor.py:183} INFO - Processing /home/airflow/.local/lib/python3.12/site-packages/airflow/example_dags/tutorial_dag.py took 0.122 seconds
[2024-07-18T03:28:37.719+0000] {processor.py:161} INFO - Started process (PID=4550) to work on /home/airflow/.local/lib/python3.12/site-packages/airflow/example_dags/tutorial_dag.py
[2024-07-18T03:28:37.720+0000] {processor.py:830} INFO - Processing file /home/airflow/.local/lib/python3.12/site-packages/airflow/example_dags/tutorial_dag.py for tasks to queue
[2024-07-18T03:28:37.722+0000] {logging_mixin.py:188} INFO - [2024-07-18T03:28:37.721+0000] {dagbag.py:545} INFO - Filling up the DagBag from /home/airflow/.local/lib/python3.12/site-packages/airflow/example_dags/tutorial_dag.py
[2024-07-18T03:28:37.728+0000] {processor.py:840} INFO - DAG(s) 'tutorial_dag' retrieved from /home/airflow/.local/lib/python3.12/site-packages/airflow/example_dags/tutorial_dag.py
[2024-07-18T03:28:37.753+0000] {logging_mixin.py:188} INFO - [2024-07-18T03:28:37.752+0000] {dag.py:3089} INFO - Sync 1 DAGs
[2024-07-18T03:28:37.782+0000] {logging_mixin.py:188} INFO - [2024-07-18T03:28:37.782+0000] {dag.py:3947} INFO - Setting next_dagrun for tutorial_dag to None, run_after=None
[2024-07-18T03:28:37.805+0000] {processor.py:183} INFO - Processing /home/airflow/.local/lib/python3.12/site-packages/airflow/example_dags/tutorial_dag.py took 0.094 seconds
[2024-07-18T15:23:45.881+0000] {processor.py:161} INFO - Started process (PID=4610) to work on /home/airflow/.local/lib/python3.12/site-packages/airflow/example_dags/tutorial_dag.py
[2024-07-18T15:23:45.882+0000] {processor.py:830} INFO - Processing file /home/airflow/.local/lib/python3.12/site-packages/airflow/example_dags/tutorial_dag.py for tasks to queue
[2024-07-18T15:23:45.884+0000] {logging_mixin.py:188} INFO - [2024-07-18T15:23:45.883+0000] {dagbag.py:545} INFO - Filling up the DagBag from /home/airflow/.local/lib/python3.12/site-packages/airflow/example_dags/tutorial_dag.py
[2024-07-18T15:23:45.889+0000] {processor.py:840} INFO - DAG(s) 'tutorial_dag' retrieved from /home/airflow/.local/lib/python3.12/site-packages/airflow/example_dags/tutorial_dag.py
[2024-07-18T15:23:45.911+0000] {logging_mixin.py:188} INFO - [2024-07-18T15:23:45.911+0000] {dag.py:3089} INFO - Sync 1 DAGs
[2024-07-18T15:23:45.924+0000] {logging_mixin.py:188} INFO - [2024-07-18T15:23:45.924+0000] {dag.py:3947} INFO - Setting next_dagrun for tutorial_dag to None, run_after=None
[2024-07-18T15:23:45.967+0000] {processor.py:183} INFO - Processing /home/airflow/.local/lib/python3.12/site-packages/airflow/example_dags/tutorial_dag.py took 0.092 seconds
[2024-07-18T17:19:39.180+0000] {processor.py:161} INFO - Started process (PID=4670) to work on /home/airflow/.local/lib/python3.12/site-packages/airflow/example_dags/tutorial_dag.py
[2024-07-18T17:19:39.182+0000] {processor.py:830} INFO - Processing file /home/airflow/.local/lib/python3.12/site-packages/airflow/example_dags/tutorial_dag.py for tasks to queue
[2024-07-18T17:19:39.183+0000] {logging_mixin.py:188} INFO - [2024-07-18T17:19:39.183+0000] {dagbag.py:545} INFO - Filling up the DagBag from /home/airflow/.local/lib/python3.12/site-packages/airflow/example_dags/tutorial_dag.py
[2024-07-18T17:19:39.191+0000] {processor.py:840} INFO - DAG(s) 'tutorial_dag' retrieved from /home/airflow/.local/lib/python3.12/site-packages/airflow/example_dags/tutorial_dag.py
[2024-07-18T17:19:39.248+0000] {logging_mixin.py:188} INFO - [2024-07-18T17:19:39.248+0000] {dag.py:3089} INFO - Sync 1 DAGs
[2024-07-18T17:19:39.263+0000] {logging_mixin.py:188} INFO - [2024-07-18T17:19:39.263+0000] {dag.py:3947} INFO - Setting next_dagrun for tutorial_dag to None, run_after=None
[2024-07-18T17:19:39.286+0000] {processor.py:183} INFO - Processing /home/airflow/.local/lib/python3.12/site-packages/airflow/example_dags/tutorial_dag.py took 0.114 seconds
[2024-07-18T17:20:09.768+0000] {processor.py:161} INFO - Started process (PID=4730) to work on /home/airflow/.local/lib/python3.12/site-packages/airflow/example_dags/tutorial_dag.py
[2024-07-18T17:20:09.770+0000] {processor.py:830} INFO - Processing file /home/airflow/.local/lib/python3.12/site-packages/airflow/example_dags/tutorial_dag.py for tasks to queue
[2024-07-18T17:20:09.771+0000] {logging_mixin.py:188} INFO - [2024-07-18T17:20:09.771+0000] {dagbag.py:545} INFO - Filling up the DagBag from /home/airflow/.local/lib/python3.12/site-packages/airflow/example_dags/tutorial_dag.py
[2024-07-18T17:20:09.779+0000] {processor.py:840} INFO - DAG(s) 'tutorial_dag' retrieved from /home/airflow/.local/lib/python3.12/site-packages/airflow/example_dags/tutorial_dag.py
[2024-07-18T17:20:09.808+0000] {logging_mixin.py:188} INFO - [2024-07-18T17:20:09.807+0000] {dag.py:3089} INFO - Sync 1 DAGs
[2024-07-18T17:20:09.848+0000] {logging_mixin.py:188} INFO - [2024-07-18T17:20:09.848+0000] {dag.py:3947} INFO - Setting next_dagrun for tutorial_dag to None, run_after=None
[2024-07-18T17:20:09.871+0000] {processor.py:183} INFO - Processing /home/airflow/.local/lib/python3.12/site-packages/airflow/example_dags/tutorial_dag.py took 0.111 seconds
[2024-07-18T17:20:40.481+0000] {processor.py:161} INFO - Started process (PID=4789) to work on /home/airflow/.local/lib/python3.12/site-packages/airflow/example_dags/tutorial_dag.py
[2024-07-18T17:20:40.482+0000] {processor.py:830} INFO - Processing file /home/airflow/.local/lib/python3.12/site-packages/airflow/example_dags/tutorial_dag.py for tasks to queue
[2024-07-18T17:20:40.483+0000] {logging_mixin.py:188} INFO - [2024-07-18T17:20:40.483+0000] {dagbag.py:545} INFO - Filling up the DagBag from /home/airflow/.local/lib/python3.12/site-packages/airflow/example_dags/tutorial_dag.py
[2024-07-18T17:20:40.489+0000] {processor.py:840} INFO - DAG(s) 'tutorial_dag' retrieved from /home/airflow/.local/lib/python3.12/site-packages/airflow/example_dags/tutorial_dag.py
[2024-07-18T17:20:40.519+0000] {logging_mixin.py:188} INFO - [2024-07-18T17:20:40.518+0000] {dag.py:3089} INFO - Sync 1 DAGs
[2024-07-18T17:20:40.592+0000] {logging_mixin.py:188} INFO - [2024-07-18T17:20:40.591+0000] {dag.py:3947} INFO - Setting next_dagrun for tutorial_dag to None, run_after=None
[2024-07-18T17:20:40.618+0000] {processor.py:183} INFO - Processing /home/airflow/.local/lib/python3.12/site-packages/airflow/example_dags/tutorial_dag.py took 0.145 seconds
[2024-07-18T17:21:10.782+0000] {processor.py:161} INFO - Started process (PID=4849) to work on /home/airflow/.local/lib/python3.12/site-packages/airflow/example_dags/tutorial_dag.py
[2024-07-18T17:21:10.784+0000] {processor.py:830} INFO - Processing file /home/airflow/.local/lib/python3.12/site-packages/airflow/example_dags/tutorial_dag.py for tasks to queue
[2024-07-18T17:21:10.785+0000] {logging_mixin.py:188} INFO - [2024-07-18T17:21:10.785+0000] {dagbag.py:545} INFO - Filling up the DagBag from /home/airflow/.local/lib/python3.12/site-packages/airflow/example_dags/tutorial_dag.py
[2024-07-18T17:21:10.792+0000] {processor.py:840} INFO - DAG(s) 'tutorial_dag' retrieved from /home/airflow/.local/lib/python3.12/site-packages/airflow/example_dags/tutorial_dag.py
[2024-07-18T17:21:10.820+0000] {logging_mixin.py:188} INFO - [2024-07-18T17:21:10.820+0000] {dag.py:3089} INFO - Sync 1 DAGs
[2024-07-18T17:21:10.840+0000] {logging_mixin.py:188} INFO - [2024-07-18T17:21:10.839+0000] {dag.py:3947} INFO - Setting next_dagrun for tutorial_dag to None, run_after=None
[2024-07-18T17:21:10.909+0000] {processor.py:183} INFO - Processing /home/airflow/.local/lib/python3.12/site-packages/airflow/example_dags/tutorial_dag.py took 0.134 seconds
[2024-07-18T17:21:41.211+0000] {processor.py:161} INFO - Started process (PID=4909) to work on /home/airflow/.local/lib/python3.12/site-packages/airflow/example_dags/tutorial_dag.py
[2024-07-18T17:21:41.212+0000] {processor.py:830} INFO - Processing file /home/airflow/.local/lib/python3.12/site-packages/airflow/example_dags/tutorial_dag.py for tasks to queue
[2024-07-18T17:21:41.213+0000] {logging_mixin.py:188} INFO - [2024-07-18T17:21:41.213+0000] {dagbag.py:545} INFO - Filling up the DagBag from /home/airflow/.local/lib/python3.12/site-packages/airflow/example_dags/tutorial_dag.py
[2024-07-18T17:21:41.219+0000] {processor.py:840} INFO - DAG(s) 'tutorial_dag' retrieved from /home/airflow/.local/lib/python3.12/site-packages/airflow/example_dags/tutorial_dag.py
[2024-07-18T17:21:41.242+0000] {logging_mixin.py:188} INFO - [2024-07-18T17:21:41.242+0000] {dag.py:3089} INFO - Sync 1 DAGs
[2024-07-18T17:21:41.257+0000] {logging_mixin.py:188} INFO - [2024-07-18T17:21:41.257+0000] {dag.py:3947} INFO - Setting next_dagrun for tutorial_dag to None, run_after=None
[2024-07-18T17:21:41.277+0000] {processor.py:183} INFO - Processing /home/airflow/.local/lib/python3.12/site-packages/airflow/example_dags/tutorial_dag.py took 0.073 seconds
[2024-07-18T17:22:12.211+0000] {processor.py:161} INFO - Started process (PID=4969) to work on /home/airflow/.local/lib/python3.12/site-packages/airflow/example_dags/tutorial_dag.py
[2024-07-18T17:22:12.212+0000] {processor.py:830} INFO - Processing file /home/airflow/.local/lib/python3.12/site-packages/airflow/example_dags/tutorial_dag.py for tasks to queue
[2024-07-18T17:22:12.213+0000] {logging_mixin.py:188} INFO - [2024-07-18T17:22:12.213+0000] {dagbag.py:545} INFO - Filling up the DagBag from /home/airflow/.local/lib/python3.12/site-packages/airflow/example_dags/tutorial_dag.py
[2024-07-18T17:22:12.219+0000] {processor.py:840} INFO - DAG(s) 'tutorial_dag' retrieved from /home/airflow/.local/lib/python3.12/site-packages/airflow/example_dags/tutorial_dag.py
[2024-07-18T17:22:12.242+0000] {logging_mixin.py:188} INFO - [2024-07-18T17:22:12.242+0000] {dag.py:3089} INFO - Sync 1 DAGs
[2024-07-18T17:22:12.258+0000] {logging_mixin.py:188} INFO - [2024-07-18T17:22:12.257+0000] {dag.py:3947} INFO - Setting next_dagrun for tutorial_dag to None, run_after=None
[2024-07-18T17:22:12.278+0000] {processor.py:183} INFO - Processing /home/airflow/.local/lib/python3.12/site-packages/airflow/example_dags/tutorial_dag.py took 0.074 seconds
[2024-07-18T17:22:43.382+0000] {processor.py:161} INFO - Started process (PID=5028) to work on /home/airflow/.local/lib/python3.12/site-packages/airflow/example_dags/tutorial_dag.py
[2024-07-18T17:22:43.384+0000] {processor.py:830} INFO - Processing file /home/airflow/.local/lib/python3.12/site-packages/airflow/example_dags/tutorial_dag.py for tasks to queue
[2024-07-18T17:22:43.388+0000] {logging_mixin.py:188} INFO - [2024-07-18T17:22:43.386+0000] {dagbag.py:545} INFO - Filling up the DagBag from /home/airflow/.local/lib/python3.12/site-packages/airflow/example_dags/tutorial_dag.py
[2024-07-18T17:22:43.400+0000] {processor.py:840} INFO - DAG(s) 'tutorial_dag' retrieved from /home/airflow/.local/lib/python3.12/site-packages/airflow/example_dags/tutorial_dag.py
[2024-07-18T17:22:43.445+0000] {logging_mixin.py:188} INFO - [2024-07-18T17:22:43.445+0000] {dag.py:3089} INFO - Sync 1 DAGs
[2024-07-18T17:22:43.523+0000] {logging_mixin.py:188} INFO - [2024-07-18T17:22:43.522+0000] {dag.py:3947} INFO - Setting next_dagrun for tutorial_dag to None, run_after=None
[2024-07-18T17:22:43.545+0000] {processor.py:183} INFO - Processing /home/airflow/.local/lib/python3.12/site-packages/airflow/example_dags/tutorial_dag.py took 0.179 seconds
[2024-07-18T17:23:14.448+0000] {processor.py:161} INFO - Started process (PID=5088) to work on /home/airflow/.local/lib/python3.12/site-packages/airflow/example_dags/tutorial_dag.py
[2024-07-18T17:23:14.449+0000] {processor.py:830} INFO - Processing file /home/airflow/.local/lib/python3.12/site-packages/airflow/example_dags/tutorial_dag.py for tasks to queue
[2024-07-18T17:23:14.450+0000] {logging_mixin.py:188} INFO - [2024-07-18T17:23:14.450+0000] {dagbag.py:545} INFO - Filling up the DagBag from /home/airflow/.local/lib/python3.12/site-packages/airflow/example_dags/tutorial_dag.py
[2024-07-18T17:23:14.457+0000] {processor.py:840} INFO - DAG(s) 'tutorial_dag' retrieved from /home/airflow/.local/lib/python3.12/site-packages/airflow/example_dags/tutorial_dag.py
[2024-07-18T17:23:14.481+0000] {logging_mixin.py:188} INFO - [2024-07-18T17:23:14.481+0000] {dag.py:3089} INFO - Sync 1 DAGs
[2024-07-18T17:23:14.495+0000] {logging_mixin.py:188} INFO - [2024-07-18T17:23:14.495+0000] {dag.py:3947} INFO - Setting next_dagrun for tutorial_dag to None, run_after=None
[2024-07-18T17:23:14.514+0000] {processor.py:183} INFO - Processing /home/airflow/.local/lib/python3.12/site-packages/airflow/example_dags/tutorial_dag.py took 0.074 seconds
[2024-07-18T17:23:44.954+0000] {processor.py:161} INFO - Started process (PID=5148) to work on /home/airflow/.local/lib/python3.12/site-packages/airflow/example_dags/tutorial_dag.py
[2024-07-18T17:23:44.955+0000] {processor.py:830} INFO - Processing file /home/airflow/.local/lib/python3.12/site-packages/airflow/example_dags/tutorial_dag.py for tasks to queue
[2024-07-18T17:23:44.956+0000] {logging_mixin.py:188} INFO - [2024-07-18T17:23:44.956+0000] {dagbag.py:545} INFO - Filling up the DagBag from /home/airflow/.local/lib/python3.12/site-packages/airflow/example_dags/tutorial_dag.py
[2024-07-18T17:23:44.962+0000] {processor.py:840} INFO - DAG(s) 'tutorial_dag' retrieved from /home/airflow/.local/lib/python3.12/site-packages/airflow/example_dags/tutorial_dag.py
[2024-07-18T17:23:44.985+0000] {logging_mixin.py:188} INFO - [2024-07-18T17:23:44.985+0000] {dag.py:3089} INFO - Sync 1 DAGs
[2024-07-18T17:23:44.999+0000] {logging_mixin.py:188} INFO - [2024-07-18T17:23:44.999+0000] {dag.py:3947} INFO - Setting next_dagrun for tutorial_dag to None, run_after=None
[2024-07-18T17:23:45.022+0000] {processor.py:183} INFO - Processing /home/airflow/.local/lib/python3.12/site-packages/airflow/example_dags/tutorial_dag.py took 0.076 seconds
[2024-07-18T17:33:23.728+0000] {processor.py:161} INFO - Started process (PID=5209) to work on /home/airflow/.local/lib/python3.12/site-packages/airflow/example_dags/tutorial_dag.py
[2024-07-18T17:33:23.730+0000] {processor.py:830} INFO - Processing file /home/airflow/.local/lib/python3.12/site-packages/airflow/example_dags/tutorial_dag.py for tasks to queue
[2024-07-18T17:33:23.731+0000] {logging_mixin.py:188} INFO - [2024-07-18T17:33:23.731+0000] {dagbag.py:545} INFO - Filling up the DagBag from /home/airflow/.local/lib/python3.12/site-packages/airflow/example_dags/tutorial_dag.py
[2024-07-18T17:33:23.736+0000] {processor.py:840} INFO - DAG(s) 'tutorial_dag' retrieved from /home/airflow/.local/lib/python3.12/site-packages/airflow/example_dags/tutorial_dag.py
[2024-07-18T17:33:23.789+0000] {logging_mixin.py:188} INFO - [2024-07-18T17:33:23.789+0000] {dag.py:3089} INFO - Sync 1 DAGs
[2024-07-18T17:33:23.840+0000] {logging_mixin.py:188} INFO - [2024-07-18T17:33:23.840+0000] {dag.py:3947} INFO - Setting next_dagrun for tutorial_dag to None, run_after=None
[2024-07-18T17:33:23.865+0000] {processor.py:183} INFO - Processing /home/airflow/.local/lib/python3.12/site-packages/airflow/example_dags/tutorial_dag.py took 0.143 seconds
[2024-07-18T17:34:00.379+0000] {processor.py:161} INFO - Started process (PID=5269) to work on /home/airflow/.local/lib/python3.12/site-packages/airflow/example_dags/tutorial_dag.py
[2024-07-18T17:34:00.380+0000] {processor.py:830} INFO - Processing file /home/airflow/.local/lib/python3.12/site-packages/airflow/example_dags/tutorial_dag.py for tasks to queue
[2024-07-18T17:34:00.382+0000] {logging_mixin.py:188} INFO - [2024-07-18T17:34:00.382+0000] {dagbag.py:545} INFO - Filling up the DagBag from /home/airflow/.local/lib/python3.12/site-packages/airflow/example_dags/tutorial_dag.py
[2024-07-18T17:34:00.389+0000] {processor.py:840} INFO - DAG(s) 'tutorial_dag' retrieved from /home/airflow/.local/lib/python3.12/site-packages/airflow/example_dags/tutorial_dag.py
[2024-07-18T17:34:00.417+0000] {logging_mixin.py:188} INFO - [2024-07-18T17:34:00.417+0000] {dag.py:3089} INFO - Sync 1 DAGs
[2024-07-18T17:34:00.434+0000] {logging_mixin.py:188} INFO - [2024-07-18T17:34:00.434+0000] {dag.py:3947} INFO - Setting next_dagrun for tutorial_dag to None, run_after=None
[2024-07-18T17:34:00.457+0000] {processor.py:183} INFO - Processing /home/airflow/.local/lib/python3.12/site-packages/airflow/example_dags/tutorial_dag.py took 0.087 seconds
[2024-07-18T17:34:46.153+0000] {processor.py:161} INFO - Started process (PID=5328) to work on /home/airflow/.local/lib/python3.12/site-packages/airflow/example_dags/tutorial_dag.py
[2024-07-18T17:34:46.155+0000] {processor.py:830} INFO - Processing file /home/airflow/.local/lib/python3.12/site-packages/airflow/example_dags/tutorial_dag.py for tasks to queue
[2024-07-18T17:34:46.157+0000] {logging_mixin.py:188} INFO - [2024-07-18T17:34:46.156+0000] {dagbag.py:545} INFO - Filling up the DagBag from /home/airflow/.local/lib/python3.12/site-packages/airflow/example_dags/tutorial_dag.py
[2024-07-18T17:34:46.165+0000] {processor.py:840} INFO - DAG(s) 'tutorial_dag' retrieved from /home/airflow/.local/lib/python3.12/site-packages/airflow/example_dags/tutorial_dag.py
[2024-07-18T17:34:46.207+0000] {logging_mixin.py:188} INFO - [2024-07-18T17:34:46.207+0000] {dag.py:3089} INFO - Sync 1 DAGs
[2024-07-18T17:34:46.233+0000] {logging_mixin.py:188} INFO - [2024-07-18T17:34:46.233+0000] {dag.py:3947} INFO - Setting next_dagrun for tutorial_dag to None, run_after=None
[2024-07-18T17:34:46.298+0000] {processor.py:183} INFO - Processing /home/airflow/.local/lib/python3.12/site-packages/airflow/example_dags/tutorial_dag.py took 0.153 seconds
[2024-07-18T17:35:21.752+0000] {processor.py:161} INFO - Started process (PID=5394) to work on /home/airflow/.local/lib/python3.12/site-packages/airflow/example_dags/tutorial_dag.py
[2024-07-18T17:35:21.753+0000] {processor.py:830} INFO - Processing file /home/airflow/.local/lib/python3.12/site-packages/airflow/example_dags/tutorial_dag.py for tasks to queue
[2024-07-18T17:35:21.754+0000] {logging_mixin.py:188} INFO - [2024-07-18T17:35:21.754+0000] {dagbag.py:545} INFO - Filling up the DagBag from /home/airflow/.local/lib/python3.12/site-packages/airflow/example_dags/tutorial_dag.py
[2024-07-18T17:35:21.760+0000] {processor.py:840} INFO - DAG(s) 'tutorial_dag' retrieved from /home/airflow/.local/lib/python3.12/site-packages/airflow/example_dags/tutorial_dag.py
[2024-07-18T17:35:21.784+0000] {logging_mixin.py:188} INFO - [2024-07-18T17:35:21.783+0000] {dag.py:3089} INFO - Sync 1 DAGs
[2024-07-18T17:35:21.798+0000] {logging_mixin.py:188} INFO - [2024-07-18T17:35:21.798+0000] {dag.py:3947} INFO - Setting next_dagrun for tutorial_dag to None, run_after=None
[2024-07-18T17:35:21.820+0000] {processor.py:183} INFO - Processing /home/airflow/.local/lib/python3.12/site-packages/airflow/example_dags/tutorial_dag.py took 0.076 seconds
[2024-07-18T17:41:27.526+0000] {processor.py:161} INFO - Started process (PID=5454) to work on /home/airflow/.local/lib/python3.12/site-packages/airflow/example_dags/tutorial_dag.py
[2024-07-18T17:41:27.528+0000] {processor.py:830} INFO - Processing file /home/airflow/.local/lib/python3.12/site-packages/airflow/example_dags/tutorial_dag.py for tasks to queue
[2024-07-18T17:41:27.530+0000] {logging_mixin.py:188} INFO - [2024-07-18T17:41:27.529+0000] {dagbag.py:545} INFO - Filling up the DagBag from /home/airflow/.local/lib/python3.12/site-packages/airflow/example_dags/tutorial_dag.py
[2024-07-18T17:41:27.536+0000] {processor.py:840} INFO - DAG(s) 'tutorial_dag' retrieved from /home/airflow/.local/lib/python3.12/site-packages/airflow/example_dags/tutorial_dag.py
[2024-07-18T17:41:27.566+0000] {logging_mixin.py:188} INFO - [2024-07-18T17:41:27.566+0000] {dag.py:3089} INFO - Sync 1 DAGs
[2024-07-18T17:41:27.585+0000] {logging_mixin.py:188} INFO - [2024-07-18T17:41:27.585+0000] {dag.py:3947} INFO - Setting next_dagrun for tutorial_dag to None, run_after=None
[2024-07-18T17:41:27.616+0000] {processor.py:183} INFO - Processing /home/airflow/.local/lib/python3.12/site-packages/airflow/example_dags/tutorial_dag.py took 0.098 seconds
[2024-07-18T17:44:41.854+0000] {processor.py:161} INFO - Started process (PID=5519) to work on /home/airflow/.local/lib/python3.12/site-packages/airflow/example_dags/tutorial_dag.py
[2024-07-18T17:44:41.855+0000] {processor.py:830} INFO - Processing file /home/airflow/.local/lib/python3.12/site-packages/airflow/example_dags/tutorial_dag.py for tasks to queue
[2024-07-18T17:44:41.857+0000] {logging_mixin.py:188} INFO - [2024-07-18T17:44:41.856+0000] {dagbag.py:545} INFO - Filling up the DagBag from /home/airflow/.local/lib/python3.12/site-packages/airflow/example_dags/tutorial_dag.py
[2024-07-18T17:44:41.862+0000] {processor.py:840} INFO - DAG(s) 'tutorial_dag' retrieved from /home/airflow/.local/lib/python3.12/site-packages/airflow/example_dags/tutorial_dag.py
[2024-07-18T17:44:41.886+0000] {logging_mixin.py:188} INFO - [2024-07-18T17:44:41.886+0000] {dag.py:3089} INFO - Sync 1 DAGs
[2024-07-18T17:44:41.902+0000] {logging_mixin.py:188} INFO - [2024-07-18T17:44:41.902+0000] {dag.py:3947} INFO - Setting next_dagrun for tutorial_dag to None, run_after=None
[2024-07-18T17:44:41.924+0000] {processor.py:183} INFO - Processing /home/airflow/.local/lib/python3.12/site-packages/airflow/example_dags/tutorial_dag.py took 0.078 seconds
[2024-07-18T17:47:01.605+0000] {processor.py:161} INFO - Started process (PID=5579) to work on /home/airflow/.local/lib/python3.12/site-packages/airflow/example_dags/tutorial_dag.py
[2024-07-18T17:47:01.607+0000] {processor.py:830} INFO - Processing file /home/airflow/.local/lib/python3.12/site-packages/airflow/example_dags/tutorial_dag.py for tasks to queue
[2024-07-18T17:47:01.608+0000] {logging_mixin.py:188} INFO - [2024-07-18T17:47:01.608+0000] {dagbag.py:545} INFO - Filling up the DagBag from /home/airflow/.local/lib/python3.12/site-packages/airflow/example_dags/tutorial_dag.py
[2024-07-18T17:47:01.615+0000] {processor.py:840} INFO - DAG(s) 'tutorial_dag' retrieved from /home/airflow/.local/lib/python3.12/site-packages/airflow/example_dags/tutorial_dag.py
[2024-07-18T17:47:01.642+0000] {logging_mixin.py:188} INFO - [2024-07-18T17:47:01.641+0000] {dag.py:3089} INFO - Sync 1 DAGs
[2024-07-18T17:47:01.661+0000] {logging_mixin.py:188} INFO - [2024-07-18T17:47:01.661+0000] {dag.py:3947} INFO - Setting next_dagrun for tutorial_dag to None, run_after=None
[2024-07-18T17:47:01.692+0000] {processor.py:183} INFO - Processing /home/airflow/.local/lib/python3.12/site-packages/airflow/example_dags/tutorial_dag.py took 0.095 seconds
[2024-07-18T17:53:31.079+0000] {processor.py:161} INFO - Started process (PID=5639) to work on /home/airflow/.local/lib/python3.12/site-packages/airflow/example_dags/tutorial_dag.py
[2024-07-18T17:53:31.083+0000] {processor.py:830} INFO - Processing file /home/airflow/.local/lib/python3.12/site-packages/airflow/example_dags/tutorial_dag.py for tasks to queue
[2024-07-18T17:53:31.084+0000] {logging_mixin.py:188} INFO - [2024-07-18T17:53:31.084+0000] {dagbag.py:545} INFO - Filling up the DagBag from /home/airflow/.local/lib/python3.12/site-packages/airflow/example_dags/tutorial_dag.py
[2024-07-18T17:53:31.091+0000] {processor.py:840} INFO - DAG(s) 'tutorial_dag' retrieved from /home/airflow/.local/lib/python3.12/site-packages/airflow/example_dags/tutorial_dag.py
[2024-07-18T17:53:31.119+0000] {logging_mixin.py:188} INFO - [2024-07-18T17:53:31.119+0000] {dag.py:3089} INFO - Sync 1 DAGs
[2024-07-18T17:53:31.134+0000] {logging_mixin.py:188} INFO - [2024-07-18T17:53:31.134+0000] {dag.py:3947} INFO - Setting next_dagrun for tutorial_dag to None, run_after=None
[2024-07-18T17:53:31.160+0000] {processor.py:183} INFO - Processing /home/airflow/.local/lib/python3.12/site-packages/airflow/example_dags/tutorial_dag.py took 0.089 seconds
[2024-07-18T18:42:29.567+0000] {processor.py:161} INFO - Started process (PID=5699) to work on /home/airflow/.local/lib/python3.12/site-packages/airflow/example_dags/tutorial_dag.py
[2024-07-18T18:42:29.568+0000] {processor.py:830} INFO - Processing file /home/airflow/.local/lib/python3.12/site-packages/airflow/example_dags/tutorial_dag.py for tasks to queue
[2024-07-18T18:42:29.569+0000] {logging_mixin.py:188} INFO - [2024-07-18T18:42:29.569+0000] {dagbag.py:545} INFO - Filling up the DagBag from /home/airflow/.local/lib/python3.12/site-packages/airflow/example_dags/tutorial_dag.py
[2024-07-18T18:42:29.575+0000] {processor.py:840} INFO - DAG(s) 'tutorial_dag' retrieved from /home/airflow/.local/lib/python3.12/site-packages/airflow/example_dags/tutorial_dag.py
[2024-07-18T18:42:29.602+0000] {logging_mixin.py:188} INFO - [2024-07-18T18:42:29.601+0000] {dag.py:3089} INFO - Sync 1 DAGs
[2024-07-18T18:42:29.620+0000] {logging_mixin.py:188} INFO - [2024-07-18T18:42:29.620+0000] {dag.py:3947} INFO - Setting next_dagrun for tutorial_dag to None, run_after=None
[2024-07-18T18:42:29.643+0000] {processor.py:183} INFO - Processing /home/airflow/.local/lib/python3.12/site-packages/airflow/example_dags/tutorial_dag.py took 0.083 seconds
[2024-07-18T21:44:06.075+0000] {processor.py:161} INFO - Started process (PID=5767) to work on /home/airflow/.local/lib/python3.12/site-packages/airflow/example_dags/tutorial_dag.py
[2024-07-18T21:44:06.076+0000] {processor.py:830} INFO - Processing file /home/airflow/.local/lib/python3.12/site-packages/airflow/example_dags/tutorial_dag.py for tasks to queue
[2024-07-18T21:44:06.079+0000] {logging_mixin.py:188} INFO - [2024-07-18T21:44:06.078+0000] {dagbag.py:545} INFO - Filling up the DagBag from /home/airflow/.local/lib/python3.12/site-packages/airflow/example_dags/tutorial_dag.py
[2024-07-18T21:44:06.087+0000] {processor.py:840} INFO - DAG(s) 'tutorial_dag' retrieved from /home/airflow/.local/lib/python3.12/site-packages/airflow/example_dags/tutorial_dag.py
[2024-07-18T21:44:06.141+0000] {logging_mixin.py:188} INFO - [2024-07-18T21:44:06.141+0000] {dag.py:3089} INFO - Sync 1 DAGs
[2024-07-18T21:44:06.206+0000] {logging_mixin.py:188} INFO - [2024-07-18T21:44:06.206+0000] {dag.py:3947} INFO - Setting next_dagrun for tutorial_dag to None, run_after=None
[2024-07-18T21:44:06.232+0000] {processor.py:183} INFO - Processing /home/airflow/.local/lib/python3.12/site-packages/airflow/example_dags/tutorial_dag.py took 0.169 seconds
[2024-07-18T22:38:01.412+0000] {processor.py:161} INFO - Started process (PID=5990) to work on /home/airflow/.local/lib/python3.12/site-packages/airflow/example_dags/tutorial_dag.py
[2024-07-18T22:38:01.414+0000] {processor.py:830} INFO - Processing file /home/airflow/.local/lib/python3.12/site-packages/airflow/example_dags/tutorial_dag.py for tasks to queue
[2024-07-18T22:38:01.415+0000] {logging_mixin.py:188} INFO - [2024-07-18T22:38:01.415+0000] {dagbag.py:545} INFO - Filling up the DagBag from /home/airflow/.local/lib/python3.12/site-packages/airflow/example_dags/tutorial_dag.py
[2024-07-18T22:38:01.421+0000] {processor.py:840} INFO - DAG(s) 'tutorial_dag' retrieved from /home/airflow/.local/lib/python3.12/site-packages/airflow/example_dags/tutorial_dag.py
[2024-07-18T22:38:01.445+0000] {logging_mixin.py:188} INFO - [2024-07-18T22:38:01.445+0000] {dag.py:3089} INFO - Sync 1 DAGs
[2024-07-18T22:38:01.474+0000] {logging_mixin.py:188} INFO - [2024-07-18T22:38:01.474+0000] {dag.py:3947} INFO - Setting next_dagrun for tutorial_dag to None, run_after=None
[2024-07-18T22:38:01.494+0000] {processor.py:183} INFO - Processing /home/airflow/.local/lib/python3.12/site-packages/airflow/example_dags/tutorial_dag.py took 0.089 seconds
