[2024-07-18T01:27:59.854+0000] {processor.py:161} INFO - Started process (PID=4454) to work on /home/airflow/.local/lib/python3.12/site-packages/airflow/example_dags/tutorial_taskflow_api.py
[2024-07-18T01:27:59.909+0000] {processor.py:830} INFO - Processing file /home/airflow/.local/lib/python3.12/site-packages/airflow/example_dags/tutorial_taskflow_api.py for tasks to queue
[2024-07-18T01:27:59.910+0000] {logging_mixin.py:188} INFO - [2024-07-18T01:27:59.910+0000] {dagbag.py:545} INFO - Filling up the DagBag from /home/airflow/.local/lib/python3.12/site-packages/airflow/example_dags/tutorial_taskflow_api.py
[2024-07-18T01:27:59.919+0000] {processor.py:840} INFO - DAG(s) 'tutorial_taskflow_api' retrieved from /home/airflow/.local/lib/python3.12/site-packages/airflow/example_dags/tutorial_taskflow_api.py
[2024-07-18T01:27:59.952+0000] {logging_mixin.py:188} INFO - [2024-07-18T01:27:59.951+0000] {dag.py:3089} INFO - Sync 1 DAGs
[2024-07-18T01:28:00.018+0000] {logging_mixin.py:188} INFO - [2024-07-18T01:28:00.018+0000] {dag.py:3947} INFO - Setting next_dagrun for tutorial_taskflow_api to None, run_after=None
[2024-07-18T01:28:00.050+0000] {processor.py:183} INFO - Processing /home/airflow/.local/lib/python3.12/site-packages/airflow/example_dags/tutorial_taskflow_api.py took 0.206 seconds
[2024-07-18T02:47:27.913+0000] {processor.py:161} INFO - Started process (PID=4514) to work on /home/airflow/.local/lib/python3.12/site-packages/airflow/example_dags/tutorial_taskflow_api.py
[2024-07-18T02:47:27.914+0000] {processor.py:830} INFO - Processing file /home/airflow/.local/lib/python3.12/site-packages/airflow/example_dags/tutorial_taskflow_api.py for tasks to queue
[2024-07-18T02:47:27.915+0000] {logging_mixin.py:188} INFO - [2024-07-18T02:47:27.915+0000] {dagbag.py:545} INFO - Filling up the DagBag from /home/airflow/.local/lib/python3.12/site-packages/airflow/example_dags/tutorial_taskflow_api.py
[2024-07-18T02:47:27.922+0000] {processor.py:840} INFO - DAG(s) 'tutorial_taskflow_api' retrieved from /home/airflow/.local/lib/python3.12/site-packages/airflow/example_dags/tutorial_taskflow_api.py
[2024-07-18T02:47:27.946+0000] {logging_mixin.py:188} INFO - [2024-07-18T02:47:27.945+0000] {dag.py:3089} INFO - Sync 1 DAGs
[2024-07-18T02:47:27.959+0000] {logging_mixin.py:188} INFO - [2024-07-18T02:47:27.959+0000] {dag.py:3947} INFO - Setting next_dagrun for tutorial_taskflow_api to None, run_after=None
[2024-07-18T02:47:27.978+0000] {processor.py:183} INFO - Processing /home/airflow/.local/lib/python3.12/site-packages/airflow/example_dags/tutorial_taskflow_api.py took 0.072 seconds
[2024-07-18T03:28:39.622+0000] {processor.py:161} INFO - Started process (PID=4574) to work on /home/airflow/.local/lib/python3.12/site-packages/airflow/example_dags/tutorial_taskflow_api.py
[2024-07-18T03:28:39.624+0000] {processor.py:830} INFO - Processing file /home/airflow/.local/lib/python3.12/site-packages/airflow/example_dags/tutorial_taskflow_api.py for tasks to queue
[2024-07-18T03:28:39.625+0000] {logging_mixin.py:188} INFO - [2024-07-18T03:28:39.624+0000] {dagbag.py:545} INFO - Filling up the DagBag from /home/airflow/.local/lib/python3.12/site-packages/airflow/example_dags/tutorial_taskflow_api.py
[2024-07-18T03:28:39.631+0000] {processor.py:840} INFO - DAG(s) 'tutorial_taskflow_api' retrieved from /home/airflow/.local/lib/python3.12/site-packages/airflow/example_dags/tutorial_taskflow_api.py
[2024-07-18T03:28:39.654+0000] {logging_mixin.py:188} INFO - [2024-07-18T03:28:39.654+0000] {dag.py:3089} INFO - Sync 1 DAGs
[2024-07-18T03:28:39.668+0000] {logging_mixin.py:188} INFO - [2024-07-18T03:28:39.668+0000] {dag.py:3947} INFO - Setting next_dagrun for tutorial_taskflow_api to None, run_after=None
[2024-07-18T03:28:39.686+0000] {processor.py:183} INFO - Processing /home/airflow/.local/lib/python3.12/site-packages/airflow/example_dags/tutorial_taskflow_api.py took 0.072 seconds
[2024-07-18T15:23:47.629+0000] {processor.py:161} INFO - Started process (PID=4634) to work on /home/airflow/.local/lib/python3.12/site-packages/airflow/example_dags/tutorial_taskflow_api.py
[2024-07-18T15:23:47.663+0000] {processor.py:830} INFO - Processing file /home/airflow/.local/lib/python3.12/site-packages/airflow/example_dags/tutorial_taskflow_api.py for tasks to queue
[2024-07-18T15:23:47.664+0000] {logging_mixin.py:188} INFO - [2024-07-18T15:23:47.664+0000] {dagbag.py:545} INFO - Filling up the DagBag from /home/airflow/.local/lib/python3.12/site-packages/airflow/example_dags/tutorial_taskflow_api.py
[2024-07-18T15:23:47.670+0000] {processor.py:840} INFO - DAG(s) 'tutorial_taskflow_api' retrieved from /home/airflow/.local/lib/python3.12/site-packages/airflow/example_dags/tutorial_taskflow_api.py
[2024-07-18T15:23:47.690+0000] {logging_mixin.py:188} INFO - [2024-07-18T15:23:47.690+0000] {dag.py:3089} INFO - Sync 1 DAGs
[2024-07-18T15:23:47.702+0000] {logging_mixin.py:188} INFO - [2024-07-18T15:23:47.702+0000] {dag.py:3947} INFO - Setting next_dagrun for tutorial_taskflow_api to None, run_after=None
[2024-07-18T15:23:47.718+0000] {processor.py:183} INFO - Processing /home/airflow/.local/lib/python3.12/site-packages/airflow/example_dags/tutorial_taskflow_api.py took 0.096 seconds
[2024-07-18T17:19:41.493+0000] {processor.py:161} INFO - Started process (PID=4694) to work on /home/airflow/.local/lib/python3.12/site-packages/airflow/example_dags/tutorial_taskflow_api.py
[2024-07-18T17:19:41.494+0000] {processor.py:830} INFO - Processing file /home/airflow/.local/lib/python3.12/site-packages/airflow/example_dags/tutorial_taskflow_api.py for tasks to queue
[2024-07-18T17:19:41.496+0000] {logging_mixin.py:188} INFO - [2024-07-18T17:19:41.495+0000] {dagbag.py:545} INFO - Filling up the DagBag from /home/airflow/.local/lib/python3.12/site-packages/airflow/example_dags/tutorial_taskflow_api.py
[2024-07-18T17:19:41.503+0000] {processor.py:840} INFO - DAG(s) 'tutorial_taskflow_api' retrieved from /home/airflow/.local/lib/python3.12/site-packages/airflow/example_dags/tutorial_taskflow_api.py
[2024-07-18T17:19:41.527+0000] {logging_mixin.py:188} INFO - [2024-07-18T17:19:41.527+0000] {dag.py:3089} INFO - Sync 1 DAGs
[2024-07-18T17:19:41.544+0000] {logging_mixin.py:188} INFO - [2024-07-18T17:19:41.544+0000] {dag.py:3947} INFO - Setting next_dagrun for tutorial_taskflow_api to None, run_after=None
[2024-07-18T17:19:41.568+0000] {processor.py:183} INFO - Processing /home/airflow/.local/lib/python3.12/site-packages/airflow/example_dags/tutorial_taskflow_api.py took 0.083 seconds
[2024-07-18T17:20:12.327+0000] {processor.py:161} INFO - Started process (PID=4754) to work on /home/airflow/.local/lib/python3.12/site-packages/airflow/example_dags/tutorial_taskflow_api.py
[2024-07-18T17:20:12.328+0000] {processor.py:830} INFO - Processing file /home/airflow/.local/lib/python3.12/site-packages/airflow/example_dags/tutorial_taskflow_api.py for tasks to queue
[2024-07-18T17:20:12.330+0000] {logging_mixin.py:188} INFO - [2024-07-18T17:20:12.329+0000] {dagbag.py:545} INFO - Filling up the DagBag from /home/airflow/.local/lib/python3.12/site-packages/airflow/example_dags/tutorial_taskflow_api.py
[2024-07-18T17:20:12.339+0000] {processor.py:840} INFO - DAG(s) 'tutorial_taskflow_api' retrieved from /home/airflow/.local/lib/python3.12/site-packages/airflow/example_dags/tutorial_taskflow_api.py
[2024-07-18T17:20:12.367+0000] {logging_mixin.py:188} INFO - [2024-07-18T17:20:12.367+0000] {dag.py:3089} INFO - Sync 1 DAGs
[2024-07-18T17:20:12.385+0000] {logging_mixin.py:188} INFO - [2024-07-18T17:20:12.385+0000] {dag.py:3947} INFO - Setting next_dagrun for tutorial_taskflow_api to None, run_after=None
[2024-07-18T17:20:12.438+0000] {processor.py:183} INFO - Processing /home/airflow/.local/lib/python3.12/site-packages/airflow/example_dags/tutorial_taskflow_api.py took 0.120 seconds
[2024-07-18T17:20:42.742+0000] {processor.py:161} INFO - Started process (PID=4813) to work on /home/airflow/.local/lib/python3.12/site-packages/airflow/example_dags/tutorial_taskflow_api.py
[2024-07-18T17:20:42.743+0000] {processor.py:830} INFO - Processing file /home/airflow/.local/lib/python3.12/site-packages/airflow/example_dags/tutorial_taskflow_api.py for tasks to queue
[2024-07-18T17:20:42.745+0000] {logging_mixin.py:188} INFO - [2024-07-18T17:20:42.744+0000] {dagbag.py:545} INFO - Filling up the DagBag from /home/airflow/.local/lib/python3.12/site-packages/airflow/example_dags/tutorial_taskflow_api.py
[2024-07-18T17:20:42.752+0000] {processor.py:840} INFO - DAG(s) 'tutorial_taskflow_api' retrieved from /home/airflow/.local/lib/python3.12/site-packages/airflow/example_dags/tutorial_taskflow_api.py
[2024-07-18T17:20:42.777+0000] {logging_mixin.py:188} INFO - [2024-07-18T17:20:42.776+0000] {dag.py:3089} INFO - Sync 1 DAGs
[2024-07-18T17:20:42.791+0000] {logging_mixin.py:188} INFO - [2024-07-18T17:20:42.791+0000] {dag.py:3947} INFO - Setting next_dagrun for tutorial_taskflow_api to None, run_after=None
[2024-07-18T17:20:42.815+0000] {processor.py:183} INFO - Processing /home/airflow/.local/lib/python3.12/site-packages/airflow/example_dags/tutorial_taskflow_api.py took 0.080 seconds
[2024-07-18T17:21:13.133+0000] {processor.py:161} INFO - Started process (PID=4873) to work on /home/airflow/.local/lib/python3.12/site-packages/airflow/example_dags/tutorial_taskflow_api.py
[2024-07-18T17:21:13.134+0000] {processor.py:830} INFO - Processing file /home/airflow/.local/lib/python3.12/site-packages/airflow/example_dags/tutorial_taskflow_api.py for tasks to queue
[2024-07-18T17:21:13.135+0000] {logging_mixin.py:188} INFO - [2024-07-18T17:21:13.135+0000] {dagbag.py:545} INFO - Filling up the DagBag from /home/airflow/.local/lib/python3.12/site-packages/airflow/example_dags/tutorial_taskflow_api.py
[2024-07-18T17:21:13.142+0000] {processor.py:840} INFO - DAG(s) 'tutorial_taskflow_api' retrieved from /home/airflow/.local/lib/python3.12/site-packages/airflow/example_dags/tutorial_taskflow_api.py
[2024-07-18T17:21:13.164+0000] {logging_mixin.py:188} INFO - [2024-07-18T17:21:13.164+0000] {dag.py:3089} INFO - Sync 1 DAGs
[2024-07-18T17:21:13.178+0000] {logging_mixin.py:188} INFO - [2024-07-18T17:21:13.178+0000] {dag.py:3947} INFO - Setting next_dagrun for tutorial_taskflow_api to None, run_after=None
[2024-07-18T17:21:13.199+0000] {processor.py:183} INFO - Processing /home/airflow/.local/lib/python3.12/site-packages/airflow/example_dags/tutorial_taskflow_api.py took 0.073 seconds
[2024-07-18T17:21:43.984+0000] {processor.py:161} INFO - Started process (PID=4933) to work on /home/airflow/.local/lib/python3.12/site-packages/airflow/example_dags/tutorial_taskflow_api.py
[2024-07-18T17:21:43.985+0000] {processor.py:830} INFO - Processing file /home/airflow/.local/lib/python3.12/site-packages/airflow/example_dags/tutorial_taskflow_api.py for tasks to queue
[2024-07-18T17:21:43.986+0000] {logging_mixin.py:188} INFO - [2024-07-18T17:21:43.986+0000] {dagbag.py:545} INFO - Filling up the DagBag from /home/airflow/.local/lib/python3.12/site-packages/airflow/example_dags/tutorial_taskflow_api.py
[2024-07-18T17:21:43.993+0000] {processor.py:840} INFO - DAG(s) 'tutorial_taskflow_api' retrieved from /home/airflow/.local/lib/python3.12/site-packages/airflow/example_dags/tutorial_taskflow_api.py
[2024-07-18T17:21:44.017+0000] {logging_mixin.py:188} INFO - [2024-07-18T17:21:44.017+0000] {dag.py:3089} INFO - Sync 1 DAGs
[2024-07-18T17:21:44.033+0000] {logging_mixin.py:188} INFO - [2024-07-18T17:21:44.033+0000] {dag.py:3947} INFO - Setting next_dagrun for tutorial_taskflow_api to None, run_after=None
[2024-07-18T17:21:44.057+0000] {processor.py:183} INFO - Processing /home/airflow/.local/lib/python3.12/site-packages/airflow/example_dags/tutorial_taskflow_api.py took 0.081 seconds
[2024-07-18T17:22:15.033+0000] {processor.py:161} INFO - Started process (PID=4993) to work on /home/airflow/.local/lib/python3.12/site-packages/airflow/example_dags/tutorial_taskflow_api.py
[2024-07-18T17:22:15.035+0000] {processor.py:830} INFO - Processing file /home/airflow/.local/lib/python3.12/site-packages/airflow/example_dags/tutorial_taskflow_api.py for tasks to queue
[2024-07-18T17:22:15.036+0000] {logging_mixin.py:188} INFO - [2024-07-18T17:22:15.036+0000] {dagbag.py:545} INFO - Filling up the DagBag from /home/airflow/.local/lib/python3.12/site-packages/airflow/example_dags/tutorial_taskflow_api.py
[2024-07-18T17:22:15.043+0000] {processor.py:840} INFO - DAG(s) 'tutorial_taskflow_api' retrieved from /home/airflow/.local/lib/python3.12/site-packages/airflow/example_dags/tutorial_taskflow_api.py
[2024-07-18T17:22:15.066+0000] {logging_mixin.py:188} INFO - [2024-07-18T17:22:15.066+0000] {dag.py:3089} INFO - Sync 1 DAGs
[2024-07-18T17:22:15.081+0000] {logging_mixin.py:188} INFO - [2024-07-18T17:22:15.081+0000] {dag.py:3947} INFO - Setting next_dagrun for tutorial_taskflow_api to None, run_after=None
[2024-07-18T17:22:15.100+0000] {processor.py:183} INFO - Processing /home/airflow/.local/lib/python3.12/site-packages/airflow/example_dags/tutorial_taskflow_api.py took 0.074 seconds
[2024-07-18T17:22:45.574+0000] {processor.py:161} INFO - Started process (PID=5052) to work on /home/airflow/.local/lib/python3.12/site-packages/airflow/example_dags/tutorial_taskflow_api.py
[2024-07-18T17:22:45.575+0000] {processor.py:830} INFO - Processing file /home/airflow/.local/lib/python3.12/site-packages/airflow/example_dags/tutorial_taskflow_api.py for tasks to queue
[2024-07-18T17:22:45.577+0000] {logging_mixin.py:188} INFO - [2024-07-18T17:22:45.576+0000] {dagbag.py:545} INFO - Filling up the DagBag from /home/airflow/.local/lib/python3.12/site-packages/airflow/example_dags/tutorial_taskflow_api.py
[2024-07-18T17:22:45.583+0000] {processor.py:840} INFO - DAG(s) 'tutorial_taskflow_api' retrieved from /home/airflow/.local/lib/python3.12/site-packages/airflow/example_dags/tutorial_taskflow_api.py
[2024-07-18T17:22:45.659+0000] {logging_mixin.py:188} INFO - [2024-07-18T17:22:45.658+0000] {dag.py:3089} INFO - Sync 1 DAGs
[2024-07-18T17:22:45.671+0000] {logging_mixin.py:188} INFO - [2024-07-18T17:22:45.671+0000] {dag.py:3947} INFO - Setting next_dagrun for tutorial_taskflow_api to None, run_after=None
[2024-07-18T17:22:45.689+0000] {processor.py:183} INFO - Processing /home/airflow/.local/lib/python3.12/site-packages/airflow/example_dags/tutorial_taskflow_api.py took 0.121 seconds
[2024-07-18T17:23:16.283+0000] {processor.py:161} INFO - Started process (PID=5112) to work on /home/airflow/.local/lib/python3.12/site-packages/airflow/example_dags/tutorial_taskflow_api.py
[2024-07-18T17:23:16.285+0000] {processor.py:830} INFO - Processing file /home/airflow/.local/lib/python3.12/site-packages/airflow/example_dags/tutorial_taskflow_api.py for tasks to queue
[2024-07-18T17:23:16.286+0000] {logging_mixin.py:188} INFO - [2024-07-18T17:23:16.285+0000] {dagbag.py:545} INFO - Filling up the DagBag from /home/airflow/.local/lib/python3.12/site-packages/airflow/example_dags/tutorial_taskflow_api.py
[2024-07-18T17:23:16.292+0000] {processor.py:840} INFO - DAG(s) 'tutorial_taskflow_api' retrieved from /home/airflow/.local/lib/python3.12/site-packages/airflow/example_dags/tutorial_taskflow_api.py
[2024-07-18T17:23:16.317+0000] {logging_mixin.py:188} INFO - [2024-07-18T17:23:16.317+0000] {dag.py:3089} INFO - Sync 1 DAGs
[2024-07-18T17:23:16.333+0000] {logging_mixin.py:188} INFO - [2024-07-18T17:23:16.332+0000] {dag.py:3947} INFO - Setting next_dagrun for tutorial_taskflow_api to None, run_after=None
[2024-07-18T17:23:16.505+0000] {processor.py:183} INFO - Processing /home/airflow/.local/lib/python3.12/site-packages/airflow/example_dags/tutorial_taskflow_api.py took 0.228 seconds
[2024-07-18T17:23:46.816+0000] {processor.py:161} INFO - Started process (PID=5173) to work on /home/airflow/.local/lib/python3.12/site-packages/airflow/example_dags/tutorial_taskflow_api.py
[2024-07-18T17:23:46.818+0000] {processor.py:830} INFO - Processing file /home/airflow/.local/lib/python3.12/site-packages/airflow/example_dags/tutorial_taskflow_api.py for tasks to queue
[2024-07-18T17:23:46.819+0000] {logging_mixin.py:188} INFO - [2024-07-18T17:23:46.819+0000] {dagbag.py:545} INFO - Filling up the DagBag from /home/airflow/.local/lib/python3.12/site-packages/airflow/example_dags/tutorial_taskflow_api.py
[2024-07-18T17:23:46.826+0000] {processor.py:840} INFO - DAG(s) 'tutorial_taskflow_api' retrieved from /home/airflow/.local/lib/python3.12/site-packages/airflow/example_dags/tutorial_taskflow_api.py
[2024-07-18T17:23:46.848+0000] {logging_mixin.py:188} INFO - [2024-07-18T17:23:46.848+0000] {dag.py:3089} INFO - Sync 1 DAGs
[2024-07-18T17:23:46.862+0000] {logging_mixin.py:188} INFO - [2024-07-18T17:23:46.862+0000] {dag.py:3947} INFO - Setting next_dagrun for tutorial_taskflow_api to None, run_after=None
[2024-07-18T17:23:46.882+0000] {processor.py:183} INFO - Processing /home/airflow/.local/lib/python3.12/site-packages/airflow/example_dags/tutorial_taskflow_api.py took 0.072 seconds
[2024-07-18T17:33:25.803+0000] {processor.py:161} INFO - Started process (PID=5233) to work on /home/airflow/.local/lib/python3.12/site-packages/airflow/example_dags/tutorial_taskflow_api.py
[2024-07-18T17:33:25.804+0000] {processor.py:830} INFO - Processing file /home/airflow/.local/lib/python3.12/site-packages/airflow/example_dags/tutorial_taskflow_api.py for tasks to queue
[2024-07-18T17:33:25.805+0000] {logging_mixin.py:188} INFO - [2024-07-18T17:33:25.805+0000] {dagbag.py:545} INFO - Filling up the DagBag from /home/airflow/.local/lib/python3.12/site-packages/airflow/example_dags/tutorial_taskflow_api.py
[2024-07-18T17:33:25.811+0000] {processor.py:840} INFO - DAG(s) 'tutorial_taskflow_api' retrieved from /home/airflow/.local/lib/python3.12/site-packages/airflow/example_dags/tutorial_taskflow_api.py
[2024-07-18T17:33:25.834+0000] {logging_mixin.py:188} INFO - [2024-07-18T17:33:25.833+0000] {dag.py:3089} INFO - Sync 1 DAGs
[2024-07-18T17:33:25.852+0000] {logging_mixin.py:188} INFO - [2024-07-18T17:33:25.851+0000] {dag.py:3947} INFO - Setting next_dagrun for tutorial_taskflow_api to None, run_after=None
[2024-07-18T17:33:25.874+0000] {processor.py:183} INFO - Processing /home/airflow/.local/lib/python3.12/site-packages/airflow/example_dags/tutorial_taskflow_api.py took 0.077 seconds
[2024-07-18T17:34:02.617+0000] {processor.py:161} INFO - Started process (PID=5293) to work on /home/airflow/.local/lib/python3.12/site-packages/airflow/example_dags/tutorial_taskflow_api.py
[2024-07-18T17:34:02.618+0000] {processor.py:830} INFO - Processing file /home/airflow/.local/lib/python3.12/site-packages/airflow/example_dags/tutorial_taskflow_api.py for tasks to queue
[2024-07-18T17:34:02.620+0000] {logging_mixin.py:188} INFO - [2024-07-18T17:34:02.619+0000] {dagbag.py:545} INFO - Filling up the DagBag from /home/airflow/.local/lib/python3.12/site-packages/airflow/example_dags/tutorial_taskflow_api.py
[2024-07-18T17:34:02.626+0000] {processor.py:840} INFO - DAG(s) 'tutorial_taskflow_api' retrieved from /home/airflow/.local/lib/python3.12/site-packages/airflow/example_dags/tutorial_taskflow_api.py
[2024-07-18T17:34:02.650+0000] {logging_mixin.py:188} INFO - [2024-07-18T17:34:02.650+0000] {dag.py:3089} INFO - Sync 1 DAGs
[2024-07-18T17:34:02.665+0000] {logging_mixin.py:188} INFO - [2024-07-18T17:34:02.665+0000] {dag.py:3947} INFO - Setting next_dagrun for tutorial_taskflow_api to None, run_after=None
[2024-07-18T17:34:02.688+0000] {processor.py:183} INFO - Processing /home/airflow/.local/lib/python3.12/site-packages/airflow/example_dags/tutorial_taskflow_api.py took 0.077 seconds
[2024-07-18T17:34:48.222+0000] {processor.py:161} INFO - Started process (PID=5352) to work on /home/airflow/.local/lib/python3.12/site-packages/airflow/example_dags/tutorial_taskflow_api.py
[2024-07-18T17:34:48.296+0000] {processor.py:830} INFO - Processing file /home/airflow/.local/lib/python3.12/site-packages/airflow/example_dags/tutorial_taskflow_api.py for tasks to queue
[2024-07-18T17:34:48.297+0000] {logging_mixin.py:188} INFO - [2024-07-18T17:34:48.297+0000] {dagbag.py:545} INFO - Filling up the DagBag from /home/airflow/.local/lib/python3.12/site-packages/airflow/example_dags/tutorial_taskflow_api.py
[2024-07-18T17:34:48.303+0000] {processor.py:840} INFO - DAG(s) 'tutorial_taskflow_api' retrieved from /home/airflow/.local/lib/python3.12/site-packages/airflow/example_dags/tutorial_taskflow_api.py
[2024-07-18T17:34:48.322+0000] {logging_mixin.py:188} INFO - [2024-07-18T17:34:48.322+0000] {dag.py:3089} INFO - Sync 1 DAGs
[2024-07-18T17:34:48.334+0000] {logging_mixin.py:188} INFO - [2024-07-18T17:34:48.334+0000] {dag.py:3947} INFO - Setting next_dagrun for tutorial_taskflow_api to None, run_after=None
[2024-07-18T17:34:48.351+0000] {processor.py:183} INFO - Processing /home/airflow/.local/lib/python3.12/site-packages/airflow/example_dags/tutorial_taskflow_api.py took 0.137 seconds
[2024-07-18T17:35:24.035+0000] {processor.py:161} INFO - Started process (PID=5418) to work on /home/airflow/.local/lib/python3.12/site-packages/airflow/example_dags/tutorial_taskflow_api.py
[2024-07-18T17:35:24.036+0000] {processor.py:830} INFO - Processing file /home/airflow/.local/lib/python3.12/site-packages/airflow/example_dags/tutorial_taskflow_api.py for tasks to queue
[2024-07-18T17:35:24.038+0000] {logging_mixin.py:188} INFO - [2024-07-18T17:35:24.038+0000] {dagbag.py:545} INFO - Filling up the DagBag from /home/airflow/.local/lib/python3.12/site-packages/airflow/example_dags/tutorial_taskflow_api.py
[2024-07-18T17:35:24.047+0000] {processor.py:840} INFO - DAG(s) 'tutorial_taskflow_api' retrieved from /home/airflow/.local/lib/python3.12/site-packages/airflow/example_dags/tutorial_taskflow_api.py
[2024-07-18T17:35:24.070+0000] {logging_mixin.py:188} INFO - [2024-07-18T17:35:24.070+0000] {dag.py:3089} INFO - Sync 1 DAGs
[2024-07-18T17:35:24.086+0000] {logging_mixin.py:188} INFO - [2024-07-18T17:35:24.085+0000] {dag.py:3947} INFO - Setting next_dagrun for tutorial_taskflow_api to None, run_after=None
[2024-07-18T17:35:24.107+0000] {processor.py:183} INFO - Processing /home/airflow/.local/lib/python3.12/site-packages/airflow/example_dags/tutorial_taskflow_api.py took 0.079 seconds
[2024-07-18T17:41:29.542+0000] {processor.py:161} INFO - Started process (PID=5478) to work on /home/airflow/.local/lib/python3.12/site-packages/airflow/example_dags/tutorial_taskflow_api.py
[2024-07-18T17:41:29.658+0000] {processor.py:830} INFO - Processing file /home/airflow/.local/lib/python3.12/site-packages/airflow/example_dags/tutorial_taskflow_api.py for tasks to queue
[2024-07-18T17:41:29.659+0000] {logging_mixin.py:188} INFO - [2024-07-18T17:41:29.658+0000] {dagbag.py:545} INFO - Filling up the DagBag from /home/airflow/.local/lib/python3.12/site-packages/airflow/example_dags/tutorial_taskflow_api.py
[2024-07-18T17:41:29.665+0000] {processor.py:840} INFO - DAG(s) 'tutorial_taskflow_api' retrieved from /home/airflow/.local/lib/python3.12/site-packages/airflow/example_dags/tutorial_taskflow_api.py
[2024-07-18T17:41:29.686+0000] {logging_mixin.py:188} INFO - [2024-07-18T17:41:29.685+0000] {dag.py:3089} INFO - Sync 1 DAGs
[2024-07-18T17:41:29.700+0000] {logging_mixin.py:188} INFO - [2024-07-18T17:41:29.700+0000] {dag.py:3947} INFO - Setting next_dagrun for tutorial_taskflow_api to None, run_after=None
[2024-07-18T17:41:29.719+0000] {processor.py:183} INFO - Processing /home/airflow/.local/lib/python3.12/site-packages/airflow/example_dags/tutorial_taskflow_api.py took 0.184 seconds
[2024-07-18T17:44:43.746+0000] {processor.py:161} INFO - Started process (PID=5543) to work on /home/airflow/.local/lib/python3.12/site-packages/airflow/example_dags/tutorial_taskflow_api.py
[2024-07-18T17:44:43.747+0000] {processor.py:830} INFO - Processing file /home/airflow/.local/lib/python3.12/site-packages/airflow/example_dags/tutorial_taskflow_api.py for tasks to queue
[2024-07-18T17:44:43.749+0000] {logging_mixin.py:188} INFO - [2024-07-18T17:44:43.748+0000] {dagbag.py:545} INFO - Filling up the DagBag from /home/airflow/.local/lib/python3.12/site-packages/airflow/example_dags/tutorial_taskflow_api.py
[2024-07-18T17:44:43.756+0000] {processor.py:840} INFO - DAG(s) 'tutorial_taskflow_api' retrieved from /home/airflow/.local/lib/python3.12/site-packages/airflow/example_dags/tutorial_taskflow_api.py
[2024-07-18T17:44:43.779+0000] {logging_mixin.py:188} INFO - [2024-07-18T17:44:43.779+0000] {dag.py:3089} INFO - Sync 1 DAGs
[2024-07-18T17:44:43.793+0000] {logging_mixin.py:188} INFO - [2024-07-18T17:44:43.793+0000] {dag.py:3947} INFO - Setting next_dagrun for tutorial_taskflow_api to None, run_after=None
[2024-07-18T17:44:43.813+0000] {processor.py:183} INFO - Processing /home/airflow/.local/lib/python3.12/site-packages/airflow/example_dags/tutorial_taskflow_api.py took 0.076 seconds
[2024-07-18T17:47:03.528+0000] {processor.py:161} INFO - Started process (PID=5603) to work on /home/airflow/.local/lib/python3.12/site-packages/airflow/example_dags/tutorial_taskflow_api.py
[2024-07-18T17:47:03.578+0000] {processor.py:830} INFO - Processing file /home/airflow/.local/lib/python3.12/site-packages/airflow/example_dags/tutorial_taskflow_api.py for tasks to queue
[2024-07-18T17:47:03.579+0000] {logging_mixin.py:188} INFO - [2024-07-18T17:47:03.579+0000] {dagbag.py:545} INFO - Filling up the DagBag from /home/airflow/.local/lib/python3.12/site-packages/airflow/example_dags/tutorial_taskflow_api.py
[2024-07-18T17:47:03.585+0000] {processor.py:840} INFO - DAG(s) 'tutorial_taskflow_api' retrieved from /home/airflow/.local/lib/python3.12/site-packages/airflow/example_dags/tutorial_taskflow_api.py
[2024-07-18T17:47:03.608+0000] {logging_mixin.py:188} INFO - [2024-07-18T17:47:03.608+0000] {dag.py:3089} INFO - Sync 1 DAGs
[2024-07-18T17:47:03.622+0000] {logging_mixin.py:188} INFO - [2024-07-18T17:47:03.621+0000] {dag.py:3947} INFO - Setting next_dagrun for tutorial_taskflow_api to None, run_after=None
[2024-07-18T17:47:03.642+0000] {processor.py:183} INFO - Processing /home/airflow/.local/lib/python3.12/site-packages/airflow/example_dags/tutorial_taskflow_api.py took 0.121 seconds
[2024-07-18T17:53:32.868+0000] {processor.py:161} INFO - Started process (PID=5663) to work on /home/airflow/.local/lib/python3.12/site-packages/airflow/example_dags/tutorial_taskflow_api.py
[2024-07-18T17:53:32.938+0000] {processor.py:830} INFO - Processing file /home/airflow/.local/lib/python3.12/site-packages/airflow/example_dags/tutorial_taskflow_api.py for tasks to queue
[2024-07-18T17:53:32.940+0000] {logging_mixin.py:188} INFO - [2024-07-18T17:53:32.939+0000] {dagbag.py:545} INFO - Filling up the DagBag from /home/airflow/.local/lib/python3.12/site-packages/airflow/example_dags/tutorial_taskflow_api.py
[2024-07-18T17:53:32.946+0000] {processor.py:840} INFO - DAG(s) 'tutorial_taskflow_api' retrieved from /home/airflow/.local/lib/python3.12/site-packages/airflow/example_dags/tutorial_taskflow_api.py
[2024-07-18T17:53:32.969+0000] {logging_mixin.py:188} INFO - [2024-07-18T17:53:32.969+0000] {dag.py:3089} INFO - Sync 1 DAGs
[2024-07-18T17:53:32.982+0000] {logging_mixin.py:188} INFO - [2024-07-18T17:53:32.982+0000] {dag.py:3947} INFO - Setting next_dagrun for tutorial_taskflow_api to None, run_after=None
[2024-07-18T17:53:33.002+0000] {processor.py:183} INFO - Processing /home/airflow/.local/lib/python3.12/site-packages/airflow/example_dags/tutorial_taskflow_api.py took 0.142 seconds
[2024-07-18T18:42:31.569+0000] {processor.py:161} INFO - Started process (PID=5723) to work on /home/airflow/.local/lib/python3.12/site-packages/airflow/example_dags/tutorial_taskflow_api.py
[2024-07-18T18:42:31.570+0000] {processor.py:830} INFO - Processing file /home/airflow/.local/lib/python3.12/site-packages/airflow/example_dags/tutorial_taskflow_api.py for tasks to queue
[2024-07-18T18:42:31.571+0000] {logging_mixin.py:188} INFO - [2024-07-18T18:42:31.571+0000] {dagbag.py:545} INFO - Filling up the DagBag from /home/airflow/.local/lib/python3.12/site-packages/airflow/example_dags/tutorial_taskflow_api.py
[2024-07-18T18:42:31.578+0000] {processor.py:840} INFO - DAG(s) 'tutorial_taskflow_api' retrieved from /home/airflow/.local/lib/python3.12/site-packages/airflow/example_dags/tutorial_taskflow_api.py
[2024-07-18T18:42:31.601+0000] {logging_mixin.py:188} INFO - [2024-07-18T18:42:31.601+0000] {dag.py:3089} INFO - Sync 1 DAGs
[2024-07-18T18:42:31.616+0000] {logging_mixin.py:188} INFO - [2024-07-18T18:42:31.615+0000] {dag.py:3947} INFO - Setting next_dagrun for tutorial_taskflow_api to None, run_after=None
[2024-07-18T18:42:31.635+0000] {processor.py:183} INFO - Processing /home/airflow/.local/lib/python3.12/site-packages/airflow/example_dags/tutorial_taskflow_api.py took 0.073 seconds
[2024-07-18T21:44:08.368+0000] {processor.py:161} INFO - Started process (PID=5791) to work on /home/airflow/.local/lib/python3.12/site-packages/airflow/example_dags/tutorial_taskflow_api.py
[2024-07-18T21:44:08.369+0000] {processor.py:830} INFO - Processing file /home/airflow/.local/lib/python3.12/site-packages/airflow/example_dags/tutorial_taskflow_api.py for tasks to queue
[2024-07-18T21:44:08.371+0000] {logging_mixin.py:188} INFO - [2024-07-18T21:44:08.370+0000] {dagbag.py:545} INFO - Filling up the DagBag from /home/airflow/.local/lib/python3.12/site-packages/airflow/example_dags/tutorial_taskflow_api.py
[2024-07-18T21:44:08.377+0000] {processor.py:840} INFO - DAG(s) 'tutorial_taskflow_api' retrieved from /home/airflow/.local/lib/python3.12/site-packages/airflow/example_dags/tutorial_taskflow_api.py
[2024-07-18T21:44:08.400+0000] {logging_mixin.py:188} INFO - [2024-07-18T21:44:08.400+0000] {dag.py:3089} INFO - Sync 1 DAGs
[2024-07-18T21:44:08.414+0000] {logging_mixin.py:188} INFO - [2024-07-18T21:44:08.414+0000] {dag.py:3947} INFO - Setting next_dagrun for tutorial_taskflow_api to None, run_after=None
[2024-07-18T21:44:08.431+0000] {processor.py:183} INFO - Processing /home/airflow/.local/lib/python3.12/site-packages/airflow/example_dags/tutorial_taskflow_api.py took 0.070 seconds
[2024-07-18T22:38:03.270+0000] {processor.py:161} INFO - Started process (PID=6014) to work on /home/airflow/.local/lib/python3.12/site-packages/airflow/example_dags/tutorial_taskflow_api.py
[2024-07-18T22:38:03.272+0000] {processor.py:830} INFO - Processing file /home/airflow/.local/lib/python3.12/site-packages/airflow/example_dags/tutorial_taskflow_api.py for tasks to queue
[2024-07-18T22:38:03.273+0000] {logging_mixin.py:188} INFO - [2024-07-18T22:38:03.272+0000] {dagbag.py:545} INFO - Filling up the DagBag from /home/airflow/.local/lib/python3.12/site-packages/airflow/example_dags/tutorial_taskflow_api.py
[2024-07-18T22:38:03.280+0000] {processor.py:840} INFO - DAG(s) 'tutorial_taskflow_api' retrieved from /home/airflow/.local/lib/python3.12/site-packages/airflow/example_dags/tutorial_taskflow_api.py
[2024-07-18T22:38:03.303+0000] {logging_mixin.py:188} INFO - [2024-07-18T22:38:03.302+0000] {dag.py:3089} INFO - Sync 1 DAGs
[2024-07-18T22:38:03.317+0000] {logging_mixin.py:188} INFO - [2024-07-18T22:38:03.317+0000] {dag.py:3947} INFO - Setting next_dagrun for tutorial_taskflow_api to None, run_after=None
[2024-07-18T22:38:03.337+0000] {processor.py:183} INFO - Processing /home/airflow/.local/lib/python3.12/site-packages/airflow/example_dags/tutorial_taskflow_api.py took 0.074 seconds
