[2024-07-19T00:38:11.559+0000] {processor.py:161} INFO - Started process (PID=6061) to work on /opt/airflow/dags/simple_dag.py
[2024-07-19T00:38:11.601+0000] {processor.py:830} INFO - Processing file /opt/airflow/dags/simple_dag.py for tasks to queue
[2024-07-19T00:38:11.602+0000] {logging_mixin.py:188} INFO - [2024-07-19T00:38:11.602+0000] {dagbag.py:545} INFO - Filling up the DagBag from /opt/airflow/dags/simple_dag.py
[2024-07-19T00:38:12.310+0000] {processor.py:840} INFO - DAG(s) 'simple_airflow_dag' retrieved from /opt/airflow/dags/simple_dag.py
[2024-07-19T00:38:12.336+0000] {logging_mixin.py:188} INFO - [2024-07-19T00:38:12.335+0000] {dag.py:3089} INFO - Sync 1 DAGs
[2024-07-19T00:38:12.377+0000] {logging_mixin.py:188} INFO - [2024-07-19T00:38:12.377+0000] {dag.py:3947} INFO - Setting next_dagrun for simple_airflow_dag to 2024-07-19 00:00:00+00:00, run_after=2024-07-20 00:00:00+00:00
[2024-07-19T00:38:12.404+0000] {processor.py:183} INFO - Processing /opt/airflow/dags/simple_dag.py took 0.855 seconds
[2024-07-19T02:38:35.585+0000] {processor.py:161} INFO - Started process (PID=6097) to work on /opt/airflow/dags/simple_dag.py
[2024-07-19T02:38:35.588+0000] {processor.py:830} INFO - Processing file /opt/airflow/dags/simple_dag.py for tasks to queue
[2024-07-19T02:38:35.592+0000] {logging_mixin.py:188} INFO - [2024-07-19T02:38:35.591+0000] {dagbag.py:545} INFO - Filling up the DagBag from /opt/airflow/dags/simple_dag.py
[2024-07-19T02:38:36.616+0000] {processor.py:840} INFO - DAG(s) 'simple_airflow_dag' retrieved from /opt/airflow/dags/simple_dag.py
[2024-07-19T02:38:36.642+0000] {logging_mixin.py:188} INFO - [2024-07-19T02:38:36.641+0000] {dag.py:3089} INFO - Sync 1 DAGs
[2024-07-19T02:38:36.676+0000] {logging_mixin.py:188} INFO - [2024-07-19T02:38:36.676+0000] {dag.py:3947} INFO - Setting next_dagrun for simple_airflow_dag to 2024-07-19 00:00:00+00:00, run_after=2024-07-20 00:00:00+00:00
[2024-07-19T02:38:36.704+0000] {processor.py:183} INFO - Processing /opt/airflow/dags/simple_dag.py took 1.146 seconds
[2024-07-19T05:26:47.535+0000] {processor.py:161} INFO - Started process (PID=6157) to work on /opt/airflow/dags/simple_dag.py
[2024-07-19T05:26:47.539+0000] {processor.py:830} INFO - Processing file /opt/airflow/dags/simple_dag.py for tasks to queue
[2024-07-19T05:26:47.543+0000] {logging_mixin.py:188} INFO - [2024-07-19T05:26:47.542+0000] {dagbag.py:545} INFO - Filling up the DagBag from /opt/airflow/dags/simple_dag.py
[2024-07-19T05:26:53.626+0000] {processor.py:840} INFO - DAG(s) 'simple_airflow_dag' retrieved from /opt/airflow/dags/simple_dag.py
[2024-07-19T05:26:53.657+0000] {logging_mixin.py:188} INFO - [2024-07-19T05:26:53.657+0000] {dag.py:3089} INFO - Sync 1 DAGs
[2024-07-19T05:26:53.679+0000] {logging_mixin.py:188} INFO - [2024-07-19T05:26:53.679+0000] {dag.py:3947} INFO - Setting next_dagrun for simple_airflow_dag to 2024-07-19 00:00:00+00:00, run_after=2024-07-20 00:00:00+00:00
[2024-07-19T05:26:53.747+0000] {processor.py:183} INFO - Processing /opt/airflow/dags/simple_dag.py took 6.244 seconds
[2024-07-19T06:11:57.591+0000] {processor.py:161} INFO - Started process (PID=6217) to work on /opt/airflow/dags/simple_dag.py
[2024-07-19T06:11:57.593+0000] {processor.py:830} INFO - Processing file /opt/airflow/dags/simple_dag.py for tasks to queue
[2024-07-19T06:11:57.595+0000] {logging_mixin.py:188} INFO - [2024-07-19T06:11:57.594+0000] {dagbag.py:545} INFO - Filling up the DagBag from /opt/airflow/dags/simple_dag.py
[2024-07-19T06:11:58.079+0000] {processor.py:840} INFO - DAG(s) 'simple_airflow_dag' retrieved from /opt/airflow/dags/simple_dag.py
[2024-07-19T06:11:58.123+0000] {logging_mixin.py:188} INFO - [2024-07-19T06:11:58.122+0000] {dag.py:3089} INFO - Sync 1 DAGs
[2024-07-19T06:11:58.164+0000] {logging_mixin.py:188} INFO - [2024-07-19T06:11:58.164+0000] {dag.py:3947} INFO - Setting next_dagrun for simple_airflow_dag to 2024-07-19 00:00:00+00:00, run_after=2024-07-20 00:00:00+00:00
[2024-07-19T06:11:58.206+0000] {processor.py:183} INFO - Processing /opt/airflow/dags/simple_dag.py took 0.624 seconds
[2024-07-19T06:12:28.797+0000] {processor.py:161} INFO - Started process (PID=6278) to work on /opt/airflow/dags/simple_dag.py
[2024-07-19T06:12:28.799+0000] {processor.py:830} INFO - Processing file /opt/airflow/dags/simple_dag.py for tasks to queue
[2024-07-19T06:12:28.800+0000] {logging_mixin.py:188} INFO - [2024-07-19T06:12:28.800+0000] {dagbag.py:545} INFO - Filling up the DagBag from /opt/airflow/dags/simple_dag.py
[2024-07-19T06:12:29.276+0000] {processor.py:840} INFO - DAG(s) 'simple_airflow_dag' retrieved from /opt/airflow/dags/simple_dag.py
[2024-07-19T06:12:29.304+0000] {logging_mixin.py:188} INFO - [2024-07-19T06:12:29.303+0000] {dag.py:3089} INFO - Sync 1 DAGs
[2024-07-19T06:12:29.331+0000] {logging_mixin.py:188} INFO - [2024-07-19T06:12:29.331+0000] {dag.py:3947} INFO - Setting next_dagrun for simple_airflow_dag to 2024-07-19 00:00:00+00:00, run_after=2024-07-20 00:00:00+00:00
[2024-07-19T06:12:29.355+0000] {processor.py:183} INFO - Processing /opt/airflow/dags/simple_dag.py took 0.566 seconds
[2024-07-19T06:12:59.441+0000] {processor.py:161} INFO - Started process (PID=6341) to work on /opt/airflow/dags/simple_dag.py
[2024-07-19T06:12:59.442+0000] {processor.py:830} INFO - Processing file /opt/airflow/dags/simple_dag.py for tasks to queue
[2024-07-19T06:12:59.443+0000] {logging_mixin.py:188} INFO - [2024-07-19T06:12:59.443+0000] {dagbag.py:545} INFO - Filling up the DagBag from /opt/airflow/dags/simple_dag.py
[2024-07-19T06:12:59.845+0000] {processor.py:840} INFO - DAG(s) 'simple_airflow_dag' retrieved from /opt/airflow/dags/simple_dag.py
[2024-07-19T06:12:59.873+0000] {logging_mixin.py:188} INFO - [2024-07-19T06:12:59.873+0000] {dag.py:3089} INFO - Sync 1 DAGs
[2024-07-19T06:12:59.900+0000] {logging_mixin.py:188} INFO - [2024-07-19T06:12:59.899+0000] {dag.py:3947} INFO - Setting next_dagrun for simple_airflow_dag to 2024-07-19 00:00:00+00:00, run_after=2024-07-20 00:00:00+00:00
[2024-07-19T06:12:59.927+0000] {processor.py:183} INFO - Processing /opt/airflow/dags/simple_dag.py took 0.494 seconds
[2024-07-19T06:13:30.602+0000] {processor.py:161} INFO - Started process (PID=6401) to work on /opt/airflow/dags/simple_dag.py
[2024-07-19T06:13:30.603+0000] {processor.py:830} INFO - Processing file /opt/airflow/dags/simple_dag.py for tasks to queue
[2024-07-19T06:13:30.605+0000] {logging_mixin.py:188} INFO - [2024-07-19T06:13:30.604+0000] {dagbag.py:545} INFO - Filling up the DagBag from /opt/airflow/dags/simple_dag.py
[2024-07-19T06:13:30.982+0000] {processor.py:840} INFO - DAG(s) 'simple_airflow_dag' retrieved from /opt/airflow/dags/simple_dag.py
[2024-07-19T06:13:31.012+0000] {logging_mixin.py:188} INFO - [2024-07-19T06:13:31.011+0000] {dag.py:3089} INFO - Sync 1 DAGs
[2024-07-19T06:13:31.050+0000] {logging_mixin.py:188} INFO - [2024-07-19T06:13:31.050+0000] {dag.py:3947} INFO - Setting next_dagrun for simple_airflow_dag to 2024-07-19 00:00:00+00:00, run_after=2024-07-20 00:00:00+00:00
[2024-07-19T06:13:31.078+0000] {processor.py:183} INFO - Processing /opt/airflow/dags/simple_dag.py took 0.484 seconds
[2024-07-19T06:14:01.190+0000] {processor.py:161} INFO - Started process (PID=6461) to work on /opt/airflow/dags/simple_dag.py
[2024-07-19T06:14:01.191+0000] {processor.py:830} INFO - Processing file /opt/airflow/dags/simple_dag.py for tasks to queue
[2024-07-19T06:14:01.193+0000] {logging_mixin.py:188} INFO - [2024-07-19T06:14:01.192+0000] {dagbag.py:545} INFO - Filling up the DagBag from /opt/airflow/dags/simple_dag.py
[2024-07-19T06:14:01.607+0000] {processor.py:840} INFO - DAG(s) 'simple_airflow_dag' retrieved from /opt/airflow/dags/simple_dag.py
[2024-07-19T06:14:01.639+0000] {logging_mixin.py:188} INFO - [2024-07-19T06:14:01.639+0000] {dag.py:3089} INFO - Sync 1 DAGs
[2024-07-19T06:14:01.667+0000] {logging_mixin.py:188} INFO - [2024-07-19T06:14:01.667+0000] {dag.py:3947} INFO - Setting next_dagrun for simple_airflow_dag to 2024-07-19 00:00:00+00:00, run_after=2024-07-20 00:00:00+00:00
[2024-07-19T06:14:01.689+0000] {processor.py:183} INFO - Processing /opt/airflow/dags/simple_dag.py took 0.507 seconds
[2024-07-19T06:14:32.658+0000] {processor.py:161} INFO - Started process (PID=6523) to work on /opt/airflow/dags/simple_dag.py
[2024-07-19T06:14:32.660+0000] {processor.py:830} INFO - Processing file /opt/airflow/dags/simple_dag.py for tasks to queue
[2024-07-19T06:14:32.661+0000] {logging_mixin.py:188} INFO - [2024-07-19T06:14:32.660+0000] {dagbag.py:545} INFO - Filling up the DagBag from /opt/airflow/dags/simple_dag.py
[2024-07-19T06:14:33.036+0000] {processor.py:840} INFO - DAG(s) 'simple_airflow_dag' retrieved from /opt/airflow/dags/simple_dag.py
[2024-07-19T06:14:33.085+0000] {logging_mixin.py:188} INFO - [2024-07-19T06:14:33.084+0000] {dag.py:3089} INFO - Sync 1 DAGs
[2024-07-19T06:14:33.108+0000] {logging_mixin.py:188} INFO - [2024-07-19T06:14:33.108+0000] {dag.py:3947} INFO - Setting next_dagrun for simple_airflow_dag to 2024-07-19 00:00:00+00:00, run_after=2024-07-20 00:00:00+00:00
[2024-07-19T06:14:33.127+0000] {processor.py:183} INFO - Processing /opt/airflow/dags/simple_dag.py took 0.477 seconds
[2024-07-19T06:15:03.173+0000] {processor.py:161} INFO - Started process (PID=6585) to work on /opt/airflow/dags/simple_dag.py
[2024-07-19T06:15:03.174+0000] {processor.py:830} INFO - Processing file /opt/airflow/dags/simple_dag.py for tasks to queue
[2024-07-19T06:15:03.176+0000] {logging_mixin.py:188} INFO - [2024-07-19T06:15:03.175+0000] {dagbag.py:545} INFO - Filling up the DagBag from /opt/airflow/dags/simple_dag.py
[2024-07-19T06:15:03.607+0000] {processor.py:840} INFO - DAG(s) 'simple_airflow_dag' retrieved from /opt/airflow/dags/simple_dag.py
[2024-07-19T06:15:03.632+0000] {logging_mixin.py:188} INFO - [2024-07-19T06:15:03.631+0000] {dag.py:3089} INFO - Sync 1 DAGs
[2024-07-19T06:15:03.656+0000] {logging_mixin.py:188} INFO - [2024-07-19T06:15:03.655+0000] {dag.py:3947} INFO - Setting next_dagrun for simple_airflow_dag to 2024-07-19 00:00:00+00:00, run_after=2024-07-20 00:00:00+00:00
[2024-07-19T06:15:03.678+0000] {processor.py:183} INFO - Processing /opt/airflow/dags/simple_dag.py took 0.513 seconds
[2024-07-19T06:15:33.969+0000] {processor.py:161} INFO - Started process (PID=6652) to work on /opt/airflow/dags/simple_dag.py
[2024-07-19T06:15:33.971+0000] {processor.py:830} INFO - Processing file /opt/airflow/dags/simple_dag.py for tasks to queue
[2024-07-19T06:15:33.973+0000] {logging_mixin.py:188} INFO - [2024-07-19T06:15:33.973+0000] {dagbag.py:545} INFO - Filling up the DagBag from /opt/airflow/dags/simple_dag.py
[2024-07-19T06:15:34.367+0000] {processor.py:840} INFO - DAG(s) 'simple_airflow_dag' retrieved from /opt/airflow/dags/simple_dag.py
[2024-07-19T06:15:34.392+0000] {logging_mixin.py:188} INFO - [2024-07-19T06:15:34.391+0000] {dag.py:3089} INFO - Sync 1 DAGs
[2024-07-19T06:15:34.416+0000] {logging_mixin.py:188} INFO - [2024-07-19T06:15:34.415+0000] {dag.py:3947} INFO - Setting next_dagrun for simple_airflow_dag to 2024-07-19 00:00:00+00:00, run_after=2024-07-20 00:00:00+00:00
[2024-07-19T06:15:34.437+0000] {processor.py:183} INFO - Processing /opt/airflow/dags/simple_dag.py took 0.477 seconds
[2024-07-19T06:16:04.589+0000] {processor.py:161} INFO - Started process (PID=6712) to work on /opt/airflow/dags/simple_dag.py
[2024-07-19T06:16:04.591+0000] {processor.py:830} INFO - Processing file /opt/airflow/dags/simple_dag.py for tasks to queue
[2024-07-19T06:16:04.592+0000] {logging_mixin.py:188} INFO - [2024-07-19T06:16:04.592+0000] {dagbag.py:545} INFO - Filling up the DagBag from /opt/airflow/dags/simple_dag.py
[2024-07-19T06:16:05.133+0000] {processor.py:840} INFO - DAG(s) 'simple_airflow_dag' retrieved from /opt/airflow/dags/simple_dag.py
[2024-07-19T06:16:05.162+0000] {logging_mixin.py:188} INFO - [2024-07-19T06:16:05.161+0000] {dag.py:3089} INFO - Sync 1 DAGs
[2024-07-19T06:16:05.189+0000] {logging_mixin.py:188} INFO - [2024-07-19T06:16:05.189+0000] {dag.py:3947} INFO - Setting next_dagrun for simple_airflow_dag to 2024-07-19 00:00:00+00:00, run_after=2024-07-20 00:00:00+00:00
[2024-07-19T06:16:05.214+0000] {processor.py:183} INFO - Processing /opt/airflow/dags/simple_dag.py took 0.636 seconds
[2024-07-19T06:16:35.271+0000] {processor.py:161} INFO - Started process (PID=6774) to work on /opt/airflow/dags/simple_dag.py
[2024-07-19T06:16:35.273+0000] {processor.py:830} INFO - Processing file /opt/airflow/dags/simple_dag.py for tasks to queue
[2024-07-19T06:16:35.274+0000] {logging_mixin.py:188} INFO - [2024-07-19T06:16:35.273+0000] {dagbag.py:545} INFO - Filling up the DagBag from /opt/airflow/dags/simple_dag.py
[2024-07-19T06:16:35.676+0000] {processor.py:840} INFO - DAG(s) 'simple_airflow_dag' retrieved from /opt/airflow/dags/simple_dag.py
[2024-07-19T06:16:35.701+0000] {logging_mixin.py:188} INFO - [2024-07-19T06:16:35.701+0000] {dag.py:3089} INFO - Sync 1 DAGs
[2024-07-19T06:16:35.725+0000] {logging_mixin.py:188} INFO - [2024-07-19T06:16:35.725+0000] {dag.py:3947} INFO - Setting next_dagrun for simple_airflow_dag to 2024-07-19 00:00:00+00:00, run_after=2024-07-20 00:00:00+00:00
[2024-07-19T06:16:35.744+0000] {processor.py:183} INFO - Processing /opt/airflow/dags/simple_dag.py took 0.481 seconds
[2024-07-19T06:17:05.827+0000] {processor.py:161} INFO - Started process (PID=6837) to work on /opt/airflow/dags/simple_dag.py
[2024-07-19T06:17:05.829+0000] {processor.py:830} INFO - Processing file /opt/airflow/dags/simple_dag.py for tasks to queue
[2024-07-19T06:17:05.830+0000] {logging_mixin.py:188} INFO - [2024-07-19T06:17:05.830+0000] {dagbag.py:545} INFO - Filling up the DagBag from /opt/airflow/dags/simple_dag.py
[2024-07-19T06:17:06.244+0000] {processor.py:840} INFO - DAG(s) 'simple_airflow_dag' retrieved from /opt/airflow/dags/simple_dag.py
[2024-07-19T06:17:06.268+0000] {logging_mixin.py:188} INFO - [2024-07-19T06:17:06.268+0000] {dag.py:3089} INFO - Sync 1 DAGs
[2024-07-19T06:17:06.292+0000] {logging_mixin.py:188} INFO - [2024-07-19T06:17:06.292+0000] {dag.py:3947} INFO - Setting next_dagrun for simple_airflow_dag to 2024-07-19 00:00:00+00:00, run_after=2024-07-20 00:00:00+00:00
[2024-07-19T06:17:06.311+0000] {processor.py:183} INFO - Processing /opt/airflow/dags/simple_dag.py took 0.492 seconds
[2024-07-19T06:17:37.260+0000] {processor.py:161} INFO - Started process (PID=6898) to work on /opt/airflow/dags/simple_dag.py
[2024-07-19T06:17:37.261+0000] {processor.py:830} INFO - Processing file /opt/airflow/dags/simple_dag.py for tasks to queue
[2024-07-19T06:17:37.263+0000] {logging_mixin.py:188} INFO - [2024-07-19T06:17:37.262+0000] {dagbag.py:545} INFO - Filling up the DagBag from /opt/airflow/dags/simple_dag.py
[2024-07-19T06:17:37.682+0000] {processor.py:840} INFO - DAG(s) 'simple_airflow_dag' retrieved from /opt/airflow/dags/simple_dag.py
[2024-07-19T06:17:37.758+0000] {logging_mixin.py:188} INFO - [2024-07-19T06:17:37.758+0000] {dag.py:3089} INFO - Sync 1 DAGs
[2024-07-19T06:17:37.781+0000] {logging_mixin.py:188} INFO - [2024-07-19T06:17:37.781+0000] {dag.py:3947} INFO - Setting next_dagrun for simple_airflow_dag to 2024-07-19 00:00:00+00:00, run_after=2024-07-20 00:00:00+00:00
[2024-07-19T06:17:37.802+0000] {processor.py:183} INFO - Processing /opt/airflow/dags/simple_dag.py took 0.551 seconds
[2024-07-19T06:18:08.605+0000] {processor.py:161} INFO - Started process (PID=6960) to work on /opt/airflow/dags/simple_dag.py
[2024-07-19T06:18:08.606+0000] {processor.py:830} INFO - Processing file /opt/airflow/dags/simple_dag.py for tasks to queue
[2024-07-19T06:18:08.608+0000] {logging_mixin.py:188} INFO - [2024-07-19T06:18:08.607+0000] {dagbag.py:545} INFO - Filling up the DagBag from /opt/airflow/dags/simple_dag.py
[2024-07-19T06:18:08.989+0000] {processor.py:840} INFO - DAG(s) 'simple_airflow_dag' retrieved from /opt/airflow/dags/simple_dag.py
[2024-07-19T06:18:09.013+0000] {logging_mixin.py:188} INFO - [2024-07-19T06:18:09.013+0000] {dag.py:3089} INFO - Sync 1 DAGs
[2024-07-19T06:18:09.037+0000] {logging_mixin.py:188} INFO - [2024-07-19T06:18:09.036+0000] {dag.py:3947} INFO - Setting next_dagrun for simple_airflow_dag to 2024-07-19 00:00:00+00:00, run_after=2024-07-20 00:00:00+00:00
[2024-07-19T06:18:09.058+0000] {processor.py:183} INFO - Processing /opt/airflow/dags/simple_dag.py took 0.460 seconds
[2024-07-19T06:18:39.571+0000] {processor.py:161} INFO - Started process (PID=7024) to work on /opt/airflow/dags/simple_dag.py
[2024-07-19T06:18:39.573+0000] {processor.py:830} INFO - Processing file /opt/airflow/dags/simple_dag.py for tasks to queue
[2024-07-19T06:18:39.574+0000] {logging_mixin.py:188} INFO - [2024-07-19T06:18:39.574+0000] {dagbag.py:545} INFO - Filling up the DagBag from /opt/airflow/dags/simple_dag.py
[2024-07-19T06:18:39.947+0000] {processor.py:840} INFO - DAG(s) 'simple_airflow_dag' retrieved from /opt/airflow/dags/simple_dag.py
[2024-07-19T06:18:39.972+0000] {logging_mixin.py:188} INFO - [2024-07-19T06:18:39.971+0000] {dag.py:3089} INFO - Sync 1 DAGs
[2024-07-19T06:18:39.995+0000] {logging_mixin.py:188} INFO - [2024-07-19T06:18:39.994+0000] {dag.py:3947} INFO - Setting next_dagrun for simple_airflow_dag to 2024-07-19 00:00:00+00:00, run_after=2024-07-20 00:00:00+00:00
[2024-07-19T06:18:40.016+0000] {processor.py:183} INFO - Processing /opt/airflow/dags/simple_dag.py took 0.453 seconds
[2024-07-19T06:19:10.063+0000] {processor.py:161} INFO - Started process (PID=7087) to work on /opt/airflow/dags/simple_dag.py
[2024-07-19T06:19:10.064+0000] {processor.py:830} INFO - Processing file /opt/airflow/dags/simple_dag.py for tasks to queue
[2024-07-19T06:19:10.066+0000] {logging_mixin.py:188} INFO - [2024-07-19T06:19:10.065+0000] {dagbag.py:545} INFO - Filling up the DagBag from /opt/airflow/dags/simple_dag.py
[2024-07-19T06:19:10.508+0000] {processor.py:840} INFO - DAG(s) 'simple_airflow_dag' retrieved from /opt/airflow/dags/simple_dag.py
[2024-07-19T06:19:11.813+0000] {logging_mixin.py:188} INFO - [2024-07-19T06:19:11.813+0000] {dag.py:3089} INFO - Sync 1 DAGs
[2024-07-19T06:19:11.833+0000] {logging_mixin.py:188} INFO - [2024-07-19T06:19:11.832+0000] {dag.py:3947} INFO - Setting next_dagrun for simple_airflow_dag to 2024-07-19 00:00:00+00:00, run_after=2024-07-20 00:00:00+00:00
[2024-07-19T06:19:11.854+0000] {processor.py:183} INFO - Processing /opt/airflow/dags/simple_dag.py took 1.799 seconds
[2024-07-19T06:19:41.988+0000] {processor.py:161} INFO - Started process (PID=7159) to work on /opt/airflow/dags/simple_dag.py
[2024-07-19T06:19:41.989+0000] {processor.py:830} INFO - Processing file /opt/airflow/dags/simple_dag.py for tasks to queue
[2024-07-19T06:19:41.991+0000] {logging_mixin.py:188} INFO - [2024-07-19T06:19:41.990+0000] {dagbag.py:545} INFO - Filling up the DagBag from /opt/airflow/dags/simple_dag.py
[2024-07-19T06:19:42.548+0000] {processor.py:840} INFO - DAG(s) 'simple_airflow_dag' retrieved from /opt/airflow/dags/simple_dag.py
[2024-07-19T06:19:42.570+0000] {logging_mixin.py:188} INFO - [2024-07-19T06:19:42.570+0000] {dag.py:3089} INFO - Sync 1 DAGs
[2024-07-19T06:19:42.590+0000] {logging_mixin.py:188} INFO - [2024-07-19T06:19:42.590+0000] {dag.py:3947} INFO - Setting next_dagrun for simple_airflow_dag to 2024-07-19 00:00:00+00:00, run_after=2024-07-20 00:00:00+00:00
[2024-07-19T06:19:42.611+0000] {processor.py:183} INFO - Processing /opt/airflow/dags/simple_dag.py took 0.631 seconds
[2024-07-19T06:20:13.033+0000] {processor.py:161} INFO - Started process (PID=7219) to work on /opt/airflow/dags/simple_dag.py
[2024-07-19T06:20:13.034+0000] {processor.py:830} INFO - Processing file /opt/airflow/dags/simple_dag.py for tasks to queue
[2024-07-19T06:20:13.036+0000] {logging_mixin.py:188} INFO - [2024-07-19T06:20:13.035+0000] {dagbag.py:545} INFO - Filling up the DagBag from /opt/airflow/dags/simple_dag.py
[2024-07-19T06:20:13.571+0000] {processor.py:840} INFO - DAG(s) 'simple_airflow_dag' retrieved from /opt/airflow/dags/simple_dag.py
[2024-07-19T06:20:13.595+0000] {logging_mixin.py:188} INFO - [2024-07-19T06:20:13.594+0000] {dag.py:3089} INFO - Sync 1 DAGs
[2024-07-19T06:20:13.615+0000] {logging_mixin.py:188} INFO - [2024-07-19T06:20:13.615+0000] {dag.py:3947} INFO - Setting next_dagrun for simple_airflow_dag to 2024-07-19 00:00:00+00:00, run_after=2024-07-20 00:00:00+00:00
[2024-07-19T06:20:13.634+0000] {processor.py:183} INFO - Processing /opt/airflow/dags/simple_dag.py took 0.608 seconds
[2024-07-19T06:20:44.330+0000] {processor.py:161} INFO - Started process (PID=7279) to work on /opt/airflow/dags/simple_dag.py
[2024-07-19T06:20:44.331+0000] {processor.py:830} INFO - Processing file /opt/airflow/dags/simple_dag.py for tasks to queue
[2024-07-19T06:20:44.333+0000] {logging_mixin.py:188} INFO - [2024-07-19T06:20:44.332+0000] {dagbag.py:545} INFO - Filling up the DagBag from /opt/airflow/dags/simple_dag.py
[2024-07-19T06:20:44.901+0000] {processor.py:840} INFO - DAG(s) 'simple_airflow_dag' retrieved from /opt/airflow/dags/simple_dag.py
[2024-07-19T06:20:44.923+0000] {logging_mixin.py:188} INFO - [2024-07-19T06:20:44.922+0000] {dag.py:3089} INFO - Sync 1 DAGs
[2024-07-19T06:20:44.942+0000] {logging_mixin.py:188} INFO - [2024-07-19T06:20:44.942+0000] {dag.py:3947} INFO - Setting next_dagrun for simple_airflow_dag to 2024-07-19 00:00:00+00:00, run_after=2024-07-20 00:00:00+00:00
[2024-07-19T06:20:44.961+0000] {processor.py:183} INFO - Processing /opt/airflow/dags/simple_dag.py took 0.640 seconds
[2024-07-19T06:21:15.113+0000] {processor.py:161} INFO - Started process (PID=7342) to work on /opt/airflow/dags/simple_dag.py
[2024-07-19T06:21:15.114+0000] {processor.py:830} INFO - Processing file /opt/airflow/dags/simple_dag.py for tasks to queue
[2024-07-19T06:21:15.115+0000] {logging_mixin.py:188} INFO - [2024-07-19T06:21:15.115+0000] {dagbag.py:545} INFO - Filling up the DagBag from /opt/airflow/dags/simple_dag.py
[2024-07-19T06:21:15.714+0000] {processor.py:840} INFO - DAG(s) 'simple_airflow_dag' retrieved from /opt/airflow/dags/simple_dag.py
[2024-07-19T06:21:15.735+0000] {logging_mixin.py:188} INFO - [2024-07-19T06:21:15.734+0000] {dag.py:3089} INFO - Sync 1 DAGs
[2024-07-19T06:21:15.754+0000] {logging_mixin.py:188} INFO - [2024-07-19T06:21:15.754+0000] {dag.py:3947} INFO - Setting next_dagrun for simple_airflow_dag to 2024-07-19 00:00:00+00:00, run_after=2024-07-20 00:00:00+00:00
[2024-07-19T06:21:15.798+0000] {processor.py:183} INFO - Processing /opt/airflow/dags/simple_dag.py took 0.693 seconds
[2024-07-19T06:21:46.592+0000] {processor.py:161} INFO - Started process (PID=7404) to work on /opt/airflow/dags/simple_dag.py
[2024-07-19T06:21:46.593+0000] {processor.py:830} INFO - Processing file /opt/airflow/dags/simple_dag.py for tasks to queue
[2024-07-19T06:21:46.594+0000] {logging_mixin.py:188} INFO - [2024-07-19T06:21:46.594+0000] {dagbag.py:545} INFO - Filling up the DagBag from /opt/airflow/dags/simple_dag.py
[2024-07-19T06:21:47.200+0000] {processor.py:840} INFO - DAG(s) 'simple_airflow_dag' retrieved from /opt/airflow/dags/simple_dag.py
[2024-07-19T06:21:47.226+0000] {logging_mixin.py:188} INFO - [2024-07-19T06:21:47.226+0000] {dag.py:3089} INFO - Sync 1 DAGs
[2024-07-19T06:21:47.247+0000] {logging_mixin.py:188} INFO - [2024-07-19T06:21:47.247+0000] {dag.py:3947} INFO - Setting next_dagrun for simple_airflow_dag to 2024-07-19 00:00:00+00:00, run_after=2024-07-20 00:00:00+00:00
[2024-07-19T06:21:47.268+0000] {processor.py:183} INFO - Processing /opt/airflow/dags/simple_dag.py took 0.684 seconds
[2024-07-19T06:22:17.412+0000] {processor.py:161} INFO - Started process (PID=7467) to work on /opt/airflow/dags/simple_dag.py
[2024-07-19T06:22:17.413+0000] {processor.py:830} INFO - Processing file /opt/airflow/dags/simple_dag.py for tasks to queue
[2024-07-19T06:22:17.415+0000] {logging_mixin.py:188} INFO - [2024-07-19T06:22:17.414+0000] {dagbag.py:545} INFO - Filling up the DagBag from /opt/airflow/dags/simple_dag.py
[2024-07-19T06:22:18.016+0000] {processor.py:840} INFO - DAG(s) 'simple_airflow_dag' retrieved from /opt/airflow/dags/simple_dag.py
[2024-07-19T06:22:18.040+0000] {logging_mixin.py:188} INFO - [2024-07-19T06:22:18.039+0000] {dag.py:3089} INFO - Sync 1 DAGs
[2024-07-19T06:22:18.059+0000] {logging_mixin.py:188} INFO - [2024-07-19T06:22:18.059+0000] {dag.py:3947} INFO - Setting next_dagrun for simple_airflow_dag to 2024-07-19 00:00:00+00:00, run_after=2024-07-20 00:00:00+00:00
[2024-07-19T06:22:18.080+0000] {processor.py:183} INFO - Processing /opt/airflow/dags/simple_dag.py took 0.676 seconds
[2024-07-19T06:22:49.026+0000] {processor.py:161} INFO - Started process (PID=7534) to work on /opt/airflow/dags/simple_dag.py
[2024-07-19T06:22:49.028+0000] {processor.py:830} INFO - Processing file /opt/airflow/dags/simple_dag.py for tasks to queue
[2024-07-19T06:22:49.030+0000] {logging_mixin.py:188} INFO - [2024-07-19T06:22:49.030+0000] {dagbag.py:545} INFO - Filling up the DagBag from /opt/airflow/dags/simple_dag.py
[2024-07-19T06:22:49.582+0000] {processor.py:840} INFO - DAG(s) 'simple_airflow_dag' retrieved from /opt/airflow/dags/simple_dag.py
[2024-07-19T06:22:49.605+0000] {logging_mixin.py:188} INFO - [2024-07-19T06:22:49.604+0000] {dag.py:3089} INFO - Sync 1 DAGs
[2024-07-19T06:22:49.626+0000] {logging_mixin.py:188} INFO - [2024-07-19T06:22:49.626+0000] {dag.py:3947} INFO - Setting next_dagrun for simple_airflow_dag to 2024-07-19 00:00:00+00:00, run_after=2024-07-20 00:00:00+00:00
[2024-07-19T06:22:49.650+0000] {processor.py:183} INFO - Processing /opt/airflow/dags/simple_dag.py took 0.632 seconds
[2024-07-19T06:23:19.774+0000] {processor.py:161} INFO - Started process (PID=7594) to work on /opt/airflow/dags/simple_dag.py
[2024-07-19T06:23:19.776+0000] {processor.py:830} INFO - Processing file /opt/airflow/dags/simple_dag.py for tasks to queue
[2024-07-19T06:23:19.777+0000] {logging_mixin.py:188} INFO - [2024-07-19T06:23:19.777+0000] {dagbag.py:545} INFO - Filling up the DagBag from /opt/airflow/dags/simple_dag.py
[2024-07-19T06:23:20.305+0000] {processor.py:840} INFO - DAG(s) 'simple_airflow_dag' retrieved from /opt/airflow/dags/simple_dag.py
[2024-07-19T06:23:20.326+0000] {logging_mixin.py:188} INFO - [2024-07-19T06:23:20.326+0000] {dag.py:3089} INFO - Sync 1 DAGs
[2024-07-19T06:23:20.346+0000] {logging_mixin.py:188} INFO - [2024-07-19T06:23:20.346+0000] {dag.py:3947} INFO - Setting next_dagrun for simple_airflow_dag to 2024-07-19 00:00:00+00:00, run_after=2024-07-20 00:00:00+00:00
[2024-07-19T06:23:20.365+0000] {processor.py:183} INFO - Processing /opt/airflow/dags/simple_dag.py took 0.600 seconds
[2024-07-19T06:23:50.480+0000] {processor.py:161} INFO - Started process (PID=7653) to work on /opt/airflow/dags/simple_dag.py
[2024-07-19T06:23:50.481+0000] {processor.py:830} INFO - Processing file /opt/airflow/dags/simple_dag.py for tasks to queue
[2024-07-19T06:23:50.484+0000] {logging_mixin.py:188} INFO - [2024-07-19T06:23:50.483+0000] {dagbag.py:545} INFO - Filling up the DagBag from /opt/airflow/dags/simple_dag.py
[2024-07-19T06:23:50.996+0000] {processor.py:840} INFO - DAG(s) 'simple_airflow_dag' retrieved from /opt/airflow/dags/simple_dag.py
[2024-07-19T06:23:51.018+0000] {logging_mixin.py:188} INFO - [2024-07-19T06:23:51.017+0000] {dag.py:3089} INFO - Sync 1 DAGs
[2024-07-19T06:23:51.037+0000] {logging_mixin.py:188} INFO - [2024-07-19T06:23:51.037+0000] {dag.py:3947} INFO - Setting next_dagrun for simple_airflow_dag to 2024-07-19 00:00:00+00:00, run_after=2024-07-20 00:00:00+00:00
[2024-07-19T06:23:51.057+0000] {processor.py:183} INFO - Processing /opt/airflow/dags/simple_dag.py took 0.589 seconds
[2024-07-19T06:24:21.550+0000] {processor.py:161} INFO - Started process (PID=7714) to work on /opt/airflow/dags/simple_dag.py
[2024-07-19T06:24:21.551+0000] {processor.py:830} INFO - Processing file /opt/airflow/dags/simple_dag.py for tasks to queue
[2024-07-19T06:24:21.552+0000] {logging_mixin.py:188} INFO - [2024-07-19T06:24:21.552+0000] {dagbag.py:545} INFO - Filling up the DagBag from /opt/airflow/dags/simple_dag.py
[2024-07-19T06:24:22.122+0000] {processor.py:840} INFO - DAG(s) 'simple_airflow_dag' retrieved from /opt/airflow/dags/simple_dag.py
[2024-07-19T06:24:22.143+0000] {logging_mixin.py:188} INFO - [2024-07-19T06:24:22.143+0000] {dag.py:3089} INFO - Sync 1 DAGs
[2024-07-19T06:24:22.164+0000] {logging_mixin.py:188} INFO - [2024-07-19T06:24:22.164+0000] {dag.py:3947} INFO - Setting next_dagrun for simple_airflow_dag to 2024-07-19 00:00:00+00:00, run_after=2024-07-20 00:00:00+00:00
[2024-07-19T06:24:22.182+0000] {processor.py:183} INFO - Processing /opt/airflow/dags/simple_dag.py took 0.640 seconds
[2024-07-19T06:24:52.861+0000] {processor.py:161} INFO - Started process (PID=7774) to work on /opt/airflow/dags/simple_dag.py
[2024-07-19T06:24:52.863+0000] {processor.py:830} INFO - Processing file /opt/airflow/dags/simple_dag.py for tasks to queue
[2024-07-19T06:24:52.864+0000] {logging_mixin.py:188} INFO - [2024-07-19T06:24:52.864+0000] {dagbag.py:545} INFO - Filling up the DagBag from /opt/airflow/dags/simple_dag.py
[2024-07-19T06:24:53.398+0000] {processor.py:840} INFO - DAG(s) 'simple_airflow_dag' retrieved from /opt/airflow/dags/simple_dag.py
[2024-07-19T06:24:53.418+0000] {logging_mixin.py:188} INFO - [2024-07-19T06:24:53.417+0000] {dag.py:3089} INFO - Sync 1 DAGs
[2024-07-19T06:24:53.434+0000] {logging_mixin.py:188} INFO - [2024-07-19T06:24:53.434+0000] {dag.py:3947} INFO - Setting next_dagrun for simple_airflow_dag to 2024-07-19 00:00:00+00:00, run_after=2024-07-20 00:00:00+00:00
[2024-07-19T06:24:53.455+0000] {processor.py:183} INFO - Processing /opt/airflow/dags/simple_dag.py took 0.602 seconds
[2024-07-19T06:25:24.296+0000] {processor.py:161} INFO - Started process (PID=7834) to work on /opt/airflow/dags/simple_dag.py
[2024-07-19T06:25:24.297+0000] {processor.py:830} INFO - Processing file /opt/airflow/dags/simple_dag.py for tasks to queue
[2024-07-19T06:25:24.298+0000] {logging_mixin.py:188} INFO - [2024-07-19T06:25:24.298+0000] {dagbag.py:545} INFO - Filling up the DagBag from /opt/airflow/dags/simple_dag.py
[2024-07-19T06:25:24.816+0000] {processor.py:840} INFO - DAG(s) 'simple_airflow_dag' retrieved from /opt/airflow/dags/simple_dag.py
[2024-07-19T06:25:24.837+0000] {logging_mixin.py:188} INFO - [2024-07-19T06:25:24.837+0000] {dag.py:3089} INFO - Sync 1 DAGs
[2024-07-19T06:25:24.859+0000] {logging_mixin.py:188} INFO - [2024-07-19T06:25:24.859+0000] {dag.py:3947} INFO - Setting next_dagrun for simple_airflow_dag to 2024-07-19 00:00:00+00:00, run_after=2024-07-20 00:00:00+00:00
[2024-07-19T06:25:24.879+0000] {processor.py:183} INFO - Processing /opt/airflow/dags/simple_dag.py took 0.590 seconds
[2024-07-19T06:25:55.684+0000] {processor.py:161} INFO - Started process (PID=7894) to work on /opt/airflow/dags/simple_dag.py
[2024-07-19T06:25:55.686+0000] {processor.py:830} INFO - Processing file /opt/airflow/dags/simple_dag.py for tasks to queue
[2024-07-19T06:25:55.687+0000] {logging_mixin.py:188} INFO - [2024-07-19T06:25:55.687+0000] {dagbag.py:545} INFO - Filling up the DagBag from /opt/airflow/dags/simple_dag.py
[2024-07-19T06:25:56.232+0000] {processor.py:840} INFO - DAG(s) 'simple_airflow_dag' retrieved from /opt/airflow/dags/simple_dag.py
[2024-07-19T06:25:56.252+0000] {logging_mixin.py:188} INFO - [2024-07-19T06:25:56.251+0000] {dag.py:3089} INFO - Sync 1 DAGs
[2024-07-19T06:25:56.269+0000] {logging_mixin.py:188} INFO - [2024-07-19T06:25:56.269+0000] {dag.py:3947} INFO - Setting next_dagrun for simple_airflow_dag to 2024-07-19 00:00:00+00:00, run_after=2024-07-20 00:00:00+00:00
[2024-07-19T06:25:56.287+0000] {processor.py:183} INFO - Processing /opt/airflow/dags/simple_dag.py took 0.613 seconds
[2024-07-19T06:26:27.208+0000] {processor.py:161} INFO - Started process (PID=7954) to work on /opt/airflow/dags/simple_dag.py
[2024-07-19T06:26:27.209+0000] {processor.py:830} INFO - Processing file /opt/airflow/dags/simple_dag.py for tasks to queue
[2024-07-19T06:26:27.211+0000] {logging_mixin.py:188} INFO - [2024-07-19T06:26:27.211+0000] {dagbag.py:545} INFO - Filling up the DagBag from /opt/airflow/dags/simple_dag.py
[2024-07-19T06:26:27.740+0000] {processor.py:840} INFO - DAG(s) 'simple_airflow_dag' retrieved from /opt/airflow/dags/simple_dag.py
[2024-07-19T06:26:27.761+0000] {logging_mixin.py:188} INFO - [2024-07-19T06:26:27.760+0000] {dag.py:3089} INFO - Sync 1 DAGs
[2024-07-19T06:26:27.784+0000] {logging_mixin.py:188} INFO - [2024-07-19T06:26:27.783+0000] {dag.py:3947} INFO - Setting next_dagrun for simple_airflow_dag to 2024-07-19 00:00:00+00:00, run_after=2024-07-20 00:00:00+00:00
[2024-07-19T06:26:27.805+0000] {processor.py:183} INFO - Processing /opt/airflow/dags/simple_dag.py took 0.606 seconds
[2024-07-19T06:26:58.310+0000] {processor.py:161} INFO - Started process (PID=8014) to work on /opt/airflow/dags/simple_dag.py
[2024-07-19T06:26:58.311+0000] {processor.py:830} INFO - Processing file /opt/airflow/dags/simple_dag.py for tasks to queue
[2024-07-19T06:26:58.312+0000] {logging_mixin.py:188} INFO - [2024-07-19T06:26:58.312+0000] {dagbag.py:545} INFO - Filling up the DagBag from /opt/airflow/dags/simple_dag.py
[2024-07-19T06:26:58.728+0000] {processor.py:840} INFO - DAG(s) 'simple_airflow_dag' retrieved from /opt/airflow/dags/simple_dag.py
[2024-07-19T06:26:58.743+0000] {logging_mixin.py:188} INFO - [2024-07-19T06:26:58.743+0000] {dag.py:3089} INFO - Sync 1 DAGs
[2024-07-19T06:26:58.757+0000] {logging_mixin.py:188} INFO - [2024-07-19T06:26:58.757+0000] {dag.py:3947} INFO - Setting next_dagrun for simple_airflow_dag to 2024-07-19 00:00:00+00:00, run_after=2024-07-20 00:00:00+00:00
[2024-07-19T06:26:58.770+0000] {processor.py:183} INFO - Processing /opt/airflow/dags/simple_dag.py took 0.466 seconds
[2024-07-19T06:27:29.218+0000] {processor.py:161} INFO - Started process (PID=8074) to work on /opt/airflow/dags/simple_dag.py
[2024-07-19T06:27:29.219+0000] {processor.py:830} INFO - Processing file /opt/airflow/dags/simple_dag.py for tasks to queue
[2024-07-19T06:27:29.221+0000] {logging_mixin.py:188} INFO - [2024-07-19T06:27:29.220+0000] {dagbag.py:545} INFO - Filling up the DagBag from /opt/airflow/dags/simple_dag.py
[2024-07-19T06:27:29.669+0000] {processor.py:840} INFO - DAG(s) 'simple_airflow_dag' retrieved from /opt/airflow/dags/simple_dag.py
[2024-07-19T06:27:29.685+0000] {logging_mixin.py:188} INFO - [2024-07-19T06:27:29.684+0000] {dag.py:3089} INFO - Sync 1 DAGs
[2024-07-19T06:27:29.698+0000] {logging_mixin.py:188} INFO - [2024-07-19T06:27:29.698+0000] {dag.py:3947} INFO - Setting next_dagrun for simple_airflow_dag to 2024-07-19 00:00:00+00:00, run_after=2024-07-20 00:00:00+00:00
[2024-07-19T06:27:29.711+0000] {processor.py:183} INFO - Processing /opt/airflow/dags/simple_dag.py took 0.499 seconds
[2024-07-19T06:28:00.479+0000] {processor.py:161} INFO - Started process (PID=8134) to work on /opt/airflow/dags/simple_dag.py
[2024-07-19T06:28:00.481+0000] {processor.py:830} INFO - Processing file /opt/airflow/dags/simple_dag.py for tasks to queue
[2024-07-19T06:28:00.482+0000] {logging_mixin.py:188} INFO - [2024-07-19T06:28:00.482+0000] {dagbag.py:545} INFO - Filling up the DagBag from /opt/airflow/dags/simple_dag.py
[2024-07-19T06:28:01.027+0000] {processor.py:840} INFO - DAG(s) 'simple_airflow_dag' retrieved from /opt/airflow/dags/simple_dag.py
[2024-07-19T06:28:01.048+0000] {logging_mixin.py:188} INFO - [2024-07-19T06:28:01.048+0000] {dag.py:3089} INFO - Sync 1 DAGs
[2024-07-19T06:28:01.071+0000] {logging_mixin.py:188} INFO - [2024-07-19T06:28:01.070+0000] {dag.py:3947} INFO - Setting next_dagrun for simple_airflow_dag to 2024-07-19 00:00:00+00:00, run_after=2024-07-20 00:00:00+00:00
[2024-07-19T06:28:01.092+0000] {processor.py:183} INFO - Processing /opt/airflow/dags/simple_dag.py took 0.621 seconds
[2024-07-19T06:28:31.398+0000] {processor.py:161} INFO - Started process (PID=8194) to work on /opt/airflow/dags/simple_dag.py
[2024-07-19T06:28:31.399+0000] {processor.py:830} INFO - Processing file /opt/airflow/dags/simple_dag.py for tasks to queue
[2024-07-19T06:28:31.401+0000] {logging_mixin.py:188} INFO - [2024-07-19T06:28:31.400+0000] {dagbag.py:545} INFO - Filling up the DagBag from /opt/airflow/dags/simple_dag.py
[2024-07-19T06:28:31.941+0000] {processor.py:840} INFO - DAG(s) 'simple_airflow_dag' retrieved from /opt/airflow/dags/simple_dag.py
[2024-07-19T06:28:31.966+0000] {logging_mixin.py:188} INFO - [2024-07-19T06:28:31.966+0000] {dag.py:3089} INFO - Sync 1 DAGs
[2024-07-19T06:28:31.989+0000] {logging_mixin.py:188} INFO - [2024-07-19T06:28:31.989+0000] {dag.py:3947} INFO - Setting next_dagrun for simple_airflow_dag to 2024-07-19 00:00:00+00:00, run_after=2024-07-20 00:00:00+00:00
[2024-07-19T06:28:32.014+0000] {processor.py:183} INFO - Processing /opt/airflow/dags/simple_dag.py took 0.624 seconds
[2024-07-19T06:29:02.883+0000] {processor.py:161} INFO - Started process (PID=8254) to work on /opt/airflow/dags/simple_dag.py
[2024-07-19T06:29:02.885+0000] {processor.py:830} INFO - Processing file /opt/airflow/dags/simple_dag.py for tasks to queue
[2024-07-19T06:29:02.886+0000] {logging_mixin.py:188} INFO - [2024-07-19T06:29:02.886+0000] {dagbag.py:545} INFO - Filling up the DagBag from /opt/airflow/dags/simple_dag.py
[2024-07-19T06:29:03.402+0000] {processor.py:840} INFO - DAG(s) 'simple_airflow_dag' retrieved from /opt/airflow/dags/simple_dag.py
[2024-07-19T06:29:03.420+0000] {logging_mixin.py:188} INFO - [2024-07-19T06:29:03.419+0000] {dag.py:3089} INFO - Sync 1 DAGs
[2024-07-19T06:29:03.437+0000] {logging_mixin.py:188} INFO - [2024-07-19T06:29:03.437+0000] {dag.py:3947} INFO - Setting next_dagrun for simple_airflow_dag to 2024-07-19 00:00:00+00:00, run_after=2024-07-20 00:00:00+00:00
[2024-07-19T06:29:03.453+0000] {processor.py:183} INFO - Processing /opt/airflow/dags/simple_dag.py took 0.576 seconds
[2024-07-19T06:29:33.573+0000] {processor.py:161} INFO - Started process (PID=8314) to work on /opt/airflow/dags/simple_dag.py
[2024-07-19T06:29:33.575+0000] {processor.py:830} INFO - Processing file /opt/airflow/dags/simple_dag.py for tasks to queue
[2024-07-19T06:29:33.577+0000] {logging_mixin.py:188} INFO - [2024-07-19T06:29:33.576+0000] {dagbag.py:545} INFO - Filling up the DagBag from /opt/airflow/dags/simple_dag.py
[2024-07-19T06:29:34.105+0000] {processor.py:840} INFO - DAG(s) 'simple_airflow_dag' retrieved from /opt/airflow/dags/simple_dag.py
[2024-07-19T06:29:34.130+0000] {logging_mixin.py:188} INFO - [2024-07-19T06:29:34.130+0000] {dag.py:3089} INFO - Sync 1 DAGs
[2024-07-19T06:29:34.150+0000] {logging_mixin.py:188} INFO - [2024-07-19T06:29:34.150+0000] {dag.py:3947} INFO - Setting next_dagrun for simple_airflow_dag to 2024-07-19 00:00:00+00:00, run_after=2024-07-20 00:00:00+00:00
[2024-07-19T06:29:34.167+0000] {processor.py:183} INFO - Processing /opt/airflow/dags/simple_dag.py took 0.603 seconds
[2024-07-19T06:30:04.416+0000] {processor.py:161} INFO - Started process (PID=8374) to work on /opt/airflow/dags/simple_dag.py
[2024-07-19T06:30:04.417+0000] {processor.py:830} INFO - Processing file /opt/airflow/dags/simple_dag.py for tasks to queue
[2024-07-19T06:30:04.419+0000] {logging_mixin.py:188} INFO - [2024-07-19T06:30:04.419+0000] {dagbag.py:545} INFO - Filling up the DagBag from /opt/airflow/dags/simple_dag.py
[2024-07-19T06:30:05.064+0000] {processor.py:840} INFO - DAG(s) 'simple_airflow_dag' retrieved from /opt/airflow/dags/simple_dag.py
[2024-07-19T06:30:05.094+0000] {logging_mixin.py:188} INFO - [2024-07-19T06:30:05.093+0000] {dag.py:3089} INFO - Sync 1 DAGs
[2024-07-19T06:30:05.114+0000] {logging_mixin.py:188} INFO - [2024-07-19T06:30:05.114+0000] {dag.py:3947} INFO - Setting next_dagrun for simple_airflow_dag to 2024-07-19 00:00:00+00:00, run_after=2024-07-20 00:00:00+00:00
[2024-07-19T06:30:05.133+0000] {processor.py:183} INFO - Processing /opt/airflow/dags/simple_dag.py took 0.724 seconds
[2024-07-19T06:30:35.668+0000] {processor.py:161} INFO - Started process (PID=8440) to work on /opt/airflow/dags/simple_dag.py
[2024-07-19T06:30:35.670+0000] {processor.py:830} INFO - Processing file /opt/airflow/dags/simple_dag.py for tasks to queue
[2024-07-19T06:30:35.672+0000] {logging_mixin.py:188} INFO - [2024-07-19T06:30:35.671+0000] {dagbag.py:545} INFO - Filling up the DagBag from /opt/airflow/dags/simple_dag.py
[2024-07-19T06:30:36.196+0000] {processor.py:840} INFO - DAG(s) 'simple_airflow_dag' retrieved from /opt/airflow/dags/simple_dag.py
[2024-07-19T06:30:36.217+0000] {logging_mixin.py:188} INFO - [2024-07-19T06:30:36.217+0000] {dag.py:3089} INFO - Sync 1 DAGs
[2024-07-19T06:30:36.235+0000] {logging_mixin.py:188} INFO - [2024-07-19T06:30:36.235+0000] {dag.py:3947} INFO - Setting next_dagrun for simple_airflow_dag to 2024-07-19 00:00:00+00:00, run_after=2024-07-20 00:00:00+00:00
[2024-07-19T06:30:36.252+0000] {processor.py:183} INFO - Processing /opt/airflow/dags/simple_dag.py took 0.592 seconds
[2024-07-19T06:31:07.061+0000] {processor.py:161} INFO - Started process (PID=8500) to work on /opt/airflow/dags/simple_dag.py
[2024-07-19T06:31:07.062+0000] {processor.py:830} INFO - Processing file /opt/airflow/dags/simple_dag.py for tasks to queue
[2024-07-19T06:31:07.064+0000] {logging_mixin.py:188} INFO - [2024-07-19T06:31:07.063+0000] {dagbag.py:545} INFO - Filling up the DagBag from /opt/airflow/dags/simple_dag.py
[2024-07-19T06:31:07.635+0000] {processor.py:840} INFO - DAG(s) 'simple_airflow_dag' retrieved from /opt/airflow/dags/simple_dag.py
[2024-07-19T06:31:07.654+0000] {logging_mixin.py:188} INFO - [2024-07-19T06:31:07.654+0000] {dag.py:3089} INFO - Sync 1 DAGs
[2024-07-19T06:31:07.672+0000] {logging_mixin.py:188} INFO - [2024-07-19T06:31:07.672+0000] {dag.py:3947} INFO - Setting next_dagrun for simple_airflow_dag to 2024-07-19 00:00:00+00:00, run_after=2024-07-20 00:00:00+00:00
[2024-07-19T06:31:07.690+0000] {processor.py:183} INFO - Processing /opt/airflow/dags/simple_dag.py took 0.637 seconds
[2024-07-19T06:31:37.901+0000] {processor.py:161} INFO - Started process (PID=8560) to work on /opt/airflow/dags/simple_dag.py
[2024-07-19T06:31:37.902+0000] {processor.py:830} INFO - Processing file /opt/airflow/dags/simple_dag.py for tasks to queue
[2024-07-19T06:31:37.903+0000] {logging_mixin.py:188} INFO - [2024-07-19T06:31:37.903+0000] {dagbag.py:545} INFO - Filling up the DagBag from /opt/airflow/dags/simple_dag.py
[2024-07-19T06:31:38.440+0000] {processor.py:840} INFO - DAG(s) 'simple_airflow_dag' retrieved from /opt/airflow/dags/simple_dag.py
[2024-07-19T06:31:38.459+0000] {logging_mixin.py:188} INFO - [2024-07-19T06:31:38.458+0000] {dag.py:3089} INFO - Sync 1 DAGs
[2024-07-19T06:31:38.478+0000] {logging_mixin.py:188} INFO - [2024-07-19T06:31:38.478+0000] {dag.py:3947} INFO - Setting next_dagrun for simple_airflow_dag to 2024-07-19 00:00:00+00:00, run_after=2024-07-20 00:00:00+00:00
[2024-07-19T06:31:38.500+0000] {processor.py:183} INFO - Processing /opt/airflow/dags/simple_dag.py took 0.607 seconds
[2024-07-19T06:32:08.641+0000] {processor.py:161} INFO - Started process (PID=8620) to work on /opt/airflow/dags/simple_dag.py
[2024-07-19T06:32:08.643+0000] {processor.py:830} INFO - Processing file /opt/airflow/dags/simple_dag.py for tasks to queue
[2024-07-19T06:32:08.644+0000] {logging_mixin.py:188} INFO - [2024-07-19T06:32:08.644+0000] {dagbag.py:545} INFO - Filling up the DagBag from /opt/airflow/dags/simple_dag.py
[2024-07-19T06:32:09.184+0000] {processor.py:840} INFO - DAG(s) 'simple_airflow_dag' retrieved from /opt/airflow/dags/simple_dag.py
[2024-07-19T06:32:09.205+0000] {logging_mixin.py:188} INFO - [2024-07-19T06:32:09.204+0000] {dag.py:3089} INFO - Sync 1 DAGs
[2024-07-19T06:32:09.224+0000] {logging_mixin.py:188} INFO - [2024-07-19T06:32:09.224+0000] {dag.py:3947} INFO - Setting next_dagrun for simple_airflow_dag to 2024-07-19 00:00:00+00:00, run_after=2024-07-20 00:00:00+00:00
[2024-07-19T06:32:09.243+0000] {processor.py:183} INFO - Processing /opt/airflow/dags/simple_dag.py took 0.612 seconds
[2024-07-19T06:32:39.462+0000] {processor.py:161} INFO - Started process (PID=8680) to work on /opt/airflow/dags/simple_dag.py
[2024-07-19T06:32:39.463+0000] {processor.py:830} INFO - Processing file /opt/airflow/dags/simple_dag.py for tasks to queue
[2024-07-19T06:32:39.465+0000] {logging_mixin.py:188} INFO - [2024-07-19T06:32:39.464+0000] {dagbag.py:545} INFO - Filling up the DagBag from /opt/airflow/dags/simple_dag.py
[2024-07-19T06:32:40.031+0000] {processor.py:840} INFO - DAG(s) 'simple_airflow_dag' retrieved from /opt/airflow/dags/simple_dag.py
[2024-07-19T06:32:40.051+0000] {logging_mixin.py:188} INFO - [2024-07-19T06:32:40.051+0000] {dag.py:3089} INFO - Sync 1 DAGs
[2024-07-19T06:32:40.069+0000] {logging_mixin.py:188} INFO - [2024-07-19T06:32:40.069+0000] {dag.py:3947} INFO - Setting next_dagrun for simple_airflow_dag to 2024-07-19 00:00:00+00:00, run_after=2024-07-20 00:00:00+00:00
[2024-07-19T06:32:40.087+0000] {processor.py:183} INFO - Processing /opt/airflow/dags/simple_dag.py took 0.633 seconds
[2024-07-19T06:33:10.331+0000] {processor.py:161} INFO - Started process (PID=8740) to work on /opt/airflow/dags/simple_dag.py
[2024-07-19T06:33:10.333+0000] {processor.py:830} INFO - Processing file /opt/airflow/dags/simple_dag.py for tasks to queue
[2024-07-19T06:33:10.334+0000] {logging_mixin.py:188} INFO - [2024-07-19T06:33:10.334+0000] {dagbag.py:545} INFO - Filling up the DagBag from /opt/airflow/dags/simple_dag.py
[2024-07-19T06:33:10.849+0000] {processor.py:840} INFO - DAG(s) 'simple_airflow_dag' retrieved from /opt/airflow/dags/simple_dag.py
[2024-07-19T06:33:10.872+0000] {logging_mixin.py:188} INFO - [2024-07-19T06:33:10.872+0000] {dag.py:3089} INFO - Sync 1 DAGs
[2024-07-19T06:33:10.892+0000] {logging_mixin.py:188} INFO - [2024-07-19T06:33:10.892+0000] {dag.py:3947} INFO - Setting next_dagrun for simple_airflow_dag to 2024-07-19 00:00:00+00:00, run_after=2024-07-20 00:00:00+00:00
[2024-07-19T06:33:10.911+0000] {processor.py:183} INFO - Processing /opt/airflow/dags/simple_dag.py took 0.588 seconds
[2024-07-19T06:33:41.701+0000] {processor.py:161} INFO - Started process (PID=8800) to work on /opt/airflow/dags/simple_dag.py
[2024-07-19T06:33:41.703+0000] {processor.py:830} INFO - Processing file /opt/airflow/dags/simple_dag.py for tasks to queue
[2024-07-19T06:33:41.704+0000] {logging_mixin.py:188} INFO - [2024-07-19T06:33:41.704+0000] {dagbag.py:545} INFO - Filling up the DagBag from /opt/airflow/dags/simple_dag.py
[2024-07-19T06:33:42.263+0000] {processor.py:840} INFO - DAG(s) 'simple_airflow_dag' retrieved from /opt/airflow/dags/simple_dag.py
[2024-07-19T06:33:42.284+0000] {logging_mixin.py:188} INFO - [2024-07-19T06:33:42.284+0000] {dag.py:3089} INFO - Sync 1 DAGs
[2024-07-19T06:33:42.302+0000] {logging_mixin.py:188} INFO - [2024-07-19T06:33:42.302+0000] {dag.py:3947} INFO - Setting next_dagrun for simple_airflow_dag to 2024-07-19 00:00:00+00:00, run_after=2024-07-20 00:00:00+00:00
[2024-07-19T06:33:42.320+0000] {processor.py:183} INFO - Processing /opt/airflow/dags/simple_dag.py took 0.626 seconds
[2024-07-19T06:34:12.422+0000] {processor.py:161} INFO - Started process (PID=8860) to work on /opt/airflow/dags/simple_dag.py
[2024-07-19T06:34:12.424+0000] {processor.py:830} INFO - Processing file /opt/airflow/dags/simple_dag.py for tasks to queue
[2024-07-19T06:34:12.428+0000] {logging_mixin.py:188} INFO - [2024-07-19T06:34:12.427+0000] {dagbag.py:545} INFO - Filling up the DagBag from /opt/airflow/dags/simple_dag.py
[2024-07-19T06:34:13.068+0000] {processor.py:840} INFO - DAG(s) 'simple_airflow_dag' retrieved from /opt/airflow/dags/simple_dag.py
[2024-07-19T06:34:13.090+0000] {logging_mixin.py:188} INFO - [2024-07-19T06:34:13.089+0000] {dag.py:3089} INFO - Sync 1 DAGs
[2024-07-19T06:34:13.110+0000] {logging_mixin.py:188} INFO - [2024-07-19T06:34:13.110+0000] {dag.py:3947} INFO - Setting next_dagrun for simple_airflow_dag to 2024-07-19 00:00:00+00:00, run_after=2024-07-20 00:00:00+00:00
[2024-07-19T06:34:13.130+0000] {processor.py:183} INFO - Processing /opt/airflow/dags/simple_dag.py took 0.718 seconds
[2024-07-19T06:34:43.316+0000] {processor.py:161} INFO - Started process (PID=8919) to work on /opt/airflow/dags/simple_dag.py
[2024-07-19T06:34:43.318+0000] {processor.py:830} INFO - Processing file /opt/airflow/dags/simple_dag.py for tasks to queue
[2024-07-19T06:34:43.319+0000] {logging_mixin.py:188} INFO - [2024-07-19T06:34:43.319+0000] {dagbag.py:545} INFO - Filling up the DagBag from /opt/airflow/dags/simple_dag.py
[2024-07-19T06:34:43.872+0000] {processor.py:840} INFO - DAG(s) 'simple_airflow_dag' retrieved from /opt/airflow/dags/simple_dag.py
[2024-07-19T06:34:43.900+0000] {logging_mixin.py:188} INFO - [2024-07-19T06:34:43.899+0000] {dag.py:3089} INFO - Sync 1 DAGs
[2024-07-19T06:34:43.934+0000] {logging_mixin.py:188} INFO - [2024-07-19T06:34:43.934+0000] {dag.py:3947} INFO - Setting next_dagrun for simple_airflow_dag to 2024-07-19 00:00:00+00:00, run_after=2024-07-20 00:00:00+00:00
[2024-07-19T06:34:43.960+0000] {processor.py:183} INFO - Processing /opt/airflow/dags/simple_dag.py took 0.653 seconds
[2024-07-19T06:35:14.586+0000] {processor.py:161} INFO - Started process (PID=8979) to work on /opt/airflow/dags/simple_dag.py
[2024-07-19T06:35:14.588+0000] {processor.py:830} INFO - Processing file /opt/airflow/dags/simple_dag.py for tasks to queue
[2024-07-19T06:35:14.590+0000] {logging_mixin.py:188} INFO - [2024-07-19T06:35:14.589+0000] {dagbag.py:545} INFO - Filling up the DagBag from /opt/airflow/dags/simple_dag.py
[2024-07-19T06:35:15.229+0000] {processor.py:840} INFO - DAG(s) 'simple_airflow_dag' retrieved from /opt/airflow/dags/simple_dag.py
[2024-07-19T06:35:15.254+0000] {logging_mixin.py:188} INFO - [2024-07-19T06:35:15.253+0000] {dag.py:3089} INFO - Sync 1 DAGs
[2024-07-19T06:35:15.278+0000] {logging_mixin.py:188} INFO - [2024-07-19T06:35:15.278+0000] {dag.py:3947} INFO - Setting next_dagrun for simple_airflow_dag to 2024-07-19 00:00:00+00:00, run_after=2024-07-20 00:00:00+00:00
[2024-07-19T06:35:15.317+0000] {processor.py:183} INFO - Processing /opt/airflow/dags/simple_dag.py took 0.739 seconds
[2024-07-19T06:35:45.496+0000] {processor.py:161} INFO - Started process (PID=9039) to work on /opt/airflow/dags/simple_dag.py
[2024-07-19T06:35:45.498+0000] {processor.py:830} INFO - Processing file /opt/airflow/dags/simple_dag.py for tasks to queue
[2024-07-19T06:35:45.500+0000] {logging_mixin.py:188} INFO - [2024-07-19T06:35:45.499+0000] {dagbag.py:545} INFO - Filling up the DagBag from /opt/airflow/dags/simple_dag.py
[2024-07-19T06:35:46.048+0000] {processor.py:840} INFO - DAG(s) 'simple_airflow_dag' retrieved from /opt/airflow/dags/simple_dag.py
[2024-07-19T06:35:46.071+0000] {logging_mixin.py:188} INFO - [2024-07-19T06:35:46.071+0000] {dag.py:3089} INFO - Sync 1 DAGs
[2024-07-19T06:35:46.097+0000] {logging_mixin.py:188} INFO - [2024-07-19T06:35:46.097+0000] {dag.py:3947} INFO - Setting next_dagrun for simple_airflow_dag to 2024-07-19 00:00:00+00:00, run_after=2024-07-20 00:00:00+00:00
[2024-07-19T06:35:46.120+0000] {processor.py:183} INFO - Processing /opt/airflow/dags/simple_dag.py took 0.632 seconds
[2024-07-19T06:36:16.914+0000] {processor.py:161} INFO - Started process (PID=9099) to work on /opt/airflow/dags/simple_dag.py
[2024-07-19T06:36:16.916+0000] {processor.py:830} INFO - Processing file /opt/airflow/dags/simple_dag.py for tasks to queue
[2024-07-19T06:36:16.918+0000] {logging_mixin.py:188} INFO - [2024-07-19T06:36:16.917+0000] {dagbag.py:545} INFO - Filling up the DagBag from /opt/airflow/dags/simple_dag.py
[2024-07-19T06:36:17.549+0000] {processor.py:840} INFO - DAG(s) 'simple_airflow_dag' retrieved from /opt/airflow/dags/simple_dag.py
[2024-07-19T06:36:17.570+0000] {logging_mixin.py:188} INFO - [2024-07-19T06:36:17.569+0000] {dag.py:3089} INFO - Sync 1 DAGs
[2024-07-19T06:36:17.593+0000] {logging_mixin.py:188} INFO - [2024-07-19T06:36:17.593+0000] {dag.py:3947} INFO - Setting next_dagrun for simple_airflow_dag to 2024-07-19 00:00:00+00:00, run_after=2024-07-20 00:00:00+00:00
[2024-07-19T06:36:17.615+0000] {processor.py:183} INFO - Processing /opt/airflow/dags/simple_dag.py took 0.711 seconds
[2024-07-19T06:36:48.473+0000] {processor.py:161} INFO - Started process (PID=9159) to work on /opt/airflow/dags/simple_dag.py
[2024-07-19T06:36:48.474+0000] {processor.py:830} INFO - Processing file /opt/airflow/dags/simple_dag.py for tasks to queue
[2024-07-19T06:36:48.476+0000] {logging_mixin.py:188} INFO - [2024-07-19T06:36:48.476+0000] {dagbag.py:545} INFO - Filling up the DagBag from /opt/airflow/dags/simple_dag.py
[2024-07-19T06:36:49.110+0000] {processor.py:840} INFO - DAG(s) 'simple_airflow_dag' retrieved from /opt/airflow/dags/simple_dag.py
[2024-07-19T06:36:49.134+0000] {logging_mixin.py:188} INFO - [2024-07-19T06:36:49.134+0000] {dag.py:3089} INFO - Sync 1 DAGs
[2024-07-19T06:36:49.159+0000] {logging_mixin.py:188} INFO - [2024-07-19T06:36:49.158+0000] {dag.py:3947} INFO - Setting next_dagrun for simple_airflow_dag to 2024-07-19 00:00:00+00:00, run_after=2024-07-20 00:00:00+00:00
[2024-07-19T06:36:49.180+0000] {processor.py:183} INFO - Processing /opt/airflow/dags/simple_dag.py took 0.719 seconds
[2024-07-19T06:37:19.461+0000] {processor.py:161} INFO - Started process (PID=9219) to work on /opt/airflow/dags/simple_dag.py
[2024-07-19T06:37:19.464+0000] {processor.py:830} INFO - Processing file /opt/airflow/dags/simple_dag.py for tasks to queue
[2024-07-19T06:37:19.466+0000] {logging_mixin.py:188} INFO - [2024-07-19T06:37:19.465+0000] {dagbag.py:545} INFO - Filling up the DagBag from /opt/airflow/dags/simple_dag.py
[2024-07-19T06:37:19.989+0000] {processor.py:840} INFO - DAG(s) 'simple_airflow_dag' retrieved from /opt/airflow/dags/simple_dag.py
[2024-07-19T06:37:20.008+0000] {logging_mixin.py:188} INFO - [2024-07-19T06:37:20.008+0000] {dag.py:3089} INFO - Sync 1 DAGs
[2024-07-19T06:37:20.025+0000] {logging_mixin.py:188} INFO - [2024-07-19T06:37:20.025+0000] {dag.py:3947} INFO - Setting next_dagrun for simple_airflow_dag to 2024-07-19 00:00:00+00:00, run_after=2024-07-20 00:00:00+00:00
[2024-07-19T06:37:20.043+0000] {processor.py:183} INFO - Processing /opt/airflow/dags/simple_dag.py took 0.593 seconds
[2024-07-19T06:37:50.896+0000] {processor.py:161} INFO - Started process (PID=9280) to work on /opt/airflow/dags/simple_dag.py
[2024-07-19T06:37:50.897+0000] {processor.py:830} INFO - Processing file /opt/airflow/dags/simple_dag.py for tasks to queue
[2024-07-19T06:37:50.898+0000] {logging_mixin.py:188} INFO - [2024-07-19T06:37:50.898+0000] {dagbag.py:545} INFO - Filling up the DagBag from /opt/airflow/dags/simple_dag.py
[2024-07-19T06:37:51.431+0000] {processor.py:840} INFO - DAG(s) 'simple_airflow_dag' retrieved from /opt/airflow/dags/simple_dag.py
[2024-07-19T06:37:51.449+0000] {logging_mixin.py:188} INFO - [2024-07-19T06:37:51.449+0000] {dag.py:3089} INFO - Sync 1 DAGs
[2024-07-19T06:37:51.465+0000] {logging_mixin.py:188} INFO - [2024-07-19T06:37:51.465+0000] {dag.py:3947} INFO - Setting next_dagrun for simple_airflow_dag to 2024-07-19 00:00:00+00:00, run_after=2024-07-20 00:00:00+00:00
[2024-07-19T06:37:51.483+0000] {processor.py:183} INFO - Processing /opt/airflow/dags/simple_dag.py took 0.594 seconds
[2024-07-19T06:38:22.029+0000] {processor.py:161} INFO - Started process (PID=9340) to work on /opt/airflow/dags/simple_dag.py
[2024-07-19T06:38:22.031+0000] {processor.py:830} INFO - Processing file /opt/airflow/dags/simple_dag.py for tasks to queue
[2024-07-19T06:38:22.032+0000] {logging_mixin.py:188} INFO - [2024-07-19T06:38:22.032+0000] {dagbag.py:545} INFO - Filling up the DagBag from /opt/airflow/dags/simple_dag.py
[2024-07-19T06:38:22.492+0000] {processor.py:840} INFO - DAG(s) 'simple_airflow_dag' retrieved from /opt/airflow/dags/simple_dag.py
[2024-07-19T06:38:22.514+0000] {logging_mixin.py:188} INFO - [2024-07-19T06:38:22.514+0000] {dag.py:3089} INFO - Sync 1 DAGs
[2024-07-19T06:38:22.538+0000] {logging_mixin.py:188} INFO - [2024-07-19T06:38:22.537+0000] {dag.py:3947} INFO - Setting next_dagrun for simple_airflow_dag to 2024-07-19 00:00:00+00:00, run_after=2024-07-20 00:00:00+00:00
[2024-07-19T06:38:22.558+0000] {processor.py:183} INFO - Processing /opt/airflow/dags/simple_dag.py took 0.538 seconds
[2024-07-19T06:38:53.496+0000] {processor.py:161} INFO - Started process (PID=9402) to work on /opt/airflow/dags/simple_dag.py
[2024-07-19T06:38:53.497+0000] {processor.py:830} INFO - Processing file /opt/airflow/dags/simple_dag.py for tasks to queue
[2024-07-19T06:38:53.499+0000] {logging_mixin.py:188} INFO - [2024-07-19T06:38:53.498+0000] {dagbag.py:545} INFO - Filling up the DagBag from /opt/airflow/dags/simple_dag.py
[2024-07-19T06:38:54.220+0000] {processor.py:840} INFO - DAG(s) 'simple_airflow_dag' retrieved from /opt/airflow/dags/simple_dag.py
[2024-07-19T06:38:54.243+0000] {logging_mixin.py:188} INFO - [2024-07-19T06:38:54.242+0000] {dag.py:3089} INFO - Sync 1 DAGs
[2024-07-19T06:38:54.264+0000] {logging_mixin.py:188} INFO - [2024-07-19T06:38:54.264+0000] {dag.py:3947} INFO - Setting next_dagrun for simple_airflow_dag to 2024-07-19 00:00:00+00:00, run_after=2024-07-20 00:00:00+00:00
[2024-07-19T06:38:54.286+0000] {processor.py:183} INFO - Processing /opt/airflow/dags/simple_dag.py took 0.801 seconds
